<?xml version="1.0" encoding="utf-8" standalone="no"?>
<test-run id="2" testcasecount="712" result="Passed" total="157" passed="157" failed="0" inconclusive="0" skipped="0" asserts="4681" engine-version="3.4.1.0" clr-version="4.0.30319.42000" start-time="2024-01-04 04:53:59Z" end-time="2024-01-04 04:53:59Z" duration="0.444536">
  <command-line><![CDATA[/usr/lib/nunit3/nunit3-console.exe build/Debug/tests/tests.dll --where=Category!=Load]]></command-line>
  <filter>
    <not>
      <prop name="Category">Load</prop>
    </not>
  </filter>
  <test-suite type="Assembly" id="0-1740" name="tests.dll" fullname="/home/data/repos/github.com/aynurin/maze-gen/build/Debug/tests/tests.dll" runstate="Runnable" testcasecount="712" result="Passed" start-time="2024-01-04T04:53:59.3595260Z" end-time="2024-01-04T04:53:59.7786780Z" duration="0.419051" total="157" passed="157" failed="0" warnings="0" inconclusive="0" skipped="0" asserts="4681">
    <environment framework-version="3.14.0.0" clr-version="4.0.30319.42000" os-version="Unix 6.1.69.1" platform="Unix" cwd="/home/data/repos/github.com/aynurin/maze-gen" machine-name="lightview" user="shav" user-domain="lightview" culture="en-US" uiculture="en-US" os-architecture="x64" />
    <settings>
      <setting name="WorkDirectory" value="/home/data/repos/github.com/aynurin/maze-gen" />
      <setting name="ImageRuntimeVersion" value="4.0.30319" />
      <setting name="ImageTargetFrameworkName" value=".NETFramework,Version=v4.7" />
      <setting name="ImageRequiresX86" value="False" />
      <setting name="ImageRequiresDefaultAppDomainAssemblyResolver" value="False" />
      <setting name="NumberOfTestWorkers" value="24" />
    </settings>
    <properties>
      <property name="_PID" value="51138" />
      <property name="_APPDOMAIN" value="test-domain-" />
    </properties>
    <test-suite type="SetUpFixture" id="0-1003" name="[default namespace]" fullname="SetUpTests" classname="SetUpTests" runstate="Runnable" testcasecount="712" result="Passed" start-time="2024-01-04T04:53:59.3644150Z" end-time="2024-01-04T04:53:59.7786680Z" duration="0.414253" total="157" passed="157" failed="0" warnings="0" inconclusive="0" skipped="0" asserts="4681">
      <properties />
      <test-suite type="TestSuite" id="0-1741" name="PlayersWorlds" fullname="PlayersWorlds" runstate="Runnable" testcasecount="710" result="Passed" start-time="2024-01-04T04:53:59.3664240Z" end-time="2024-01-04T04:53:59.7678850Z" duration="0.401461" total="155" passed="155" failed="0" warnings="0" inconclusive="0" skipped="0" asserts="629">
        <properties />
        <test-suite type="TestSuite" id="0-1742" name="Maps" fullname="PlayersWorlds.Maps" runstate="Runnable" testcasecount="710" result="Passed" start-time="2024-01-04T04:53:59.3664830Z" end-time="2024-01-04T04:53:59.7678800Z" duration="0.401397" total="155" passed="155" failed="0" warnings="0" inconclusive="0" skipped="0" asserts="629">
          <properties />
          <test-suite type="TestSuite" id="0-1744" name="Areas" fullname="PlayersWorlds.Maps.Areas" runstate="Runnable" testcasecount="113" result="Passed" start-time="2024-01-04T04:53:59.3664900Z" end-time="2024-01-04T04:53:59.5383440Z" duration="0.171854" total="62" passed="62" failed="0" warnings="0" inconclusive="0" skipped="0" asserts="193">
            <properties />
            <test-suite type="TestSuite" id="0-1745" name="Evolving" fullname="PlayersWorlds.Maps.Areas.Evolving" runstate="Runnable" testcasecount="109" result="Passed" start-time="2024-01-04T04:53:59.3664960Z" end-time="2024-01-04T04:53:59.5372100Z" duration="0.170715" total="58" passed="58" failed="0" warnings="0" inconclusive="0" skipped="0" asserts="175">
              <properties />
              <test-suite type="TestFixture" id="0-1624" name="AreaDistributorTest" fullname="PlayersWorlds.Maps.Areas.Evolving.AreaDistributorTest" classname="PlayersWorlds.Maps.Areas.Evolving.AreaDistributorTest" runstate="Runnable" testcasecount="73" result="Passed" start-time="2024-01-04T04:53:59.3665160Z" end-time="2024-01-04T04:53:59.4340120Z" duration="0.067496" total="23" passed="23" failed="0" warnings="0" inconclusive="0" skipped="0" asserts="46">
                <properties />
                <test-case id="0-1625" name="AreaDistributorTest_OneTest" fullname="PlayersWorlds.Maps.Areas.Evolving.AreaDistributorTest.AreaDistributorTest_OneTest" methodname="AreaDistributorTest_OneTest" classname="PlayersWorlds.Maps.Areas.Evolving.AreaDistributorTest" runstate="Runnable" seed="1941528631" result="Passed" start-time="2024-01-04T04:53:59.3665730Z" end-time="2024-01-04T04:53:59.4025070Z" duration="0.035997" asserts="2">
                  <properties />
                </test-case>
                <test-suite type="ParameterizedMethod" id="0-1638" name="AreaDistributorTest_OverlapTwo" fullname="PlayersWorlds.Maps.Areas.Evolving.AreaDistributorTest.AreaDistributorTest_OverlapTwo" classname="PlayersWorlds.Maps.Areas.Evolving.AreaDistributorTest" runstate="Runnable" testcasecount="10" result="Passed" start-time="2024-01-04T04:53:59.4037410Z" end-time="2024-01-04T04:53:59.4218660Z" duration="0.018125" total="10" passed="10" failed="0" warnings="0" inconclusive="0" skipped="0" asserts="20">
                  <properties />
                  <test-case id="0-1628" name="AreaDistributorTest_OverlapTwo(&quot;11x11: P2x2;S4x4 P5x5;S4x4&quot;)" fullname="PlayersWorlds.Maps.Areas.Evolving.AreaDistributorTest.AreaDistributorTest_OverlapTwo(&quot;11x11: P2x2;S4x4 P5x5;S4x4&quot;)" methodname="AreaDistributorTest_OverlapTwo" classname="PlayersWorlds.Maps.Areas.Evolving.AreaDistributorTest" runstate="Runnable" seed="604314091" result="Passed" start-time="2024-01-04T04:53:59.4038170Z" end-time="2024-01-04T04:53:59.4094250Z" duration="0.005608" asserts="2">
                    <properties />
                  </test-case>
                  <test-case id="0-1629" name="AreaDistributorTest_OverlapTwo(&quot;11x11: P5x2;S4x4 P2x5;S4x4&quot;)" fullname="PlayersWorlds.Maps.Areas.Evolving.AreaDistributorTest.AreaDistributorTest_OverlapTwo(&quot;11x11: P5x2;S4x4 P2x5;S4x4&quot;)" methodname="AreaDistributorTest_OverlapTwo" classname="PlayersWorlds.Maps.Areas.Evolving.AreaDistributorTest" runstate="Runnable" seed="2052363622" result="Passed" start-time="2024-01-04T04:53:59.4094330Z" end-time="2024-01-04T04:53:59.4104460Z" duration="0.001014" asserts="2">
                    <properties />
                  </test-case>
                  <test-case id="0-1630" name="AreaDistributorTest_OverlapTwo(&quot;11x11: P2x5;S4x4 P5x2;S4x4&quot;)" fullname="PlayersWorlds.Maps.Areas.Evolving.AreaDistributorTest.AreaDistributorTest_OverlapTwo(&quot;11x11: P2x5;S4x4 P5x2;S4x4&quot;)" methodname="AreaDistributorTest_OverlapTwo" classname="PlayersWorlds.Maps.Areas.Evolving.AreaDistributorTest" runstate="Runnable" seed="527021140" result="Passed" start-time="2024-01-04T04:53:59.4104530Z" end-time="2024-01-04T04:53:59.4114730Z" duration="0.001021" asserts="2">
                    <properties />
                  </test-case>
                  <test-case id="0-1631" name="AreaDistributorTest_OverlapTwo(&quot;11x11: P5x5;S4x4 P2x2;S4x4&quot;)" fullname="PlayersWorlds.Maps.Areas.Evolving.AreaDistributorTest.AreaDistributorTest_OverlapTwo(&quot;11x11: P5x5;S4x4 P2x2;S4x4&quot;)" methodname="AreaDistributorTest_OverlapTwo" classname="PlayersWorlds.Maps.Areas.Evolving.AreaDistributorTest" runstate="Runnable" seed="1787664780" result="Passed" start-time="2024-01-04T04:53:59.4114800Z" end-time="2024-01-04T04:53:59.4136230Z" duration="0.002144" asserts="2">
                    <properties />
                  </test-case>
                  <test-case id="0-1632" name="AreaDistributorTest_OverlapTwo(&quot;11x11: P4x4;S4x4 P3x3;S4x4&quot;)" fullname="PlayersWorlds.Maps.Areas.Evolving.AreaDistributorTest.AreaDistributorTest_OverlapTwo(&quot;11x11: P4x4;S4x4 P3x3;S4x4&quot;)" methodname="AreaDistributorTest_OverlapTwo" classname="PlayersWorlds.Maps.Areas.Evolving.AreaDistributorTest" runstate="Runnable" seed="116491715" result="Passed" start-time="2024-01-04T04:53:59.4136300Z" end-time="2024-01-04T04:53:59.4146510Z" duration="0.001021" asserts="2">
                    <properties />
                  </test-case>
                  <test-case id="0-1633" name="AreaDistributorTest_OverlapTwo(&quot;11x11: P4x3;S4x4 P3x4;S4x4&quot;)" fullname="PlayersWorlds.Maps.Areas.Evolving.AreaDistributorTest.AreaDistributorTest_OverlapTwo(&quot;11x11: P4x3;S4x4 P3x4;S4x4&quot;)" methodname="AreaDistributorTest_OverlapTwo" classname="PlayersWorlds.Maps.Areas.Evolving.AreaDistributorTest" runstate="Runnable" seed="1270223233" result="Passed" start-time="2024-01-04T04:53:59.4146580Z" end-time="2024-01-04T04:53:59.4156570Z" duration="0.001000" asserts="2">
                    <properties />
                  </test-case>
                  <test-case id="0-1634" name="AreaDistributorTest_OverlapTwo(&quot;11x11: P3.5x3.5;S4x4 P3.5x3.5;S4x4&quot;)" fullname="PlayersWorlds.Maps.Areas.Evolving.AreaDistributorTest.AreaDistributorTest_OverlapTwo(&quot;11x11: P3.5x3.5;S4x4 P3.5x3.5;S4x4&quot;)" methodname="AreaDistributorTest_OverlapTwo" classname="PlayersWorlds.Maps.Areas.Evolving.AreaDistributorTest" runstate="Runnable" seed="2007457242" result="Passed" start-time="2024-01-04T04:53:59.4156630Z" end-time="2024-01-04T04:53:59.4177090Z" duration="0.002046" asserts="2">
                    <properties />
                  </test-case>
                  <test-case id="0-1635" name="AreaDistributorTest_OverlapTwo(&quot;16x16: P4x4;S8x8 P5x9;S2x2&quot;)" fullname="PlayersWorlds.Maps.Areas.Evolving.AreaDistributorTest.AreaDistributorTest_OverlapTwo(&quot;16x16: P4x4;S8x8 P5x9;S2x2&quot;)" methodname="AreaDistributorTest_OverlapTwo" classname="PlayersWorlds.Maps.Areas.Evolving.AreaDistributorTest" runstate="Runnable" seed="688796515" result="Passed" start-time="2024-01-04T04:53:59.4177160Z" end-time="2024-01-04T04:53:59.4188300Z" duration="0.001114" asserts="2">
                    <properties />
                  </test-case>
                  <test-case id="0-1636" name="AreaDistributorTest_OverlapTwo(&quot;16x16: P4x4;S8x8 P5x7;S4x4&quot;)" fullname="PlayersWorlds.Maps.Areas.Evolving.AreaDistributorTest.AreaDistributorTest_OverlapTwo(&quot;16x16: P4x4;S8x8 P5x7;S4x4&quot;)" methodname="AreaDistributorTest_OverlapTwo" classname="PlayersWorlds.Maps.Areas.Evolving.AreaDistributorTest" runstate="Runnable" seed="1305294311" result="Passed" start-time="2024-01-04T04:53:59.4188370Z" end-time="2024-01-04T04:53:59.4199260Z" duration="0.001090" asserts="2">
                    <properties />
                  </test-case>
                  <test-case id="0-1637" name="AreaDistributorTest_OverlapTwo(&quot;16x16: P5x5;S6x6 P6x6;S4x4&quot;)" fullname="PlayersWorlds.Maps.Areas.Evolving.AreaDistributorTest.AreaDistributorTest_OverlapTwo(&quot;16x16: P5x5;S6x6 P6x6;S4x4&quot;)" methodname="AreaDistributorTest_OverlapTwo" classname="PlayersWorlds.Maps.Areas.Evolving.AreaDistributorTest" runstate="Runnable" seed="351448531" result="Passed" start-time="2024-01-04T04:53:59.4199330Z" end-time="2024-01-04T04:53:59.4209920Z" duration="0.001060" asserts="2">
                    <properties />
                  </test-case>
                </test-suite>
                <test-case id="0-1626" name="AreaDistributorTest_SidePressure" fullname="PlayersWorlds.Maps.Areas.Evolving.AreaDistributorTest.AreaDistributorTest_SidePressure" methodname="AreaDistributorTest_SidePressure" classname="PlayersWorlds.Maps.Areas.Evolving.AreaDistributorTest" runstate="Runnable" seed="1381615938" result="Passed" start-time="2024-01-04T04:53:59.4226000Z" end-time="2024-01-04T04:53:59.4278510Z" duration="0.005251" asserts="2">
                  <properties />
                </test-case>
                <test-suite type="ParameterizedMethod" id="0-1649" name="AreaDistributorTest_SingleMapForce" fullname="PlayersWorlds.Maps.Areas.Evolving.AreaDistributorTest.AreaDistributorTest_SingleMapForce" classname="PlayersWorlds.Maps.Areas.Evolving.AreaDistributorTest" runstate="Runnable" testcasecount="10" result="Passed" start-time="2024-01-04T04:53:59.4278620Z" end-time="2024-01-04T04:53:59.4322340Z" duration="0.004372" total="10" passed="10" failed="0" warnings="0" inconclusive="0" skipped="0" asserts="20">
                  <properties />
                  <test-case id="0-1639" name="AreaDistributorTest_SingleMapForce(&quot;6x12: P1x2;S2x2&quot;)" fullname="PlayersWorlds.Maps.Areas.Evolving.AreaDistributorTest.AreaDistributorTest_SingleMapForce(&quot;6x12: P1x2;S2x2&quot;)" methodname="AreaDistributorTest_SingleMapForce" classname="PlayersWorlds.Maps.Areas.Evolving.AreaDistributorTest" runstate="Runnable" seed="1405373281" result="Passed" start-time="2024-01-04T04:53:59.4278760Z" end-time="2024-01-04T04:53:59.4284540Z" duration="0.000578" asserts="2">
                    <properties />
                  </test-case>
                  <test-case id="0-1640" name="AreaDistributorTest_SingleMapForce(&quot;6x12: P2x2;S2x2&quot;)" fullname="PlayersWorlds.Maps.Areas.Evolving.AreaDistributorTest.AreaDistributorTest_SingleMapForce(&quot;6x12: P2x2;S2x2&quot;)" methodname="AreaDistributorTest_SingleMapForce" classname="PlayersWorlds.Maps.Areas.Evolving.AreaDistributorTest" runstate="Runnable" seed="1700881663" result="Passed" start-time="2024-01-04T04:53:59.4284610Z" end-time="2024-01-04T04:53:59.4288630Z" duration="0.000403" asserts="2">
                    <properties />
                  </test-case>
                  <test-case id="0-1641" name="AreaDistributorTest_SingleMapForce(&quot;6x12: P3x2;S2x2&quot;)" fullname="PlayersWorlds.Maps.Areas.Evolving.AreaDistributorTest.AreaDistributorTest_SingleMapForce(&quot;6x12: P3x2;S2x2&quot;)" methodname="AreaDistributorTest_SingleMapForce" classname="PlayersWorlds.Maps.Areas.Evolving.AreaDistributorTest" runstate="Runnable" seed="1959974669" result="Passed" start-time="2024-01-04T04:53:59.4288690Z" end-time="2024-01-04T04:53:59.4292770Z" duration="0.000408" asserts="2">
                    <properties />
                  </test-case>
                  <test-case id="0-1642" name="AreaDistributorTest_SingleMapForce(&quot;6x12: P1x5;S2x2&quot;)" fullname="PlayersWorlds.Maps.Areas.Evolving.AreaDistributorTest.AreaDistributorTest_SingleMapForce(&quot;6x12: P1x5;S2x2&quot;)" methodname="AreaDistributorTest_SingleMapForce" classname="PlayersWorlds.Maps.Areas.Evolving.AreaDistributorTest" runstate="Runnable" seed="1041424626" result="Passed" start-time="2024-01-04T04:53:59.4292830Z" end-time="2024-01-04T04:53:59.4296680Z" duration="0.000385" asserts="2">
                    <properties />
                  </test-case>
                  <test-case id="0-1643" name="AreaDistributorTest_SingleMapForce(&quot;6x12: P2x5;S2x2&quot;)" fullname="PlayersWorlds.Maps.Areas.Evolving.AreaDistributorTest.AreaDistributorTest_SingleMapForce(&quot;6x12: P2x5;S2x2&quot;)" methodname="AreaDistributorTest_SingleMapForce" classname="PlayersWorlds.Maps.Areas.Evolving.AreaDistributorTest" runstate="Runnable" seed="1538711454" result="Passed" start-time="2024-01-04T04:53:59.4296740Z" end-time="2024-01-04T04:53:59.4300490Z" duration="0.000376" asserts="2">
                    <properties />
                  </test-case>
                  <test-case id="0-1644" name="AreaDistributorTest_SingleMapForce(&quot;6x12: P3x5;S2x2&quot;)" fullname="PlayersWorlds.Maps.Areas.Evolving.AreaDistributorTest.AreaDistributorTest_SingleMapForce(&quot;6x12: P3x5;S2x2&quot;)" methodname="AreaDistributorTest_SingleMapForce" classname="PlayersWorlds.Maps.Areas.Evolving.AreaDistributorTest" runstate="Runnable" seed="1579870788" result="Passed" start-time="2024-01-04T04:53:59.4300550Z" end-time="2024-01-04T04:53:59.4304440Z" duration="0.000389" asserts="2">
                    <properties />
                  </test-case>
                  <test-case id="0-1645" name="AreaDistributorTest_SingleMapForce(&quot;6x12: P1x8;S2x2&quot;)" fullname="PlayersWorlds.Maps.Areas.Evolving.AreaDistributorTest.AreaDistributorTest_SingleMapForce(&quot;6x12: P1x8;S2x2&quot;)" methodname="AreaDistributorTest_SingleMapForce" classname="PlayersWorlds.Maps.Areas.Evolving.AreaDistributorTest" runstate="Runnable" seed="1894024996" result="Passed" start-time="2024-01-04T04:53:59.4304490Z" end-time="2024-01-04T04:53:59.4308570Z" duration="0.000408" asserts="2">
                    <properties />
                  </test-case>
                  <test-case id="0-1646" name="AreaDistributorTest_SingleMapForce(&quot;6x12: P2x8;S2x2&quot;)" fullname="PlayersWorlds.Maps.Areas.Evolving.AreaDistributorTest.AreaDistributorTest_SingleMapForce(&quot;6x12: P2x8;S2x2&quot;)" methodname="AreaDistributorTest_SingleMapForce" classname="PlayersWorlds.Maps.Areas.Evolving.AreaDistributorTest" runstate="Runnable" seed="745447911" result="Passed" start-time="2024-01-04T04:53:59.4308620Z" end-time="2024-01-04T04:53:59.4312660Z" duration="0.000404" asserts="2">
                    <properties />
                  </test-case>
                  <test-case id="0-1647" name="AreaDistributorTest_SingleMapForce(&quot;6x12: P3x8;S2x2&quot;)" fullname="PlayersWorlds.Maps.Areas.Evolving.AreaDistributorTest.AreaDistributorTest_SingleMapForce(&quot;6x12: P3x8;S2x2&quot;)" methodname="AreaDistributorTest_SingleMapForce" classname="PlayersWorlds.Maps.Areas.Evolving.AreaDistributorTest" runstate="Runnable" seed="254885408" result="Passed" start-time="2024-01-04T04:53:59.4312720Z" end-time="2024-01-04T04:53:59.4316820Z" duration="0.000410" asserts="2">
                    <properties />
                  </test-case>
                  <test-case id="0-1648" name="AreaDistributorTest_SingleMapForce(&quot;6x12: P-1x-4;S2x2&quot;)" fullname="PlayersWorlds.Maps.Areas.Evolving.AreaDistributorTest.AreaDistributorTest_SingleMapForce(&quot;6x12: P-1x-4;S2x2&quot;)" methodname="AreaDistributorTest_SingleMapForce" classname="PlayersWorlds.Maps.Areas.Evolving.AreaDistributorTest" runstate="Runnable" seed="185820674" result="Passed" start-time="2024-01-04T04:53:59.4316870Z" end-time="2024-01-04T04:53:59.4322250Z" duration="0.000539" asserts="2">
                    <properties />
                  </test-case>
                </test-suite>
                <test-case id="0-1627" name="AreaDistributorTest_TwoTest" fullname="PlayersWorlds.Maps.Areas.Evolving.AreaDistributorTest.AreaDistributorTest_TwoTest" methodname="AreaDistributorTest_TwoTest" classname="PlayersWorlds.Maps.Areas.Evolving.AreaDistributorTest" runstate="Runnable" seed="529501939" result="Passed" start-time="2024-01-04T04:53:59.4322400Z" end-time="2024-01-04T04:53:59.4339800Z" duration="0.001741" asserts="2">
                  <properties />
                </test-case>
              </test-suite>
              <test-suite type="TestFixture" id="0-1701" name="EvolvingSimulatorTest" fullname="PlayersWorlds.Maps.Areas.Evolving.EvolvingSimulatorTest" classname="PlayersWorlds.Maps.Areas.Evolving.EvolvingSimulatorTest" runstate="Runnable" testcasecount="2" result="Passed" start-time="2024-01-04T04:53:59.4343940Z" end-time="2024-01-04T04:53:59.5261320Z" duration="0.091739" total="2" passed="2" failed="0" warnings="0" inconclusive="0" skipped="0" asserts="2">
                <properties />
                <test-case id="0-1703" name="EvolvingSimulator_ReturnsEpochsIfEvolitionIsNotComplete" fullname="PlayersWorlds.Maps.Areas.Evolving.EvolvingSimulatorTest.EvolvingSimulator_ReturnsEpochsIfEvolitionIsNotComplete" methodname="EvolvingSimulator_ReturnsEpochsIfEvolitionIsNotComplete" classname="PlayersWorlds.Maps.Areas.Evolving.EvolvingSimulatorTest" runstate="Runnable" seed="1295830798" result="Passed" start-time="2024-01-04T04:53:59.4344390Z" end-time="2024-01-04T04:53:59.5239720Z" duration="0.089533" asserts="1">
                  <properties />
                </test-case>
                <test-case id="0-1702" name="EvolvingSimulator_ThrowsIfMaxEpochsIsZero" fullname="PlayersWorlds.Maps.Areas.Evolving.EvolvingSimulatorTest.EvolvingSimulator_ThrowsIfMaxEpochsIsZero" methodname="EvolvingSimulator_ThrowsIfMaxEpochsIsZero" classname="PlayersWorlds.Maps.Areas.Evolving.EvolvingSimulatorTest" runstate="Runnable" seed="308732624" result="Passed" start-time="2024-01-04T04:53:59.5239820Z" end-time="2024-01-04T04:53:59.5261170Z" duration="0.002135" asserts="1">
                  <properties />
                </test-case>
              </test-suite>
              <test-suite type="TestFixture" id="0-1704" name="FloatingAreaTest" fullname="PlayersWorlds.Maps.Areas.Evolving.FloatingAreaTest" classname="PlayersWorlds.Maps.Areas.Evolving.FloatingAreaTest" runstate="Runnable" testcasecount="3" result="Passed" start-time="2024-01-04T04:53:59.5261440Z" end-time="2024-01-04T04:53:59.5295010Z" duration="0.003357" total="3" passed="3" failed="0" warnings="0" inconclusive="0" skipped="0" asserts="6">
                <properties />
                <test-case id="0-1707" name="Contains" fullname="PlayersWorlds.Maps.Areas.Evolving.FloatingAreaTest.Contains" methodname="Contains" classname="PlayersWorlds.Maps.Areas.Evolving.FloatingAreaTest" runstate="Runnable" seed="1071169210" result="Passed" start-time="2024-01-04T04:53:59.5261860Z" end-time="2024-01-04T04:53:59.5265850Z" duration="0.000400" asserts="2">
                  <properties />
                </test-case>
                <test-case id="0-1706" name="Overlaps" fullname="PlayersWorlds.Maps.Areas.Evolving.FloatingAreaTest.Overlaps" methodname="Overlaps" classname="PlayersWorlds.Maps.Areas.Evolving.FloatingAreaTest" runstate="Runnable" seed="758164369" result="Passed" start-time="2024-01-04T04:53:59.5265920Z" end-time="2024-01-04T04:53:59.5267820Z" duration="0.000189" asserts="2">
                  <properties />
                </test-case>
                <test-case id="0-1705" name="Parse" fullname="PlayersWorlds.Maps.Areas.Evolving.FloatingAreaTest.Parse" methodname="Parse" classname="PlayersWorlds.Maps.Areas.Evolving.FloatingAreaTest" runstate="Runnable" seed="1387249398" result="Passed" start-time="2024-01-04T04:53:59.5267880Z" end-time="2024-01-04T04:53:59.5294890Z" duration="0.002701" asserts="2">
                  <properties />
                </test-case>
              </test-suite>
              <test-suite type="TestFixture" id="0-1708" name="ForceFormulaTestTest" fullname="PlayersWorlds.Maps.Areas.Evolving.ForceFormulaTestTest" classname="PlayersWorlds.Maps.Areas.Evolving.ForceFormulaTestTest" runstate="Runnable" testcasecount="8" result="Passed" start-time="2024-01-04T04:53:59.5295120Z" end-time="2024-01-04T04:53:59.5318260Z" duration="0.002314" total="8" passed="8" failed="0" warnings="0" inconclusive="0" skipped="0" asserts="42">
                <properties />
                <test-case id="0-1714" name="CollideForce_Negative" fullname="PlayersWorlds.Maps.Areas.Evolving.ForceFormulaTestTest.CollideForce_Negative" methodname="CollideForce_Negative" classname="PlayersWorlds.Maps.Areas.Evolving.ForceFormulaTestTest" runstate="Runnable" seed="1350194138" result="Passed" start-time="2024-01-04T04:53:59.5295530Z" end-time="2024-01-04T04:53:59.5303010Z" duration="0.000748" asserts="9">
                  <properties />
                </test-case>
                <test-case id="0-1713" name="CollideForce_Positive" fullname="PlayersWorlds.Maps.Areas.Evolving.ForceFormulaTestTest.CollideForce_Positive" methodname="CollideForce_Positive" classname="PlayersWorlds.Maps.Areas.Evolving.ForceFormulaTestTest" runstate="Runnable" seed="1554567506" result="Passed" start-time="2024-01-04T04:53:59.5303080Z" end-time="2024-01-04T04:53:59.5306040Z" duration="0.000296" asserts="9">
                  <properties />
                </test-case>
                <test-case id="0-1710" name="NormalForce_Negative" fullname="PlayersWorlds.Maps.Areas.Evolving.ForceFormulaTestTest.NormalForce_Negative" methodname="NormalForce_Negative" classname="PlayersWorlds.Maps.Areas.Evolving.ForceFormulaTestTest" runstate="Runnable" seed="339101355" result="Passed" start-time="2024-01-04T04:53:59.5306110Z" end-time="2024-01-04T04:53:59.5309410Z" duration="0.000331" asserts="3">
                  <properties />
                </test-case>
                <test-case id="0-1712" name="NormalForce_NegativeCapped" fullname="PlayersWorlds.Maps.Areas.Evolving.ForceFormulaTestTest.NormalForce_NegativeCapped" methodname="NormalForce_NegativeCapped" classname="PlayersWorlds.Maps.Areas.Evolving.ForceFormulaTestTest" runstate="Runnable" seed="584520077" result="Passed" start-time="2024-01-04T04:53:59.5309480Z" end-time="2024-01-04T04:53:59.5310990Z" duration="0.000151" asserts="5">
                  <properties />
                </test-case>
                <test-case id="0-1709" name="NormalForce_Positive" fullname="PlayersWorlds.Maps.Areas.Evolving.ForceFormulaTestTest.NormalForce_Positive" methodname="NormalForce_Positive" classname="PlayersWorlds.Maps.Areas.Evolving.ForceFormulaTestTest" runstate="Runnable" seed="1428481556" result="Passed" start-time="2024-01-04T04:53:59.5311050Z" end-time="2024-01-04T04:53:59.5312160Z" duration="0.000111" asserts="3">
                  <properties />
                </test-case>
                <test-case id="0-1711" name="NormalForce_PositiveCapped" fullname="PlayersWorlds.Maps.Areas.Evolving.ForceFormulaTestTest.NormalForce_PositiveCapped" methodname="NormalForce_PositiveCapped" classname="PlayersWorlds.Maps.Areas.Evolving.ForceFormulaTestTest" runstate="Runnable" seed="935082793" result="Passed" start-time="2024-01-04T04:53:59.5312210Z" end-time="2024-01-04T04:53:59.5313580Z" duration="0.000136" asserts="5">
                  <properties />
                </test-case>
                <test-case id="0-1716" name="OverlapForce_Negative" fullname="PlayersWorlds.Maps.Areas.Evolving.ForceFormulaTestTest.OverlapForce_Negative" methodname="OverlapForce_Negative" classname="PlayersWorlds.Maps.Areas.Evolving.ForceFormulaTestTest" runstate="Runnable" seed="553636814" result="Passed" start-time="2024-01-04T04:53:59.5313640Z" end-time="2024-01-04T04:53:59.5315930Z" duration="0.000229" asserts="4">
                  <properties />
                </test-case>
                <test-case id="0-1715" name="OverlapForce_Positive" fullname="PlayersWorlds.Maps.Areas.Evolving.ForceFormulaTestTest.OverlapForce_Positive" methodname="OverlapForce_Positive" classname="PlayersWorlds.Maps.Areas.Evolving.ForceFormulaTestTest" runstate="Runnable" seed="2099709810" result="Passed" start-time="2024-01-04T04:53:59.5315990Z" end-time="2024-01-04T04:53:59.5318160Z" duration="0.000217" asserts="4">
                  <properties />
                </test-case>
              </test-suite>
              <test-suite type="TestFixture" id="0-1717" name="SideToSideForceProducerTest" fullname="PlayersWorlds.Maps.Areas.Evolving.SideToSideForceProducerTest" classname="PlayersWorlds.Maps.Areas.Evolving.SideToSideForceProducerTest" runstate="Runnable" testcasecount="22" result="Passed" start-time="2024-01-04T04:53:59.5318360Z" end-time="2024-01-04T04:53:59.5372040Z" duration="0.005368" total="22" passed="22" failed="0" warnings="0" inconclusive="0" skipped="0" asserts="79">
                <properties />
                <test-case id="0-1735" name="GetAxisDistance_Collide" fullname="PlayersWorlds.Maps.Areas.Evolving.SideToSideForceProducerTest.GetAxisDistance_Collide" methodname="GetAxisDistance_Collide" classname="PlayersWorlds.Maps.Areas.Evolving.SideToSideForceProducerTest" runstate="Runnable" seed="48942279" result="Passed" start-time="2024-01-04T04:53:59.5318800Z" end-time="2024-01-04T04:53:59.5327710Z" duration="0.000891" asserts="6">
                  <properties />
                </test-case>
                <test-case id="0-1738" name="GetAxisDistance_Contain1" fullname="PlayersWorlds.Maps.Areas.Evolving.SideToSideForceProducerTest.GetAxisDistance_Contain1" methodname="GetAxisDistance_Contain1" classname="PlayersWorlds.Maps.Areas.Evolving.SideToSideForceProducerTest" runstate="Runnable" seed="1069078064" result="Passed" start-time="2024-01-04T04:53:59.5327780Z" end-time="2024-01-04T04:53:59.5330820Z" duration="0.000303" asserts="6">
                  <properties />
                </test-case>
                <test-case id="0-1739" name="GetAxisDistance_Contain2" fullname="PlayersWorlds.Maps.Areas.Evolving.SideToSideForceProducerTest.GetAxisDistance_Contain2" methodname="GetAxisDistance_Contain2" classname="PlayersWorlds.Maps.Areas.Evolving.SideToSideForceProducerTest" runstate="Runnable" seed="34179822" result="Passed" start-time="2024-01-04T04:53:59.5330890Z" end-time="2024-01-04T04:53:59.5333600Z" duration="0.000272" asserts="6">
                  <properties />
                </test-case>
                <test-case id="0-1733" name="GetAxisDistance_Normal1" fullname="PlayersWorlds.Maps.Areas.Evolving.SideToSideForceProducerTest.GetAxisDistance_Normal1" methodname="GetAxisDistance_Normal1" classname="PlayersWorlds.Maps.Areas.Evolving.SideToSideForceProducerTest" runstate="Runnable" seed="2144796077" result="Passed" start-time="2024-01-04T04:53:59.5333660Z" end-time="2024-01-04T04:53:59.5336300Z" duration="0.000264" asserts="6">
                  <properties />
                </test-case>
                <test-case id="0-1734" name="GetAxisDistance_Normal2" fullname="PlayersWorlds.Maps.Areas.Evolving.SideToSideForceProducerTest.GetAxisDistance_Normal2" methodname="GetAxisDistance_Normal2" classname="PlayersWorlds.Maps.Areas.Evolving.SideToSideForceProducerTest" runstate="Runnable" seed="1317545329" result="Passed" start-time="2024-01-04T04:53:59.5336370Z" end-time="2024-01-04T04:53:59.5339000Z" duration="0.000264" asserts="6">
                  <properties />
                </test-case>
                <test-case id="0-1736" name="GetAxisDistance_Overlap1" fullname="PlayersWorlds.Maps.Areas.Evolving.SideToSideForceProducerTest.GetAxisDistance_Overlap1" methodname="GetAxisDistance_Overlap1" classname="PlayersWorlds.Maps.Areas.Evolving.SideToSideForceProducerTest" runstate="Runnable" seed="1804606812" result="Passed" start-time="2024-01-04T04:53:59.5339060Z" end-time="2024-01-04T04:53:59.5341700Z" duration="0.000264" asserts="6">
                  <properties />
                </test-case>
                <test-case id="0-1737" name="GetAxisDistance_Overlap2" fullname="PlayersWorlds.Maps.Areas.Evolving.SideToSideForceProducerTest.GetAxisDistance_Overlap2" methodname="GetAxisDistance_Overlap2" classname="PlayersWorlds.Maps.Areas.Evolving.SideToSideForceProducerTest" runstate="Runnable" seed="618922303" result="Passed" start-time="2024-01-04T04:53:59.5341770Z" end-time="2024-01-04T04:53:59.5344320Z" duration="0.000255" asserts="6">
                  <properties />
                </test-case>
                <test-case id="0-1727" name="GetOpposingForce_CentersInside_NoOpposingForce" fullname="PlayersWorlds.Maps.Areas.Evolving.SideToSideForceProducerTest.GetOpposingForce_CentersInside_NoOpposingForce" methodname="GetOpposingForce_CentersInside_NoOpposingForce" classname="PlayersWorlds.Maps.Areas.Evolving.SideToSideForceProducerTest" runstate="Runnable" seed="610383021" result="Passed" start-time="2024-01-04T04:53:59.5344380Z" end-time="2024-01-04T04:53:59.5346470Z" duration="0.000210" asserts="2">
                  <properties />
                </test-case>
                <test-case id="0-1728" name="GetOpposingForce_CentersInside_WithOpposingForce" fullname="PlayersWorlds.Maps.Areas.Evolving.SideToSideForceProducerTest.GetOpposingForce_CentersInside_WithOpposingForce" methodname="GetOpposingForce_CentersInside_WithOpposingForce" classname="PlayersWorlds.Maps.Areas.Evolving.SideToSideForceProducerTest" runstate="Runnable" seed="286956641" result="Passed" start-time="2024-01-04T04:53:59.5346540Z" end-time="2024-01-04T04:53:59.5348260Z" duration="0.000173" asserts="2">
                  <properties />
                </test-case>
                <test-case id="0-1729" name="GetOpposingForce_CentersOutside_NoOpposingForce" fullname="PlayersWorlds.Maps.Areas.Evolving.SideToSideForceProducerTest.GetOpposingForce_CentersOutside_NoOpposingForce" methodname="GetOpposingForce_CentersOutside_NoOpposingForce" classname="PlayersWorlds.Maps.Areas.Evolving.SideToSideForceProducerTest" runstate="Runnable" seed="814884747" result="Passed" start-time="2024-01-04T04:53:59.5348320Z" end-time="2024-01-04T04:53:59.5349940Z" duration="0.000162" asserts="2">
                  <properties />
                </test-case>
                <test-case id="0-1730" name="GetOpposingForce_CentersOutside_WithOpposingForce" fullname="PlayersWorlds.Maps.Areas.Evolving.SideToSideForceProducerTest.GetOpposingForce_CentersOutside_WithOpposingForce" methodname="GetOpposingForce_CentersOutside_WithOpposingForce" classname="PlayersWorlds.Maps.Areas.Evolving.SideToSideForceProducerTest" runstate="Runnable" seed="1668198502" result="Passed" start-time="2024-01-04T04:53:59.5349990Z" end-time="2024-01-04T04:53:59.5351610Z" duration="0.000162" asserts="2">
                  <properties />
                </test-case>
                <test-case id="0-1731" name="GetOpposingForce_NoIntersection_NoOpposingForce" fullname="PlayersWorlds.Maps.Areas.Evolving.SideToSideForceProducerTest.GetOpposingForce_NoIntersection_NoOpposingForce" methodname="GetOpposingForce_NoIntersection_NoOpposingForce" classname="PlayersWorlds.Maps.Areas.Evolving.SideToSideForceProducerTest" runstate="Runnable" seed="569524026" result="Passed" start-time="2024-01-04T04:53:59.5351670Z" end-time="2024-01-04T04:53:59.5353270Z" duration="0.000160" asserts="2">
                  <properties />
                </test-case>
                <test-case id="0-1732" name="GetOpposingForce_NoIntersection_WithOpposingForce" fullname="PlayersWorlds.Maps.Areas.Evolving.SideToSideForceProducerTest.GetOpposingForce_NoIntersection_WithOpposingForce" methodname="GetOpposingForce_NoIntersection_WithOpposingForce" classname="PlayersWorlds.Maps.Areas.Evolving.SideToSideForceProducerTest" runstate="Runnable" seed="598444023" result="Passed" start-time="2024-01-04T04:53:59.5353320Z" end-time="2024-01-04T04:53:59.5354920Z" duration="0.000160" asserts="2">
                  <properties />
                </test-case>
                <test-case id="0-1725" name="GetOpposingForce_WhenCenterMatches_NoOpposingForce" fullname="PlayersWorlds.Maps.Areas.Evolving.SideToSideForceProducerTest.GetOpposingForce_WhenCenterMatches_NoOpposingForce" methodname="GetOpposingForce_WhenCenterMatches_NoOpposingForce" classname="PlayersWorlds.Maps.Areas.Evolving.SideToSideForceProducerTest" runstate="Runnable" seed="579297562" result="Passed" start-time="2024-01-04T04:53:59.5356010Z" end-time="2024-01-04T04:53:59.5357750Z" duration="0.000174" asserts="2">
                  <properties />
                </test-case>
                <test-case id="0-1726" name="GetOpposingForce_WhenCenterMatches_WithOpposingForce" fullname="PlayersWorlds.Maps.Areas.Evolving.SideToSideForceProducerTest.GetOpposingForce_WhenCenterMatches_WithOpposingForce" methodname="GetOpposingForce_WhenCenterMatches_WithOpposingForce" classname="PlayersWorlds.Maps.Areas.Evolving.SideToSideForceProducerTest" runstate="Runnable" seed="1938855469" result="Passed" start-time="2024-01-04T04:53:59.5357810Z" end-time="2024-01-04T04:53:59.5359450Z" duration="0.000164" asserts="2">
                  <properties />
                </test-case>
                <test-case id="0-1721" name="MapAreaSystemTest_DistanceCentersMatch" fullname="PlayersWorlds.Maps.Areas.Evolving.SideToSideForceProducerTest.MapAreaSystemTest_DistanceCentersMatch" methodname="MapAreaSystemTest_DistanceCentersMatch" classname="PlayersWorlds.Maps.Areas.Evolving.SideToSideForceProducerTest" runstate="Runnable" seed="285411981" result="Passed" start-time="2024-01-04T04:53:59.5359510Z" end-time="2024-01-04T04:53:59.5361430Z" duration="0.000193" asserts="3">
                  <properties />
                </test-case>
                <test-case id="0-1724" name="MapAreaSystemTest_DistanceNegativeCollide" fullname="PlayersWorlds.Maps.Areas.Evolving.SideToSideForceProducerTest.MapAreaSystemTest_DistanceNegativeCollide" methodname="MapAreaSystemTest_DistanceNegativeCollide" classname="PlayersWorlds.Maps.Areas.Evolving.SideToSideForceProducerTest" runstate="Runnable" seed="1976193809" result="Passed" start-time="2024-01-04T04:53:59.5361500Z" end-time="2024-01-04T04:53:59.5363360Z" duration="0.000186" asserts="3">
                  <properties />
                </test-case>
                <test-case id="0-1722" name="MapAreaSystemTest_DistanceNegativeNormal" fullname="PlayersWorlds.Maps.Areas.Evolving.SideToSideForceProducerTest.MapAreaSystemTest_DistanceNegativeNormal" methodname="MapAreaSystemTest_DistanceNegativeNormal" classname="PlayersWorlds.Maps.Areas.Evolving.SideToSideForceProducerTest" runstate="Runnable" seed="611114014" result="Passed" start-time="2024-01-04T04:53:59.5363410Z" end-time="2024-01-04T04:53:59.5365140Z" duration="0.000173" asserts="3">
                  <properties />
                </test-case>
                <test-case id="0-1723" name="MapAreaSystemTest_DistanceNegativeOverlap" fullname="PlayersWorlds.Maps.Areas.Evolving.SideToSideForceProducerTest.MapAreaSystemTest_DistanceNegativeOverlap" methodname="MapAreaSystemTest_DistanceNegativeOverlap" classname="PlayersWorlds.Maps.Areas.Evolving.SideToSideForceProducerTest" runstate="Runnable" seed="1891358693" result="Passed" start-time="2024-01-04T04:53:59.5365200Z" end-time="2024-01-04T04:53:59.5366830Z" duration="0.000164" asserts="3">
                  <properties />
                </test-case>
                <test-case id="0-1720" name="MapAreaSystemTest_DistancePositiveCollide" fullname="PlayersWorlds.Maps.Areas.Evolving.SideToSideForceProducerTest.MapAreaSystemTest_DistancePositiveCollide" methodname="MapAreaSystemTest_DistancePositiveCollide" classname="PlayersWorlds.Maps.Areas.Evolving.SideToSideForceProducerTest" runstate="Runnable" seed="1814471542" result="Passed" start-time="2024-01-04T04:53:59.5366890Z" end-time="2024-01-04T04:53:59.5368530Z" duration="0.000165" asserts="3">
                  <properties />
                </test-case>
                <test-case id="0-1718" name="MapAreaSystemTest_DistancePositiveNormal" fullname="PlayersWorlds.Maps.Areas.Evolving.SideToSideForceProducerTest.MapAreaSystemTest_DistancePositiveNormal" methodname="MapAreaSystemTest_DistancePositiveNormal" classname="PlayersWorlds.Maps.Areas.Evolving.SideToSideForceProducerTest" runstate="Runnable" seed="1514827963" result="Passed" start-time="2024-01-04T04:53:59.5368590Z" end-time="2024-01-04T04:53:59.5370250Z" duration="0.000166" asserts="3">
                  <properties />
                </test-case>
                <test-case id="0-1719" name="MapAreaSystemTest_DistancePositiveOverlap" fullname="PlayersWorlds.Maps.Areas.Evolving.SideToSideForceProducerTest.MapAreaSystemTest_DistancePositiveOverlap" methodname="MapAreaSystemTest_DistancePositiveOverlap" classname="PlayersWorlds.Maps.Areas.Evolving.SideToSideForceProducerTest" runstate="Runnable" seed="434455576" result="Passed" start-time="2024-01-04T04:53:59.5370310Z" end-time="2024-01-04T04:53:59.5371930Z" duration="0.000163" asserts="3">
                  <properties />
                </test-case>
              </test-suite>
            </test-suite>
            <test-suite type="TestFixture" id="0-1617" name="MapAreaTest" fullname="PlayersWorlds.Maps.Areas.MapAreaTest" classname="PlayersWorlds.Maps.Areas.MapAreaTest" runstate="Runnable" testcasecount="4" result="Passed" start-time="2024-01-04T04:53:59.5372250Z" end-time="2024-01-04T04:53:59.5383390Z" duration="0.001114" total="4" passed="4" failed="0" warnings="0" inconclusive="0" skipped="0" asserts="18">
              <properties />
              <test-case id="0-1620" name="Overlaps_ReturnsFalseIfDoesNotOverlap" fullname="PlayersWorlds.Maps.Areas.MapAreaTest.Overlaps_ReturnsFalseIfDoesNotOverlap" methodname="Overlaps_ReturnsFalseIfDoesNotOverlap" classname="PlayersWorlds.Maps.Areas.MapAreaTest" runstate="Runnable" seed="430681765" result="Passed" start-time="2024-01-04T04:53:59.5372650Z" end-time="2024-01-04T04:53:59.5373900Z" duration="0.000126" asserts="7">
                <properties />
              </test-case>
              <test-case id="0-1619" name="Overlaps_ReturnsTrueIfOverlaps" fullname="PlayersWorlds.Maps.Areas.MapAreaTest.Overlaps_ReturnsTrueIfOverlaps" methodname="Overlaps_ReturnsTrueIfOverlaps" classname="PlayersWorlds.Maps.Areas.MapAreaTest" runstate="Runnable" seed="1201066558" result="Passed" start-time="2024-01-04T04:53:59.5373960Z" end-time="2024-01-04T04:53:59.5374740Z" duration="0.000078" asserts="7">
                <properties />
              </test-case>
              <test-case id="0-1618" name="Overlaps_ThrowsIfSame" fullname="PlayersWorlds.Maps.Areas.MapAreaTest.Overlaps_ThrowsIfSame" methodname="Overlaps_ThrowsIfSame" classname="PlayersWorlds.Maps.Areas.MapAreaTest" runstate="Runnable" seed="1297732299" result="Passed" start-time="2024-01-04T04:53:59.5374790Z" end-time="2024-01-04T04:53:59.5381140Z" duration="0.000635" asserts="2">
                <properties />
              </test-case>
              <test-case id="0-1621" name="Position_ThrowsIfNotInitialized" fullname="PlayersWorlds.Maps.Areas.MapAreaTest.Position_ThrowsIfNotInitialized" methodname="Position_ThrowsIfNotInitialized" classname="PlayersWorlds.Maps.Areas.MapAreaTest" runstate="Runnable" seed="839508833" result="Passed" start-time="2024-01-04T04:53:59.5381210Z" end-time="2024-01-04T04:53:59.5383290Z" duration="0.000208" asserts="2">
                <properties />
              </test-case>
            </test-suite>
          </test-suite>
          <test-suite type="TestFixture" id="0-1028" name="CellTest" fullname="PlayersWorlds.Maps.CellTest" classname="PlayersWorlds.Maps.CellTest" runstate="Runnable" testcasecount="4" result="Passed" start-time="2024-01-04T04:53:59.5383550Z" end-time="2024-01-04T04:53:59.5428830Z" duration="0.004528" total="4" passed="4" failed="0" warnings="0" inconclusive="0" skipped="0" asserts="21">
            <properties />
            <test-case id="0-1030" name="Map2D_CanAssignMapAreaOnce" fullname="PlayersWorlds.Maps.CellTest.Map2D_CanAssignMapAreaOnce" methodname="Map2D_CanAssignMapAreaOnce" classname="PlayersWorlds.Maps.CellTest" runstate="Runnable" seed="856568568" result="Passed" start-time="2024-01-04T04:53:59.5383940Z" end-time="2024-01-04T04:53:59.5405610Z" duration="0.002168" asserts="3">
              <properties />
            </test-case>
            <test-case id="0-1032" name="Map2D_DoubleLinkingThrowsError" fullname="PlayersWorlds.Maps.CellTest.Map2D_DoubleLinkingThrowsError" methodname="Map2D_DoubleLinkingThrowsError" classname="PlayersWorlds.Maps.CellTest" runstate="Runnable" seed="833342569" result="Passed" start-time="2024-01-04T04:53:59.5405690Z" end-time="2024-01-04T04:53:59.5409120Z" duration="0.000343" asserts="1">
              <properties />
            </test-case>
            <test-case id="0-1029" name="Map2D_LinksAreMutual" fullname="PlayersWorlds.Maps.CellTest.Map2D_LinksAreMutual" methodname="Map2D_LinksAreMutual" classname="PlayersWorlds.Maps.CellTest" runstate="Runnable" seed="2036575267" result="Passed" start-time="2024-01-04T04:53:59.5409190Z" end-time="2024-01-04T04:53:59.5425190Z" duration="0.001600" asserts="10">
              <properties />
            </test-case>
            <test-case id="0-1031" name="Map2D_ToString" fullname="PlayersWorlds.Maps.CellTest.Map2D_ToString" methodname="Map2D_ToString" classname="PlayersWorlds.Maps.CellTest" runstate="Runnable" seed="274635658" result="Passed" start-time="2024-01-04T04:53:59.5425270Z" end-time="2024-01-04T04:53:59.5428730Z" duration="0.000346" asserts="7">
              <properties />
            </test-case>
          </test-suite>
          <test-suite type="TestFixture" id="0-1562" name="DeadEndTest" fullname="PlayersWorlds.Maps.DeadEndTest" classname="PlayersWorlds.Maps.DeadEndTest" runstate="Runnable" testcasecount="1" result="Passed" start-time="2024-01-04T04:53:59.5428940Z" end-time="2024-01-04T04:53:59.5464860Z" duration="0.003592" total="1" passed="1" failed="0" warnings="0" inconclusive="0" skipped="0" asserts="7">
            <properties />
            <test-case id="0-1563" name="DeadEnd_CanFindDeadEnds" fullname="PlayersWorlds.Maps.DeadEndTest.DeadEnd_CanFindDeadEnds" methodname="DeadEnd_CanFindDeadEnds" classname="PlayersWorlds.Maps.DeadEndTest" runstate="Runnable" seed="1629052406" result="Passed" start-time="2024-01-04T04:53:59.5429350Z" end-time="2024-01-04T04:53:59.5464720Z" duration="0.003537" asserts="7">
              <properties />
            </test-case>
          </test-suite>
          <test-suite type="TestFixture" id="0-1564" name="DijkstraDistanceTest" fullname="PlayersWorlds.Maps.DijkstraDistanceTest" classname="PlayersWorlds.Maps.DijkstraDistanceTest" runstate="Runnable" testcasecount="4" result="Passed" start-time="2024-01-04T04:53:59.5464990Z" end-time="2024-01-04T04:53:59.5948570Z" duration="0.048358" total="4" passed="4" failed="0" warnings="0" inconclusive="0" skipped="0" asserts="11">
            <properties />
            <test-case id="0-1568" name="DijkstraDistance_CanFindLongestTrail" fullname="PlayersWorlds.Maps.DijkstraDistanceTest.DijkstraDistance_CanFindLongestTrail" methodname="DijkstraDistance_CanFindLongestTrail" classname="PlayersWorlds.Maps.DijkstraDistanceTest" runstate="Runnable" seed="929264345" result="Passed" start-time="2024-01-04T04:53:59.5465410Z" end-time="2024-01-04T04:53:59.5496540Z" duration="0.003113" asserts="4">
              <properties />
            </test-case>
            <test-case id="0-1566" name="DijkstraDistance_CanSolveAMaze" fullname="PlayersWorlds.Maps.DijkstraDistanceTest.DijkstraDistance_CanSolveAMaze" methodname="DijkstraDistance_CanSolveAMaze" classname="PlayersWorlds.Maps.DijkstraDistanceTest" runstate="Runnable" seed="921756217" result="Passed" start-time="2024-01-04T04:53:59.5496620Z" end-time="2024-01-04T04:53:59.5499810Z" duration="0.000319" asserts="4">
              <properties />
            </test-case>
            <test-case id="0-1565" name="DijkstraDistance_FindsAllDistances" fullname="PlayersWorlds.Maps.DijkstraDistanceTest.DijkstraDistance_FindsAllDistances" methodname="DijkstraDistance_FindsAllDistances" classname="PlayersWorlds.Maps.DijkstraDistanceTest" runstate="Runnable" seed="416284832" result="Passed" start-time="2024-01-04T04:53:59.5499880Z" end-time="2024-01-04T04:53:59.5946510Z" duration="0.044663" asserts="2">
              <properties />
              <output><![CDATA[AldousBroderMazeGenerator: Generating maze 10x10 with PlayersWorlds.Maps.Maze.GeneratorOptions(Full, None, <null>, PlayersWorlds.Maps.Areas.RandomAreaGenerator+GeneratorSettings, <null>)
]]></output>
            </test-case>
            <test-case id="0-1567" name="DijkstraDistance_ReturnsEmptyIfNoSolutionFound" fullname="PlayersWorlds.Maps.DijkstraDistanceTest.DijkstraDistance_ReturnsEmptyIfNoSolutionFound" methodname="DijkstraDistance_ReturnsEmptyIfNoSolutionFound" classname="PlayersWorlds.Maps.DijkstraDistanceTest" runstate="Runnable" seed="231661027" result="Passed" start-time="2024-01-04T04:53:59.5946630Z" end-time="2024-01-04T04:53:59.5948420Z" duration="0.000179" asserts="1">
              <properties />
            </test-case>
          </test-suite>
          <test-suite type="TestFixture" id="0-1005" name="ExtensionsTest" fullname="PlayersWorlds.Maps.ExtensionsTest" classname="PlayersWorlds.Maps.ExtensionsTest" runstate="Runnable" testcasecount="2" result="Passed" start-time="2024-01-04T04:53:59.5948700Z" end-time="2024-01-04T04:53:59.5954180Z" duration="0.000548" total="2" passed="2" failed="0" warnings="0" inconclusive="0" skipped="0" asserts="3">
            <properties />
            <test-case id="0-1007" name="TryDequeue_Dequeues" fullname="PlayersWorlds.Maps.ExtensionsTest.TryDequeue_Dequeues" methodname="TryDequeue_Dequeues" classname="PlayersWorlds.Maps.ExtensionsTest" runstate="Runnable" seed="975896249" result="Passed" start-time="2024-01-04T04:53:59.5949330Z" end-time="2024-01-04T04:53:59.5953310Z" duration="0.000398" asserts="2">
              <properties />
            </test-case>
            <test-case id="0-1006" name="TryDequeue_DoesNotThrow" fullname="PlayersWorlds.Maps.ExtensionsTest.TryDequeue_DoesNotThrow" methodname="TryDequeue_DoesNotThrow" classname="PlayersWorlds.Maps.ExtensionsTest" runstate="Runnable" seed="2068820501" result="Passed" start-time="2024-01-04T04:53:59.5953380Z" end-time="2024-01-04T04:53:59.5954060Z" duration="0.000068" asserts="1">
              <properties />
            </test-case>
          </test-suite>
          <test-suite type="TestFixture" id="0-1008" name="Map2DTest" fullname="PlayersWorlds.Maps.Map2DTest" classname="PlayersWorlds.Maps.Map2DTest" runstate="Runnable" testcasecount="5" result="Passed" start-time="2024-01-04T04:53:59.5954320Z" end-time="2024-01-04T04:53:59.5985910Z" duration="0.003159" total="5" passed="5" failed="0" warnings="0" inconclusive="0" skipped="0" asserts="21">
            <properties />
            <test-case id="0-1012" name="CellsAt_FourCellsFar" fullname="PlayersWorlds.Maps.Map2DTest.CellsAt_FourCellsFar" methodname="CellsAt_FourCellsFar" classname="PlayersWorlds.Maps.Map2DTest" runstate="Runnable" seed="1888469212" result="Passed" start-time="2024-01-04T04:53:59.5954710Z" end-time="2024-01-04T04:53:59.5971940Z" duration="0.001724" asserts="5">
              <properties />
            </test-case>
            <test-case id="0-1009" name="CellsAt_OneCell" fullname="PlayersWorlds.Maps.Map2DTest.CellsAt_OneCell" methodname="CellsAt_OneCell" classname="PlayersWorlds.Maps.Map2DTest" runstate="Runnable" seed="1816986087" result="Passed" start-time="2024-01-04T04:53:59.5972030Z" end-time="2024-01-04T04:53:59.5974290Z" duration="0.000227" asserts="2">
              <properties />
            </test-case>
            <test-case id="0-1013" name="CellsAt_OutOfBounds" fullname="PlayersWorlds.Maps.Map2DTest.CellsAt_OutOfBounds" methodname="CellsAt_OutOfBounds" classname="PlayersWorlds.Maps.Map2DTest" runstate="Runnable" seed="1908256149" result="Passed" start-time="2024-01-04T04:53:59.5974370Z" end-time="2024-01-04T04:53:59.5978610Z" duration="0.000425" asserts="4">
              <properties />
            </test-case>
            <test-case id="0-1011" name="CellsAt_TreeByTwo" fullname="PlayersWorlds.Maps.Map2DTest.CellsAt_TreeByTwo" methodname="CellsAt_TreeByTwo" classname="PlayersWorlds.Maps.Map2DTest" runstate="Runnable" seed="1347446639" result="Passed" start-time="2024-01-04T04:53:59.5978680Z" end-time="2024-01-04T04:53:59.5983030Z" duration="0.000435" asserts="7">
              <properties />
            </test-case>
            <test-case id="0-1010" name="CellsAt_TwoCells" fullname="PlayersWorlds.Maps.Map2DTest.CellsAt_TwoCells" methodname="CellsAt_TwoCells" classname="PlayersWorlds.Maps.Map2DTest" runstate="Runnable" seed="844529529" result="Passed" start-time="2024-01-04T04:53:59.5983110Z" end-time="2024-01-04T04:53:59.5985800Z" duration="0.000270" asserts="3">
              <properties />
            </test-case>
          </test-suite>
          <test-suite type="TestFixture" id="0-1577" name="Maze2DRendererTest" fullname="PlayersWorlds.Maps.Maze2DRendererTest" classname="PlayersWorlds.Maps.Maze2DRendererTest" runstate="Runnable" testcasecount="8" result="Passed" start-time="2024-01-04T04:53:59.5986030Z" end-time="2024-01-04T04:53:59.6179970Z" duration="0.019394" total="8" passed="8" failed="0" warnings="0" inconclusive="0" skipped="0" asserts="57">
            <properties />
            <test-case id="0-1578" name="CanRenderAMapWithAntiAliasing" fullname="PlayersWorlds.Maps.Maze2DRendererTest.CanRenderAMapWithAntiAliasing" methodname="CanRenderAMapWithAntiAliasing" classname="PlayersWorlds.Maps.Maze2DRendererTest" runstate="Runnable" seed="511283475" result="Passed" start-time="2024-01-04T04:53:59.5986420Z" end-time="2024-01-04T04:53:59.6037740Z" duration="0.005132" asserts="1">
              <properties />
              <output><![CDATA[0000000000000
▓▓▓▓▓▓▓▓▓0000
▓░░░░░░░▓▓000
▓░▒▓▓▓▒░▒▓▓▓▓
▓░▓▓▓▓▓░░░░░▓
▓░▓▓▓▓▓░░░░░▓
▓░▓▓▓▓▓▓▓▓▓▓▓
▓░▒▓▓▓▓▓▓▓▓▓▓
▓░░░░░▓▓▓▓░░▓
▓░░░░░▒▓▓▒░░▓
▓░░░░░░░░░░░▓
▓░░░░░░░░░░░▓
▓▓▓▓▓▓▓▓▓▓▓▓▓
0000000000000

]]></output>
            </test-case>
            <test-case id="0-1580" name="CanRenderAMapWithFilledAreas" fullname="PlayersWorlds.Maps.Maze2DRendererTest.CanRenderAMapWithFilledAreas" methodname="CanRenderAMapWithFilledAreas" classname="PlayersWorlds.Maps.Maze2DRendererTest" runstate="Runnable" seed="1306539181" result="Passed" start-time="2024-01-04T04:53:59.6037850Z" end-time="2024-01-04T04:53:59.6053640Z" duration="0.001579" asserts="1">
              <properties />
              <output><![CDATA[0▓▓▓▓▓▓▓▓▓▓▓▓▓▓00000
0▓░░░░░░░░░░░░▓00000
0▓░░▒▓▓▓▓▓▒░░░▓▓0000
0▓░░▓▓000░▓░░░▒▓▓▓▓0
0▓░░▓00000▓░░░░░░░▓0
0▓░░▓00000▓▓▓▓▓▓▓▓▓0
0▓░░▓0000000000▓░░▓0
0▓░░▓0000000000▓░░▓0
0▓░░▓▓00000000▓▓░░▓0
0▓░░▒▓▓▓▓▓▓▓▓▓▓▒░░▓0
0▓░░░░░░░░░░░░░░░░▓0
0▓▓▓▓▓▓▓▓▓▓▓▓▓▓▓▓▓▓0

0▓▓▓▓▓▓▓▓▓▓▓▓▓▓00000
0▓░░░░░░░░░░░░▓00000
0▓░░▒▓▓▓▓▓▒░░░▓▓0000
0▓░░▓▓000░▓░░░▒▓▓▓▓0
0▓░░▓00000▓░░░░░░░▓0
0▓░░▓00000▓▓▓▓▓▓▓▓▓0
0▓░░▓0000000000▓░░▓0
0▓░░▓0000000000▓░░▓0
0▓░░▓▓00000000▓▓░░▓0
0▓░░▒▓▓▓▓▓▓▓▓▓▓▒░░▓0
0▓░░░░░░░░░░░░░░░░▓0
0▓▓▓▓▓▓▓▓▓▓▓▓▓▓▓▓▓▓0

]]></output>
            </test-case>
            <test-case id="0-1581" name="CanRenderAMapWithHallAreas" fullname="PlayersWorlds.Maps.Maze2DRendererTest.CanRenderAMapWithHallAreas" methodname="CanRenderAMapWithHallAreas" classname="PlayersWorlds.Maps.Maze2DRendererTest" runstate="Runnable" seed="1018268949" result="Passed" start-time="2024-01-04T04:53:59.6053760Z" end-time="2024-01-04T04:53:59.6064030Z" duration="0.001027" asserts="1">
              <properties />
              <output><![CDATA[0▓▓▓▓▓▓▓▓▓▓▓▓▓▓00000
0▓░░░░░░░░░░░░▓00000
0▓░░▒▓▓▓▓▓▒░░░▓▓0000
0▓░░▓▓▓▓▓▓▓░░░▒▓▓▓▓0
0▓░░▓▓▓▓▓▓▓░░░░░░░▓0
0▓░░▒▓▓▓▓▓▓▓▓▓▓▓▓▓▓0
0▓░░░░░░░░░░░░░░░░▓0
0▓░░░░░░░░░░░░░░░░▓0
0▓░░░░░░░░░░░░░░░░▓0
0▓░░░░░░░░░░░░░░░░▓0
0▓░░░░░░░░░░░░░░░░▓0
0▓▓▓▓▓▓▓▓▓▓▓▓▓▓▓▓▓▓0

0▓▓▓▓▓▓▓▓▓▓▓▓▓▓00000
0▓░░░░░░░░░░░░▓00000
0▓░░▒▓▓▓▓▓▒░░░▓▓0000
0▓░░▓▓▓▓▓▓▓░░░▒▓▓▓▓0
0▓░░▓▓▓▓▓▓▓░░░░░░░▓0
0▓░░▒▓▓▓▓▓▓▓▓▓▓▓▓▓▓0
0▓░░░░░░░░░░░░░░░░▓0
0▓░░░░░░░░░░░░░░░░▓0
0▓░░░░░░░░░░░░░░░░▓0
0▓░░░░░░░░░░░░░░░░▓0
0▓░░░░░░░░░░░░░░░░▓0
0▓▓▓▓▓▓▓▓▓▓▓▓▓▓▓▓▓▓0

]]></output>
            </test-case>
            <test-case id="0-1579" name="CanRenderAMapWithVoids" fullname="PlayersWorlds.Maps.Maze2DRendererTest.CanRenderAMapWithVoids" methodname="CanRenderAMapWithVoids" classname="PlayersWorlds.Maps.Maze2DRendererTest" runstate="Runnable" seed="1012475504" result="Passed" start-time="2024-01-04T04:53:59.6065530Z" end-time="2024-01-04T04:53:59.6075170Z" duration="0.000964" asserts="1">
              <properties />
              <output><![CDATA[0▓▓▓▓▓▓▓▓▓▓▓▓▓▓00000
0▓░░░░░░░░░░░░▓00000
0▓░░▒▓▓▓▓▓▒░░░▓▓0000
0▓░░▓▓▓▓▓▓▓░░░▒▓▓▓▓0
0▓░░▓▓▓▓▓▓▓░░░░░░░▓0
0▓░░▒▓▓▓▓▓▓▓▓▓▓▓▓▓▓0
0▓░░░░░░░▓00000▓░░▓0
0▓░░░░░░░▓00000▓░░▓0
0▓░░░░░░░▓▓▓▓▓▓▓░░▓0
0▓░░░░░░░▒▓▓▓▓▓▒░░▓0
0▓░░░░░░░░░░░░░░░░▓0
0▓▓▓▓▓▓▓▓▓▓▓▓▓▓▓▓▓▓0

0▓▓▓▓▓▓▓▓▓▓▓▓▓▓00000
0▓░░░░░░░░░░░░▓00000
0▓░░▒▓▓▓▓▓▒░░░▓▓0000
0▓░░▓▓▓▓▓▓▓░░░▒▓▓▓▓0
0▓░░▓▓▓▓▓▓▓░░░░░░░▓0
0▓░░▒▓▓▓▓▓▓▓▓▓▓▓▓▓▓0
0▓░░░░░░░▓00000▓░░▓0
0▓░░░░░░░▓00000▓░░▓0
0▓░░░░░░░▓▓▓▓▓▓▓░░▓0
0▓░░░░░░░▒▓▓▓▓▓▒░░▓0
0▓░░░░░░░░░░░░░░░░▓0
0▓▓▓▓▓▓▓▓▓▓▓▓▓▓▓▓▓▓0

]]></output>
            </test-case>
            <test-case id="0-1585" name="CellsMapping_ValidMapping" fullname="PlayersWorlds.Maps.Maze2DRendererTest.CellsMapping_ValidMapping" methodname="CellsMapping_ValidMapping" classname="PlayersWorlds.Maps.Maze2DRendererTest" runstate="Runnable" seed="1776326907" result="Passed" start-time="2024-01-04T04:53:59.6075270Z" end-time="2024-01-04T04:53:59.6115580Z" duration="0.004031" asserts="45">
              <properties />
            </test-case>
            <test-case id="0-1582" name="Maze2DAsciiBoxRenderer_CanConvertToAscii" fullname="PlayersWorlds.Maps.Maze2DRendererTest.Maze2DAsciiBoxRenderer_CanConvertToAscii" methodname="Maze2DAsciiBoxRenderer_CanConvertToAscii" classname="PlayersWorlds.Maps.Maze2DRendererTest" runstate="Runnable" seed="996866002" result="Passed" start-time="2024-01-04T04:53:59.6115710Z" end-time="2024-01-04T04:53:59.6162230Z" duration="0.004652" asserts="1">
              <properties />
              <output><![CDATA[┌───────────┐    
│           │    
│   ┌───┐   └───┐
│   │   │       │
│   └───┼───┬───┤
│       │   │   │
│   ┼   └───┘   │
│               │
└───────────────┘

]]></output>
            </test-case>
            <test-case id="0-1583" name="Maze2DAsciiBoxRenderer_CanConvertToAsciiWithData" fullname="PlayersWorlds.Maps.Maze2DRendererTest.Maze2DAsciiBoxRenderer_CanConvertToAsciiWithData" methodname="Maze2DAsciiBoxRenderer_CanConvertToAsciiWithData" classname="PlayersWorlds.Maps.Maze2DRendererTest" runstate="Runnable" seed="1986408312" result="Passed" start-time="2024-01-04T04:53:59.6162360Z" end-time="2024-01-04T04:53:59.6173500Z" duration="0.001113" asserts="1">
              <properties />
              <output><![CDATA[┌───────────┐    
│ 4   3   2 │    
│   ┌───┐   └───┐
│ 5 │   │ 1   0 │
│   └───┼───┬───┤
│ 6     │   │ b │
│   ┼   └───┘   │
│ 7   8   9   a │
└───────────────┘

]]></output>
            </test-case>
            <test-case id="0-1584" name="Maze2DToMap2DConverter_ThrowsIfInvalidOptions" fullname="PlayersWorlds.Maps.Maze2DRendererTest.Maze2DToMap2DConverter_ThrowsIfInvalidOptions" methodname="Maze2DToMap2DConverter_ThrowsIfInvalidOptions" classname="PlayersWorlds.Maps.Maze2DRendererTest" runstate="Runnable" seed="138694475" result="Passed" start-time="2024-01-04T04:53:59.6173600Z" end-time="2024-01-04T04:53:59.6179830Z" duration="0.000623" asserts="6">
              <properties />
            </test-case>
          </test-suite>
          <test-suite type="TestFixture" id="0-1014" name="Maze2DTest" fullname="PlayersWorlds.Maps.Maze2DTest" classname="PlayersWorlds.Maps.Maze2DTest" runstate="Runnable" testcasecount="13" result="Passed" start-time="2024-01-04T04:53:59.6180130Z" end-time="2024-01-04T04:53:59.6707630Z" duration="0.052751" total="13" passed="13" failed="0" warnings="0" inconclusive="0" skipped="0" asserts="177">
            <properties />
            <test-case id="0-1021" name="Maze2D_AddsNoRoomsToASmallMaze" fullname="PlayersWorlds.Maps.Maze2DTest.Maze2D_AddsNoRoomsToASmallMaze" methodname="Maze2D_AddsNoRoomsToASmallMaze" classname="PlayersWorlds.Maps.Maze2DTest" runstate="Runnable" seed="622345850" result="Passed" start-time="2024-01-04T04:53:59.6180550Z" end-time="2024-01-04T04:53:59.6217380Z" duration="0.003684" asserts="1">
              <properties />
              <output><![CDATA[AldousBroderMazeGenerator: Generating maze 3x3 with PlayersWorlds.Maps.Maze.GeneratorOptions(Full, Auto, <null>, PlayersWorlds.Maps.Areas.RandomAreaGenerator+GeneratorSettings, <null>)
]]></output>
            </test-case>
            <test-case id="0-1020" name="Maze2D_AddsNoRoomsWhenNoneRequested" fullname="PlayersWorlds.Maps.Maze2DTest.Maze2D_AddsNoRoomsWhenNoneRequested" methodname="Maze2D_AddsNoRoomsWhenNoneRequested" classname="PlayersWorlds.Maps.Maze2DTest" runstate="Runnable" seed="177417889" result="Passed" start-time="2024-01-04T04:53:59.6217490Z" end-time="2024-01-04T04:53:59.6423650Z" duration="0.020616" asserts="1">
              <properties />
              <output><![CDATA[AldousBroderMazeGenerator: Generating maze 10x10 with PlayersWorlds.Maps.Maze.GeneratorOptions(Full, Manual, <null>, PlayersWorlds.Maps.Areas.RandomAreaGenerator+GeneratorSettings, <null>)
]]></output>
            </test-case>
            <test-case id="0-1024" name="Maze2D_AddsOneFill" fullname="PlayersWorlds.Maps.Maze2DTest.Maze2D_AddsOneFill" methodname="Maze2D_AddsOneFill" classname="PlayersWorlds.Maps.Maze2DTest" runstate="Runnable" seed="1211674655" result="Passed" start-time="2024-01-04T04:53:59.6423820Z" end-time="2024-01-04T04:53:59.6488150Z" duration="0.006434" asserts="1">
              <properties />
              <output><![CDATA[AldousBroderMazeGenerator: Generating maze 5x5 with PlayersWorlds.Maps.Maze.GeneratorOptions(Full, Manual, List`1<MapArea>(P2x1;S2x2;Fill), PlayersWorlds.Maps.Areas.RandomAreaGenerator+GeneratorSettings, <null>)
]]></output>
            </test-case>
            <test-case id="0-1023" name="Maze2D_AddsOneHall" fullname="PlayersWorlds.Maps.Maze2DTest.Maze2D_AddsOneHall" methodname="Maze2D_AddsOneHall" classname="PlayersWorlds.Maps.Maze2DTest" runstate="Runnable" seed="426065004" result="Passed" start-time="2024-01-04T04:53:59.6488250Z" end-time="2024-01-04T04:53:59.6525660Z" duration="0.003741" asserts="1">
              <properties />
              <output><![CDATA[AldousBroderMazeGenerator: Generating maze 5x5 with PlayersWorlds.Maps.Maze.GeneratorOptions(Full, Manual, List`1<MapArea>(P2x1;S2x2;Hall), PlayersWorlds.Maps.Areas.RandomAreaGenerator+GeneratorSettings, <null>)
]]></output>
            </test-case>
            <test-case id="0-1022" name="Maze2D_AddsRooms" fullname="PlayersWorlds.Maps.Maze2DTest.Maze2D_AddsRooms" methodname="Maze2D_AddsRooms" classname="PlayersWorlds.Maps.Maze2DTest" runstate="Runnable" seed="1068126453" result="Passed" start-time="2024-01-04T04:53:59.6525790Z" end-time="2024-01-04T04:53:59.6631960Z" duration="0.010617" asserts="1">
              <properties />
              <output><![CDATA[AldousBroderMazeGenerator: Generating maze 5x5 with PlayersWorlds.Maps.Maze.GeneratorOptions(Full, Auto, <null>, PlayersWorlds.Maps.Areas.RandomAreaGenerator+GeneratorSettings, <null>)
]]></output>
            </test-case>
            <test-case id="0-1026" name="Maze2D_CanParse" fullname="PlayersWorlds.Maps.Maze2DTest.Maze2D_CanParse" methodname="Maze2D_CanParse" classname="PlayersWorlds.Maps.Maze2DTest" runstate="Runnable" seed="1998985625" result="Passed" start-time="2024-01-04T04:53:59.6632090Z" end-time="2024-01-04T04:53:59.6638130Z" duration="0.000603" asserts="16">
              <properties />
              <output><![CDATA[┌───────────┐
│           │
├───╴   ┌───┤
│       │   │
│   ╷   ╵   │
│   │       │
└───┴───────┘

]]></output>
            </test-case>
            <test-case id="0-1027" name="Maze2D_CanParse2" fullname="PlayersWorlds.Maps.Maze2DTest.Maze2D_CanParse2" methodname="Maze2D_CanParse2" classname="PlayersWorlds.Maps.Maze2DTest" runstate="Runnable" seed="674204883" result="Passed" start-time="2024-01-04T04:53:59.6638200Z" end-time="2024-01-04T04:53:59.6639020Z" duration="0.000082" asserts="1">
              <properties />
            </test-case>
            <test-case id="0-1019" name="Maze2D_CanRenderMap" fullname="PlayersWorlds.Maps.Maze2DTest.Maze2D_CanRenderMap" methodname="Maze2D_CanRenderMap" classname="PlayersWorlds.Maps.Maze2DTest" runstate="Runnable" seed="2017620916" result="Passed" start-time="2024-01-04T04:53:59.6639090Z" end-time="2024-01-04T04:53:59.6653990Z" duration="0.001491" asserts="1">
              <properties />
              <output><![CDATA[AldousBroderMazeGenerator: Generating maze 3x3 with PlayersWorlds.Maps.Maze.GeneratorOptions(Full, None, <null>, PlayersWorlds.Maps.Areas.RandomAreaGenerator+GeneratorSettings, <null>)
]]></output>
            </test-case>
            <test-case id="0-1018" name="Maze2D_CellsNeighborsAreValid" fullname="PlayersWorlds.Maps.Maze2DTest.Maze2D_CellsNeighborsAreValid" methodname="Maze2D_CellsNeighborsAreValid" classname="PlayersWorlds.Maps.Maze2DTest" runstate="Runnable" seed="211984571" result="Passed" start-time="2024-01-04T04:53:59.6654100Z" end-time="2024-01-04T04:53:59.6669040Z" duration="0.001494" asserts="136">
              <properties />
            </test-case>
            <test-case id="0-1025" name="Maze2D_HasAttributesSet" fullname="PlayersWorlds.Maps.Maze2DTest.Maze2D_HasAttributesSet" methodname="Maze2D_HasAttributesSet" classname="PlayersWorlds.Maps.Maze2DTest" runstate="Runnable" seed="1081402558" result="Passed" start-time="2024-01-04T04:53:59.6669140Z" end-time="2024-01-04T04:53:59.6682200Z" duration="0.001306" asserts="2">
              <properties />
              <output><![CDATA[AldousBroderMazeGenerator: Generating maze 3x3 with PlayersWorlds.Maps.Maze.GeneratorOptions(Full, None, <null>, PlayersWorlds.Maps.Areas.RandomAreaGenerator+GeneratorSettings, <null>)
]]></output>
            </test-case>
            <test-case id="0-1015" name="Maze2D_IsInitialized" fullname="PlayersWorlds.Maps.Maze2DTest.Maze2D_IsInitialized" methodname="Maze2D_IsInitialized" classname="PlayersWorlds.Maps.Maze2DTest" runstate="Runnable" seed="1388328341" result="Passed" start-time="2024-01-04T04:53:59.6682360Z" end-time="2024-01-04T04:53:59.6683890Z" duration="0.000153" asserts="4">
              <properties />
            </test-case>
            <test-case id="0-1017" name="Maze2D_ToMapWrongOptions" fullname="PlayersWorlds.Maps.Maze2DTest.Maze2D_ToMapWrongOptions" methodname="Maze2D_ToMapWrongOptions" classname="PlayersWorlds.Maps.Maze2DTest" runstate="Runnable" seed="1314391970" result="Passed" start-time="2024-01-04T04:53:59.6683960Z" end-time="2024-01-04T04:53:59.6704230Z" duration="0.002027" asserts="7">
              <properties />
            </test-case>
            <test-case id="0-1016" name="Maze2D_WrongSize" fullname="PlayersWorlds.Maps.Maze2DTest.Maze2D_WrongSize" methodname="Maze2D_WrongSize" classname="PlayersWorlds.Maps.Maze2DTest" runstate="Runnable" seed="1723621851" result="Passed" start-time="2024-01-04T04:53:59.6704330Z" end-time="2024-01-04T04:53:59.6707480Z" duration="0.000315" asserts="5">
              <properties />
            </test-case>
          </test-suite>
          <test-suite type="TestFixture" id="0-1033" name="MazeGeneratorTest" fullname="PlayersWorlds.Maps.MazeGeneratorTest" classname="PlayersWorlds.Maps.MazeGeneratorTest" runstate="Runnable" testcasecount="525" result="Passed" start-time="2024-01-04T04:53:59.6707820Z" end-time="2024-01-04T04:53:59.7599340Z" duration="0.089152" total="21" passed="21" failed="0" warnings="0" inconclusive="0" skipped="0" asserts="37">
            <properties />
            <test-suite type="ParameterizedMethod" id="0-1561" name="CanFindPaths" fullname="PlayersWorlds.Maps.MazeGeneratorTest.CanFindPaths" classname="PlayersWorlds.Maps.MazeGeneratorTest" runstate="Runnable" testcasecount="6" result="Passed" start-time="2024-01-04T04:53:59.6708270Z" end-time="2024-01-04T04:53:59.6807190Z" duration="0.009893" total="6" passed="6" failed="0" warnings="0" inconclusive="0" skipped="0" asserts="12">
              <properties />
              <test-case id="0-1555" name="CanFindPaths(PlayersWorlds.Maps.Maze.AldousBroderMazeGenerator)" fullname="PlayersWorlds.Maps.MazeGeneratorTest.CanFindPaths(PlayersWorlds.Maps.Maze.AldousBroderMazeGenerator)" methodname="CanFindPaths" classname="PlayersWorlds.Maps.MazeGeneratorTest" runstate="Runnable" seed="1616658879" result="Passed" start-time="2024-01-04T04:53:59.6708420Z" end-time="2024-01-04T04:53:59.6719920Z" duration="0.001150" asserts="2">
                <properties />
              </test-case>
              <test-case id="0-1556" name="CanFindPaths(PlayersWorlds.Maps.Maze.BinaryTreeMazeGenerator)" fullname="PlayersWorlds.Maps.MazeGeneratorTest.CanFindPaths(PlayersWorlds.Maps.Maze.BinaryTreeMazeGenerator)" methodname="CanFindPaths" classname="PlayersWorlds.Maps.MazeGeneratorTest" runstate="Runnable" seed="38320657" result="Passed" start-time="2024-01-04T04:53:59.6720010Z" end-time="2024-01-04T04:53:59.6773650Z" duration="0.005365" asserts="2">
                <properties />
              </test-case>
              <test-case id="0-1557" name="CanFindPaths(PlayersWorlds.Maps.Maze.HuntAndKillMazeGenerator)" fullname="PlayersWorlds.Maps.MazeGeneratorTest.CanFindPaths(PlayersWorlds.Maps.Maze.HuntAndKillMazeGenerator)" methodname="CanFindPaths" classname="PlayersWorlds.Maps.MazeGeneratorTest" runstate="Runnable" seed="656698522" result="Passed" start-time="2024-01-04T04:53:59.6773760Z" end-time="2024-01-04T04:53:59.6781760Z" duration="0.000800" asserts="2">
                <properties />
              </test-case>
              <test-case id="0-1558" name="CanFindPaths(PlayersWorlds.Maps.Maze.RecursiveBacktrackerMazeGenerator)" fullname="PlayersWorlds.Maps.MazeGeneratorTest.CanFindPaths(PlayersWorlds.Maps.Maze.RecursiveBacktrackerMazeGenerator)" methodname="CanFindPaths" classname="PlayersWorlds.Maps.MazeGeneratorTest" runstate="Runnable" seed="2051303263" result="Passed" start-time="2024-01-04T04:53:59.6781860Z" end-time="2024-01-04T04:53:59.6791550Z" duration="0.000969" asserts="2">
                <properties />
              </test-case>
              <test-case id="0-1559" name="CanFindPaths(PlayersWorlds.Maps.Maze.SidewinderMazeGenerator)" fullname="PlayersWorlds.Maps.MazeGeneratorTest.CanFindPaths(PlayersWorlds.Maps.Maze.SidewinderMazeGenerator)" methodname="CanFindPaths" classname="PlayersWorlds.Maps.MazeGeneratorTest" runstate="Runnable" seed="1670333178" result="Passed" start-time="2024-01-04T04:53:59.6791640Z" end-time="2024-01-04T04:53:59.6796140Z" duration="0.000450" asserts="2">
                <properties />
              </test-case>
              <test-case id="0-1560" name="CanFindPaths(PlayersWorlds.Maps.Maze.WilsonsMazeGenerator)" fullname="PlayersWorlds.Maps.MazeGeneratorTest.CanFindPaths(PlayersWorlds.Maps.Maze.WilsonsMazeGenerator)" methodname="CanFindPaths" classname="PlayersWorlds.Maps.MazeGeneratorTest" runstate="Runnable" seed="510180677" result="Passed" start-time="2024-01-04T04:53:59.6796210Z" end-time="2024-01-04T04:53:59.6807070Z" duration="0.001086" asserts="2">
                <properties />
              </test-case>
            </test-suite>
            <test-suite type="ParameterizedMethod" id="0-1040" name="CanGenerateMazes" fullname="PlayersWorlds.Maps.MazeGeneratorTest.CanGenerateMazes" classname="PlayersWorlds.Maps.MazeGeneratorTest" runstate="Runnable" testcasecount="6" result="Passed" start-time="2024-01-04T04:53:59.6807280Z" end-time="2024-01-04T04:53:59.6842980Z" duration="0.003570" total="6" passed="6" failed="0" warnings="0" inconclusive="0" skipped="0" asserts="12">
              <properties />
              <test-case id="0-1034" name="CanGenerateMazes(PlayersWorlds.Maps.Maze.AldousBroderMazeGenerator)" fullname="PlayersWorlds.Maps.MazeGeneratorTest.CanGenerateMazes(PlayersWorlds.Maps.Maze.AldousBroderMazeGenerator)" methodname="CanGenerateMazes" classname="PlayersWorlds.Maps.MazeGeneratorTest" runstate="Runnable" seed="1709582545" result="Passed" start-time="2024-01-04T04:53:59.6807400Z" end-time="2024-01-04T04:53:59.6824280Z" duration="0.001688" asserts="2">
                <properties />
                <output><![CDATA[AldousBroderMazeGenerator: Generating maze 3x4 with PlayersWorlds.Maps.Maze.GeneratorOptions(Full, None, <null>, PlayersWorlds.Maps.Areas.RandomAreaGenerator+GeneratorSettings, <null>)
]]></output>
              </test-case>
              <test-case id="0-1035" name="CanGenerateMazes(PlayersWorlds.Maps.Maze.BinaryTreeMazeGenerator)" fullname="PlayersWorlds.Maps.MazeGeneratorTest.CanGenerateMazes(PlayersWorlds.Maps.Maze.BinaryTreeMazeGenerator)" methodname="CanGenerateMazes" classname="PlayersWorlds.Maps.MazeGeneratorTest" runstate="Runnable" seed="1180402632" result="Passed" start-time="2024-01-04T04:53:59.6824390Z" end-time="2024-01-04T04:53:59.6825730Z" duration="0.000134" asserts="2">
                <properties />
                <output><![CDATA[BinaryTreeMazeGenerator: Generating maze 3x4 with PlayersWorlds.Maps.Maze.GeneratorOptions(Full, None, <null>, PlayersWorlds.Maps.Areas.RandomAreaGenerator+GeneratorSettings, <null>)
]]></output>
              </test-case>
              <test-case id="0-1036" name="CanGenerateMazes(PlayersWorlds.Maps.Maze.HuntAndKillMazeGenerator)" fullname="PlayersWorlds.Maps.MazeGeneratorTest.CanGenerateMazes(PlayersWorlds.Maps.Maze.HuntAndKillMazeGenerator)" methodname="CanGenerateMazes" classname="PlayersWorlds.Maps.MazeGeneratorTest" runstate="Runnable" seed="2104182710" result="Passed" start-time="2024-01-04T04:53:59.6825790Z" end-time="2024-01-04T04:53:59.6830110Z" duration="0.000432" asserts="2">
                <properties />
                <output><![CDATA[HuntAndKillMazeGenerator: Generating maze 3x4 with PlayersWorlds.Maps.Maze.GeneratorOptions(Full, None, <null>, PlayersWorlds.Maps.Areas.RandomAreaGenerator+GeneratorSettings, <null>)
]]></output>
              </test-case>
              <test-case id="0-1037" name="CanGenerateMazes(PlayersWorlds.Maps.Maze.RecursiveBacktrackerMazeGenerator)" fullname="PlayersWorlds.Maps.MazeGeneratorTest.CanGenerateMazes(PlayersWorlds.Maps.Maze.RecursiveBacktrackerMazeGenerator)" methodname="CanGenerateMazes" classname="PlayersWorlds.Maps.MazeGeneratorTest" runstate="Runnable" seed="72354115" result="Passed" start-time="2024-01-04T04:53:59.6830180Z" end-time="2024-01-04T04:53:59.6835340Z" duration="0.000516" asserts="2">
                <properties />
                <output><![CDATA[RecursiveBacktrackerMazeGenerator: Generating maze 3x4 with PlayersWorlds.Maps.Maze.GeneratorOptions(Full, None, <null>, PlayersWorlds.Maps.Areas.RandomAreaGenerator+GeneratorSettings, <null>)
]]></output>
              </test-case>
              <test-case id="0-1038" name="CanGenerateMazes(PlayersWorlds.Maps.Maze.SidewinderMazeGenerator)" fullname="PlayersWorlds.Maps.MazeGeneratorTest.CanGenerateMazes(PlayersWorlds.Maps.Maze.SidewinderMazeGenerator)" methodname="CanGenerateMazes" classname="PlayersWorlds.Maps.MazeGeneratorTest" runstate="Runnable" seed="355477557" result="Passed" start-time="2024-01-04T04:53:59.6835410Z" end-time="2024-01-04T04:53:59.6836690Z" duration="0.000128" asserts="2">
                <properties />
                <output><![CDATA[SidewinderMazeGenerator: Generating maze 3x4 with PlayersWorlds.Maps.Maze.GeneratorOptions(Full, None, <null>, PlayersWorlds.Maps.Areas.RandomAreaGenerator+GeneratorSettings, <null>)
]]></output>
              </test-case>
              <test-case id="0-1039" name="CanGenerateMazes(PlayersWorlds.Maps.Maze.WilsonsMazeGenerator)" fullname="PlayersWorlds.Maps.MazeGeneratorTest.CanGenerateMazes(PlayersWorlds.Maps.Maze.WilsonsMazeGenerator)" methodname="CanGenerateMazes" classname="PlayersWorlds.Maps.MazeGeneratorTest" runstate="Runnable" seed="1314143411" result="Passed" start-time="2024-01-04T04:53:59.6836760Z" end-time="2024-01-04T04:53:59.6842890Z" duration="0.000613" asserts="2">
                <properties />
                <output><![CDATA[WilsonsMazeGenerator: Generating maze 3x4 with PlayersWorlds.Maps.Maze.GeneratorOptions(Full, None, <null>, PlayersWorlds.Maps.Areas.RandomAreaGenerator+GeneratorSettings, <null>)
]]></output>
              </test-case>
            </test-suite>
            <test-case id="0-1043" name="IsFillComplete_Full" fullname="PlayersWorlds.Maps.MazeGeneratorTest.IsFillComplete_Full" methodname="IsFillComplete_Full" classname="PlayersWorlds.Maps.MazeGeneratorTest" runstate="Runnable" seed="27779184" result="Passed" start-time="2024-01-04T04:53:59.6843050Z" end-time="2024-01-04T04:53:59.7129910Z" duration="0.028686" asserts="1">
              <properties />
              <output><![CDATA[AldousBroderMazeGenerator: Generating maze 10x10 with PlayersWorlds.Maps.Maze.GeneratorOptions(Full, None, <null>, PlayersWorlds.Maps.Areas.RandomAreaGenerator+GeneratorSettings, <null>)
┌───┬───────┬───────┬───────────────────┐
│ 0 │       │ 7   8 │     c   d   e     │
│   └───┐   ╵   ╷   └───╴   ╶───┐   ╷   │
│ 1   2 │ 5   6 │ 9   a   b     │ f │   │
│   ╷   ╵   ┌───┼───╴   ┌───────┘   └───┤
│   │ 3   4 │   │       │ 12  11  10    │
├───┴───────┘   │   ┌───┘   ╷   ╷   ┌───┤
│               │   │ 14  13│   │   │   │
├───────╴   ╶───┼───┤   ╷   │   ├───┘   │
│     1b  1a    │   │ 15│   │   │ 32  31│
├───╴   ╷   ╶───┘   ╵   │   ├───┘   ╷   │
│ 1d  1c│ 19  18  17  16│   │ 34  33│ 30│
│   ┌───┴───┐   ╷   ┌───┴───┴───────┤   │
│ 1e│       │   │   │ 29  2a  2b  2c│ 2f│
│   ├───╴   │   ├───┤   ┌───────┐   ╵   │
│ 1f│       │   │   │ 28│       │ 2d  2e│
│   ╵   ╶───┼───┘   ╵   ├───╴   ╵   ╶───┤
│ 20        │ 25  26  27│               │
│   ╶───────┘   ╷   ┌───┘   ┌───╴   ╶───┤
│ 21  22  23  24│   │       │           │
└───────────────┴───┴───────┴───────────┘

]]></output>
            </test-case>
            <test-case id="0-1048" name="IsFillComplete_FullHeight" fullname="PlayersWorlds.Maps.MazeGeneratorTest.IsFillComplete_FullHeight" methodname="IsFillComplete_FullHeight" classname="PlayersWorlds.Maps.MazeGeneratorTest" runstate="Runnable" seed="1178866513" result="Passed" start-time="2024-01-04T04:53:59.7130120Z" end-time="2024-01-04T04:53:59.7181090Z" duration="0.005098" asserts="1">
              <properties />
              <output><![CDATA[AldousBroderMazeGenerator: Generating maze 10x10 with PlayersWorlds.Maps.Maze.GeneratorOptions(FullHeight, None, <null>, PlayersWorlds.Maps.Areas.RandomAreaGenerator+GeneratorSettings, <null>)
┌───────────┐                            
│ 0   1   2 │                            
└───────┐   └───┐   ┌───────┐            
        │ 3   4 │   │       │            
        └───┐   └───┤   ╷   │            
            │ 5   6 │   │   │            
            ├───╴   ╵   ├───┘            
            │ 8   7     │                
            │   ╶───────┤       ┌───────┐
            │ 9   a   b │       │ 18  17│
            └───┬───┐   │       └───┐   │
                │   │ c │           │ 16│
                │   ╵   ├───────┬───┘   │
                │ e   d │       │ 14  15│
                │   ╶───┴───╴   ╵   ╶───┤
                │ f   10  11  12  13    │
                └───┐   ╷   ╷   ╷   ╷   │
                    │   │   │   │   │   │
                    └───┤   └───┤   │   │
                        │       │   │   │
                        └───────┴───┴───┘

]]></output>
            </test-case>
            <test-case id="0-1047" name="IsFillComplete_FullWidth" fullname="PlayersWorlds.Maps.MazeGeneratorTest.IsFillComplete_FullWidth" methodname="IsFillComplete_FullWidth" classname="PlayersWorlds.Maps.MazeGeneratorTest" runstate="Runnable" seed="885545881" result="Passed" start-time="2024-01-04T04:53:59.7181190Z" end-time="2024-01-04T04:53:59.7219290Z" duration="0.003810" asserts="1">
              <properties />
              <output><![CDATA[AldousBroderMazeGenerator: Generating maze 10x10 with PlayersWorlds.Maps.Maze.GeneratorOptions(FullWidth, None, <null>, PlayersWorlds.Maps.Areas.RandomAreaGenerator+GeneratorSettings, <null>)
        ┌───┐       ┌───┬───────────┐    
        │   │       │   │           │    
        │   └───────┘   │   ╶───┬───┘    
        │ 6   7   8   9 │       │        
┌───────┤   ┌───┬───┐   ╵   ╷   └───┐    
│ 1   2 │ 5 │   │   │ a   b │       │    
│   ╷   ╵   │   │   ╵   ╷   ├───┐   │    
│ 0 │ 3   4 │   │       │ c │   │   │    
└───┴───────┘   └───┬───┘   ╵   │   │    
                    │     d   e │   │    
                    └───────┐   └───┤    
                            │ f   10│    
                            └───┐   │    
                                │ 11│    
                                │   │    
                                │ 12│    
                                │   │    
                                │ 13│    
                                │   │    
                                │ 14│    
                                └───┘    

]]></output>
            </test-case>
[...]
              <properties />
              <output><![CDATA[BinaryTreeMazeGenerator: Generating maze 10x10 with PlayersWorlds.Maps.Maze.GeneratorOptions(Half, None, <null>, PlayersWorlds.Maps.Areas.RandomAreaGenerator+GeneratorSettings, <null>)
SidewinderMazeGenerator: Generating maze 10x10 with PlayersWorlds.Maps.Maze.GeneratorOptions(Half, None, <null>, PlayersWorlds.Maps.Areas.RandomAreaGenerator+GeneratorSettings, <null>)
]]></output>
            </test-case>
            <test-case id="0-1554" name="WrongGeneratorOptions" fullname="PlayersWorlds.Maps.MazeGeneratorTest.WrongGeneratorOptions" methodname="WrongGeneratorOptions" classname="PlayersWorlds.Maps.MazeGeneratorTest" runstate="Runnable" seed="788802966" result="Passed" start-time="2024-01-04T04:53:59.7583160Z" end-time="2024-01-04T04:53:59.7599150Z" duration="0.001599" asserts="4">
              <properties />
              <output><![CDATA[TestGeneratorB: Generating maze 3x4 with PlayersWorlds.Maps.Maze.GeneratorOptions(Full, None, <null>, PlayersWorlds.Maps.Areas.RandomAreaGenerator+GeneratorSettings, PlayersWorlds.Maps.MazeGeneratorTest+TestGeneratorB)
]]></output>
            </test-case>
          </test-suite>
          <test-suite type="TestFixture" id="0-1569" name="OptionalTest" fullname="PlayersWorlds.Maps.OptionalTest" classname="PlayersWorlds.Maps.OptionalTest" runstate="Runnable" testcasecount="7" result="Passed" start-time="2024-01-04T04:53:59.7599530Z" end-time="2024-01-04T04:53:59.7614510Z" duration="0.001498" total="7" passed="7" failed="0" warnings="0" inconclusive="0" skipped="0" asserts="24">
            <properties />
            <test-case id="0-1575" name="Optional_CanBeCastToT" fullname="PlayersWorlds.Maps.OptionalTest.Optional_CanBeCastToT" methodname="Optional_CanBeCastToT" classname="PlayersWorlds.Maps.OptionalTest" runstate="Runnable" seed="1807507776" result="Passed" start-time="2024-01-04T04:53:59.7600030Z" end-time="2024-01-04T04:53:59.7601320Z" duration="0.000128" asserts="1">
              <properties />
            </test-case>
            <test-case id="0-1570" name="Optional_Equality" fullname="PlayersWorlds.Maps.OptionalTest.Optional_Equality" methodname="Optional_Equality" classname="PlayersWorlds.Maps.OptionalTest" runstate="Runnable" seed="31904776" result="Passed" start-time="2024-01-04T04:53:59.7601390Z" end-time="2024-01-04T04:53:59.7602830Z" duration="0.000144" asserts="2">
              <properties />
            </test-case>
            <test-case id="0-1572" name="Optional_Equals" fullname="PlayersWorlds.Maps.OptionalTest.Optional_Equals" methodname="Optional_Equals" classname="PlayersWorlds.Maps.OptionalTest" runstate="Runnable" seed="795003625" result="Passed" start-time="2024-01-04T04:53:59.7602900Z" end-time="2024-01-04T04:53:59.7605470Z" duration="0.000258" asserts="5">
              <properties />
            </test-case>
            <test-case id="0-1574" name="Optional_GetHashCode" fullname="PlayersWorlds.Maps.OptionalTest.Optional_GetHashCode" methodname="Optional_GetHashCode" classname="PlayersWorlds.Maps.OptionalTest" runstate="Runnable" seed="1011404112" result="Passed" start-time="2024-01-04T04:53:59.7605540Z" end-time="2024-01-04T04:53:59.7607750Z" duration="0.000221" asserts="3">
              <properties />
            </test-case>
            <test-case id="0-1573" name="Optional_Null" fullname="PlayersWorlds.Maps.OptionalTest.Optional_Null" methodname="Optional_Null" classname="PlayersWorlds.Maps.OptionalTest" runstate="Runnable" seed="1717126591" result="Passed" start-time="2024-01-04T04:53:59.7607830Z" end-time="2024-01-04T04:53:59.7611260Z" duration="0.000343" asserts="9">
              <properties />
            </test-case>
            <test-case id="0-1571" name="Optional_ThrowsIfNoValue" fullname="PlayersWorlds.Maps.OptionalTest.Optional_ThrowsIfNoValue" methodname="Optional_ThrowsIfNoValue" classname="PlayersWorlds.Maps.OptionalTest" runstate="Runnable" seed="98789977" result="Passed" start-time="2024-01-04T04:53:59.7611320Z" end-time="2024-01-04T04:53:59.7612820Z" duration="0.000150" asserts="2">
              <properties />
            </test-case>
            <test-case id="0-1576" name="Optional_ToStringShowsValue" fullname="PlayersWorlds.Maps.OptionalTest.Optional_ToStringShowsValue" methodname="Optional_ToStringShowsValue" classname="PlayersWorlds.Maps.OptionalTest" runstate="Runnable" seed="1511258288" result="Passed" start-time="2024-01-04T04:53:59.7612910Z" end-time="2024-01-04T04:53:59.7614390Z" duration="0.000149" asserts="2">
              <properties />
            </test-case>
          </test-suite>
          <test-suite type="TestSuite" id="0-1743" name="Renderers" fullname="PlayersWorlds.Maps.Renderers" runstate="Runnable" testcasecount="1" result="Passed" start-time="2024-01-04T04:53:59.3665070Z" end-time="2024-01-04T04:53:59.7620780Z" duration="0.395571" total="1" passed="1" failed="0" warnings="0" inconclusive="0" skipped="0" asserts="1">
            <properties />
            <test-suite type="TestFixture" id="0-1615" name="Map2DAsciiRendererTest" fullname="PlayersWorlds.Maps.Renderers.Map2DAsciiRendererTest" classname="PlayersWorlds.Maps.Renderers.Map2DAsciiRendererTest" runstate="Runnable" testcasecount="1" result="Passed" start-time="2024-01-04T04:53:59.7614640Z" end-time="2024-01-04T04:53:59.7620720Z" duration="0.000609" total="1" passed="1" failed="0" warnings="0" inconclusive="0" skipped="0" asserts="1">
              <properties />
              <test-case id="0-1616" name="TestRender" fullname="PlayersWorlds.Maps.Renderers.Map2DAsciiRendererTest.TestRender" methodname="TestRender" classname="PlayersWorlds.Maps.Renderers.Map2DAsciiRendererTest" runstate="Runnable" seed="253344246" result="Passed" start-time="2024-01-04T04:53:59.7615020Z" end-time="2024-01-04T04:53:59.7620610Z" duration="0.000559" asserts="1">
                <properties />
                <output><![CDATA[▓▓▓▓▓
▓░░░▓
▓░▒░▓
▓░░░▓
▓▓▓▓▓

]]></output>
              </test-case>
            </test-suite>
          </test-suite>
          <test-suite type="TestFixture" id="0-1586" name="VectorDTest" fullname="PlayersWorlds.Maps.VectorDTest" classname="PlayersWorlds.Maps.VectorDTest" runstate="Runnable" testcasecount="11" result="Passed" start-time="2024-01-04T04:53:59.7620870Z" end-time="2024-01-04T04:53:59.7651480Z" duration="0.003061" total="11" passed="11" failed="0" warnings="0" inconclusive="0" skipped="0" asserts="33">
            <properties />
            <test-case id="0-1594" name="CanAddAndSubtract" fullname="PlayersWorlds.Maps.VectorDTest.CanAddAndSubtract" methodname="CanAddAndSubtract" classname="PlayersWorlds.Maps.VectorDTest" runstate="Runnable" seed="109872947" result="Passed" start-time="2024-01-04T04:53:59.7621290Z" end-time="2024-01-04T04:53:59.7625790Z" duration="0.000449" asserts="5">
              <properties />
            </test-case>
            <test-case id="0-1595" name="ConstructorChecksArguments" fullname="PlayersWorlds.Maps.VectorDTest.ConstructorChecksArguments" methodname="ConstructorChecksArguments" classname="PlayersWorlds.Maps.VectorDTest" runstate="Runnable" seed="1772931721" result="Passed" start-time="2024-01-04T04:53:59.7625850Z" end-time="2024-01-04T04:53:59.7626860Z" duration="0.000101" asserts="1">
              <properties />
            </test-case>
            <test-case id="0-1588" name="EqualityIsCheckedByValue" fullname="PlayersWorlds.Maps.VectorDTest.EqualityIsCheckedByValue" methodname="EqualityIsCheckedByValue" classname="PlayersWorlds.Maps.VectorDTest" runstate="Runnable" seed="1019488614" result="Passed" start-time="2024-01-04T04:53:59.7626920Z" end-time="2024-01-04T04:53:59.7628600Z" duration="0.000168" asserts="4">
              <properties />
            </test-case>
            <test-case id="0-1589" name="GetHashCodeIsDerivedFromValue" fullname="PlayersWorlds.Maps.VectorDTest.GetHashCodeIsDerivedFromValue" methodname="GetHashCodeIsDerivedFromValue" classname="PlayersWorlds.Maps.VectorDTest" runstate="Runnable" seed="510917344" result="Passed" start-time="2024-01-04T04:53:59.7628660Z" end-time="2024-01-04T04:53:59.7631080Z" duration="0.000242" asserts="1">
              <properties />
            </test-case>
            <test-case id="0-1592" name="InitializedAsNull" fullname="PlayersWorlds.Maps.VectorDTest.InitializedAsNull" methodname="InitializedAsNull" classname="PlayersWorlds.Maps.VectorDTest" runstate="Runnable" seed="406237345" result="Passed" start-time="2024-01-04T04:53:59.7631150Z" end-time="2024-01-04T04:53:59.7632190Z" duration="0.000104" asserts="1">
              <properties />
            </test-case>
            <test-case id="0-1591" name="InitializedEmpty" fullname="PlayersWorlds.Maps.VectorDTest.InitializedEmpty" methodname="InitializedEmpty" classname="PlayersWorlds.Maps.VectorDTest" runstate="Runnable" seed="555260901" result="Passed" start-time="2024-01-04T04:53:59.7632260Z" end-time="2024-01-04T04:53:59.7635120Z" duration="0.000286" asserts="4">
              <properties />
            </test-case>
            <test-case id="0-1587" name="IsInitialized" fullname="PlayersWorlds.Maps.VectorDTest.IsInitialized" methodname="IsInitialized" classname="PlayersWorlds.Maps.VectorDTest" runstate="Runnable" seed="1936544467" result="Passed" start-time="2024-01-04T04:53:59.7635210Z" end-time="2024-01-04T04:53:59.7638130Z" duration="0.000292" asserts="2">
              <properties />
            </test-case>
            <test-case id="0-1593" name="IsZero" fullname="PlayersWorlds.Maps.VectorDTest.IsZero" methodname="IsZero" classname="PlayersWorlds.Maps.VectorDTest" runstate="Runnable" seed="1339898361" result="Passed" start-time="2024-01-04T04:53:59.7638200Z" end-time="2024-01-04T04:53:59.7640460Z" duration="0.000226" asserts="3">
              <properties />
            </test-case>
            <test-case id="0-1596" name="SnappedForce" fullname="PlayersWorlds.Maps.VectorDTest.SnappedForce" methodname="SnappedForce" classname="PlayersWorlds.Maps.VectorDTest" runstate="Runnable" seed="331770999" result="Passed" start-time="2024-01-04T04:53:59.7640530Z" end-time="2024-01-04T04:53:59.7645900Z" duration="0.000537" asserts="9">
              <properties />
            </test-case>
            <test-case id="0-1590" name="ToStringFormat" fullname="PlayersWorlds.Maps.VectorDTest.ToStringFormat" methodname="ToStringFormat" classname="PlayersWorlds.Maps.VectorDTest" runstate="Runnable" seed="1284460634" result="Passed" start-time="2024-01-04T04:53:59.7645980Z" end-time="2024-01-04T04:53:59.7646800Z" duration="0.000083" asserts="1">
              <properties />
            </test-case>
            <test-case id="0-1597" name="VectorD_Parse" fullname="PlayersWorlds.Maps.VectorDTest.VectorD_Parse" methodname="VectorD_Parse" classname="PlayersWorlds.Maps.VectorDTest" runstate="Runnable" seed="294552114" result="Passed" start-time="2024-01-04T04:53:59.7646860Z" end-time="2024-01-04T04:53:59.7651350Z" duration="0.000448" asserts="2">
              <properties />
            </test-case>
          </test-suite>
          <test-suite type="TestFixture" id="0-1598" name="VectorTest" fullname="PlayersWorlds.Maps.VectorTest" classname="PlayersWorlds.Maps.VectorTest" runstate="Runnable" testcasecount="16" result="Passed" start-time="2024-01-04T04:53:59.7651600Z" end-time="2024-01-04T04:53:59.7678720Z" duration="0.002712" total="16" passed="16" failed="0" warnings="0" inconclusive="0" skipped="0" asserts="44">
            <properties />
            <test-case id="0-1600" name="Size_NotInitialized" fullname="PlayersWorlds.Maps.VectorTest.Size_NotInitialized" methodname="Size_NotInitialized" classname="PlayersWorlds.Maps.VectorTest" runstate="Runnable" seed="1189940444" result="Passed" start-time="2024-01-04T04:53:59.7652000Z" end-time="2024-01-04T04:53:59.7654680Z" duration="0.000269" asserts="2">
              <properties />
            </test-case>
            <test-case id="0-1608" name="Vector_CanAddAndSubtract" fullname="PlayersWorlds.Maps.VectorTest.Vector_CanAddAndSubtract" methodname="Vector_CanAddAndSubtract" classname="PlayersWorlds.Maps.VectorTest" runstate="Runnable" seed="1738741891" result="Passed" start-time="2024-01-04T04:53:59.7654750Z" end-time="2024-01-04T04:53:59.7658520Z" duration="0.000376" asserts="6">
              <properties />
            </test-case>
            <test-case id="0-1609" name="Vector_ConstructorChecksArguments" fullname="PlayersWorlds.Maps.VectorTest.Vector_ConstructorChecksArguments" methodname="Vector_ConstructorChecksArguments" classname="PlayersWorlds.Maps.VectorTest" runstate="Runnable" seed="402020419" result="Passed" start-time="2024-01-04T04:53:59.7658580Z" end-time="2024-01-04T04:53:59.7659580Z" duration="0.000100" asserts="1">
              <properties />
            </test-case>
            <test-case id="0-1606" name="Vector_EmptyIsEmpty" fullname="PlayersWorlds.Maps.VectorTest.Vector_EmptyIsEmpty" methodname="Vector_EmptyIsEmpty" classname="PlayersWorlds.Maps.VectorTest" runstate="Runnable" seed="1238783419" result="Passed" start-time="2024-01-04T04:53:59.7659640Z" end-time="2024-01-04T04:53:59.7660220Z" duration="0.000057" asserts="1">
              <properties />
            </test-case>
            <test-case id="0-1605" name="Vector_EmptyVectorIsEmpty" fullname="PlayersWorlds.Maps.VectorTest.Vector_EmptyVectorIsEmpty" methodname="Vector_EmptyVectorIsEmpty" classname="PlayersWorlds.Maps.VectorTest" runstate="Runnable" seed="1522116625" result="Passed" start-time="2024-01-04T04:53:59.7660280Z" end-time="2024-01-04T04:53:59.7660870Z" duration="0.000059" asserts="1">
              <properties />
            </test-case>
            <test-case id="0-1601" name="Vector_EqualityIsCheckedByValue" fullname="PlayersWorlds.Maps.VectorTest.Vector_EqualityIsCheckedByValue" methodname="Vector_EqualityIsCheckedByValue" classname="PlayersWorlds.Maps.VectorTest" runstate="Runnable" seed="849478576" result="Passed" start-time="2024-01-04T04:53:59.7660930Z" end-time="2024-01-04T04:53:59.7662490Z" duration="0.000156" asserts="5">
              <properties />
            </test-case>
            <test-case id="0-1613" name="Vector_FromIndex" fullname="PlayersWorlds.Maps.VectorTest.Vector_FromIndex" methodname="Vector_FromIndex" classname="PlayersWorlds.Maps.VectorTest" runstate="Runnable" seed="121393379" result="Passed" start-time="2024-01-04T04:53:59.7662550Z" end-time="2024-01-04T04:53:59.7663850Z" duration="0.000129" asserts="2">
              <properties />
            </test-case>
            <test-case id="0-1602" name="Vector_GetHashCodeIsDerivedFromValue" fullname="PlayersWorlds.Maps.VectorTest.Vector_GetHashCodeIsDerivedFromValue" methodname="Vector_GetHashCodeIsDerivedFromValue" classname="PlayersWorlds.Maps.VectorTest" runstate="Runnable" seed="1417014695" result="Passed" start-time="2024-01-04T04:53:59.7663910Z" end-time="2024-01-04T04:53:59.7666270Z" duration="0.000236" asserts="2">
              <properties />
            </test-case>
            <test-case id="0-1599" name="Vector_IsInitialized" fullname="PlayersWorlds.Maps.VectorTest.Vector_IsInitialized" methodname="Vector_IsInitialized" classname="PlayersWorlds.Maps.VectorTest" runstate="Runnable" seed="1903274358" result="Passed" start-time="2024-01-04T04:53:59.7666330Z" end-time="2024-01-04T04:53:59.7666970Z" duration="0.000064" asserts="2">
              <properties />
            </test-case>
            <test-case id="0-1607" name="Vector_NotEqualToNull" fullname="PlayersWorlds.Maps.VectorTest.Vector_NotEqualToNull" methodname="Vector_NotEqualToNull" classname="PlayersWorlds.Maps.VectorTest" runstate="Runnable" seed="806152439" result="Passed" start-time="2024-01-04T04:53:59.7667020Z" end-time="2024-01-04T04:53:59.7668440Z" duration="0.000141" asserts="3">
              <properties />
            </test-case>
            <test-case id="0-1611" name="Vector_SnappedForce" fullname="PlayersWorlds.Maps.VectorTest.Vector_SnappedForce" methodname="Vector_SnappedForce" classname="PlayersWorlds.Maps.VectorTest" runstate="Runnable" seed="1255269948" result="Passed" start-time="2024-01-04T04:53:59.7668500Z" end-time="2024-01-04T04:53:59.7672080Z" duration="0.000358" asserts="9">
              <properties />
            </test-case>
            <test-case id="0-1610" name="Vector_ThrowsIfNotAValidSize" fullname="PlayersWorlds.Maps.VectorTest.Vector_ThrowsIfNotAValidSize" methodname="Vector_ThrowsIfNotAValidSize" classname="PlayersWorlds.Maps.VectorTest" runstate="Runnable" seed="1816963386" result="Passed" start-time="2024-01-04T04:53:59.7672150Z" end-time="2024-01-04T04:53:59.7674510Z" duration="0.000236" asserts="3">
              <properties />
            </test-case>
            <test-case id="0-1612" name="Vector_ToIndex" fullname="PlayersWorlds.Maps.VectorTest.Vector_ToIndex" methodname="Vector_ToIndex" classname="PlayersWorlds.Maps.VectorTest" runstate="Runnable" seed="1700096233" result="Passed" start-time="2024-01-04T04:53:59.7674600Z" end-time="2024-01-04T04:53:59.7676350Z" duration="0.000175" asserts="3">
              <properties />
            </test-case>
            <test-case id="0-1603" name="Vector_ToStringFormat" fullname="PlayersWorlds.Maps.VectorTest.Vector_ToStringFormat" methodname="Vector_ToStringFormat" classname="PlayersWorlds.Maps.VectorTest" runstate="Runnable" seed="2037358091" result="Passed" start-time="2024-01-04T04:53:59.7676420Z" end-time="2024-01-04T04:53:59.7677100Z" duration="0.000068" asserts="2">
              <properties />
            </test-case>
            <test-case id="0-1604" name="Vector_ZeroVectorIsNotEmpty" fullname="PlayersWorlds.Maps.VectorTest.Vector_ZeroVectorIsNotEmpty" methodname="Vector_ZeroVectorIsNotEmpty" classname="PlayersWorlds.Maps.VectorTest" runstate="Runnable" seed="1637203033" result="Passed" start-time="2024-01-04T04:53:59.7677160Z" end-time="2024-01-04T04:53:59.7677810Z" duration="0.000066" asserts="1">
              <properties />
            </test-case>
            <test-case id="0-1614" name="VectorD_Parse" fullname="PlayersWorlds.Maps.VectorTest.VectorD_Parse" methodname="VectorD_Parse" classname="PlayersWorlds.Maps.VectorTest" runstate="Runnable" seed="1761433894" result="Passed" start-time="2024-01-04T04:53:59.7677870Z" end-time="2024-01-04T04:53:59.7678610Z" duration="0.000074" asserts="1">
              <properties />
            </test-case>
          </test-suite>
        </test-suite>
      </test-suite>
      <test-suite type="TestFixture" id="0-1000" name="RandomAreaGeneratorTest" fullname="RandomAreaGeneratorTest" classname="RandomAreaGeneratorTest" runstate="Runnable" testcasecount="2" result="Passed" start-time="2024-01-04T04:53:59.7678960Z" end-time="2024-01-04T04:53:59.7784750Z" duration="0.010580" total="2" passed="2" failed="0" warnings="0" inconclusive="0" skipped="0" asserts="4052">
        <properties />
        <test-case id="0-1001" name="ZoneGenerator_CanGenerateZones" fullname="RandomAreaGeneratorTest.ZoneGenerator_CanGenerateZones" methodname="ZoneGenerator_CanGenerateZones" classname="RandomAreaGeneratorTest" runstate="Runnable" seed="213916097" result="Passed" start-time="2024-01-04T04:53:59.7679350Z" end-time="2024-01-04T04:53:59.7779370Z" duration="0.010002" asserts="4006">
          <properties />
        </test-case>
        <test-case id="0-1002" name="ZoneGenerator_CustomSettings" fullname="RandomAreaGeneratorTest.ZoneGenerator_CustomSettings" methodname="ZoneGenerator_CustomSettings" classname="RandomAreaGeneratorTest" runstate="Runnable" seed="1540548321" result="Passed" start-time="2024-01-04T04:53:59.7779460Z" end-time="2024-01-04T04:53:59.7784630Z" duration="0.000518" asserts="46">
          <properties />
        </test-case>
      </test-suite>
    </test-suite>
  </test-suite>
</test-run>