<?xml version="1.0" encoding="utf-8" standalone="no"?>
<test-run id="0" runstate="Runnable" testcasecount="1015" result="Failed" total="1" passed="0" failed="1" warnings="0" inconclusive="0" skipped="0" asserts="1" engine-version="3.17.0.0" clr-version="4.0.30319.42000" start-time="2024-03-11 13:53:10Z" end-time="2024-03-11 13:54:11Z" duration="61.356804">
  <command-line><![CDATA[/home/data/repos/github.com/aynurin/maze-gen/packages/NUnit.ConsoleRunner.3.17.0/tools/nunit3-console.exe build/Debug/tests/PlayersWorlds.Maps.Tests.dll --framework=mono-4.0 --where=Category=Load]]></command-line>
  <filter>
    <prop name="Category">Load</prop>
  </filter>
  <test-suite type="Assembly" id="1-2062" name="PlayersWorlds.Maps.Tests.dll" fullname="/home/data/repos/github.com/aynurin/maze-gen/build/Debug/tests/PlayersWorlds.Maps.Tests.dll" runstate="Runnable" testcasecount="1015" result="Failed" site="Child" start-time="2024-03-11T13:53:10.5529170Z" end-time="2024-03-11T13:54:11.4646280Z" duration="60.911645" total="1" passed="0" failed="1" warnings="0" inconclusive="0" skipped="0" asserts="1">
    <environment framework-version="4.0.1.0" clr-version="4.0.30319.42000" os-version="Unix 6.1.71.1" platform="Unix" cwd="/home/data/repos/github.com/aynurin/maze-gen" machine-name="lightview" user="shav" user-domain="lightview" culture="en-US" uiculture="en-US" os-architecture="x64" />
    <settings>
      <setting name="RequestedRuntimeFramework" value="mono-4.0" />
      <setting name="DisposeRunners" value="True" />
      <setting name="WorkDirectory" value="/home/data/repos/github.com/aynurin/maze-gen" />
      <setting name="ImageRuntimeVersion" value="4.0.30319" />
      <setting name="ImageTargetFrameworkName" value=".NETFramework,Version=v4.7" />
      <setting name="ImageRequiresX86" value="False" />
      <setting name="ImageRequiresDefaultAppDomainAssemblyResolver" value="False" />
      <setting name="TargetRuntimeFramework" value="mono-4.0" />
      <setting name="NumberOfTestWorkers" value="24" />
    </settings>
    <properties>
      <property name="_PID" value="4139433" />
      <property name="_APPDOMAIN" value="domain-" />
    </properties>
    <failure>
      <message><![CDATA[One or more child tests had errors]]></message>
    </failure>
    <test-suite type="SetUpFixture" id="1-1003" name="[default namespace]" fullname="TestsSetup" classname="TestsSetup" runstate="Runnable" testcasecount="1015" result="Failed" site="Child" start-time="2024-03-11T13:53:10.5577170Z" end-time="2024-03-11T13:54:11.4646170Z" duration="60.906900" total="1" passed="0" failed="1" warnings="0" inconclusive="0" skipped="0" asserts="1">
      <failure>
        <message><![CDATA[One or more child tests had errors]]></message>
      </failure>
      <output><![CDATA[[3/11/2024 6:53:10 AM] [TestsSetup-0] Running tests with seed 560
]]></output>
      <test-suite type="TestSuite" id="1-2063" name="PlayersWorlds" fullname="PlayersWorlds" runstate="Runnable" testcasecount="1013" result="Failed" site="Child" start-time="2024-03-11T13:53:10.5718340Z" end-time="2024-03-11T13:54:11.4640760Z" duration="60.892242" total="1" passed="0" failed="1" warnings="0" inconclusive="0" skipped="0" asserts="1">
        <failure>
          <message><![CDATA[One or more child tests had errors]]></message>
        </failure>
        <test-suite type="TestSuite" id="1-2064" name="Maps" fullname="PlayersWorlds.Maps" runstate="Runnable" testcasecount="1013" result="Failed" site="Child" start-time="2024-03-11T13:53:10.5719050Z" end-time="2024-03-11T13:54:11.4640720Z" duration="60.892167" total="1" passed="0" failed="1" warnings="0" inconclusive="0" skipped="0" asserts="1">
          <failure>
            <message><![CDATA[One or more child tests had errors]]></message>
          </failure>
          <test-suite type="TestSuite" id="1-2069" name="Areas" fullname="PlayersWorlds.Maps.Areas" runstate="Runnable" testcasecount="138" result="Failed" site="Child" start-time="2024-03-11T13:53:10.5719130Z" end-time="2024-03-11T13:54:11.4640670Z" duration="60.892154" total="1" passed="0" failed="1" warnings="0" inconclusive="0" skipped="0" asserts="1">
            <failure>
              <message><![CDATA[One or more child tests had errors]]></message>
            </failure>
            <test-suite type="TestSuite" id="1-2070" name="Evolving" fullname="PlayersWorlds.Maps.Areas.Evolving" runstate="Runnable" testcasecount="133" result="Failed" site="Child" start-time="2024-03-11T13:53:10.5719210Z" end-time="2024-03-11T13:54:11.4640590Z" duration="60.892138" total="1" passed="0" failed="1" warnings="0" inconclusive="0" skipped="0" asserts="1">
              <failure>
                <message><![CDATA[One or more child tests had errors]]></message>
              </failure>
              <test-suite type="TestFixture" id="1-1917" name="AreaDistributorLoadTest" fullname="PlayersWorlds.Maps.Areas.Evolving.AreaDistributorLoadTest" classname="PlayersWorlds.Maps.Areas.Evolving.AreaDistributorLoadTest" runstate="Runnable" testcasecount="1" result="Failed" site="Child" start-time="2024-03-11T13:53:10.5719330Z" end-time="2024-03-11T13:54:11.4635230Z" duration="60.891590" total="1" passed="0" failed="1" warnings="0" inconclusive="0" skipped="0" asserts="1">
                <failure>
                  <message><![CDATA[One or more child tests had errors]]></message>
                </failure>
                <test-case id="1-1918" name="AreaDistributor_LoadTest" fullname="PlayersWorlds.Maps.Areas.Evolving.AreaDistributorLoadTest.AreaDistributor_LoadTest" methodname="AreaDistributor_LoadTest" classname="PlayersWorlds.Maps.Areas.Evolving.AreaDistributorLoadTest" runstate="Runnable" seed="430915579" result="Failed" start-time="2024-03-11T13:53:10.5720150Z" end-time="2024-03-11T13:54:11.4606190Z" duration="60.888720" asserts="1">
                  <properties>
                    <property name="Category" value="Load" />
                  </properties>
                  <failure>
                    <message><![CDATA[  Passed: 999, Failed: 1
Assert.That(, )
  Expected: True
  But was:  False
]]></message>
                    <stack-trace><![CDATA[  at PlayersWorlds.Maps.Areas.Evolving.AreaDistributorLoadTest.AreaDistributor_LoadTest () [0x00043] in /home/data/repos/github.com/aynurin/maze-gen/tests/areas/evolving/AreaDistributorLoadTest.cs:47 
]]></stack-trace>
                  </failure>
                  <output><![CDATA[PlayersWorlds.Maps.Areas.Evolving.AreaDistributorHelper+DistributeResult(	Log = TestLog
, 	OriginalOutOfBounds = List`1<MapArea>()
, 	OriginalOverlapping = List`1<MapArea>(P2x4;S1x12;None;, P2x6;S1x2;None;)
, 	OriginalAreas = List`1<MapArea>(P2x4;S1x12;None;, P0x13;S1x14;None;, P2x6;S1x2;None;, P2x32;S1x9;None;, P1x17;S1x12;None;)
, 	PlacedOutOfBounds = List`1<MapArea>(P2x39;S1x9;None;)
, 	PlacedOverlapping = List`1<MapArea>()
, 	PlacedAreas = List`1<MapArea>(P2x2;S1x12;None;, P1x13;S1x14;None;, P2x0;S1x2;None;, P2x39;S1x9;None;, P2x27;S1x12;None;)
, 	MaxEpochs = 100
, 	TestString = yield return "5x47: P2x4;S1x12 P0x13;S1x14 P2x6;S1x2 P2x32;S1x9 P1x17;S1x12"
)
]]></output>
                  <assertions>
                    <assertion result="Failed">
                      <message><![CDATA[  Passed: 999, Failed: 1
Assert.That(, )
  Expected: True
  But was:  False
]]></message>
                      <stack-trace><![CDATA[  at PlayersWorlds.Maps.Areas.Evolving.AreaDistributorLoadTest.AreaDistributor_LoadTest () [0x00043] in /home/data/repos/github.com/aynurin/maze-gen/tests/areas/evolving/AreaDistributorLoadTest.cs:47 
]]></stack-trace>
                    </assertion>
                  </assertions>
                </test-case>
              </test-suite>
            </test-suite>
          </test-suite>
        </test-suite>
      </test-suite>
    </test-suite>
  </test-suite>
</test-run>