<?xml version="1.0" encoding="utf-8" standalone="no"?>
<test-run id="0" runstate="Runnable" testcasecount="1051" result="Skipped" label="Ignored" total="1051" passed="801" failed="0" warnings="0" inconclusive="1" skipped="249" asserts="19293" engine-version="3.17.0.0" clr-version="4.0.30319.42000" start-time="2024-06-10 23:59:39Z" end-time="2024-06-11 00:14:57Z" duration="918.006598">
  <command-line><![CDATA[/home/data/repos/github.com/aynurin/maze-gen/packages/NUnit.ConsoleRunner.3.17.0/tools/nunit3-console.exe build/Debug/tests/PlayersWorlds.Maps.Tests.dll --framework=mono-4.0]]></command-line>
  <test-suite type="Assembly" id="1-2102" name="PlayersWorlds.Maps.Tests.dll" fullname="/home/data/repos/github.com/aynurin/maze-gen/build/Debug/tests/PlayersWorlds.Maps.Tests.dll" runstate="Runnable" testcasecount="1051" result="Skipped" label="Ignored" site="Child" start-time="2024-06-10T23:59:39.9858450Z" end-time="2024-06-11T00:14:57.4581280Z" duration="917.472233" total="1051" passed="801" failed="0" warnings="0" inconclusive="1" skipped="249" asserts="19293">
    <environment framework-version="4.0.1.0" clr-version="4.0.30319.42000" os-version="Unix 6.1.84.1" platform="Unix" cwd="/home/data/repos/github.com/aynurin/maze-gen" machine-name="lightview" user="shav" user-domain="lightview" culture="en-US" uiculture="en-US" os-architecture="x64" />
    <settings>
      <setting name="RequestedRuntimeFramework" value="mono-4.0" />
      <setting name="DisposeRunners" value="True" />
      <setting name="WorkDirectory" value="/home/data/repos/github.com/aynurin/maze-gen" />
      <setting name="ImageRuntimeVersion" value="4.0.30319" />
      <setting name="ImageTargetFrameworkName" value=".NETFramework,Version=v4.7" />
      <setting name="ImageRequiresX86" value="False" />
      <setting name="ImageRequiresDefaultAppDomainAssemblyResolver" value="False" />
      <setting name="TargetRuntimeFramework" value="mono-4.0" />
      <setting name="NumberOfTestWorkers" value="24" />
    </settings>
    <properties>
      <property name="_PID" value="2097963" />
      <property name="_APPDOMAIN" value="domain-" />
    </properties>
    <reason>
      <message><![CDATA[One or more child tests were ignored]]></message>
    </reason>
    <test-suite type="SetUpFixture" id="1-1003" name="[default namespace]" fullname="TestsSetup" classname="TestsSetup" runstate="Runnable" testcasecount="1051" result="Skipped" label="Ignored" site="Child" start-time="2024-06-10T23:59:39.9906210Z" end-time="2024-06-11T00:14:57.4581190Z" duration="917.467498" total="1051" passed="801" failed="0" warnings="0" inconclusive="1" skipped="249" asserts="19293">
      <reason>
        <message><![CDATA[One or more child tests were ignored]]></message>
      </reason>
      <test-suite type="TestSuite" id="1-2103" name="PlayersWorlds" fullname="PlayersWorlds" runstate="Runnable" testcasecount="1049" result="Skipped" label="Ignored" site="Child" start-time="2024-06-10T23:59:39.9932600Z" end-time="2024-06-11T00:14:57.4442610Z" duration="917.451002" total="1049" passed="799" failed="0" warnings="0" inconclusive="1" skipped="249" asserts="16251">
        <reason>
          <message><![CDATA[One or more child tests were ignored]]></message>
        </reason>
        <test-suite type="TestSuite" id="1-2104" name="Maps" fullname="PlayersWorlds.Maps" runstate="Runnable" testcasecount="1049" result="Skipped" label="Ignored" site="Child" start-time="2024-06-10T23:59:39.9933310Z" end-time="2024-06-11T00:14:57.4442570Z" duration="917.450925" total="1049" passed="799" failed="0" warnings="0" inconclusive="1" skipped="249" asserts="16251">
          <reason>
            <message><![CDATA[One or more child tests were ignored]]></message>
          </reason>
          <test-suite type="TestSuite" id="1-2110" name="Areas" fullname="PlayersWorlds.Maps.Areas" runstate="Runnable" testcasecount="140" result="Skipped" label="Ignored" site="Child" start-time="2024-06-10T23:59:39.9933420Z" end-time="2024-06-11T00:01:00.5268570Z" duration="80.533516" total="140" passed="138" failed="0" warnings="0" inconclusive="1" skipped="1" asserts="351">
            <reason>
              <message><![CDATA[One or more child tests were ignored]]></message>
            </reason>
            <test-suite type="TestSuite" id="1-2111" name="Evolving" fullname="PlayersWorlds.Maps.Areas.Evolving" runstate="Runnable" testcasecount="134" result="Skipped" label="Ignored" site="Child" start-time="2024-06-10T23:59:39.9933460Z" end-time="2024-06-11T00:01:00.5225430Z" duration="80.529196" total="134" passed="132" failed="0" warnings="0" inconclusive="1" skipped="1" asserts="324">
              <reason>
                <message><![CDATA[One or more child tests were ignored]]></message>
              </reason>
              <test-suite type="TestFixture" id="1-1956" name="AreaDistributorLoadTest" fullname="PlayersWorlds.Maps.Areas.Evolving.AreaDistributorLoadTest" classname="PlayersWorlds.Maps.Areas.Evolving.AreaDistributorLoadTest" runstate="Runnable" testcasecount="1" result="Passed" start-time="2024-06-10T23:59:39.9935560Z" end-time="2024-06-11T00:00:55.6277240Z" duration="75.634168" total="1" passed="0" failed="0" warnings="0" inconclusive="1" skipped="0" asserts="0">
                <test-case id="1-1957" name="AreaDistributor_LoadTest" fullname="PlayersWorlds.Maps.Areas.Evolving.AreaDistributorLoadTest.AreaDistributor_LoadTest" methodname="AreaDistributor_LoadTest" classname="PlayersWorlds.Maps.Areas.Evolving.AreaDistributorLoadTest" runstate="Runnable" seed="1227734056" result="Inconclusive" start-time="2024-06-10T23:59:39.9937100Z" end-time="2024-06-11T00:00:55.6241610Z" duration="75.630572" asserts="0">
                  <properties>
                    <property name="Category" value="Load" />
                  </properties>
                  <reason>
                    <message><![CDATA[Passed: 998, Failed: 2
yield return "49x5: P16x1;S14x1 P15x2;S10x1 P6x0;S10x1 P31x0;S13x1 P2x0;S14x1"; // Random(749)
yield return "49x5: P16x1;S14x1 P15x2;S10x1 P6x0;S10x1 P31x0;S13x1 P2x0;S14x1"; // Random(749)]]></message>
                  </reason>
                  <output><![CDATA[PlayersWorlds.Maps.Areas.Evolving.AreaDistributorHelper+DistributeResult(	Log = TestLog
, 	OriginalOutOfBounds = List`1<Area>()
, 	OriginalOverlapping = List`1<Area>(Area:{10x1;6x0;False;Maze;;[Cell:{;},Cell:{;},Cell:{;},Cell:{;},Cell:{;},Cell:{;},Cell:{;},Cell:{;},Cell:{;},Cell:{;}];}, Area:{14x1;2x0;False;Maze;;[Cell:{;},Cell:{;},Cell:{;},Cell:{;},Cell:{;},Cell:{;},Cell:{;},Cell:{;},Cell:{;},Cell:{;},Cell:{;},Cell:{;},Cell:{;},Cell:{;}];})
, 	OriginalAreas = List`1<Area>(Area:{14x1;16x1;False;Maze;;[Cell:{;},Cell:{;},Cell:{;},Cell:{;},Cell:{;},Cell:{;},Cell:{;},Cell:{;},Cell:{;},Cell:{;},Cell:{;},Cell:{;},Cell:{;},Cell:{;}];}, Area:{10x1;15x2;False;Maze;;[Cell:{;},Cell:{;},Cell:{;},Cell:{;},Cell:{;},Cell:{;},Cell:{;},Cell:{;},Cell:{;},Cell:{;}];}, Area:{10x1;6x0;False;Maze;;[Cell:{;},Cell:{;},Cell:{;},Cell:{;},Cell:{;},Cell:{;},Cell:{;},Cell:{;},Cell:{;},Cell:{;}];}, Area:{13x1;31x0;False;Maze;;[Cell:{;},Cell:{;},Cell:{;},Cell:{;},Cell:{;},Cell:{;},Cell:{;},Cell:{;},Cell:{;},Cell:{;},Cell:{;},Cell:{;},Cell:{;}];}, Area:{14x1;2x0;False;Maze;;[Cell:{;},Cell:{;},Cell:{;},Cell:{;},Cell:{;},Cell:{;},Cell:{;},Cell:{;},Cell:{;},Cell:{;},Cell:{;},Cell:{;},Cell:{;},Cell:{;}];})
, 	PlacedOutOfBounds = List`1<Area>(Area:{14x1;-1x2;False;Maze;;[Cell:{;},Cell:{;},Cell:{;},Cell:{;},Cell:{;},Cell:{;},Cell:{;},Cell:{;},Cell:{;},Cell:{;},Cell:{;},Cell:{;},Cell:{;},Cell:{;}];})
, 	PlacedOverlapping = List`1<Area>(Area:{10x1;27x2;False;Maze;;[Cell:{;},Cell:{;},Cell:{;},Cell:{;},Cell:{;},Cell:{;},Cell:{;},Cell:{;},Cell:{;},Cell:{;}];}, Area:{13x1;36x2;False;Maze;;[Cell:{;},Cell:{;},Cell:{;},Cell:{;},Cell:{;},Cell:{;},Cell:{;},Cell:{;},Cell:{;},Cell:{;},Cell:{;},Cell:{;},Cell:{;}];})
, 	PlacedAreas = List`1<Area>(Area:{14x1;13x1;False;Maze;;[Cell:{;},Cell:{;},Cell:{;},Cell:{;},Cell:{;},Cell:{;},Cell:{;},Cell:{;},Cell:{;},Cell:{;},Cell:{;},Cell:{;},Cell:{;},Cell:{;}];}, Area:{10x1;15x2;False;Maze;;[Cell:{;},Cell:{;},Cell:{;},Cell:{;},Cell:{;},Cell:{;},Cell:{;},Cell:{;},Cell:{;},Cell:{;}];}, Area:{10x1;27x2;False;Maze;;[Cell:{;},Cell:{;},Cell:{;},Cell:{;},Cell:{;},Cell:{;},Cell:{;},Cell:{;},Cell:{;},Cell:{;}];}, Area:{13x1;36x2;False;Maze;;[Cell:{;},Cell:{;},Cell:{;},Cell:{;},Cell:{;},Cell:{;},Cell:{;},Cell:{;},Cell:{;},Cell:{;},Cell:{;},Cell:{;},Cell:{;}];}, Area:{14x1;-1x2;False;Maze;;[Cell:{;},Cell:{;},Cell:{;},Cell:{;},Cell:{;},Cell:{;},Cell:{;},Cell:{;},Cell:{;},Cell:{;},Cell:{;},Cell:{;},Cell:{;},Cell:{;}];})
, 	MaxEpochs = 100
, 	TestString = yield return "49x5: P16x1;S14x1 P15x2;S10x1 P6x0;S10x1 P31x0;S13x1 P2x0;S14x1"; // Random(749)
)
PlayersWorlds.Maps.Areas.Evolving.AreaDistributorHelper+DistributeResult(	Log = TestLog
, 	OriginalOutOfBounds = List`1<Area>()
, 	OriginalOverlapping = List`1<Area>(Area:{10x1;6x0;False;Maze;;[Cell:{;},Cell:{;},Cell:{;},Cell:{;},Cell:{;},Cell:{;},Cell:{;},Cell:{;},Cell:{;},Cell:{;}];}, Area:{14x1;2x0;False;Maze;;[Cell:{;},Cell:{;},Cell:{;},Cell:{;},Cell:{;},Cell:{;},Cell:{;},Cell:{;},Cell:{;},Cell:{;},Cell:{;},Cell:{;},Cell:{;},Cell:{;}];})
, 	OriginalAreas = List`1<Area>(Area:{14x1;16x1;False;Maze;;[Cell:{;},Cell:{;},Cell:{;},Cell:{;},Cell:{;},Cell:{;},Cell:{;},Cell:{;},Cell:{;},Cell:{;},Cell:{;},Cell:{;},Cell:{;},Cell:{;}];}, Area:{10x1;15x2;False;Maze;;[Cell:{;},Cell:{;},Cell:{;},Cell:{;},Cell:{;},Cell:{;},Cell:{;},Cell:{;},Cell:{;},Cell:{;}];}, Area:{10x1;6x0;False;Maze;;[Cell:{;},Cell:{;},Cell:{;},Cell:{;},Cell:{;},Cell:{;},Cell:{;},Cell:{;},Cell:{;},Cell:{;}];}, Area:{13x1;31x0;False;Maze;;[Cell:{;},Cell:{;},Cell:{;},Cell:{;},Cell:{;},Cell:{;},Cell:{;},Cell:{;},Cell:{;},Cell:{;},Cell:{;},Cell:{;},Cell:{;}];}, Area:{14x1;2x0;False;Maze;;[Cell:{;},Cell:{;},Cell:{;},Cell:{;},Cell:{;},Cell:{;},Cell:{;},Cell:{;},Cell:{;},Cell:{;},Cell:{;},Cell:{;},Cell:{;},Cell:{;}];})
, 	PlacedOutOfBounds = List`1<Area>(Area:{14x1;-1x2;False;Maze;;[Cell:{;},Cell:{;},Cell:{;},Cell:{;},Cell:{;},Cell:{;},Cell:{;},Cell:{;},Cell:{;},Cell:{;},Cell:{;},Cell:{;},Cell:{;},Cell:{;}];})
, 	PlacedOverlapping = List`1<Area>(Area:{10x1;27x2;False;Maze;;[Cell:{;},Cell:{;},Cell:{;},Cell:{;},Cell:{;},Cell:{;},Cell:{;},Cell:{;},Cell:{;},Cell:{;}];}, Area:{13x1;36x2;False;Maze;;[Cell:{;},Cell:{;},Cell:{;},Cell:{;},Cell:{;},Cell:{;},Cell:{;},Cell:{;},Cell:{;},Cell:{;},Cell:{;},Cell:{;},Cell:{;}];})
, 	PlacedAreas = List`1<Area>(Area:{14x1;13x1;False;Maze;;[Cell:{;},Cell:{;},Cell:{;},Cell:{;},Cell:{;},Cell:{;},Cell:{;},Cell:{;},Cell:{;},Cell:{;},Cell:{;},Cell:{;},Cell:{;},Cell:{;}];}, Area:{10x1;15x2;False;Maze;;[Cell:{;},Cell:{;},Cell:{;},Cell:{;},Cell:{;},Cell:{;},Cell:{;},Cell:{;},Cell:{;},Cell:{;}];}, Area:{10x1;27x2;False;Maze;;[Cell:{;},Cell:{;},Cell:{;},Cell:{;},Cell:{;},Cell:{;},Cell:{;},Cell:{;},Cell:{;},Cell:{;}];}, Area:{13x1;36x2;False;Maze;;[Cell:{;},Cell:{;},Cell:{;},Cell:{;},Cell:{;},Cell:{;},Cell:{;},Cell:{;},Cell:{;},Cell:{;},Cell:{;},Cell:{;},Cell:{;}];}, Area:{14x1;-1x2;False;Maze;;[Cell:{;},Cell:{;},Cell:{;},Cell:{;},Cell:{;},Cell:{;},Cell:{;},Cell:{;},Cell:{;},Cell:{;},Cell:{;},Cell:{;},Cell:{;},Cell:{;}];})
, 	MaxEpochs = 100
, 	TestString = yield return "49x5: P16x1;S14x1 P15x2;S10x1 P6x0;S10x1 P31x0;S13x1 P2x0;S14x1"; // Random(749)
)
]]></output>
                </test-case>
              </test-suite>
              <test-suite type="TestFixture" id="1-1958" name="AreaDistributorTest" fullname="PlayersWorlds.Maps.Areas.Evolving.AreaDistributorTest" classname="PlayersWorlds.Maps.Areas.Evolving.AreaDistributorTest" runstate="Runnable" testcasecount="79" result="Skipped" label="Ignored" site="Child" start-time="2024-06-11T00:00:55.6298610Z" end-time="2024-06-11T00:01:00.4068250Z" duration="4.776964" total="79" passed="78" failed="0" warnings="0" inconclusive="0" skipped="1" asserts="156">
                <reason>
                  <message><![CDATA[One or more child tests were ignored]]></message>
                </reason>
                <test-suite type="ParameterizedMethod" id="1-2040" name="AreaDistributorTest_CanLayout" fullname="PlayersWorlds.Maps.Areas.Evolving.AreaDistributorTest.AreaDistributorTest_CanLayout" classname="PlayersWorlds.Maps.Areas.Evolving.AreaDistributorTest" runstate="Runnable" testcasecount="55" result="Passed" start-time="2024-06-11T00:00:55.6299940Z" end-time="2024-06-11T00:01:00.3191120Z" duration="4.689118" total="55" passed="55" failed="0" warnings="0" inconclusive="0" skipped="0" asserts="110">
                  <properties>
                    <property name="Category" value="Integration" />
                    <property name="Category" value="Smoke" />
                  </properties>
                  <test-case id="1-1985" name="AreaDistributorTest_CanLayout(&quot;13x8: P9x6;S3x1 P1x4;S2x1&quot;)" fullname="PlayersWorlds.Maps.Areas.Evolving.AreaDistributorTest.AreaDistributorTest_CanLayout(&quot;13x8: P9x6;S3x1 P1x4;S2x1&quot;)" methodname="AreaDistributorTest_CanLayout" classname="PlayersWorlds.Maps.Areas.Evolving.AreaDistributorTest" runstate="Runnable" seed="422437321" result="Passed" start-time="2024-06-11T00:00:55.6301110Z" end-time="2024-06-11T00:00:55.6411090Z" duration="0.010998" asserts="2" />
                  <test-case id="1-1986" name="AreaDistributorTest_CanLayout(&quot;20x20: P14x14;S5x3 P-2x14;S1x4 P7x-3;S2x4 P2x4;S1x3&quot;)" fullname="PlayersWorlds.Maps.Areas.Evolving.AreaDistributorTest.AreaDistributorTest_CanLayout(&quot;20x20: P14x14;S5x3 P-2x14;S1x4 P7x-3;S2x4 P2x4;S1x3&quot;)" methodname="AreaDistributorTest_CanLayout" classname="PlayersWorlds.Maps.Areas.Evolving.AreaDistributorTest" runstate="Runnable" seed="1476447235" result="Passed" start-time="2024-06-11T00:00:55.6411210Z" end-time="2024-06-11T00:00:55.6555870Z" duration="0.014466" asserts="2" />
                  <test-case id="1-1987" name="AreaDistributorTest_CanLayout(&quot;6x14: P0x10;S1x3&quot;)" fullname="PlayersWorlds.Maps.Areas.Evolving.AreaDistributorTest.AreaDistributorTest_CanLayout(&quot;6x14: P0x10;S1x3&quot;)" methodname="AreaDistributorTest_CanLayout" classname="PlayersWorlds.Maps.Areas.Evolving.AreaDistributorTest" runstate="Runnable" seed="68265049" result="Passed" start-time="2024-06-11T00:00:55.6555990Z" end-time="2024-06-11T00:00:55.6571030Z" duration="0.001504" asserts="2" />
                  <test-case id="1-1988" name="AreaDistributorTest_CanLayout(&quot;23x22: P11x10;S6x2 P-1x14;S5x1 P5x-3;S5x3 P11x22;S2x1&quot;)" fullname="PlayersWorlds.Maps.Areas.Evolving.AreaDistributorTest.AreaDistributorTest_CanLayout(&quot;23x22: P11x10;S6x2 P-1x14;S5x1 P5x-3;S5x3 P11x22;S2x1&quot;)" methodname="AreaDistributorTest_CanLayout" classname="PlayersWorlds.Maps.Areas.Evolving.AreaDistributorTest" runstate="Runnable" seed="1455562062" result="Passed" start-time="2024-06-11T00:00:55.6571130Z" end-time="2024-06-11T00:00:55.6704420Z" duration="0.013329" asserts="2" />
                  <test-case id="1-1989" name="AreaDistributorTest_CanLayout(&quot;18x23: P-3x-8;S5x5 P30x8;S3x6 P9x3;S4x4 P12x15;S1x3&quot;)" fullname="PlayersWorlds.Maps.Areas.Evolving.AreaDistributorTest.AreaDistributorTest_CanLayout(&quot;18x23: P-3x-8;S5x5 P30x8;S3x6 P9x3;S4x4 P12x15;S1x3&quot;)" methodname="AreaDistributorTest_CanLayout" classname="PlayersWorlds.Maps.Areas.Evolving.AreaDistributorTest" runstate="Runnable" seed="1704654456" result="Passed" start-time="2024-06-11T00:00:55.6704550Z" end-time="2024-06-11T00:00:55.6930520Z" duration="0.022597" asserts="2" />
                  <test-case id="1-1990" name="AreaDistributorTest_CanLayout(&quot;23x8: P4x7;S4x1 P2x-1;S1x1&quot;)" fullname="PlayersWorlds.Maps.Areas.Evolving.AreaDistributorTest.AreaDistributorTest_CanLayout(&quot;23x8: P4x7;S4x1 P2x-1;S1x1&quot;)" methodname="AreaDistributorTest_CanLayout" classname="PlayersWorlds.Maps.Areas.Evolving.AreaDistributorTest" runstate="Runnable" seed="201022947" result="Passed" start-time="2024-06-11T00:00:55.6930630Z" end-time="2024-06-11T00:00:55.6955370Z" duration="0.002474" asserts="2" />
                  <test-case id="1-1991" name="AreaDistributorTest_CanLayout(&quot;21x13: P8x-3;S6x3 P8x4;S6x3 P7x2;S4x2&quot;)" fullname="PlayersWorlds.Maps.Areas.Evolving.AreaDistributorTest.AreaDistributorTest_CanLayout(&quot;21x13: P8x-3;S6x3 P8x4;S6x3 P7x2;S4x2&quot;)" methodname="AreaDistributorTest_CanLayout" classname="PlayersWorlds.Maps.Areas.Evolving.AreaDistributorTest" runstate="Runnable" seed="567721809" result="Passed" start-time="2024-06-11T00:00:55.6955480Z" end-time="2024-06-11T00:00:55.7014130Z" duration="0.005865" asserts="2" />
                  <test-case id="1-1992" name="AreaDistributorTest_CanLayout(&quot;16x14: P2x13;S3x1 P11x-1;S4x3&quot;)" fullname="PlayersWorlds.Maps.Areas.Evolving.AreaDistributorTest.AreaDistributorTest_CanLayout(&quot;16x14: P2x13;S3x1 P11x-1;S4x3&quot;)" methodname="AreaDistributorTest_CanLayout" classname="PlayersWorlds.Maps.Areas.Evolving.AreaDistributorTest" runstate="Runnable" seed="55867936" result="Passed" start-time="2024-06-11T00:00:55.7014230Z" end-time="2024-06-11T00:00:55.7037340Z" duration="0.002310" asserts="2" />
                  <test-case id="1-1993" name="AreaDistributorTest_CanLayout(&quot;24x12: P12x7;S2x1 P14x-1;S5x2 P16x11;S1x1&quot;)" fullname="PlayersWorlds.Maps.Areas.Evolving.AreaDistributorTest.AreaDistributorTest_CanLayout(&quot;24x12: P12x7;S2x1 P14x-1;S5x2 P16x11;S1x1&quot;)" methodname="AreaDistributorTest_CanLayout" classname="PlayersWorlds.Maps.Areas.Evolving.AreaDistributorTest" runstate="Runnable" seed="493578800" result="Passed" start-time="2024-06-11T00:00:55.7037430Z" end-time="2024-06-11T00:00:55.7093460Z" duration="0.005603" asserts="2" />
                  <test-case id="1-1994" name="AreaDistributorTest_CanLayout(&quot;9x18: P2x10;S2x2 P2x8;S2x5&quot;)" fullname="PlayersWorlds.Maps.Areas.Evolving.AreaDistributorTest.AreaDistributorTest_CanLayout(&quot;9x18: P2x10;S2x2 P2x8;S2x5&quot;)" methodname="AreaDistributorTest_CanLayout" classname="PlayersWorlds.Maps.Areas.Evolving.AreaDistributorTest" runstate="Runnable" seed="335838121" result="Passed" start-time="2024-06-11T00:00:55.7093570Z" end-time="2024-06-11T00:00:55.7117180Z" duration="0.002361" asserts="2" />
                  <test-case id="1-1995" name="AreaDistributorTest_CanLayout(&quot;9x18: P2x8;S2x5 P2x10;S2x2&quot;)" fullname="PlayersWorlds.Maps.Areas.Evolving.AreaDistributorTest.AreaDistributorTest_CanLayout(&quot;9x18: P2x8;S2x5 P2x10;S2x2&quot;)" methodname="AreaDistributorTest_CanLayout" classname="PlayersWorlds.Maps.Areas.Evolving.AreaDistributorTest" runstate="Runnable" seed="1043993872" result="Passed" start-time="2024-06-11T00:00:55.7117300Z" end-time="2024-06-11T00:00:55.7170910Z" duration="0.005361" asserts="2" />
                  <test-case id="1-1996" name="AreaDistributorTest_CanLayout(&quot;21x21: P-3x-3;S6x6 P6x10;S4x2 P9x16;S2x2 P3x14;S4x2&quot;)" fullname="PlayersWorlds.Maps.Areas.Evolving.AreaDistributorTest.AreaDistributorTest_CanLayout(&quot;21x21: P-3x-3;S6x6 P6x10;S4x2 P9x16;S2x2 P3x14;S4x2&quot;)" methodname="AreaDistributorTest_CanLayout" classname="PlayersWorlds.Maps.Areas.Evolving.AreaDistributorTest" runstate="Runnable" seed="3333912" result="Passed" start-time="2024-06-11T00:00:55.7171020Z" end-time="2024-06-11T00:00:55.7350900Z" duration="0.017988" asserts="2" />
                  <test-case id="1-1997" name="AreaDistributorTest_CanLayout(&quot;14x24: P-9x5;S2x7 P26x5;S1x7 P3x11;S3x7 P5x19;S3x2 P3x6;S2x5 P2x19;S2x2&quot;)" fullname="PlayersWorlds.Maps.Areas.Evolving.AreaDistributorTest.AreaDistributorTest_CanLayout(&quot;14x24: P-9x5;S2x7 P26x5;S1x7 P3x11;S3x7 P5x19;S3x2 P3x6;S2x5 P2x19;S2x2&quot;)" methodname="AreaDistributorTest_CanLayout" classname="PlayersWorlds.Maps.Areas.Evolving.AreaDistributorTest" runstate="Runnable" seed="918006711" result="Passed" start-time="2024-06-11T00:00:55.7351010Z" end-time="2024-06-11T00:00:55.7740220Z" duration="0.038921" asserts="2" />
                  <test-case id="1-1998" name="AreaDistributorTest_CanLayout(&quot;33x10: P13x11;S10x1 P13x-1;S10x1 P19x3;S8x1 P4x6;S9x1 P9x3;S9x2 P2x3;S3x2&quot;)" fullname="PlayersWorlds.Maps.Areas.Evolving.AreaDistributorTest.AreaDistributorTest_CanLayout(&quot;33x10: P13x11;S10x1 P13x-1;S10x1 P19x3;S8x1 P4x6;S9x1 P9x3;S9x2 P2x3;S3x2&quot;)" methodname="AreaDistributorTest_CanLayout" classname="PlayersWorlds.Maps.Areas.Evolving.AreaDistributorTest" runstate="Runnable" seed="403180790" result="Passed" start-time="2024-06-11T00:00:55.7740330Z" end-time="2024-06-11T00:00:55.8338130Z" duration="0.059780" asserts="2" />
                  <test-case id="1-1999" name="AreaDistributorTest_CanLayout(&quot;6x49: P-1x5;S1x11 P5x17;S1x11 P2x23;S1x9 P2x14;S1x13 P0x12;S1x9&quot;)" fullname="PlayersWorlds.Maps.Areas.Evolving.AreaDistributorTest.AreaDistributorTest_CanLayout(&quot;6x49: P-1x5;S1x11 P5x17;S1x11 P2x23;S1x9 P2x14;S1x13 P0x12;S1x9&quot;)" methodname="AreaDistributorTest_CanLayout" classname="PlayersWorlds.Maps.Areas.Evolving.AreaDistributorTest" runstate="Runnable" seed="903961014" result="Passed" start-time="2024-06-11T00:00:55.8338260Z" end-time="2024-06-11T00:00:55.9039580Z" duration="0.070132" asserts="2" />
                  <test-case id="1-2000" name="AreaDistributorTest_CanLayout(&quot;35x5: P5x-1;S10x1 P23x4;S8x1 P4x2;S3x1 P12x2;S2x1&quot;)" fullname="PlayersWorlds.Maps.Areas.Evolving.AreaDistributorTest.AreaDistributorTest_CanLayout(&quot;35x5: P5x-1;S10x1 P23x4;S8x1 P4x2;S3x1 P12x2;S2x1&quot;)" methodname="AreaDistributorTest_CanLayout" classname="PlayersWorlds.Maps.Areas.Evolving.AreaDistributorTest" runstate="Runnable" seed="1097036380" result="Passed" start-time="2024-06-11T00:00:55.9039690Z" end-time="2024-06-11T00:00:55.9393240Z" duration="0.035355" asserts="2" />
                  <test-case id="1-2001" name="AreaDistributorTest_CanLayout(&quot;42x5: P4x5;S10x1 P30x1;S3x1 P10x1;S3x1 P2x2;S1x1&quot;)" fullname="PlayersWorlds.Maps.Areas.Evolving.AreaDistributorTest.AreaDistributorTest_CanLayout(&quot;42x5: P4x5;S10x1 P30x1;S3x1 P10x1;S3x1 P2x2;S1x1&quot;)" methodname="AreaDistributorTest_CanLayout" classname="PlayersWorlds.Maps.Areas.Evolving.AreaDistributorTest" runstate="Runnable" seed="971705914" result="Passed" start-time="2024-06-11T00:00:55.9393350Z" end-time="2024-06-11T00:00:55.9613150Z" duration="0.021980" asserts="2" />
                  <test-case id="1-2002" name="AreaDistributorTest_CanLayout(&quot;39x5: P14x5;S10x1 P5x-1;S9x1 P2x2;S1x1 P10x4;S8x1&quot;)" fullname="PlayersWorlds.Maps.Areas.Evolving.AreaDistributorTest.AreaDistributorTest_CanLayout(&quot;39x5: P14x5;S10x1 P5x-1;S9x1 P2x2;S1x1 P10x4;S8x1&quot;)" methodname="AreaDistributorTest_CanLayout" classname="PlayersWorlds.Maps.Areas.Evolving.AreaDistributorTest" runstate="Runnable" seed="718958266" result="Passed" start-time="2024-06-11T00:00:55.9613280Z" end-time="2024-06-11T00:00:55.9840280Z" duration="0.022700" asserts="2" />
                  <test-case id="1-2003" name="AreaDistributorTest_CanLayout(&quot;6x47: P6x12;S1x12 P3x13;S1x5 P3x18;S1x4 P3x38;S1x6 P2x2;S1x2&quot;)" fullname="PlayersWorlds.Maps.Areas.Evolving.AreaDistributorTest.AreaDistributorTest_CanLayout(&quot;6x47: P6x12;S1x12 P3x13;S1x5 P3x18;S1x4 P3x38;S1x6 P2x2;S1x2&quot;)" methodname="AreaDistributorTest_CanLayout" classname="PlayersWorlds.Maps.Areas.Evolving.AreaDistributorTest" runstate="Runnable" seed="88891051" result="Passed" start-time="2024-06-11T00:00:55.9840380Z" end-time="2024-06-11T00:00:56.0469740Z" duration="0.062935" asserts="2" />
                  <test-case id="1-2004" name="AreaDistributorTest_CanLayout(&quot;6x47: P-1x28;S1x11 P6x11;S1x11 P6x6;S1x11 P-1x6;S1x11 P1x35;S1x5&quot;)" fullname="PlayersWorlds.Maps.Areas.Evolving.AreaDistributorTest.AreaDistributorTest_CanLayout(&quot;6x47: P-1x28;S1x11 P6x11;S1x11 P6x6;S1x11 P-1x6;S1x11 P1x35;S1x5&quot;)" methodname="AreaDistributorTest_CanLayout" classname="PlayersWorlds.Maps.Areas.Evolving.AreaDistributorTest" runstate="Runnable" seed="1925566728" result="Passed" start-time="2024-06-11T00:00:56.0469840Z" end-time="2024-06-11T00:00:56.1104810Z" duration="0.063497" asserts="2" />
                  <test-case id="1-2005" name="AreaDistributorTest_CanLayout(&quot;6x47: P7x10;S1x14 P2x41;S1x3 P3x4;S1x3 P3x10;S1x4 P0x25;S1x9&quot;)" fullname="PlayersWorlds.Maps.Areas.Evolving.AreaDistributorTest.AreaDistributorTest_CanLayout(&quot;6x47: P7x10;S1x14 P2x41;S1x3 P3x4;S1x3 P3x10;S1x4 P0x25;S1x9&quot;)" methodname="AreaDistributorTest_CanLayout" classname="PlayersWorlds.Maps.Areas.Evolving.AreaDistributorTest" runstate="Runnable" seed="582994128" result="Passed" start-time="2024-06-11T00:00:56.1104920Z" end-time="2024-06-11T00:00:56.1801030Z" duration="0.069611" asserts="2" />
                  <test-case id="1-2006" name="AreaDistributorTest_CanLayout(&quot;5x45: P-1x5;S1x10 P-2x21;S1x12 P7x17;S1x14 P2x40;S1x1 P1x29;S1x4&quot;)" fullname="PlayersWorlds.Maps.Areas.Evolving.AreaDistributorTest.AreaDistributorTest_CanLayout(&quot;5x45: P-1x5;S1x10 P-2x21;S1x12 P7x17;S1x14 P2x40;S1x1 P1x29;S1x4&quot;)" methodname="AreaDistributorTest_CanLayout" classname="PlayersWorlds.Maps.Areas.Evolving.AreaDistributorTest" runstate="Runnable" seed="1663397896" result="Passed" start-time="2024-06-11T00:00:56.1801220Z" end-time="2024-06-11T00:00:56.2275640Z" duration="0.047443" asserts="2" />
                  <test-case id="1-2007" name="AreaDistributorTest_CanLayout(&quot;46x5: P4x-1;S10x1 P29x0;S7x1 P29x2;S2x1 P32x2;S10x1 P17x0;S5x1&quot;)" fullname="PlayersWorlds.Maps.Areas.Evolving.AreaDistributorTest.AreaDistributorTest_CanLayout(&quot;46x5: P4x-1;S10x1 P29x0;S7x1 P29x2;S2x1 P32x2;S10x1 P17x0;S5x1&quot;)" methodname="AreaDistributorTest_CanLayout" classname="PlayersWorlds.Maps.Areas.Evolving.AreaDistributorTest" runstate="Runnable" seed="866637508" result="Passed" start-time="2024-06-11T00:00:56.2275820Z" end-time="2024-06-11T00:00:56.2939390Z" duration="0.066356" asserts="2" />
                  <test-case id="1-2008" name="AreaDistributorTest_CanLayout(&quot;6x48: P-2x28;S1x14 P6x6;S1x12 P3x22;S1x2 P1x14;S1x7 P2x23;S1x12&quot;)" fullname="PlayersWorlds.Maps.Areas.Evolving.AreaDistributorTest.AreaDistributorTest_CanLayout(&quot;6x48: P-2x28;S1x14 P6x6;S1x12 P3x22;S1x2 P1x14;S1x7 P2x23;S1x12&quot;)" methodname="AreaDistributorTest_CanLayout" classname="PlayersWorlds.Maps.Areas.Evolving.AreaDistributorTest" runstate="Runnable" seed="219632736" result="Passed" start-time="2024-06-11T00:00:56.2939490Z" end-time="2024-06-11T00:00:56.3629050Z" duration="0.068956" asserts="2" />
                  <test-case id="1-2009" name="AreaDistributorTest_CanLayout(&quot;47x5: P30x-3;S13x1 P24x-2;S11x1 P17x7;S14x1 P27x2;S2x1 P4x1;S4x1&quot;)" fullname="PlayersWorlds.Maps.Areas.Evolving.AreaDistributorTest.AreaDistributorTest_CanLayout(&quot;47x5: P30x-3;S13x1 P24x-2;S11x1 P17x7;S14x1 P27x2;S2x1 P4x1;S4x1&quot;)" methodname="AreaDistributorTest_CanLayout" classname="PlayersWorlds.Maps.Areas.Evolving.AreaDistributorTest" runstate="Runnable" seed="947804033" result="Passed" start-time="2024-06-11T00:00:56.3629160Z" end-time="2024-06-11T00:00:56.4038560Z" duration="0.040941" asserts="2" />
                  <test-case id="1-2010" name="AreaDistributorTest_CanLayout(&quot;5x45: P-2x13;S1x10 P-2x7;S1x12 P2x3;S1x2 P0x3;S1x8 P2x10;S1x1&quot;)" fullname="PlayersWorlds.Maps.Areas.Evolving.AreaDistributorTest.AreaDistributorTest_CanLayout(&quot;5x45: P-2x13;S1x10 P-2x7;S1x12 P2x3;S1x2 P0x3;S1x8 P2x10;S1x1&quot;)" methodname="AreaDistributorTest_CanLayout" classname="PlayersWorlds.Maps.Areas.Evolving.AreaDistributorTest" runstate="Runnable" seed="516232515" result="Passed" start-time="2024-06-11T00:00:56.4038670Z" end-time="2024-06-11T00:00:56.4572800Z" duration="0.053413" asserts="2" />
                  <test-case id="1-2011" name="AreaDistributorTest_CanLayout(&quot;5x47: P7x28;S1x13 P6x15;S1x11 P1x2;S1x3 P2x40;S1x2 P2x43;S1x1&quot;)" fullname="PlayersWorlds.Maps.Areas.Evolving.AreaDistributorTest.AreaDistributorTest_CanLayout(&quot;5x47: P7x28;S1x13 P6x15;S1x11 P1x2;S1x3 P2x40;S1x2 P2x43;S1x1&quot;)" methodname="AreaDistributorTest_CanLayout" classname="PlayersWorlds.Maps.Areas.Evolving.AreaDistributorTest" runstate="Runnable" seed="907877257" result="Passed" start-time="2024-06-11T00:00:56.4572900Z" end-time="2024-06-11T00:00:56.5088900Z" duration="0.051599" asserts="2" />
                  <test-case id="1-2012" name="AreaDistributorTest_CanLayout(&quot;5x36: P-2x21;S1x11 P2x12;S1x1 P2x15;S1x2 P2x8;S1x3&quot;)" fullname="PlayersWorlds.Maps.Areas.Evolving.AreaDistributorTest.AreaDistributorTest_CanLayout(&quot;5x36: P-2x21;S1x11 P2x12;S1x1 P2x15;S1x2 P2x8;S1x3&quot;)" methodname="AreaDistributorTest_CanLayout" classname="PlayersWorlds.Maps.Areas.Evolving.AreaDistributorTest" runstate="Runnable" seed="1432681770" result="Passed" start-time="2024-06-11T00:00:56.5089070Z" end-time="2024-06-11T00:00:56.5309730Z" duration="0.022066" asserts="2" />
                  <test-case id="1-2013" name="AreaDistributorTest_CanLayout(&quot;6x39: P-1x20;S1x11 P3x19;S1x2 P2x11;S1x11 P2x20;S1x5 P3x10;S1x5&quot;)" fullname="PlayersWorlds.Maps.Areas.Evolving.AreaDistributorTest.AreaDistributorTest_CanLayout(&quot;6x39: P-1x20;S1x11 P3x19;S1x2 P2x11;S1x11 P2x20;S1x5 P3x10;S1x5&quot;)" methodname="AreaDistributorTest_CanLayout" classname="PlayersWorlds.Maps.Areas.Evolving.AreaDistributorTest" runstate="Runnable" seed="1854282224" result="Passed" start-time="2024-06-11T00:00:56.5309850Z" end-time="2024-06-11T00:00:56.5786090Z" duration="0.047624" asserts="2" />
                  <test-case id="1-2014" name="AreaDistributorTest_CanLayout(&quot;44x6: P23x-2;S13x1 P7x-2;S13x1 P6x2;S8x1 P37x3;S2x1 P29x2;S10x1&quot;)" fullname="PlayersWorlds.Maps.Areas.Evolving.AreaDistributorTest.AreaDistributorTest_CanLayout(&quot;44x6: P23x-2;S13x1 P7x-2;S13x1 P6x2;S8x1 P37x3;S2x1 P29x2;S10x1&quot;)" methodname="AreaDistributorTest_CanLayout" classname="PlayersWorlds.Maps.Areas.Evolving.AreaDistributorTest" runstate="Runnable" seed="2120563063" result="Passed" start-time="2024-06-11T00:00:56.5786270Z" end-time="2024-06-11T00:00:56.6482180Z" duration="0.069592" asserts="2" />
                  <test-case id="1-2015" name="AreaDistributorTest_CanLayout(&quot;6x42: P-1x6;S1x11 P-2x21;S1x13 P3x36;S1x3 P5x7;S1x9 P0x27;S1x10&quot;)" fullname="PlayersWorlds.Maps.Areas.Evolving.AreaDistributorTest.AreaDistributorTest_CanLayout(&quot;6x42: P-1x6;S1x11 P-2x21;S1x13 P3x36;S1x3 P5x7;S1x9 P0x27;S1x10&quot;)" methodname="AreaDistributorTest_CanLayout" classname="PlayersWorlds.Maps.Areas.Evolving.AreaDistributorTest" runstate="Runnable" seed="2045513103" result="Passed" start-time="2024-06-11T00:00:56.6482300Z" end-time="2024-06-11T00:00:56.6842890Z" duration="0.036059" asserts="2" />
                  <test-case id="1-2016" name="AreaDistributorTest_CanLayout(&quot;40x5: P8x6;S12x1 P24x-1;S9x1 P3x0;S8x1 P23x2;S2x1&quot;)" fullname="PlayersWorlds.Maps.Areas.Evolving.AreaDistributorTest.AreaDistributorTest_CanLayout(&quot;40x5: P8x6;S12x1 P24x-1;S9x1 P3x0;S8x1 P23x2;S2x1&quot;)" methodname="AreaDistributorTest_CanLayout" classname="PlayersWorlds.Maps.Areas.Evolving.AreaDistributorTest" runstate="Runnable" seed="971825905" result="Passed" start-time="2024-06-11T00:00:56.6843010Z" end-time="2024-06-11T00:00:56.7018500Z" duration="0.017549" asserts="2" />
                  <test-case id="1-2017" name="AreaDistributorTest_CanLayout(&quot;47x7: P19x7;S14x1 P9x2;S8x1 P7x4;S8x1 P14x2;S4x1 P28x5;S10x1 P35x3;S2x1&quot;)" fullname="PlayersWorlds.Maps.Areas.Evolving.AreaDistributorTest.AreaDistributorTest_CanLayout(&quot;47x7: P19x7;S14x1 P9x2;S8x1 P7x4;S8x1 P14x2;S4x1 P28x5;S10x1 P35x3;S2x1&quot;)" methodname="AreaDistributorTest_CanLayout" classname="PlayersWorlds.Maps.Areas.Evolving.AreaDistributorTest" runstate="Runnable" seed="441477046" result="Passed" start-time="2024-06-11T00:00:56.7018600Z" end-time="2024-06-11T00:00:56.7985430Z" duration="0.096684" asserts="2" />
                  <test-case id="1-2018" name="AreaDistributorTest_CanLayout(&quot;48x6: P32x-1;S11x1 P9x7;S14x1 P5x7;S13x1 P27x2;S15x1 P5x3;S3x1&quot;)" fullname="PlayersWorlds.Maps.Areas.Evolving.AreaDistributorTest.AreaDistributorTest_CanLayout(&quot;48x6: P32x-1;S11x1 P9x7;S14x1 P5x7;S13x1 P27x2;S15x1 P5x3;S3x1&quot;)" methodname="AreaDistributorTest_CanLayout" classname="PlayersWorlds.Maps.Areas.Evolving.AreaDistributorTest" runstate="Runnable" seed="665359246" result="Passed" start-time="2024-06-11T00:00:56.7985570Z" end-time="2024-06-11T00:00:56.8545320Z" duration="0.055975" asserts="2" />
                  <test-case id="1-2019" name="AreaDistributorTest_CanLayout(&quot;46x6: P20x-2;S13x1 P10x7;S14x1 P22x2;S4x1 P35x3;S6x1 P17x3;S7x1&quot;)" fullname="PlayersWorlds.Maps.Areas.Evolving.AreaDistributorTest.AreaDistributorTest_CanLayout(&quot;46x6: P20x-2;S13x1 P10x7;S14x1 P22x2;S4x1 P35x3;S6x1 P17x3;S7x1&quot;)" methodname="AreaDistributorTest_CanLayout" classname="PlayersWorlds.Maps.Areas.Evolving.AreaDistributorTest" runstate="Runnable" seed="1035714239" result="Passed" start-time="2024-06-11T00:00:56.8545430Z" end-time="2024-06-11T00:00:56.9095780Z" duration="0.055035" asserts="2" />
                  <test-case id="1-2020" name="AreaDistributorTest_CanLayout(&quot;6x39: P-1x10;S1x11 P0x3;S1x7 P0x11;S1x10 P2x20;S1x7 P3x26;S1x6&quot;)" fullname="PlayersWorlds.Maps.Areas.Evolving.AreaDistributorTest.AreaDistributorTest_CanLayout(&quot;6x39: P-1x10;S1x11 P0x3;S1x7 P0x11;S1x10 P2x20;S1x7 P3x26;S1x6&quot;)" methodname="AreaDistributorTest_CanLayout" classname="PlayersWorlds.Maps.Areas.Evolving.AreaDistributorTest" runstate="Runnable" seed="1479729011" result="Passed" start-time="2024-06-11T00:00:56.9095880Z" end-time="2024-06-11T00:00:56.9510310Z" duration="0.041443" asserts="2" />
                  <test-case id="1-2021" name="AreaDistributorTest_CanLayout(&quot;43x42: P3.20x34.43;S6.00x7.00 P10.77x25.44;S9.00x11.00&quot;)" fullname="PlayersWorlds.Maps.Areas.Evolving.AreaDistributorTest.AreaDistributorTest_CanLayout(&quot;43x42: P3.20x34.43;S6.00x7.00 P10.77x25.44;S9.00x11.00&quot;)" methodname="AreaDistributorTest_CanLayout" classname="PlayersWorlds.Maps.Areas.Evolving.AreaDistributorTest" runstate="Runnable" seed="1221483869" result="Passed" start-time="2024-06-11T00:00:56.9510420Z" end-time="2024-06-11T00:00:56.9547730Z" duration="0.003731" asserts="2" />
                  <test-case id="1-2022" name="AreaDistributorTest_CanLayout(&quot;43x42: P35x26;S2x11 P34x35;S12x2&quot;)" fullname="PlayersWorlds.Maps.Areas.Evolving.AreaDistributorTest.AreaDistributorTest_CanLayout(&quot;43x42: P35x26;S2x11 P34x35;S12x2&quot;)" methodname="AreaDistributorTest_CanLayout" classname="PlayersWorlds.Maps.Areas.Evolving.AreaDistributorTest" runstate="Runnable" seed="853204330" result="Passed" start-time="2024-06-11T00:00:56.9547830Z" end-time="2024-06-11T00:00:56.9577850Z" duration="0.003002" asserts="2" />
                  <test-case id="1-2023" name="AreaDistributorTest_CanLayout(&quot;43x42: P32x32;S4x4 P34x34;S2x2&quot;)" fullname="PlayersWorlds.Maps.Areas.Evolving.AreaDistributorTest.AreaDistributorTest_CanLayout(&quot;43x42: P32x32;S4x4 P34x34;S2x2&quot;)" methodname="AreaDistributorTest_CanLayout" classname="PlayersWorlds.Maps.Areas.Evolving.AreaDistributorTest" runstate="Runnable" seed="175389810" result="Passed" start-time="2024-06-11T00:00:56.9577940Z" end-time="2024-06-11T00:00:56.9607480Z" duration="0.002954" asserts="2" />
                  <test-case id="1-2024" name="AreaDistributorTest_CanLayout(&quot;43x42: P32x32;S4x4 P34x34;S4x2&quot;)" fullname="PlayersWorlds.Maps.Areas.Evolving.AreaDistributorTest.AreaDistributorTest_CanLayout(&quot;43x42: P32x32;S4x4 P34x34;S4x2&quot;)" methodname="AreaDistributorTest_CanLayout" classname="PlayersWorlds.Maps.Areas.Evolving.AreaDistributorTest" runstate="Runnable" seed="472543549" result="Passed" start-time="2024-06-11T00:00:56.9607580Z" end-time="2024-06-11T00:00:56.9645570Z" duration="0.003799" asserts="2" />
                  <test-case id="1-2025" name="AreaDistributorTest_CanLayout(&quot;43x42: P32x26;S4x10 P34x34;S4x2&quot;)" fullname="PlayersWorlds.Maps.Areas.Evolving.AreaDistributorTest.AreaDistributorTest_CanLayout(&quot;43x42: P32x26;S4x10 P34x34;S4x2&quot;)" methodname="AreaDistributorTest_CanLayout" classname="PlayersWorlds.Maps.Areas.Evolving.AreaDistributorTest" runstate="Runnable" seed="700130081" result="Passed" start-time="2024-06-11T00:00:56.9645670Z" end-time="2024-06-11T00:00:56.9673970Z" duration="0.002830" asserts="2" />
                  <test-case id="1-2026" name="AreaDistributorTest_CanLayout(&quot;43x42: P30x26;S2x11 P29x35;S12x2&quot;)" fullname="PlayersWorlds.Maps.Areas.Evolving.AreaDistributorTest.AreaDistributorTest_CanLayout(&quot;43x42: P30x26;S2x11 P29x35;S12x2&quot;)" methodname="AreaDistributorTest_CanLayout" classname="PlayersWorlds.Maps.Areas.Evolving.AreaDistributorTest" runstate="Runnable" seed="318011085" result="Passed" start-time="2024-06-11T00:00:56.9674070Z" end-time="2024-06-11T00:00:56.9713300Z" duration="0.003923" asserts="2" />
                  <test-case id="1-2027" name="AreaDistributorTest_CanLayout(&quot;49x26: P37.95x4.74;S12.00x2.00 P0.62x11.59;S4.00x1.00 P20.55x10.45;S7.00x7.00 P19.55x3.18;S8.00x6.00 P29.30x-0.27;S12.00x4.00 P17.11x22.28;S15.00x3.00 P9.50x0.67;S9.00x2.00 P32.27x17.54;S3.00x5.00 P0.57x21.40;S7.00x4.00 P35.67x10.30;S13.00x7.00 P6.23x9.47;S10.00x7.00&quot;)" fullname="PlayersWorlds.Maps.Areas.Evolving.AreaDistributorTest.AreaDistributorTest_CanLayout(&quot;49x26: P37.95x4.74;S12.00x2.00 P0.62x11.59;S4.00x1.00 P20.55x10.45;S7.00x7.00 P19.55x3.18;S8.00x6.00 P29.30x-0.27;S12.00x4.00 P17.11x22.28;S15.00x3.00 P9.50x0.67;S9.00x2.00 P32.27x17.54;S3.00x5.00 P0.57x21.40;S7.00x4.00 P35.67x10.30;S13.00x7.00 P6.23x9.47;S10.00x7.00&quot;)" methodname="AreaDistributorTest_CanLayout" classname="PlayersWorlds.Maps.Areas.Evolving.AreaDistributorTest" runstate="Runnable" seed="571809827" result="Passed" start-time="2024-06-11T00:00:56.9713400Z" end-time="2024-06-11T00:00:57.1975060Z" duration="0.226166" asserts="2" />
                  <test-case id="1-2028" name="AreaDistributorTest_CanLayout(&quot;26x29: P10.00x15.00;S7.00x3.00 P20.00x0.00;S5.00x6.00 P17.00x5.00;S7.00x7.00 P5.00x4.00;S6.00x4.00 P21.00x18.00;S4.00x2.00 P20.00x8.00;S3.00x8.00 P10.00x11.00;S4.00x5.00 P0.00x5.00;S1.00x8.00 P21.00x9.00;S3.00x6.00&quot;)" fullname="PlayersWorlds.Maps.Areas.Evolving.AreaDistributorTest.AreaDistributorTest_CanLayout(&quot;26x29: P10.00x15.00;S7.00x3.00 P20.00x0.00;S5.00x6.00 P17.00x5.00;S7.00x7.00 P5.00x4.00;S6.00x4.00 P21.00x18.00;S4.00x2.00 P20.00x8.00;S3.00x8.00 P10.00x11.00;S4.00x5.00 P0.00x5.00;S1.00x8.00 P21.00x9.00;S3.00x6.00&quot;)" methodname="AreaDistributorTest_CanLayout" classname="PlayersWorlds.Maps.Areas.Evolving.AreaDistributorTest" runstate="Runnable" seed="1462731328" result="Passed" start-time="2024-06-11T00:00:57.1975180Z" end-time="2024-06-11T00:00:57.3655870Z" duration="0.168069" asserts="2" />
                  <test-case id="1-2029" name="AreaDistributorTest_CanLayout(&quot;8x45: P2.00x9.00;S1.00x6.00 P2.00x22.00;S1.00x8.00 P5.00x32.00;S1.00x10.00 P6.00x14.00;S1.00x9.00 P4.00x3.00;S1.00x14.00 P2.00x36.00;S1.00x8.00&quot;)" fullname="PlayersWorlds.Maps.Areas.Evolving.AreaDistributorTest.AreaDistributorTest_CanLayout(&quot;8x45: P2.00x9.00;S1.00x6.00 P2.00x22.00;S1.00x8.00 P5.00x32.00;S1.00x10.00 P6.00x14.00;S1.00x9.00 P4.00x3.00;S1.00x14.00 P2.00x36.00;S1.00x8.00&quot;)" methodname="AreaDistributorTest_CanLayout" classname="PlayersWorlds.Maps.Areas.Evolving.AreaDistributorTest" runstate="Runnable" seed="923647240" result="Passed" start-time="2024-06-11T00:00:57.3656010Z" end-time="2024-06-11T00:00:57.4430310Z" duration="0.077430" asserts="2" />
                  <test-case id="1-2030" name="AreaDistributorTest_CanLayout(&quot;31x47: P2.00x15.00;S9.00x1.00 P3.00x11.00;S5.00x4.00 P2.00x11.00;S5.00x7.00 P13.00x14.00;S5.00x10.00 P8.00x37.00;S2.00x9.00 P27.00x19.00;S3.00x8.00 P20.00x12.00;S7.00x7.00 P4.00x13.00;S4.00x2.00 P20.00x31.00;S6.00x2.00 P9.00x3.00;S9.00x3.00 P6.00x34.00;S6.00x1.00 P23.00x6.00;S5.00x2.00&quot;)" fullname="PlayersWorlds.Maps.Areas.Evolving.AreaDistributorTest.AreaDistributorTest_CanLayout(&quot;31x47: P2.00x15.00;S9.00x1.00 P3.00x11.00;S5.00x4.00 P2.00x11.00;S5.00x7.00 P13.00x14.00;S5.00x10.00 P8.00x37.00;S2.00x9.00 P27.00x19.00;S3.00x8.00 P20.00x12.00;S7.00x7.00 P4.00x13.00;S4.00x2.00 P20.00x31.00;S6.00x2.00 P9.00x3.00;S9.00x3.00 P6.00x34.00;S6.00x1.00 P23.00x6.00;S5.00x2.00&quot;)" methodname="AreaDistributorTest_CanLayout" classname="PlayersWorlds.Maps.Areas.Evolving.AreaDistributorTest" runstate="Runnable" seed="874665298" result="Passed" start-time="2024-06-11T00:00:57.4430420Z" end-time="2024-06-11T00:00:57.6706420Z" duration="0.227600" asserts="2" />
                  <test-case id="1-2031" name="AreaDistributorTest_CanLayout(&quot;7x47: P4.00x40.00;S1.00x5.00 P0.00x12.00;S1.00x7.00 P1.00x9.00;S1.00x3.00 P5.00x0.00;S1.00x14.00 P2.00x37.00;S1.00x9.00 P0.00x29.00;S1.00x6.00&quot;)" fullname="PlayersWorlds.Maps.Areas.Evolving.AreaDistributorTest.AreaDistributorTest_CanLayout(&quot;7x47: P4.00x40.00;S1.00x5.00 P0.00x12.00;S1.00x7.00 P1.00x9.00;S1.00x3.00 P5.00x0.00;S1.00x14.00 P2.00x37.00;S1.00x9.00 P0.00x29.00;S1.00x6.00&quot;)" methodname="AreaDistributorTest_CanLayout" classname="PlayersWorlds.Maps.Areas.Evolving.AreaDistributorTest" runstate="Runnable" seed="990769390" result="Passed" start-time="2024-06-11T00:00:57.6706530Z" end-time="2024-06-11T00:00:57.7478680Z" duration="0.077215" asserts="2" />
                  <test-case id="1-2032" name="AreaDistributorTest_CanLayout(&quot;48x38: P8x15;S1x3 P45x11;S2x7 P6x8;S1x3 P4x7;S10x11 P4x9;S2x8 P26x13;S1x10 P18x13;S10x7 P35x22;S10x5 P31x10;S5x9 P32x10;S13x6 P22x22;S14x6 P26x1;S3x3 P28x14;S13x10 P24x4;S12x8&quot;)" fullname="PlayersWorlds.Maps.Areas.Evolving.AreaDistributorTest.AreaDistributorTest_CanLayout(&quot;48x38: P8x15;S1x3 P45x11;S2x7 P6x8;S1x3 P4x7;S10x11 P4x9;S2x8 P26x13;S1x10 P18x13;S10x7 P35x22;S10x5 P31x10;S5x9 P32x10;S13x6 P22x22;S14x6 P26x1;S3x3 P28x14;S13x10 P24x4;S12x8&quot;)" methodname="AreaDistributorTest_CanLayout" classname="PlayersWorlds.Maps.Areas.Evolving.AreaDistributorTest" runstate="Runnable" seed="1835133199" result="Passed" start-time="2024-06-11T00:00:57.7478810Z" end-time="2024-06-11T00:00:58.2715430Z" duration="0.523662" asserts="2" />
                  <test-case id="1-2033" name="AreaDistributorTest_CanLayout(&quot;31x32: P24.45x15.67;S8.00x7.00 P14.09x8.51;S1.00x6.00 P16.22x5.85;S9.00x9.00 P18.23x27.41;S1.00x4.00 P13.75x0.80;S3.00x3.00 P8.52x18.43;S4.00x7.00 P1.71x14.65;S9.00x6.00 P0.38x4.06;S7.00x7.00 P25.06x24.29;S5.00x7.00 P11.40x19.76;S6.00x9.00&quot;)" fullname="PlayersWorlds.Maps.Areas.Evolving.AreaDistributorTest.AreaDistributorTest_CanLayout(&quot;31x32: P24.45x15.67;S8.00x7.00 P14.09x8.51;S1.00x6.00 P16.22x5.85;S9.00x9.00 P18.23x27.41;S1.00x4.00 P13.75x0.80;S3.00x3.00 P8.52x18.43;S4.00x7.00 P1.71x14.65;S9.00x6.00 P0.38x4.06;S7.00x7.00 P25.06x24.29;S5.00x7.00 P11.40x19.76;S6.00x9.00&quot;)" methodname="AreaDistributorTest_CanLayout" classname="PlayersWorlds.Maps.Areas.Evolving.AreaDistributorTest" runstate="Runnable" seed="833295756" result="Passed" start-time="2024-06-11T00:00:58.2715570Z" end-time="2024-06-11T00:00:58.5352810Z" duration="0.263724" asserts="2" />
                  <test-case id="1-2034" name="AreaDistributorTest_CanLayout(&quot;45x43: P38.00x15.09;S8.00x10.00 P0.42x0.08;S10.00x4.00 P17.64x33.27;S8.00x2.00 P-0.03x22.54;S1.00x12.00 P17.50x0.62;S12.00x7.00 P23.05x19.66;S14.00x7.00 P21.76x17.00;S1.00x7.00 P11.34x8.71;S8.00x9.00 P9.60x23.72;S12.00x7.00 P0.45x8.22;S8.00x5.00 P0.65x19.15;S12.00x3.00 P19.87x38.89;S7.00x2.00 P33.99x38.13;S10.00x4.00 P34.00x0.58;S11.00x12.00&quot;)" fullname="PlayersWorlds.Maps.Areas.Evolving.AreaDistributorTest.AreaDistributorTest_CanLayout(&quot;45x43: P38.00x15.09;S8.00x10.00 P0.42x0.08;S10.00x4.00 P17.64x33.27;S8.00x2.00 P-0.03x22.54;S1.00x12.00 P17.50x0.62;S12.00x7.00 P23.05x19.66;S14.00x7.00 P21.76x17.00;S1.00x7.00 P11.34x8.71;S8.00x9.00 P9.60x23.72;S12.00x7.00 P0.45x8.22;S8.00x5.00 P0.65x19.15;S12.00x3.00 P19.87x38.89;S7.00x2.00 P33.99x38.13;S10.00x4.00 P34.00x0.58;S11.00x12.00&quot;)" methodname="AreaDistributorTest_CanLayout" classname="PlayersWorlds.Maps.Areas.Evolving.AreaDistributorTest" runstate="Runnable" seed="1440828345" result="Passed" start-time="2024-06-11T00:00:58.5352960Z" end-time="2024-06-11T00:00:59.0638830Z" duration="0.528587" asserts="2" />
                  <test-case id="1-2035" name="AreaDistributorTest_CanLayout(&quot;49x10: P4.00x1.00;S13.00x7.00 P8.00x1.00;S10.00x7.00&quot;)" fullname="PlayersWorlds.Maps.Areas.Evolving.AreaDistributorTest.AreaDistributorTest_CanLayout(&quot;49x10: P4.00x1.00;S13.00x7.00 P8.00x1.00;S10.00x7.00&quot;)" methodname="AreaDistributorTest_CanLayout" classname="PlayersWorlds.Maps.Areas.Evolving.AreaDistributorTest" runstate="Runnable" seed="96896292" result="Passed" start-time="2024-06-11T00:00:59.0638970Z" end-time="2024-06-11T00:00:59.0666320Z" duration="0.002735" asserts="2" />
                  <test-case id="1-2036" name="AreaDistributorTest_CanLayout(&quot;49x16: P2x7;S12x4 P7x-1;S11x3 P19x4;S13x4 P27x11;S15x4 P17x10;S3x4 P14x3;S13x4 P24x9;S6x4 P1x13;S14x2 P9x4;S4x3&quot;)" fullname="PlayersWorlds.Maps.Areas.Evolving.AreaDistributorTest.AreaDistributorTest_CanLayout(&quot;49x16: P2x7;S12x4 P7x-1;S11x3 P19x4;S13x4 P27x11;S15x4 P17x10;S3x4 P14x3;S13x4 P24x9;S6x4 P1x13;S14x2 P9x4;S4x3&quot;)" methodname="AreaDistributorTest_CanLayout" classname="PlayersWorlds.Maps.Areas.Evolving.AreaDistributorTest" runstate="Runnable" seed="1407392929" result="Passed" start-time="2024-06-11T00:00:59.0666420Z" end-time="2024-06-11T00:00:59.2804300Z" duration="0.213788" asserts="2" />
                  <test-case id="1-2037" name="AreaDistributorTest_CanLayout(&quot;49x42: P19x1;S11x2 P34x31;S6x8 P15x29;S13x12 P15x11;S5x12 P23x5;S12x6 P3x17;S9x2 P16x6;S15x4 P15x29;S9x11 P39x37;S6x4 P28x22;S12x9 P31x8;S6x3 P27x23;S9x5 P0x27;S13x9 P11x17;S5x11 P4x2;S1x1&quot;)" fullname="PlayersWorlds.Maps.Areas.Evolving.AreaDistributorTest.AreaDistributorTest_CanLayout(&quot;49x42: P19x1;S11x2 P34x31;S6x8 P15x29;S13x12 P15x11;S5x12 P23x5;S12x6 P3x17;S9x2 P16x6;S15x4 P15x29;S9x11 P39x37;S6x4 P28x22;S12x9 P31x8;S6x3 P27x23;S9x5 P0x27;S13x9 P11x17;S5x11 P4x2;S1x1&quot;)" methodname="AreaDistributorTest_CanLayout" classname="PlayersWorlds.Maps.Areas.Evolving.AreaDistributorTest" runstate="Runnable" seed="1393246334" result="Passed" start-time="2024-06-11T00:00:59.2804410Z" end-time="2024-06-11T00:00:59.8849930Z" duration="0.604552" asserts="2" />
                  <test-case id="1-2038" name="AreaDistributorTest_CanLayout(&quot;24x46: P11x20;S3x9 P5x15;S6x10 P5x14;S7x13 P10x26;S5x11 P10x18;S1x4 P11x13;S1x5 P10x29;S6x9 P13x8;S2x10 P3x17;S7x13 P5x28;S5x5 P18x8;S5x12&quot;)" fullname="PlayersWorlds.Maps.Areas.Evolving.AreaDistributorTest.AreaDistributorTest_CanLayout(&quot;24x46: P11x20;S3x9 P5x15;S6x10 P5x14;S7x13 P10x26;S5x11 P10x18;S1x4 P11x13;S1x5 P10x29;S6x9 P13x8;S2x10 P3x17;S7x13 P5x28;S5x5 P18x8;S5x12&quot;)" methodname="AreaDistributorTest_CanLayout" classname="PlayersWorlds.Maps.Areas.Evolving.AreaDistributorTest" runstate="Runnable" seed="834821821" result="Passed" start-time="2024-06-11T00:00:59.8850090Z" end-time="2024-06-11T00:01:00.2187290Z" duration="0.333720" asserts="2" />
                  <test-case id="1-2039" name="AreaDistributorTest_CanLayout(&quot;10x10: P7x9;S2x3 P7x2;S3x2 P3x9;S2x2 P0x5;S2x3 P7x1;S2x3 P0x0;S6x5&quot;)" fullname="PlayersWorlds.Maps.Areas.Evolving.AreaDistributorTest.AreaDistributorTest_CanLayout(&quot;10x10: P7x9;S2x3 P7x2;S3x2 P3x9;S2x2 P0x5;S2x3 P7x1;S2x3 P0x0;S6x5&quot;)" methodname="AreaDistributorTest_CanLayout" classname="PlayersWorlds.Maps.Areas.Evolving.AreaDistributorTest" runstate="Runnable" seed="946904602" result="Passed" start-time="2024-06-11T00:01:00.2187480Z" end-time="2024-06-11T00:01:00.3190790Z" duration="0.100331" asserts="2" />
                </test-suite>
                <test-case id="1-2041" name="AreaDistributorTest_CanLayout_Debug" fullname="PlayersWorlds.Maps.Areas.Evolving.AreaDistributorTest.AreaDistributorTest_CanLayout_Debug" methodname="AreaDistributorTest_CanLayout_Debug" classname="PlayersWorlds.Maps.Areas.Evolving.AreaDistributorTest" runstate="Ignored" seed="261486007" result="Skipped" label="Ignored" start-time="2024-06-11T00:01:00.3191330Z" end-time="2024-06-11T00:01:00.3193510Z" duration="0.000219" asserts="0">
                  <properties>
                    <property name="_SKIPREASON" value="Debugging only" />
                  </properties>
                  <reason>
                    <message><![CDATA[Debugging only]]></message>
                  </reason>
                </test-case>
                <test-case id="1-1959" name="AreaDistributorTest_OneTest" fullname="PlayersWorlds.Maps.Areas.Evolving.AreaDistributorTest.AreaDistributorTest_OneTest" methodname="AreaDistributorTest_OneTest" classname="PlayersWorlds.Maps.Areas.Evolving.AreaDistributorTest" runstate="Runnable" seed="1506932601" result="Passed" start-time="2024-06-11T00:01:00.3193610Z" end-time="2024-06-11T00:01:00.3203700Z" duration="0.001009" asserts="2">
                  <properties>
                    <property name="Category" value="Integration" />
                  </properties>
                </test-case>
                <test-suite type="ParameterizedMethod" id="1-1972" name="AreaDistributorTest_OverlapTwo" fullname="PlayersWorlds.Maps.Areas.Evolving.AreaDistributorTest.AreaDistributorTest_OverlapTwo" classname="PlayersWorlds.Maps.Areas.Evolving.AreaDistributorTest" runstate="Runnable" testcasecount="10" result="Passed" start-time="2024-06-11T00:01:00.3203800Z" end-time="2024-06-11T00:01:00.3503310Z" duration="0.029951" total="10" passed="10" failed="0" warnings="0" inconclusive="0" skipped="0" asserts="20">
                  <properties>
                    <property name="Category" value="Integration" />
                  </properties>
                  <test-case id="1-1962" name="AreaDistributorTest_OverlapTwo(&quot;11x11: P3.5x3.5;S4x4 P3.5x3.5;S4x4&quot;)" fullname="PlayersWorlds.Maps.Areas.Evolving.AreaDistributorTest.AreaDistributorTest_OverlapTwo(&quot;11x11: P3.5x3.5;S4x4 P3.5x3.5;S4x4&quot;)" methodname="AreaDistributorTest_OverlapTwo" classname="PlayersWorlds.Maps.Areas.Evolving.AreaDistributorTest" runstate="Runnable" seed="1672312689" result="Passed" start-time="2024-06-11T00:01:00.3204020Z" end-time="2024-06-11T00:01:00.3236980Z" duration="0.003297" asserts="2" />
                  <test-case id="1-1963" name="AreaDistributorTest_OverlapTwo(&quot;16x16: P4x4;S8x8 P5x9;S2x2&quot;)" fullname="PlayersWorlds.Maps.Areas.Evolving.AreaDistributorTest.AreaDistributorTest_OverlapTwo(&quot;16x16: P4x4;S8x8 P5x9;S2x2&quot;)" methodname="AreaDistributorTest_OverlapTwo" classname="PlayersWorlds.Maps.Areas.Evolving.AreaDistributorTest" runstate="Runnable" seed="1165484307" result="Passed" start-time="2024-06-11T00:01:00.3237100Z" end-time="2024-06-11T00:01:00.3279010Z" duration="0.004191" asserts="2" />
                  <test-case id="1-1964" name="AreaDistributorTest_OverlapTwo(&quot;16x16: P4x4;S8x8 P5x7;S4x4&quot;)" fullname="PlayersWorlds.Maps.Areas.Evolving.AreaDistributorTest.AreaDistributorTest_OverlapTwo(&quot;16x16: P4x4;S8x8 P5x7;S4x4&quot;)" methodname="AreaDistributorTest_OverlapTwo" classname="PlayersWorlds.Maps.Areas.Evolving.AreaDistributorTest" runstate="Runnable" seed="1097715434" result="Passed" start-time="2024-06-11T00:01:00.3279120Z" end-time="2024-06-11T00:01:00.3304730Z" duration="0.002561" asserts="2" />
                  <test-case id="1-1965" name="AreaDistributorTest_OverlapTwo(&quot;16x16: P5x5;S6x6 P6x6;S4x4&quot;)" fullname="PlayersWorlds.Maps.Areas.Evolving.AreaDistributorTest.AreaDistributorTest_OverlapTwo(&quot;16x16: P5x5;S6x6 P6x6;S4x4&quot;)" methodname="AreaDistributorTest_OverlapTwo" classname="PlayersWorlds.Maps.Areas.Evolving.AreaDistributorTest" runstate="Runnable" seed="2111887935" result="Passed" start-time="2024-06-11T00:01:00.3304840Z" end-time="2024-06-11T00:01:00.3342500Z" duration="0.003767" asserts="2" />
                  <test-case id="1-1966" name="AreaDistributorTest_OverlapTwo(&quot;11x11: P2x2;S4x4 P5x5;S4x4&quot;)" fullname="PlayersWorlds.Maps.Areas.Evolving.AreaDistributorTest.AreaDistributorTest_OverlapTwo(&quot;11x11: P2x2;S4x4 P5x5;S4x4&quot;)" methodname="AreaDistributorTest_OverlapTwo" classname="PlayersWorlds.Maps.Areas.Evolving.AreaDistributorTest" runstate="Runnable" seed="226988989" result="Passed" start-time="2024-06-11T00:01:00.3342610Z" end-time="2024-06-11T00:01:00.3374320Z" duration="0.003171" asserts="2" />
                  <test-case id="1-1967" name="AreaDistributorTest_OverlapTwo(&quot;11x11: P5x2;S4x4 P2x5;S4x4&quot;)" fullname="PlayersWorlds.Maps.Areas.Evolving.AreaDistributorTest.AreaDistributorTest_OverlapTwo(&quot;11x11: P5x2;S4x4 P2x5;S4x4&quot;)" methodname="AreaDistributorTest_OverlapTwo" classname="PlayersWorlds.Maps.Areas.Evolving.AreaDistributorTest" runstate="Runnable" seed="767501174" result="Passed" start-time="2024-06-11T00:01:00.3374430Z" end-time="2024-06-11T00:01:00.3398260Z" duration="0.002383" asserts="2" />
                  <test-case id="1-1968" name="AreaDistributorTest_OverlapTwo(&quot;11x11: P2x5;S4x4 P5x2;S4x4&quot;)" fullname="PlayersWorlds.Maps.Areas.Evolving.AreaDistributorTest.AreaDistributorTest_OverlapTwo(&quot;11x11: P2x5;S4x4 P5x2;S4x4&quot;)" methodname="AreaDistributorTest_OverlapTwo" classname="PlayersWorlds.Maps.Areas.Evolving.AreaDistributorTest" runstate="Runnable" seed="1272210502" result="Passed" start-time="2024-06-11T00:01:00.3398360Z" end-time="2024-06-11T00:01:00.3422230Z" duration="0.002387" asserts="2" />
                  <test-case id="1-1969" name="AreaDistributorTest_OverlapTwo(&quot;11x11: P5x5;S4x4 P2x2;S4x4&quot;)" fullname="PlayersWorlds.Maps.Areas.Evolving.AreaDistributorTest.AreaDistributorTest_OverlapTwo(&quot;11x11: P5x5;S4x4 P2x2;S4x4&quot;)" methodname="AreaDistributorTest_OverlapTwo" classname="PlayersWorlds.Maps.Areas.Evolving.AreaDistributorTest" runstate="Runnable" seed="519095073" result="Passed" start-time="2024-06-11T00:01:00.3422320Z" end-time="2024-06-11T00:01:00.3453900Z" duration="0.003158" asserts="2" />
                  <test-case id="1-1970" name="AreaDistributorTest_OverlapTwo(&quot;11x11: P4x4;S4x4 P3x3;S4x4&quot;)" fullname="PlayersWorlds.Maps.Areas.Evolving.AreaDistributorTest.AreaDistributorTest_OverlapTwo(&quot;11x11: P4x4;S4x4 P3x3;S4x4&quot;)" methodname="AreaDistributorTest_OverlapTwo" classname="PlayersWorlds.Maps.Areas.Evolving.AreaDistributorTest" runstate="Runnable" seed="640942263" result="Passed" start-time="2024-06-11T00:01:00.3454010Z" end-time="2024-06-11T00:01:00.3479340Z" duration="0.002533" asserts="2" />
                  <test-case id="1-1971" name="AreaDistributorTest_OverlapTwo(&quot;11x11: P4x3;S4x4 P3x4;S4x4&quot;)" fullname="PlayersWorlds.Maps.Areas.Evolving.AreaDistributorTest.AreaDistributorTest_OverlapTwo(&quot;11x11: P4x3;S4x4 P3x4;S4x4&quot;)" methodname="AreaDistributorTest_OverlapTwo" classname="PlayersWorlds.Maps.Areas.Evolving.AreaDistributorTest" runstate="Runnable" seed="1735882223" result="Passed" start-time="2024-06-11T00:01:00.3479440Z" end-time="2024-06-11T00:01:00.3503190Z" duration="0.002376" asserts="2" />
                </test-suite>
                <test-case id="1-1960" name="AreaDistributorTest_SidePressure" fullname="PlayersWorlds.Maps.Areas.Evolving.AreaDistributorTest.AreaDistributorTest_SidePressure" methodname="AreaDistributorTest_SidePressure" classname="PlayersWorlds.Maps.Areas.Evolving.AreaDistributorTest" runstate="Runnable" seed="1250654511" result="Passed" start-time="2024-06-11T00:01:00.3503390Z" end-time="2024-06-11T00:01:00.3953970Z" duration="0.045058" asserts="2">
                  <properties>
                    <property name="Category" value="Integration" />
                  </properties>
                </test-case>
                <test-suite type="ParameterizedMethod" id="1-1984" name="AreaDistributorTest_SingleMapForce" fullname="PlayersWorlds.Maps.Areas.Evolving.AreaDistributorTest.AreaDistributorTest_SingleMapForce" classname="PlayersWorlds.Maps.Areas.Evolving.AreaDistributorTest" runstate="Runnable" testcasecount="10" result="Passed" start-time="2024-06-11T00:01:00.3954090Z" end-time="2024-06-11T00:01:00.4042010Z" duration="0.008793" total="10" passed="10" failed="0" warnings="0" inconclusive="0" skipped="0" asserts="20">
                  <properties>
                    <property name="Category" value="Integration" />
                  </properties>
                  <test-case id="1-1974" name="AreaDistributorTest_SingleMapForce(&quot;6x12: P1x2;S2x2&quot;)" fullname="PlayersWorlds.Maps.Areas.Evolving.AreaDistributorTest.AreaDistributorTest_SingleMapForce(&quot;6x12: P1x2;S2x2&quot;)" methodname="AreaDistributorTest_SingleMapForce" classname="PlayersWorlds.Maps.Areas.Evolving.AreaDistributorTest" runstate="Runnable" seed="2082246791" result="Passed" start-time="2024-06-11T00:01:00.3954240Z" end-time="2024-06-11T00:01:00.3964050Z" duration="0.000981" asserts="2" />
                  <test-case id="1-1975" name="AreaDistributorTest_SingleMapForce(&quot;6x12: P2x2;S2x2&quot;)" fullname="PlayersWorlds.Maps.Areas.Evolving.AreaDistributorTest.AreaDistributorTest_SingleMapForce(&quot;6x12: P2x2;S2x2&quot;)" methodname="AreaDistributorTest_SingleMapForce" classname="PlayersWorlds.Maps.Areas.Evolving.AreaDistributorTest" runstate="Runnable" seed="1443029672" result="Passed" start-time="2024-06-11T00:01:00.3964150Z" end-time="2024-06-11T00:01:00.3972120Z" duration="0.000797" asserts="2" />
                  <test-case id="1-1976" name="AreaDistributorTest_SingleMapForce(&quot;6x12: P3x2;S2x2&quot;)" fullname="PlayersWorlds.Maps.Areas.Evolving.AreaDistributorTest.AreaDistributorTest_SingleMapForce(&quot;6x12: P3x2;S2x2&quot;)" methodname="AreaDistributorTest_SingleMapForce" classname="PlayersWorlds.Maps.Areas.Evolving.AreaDistributorTest" runstate="Runnable" seed="1887177141" result="Passed" start-time="2024-06-11T00:01:00.3972240Z" end-time="2024-06-11T00:01:00.3980080Z" duration="0.000784" asserts="2" />
                  <test-case id="1-1977" name="AreaDistributorTest_SingleMapForce(&quot;6x12: P1x5;S2x2&quot;)" fullname="PlayersWorlds.Maps.Areas.Evolving.AreaDistributorTest.AreaDistributorTest_SingleMapForce(&quot;6x12: P1x5;S2x2&quot;)" methodname="AreaDistributorTest_SingleMapForce" classname="PlayersWorlds.Maps.Areas.Evolving.AreaDistributorTest" runstate="Runnable" seed="667751873" result="Passed" start-time="2024-06-11T00:01:00.3980170Z" end-time="2024-06-11T00:01:00.3987990Z" duration="0.000782" asserts="2" />
                  <test-case id="1-1978" name="AreaDistributorTest_SingleMapForce(&quot;6x12: P2x5;S2x2&quot;)" fullname="PlayersWorlds.Maps.Areas.Evolving.AreaDistributorTest.AreaDistributorTest_SingleMapForce(&quot;6x12: P2x5;S2x2&quot;)" methodname="AreaDistributorTest_SingleMapForce" classname="PlayersWorlds.Maps.Areas.Evolving.AreaDistributorTest" runstate="Runnable" seed="1554468798" result="Passed" start-time="2024-06-11T00:01:00.3988080Z" end-time="2024-06-11T00:01:00.3995860Z" duration="0.000778" asserts="2" />
                  <test-case id="1-1979" name="AreaDistributorTest_SingleMapForce(&quot;6x12: P3x5;S2x2&quot;)" fullname="PlayersWorlds.Maps.Areas.Evolving.AreaDistributorTest.AreaDistributorTest_SingleMapForce(&quot;6x12: P3x5;S2x2&quot;)" methodname="AreaDistributorTest_SingleMapForce" classname="PlayersWorlds.Maps.Areas.Evolving.AreaDistributorTest" runstate="Runnable" seed="652319090" result="Passed" start-time="2024-06-11T00:01:00.3995950Z" end-time="2024-06-11T00:01:00.4003810Z" duration="0.000785" asserts="2" />
                  <test-case id="1-1980" name="AreaDistributorTest_SingleMapForce(&quot;6x12: P1x8;S2x2&quot;)" fullname="PlayersWorlds.Maps.Areas.Evolving.AreaDistributorTest.AreaDistributorTest_SingleMapForce(&quot;6x12: P1x8;S2x2&quot;)" methodname="AreaDistributorTest_SingleMapForce" classname="PlayersWorlds.Maps.Areas.Evolving.AreaDistributorTest" runstate="Runnable" seed="1597272836" result="Passed" start-time="2024-06-11T00:01:00.4003900Z" end-time="2024-06-11T00:01:00.4011730Z" duration="0.000784" asserts="2" />
                  <test-case id="1-1981" name="AreaDistributorTest_SingleMapForce(&quot;6x12: P2x8;S2x2&quot;)" fullname="PlayersWorlds.Maps.Areas.Evolving.AreaDistributorTest.AreaDistributorTest_SingleMapForce(&quot;6x12: P2x8;S2x2&quot;)" methodname="AreaDistributorTest_SingleMapForce" classname="PlayersWorlds.Maps.Areas.Evolving.AreaDistributorTest" runstate="Runnable" seed="1939697406" result="Passed" start-time="2024-06-11T00:01:00.4011820Z" end-time="2024-06-11T00:01:00.4019620Z" duration="0.000780" asserts="2" />
                  <test-case id="1-1982" name="AreaDistributorTest_SingleMapForce(&quot;6x12: P3x8;S2x2&quot;)" fullname="PlayersWorlds.Maps.Areas.Evolving.AreaDistributorTest.AreaDistributorTest_SingleMapForce(&quot;6x12: P3x8;S2x2&quot;)" methodname="AreaDistributorTest_SingleMapForce" classname="PlayersWorlds.Maps.Areas.Evolving.AreaDistributorTest" runstate="Runnable" seed="1773028497" result="Passed" start-time="2024-06-11T00:01:00.4019710Z" end-time="2024-06-11T00:01:00.4033710Z" duration="0.001399" asserts="2" />
                  <test-case id="1-1983" name="AreaDistributorTest_SingleMapForce(&quot;6x12: P-1x-4;S2x2&quot;)" fullname="PlayersWorlds.Maps.Areas.Evolving.AreaDistributorTest.AreaDistributorTest_SingleMapForce(&quot;6x12: P-1x-4;S2x2&quot;)" methodname="AreaDistributorTest_SingleMapForce" classname="PlayersWorlds.Maps.Areas.Evolving.AreaDistributorTest" runstate="Runnable" seed="559602775" result="Passed" start-time="2024-06-11T00:01:00.4033810Z" end-time="2024-06-11T00:01:00.4041910Z" duration="0.000810" asserts="2" />
                </test-suite>
                <test-case id="1-1961" name="AreaDistributorTest_TwoTest" fullname="PlayersWorlds.Maps.Areas.Evolving.AreaDistributorTest.AreaDistributorTest_TwoTest" methodname="AreaDistributorTest_TwoTest" classname="PlayersWorlds.Maps.Areas.Evolving.AreaDistributorTest" runstate="Runnable" seed="1337066041" result="Passed" start-time="2024-06-11T00:01:00.4042090Z" end-time="2024-06-11T00:01:00.4068100Z" duration="0.002601" asserts="2">
                  <properties>
                    <property name="Category" value="Integration" />
                  </properties>
                </test-case>
              </test-suite>
              <test-suite type="TestFixture" id="1-2043" name="EvolvingSimulatorTest" fullname="PlayersWorlds.Maps.Areas.Evolving.EvolvingSimulatorTest" classname="PlayersWorlds.Maps.Areas.Evolving.EvolvingSimulatorTest" runstate="Runnable" testcasecount="2" result="Passed" start-time="2024-06-11T00:01:00.4068410Z" end-time="2024-06-11T00:01:00.5099780Z" duration="0.103137" total="2" passed="2" failed="0" warnings="0" inconclusive="0" skipped="0" asserts="2">
                <test-case id="1-2045" name="EvolvingSimulator_ReturnsEpochsIfEvolitionIsNotComplete" fullname="PlayersWorlds.Maps.Areas.Evolving.EvolvingSimulatorTest.EvolvingSimulator_ReturnsEpochsIfEvolitionIsNotComplete" methodname="EvolvingSimulator_ReturnsEpochsIfEvolitionIsNotComplete" classname="PlayersWorlds.Maps.Areas.Evolving.EvolvingSimulatorTest" runstate="Runnable" seed="445814779" result="Passed" start-time="2024-06-11T00:01:00.4069250Z" end-time="2024-06-11T00:01:00.5077500Z" duration="0.100825" asserts="1" />
                <test-case id="1-2044" name="EvolvingSimulator_ThrowsIfMaxEpochsIsZero" fullname="PlayersWorlds.Maps.Areas.Evolving.EvolvingSimulatorTest.EvolvingSimulator_ThrowsIfMaxEpochsIsZero" methodname="EvolvingSimulator_ThrowsIfMaxEpochsIsZero" classname="PlayersWorlds.Maps.Areas.Evolving.EvolvingSimulatorTest" runstate="Runnable" seed="349332259" result="Passed" start-time="2024-06-11T00:01:00.5077630Z" end-time="2024-06-11T00:01:00.5099640Z" duration="0.002201" asserts="1" />
              </test-suite>
              <test-suite type="TestFixture" id="1-2046" name="FloatingAreaTest" fullname="PlayersWorlds.Maps.Areas.Evolving.FloatingAreaTest" classname="PlayersWorlds.Maps.Areas.Evolving.FloatingAreaTest" runstate="Runnable" testcasecount="22" result="Passed" start-time="2024-06-11T00:01:00.5099950Z" end-time="2024-06-11T00:01:00.5150140Z" duration="0.005019" total="22" passed="22" failed="0" warnings="0" inconclusive="0" skipped="0" asserts="45">
                <test-case id="1-2051" name="CenterIsValid" fullname="PlayersWorlds.Maps.Areas.Evolving.FloatingAreaTest.CenterIsValid" methodname="CenterIsValid" classname="PlayersWorlds.Maps.Areas.Evolving.FloatingAreaTest" runstate="Runnable" seed="1406739165" result="Passed" start-time="2024-06-11T00:01:00.5100690Z" end-time="2024-06-11T00:01:00.5126320Z" duration="0.002563" asserts="4" />
                <test-case id="1-2050" name="Contains" fullname="PlayersWorlds.Maps.Areas.Evolving.FloatingAreaTest.Contains" methodname="Contains" classname="PlayersWorlds.Maps.Areas.Evolving.FloatingAreaTest" runstate="Runnable" seed="80236801" result="Passed" start-time="2024-06-11T00:01:00.5126430Z" end-time="2024-06-11T00:01:00.5132400Z" duration="0.000597" asserts="2" />
                <test-suite type="ParameterizedMethod" id="1-2068" name="DistanceTo" fullname="PlayersWorlds.Maps.Areas.Evolving.FloatingAreaTest.DistanceTo" classname="PlayersWorlds.Maps.Areas.Evolving.FloatingAreaTest" runstate="Runnable" testcasecount="16" result="Passed" start-time="2024-06-11T00:01:00.5132490Z" end-time="2024-06-11T00:01:00.5140890Z" duration="0.000840" total="16" passed="16" failed="0" warnings="0" inconclusive="0" skipped="0" asserts="32">
                  <properties>
                    <property name="Category" value="Integration" />
                  </properties>
                  <test-case id="1-2052" name="DistanceTo((PlayersWorlds.Maps.Areas.Evolving.FloatingArea[], -1.00x0.00, False))" fullname="PlayersWorlds.Maps.Areas.Evolving.FloatingAreaTest.DistanceTo((PlayersWorlds.Maps.Areas.Evolving.FloatingArea[], -1.00x0.00, False))" methodname="DistanceTo" classname="PlayersWorlds.Maps.Areas.Evolving.FloatingAreaTest" runstate="Runnable" seed="860044992" result="Passed" start-time="2024-06-11T00:01:00.5132620Z" end-time="2024-06-11T00:01:00.5137220Z" duration="0.000461" asserts="2" />
                  <test-case id="1-2053" name="DistanceTo((PlayersWorlds.Maps.Areas.Evolving.FloatingArea[], 0.00x0.00, False))" fullname="PlayersWorlds.Maps.Areas.Evolving.FloatingAreaTest.DistanceTo((PlayersWorlds.Maps.Areas.Evolving.FloatingArea[], 0.00x0.00, False))" methodname="DistanceTo" classname="PlayersWorlds.Maps.Areas.Evolving.FloatingAreaTest" runstate="Runnable" seed="542222771" result="Passed" start-time="2024-06-11T00:01:00.5137310Z" end-time="2024-06-11T00:01:00.5137640Z" duration="0.000033" asserts="2" />
                  <test-case id="1-2054" name="DistanceTo((PlayersWorlds.Maps.Areas.Evolving.FloatingArea[], 1.00x0.00, True))" fullname="PlayersWorlds.Maps.Areas.Evolving.FloatingAreaTest.DistanceTo((PlayersWorlds.Maps.Areas.Evolving.FloatingArea[], 1.00x0.00, True))" methodname="DistanceTo" classname="PlayersWorlds.Maps.Areas.Evolving.FloatingAreaTest" runstate="Runnable" seed="1730668472" result="Passed" start-time="2024-06-11T00:01:00.5137690Z" end-time="2024-06-11T00:01:00.5137920Z" duration="0.000023" asserts="2" />
                  <test-case id="1-2055" name="DistanceTo((PlayersWorlds.Maps.Areas.Evolving.FloatingArea[], 0.00x0.00, True))" fullname="PlayersWorlds.Maps.Areas.Evolving.FloatingAreaTest.DistanceTo((PlayersWorlds.Maps.Areas.Evolving.FloatingArea[], 0.00x0.00, True))" methodname="DistanceTo" classname="PlayersWorlds.Maps.Areas.Evolving.FloatingAreaTest" runstate="Runnable" seed="1461104381" result="Passed" start-time="2024-06-11T00:01:00.5137970Z" end-time="2024-06-11T00:01:00.5138170Z" duration="0.000020" asserts="2" />
                  <test-case id="1-2056" name="DistanceTo((PlayersWorlds.Maps.Areas.Evolving.FloatingArea[], -1.00x0.00, True))" fullname="PlayersWorlds.Maps.Areas.Evolving.FloatingAreaTest.DistanceTo((PlayersWorlds.Maps.Areas.Evolving.FloatingArea[], -1.00x0.00, True))" methodname="DistanceTo" classname="PlayersWorlds.Maps.Areas.Evolving.FloatingAreaTest" runstate="Runnable" seed="1840831414" result="Passed" start-time="2024-06-11T00:01:00.5138210Z" end-time="2024-06-11T00:01:00.5138410Z" duration="0.000020" asserts="2" />
                  <test-case id="1-2057" name="DistanceTo((PlayersWorlds.Maps.Areas.Evolving.FloatingArea[], 0.00x0.00, False))" fullname="PlayersWorlds.Maps.Areas.Evolving.FloatingAreaTest.DistanceTo((PlayersWorlds.Maps.Areas.Evolving.FloatingArea[], 0.00x0.00, False))" methodname="DistanceTo" classname="PlayersWorlds.Maps.Areas.Evolving.FloatingAreaTest" runstate="Runnable" seed="1929284569" result="Passed" start-time="2024-06-11T00:01:00.5138450Z" end-time="2024-06-11T00:01:00.5138660Z" duration="0.000021" asserts="2" />
                  <test-case id="1-2058" name="DistanceTo((PlayersWorlds.Maps.Areas.Evolving.FloatingArea[], 1.00x0.00, False))" fullname="PlayersWorlds.Maps.Areas.Evolving.FloatingAreaTest.DistanceTo((PlayersWorlds.Maps.Areas.Evolving.FloatingArea[], 1.00x0.00, False))" methodname="DistanceTo" classname="PlayersWorlds.Maps.Areas.Evolving.FloatingAreaTest" runstate="Runnable" seed="1289491135" result="Passed" start-time="2024-06-11T00:01:00.5138710Z" end-time="2024-06-11T00:01:00.5138890Z" duration="0.000018" asserts="2" />
                  <test-case id="1-2059" name="DistanceTo((PlayersWorlds.Maps.Areas.Evolving.FloatingArea[], -1.00x1.00, False))" fullname="PlayersWorlds.Maps.Areas.Evolving.FloatingAreaTest.DistanceTo((PlayersWorlds.Maps.Areas.Evolving.FloatingArea[], -1.00x1.00, False))" methodname="DistanceTo" classname="PlayersWorlds.Maps.Areas.Evolving.FloatingAreaTest" runstate="Runnable" seed="90380946" result="Passed" start-time="2024-06-11T00:01:00.5138930Z" end-time="2024-06-11T00:01:00.5139100Z" duration="0.000017" asserts="2" />
                  <test-case id="1-2060" name="DistanceTo((PlayersWorlds.Maps.Areas.Evolving.FloatingArea[], 0.00x1.00, False))" fullname="PlayersWorlds.Maps.Areas.Evolving.FloatingAreaTest.DistanceTo((PlayersWorlds.Maps.Areas.Evolving.FloatingArea[], 0.00x1.00, False))" methodname="DistanceTo" classname="PlayersWorlds.Maps.Areas.Evolving.FloatingAreaTest" runstate="Runnable" seed="925442967" result="Passed" start-time="2024-06-11T00:01:00.5139140Z" end-time="2024-06-11T00:01:00.5139310Z" duration="0.000017" asserts="2" />
                  <test-case id="1-2061" name="DistanceTo((PlayersWorlds.Maps.Areas.Evolving.FloatingArea[], 1.00x1.00, True))" fullname="PlayersWorlds.Maps.Areas.Evolving.FloatingAreaTest.DistanceTo((PlayersWorlds.Maps.Areas.Evolving.FloatingArea[], 1.00x1.00, True))" methodname="DistanceTo" classname="PlayersWorlds.Maps.Areas.Evolving.FloatingAreaTest" runstate="Runnable" seed="1318744529" result="Passed" start-time="2024-06-11T00:01:00.5139360Z" end-time="2024-06-11T00:01:00.5139530Z" duration="0.000017" asserts="2" />
                  <test-case id="1-2062" name="DistanceTo((PlayersWorlds.Maps.Areas.Evolving.FloatingArea[], 0.00x1.00, True))" fullname="PlayersWorlds.Maps.Areas.Evolving.FloatingAreaTest.DistanceTo((PlayersWorlds.Maps.Areas.Evolving.FloatingArea[], 0.00x1.00, True))" methodname="DistanceTo" classname="PlayersWorlds.Maps.Areas.Evolving.FloatingAreaTest" runstate="Runnable" seed="980882827" result="Passed" start-time="2024-06-11T00:01:00.5139570Z" end-time="2024-06-11T00:01:00.5139850Z" duration="0.000028" asserts="2" />
                  <test-case id="1-2063" name="DistanceTo((PlayersWorlds.Maps.Areas.Evolving.FloatingArea[], -1.00x1.00, True))" fullname="PlayersWorlds.Maps.Areas.Evolving.FloatingAreaTest.DistanceTo((PlayersWorlds.Maps.Areas.Evolving.FloatingArea[], -1.00x1.00, True))" methodname="DistanceTo" classname="PlayersWorlds.Maps.Areas.Evolving.FloatingAreaTest" runstate="Runnable" seed="1520094292" result="Passed" start-time="2024-06-11T00:01:00.5139890Z" end-time="2024-06-11T00:01:00.5140060Z" duration="0.000016" asserts="2" />
                  <test-case id="1-2064" name="DistanceTo((PlayersWorlds.Maps.Areas.Evolving.FloatingArea[], 0.00x1.00, False))" fullname="PlayersWorlds.Maps.Areas.Evolving.FloatingAreaTest.DistanceTo((PlayersWorlds.Maps.Areas.Evolving.FloatingArea[], 0.00x1.00, False))" methodname="DistanceTo" classname="PlayersWorlds.Maps.Areas.Evolving.FloatingAreaTest" runstate="Runnable" seed="1275547534" result="Passed" start-time="2024-06-11T00:01:00.5140100Z" end-time="2024-06-11T00:01:00.5140260Z" duration="0.000016" asserts="2" />
                  <test-case id="1-2065" name="DistanceTo((PlayersWorlds.Maps.Areas.Evolving.FloatingArea[], 1.00x1.00, False))" fullname="PlayersWorlds.Maps.Areas.Evolving.FloatingAreaTest.DistanceTo((PlayersWorlds.Maps.Areas.Evolving.FloatingArea[], 1.00x1.00, False))" methodname="DistanceTo" classname="PlayersWorlds.Maps.Areas.Evolving.FloatingAreaTest" runstate="Runnable" seed="1835638210" result="Passed" start-time="2024-06-11T00:01:00.5140290Z" end-time="2024-06-11T00:01:00.5140450Z" duration="0.000016" asserts="2" />
                  <test-case id="1-2066" name="DistanceTo((PlayersWorlds.Maps.Areas.Evolving.FloatingArea[], -1.00x-1.00, True))" fullname="PlayersWorlds.Maps.Areas.Evolving.FloatingAreaTest.DistanceTo((PlayersWorlds.Maps.Areas.Evolving.FloatingArea[], -1.00x-1.00, True))" methodname="DistanceTo" classname="PlayersWorlds.Maps.Areas.Evolving.FloatingAreaTest" runstate="Runnable" seed="1390436692" result="Passed" start-time="2024-06-11T00:01:00.5140490Z" end-time="2024-06-11T00:01:00.5140640Z" duration="0.000015" asserts="2" />
                  <test-case id="1-2067" name="DistanceTo((PlayersWorlds.Maps.Areas.Evolving.FloatingArea[], 1.00x1.00, False))" fullname="PlayersWorlds.Maps.Areas.Evolving.FloatingAreaTest.DistanceTo((PlayersWorlds.Maps.Areas.Evolving.FloatingArea[], 1.00x1.00, False))" methodname="DistanceTo" classname="PlayersWorlds.Maps.Areas.Evolving.FloatingAreaTest" runstate="Runnable" seed="1610770940" result="Passed" start-time="2024-06-11T00:01:00.5140680Z" end-time="2024-06-11T00:01:00.5140830Z" duration="0.000015" asserts="2" />
                </test-suite>
                <test-case id="1-2069" name="DistanceToDebug" fullname="PlayersWorlds.Maps.Areas.Evolving.FloatingAreaTest.DistanceToDebug" methodname="DistanceToDebug" classname="PlayersWorlds.Maps.Areas.Evolving.FloatingAreaTest" runstate="Runnable" seed="745422935" result="Passed" start-time="2024-06-11T00:01:00.5140970Z" end-time="2024-06-11T00:01:00.5144170Z" duration="0.000321" asserts="2" />
                <test-case id="1-2049" name="Overlaps" fullname="PlayersWorlds.Maps.Areas.Evolving.FloatingAreaTest.Overlaps" methodname="Overlaps" classname="PlayersWorlds.Maps.Areas.Evolving.FloatingAreaTest" runstate="Runnable" seed="1008785673" result="Passed" start-time="2024-06-11T00:01:00.5144250Z" end-time="2024-06-11T00:01:00.5147350Z" duration="0.000310" asserts="2" />
                <test-case id="1-2047" name="Parse" fullname="PlayersWorlds.Maps.Areas.Evolving.FloatingAreaTest.Parse" methodname="Parse" classname="PlayersWorlds.Maps.Areas.Evolving.FloatingAreaTest" runstate="Runnable" seed="1668456993" result="Passed" start-time="2024-06-11T00:01:00.5147420Z" end-time="2024-06-11T00:01:00.5148690Z" duration="0.000127" asserts="2" />
                <test-case id="1-2048" name="ToStringIsValid" fullname="PlayersWorlds.Maps.Areas.Evolving.FloatingAreaTest.ToStringIsValid" methodname="ToStringIsValid" classname="PlayersWorlds.Maps.Areas.Evolving.FloatingAreaTest" runstate="Runnable" seed="571704297" result="Passed" start-time="2024-06-11T00:01:00.5148760Z" end-time="2024-06-11T00:01:00.5150040Z" duration="0.000128" asserts="1" />
              </test-suite>
              <test-suite type="TestFixture" id="1-2070" name="ForceFormulaTestTest" fullname="PlayersWorlds.Maps.Areas.Evolving.ForceFormulaTestTest" classname="PlayersWorlds.Maps.Areas.Evolving.ForceFormulaTestTest" runstate="Runnable" testcasecount="8" result="Passed" start-time="2024-06-11T00:01:00.5150260Z" end-time="2024-06-11T00:01:00.5189340Z" duration="0.003907" total="8" passed="8" failed="0" warnings="0" inconclusive="0" skipped="0" asserts="42">
                <test-case id="1-2076" name="CollideForce_Negative" fullname="PlayersWorlds.Maps.Areas.Evolving.ForceFormulaTestTest.CollideForce_Negative" methodname="CollideForce_Negative" classname="PlayersWorlds.Maps.Areas.Evolving.ForceFormulaTestTest" runstate="Runnable" seed="1579612371" result="Passed" start-time="2024-06-11T00:01:00.5150850Z" end-time="2024-06-11T00:01:00.5160300Z" duration="0.000945" asserts="9" />
                <test-case id="1-2075" name="CollideForce_Positive" fullname="PlayersWorlds.Maps.Areas.Evolving.ForceFormulaTestTest.CollideForce_Positive" methodname="CollideForce_Positive" classname="PlayersWorlds.Maps.Areas.Evolving.ForceFormulaTestTest" runstate="Runnable" seed="616624259" result="Passed" start-time="2024-06-11T00:01:00.5160390Z" end-time="2024-06-11T00:01:00.5163700Z" duration="0.000331" asserts="9" />
                <test-case id="1-2072" name="NormalForce_Negative" fullname="PlayersWorlds.Maps.Areas.Evolving.ForceFormulaTestTest.NormalForce_Negative" methodname="NormalForce_Negative" classname="PlayersWorlds.Maps.Areas.Evolving.ForceFormulaTestTest" runstate="Runnable" seed="1207533826" result="Passed" start-time="2024-06-11T00:01:00.5163770Z" end-time="2024-06-11T00:01:00.5168190Z" duration="0.000442" asserts="3" />
                <test-case id="1-2074" name="NormalForce_NegativeCapped" fullname="PlayersWorlds.Maps.Areas.Evolving.ForceFormulaTestTest.NormalForce_NegativeCapped" methodname="NormalForce_NegativeCapped" classname="PlayersWorlds.Maps.Areas.Evolving.ForceFormulaTestTest" runstate="Runnable" seed="996673352" result="Passed" start-time="2024-06-11T00:01:00.5168270Z" end-time="2024-06-11T00:01:00.5169950Z" duration="0.000167" asserts="5" />
                <test-case id="1-2071" name="NormalForce_Positive" fullname="PlayersWorlds.Maps.Areas.Evolving.ForceFormulaTestTest.NormalForce_Positive" methodname="NormalForce_Positive" classname="PlayersWorlds.Maps.Areas.Evolving.ForceFormulaTestTest" runstate="Runnable" seed="708017975" result="Passed" start-time="2024-06-11T00:01:00.5170020Z" end-time="2024-06-11T00:01:00.5171190Z" duration="0.000117" asserts="3" />
                <test-case id="1-2073" name="NormalForce_PositiveCapped" fullname="PlayersWorlds.Maps.Areas.Evolving.ForceFormulaTestTest.NormalForce_PositiveCapped" methodname="NormalForce_PositiveCapped" classname="PlayersWorlds.Maps.Areas.Evolving.ForceFormulaTestTest" runstate="Runnable" seed="28035690" result="Passed" start-time="2024-06-11T00:01:00.5171260Z" end-time="2024-06-11T00:01:00.5172780Z" duration="0.000152" asserts="5" />
                <test-case id="1-2078" name="OverlapForce_Negative" fullname="PlayersWorlds.Maps.Areas.Evolving.ForceFormulaTestTest.OverlapForce_Negative" methodname="OverlapForce_Negative" classname="PlayersWorlds.Maps.Areas.Evolving.ForceFormulaTestTest" runstate="Runnable" seed="676368988" result="Passed" start-time="2024-06-11T00:01:00.5172850Z" end-time="2024-06-11T00:01:00.5186520Z" duration="0.001368" asserts="4" />
[...]
              <test-case id="1-1138" name="CanDeserializeEmptyCell" fullname="PlayersWorlds.Maps.Serializer.CellSerializerTest.CanDeserializeEmptyCell" methodname="CanDeserializeEmptyCell" classname="PlayersWorlds.Maps.Serializer.CellSerializerTest" runstate="Runnable" seed="1527888227" result="Passed" start-time="2024-06-11T00:14:57.4332040Z" end-time="2024-06-11T00:14:57.4335290Z" duration="0.000325" asserts="2" />
              <test-case id="1-1139" name="CanSerializeCellWithLinks" fullname="PlayersWorlds.Maps.Serializer.CellSerializerTest.CanSerializeCellWithLinks" methodname="CanSerializeCellWithLinks" classname="PlayersWorlds.Maps.Serializer.CellSerializerTest" runstate="Runnable" seed="1478374124" result="Passed" start-time="2024-06-11T00:14:57.4335350Z" end-time="2024-06-11T00:14:57.4337100Z" duration="0.000175" asserts="1" />
              <test-case id="1-1143" name="CanSerializeCellWithLinksAndTags" fullname="PlayersWorlds.Maps.Serializer.CellSerializerTest.CanSerializeCellWithLinksAndTags" methodname="CanSerializeCellWithLinksAndTags" classname="PlayersWorlds.Maps.Serializer.CellSerializerTest" runstate="Runnable" seed="1826815133" result="Passed" start-time="2024-06-11T00:14:57.4337170Z" end-time="2024-06-11T00:14:57.4339680Z" duration="0.000251" asserts="1" />
              <test-case id="1-1141" name="CanSerializeCellWithTags" fullname="PlayersWorlds.Maps.Serializer.CellSerializerTest.CanSerializeCellWithTags" methodname="CanSerializeCellWithTags" classname="PlayersWorlds.Maps.Serializer.CellSerializerTest" runstate="Runnable" seed="920758553" result="Passed" start-time="2024-06-11T00:14:57.4339750Z" end-time="2024-06-11T00:14:57.4341650Z" duration="0.000189" asserts="1" />
              <test-case id="1-1137" name="CanSerializeEmptyCell" fullname="PlayersWorlds.Maps.Serializer.CellSerializerTest.CanSerializeEmptyCell" methodname="CanSerializeEmptyCell" classname="PlayersWorlds.Maps.Serializer.CellSerializerTest" runstate="Runnable" seed="2140038372" result="Passed" start-time="2024-06-11T00:14:57.4341720Z" end-time="2024-06-11T00:14:57.4342780Z" duration="0.000106" asserts="1" />
            </test-suite>
          </test-suite>
          <test-suite type="TestFixture" id="1-1066" name="VectorDTest" fullname="PlayersWorlds.Maps.VectorDTest" classname="PlayersWorlds.Maps.VectorDTest" runstate="Runnable" testcasecount="11" result="Passed" start-time="2024-06-11T00:14:57.4343030Z" end-time="2024-06-11T00:14:57.4365800Z" duration="0.002277" total="11" passed="11" failed="0" warnings="0" inconclusive="0" skipped="0" asserts="33">
            <test-case id="1-1074" name="CanAddAndSubtract" fullname="PlayersWorlds.Maps.VectorDTest.CanAddAndSubtract" methodname="CanAddAndSubtract" classname="PlayersWorlds.Maps.VectorDTest" runstate="Runnable" seed="1608540683" result="Passed" start-time="2024-06-11T00:14:57.4343570Z" end-time="2024-06-11T00:14:57.4346630Z" duration="0.000306" asserts="5" />
            <test-case id="1-1075" name="ConstructorChecksArguments" fullname="PlayersWorlds.Maps.VectorDTest.ConstructorChecksArguments" methodname="ConstructorChecksArguments" classname="PlayersWorlds.Maps.VectorDTest" runstate="Runnable" seed="63401185" result="Passed" start-time="2024-06-11T00:14:57.4346710Z" end-time="2024-06-11T00:14:57.4347780Z" duration="0.000107" asserts="1" />
            <test-case id="1-1068" name="EqualityIsCheckedByValue" fullname="PlayersWorlds.Maps.VectorDTest.EqualityIsCheckedByValue" methodname="EqualityIsCheckedByValue" classname="PlayersWorlds.Maps.VectorDTest" runstate="Runnable" seed="1391326851" result="Passed" start-time="2024-06-11T00:14:57.4347840Z" end-time="2024-06-11T00:14:57.4349890Z" duration="0.000204" asserts="4" />
            <test-case id="1-1069" name="GetHashCodeIsDerivedFromValue" fullname="PlayersWorlds.Maps.VectorDTest.GetHashCodeIsDerivedFromValue" methodname="GetHashCodeIsDerivedFromValue" classname="PlayersWorlds.Maps.VectorDTest" runstate="Runnable" seed="1016735919" result="Passed" start-time="2024-06-11T00:14:57.4349960Z" end-time="2024-06-11T00:14:57.4350710Z" duration="0.000075" asserts="1" />
            <test-case id="1-1072" name="InitializedAsNull" fullname="PlayersWorlds.Maps.VectorDTest.InitializedAsNull" methodname="InitializedAsNull" classname="PlayersWorlds.Maps.VectorDTest" runstate="Runnable" seed="1301353875" result="Passed" start-time="2024-06-11T00:14:57.4350770Z" end-time="2024-06-11T00:14:57.4351750Z" duration="0.000098" asserts="1" />
            <test-case id="1-1071" name="InitializedEmpty" fullname="PlayersWorlds.Maps.VectorDTest.InitializedEmpty" methodname="InitializedEmpty" classname="PlayersWorlds.Maps.VectorDTest" runstate="Runnable" seed="1858836314" result="Passed" start-time="2024-06-11T00:14:57.4351820Z" end-time="2024-06-11T00:14:57.4354400Z" duration="0.000258" asserts="4" />
            <test-case id="1-1067" name="IsInitialized" fullname="PlayersWorlds.Maps.VectorDTest.IsInitialized" methodname="IsInitialized" classname="PlayersWorlds.Maps.VectorDTest" runstate="Runnable" seed="910138145" result="Passed" start-time="2024-06-11T00:14:57.4354470Z" end-time="2024-06-11T00:14:57.4356000Z" duration="0.000153" asserts="2" />
            <test-case id="1-1073" name="IsZero" fullname="PlayersWorlds.Maps.VectorDTest.IsZero" methodname="IsZero" classname="PlayersWorlds.Maps.VectorDTest" runstate="Runnable" seed="96549551" result="Passed" start-time="2024-06-11T00:14:57.4356070Z" end-time="2024-06-11T00:14:57.4357100Z" duration="0.000103" asserts="3" />
            <test-case id="1-1076" name="SnappedForce" fullname="PlayersWorlds.Maps.VectorDTest.SnappedForce" methodname="SnappedForce" classname="PlayersWorlds.Maps.VectorDTest" runstate="Runnable" seed="1423412597" result="Passed" start-time="2024-06-11T00:14:57.4357170Z" end-time="2024-06-11T00:14:57.4360860Z" duration="0.000370" asserts="9" />
            <test-case id="1-1070" name="ToStringFormat" fullname="PlayersWorlds.Maps.VectorDTest.ToStringFormat" methodname="ToStringFormat" classname="PlayersWorlds.Maps.VectorDTest" runstate="Runnable" seed="1396009142" result="Passed" start-time="2024-06-11T00:14:57.4360930Z" end-time="2024-06-11T00:14:57.4361700Z" duration="0.000077" asserts="1" />
            <test-case id="1-1077" name="VectorD_Parse" fullname="PlayersWorlds.Maps.VectorDTest.VectorD_Parse" methodname="VectorD_Parse" classname="PlayersWorlds.Maps.VectorDTest" runstate="Runnable" seed="478157549" result="Passed" start-time="2024-06-11T00:14:57.4361770Z" end-time="2024-06-11T00:14:57.4365690Z" duration="0.000393" asserts="2" />
          </test-suite>
          <test-suite type="TestFixture" id="1-1078" name="VectorTest" fullname="PlayersWorlds.Maps.VectorTest" classname="PlayersWorlds.Maps.VectorTest" runstate="Runnable" testcasecount="29" result="Passed" start-time="2024-06-11T00:14:57.4365920Z" end-time="2024-06-11T00:14:57.4442490Z" duration="0.007658" total="29" passed="29" failed="0" warnings="0" inconclusive="0" skipped="0" asserts="229">
            <test-case id="1-1095" name="FitsInto" fullname="PlayersWorlds.Maps.VectorTest.FitsInto" methodname="FitsInto" classname="PlayersWorlds.Maps.VectorTest" runstate="Runnable" seed="1978230712" result="Passed" start-time="2024-06-11T00:14:57.4366470Z" end-time="2024-06-11T00:14:57.4367890Z" duration="0.000142" asserts="3" />
            <test-case id="1-1098" name="FromIndex_Matches_FromIndex" fullname="PlayersWorlds.Maps.VectorTest.FromIndex_Matches_FromIndex" methodname="FromIndex_Matches_FromIndex" classname="PlayersWorlds.Maps.VectorTest" runstate="Runnable" seed="1629665889" result="Passed" start-time="2024-06-11T00:14:57.4367970Z" end-time="2024-06-11T00:14:57.4368950Z" duration="0.000098" asserts="1" />
            <test-case id="1-1106" name="FromIndex_ShouldThrowException_DimensionMismatch" fullname="PlayersWorlds.Maps.VectorTest.FromIndex_ShouldThrowException_DimensionMismatch" methodname="FromIndex_ShouldThrowException_DimensionMismatch" classname="PlayersWorlds.Maps.VectorTest" runstate="Runnable" seed="1286036508" result="Passed" start-time="2024-06-11T00:14:57.4369020Z" end-time="2024-06-11T00:14:57.4372630Z" duration="0.000361" asserts="1" />
            <test-case id="1-1096" name="IsIn" fullname="PlayersWorlds.Maps.VectorTest.IsIn" methodname="IsIn" classname="PlayersWorlds.Maps.VectorTest" runstate="Runnable" seed="577572854" result="Passed" start-time="2024-06-11T00:14:57.4372710Z" end-time="2024-06-11T00:14:57.4383600Z" duration="0.001089" asserts="7" />
            <test-case id="1-1107" name="NorthEastComparer_ComparesCorrectly" fullname="PlayersWorlds.Maps.VectorTest.NorthEastComparer_ComparesCorrectly" methodname="NorthEastComparer_ComparesCorrectly" classname="PlayersWorlds.Maps.VectorTest" runstate="Runnable" seed="2121390069" result="Passed" start-time="2024-06-11T00:14:57.4383680Z" end-time="2024-06-11T00:14:57.4390810Z" duration="0.000713" asserts="1" />
            <test-case id="1-1080" name="Size_NotInitialized" fullname="PlayersWorlds.Maps.VectorTest.Size_NotInitialized" methodname="Size_NotInitialized" classname="PlayersWorlds.Maps.VectorTest" runstate="Runnable" seed="1514399907" result="Passed" start-time="2024-06-11T00:14:57.4390890Z" end-time="2024-06-11T00:14:57.4392720Z" duration="0.000183" asserts="2" />
            <test-case id="1-1102" name="ToIndex_FromIndex_RoundTripConversion" fullname="PlayersWorlds.Maps.VectorTest.ToIndex_FromIndex_RoundTripConversion" methodname="ToIndex_FromIndex_RoundTripConversion" classname="PlayersWorlds.Maps.VectorTest" runstate="Runnable" seed="1049632183" result="Passed" start-time="2024-06-11T00:14:57.4392790Z" end-time="2024-06-11T00:14:57.4406770Z" duration="0.001398" asserts="150" />
            <test-case id="1-1103" name="ToIndex_FromIndex_Valid5D" fullname="PlayersWorlds.Maps.VectorTest.ToIndex_FromIndex_Valid5D" methodname="ToIndex_FromIndex_Valid5D" classname="PlayersWorlds.Maps.VectorTest" runstate="Runnable" seed="989551568" result="Passed" start-time="2024-06-11T00:14:57.4406850Z" end-time="2024-06-11T00:14:57.4409980Z" duration="0.000314" asserts="13" />
            <test-case id="1-1097" name="ToIndex_Matches_ToIndex" fullname="PlayersWorlds.Maps.VectorTest.ToIndex_Matches_ToIndex" methodname="ToIndex_Matches_ToIndex" classname="PlayersWorlds.Maps.VectorTest" runstate="Runnable" seed="1061931558" result="Passed" start-time="2024-06-11T00:14:57.4410060Z" end-time="2024-06-11T00:14:57.4410990Z" duration="0.000093" asserts="1" />
            <test-case id="1-1099" name="ToIndex_ShouldCalculateCorrectIndex_1D" fullname="PlayersWorlds.Maps.VectorTest.ToIndex_ShouldCalculateCorrectIndex_1D" methodname="ToIndex_ShouldCalculateCorrectIndex_1D" classname="PlayersWorlds.Maps.VectorTest" runstate="Runnable" seed="1506662903" result="Passed" start-time="2024-06-11T00:14:57.4411050Z" end-time="2024-06-11T00:14:57.4411990Z" duration="0.000094" asserts="2" />
            <test-case id="1-1100" name="ToIndex_ShouldCalculateCorrectIndex_2D" fullname="PlayersWorlds.Maps.VectorTest.ToIndex_ShouldCalculateCorrectIndex_2D" methodname="ToIndex_ShouldCalculateCorrectIndex_2D" classname="PlayersWorlds.Maps.VectorTest" runstate="Runnable" seed="1114055242" result="Passed" start-time="2024-06-11T00:14:57.4412050Z" end-time="2024-06-11T00:14:57.4412950Z" duration="0.000090" asserts="2" />
            <test-case id="1-1101" name="ToIndex_ShouldCalculateCorrectIndex_3D" fullname="PlayersWorlds.Maps.VectorTest.ToIndex_ShouldCalculateCorrectIndex_3D" methodname="ToIndex_ShouldCalculateCorrectIndex_3D" classname="PlayersWorlds.Maps.VectorTest" runstate="Runnable" seed="1623372885" result="Passed" start-time="2024-06-11T00:14:57.4413010Z" end-time="2024-06-11T00:14:57.4413960Z" duration="0.000095" asserts="2" />
            <test-case id="1-1105" name="ToIndex_ShouldThrowException_DimensionMismatch" fullname="PlayersWorlds.Maps.VectorTest.ToIndex_ShouldThrowException_DimensionMismatch" methodname="ToIndex_ShouldThrowException_DimensionMismatch" classname="PlayersWorlds.Maps.VectorTest" runstate="Runnable" seed="1018721767" result="Passed" start-time="2024-06-11T00:14:57.4414020Z" end-time="2024-06-11T00:14:57.4415750Z" duration="0.000173" asserts="1" />
            <test-case id="1-1104" name="ToIndex_ShouldThrowException_DimensionOverflow" fullname="PlayersWorlds.Maps.VectorTest.ToIndex_ShouldThrowException_DimensionOverflow" methodname="ToIndex_ShouldThrowException_DimensionOverflow" classname="PlayersWorlds.Maps.VectorTest" runstate="Runnable" seed="1042080452" result="Passed" start-time="2024-06-11T00:14:57.4415820Z" end-time="2024-06-11T00:14:57.4417600Z" duration="0.000178" asserts="1" />
            <test-case id="1-1088" name="Vector_CanAddAndSubtract" fullname="PlayersWorlds.Maps.VectorTest.Vector_CanAddAndSubtract" methodname="Vector_CanAddAndSubtract" classname="PlayersWorlds.Maps.VectorTest" runstate="Runnable" seed="1019031328" result="Passed" start-time="2024-06-11T00:14:57.4417670Z" end-time="2024-06-11T00:14:57.4421340Z" duration="0.000368" asserts="6" />
            <test-case id="1-1089" name="Vector_ConstructorChecksArguments" fullname="PlayersWorlds.Maps.VectorTest.Vector_ConstructorChecksArguments" methodname="Vector_ConstructorChecksArguments" classname="PlayersWorlds.Maps.VectorTest" runstate="Runnable" seed="799479379" result="Passed" start-time="2024-06-11T00:14:57.4421420Z" end-time="2024-06-11T00:14:57.4422340Z" duration="0.000092" asserts="1" />
            <test-case id="1-1086" name="Vector_EmptyIsEmpty" fullname="PlayersWorlds.Maps.VectorTest.Vector_EmptyIsEmpty" methodname="Vector_EmptyIsEmpty" classname="PlayersWorlds.Maps.VectorTest" runstate="Runnable" seed="633445163" result="Passed" start-time="2024-06-11T00:14:57.4422400Z" end-time="2024-06-11T00:14:57.4423060Z" duration="0.000066" asserts="1" />
            <test-case id="1-1085" name="Vector_EmptyVectorIsEmpty" fullname="PlayersWorlds.Maps.VectorTest.Vector_EmptyVectorIsEmpty" methodname="Vector_EmptyVectorIsEmpty" classname="PlayersWorlds.Maps.VectorTest" runstate="Runnable" seed="2118504046" result="Passed" start-time="2024-06-11T00:14:57.4423120Z" end-time="2024-06-11T00:14:57.4423740Z" duration="0.000062" asserts="1" />
            <test-case id="1-1081" name="Vector_EqualityIsCheckedByValue" fullname="PlayersWorlds.Maps.VectorTest.Vector_EqualityIsCheckedByValue" methodname="Vector_EqualityIsCheckedByValue" classname="PlayersWorlds.Maps.VectorTest" runstate="Runnable" seed="1325938799" result="Passed" start-time="2024-06-11T00:14:57.4423800Z" end-time="2024-06-11T00:14:57.4425790Z" duration="0.000199" asserts="5" />
            <test-case id="1-1093" name="Vector_FromIndex" fullname="PlayersWorlds.Maps.VectorTest.Vector_FromIndex" methodname="Vector_FromIndex" classname="PlayersWorlds.Maps.VectorTest" runstate="Runnable" seed="1730400832" result="Passed" start-time="2024-06-11T00:14:57.4425860Z" end-time="2024-06-11T00:14:57.4426920Z" duration="0.000106" asserts="2" />
            <test-case id="1-1082" name="Vector_GetHashCodeIsDerivedFromValue" fullname="PlayersWorlds.Maps.VectorTest.Vector_GetHashCodeIsDerivedFromValue" methodname="Vector_GetHashCodeIsDerivedFromValue" classname="PlayersWorlds.Maps.VectorTest" runstate="Runnable" seed="1911768957" result="Passed" start-time="2024-06-11T00:14:57.4426980Z" end-time="2024-06-11T00:14:57.4428990Z" duration="0.000201" asserts="2" />
            <test-case id="1-1079" name="Vector_IsInitialized" fullname="PlayersWorlds.Maps.VectorTest.Vector_IsInitialized" methodname="Vector_IsInitialized" classname="PlayersWorlds.Maps.VectorTest" runstate="Runnable" seed="225865896" result="Passed" start-time="2024-06-11T00:14:57.4429060Z" end-time="2024-06-11T00:14:57.4429820Z" duration="0.000076" asserts="2" />
            <test-case id="1-1087" name="Vector_NotEqualToNull" fullname="PlayersWorlds.Maps.VectorTest.Vector_NotEqualToNull" methodname="Vector_NotEqualToNull" classname="PlayersWorlds.Maps.VectorTest" runstate="Runnable" seed="1940927691" result="Passed" start-time="2024-06-11T00:14:57.4429880Z" end-time="2024-06-11T00:14:57.4431710Z" duration="0.000183" asserts="3" />
            <test-case id="1-1091" name="Vector_SnappedForce" fullname="PlayersWorlds.Maps.VectorTest.Vector_SnappedForce" methodname="Vector_SnappedForce" classname="PlayersWorlds.Maps.VectorTest" runstate="Runnable" seed="1318386720" result="Passed" start-time="2024-06-11T00:14:57.4431790Z" end-time="2024-06-11T00:14:57.4435520Z" duration="0.000374" asserts="9" />
            <test-case id="1-1090" name="Vector_ThrowsIfNotAValidSize" fullname="PlayersWorlds.Maps.VectorTest.Vector_ThrowsIfNotAValidSize" methodname="Vector_ThrowsIfNotAValidSize" classname="PlayersWorlds.Maps.VectorTest" runstate="Runnable" seed="439711993" result="Passed" start-time="2024-06-11T00:14:57.4435600Z" end-time="2024-06-11T00:14:57.4437890Z" duration="0.000229" asserts="3" />
            <test-case id="1-1092" name="Vector_ToIndex" fullname="PlayersWorlds.Maps.VectorTest.Vector_ToIndex" methodname="Vector_ToIndex" classname="PlayersWorlds.Maps.VectorTest" runstate="Runnable" seed="1115628541" result="Passed" start-time="2024-06-11T00:14:57.4437960Z" end-time="2024-06-11T00:14:57.4439720Z" duration="0.000177" asserts="3" />
            <test-case id="1-1083" name="Vector_ToStringFormat" fullname="PlayersWorlds.Maps.VectorTest.Vector_ToStringFormat" methodname="Vector_ToStringFormat" classname="PlayersWorlds.Maps.VectorTest" runstate="Runnable" seed="1746894179" result="Passed" start-time="2024-06-11T00:14:57.4439790Z" end-time="2024-06-11T00:14:57.4440650Z" duration="0.000086" asserts="2" />
            <test-case id="1-1084" name="Vector_ZeroVectorIsNotEmpty" fullname="PlayersWorlds.Maps.VectorTest.Vector_ZeroVectorIsNotEmpty" methodname="Vector_ZeroVectorIsNotEmpty" classname="PlayersWorlds.Maps.VectorTest" runstate="Runnable" seed="32772212" result="Passed" start-time="2024-06-11T00:14:57.4440720Z" end-time="2024-06-11T00:14:57.4441530Z" duration="0.000081" asserts="1" />
            <test-case id="1-1094" name="VectorD_Parse" fullname="PlayersWorlds.Maps.VectorTest.VectorD_Parse" methodname="VectorD_Parse" classname="PlayersWorlds.Maps.VectorTest" runstate="Runnable" seed="1887749551" result="Passed" start-time="2024-06-11T00:14:57.4441590Z" end-time="2024-06-11T00:14:57.4442390Z" duration="0.000079" asserts="1" />
          </test-suite>
        </test-suite>
      </test-suite>
      <test-suite type="TestFixture" id="1-1000" name="RandomAreaGeneratorTest" fullname="RandomAreaGeneratorTest" classname="RandomAreaGeneratorTest" runstate="Runnable" testcasecount="2" result="Passed" start-time="2024-06-11T00:14:57.4442730Z" end-time="2024-06-11T00:14:57.4579490Z" duration="0.013676" total="2" passed="2" failed="0" warnings="0" inconclusive="0" skipped="0" asserts="3042">
        <test-case id="1-1001" name="ZoneGenerator_CanGenerateZones" fullname="RandomAreaGeneratorTest.ZoneGenerator_CanGenerateZones" methodname="ZoneGenerator_CanGenerateZones" classname="RandomAreaGeneratorTest" runstate="Runnable" seed="51164509" result="Passed" start-time="2024-06-11T00:14:57.4443270Z" end-time="2024-06-11T00:14:57.4572830Z" duration="0.012956" asserts="3006">
          <properties>
            <property name="Category" value="Integration" />
          </properties>
        </test-case>
        <test-case id="1-1002" name="ZoneGenerator_CustomSettings" fullname="RandomAreaGeneratorTest.ZoneGenerator_CustomSettings" methodname="ZoneGenerator_CustomSettings" classname="RandomAreaGeneratorTest" runstate="Runnable" seed="675391684" result="Passed" start-time="2024-06-11T00:14:57.4572920Z" end-time="2024-06-11T00:14:57.4579380Z" duration="0.000646" asserts="36">
          <properties>
            <property name="Category" value="Integration" />
          </properties>
        </test-case>
      </test-suite>
    </test-suite>
  </test-suite>
</test-run>