<?xml version="1.0" encoding="utf-8" standalone="no"?>
<test-run id="0" runstate="Runnable" testcasecount="1021" result="Skipped" label="Ignored" total="1021" passed="771" failed="0" warnings="0" inconclusive="0" skipped="250" asserts="19161" engine-version="3.17.0.0" clr-version="4.0.30319.42000" start-time="2024-06-19 14:41:53Z" end-time="2024-06-19 14:46:14Z" duration="260.040272">
  <command-line><![CDATA[/home/data/repos/github.com/aynurin/maze-gen/packages/NUnit.ConsoleRunner.3.17.0/tools/nunit3-console.exe build/Debug/tests/PlayersWorlds.Maps.Tests.dll --framework=mono-4.0]]></command-line>
  <test-suite type="Assembly" id="1-2070" name="PlayersWorlds.Maps.Tests.dll" fullname="/home/data/repos/github.com/aynurin/maze-gen/build/Debug/tests/PlayersWorlds.Maps.Tests.dll" runstate="Runnable" testcasecount="1021" result="Skipped" label="Ignored" site="Child" start-time="2024-06-19T14:41:54.4213430Z" end-time="2024-06-19T14:46:13.9713600Z" duration="259.549907" total="1021" passed="771" failed="0" warnings="0" inconclusive="0" skipped="250" asserts="19161">
    <environment framework-version="4.0.1.0" clr-version="4.0.30319.42000" os-version="Unix 6.1.84.1" platform="Unix" cwd="/home/data/repos/github.com/aynurin/maze-gen" machine-name="lightview" user="shav" user-domain="lightview" culture="en-US" uiculture="en-US" os-architecture="x64" />
    <settings>
      <setting name="RequestedRuntimeFramework" value="mono-4.0" />
      <setting name="DisposeRunners" value="True" />
      <setting name="WorkDirectory" value="/home/data/repos/github.com/aynurin/maze-gen" />
      <setting name="ImageRuntimeVersion" value="4.0.30319" />
      <setting name="ImageTargetFrameworkName" value=".NETFramework,Version=v4.7" />
      <setting name="ImageRequiresX86" value="False" />
      <setting name="ImageRequiresDefaultAppDomainAssemblyResolver" value="False" />
      <setting name="TargetRuntimeFramework" value="mono-4.0" />
      <setting name="NumberOfTestWorkers" value="24" />
    </settings>
    <properties>
      <property name="_PID" value="1338478" />
      <property name="_APPDOMAIN" value="domain-" />
    </properties>
    <reason>
      <message><![CDATA[One or more child tests were ignored]]></message>
    </reason>
    <test-suite type="SetUpFixture" id="1-1003" name="[default namespace]" fullname="TestsSetup" classname="TestsSetup" runstate="Runnable" testcasecount="1021" result="Skipped" label="Ignored" site="Child" start-time="2024-06-19T14:41:54.4265420Z" end-time="2024-06-19T14:46:13.9713500Z" duration="259.544808" total="1021" passed="771" failed="0" warnings="0" inconclusive="0" skipped="250" asserts="19161">
      <reason>
        <message><![CDATA[One or more child tests were ignored]]></message>
      </reason>
      <test-suite type="TestSuite" id="1-2071" name="PlayersWorlds" fullname="PlayersWorlds" runstate="Runnable" testcasecount="1019" result="Skipped" label="Ignored" site="Child" start-time="2024-06-19T14:41:54.4293110Z" end-time="2024-06-19T14:46:13.8340490Z" duration="259.404738" total="1019" passed="769" failed="0" warnings="0" inconclusive="0" skipped="250" asserts="16119">
        <reason>
          <message><![CDATA[One or more child tests were ignored]]></message>
        </reason>
        <test-suite type="TestSuite" id="1-2072" name="Maps" fullname="PlayersWorlds.Maps" runstate="Runnable" testcasecount="1019" result="Skipped" label="Ignored" site="Child" start-time="2024-06-19T14:41:54.4293810Z" end-time="2024-06-19T14:46:13.8340440Z" duration="259.404663" total="1019" passed="769" failed="0" warnings="0" inconclusive="0" skipped="250" asserts="16119">
          <reason>
            <message><![CDATA[One or more child tests were ignored]]></message>
          </reason>
          <test-suite type="TestSuite" id="1-2078" name="Areas" fullname="PlayersWorlds.Maps.Areas" runstate="Runnable" testcasecount="114" result="Skipped" label="Ignored" site="Child" start-time="2024-06-19T14:41:54.4293890Z" end-time="2024-06-19T14:44:58.5354680Z" duration="184.106079" total="114" passed="112" failed="0" warnings="0" inconclusive="0" skipped="2" asserts="234">
            <reason>
              <message><![CDATA[One or more child tests were ignored]]></message>
            </reason>
            <test-suite type="TestSuite" id="1-2079" name="Evolving" fullname="PlayersWorlds.Maps.Areas.Evolving" runstate="Runnable" testcasecount="105" result="Skipped" label="Ignored" site="Child" start-time="2024-06-19T14:41:54.4293950Z" end-time="2024-06-19T14:44:58.5165030Z" duration="184.087108" total="105" passed="103" failed="0" warnings="0" inconclusive="0" skipped="2" asserts="203">
              <reason>
                <message><![CDATA[One or more child tests were ignored]]></message>
              </reason>
              <test-suite type="TestFixture" id="1-1955" name="AreaDistributorIntegrationTest" fullname="PlayersWorlds.Maps.Areas.Evolving.AreaDistributorIntegrationTest" classname="PlayersWorlds.Maps.Areas.Evolving.AreaDistributorIntegrationTest" runstate="Runnable" testcasecount="80" result="Skipped" label="Ignored" site="Child" start-time="2024-06-19T14:41:54.4294530Z" end-time="2024-06-19T14:42:01.8036290Z" duration="7.374176" total="80" passed="78" failed="0" warnings="0" inconclusive="0" skipped="2" asserts="156">
                <properties>
                  <property name="Category" value="Integration" />
                </properties>
                <reason>
                  <message><![CDATA[One or more child tests were ignored]]></message>
                </reason>
                <test-suite type="ParameterizedMethod" id="1-2038" name="AreaDistributorTest_CanLayout" fullname="PlayersWorlds.Maps.Areas.Evolving.AreaDistributorIntegrationTest.AreaDistributorTest_CanLayout" classname="PlayersWorlds.Maps.Areas.Evolving.AreaDistributorIntegrationTest" runstate="Runnable" testcasecount="55" result="Passed" start-time="2024-06-19T14:41:54.4295920Z" end-time="2024-06-19T14:42:01.6159190Z" duration="7.186327" total="55" passed="55" failed="0" warnings="0" inconclusive="0" skipped="0" asserts="110">
                  <properties>
                    <property name="Category" value="Integration" />
                    <property name="Category" value="Smoke" />
                  </properties>
                  <test-case id="1-1983" name="AreaDistributorTest_CanLayout(&quot;13x8: P9x6;S3x1 P1x4;S2x1&quot;)" fullname="PlayersWorlds.Maps.Areas.Evolving.AreaDistributorIntegrationTest.AreaDistributorTest_CanLayout(&quot;13x8: P9x6;S3x1 P1x4;S2x1&quot;)" methodname="AreaDistributorTest_CanLayout" classname="PlayersWorlds.Maps.Areas.Evolving.AreaDistributorIntegrationTest" runstate="Runnable" seed="402577566" result="Passed" start-time="2024-06-19T14:41:54.4296580Z" end-time="2024-06-19T14:41:54.4867520Z" duration="0.057162" asserts="2" />
                  <test-case id="1-1984" name="AreaDistributorTest_CanLayout(&quot;20x20: P14x14;S5x3 P-2x14;S1x4 P7x-3;S2x4 P2x4;S1x3&quot;)" fullname="PlayersWorlds.Maps.Areas.Evolving.AreaDistributorIntegrationTest.AreaDistributorTest_CanLayout(&quot;20x20: P14x14;S5x3 P-2x14;S1x4 P7x-3;S2x4 P2x4;S1x3&quot;)" methodname="AreaDistributorTest_CanLayout" classname="PlayersWorlds.Maps.Areas.Evolving.AreaDistributorIntegrationTest" runstate="Runnable" seed="269903031" result="Passed" start-time="2024-06-19T14:41:54.4881130Z" end-time="2024-06-19T14:41:54.5105110Z" duration="0.022398" asserts="2" />
                  <test-case id="1-1985" name="AreaDistributorTest_CanLayout(&quot;6x14: P0x10;S1x3&quot;)" fullname="PlayersWorlds.Maps.Areas.Evolving.AreaDistributorIntegrationTest.AreaDistributorTest_CanLayout(&quot;6x14: P0x10;S1x3&quot;)" methodname="AreaDistributorTest_CanLayout" classname="PlayersWorlds.Maps.Areas.Evolving.AreaDistributorIntegrationTest" runstate="Runnable" seed="1977326859" result="Passed" start-time="2024-06-19T14:41:54.5105240Z" end-time="2024-06-19T14:41:54.5141230Z" duration="0.003600" asserts="2" />
                  <test-case id="1-1986" name="AreaDistributorTest_CanLayout(&quot;23x22: P11x10;S6x2 P-1x14;S5x1 P5x-3;S5x3 P11x22;S2x1&quot;)" fullname="PlayersWorlds.Maps.Areas.Evolving.AreaDistributorIntegrationTest.AreaDistributorTest_CanLayout(&quot;23x22: P11x10;S6x2 P-1x14;S5x1 P5x-3;S5x3 P11x22;S2x1&quot;)" methodname="AreaDistributorTest_CanLayout" classname="PlayersWorlds.Maps.Areas.Evolving.AreaDistributorIntegrationTest" runstate="Runnable" seed="578371685" result="Passed" start-time="2024-06-19T14:41:54.5141350Z" end-time="2024-06-19T14:41:54.5488710Z" duration="0.034736" asserts="2" />
                  <test-case id="1-1987" name="AreaDistributorTest_CanLayout(&quot;18x23: P-3x-8;S5x5 P30x8;S3x6 P9x3;S4x4 P12x15;S1x3&quot;)" fullname="PlayersWorlds.Maps.Areas.Evolving.AreaDistributorIntegrationTest.AreaDistributorTest_CanLayout(&quot;18x23: P-3x-8;S5x5 P30x8;S3x6 P9x3;S4x4 P12x15;S1x3&quot;)" methodname="AreaDistributorTest_CanLayout" classname="PlayersWorlds.Maps.Areas.Evolving.AreaDistributorIntegrationTest" runstate="Runnable" seed="1089596867" result="Passed" start-time="2024-06-19T14:41:54.5488820Z" end-time="2024-06-19T14:41:54.6056470Z" duration="0.056765" asserts="2" />
                  <test-case id="1-1988" name="AreaDistributorTest_CanLayout(&quot;23x8: P4x7;S4x1 P2x-1;S1x1&quot;)" fullname="PlayersWorlds.Maps.Areas.Evolving.AreaDistributorIntegrationTest.AreaDistributorTest_CanLayout(&quot;23x8: P4x7;S4x1 P2x-1;S1x1&quot;)" methodname="AreaDistributorTest_CanLayout" classname="PlayersWorlds.Maps.Areas.Evolving.AreaDistributorIntegrationTest" runstate="Runnable" seed="1055629195" result="Passed" start-time="2024-06-19T14:41:54.6056580Z" end-time="2024-06-19T14:41:54.6198420Z" duration="0.014185" asserts="2" />
                  <test-case id="1-1989" name="AreaDistributorTest_CanLayout(&quot;21x13: P8x-3;S6x3 P8x4;S6x3 P7x2;S4x2&quot;)" fullname="PlayersWorlds.Maps.Areas.Evolving.AreaDistributorIntegrationTest.AreaDistributorTest_CanLayout(&quot;21x13: P8x-3;S6x3 P8x4;S6x3 P7x2;S4x2&quot;)" methodname="AreaDistributorTest_CanLayout" classname="PlayersWorlds.Maps.Areas.Evolving.AreaDistributorIntegrationTest" runstate="Runnable" seed="144169873" result="Passed" start-time="2024-06-19T14:41:54.6198530Z" end-time="2024-06-19T14:41:54.6342700Z" duration="0.014417" asserts="2" />
                  <test-case id="1-1990" name="AreaDistributorTest_CanLayout(&quot;16x14: P2x13;S3x1 P11x-1;S4x3&quot;)" fullname="PlayersWorlds.Maps.Areas.Evolving.AreaDistributorIntegrationTest.AreaDistributorTest_CanLayout(&quot;16x14: P2x13;S3x1 P11x-1;S4x3&quot;)" methodname="AreaDistributorTest_CanLayout" classname="PlayersWorlds.Maps.Areas.Evolving.AreaDistributorIntegrationTest" runstate="Runnable" seed="13841576" result="Passed" start-time="2024-06-19T14:41:54.6342820Z" end-time="2024-06-19T14:41:54.6442330Z" duration="0.009951" asserts="2" />
                  <test-case id="1-1991" name="AreaDistributorTest_CanLayout(&quot;24x12: P12x7;S2x1 P14x-1;S5x2 P16x11;S1x1&quot;)" fullname="PlayersWorlds.Maps.Areas.Evolving.AreaDistributorIntegrationTest.AreaDistributorTest_CanLayout(&quot;24x12: P12x7;S2x1 P14x-1;S5x2 P16x11;S1x1&quot;)" methodname="AreaDistributorTest_CanLayout" classname="PlayersWorlds.Maps.Areas.Evolving.AreaDistributorIntegrationTest" runstate="Runnable" seed="1791307224" result="Passed" start-time="2024-06-19T14:41:54.6442440Z" end-time="2024-06-19T14:41:54.6585570Z" duration="0.014313" asserts="2" />
                  <test-case id="1-1992" name="AreaDistributorTest_CanLayout(&quot;9x18: P2x10;S2x2 P2x8;S2x5&quot;)" fullname="PlayersWorlds.Maps.Areas.Evolving.AreaDistributorIntegrationTest.AreaDistributorTest_CanLayout(&quot;9x18: P2x10;S2x2 P2x8;S2x5&quot;)" methodname="AreaDistributorTest_CanLayout" classname="PlayersWorlds.Maps.Areas.Evolving.AreaDistributorIntegrationTest" runstate="Runnable" seed="1357991839" result="Passed" start-time="2024-06-19T14:41:54.6586100Z" end-time="2024-06-19T14:41:54.6718210Z" duration="0.013211" asserts="2" />
                  <test-case id="1-1993" name="AreaDistributorTest_CanLayout(&quot;9x18: P2x8;S2x5 P2x10;S2x2&quot;)" fullname="PlayersWorlds.Maps.Areas.Evolving.AreaDistributorIntegrationTest.AreaDistributorTest_CanLayout(&quot;9x18: P2x8;S2x5 P2x10;S2x2&quot;)" methodname="AreaDistributorTest_CanLayout" classname="PlayersWorlds.Maps.Areas.Evolving.AreaDistributorIntegrationTest" runstate="Runnable" seed="749586925" result="Passed" start-time="2024-06-19T14:41:54.6718320Z" end-time="2024-06-19T14:41:54.6847770Z" duration="0.012945" asserts="2" />
                  <test-case id="1-1994" name="AreaDistributorTest_CanLayout(&quot;21x21: P-3x-3;S6x6 P6x10;S4x2 P9x16;S2x2 P3x14;S4x2&quot;)" fullname="PlayersWorlds.Maps.Areas.Evolving.AreaDistributorIntegrationTest.AreaDistributorTest_CanLayout(&quot;21x21: P-3x-3;S6x6 P6x10;S4x2 P9x16;S2x2 P3x14;S4x2&quot;)" methodname="AreaDistributorTest_CanLayout" classname="PlayersWorlds.Maps.Areas.Evolving.AreaDistributorIntegrationTest" runstate="Runnable" seed="1139637920" result="Passed" start-time="2024-06-19T14:41:54.6847890Z" end-time="2024-06-19T14:41:54.7170170Z" duration="0.032228" asserts="2" />
                  <test-case id="1-1995" name="AreaDistributorTest_CanLayout(&quot;14x24: P-9x5;S2x7 P26x5;S1x7 P3x11;S3x7 P5x19;S3x2 P3x6;S2x5 P2x19;S2x2&quot;)" fullname="PlayersWorlds.Maps.Areas.Evolving.AreaDistributorIntegrationTest.AreaDistributorTest_CanLayout(&quot;14x24: P-9x5;S2x7 P26x5;S1x7 P3x11;S3x7 P5x19;S3x2 P3x6;S2x5 P2x19;S2x2&quot;)" methodname="AreaDistributorTest_CanLayout" classname="PlayersWorlds.Maps.Areas.Evolving.AreaDistributorIntegrationTest" runstate="Runnable" seed="1634638614" result="Passed" start-time="2024-06-19T14:41:54.7170290Z" end-time="2024-06-19T14:41:54.7731940Z" duration="0.056165" asserts="2" />
                  <test-case id="1-1996" name="AreaDistributorTest_CanLayout(&quot;33x10: P13x11;S10x1 P13x-1;S10x1 P19x3;S8x1 P4x6;S9x1 P9x3;S9x2 P2x3;S3x2&quot;)" fullname="PlayersWorlds.Maps.Areas.Evolving.AreaDistributorIntegrationTest.AreaDistributorTest_CanLayout(&quot;33x10: P13x11;S10x1 P13x-1;S10x1 P19x3;S8x1 P4x6;S9x1 P9x3;S9x2 P2x3;S3x2&quot;)" methodname="AreaDistributorTest_CanLayout" classname="PlayersWorlds.Maps.Areas.Evolving.AreaDistributorIntegrationTest" runstate="Runnable" seed="1735850293" result="Passed" start-time="2024-06-19T14:41:54.7732060Z" end-time="2024-06-19T14:41:54.8424150Z" duration="0.069210" asserts="2" />
                  <test-case id="1-1997" name="AreaDistributorTest_CanLayout(&quot;6x49: P-1x5;S1x11 P5x17;S1x11 P2x23;S1x9 P2x14;S1x13 P0x12;S1x9&quot;)" fullname="PlayersWorlds.Maps.Areas.Evolving.AreaDistributorIntegrationTest.AreaDistributorTest_CanLayout(&quot;6x49: P-1x5;S1x11 P5x17;S1x11 P2x23;S1x9 P2x14;S1x13 P0x12;S1x9&quot;)" methodname="AreaDistributorTest_CanLayout" classname="PlayersWorlds.Maps.Areas.Evolving.AreaDistributorIntegrationTest" runstate="Runnable" seed="1548370636" result="Passed" start-time="2024-06-19T14:41:54.8424270Z" end-time="2024-06-19T14:41:54.8861860Z" duration="0.043759" asserts="2" />
                  <test-case id="1-1998" name="AreaDistributorTest_CanLayout(&quot;35x5: P5x-1;S10x1 P23x4;S8x1 P4x2;S3x1 P12x2;S2x1&quot;)" fullname="PlayersWorlds.Maps.Areas.Evolving.AreaDistributorIntegrationTest.AreaDistributorTest_CanLayout(&quot;35x5: P5x-1;S10x1 P23x4;S8x1 P4x2;S3x1 P12x2;S2x1&quot;)" methodname="AreaDistributorTest_CanLayout" classname="PlayersWorlds.Maps.Areas.Evolving.AreaDistributorIntegrationTest" runstate="Runnable" seed="830553202" result="Passed" start-time="2024-06-19T14:41:54.8861970Z" end-time="2024-06-19T14:41:54.9478890Z" duration="0.061692" asserts="2" />
                  <test-case id="1-1999" name="AreaDistributorTest_CanLayout(&quot;42x5: P4x5;S10x1 P30x1;S3x1 P10x1;S3x1 P2x2;S1x1&quot;)" fullname="PlayersWorlds.Maps.Areas.Evolving.AreaDistributorIntegrationTest.AreaDistributorTest_CanLayout(&quot;42x5: P4x5;S10x1 P30x1;S3x1 P10x1;S3x1 P2x2;S1x1&quot;)" methodname="AreaDistributorTest_CanLayout" classname="PlayersWorlds.Maps.Areas.Evolving.AreaDistributorIntegrationTest" runstate="Runnable" seed="747257438" result="Passed" start-time="2024-06-19T14:41:54.9479000Z" end-time="2024-06-19T14:41:54.9826090Z" duration="0.034709" asserts="2" />
                  <test-case id="1-2000" name="AreaDistributorTest_CanLayout(&quot;39x5: P14x5;S10x1 P5x-1;S9x1 P2x2;S1x1 P10x4;S8x1&quot;)" fullname="PlayersWorlds.Maps.Areas.Evolving.AreaDistributorIntegrationTest.AreaDistributorTest_CanLayout(&quot;39x5: P14x5;S10x1 P5x-1;S9x1 P2x2;S1x1 P10x4;S8x1&quot;)" methodname="AreaDistributorTest_CanLayout" classname="PlayersWorlds.Maps.Areas.Evolving.AreaDistributorIntegrationTest" runstate="Runnable" seed="517300791" result="Passed" start-time="2024-06-19T14:41:54.9826200Z" end-time="2024-06-19T14:41:55.0165580Z" duration="0.033938" asserts="2" />
                  <test-case id="1-2001" name="AreaDistributorTest_CanLayout(&quot;6x47: P6x12;S1x12 P3x13;S1x5 P3x18;S1x4 P3x38;S1x6 P2x2;S1x2&quot;)" fullname="PlayersWorlds.Maps.Areas.Evolving.AreaDistributorIntegrationTest.AreaDistributorTest_CanLayout(&quot;6x47: P6x12;S1x12 P3x13;S1x5 P3x18;S1x4 P3x38;S1x6 P2x2;S1x2&quot;)" methodname="AreaDistributorTest_CanLayout" classname="PlayersWorlds.Maps.Areas.Evolving.AreaDistributorIntegrationTest" runstate="Runnable" seed="2025300008" result="Passed" start-time="2024-06-19T14:41:55.0165700Z" end-time="2024-06-19T14:41:55.0874200Z" duration="0.070851" asserts="2" />
                  <test-case id="1-2002" name="AreaDistributorTest_CanLayout(&quot;6x47: P-1x28;S1x11 P6x11;S1x11 P6x6;S1x11 P-1x6;S1x11 P1x35;S1x5&quot;)" fullname="PlayersWorlds.Maps.Areas.Evolving.AreaDistributorIntegrationTest.AreaDistributorTest_CanLayout(&quot;6x47: P-1x28;S1x11 P6x11;S1x11 P6x6;S1x11 P-1x6;S1x11 P1x35;S1x5&quot;)" methodname="AreaDistributorTest_CanLayout" classname="PlayersWorlds.Maps.Areas.Evolving.AreaDistributorIntegrationTest" runstate="Runnable" seed="115514640" result="Passed" start-time="2024-06-19T14:41:55.0874400Z" end-time="2024-06-19T14:41:55.1501430Z" duration="0.062703" asserts="2" />
                  <test-case id="1-2003" name="AreaDistributorTest_CanLayout(&quot;6x47: P7x10;S1x14 P2x41;S1x3 P3x4;S1x3 P3x10;S1x4 P0x25;S1x9&quot;)" fullname="PlayersWorlds.Maps.Areas.Evolving.AreaDistributorIntegrationTest.AreaDistributorTest_CanLayout(&quot;6x47: P7x10;S1x14 P2x41;S1x3 P3x4;S1x3 P3x10;S1x4 P0x25;S1x9&quot;)" methodname="AreaDistributorTest_CanLayout" classname="PlayersWorlds.Maps.Areas.Evolving.AreaDistributorIntegrationTest" runstate="Runnable" seed="1463837424" result="Passed" start-time="2024-06-19T14:41:55.1501550Z" end-time="2024-06-19T14:41:55.2526060Z" duration="0.102451" asserts="2" />
                  <test-case id="1-2004" name="AreaDistributorTest_CanLayout(&quot;5x45: P-1x5;S1x10 P-2x21;S1x12 P7x17;S1x14 P2x40;S1x1 P1x29;S1x4&quot;)" fullname="PlayersWorlds.Maps.Areas.Evolving.AreaDistributorIntegrationTest.AreaDistributorTest_CanLayout(&quot;5x45: P-1x5;S1x10 P-2x21;S1x12 P7x17;S1x14 P2x40;S1x1 P1x29;S1x4&quot;)" methodname="AreaDistributorTest_CanLayout" classname="PlayersWorlds.Maps.Areas.Evolving.AreaDistributorIntegrationTest" runstate="Runnable" seed="685507775" result="Passed" start-time="2024-06-19T14:41:55.2526180Z" end-time="2024-06-19T14:41:55.3008750Z" duration="0.048257" asserts="2" />
                  <test-case id="1-2005" name="AreaDistributorTest_CanLayout(&quot;46x5: P4x-1;S10x1 P29x0;S7x1 P29x2;S2x1 P32x2;S10x1 P17x0;S5x1&quot;)" fullname="PlayersWorlds.Maps.Areas.Evolving.AreaDistributorIntegrationTest.AreaDistributorTest_CanLayout(&quot;46x5: P4x-1;S10x1 P29x0;S7x1 P29x2;S2x1 P32x2;S10x1 P17x0;S5x1&quot;)" methodname="AreaDistributorTest_CanLayout" classname="PlayersWorlds.Maps.Areas.Evolving.AreaDistributorIntegrationTest" runstate="Runnable" seed="1591644960" result="Passed" start-time="2024-06-19T14:41:55.3008870Z" end-time="2024-06-19T14:41:55.3841730Z" duration="0.083287" asserts="2" />
                  <test-case id="1-2006" name="AreaDistributorTest_CanLayout(&quot;6x48: P-2x28;S1x14 P6x6;S1x12 P3x22;S1x2 P1x14;S1x7 P2x23;S1x12&quot;)" fullname="PlayersWorlds.Maps.Areas.Evolving.AreaDistributorIntegrationTest.AreaDistributorTest_CanLayout(&quot;6x48: P-2x28;S1x14 P6x6;S1x12 P3x22;S1x2 P1x14;S1x7 P2x23;S1x12&quot;)" methodname="AreaDistributorTest_CanLayout" classname="PlayersWorlds.Maps.Areas.Evolving.AreaDistributorIntegrationTest" runstate="Runnable" seed="1914727147" result="Passed" start-time="2024-06-19T14:41:55.3841960Z" end-time="2024-06-19T14:41:55.4857050Z" duration="0.101510" asserts="2" />
                  <test-case id="1-2007" name="AreaDistributorTest_CanLayout(&quot;47x5: P30x-3;S13x1 P24x-2;S11x1 P17x7;S14x1 P27x2;S2x1 P4x1;S4x1&quot;)" fullname="PlayersWorlds.Maps.Areas.Evolving.AreaDistributorIntegrationTest.AreaDistributorTest_CanLayout(&quot;47x5: P30x-3;S13x1 P24x-2;S11x1 P17x7;S14x1 P27x2;S2x1 P4x1;S4x1&quot;)" methodname="AreaDistributorTest_CanLayout" classname="PlayersWorlds.Maps.Areas.Evolving.AreaDistributorIntegrationTest" runstate="Runnable" seed="1452740617" result="Passed" start-time="2024-06-19T14:41:55.4857170Z" end-time="2024-06-19T14:41:55.5615020Z" duration="0.075785" asserts="2" />
                  <test-case id="1-2008" name="AreaDistributorTest_CanLayout(&quot;5x45: P-2x13;S1x10 P-2x7;S1x12 P2x3;S1x2 P0x3;S1x8 P2x10;S1x1&quot;)" fullname="PlayersWorlds.Maps.Areas.Evolving.AreaDistributorIntegrationTest.AreaDistributorTest_CanLayout(&quot;5x45: P-2x13;S1x10 P-2x7;S1x12 P2x3;S1x2 P0x3;S1x8 P2x10;S1x1&quot;)" methodname="AreaDistributorTest_CanLayout" classname="PlayersWorlds.Maps.Areas.Evolving.AreaDistributorIntegrationTest" runstate="Runnable" seed="709521646" result="Passed" start-time="2024-06-19T14:41:55.5615140Z" end-time="2024-06-19T14:41:55.6532810Z" duration="0.091768" asserts="2" />
                  <test-case id="1-2009" name="AreaDistributorTest_CanLayout(&quot;5x47: P7x28;S1x13 P6x15;S1x11 P1x2;S1x3 P2x40;S1x2 P2x43;S1x1&quot;)" fullname="PlayersWorlds.Maps.Areas.Evolving.AreaDistributorIntegrationTest.AreaDistributorTest_CanLayout(&quot;5x47: P7x28;S1x13 P6x15;S1x11 P1x2;S1x3 P2x40;S1x2 P2x43;S1x1&quot;)" methodname="AreaDistributorTest_CanLayout" classname="PlayersWorlds.Maps.Areas.Evolving.AreaDistributorIntegrationTest" runstate="Runnable" seed="1567857801" result="Passed" start-time="2024-06-19T14:41:55.6532930Z" end-time="2024-06-19T14:41:55.7459610Z" duration="0.092669" asserts="2" />
                  <test-case id="1-2010" name="AreaDistributorTest_CanLayout(&quot;5x36: P-2x21;S1x11 P2x12;S1x1 P2x15;S1x2 P2x8;S1x3&quot;)" fullname="PlayersWorlds.Maps.Areas.Evolving.AreaDistributorIntegrationTest.AreaDistributorTest_CanLayout(&quot;5x36: P-2x21;S1x11 P2x12;S1x1 P2x15;S1x2 P2x8;S1x3&quot;)" methodname="AreaDistributorTest_CanLayout" classname="PlayersWorlds.Maps.Areas.Evolving.AreaDistributorIntegrationTest" runstate="Runnable" seed="394830457" result="Passed" start-time="2024-06-19T14:41:55.7459730Z" end-time="2024-06-19T14:41:55.7845790Z" duration="0.038606" asserts="2" />
                  <test-case id="1-2011" name="AreaDistributorTest_CanLayout(&quot;6x39: P-1x20;S1x11 P3x19;S1x2 P2x11;S1x11 P2x20;S1x5 P3x10;S1x5&quot;)" fullname="PlayersWorlds.Maps.Areas.Evolving.AreaDistributorIntegrationTest.AreaDistributorTest_CanLayout(&quot;6x39: P-1x20;S1x11 P3x19;S1x2 P2x11;S1x11 P2x20;S1x5 P3x10;S1x5&quot;)" methodname="AreaDistributorTest_CanLayout" classname="PlayersWorlds.Maps.Areas.Evolving.AreaDistributorIntegrationTest" runstate="Runnable" seed="1734860489" result="Passed" start-time="2024-06-19T14:41:55.7845900Z" end-time="2024-06-19T14:41:55.8609690Z" duration="0.076379" asserts="2" />
                  <test-case id="1-2012" name="AreaDistributorTest_CanLayout(&quot;44x6: P23x-2;S13x1 P7x-2;S13x1 P6x2;S8x1 P37x3;S2x1 P29x2;S10x1&quot;)" fullname="PlayersWorlds.Maps.Areas.Evolving.AreaDistributorIntegrationTest.AreaDistributorTest_CanLayout(&quot;44x6: P23x-2;S13x1 P7x-2;S13x1 P6x2;S8x1 P37x3;S2x1 P29x2;S10x1&quot;)" methodname="AreaDistributorTest_CanLayout" classname="PlayersWorlds.Maps.Areas.Evolving.AreaDistributorIntegrationTest" runstate="Runnable" seed="627945286" result="Passed" start-time="2024-06-19T14:41:55.8609920Z" end-time="2024-06-19T14:41:55.9599010Z" duration="0.098909" asserts="2" />
                  <test-case id="1-2013" name="AreaDistributorTest_CanLayout(&quot;6x42: P-1x6;S1x11 P-2x21;S1x13 P3x36;S1x3 P5x7;S1x9 P0x27;S1x10&quot;)" fullname="PlayersWorlds.Maps.Areas.Evolving.AreaDistributorIntegrationTest.AreaDistributorTest_CanLayout(&quot;6x42: P-1x6;S1x11 P-2x21;S1x13 P3x36;S1x3 P5x7;S1x9 P0x27;S1x10&quot;)" methodname="AreaDistributorTest_CanLayout" classname="PlayersWorlds.Maps.Areas.Evolving.AreaDistributorIntegrationTest" runstate="Runnable" seed="820042179" result="Passed" start-time="2024-06-19T14:41:55.9599220Z" end-time="2024-06-19T14:41:56.0194670Z" duration="0.059545" asserts="2" />
                  <test-case id="1-2014" name="AreaDistributorTest_CanLayout(&quot;40x5: P8x6;S12x1 P24x-1;S9x1 P3x0;S8x1 P23x2;S2x1&quot;)" fullname="PlayersWorlds.Maps.Areas.Evolving.AreaDistributorIntegrationTest.AreaDistributorTest_CanLayout(&quot;40x5: P8x6;S12x1 P24x-1;S9x1 P3x0;S8x1 P23x2;S2x1&quot;)" methodname="AreaDistributorTest_CanLayout" classname="PlayersWorlds.Maps.Areas.Evolving.AreaDistributorIntegrationTest" runstate="Runnable" seed="507695576" result="Passed" start-time="2024-06-19T14:41:56.0194860Z" end-time="2024-06-19T14:41:56.0538690Z" duration="0.034383" asserts="2" />
                  <test-case id="1-2015" name="AreaDistributorTest_CanLayout(&quot;47x7: P19x7;S14x1 P9x2;S8x1 P7x4;S8x1 P14x2;S4x1 P28x5;S10x1 P35x3;S2x1&quot;)" fullname="PlayersWorlds.Maps.Areas.Evolving.AreaDistributorIntegrationTest.AreaDistributorTest_CanLayout(&quot;47x7: P19x7;S14x1 P9x2;S8x1 P7x4;S8x1 P14x2;S4x1 P28x5;S10x1 P35x3;S2x1&quot;)" methodname="AreaDistributorTest_CanLayout" classname="PlayersWorlds.Maps.Areas.Evolving.AreaDistributorIntegrationTest" runstate="Runnable" seed="1752265595" result="Passed" start-time="2024-06-19T14:41:56.0538810Z" end-time="2024-06-19T14:41:56.1886110Z" duration="0.134730" asserts="2" />
                  <test-case id="1-2016" name="AreaDistributorTest_CanLayout(&quot;48x6: P32x-1;S11x1 P9x7;S14x1 P5x7;S13x1 P27x2;S15x1 P5x3;S3x1&quot;)" fullname="PlayersWorlds.Maps.Areas.Evolving.AreaDistributorIntegrationTest.AreaDistributorTest_CanLayout(&quot;48x6: P32x-1;S11x1 P9x7;S14x1 P5x7;S13x1 P27x2;S15x1 P5x3;S3x1&quot;)" methodname="AreaDistributorTest_CanLayout" classname="PlayersWorlds.Maps.Areas.Evolving.AreaDistributorIntegrationTest" runstate="Runnable" seed="1701955395" result="Passed" start-time="2024-06-19T14:41:56.1888750Z" end-time="2024-06-19T14:41:56.2910670Z" duration="0.102193" asserts="2" />
                  <test-case id="1-2017" name="AreaDistributorTest_CanLayout(&quot;46x6: P20x-2;S13x1 P10x7;S14x1 P22x2;S4x1 P35x3;S6x1 P17x3;S7x1&quot;)" fullname="PlayersWorlds.Maps.Areas.Evolving.AreaDistributorIntegrationTest.AreaDistributorTest_CanLayout(&quot;46x6: P20x-2;S13x1 P10x7;S14x1 P22x2;S4x1 P35x3;S6x1 P17x3;S7x1&quot;)" methodname="AreaDistributorTest_CanLayout" classname="PlayersWorlds.Maps.Areas.Evolving.AreaDistributorIntegrationTest" runstate="Runnable" seed="1273821453" result="Passed" start-time="2024-06-19T14:41:56.2910780Z" end-time="2024-06-19T14:41:56.3908010Z" duration="0.099723" asserts="2" />
                  <test-case id="1-2018" name="AreaDistributorTest_CanLayout(&quot;6x39: P-1x10;S1x11 P0x3;S1x7 P0x11;S1x10 P2x20;S1x7 P3x26;S1x6&quot;)" fullname="PlayersWorlds.Maps.Areas.Evolving.AreaDistributorIntegrationTest.AreaDistributorTest_CanLayout(&quot;6x39: P-1x10;S1x11 P0x3;S1x7 P0x11;S1x10 P2x20;S1x7 P3x26;S1x6&quot;)" methodname="AreaDistributorTest_CanLayout" classname="PlayersWorlds.Maps.Areas.Evolving.AreaDistributorIntegrationTest" runstate="Runnable" seed="763303535" result="Passed" start-time="2024-06-19T14:41:56.3908130Z" end-time="2024-06-19T14:41:56.4404510Z" duration="0.049639" asserts="2" />
                  <test-case id="1-2019" name="AreaDistributorTest_CanLayout(&quot;43x42: P3.20x34.43;S6.00x7.00 P10.77x25.44;S9.00x11.00&quot;)" fullname="PlayersWorlds.Maps.Areas.Evolving.AreaDistributorIntegrationTest.AreaDistributorTest_CanLayout(&quot;43x42: P3.20x34.43;S6.00x7.00 P10.77x25.44;S9.00x11.00&quot;)" methodname="AreaDistributorTest_CanLayout" classname="PlayersWorlds.Maps.Areas.Evolving.AreaDistributorIntegrationTest" runstate="Runnable" seed="156524145" result="Passed" start-time="2024-06-19T14:41:56.4404630Z" end-time="2024-06-19T14:41:56.5032510Z" duration="0.062788" asserts="2" />
                  <test-case id="1-2020" name="AreaDistributorTest_CanLayout(&quot;43x42: P35x26;S2x11 P34x35;S12x2&quot;)" fullname="PlayersWorlds.Maps.Areas.Evolving.AreaDistributorIntegrationTest.AreaDistributorTest_CanLayout(&quot;43x42: P35x26;S2x11 P34x35;S12x2&quot;)" methodname="AreaDistributorTest_CanLayout" classname="PlayersWorlds.Maps.Areas.Evolving.AreaDistributorIntegrationTest" runstate="Runnable" seed="479895667" result="Passed" start-time="2024-06-19T14:41:56.5032700Z" end-time="2024-06-19T14:41:56.5664650Z" duration="0.063194" asserts="2" />
                  <test-case id="1-2021" name="AreaDistributorTest_CanLayout(&quot;43x42: P32x32;S4x4 P34x34;S2x2&quot;)" fullname="PlayersWorlds.Maps.Areas.Evolving.AreaDistributorIntegrationTest.AreaDistributorTest_CanLayout(&quot;43x42: P32x32;S4x4 P34x34;S2x2&quot;)" methodname="AreaDistributorTest_CanLayout" classname="PlayersWorlds.Maps.Areas.Evolving.AreaDistributorIntegrationTest" runstate="Runnable" seed="663882299" result="Passed" start-time="2024-06-19T14:41:56.5664770Z" end-time="2024-06-19T14:41:56.6262230Z" duration="0.059745" asserts="2" />
                  <test-case id="1-2022" name="AreaDistributorTest_CanLayout(&quot;43x42: P32x32;S4x4 P34x34;S4x2&quot;)" fullname="PlayersWorlds.Maps.Areas.Evolving.AreaDistributorIntegrationTest.AreaDistributorTest_CanLayout(&quot;43x42: P32x32;S4x4 P34x34;S4x2&quot;)" methodname="AreaDistributorTest_CanLayout" classname="PlayersWorlds.Maps.Areas.Evolving.AreaDistributorIntegrationTest" runstate="Runnable" seed="530894148" result="Passed" start-time="2024-06-19T14:41:56.6262340Z" end-time="2024-06-19T14:41:56.6863000Z" duration="0.060066" asserts="2" />
                  <test-case id="1-2023" name="AreaDistributorTest_CanLayout(&quot;43x42: P32x26;S4x10 P34x34;S4x2&quot;)" fullname="PlayersWorlds.Maps.Areas.Evolving.AreaDistributorIntegrationTest.AreaDistributorTest_CanLayout(&quot;43x42: P32x26;S4x10 P34x34;S4x2&quot;)" methodname="AreaDistributorTest_CanLayout" classname="PlayersWorlds.Maps.Areas.Evolving.AreaDistributorIntegrationTest" runstate="Runnable" seed="246651185" result="Passed" start-time="2024-06-19T14:41:56.6863120Z" end-time="2024-06-19T14:41:56.7469250Z" duration="0.060614" asserts="2" />
                  <test-case id="1-2024" name="AreaDistributorTest_CanLayout(&quot;43x42: P30x26;S2x11 P29x35;S12x2&quot;)" fullname="PlayersWorlds.Maps.Areas.Evolving.AreaDistributorIntegrationTest.AreaDistributorTest_CanLayout(&quot;43x42: P30x26;S2x11 P29x35;S12x2&quot;)" methodname="AreaDistributorTest_CanLayout" classname="PlayersWorlds.Maps.Areas.Evolving.AreaDistributorIntegrationTest" runstate="Runnable" seed="829740154" result="Passed" start-time="2024-06-19T14:41:56.7469370Z" end-time="2024-06-19T14:41:56.8083550Z" duration="0.061418" asserts="2" />
                  <test-case id="1-2025" name="AreaDistributorTest_CanLayout(&quot;49x26: P37.95x4.74;S12.00x2.00 P0.62x11.59;S4.00x1.00 P20.55x10.45;S7.00x7.00 P19.55x3.18;S8.00x6.00 P29.30x-0.27;S12.00x4.00 P17.11x22.28;S15.00x3.00 P9.50x0.67;S9.00x2.00 P32.27x17.54;S3.00x5.00 P0.57x21.40;S7.00x4.00 P35.67x10.30;S13.00x7.00 P6.23x9.47;S10.00x7.00&quot;)" fullname="PlayersWorlds.Maps.Areas.Evolving.AreaDistributorIntegrationTest.AreaDistributorTest_CanLayout(&quot;49x26: P37.95x4.74;S12.00x2.00 P0.62x11.59;S4.00x1.00 P20.55x10.45;S7.00x7.00 P19.55x3.18;S8.00x6.00 P29.30x-0.27;S12.00x4.00 P17.11x22.28;S15.00x3.00 P9.50x0.67;S9.00x2.00 P32.27x17.54;S3.00x5.00 P0.57x21.40;S7.00x4.00 P35.67x10.30;S13.00x7.00 P6.23x9.47;S10.00x7.00&quot;)" methodname="AreaDistributorTest_CanLayout" classname="PlayersWorlds.Maps.Areas.Evolving.AreaDistributorIntegrationTest" runstate="Runnable" seed="1811457999" result="Passed" start-time="2024-06-19T14:41:56.8083670Z" end-time="2024-06-19T14:41:57.2384110Z" duration="0.430045" asserts="2" />
                  <test-case id="1-2026" name="AreaDistributorTest_CanLayout(&quot;26x29: P10.00x15.00;S7.00x3.00 P20.00x0.00;S5.00x6.00 P17.00x5.00;S7.00x7.00 P5.00x4.00;S6.00x4.00 P21.00x18.00;S4.00x2.00 P20.00x8.00;S3.00x8.00 P10.00x11.00;S4.00x5.00 P0.00x5.00;S1.00x8.00 P21.00x9.00;S3.00x6.00&quot;)" fullname="PlayersWorlds.Maps.Areas.Evolving.AreaDistributorIntegrationTest.AreaDistributorTest_CanLayout(&quot;26x29: P10.00x15.00;S7.00x3.00 P20.00x0.00;S5.00x6.00 P17.00x5.00;S7.00x7.00 P5.00x4.00;S6.00x4.00 P21.00x18.00;S4.00x2.00 P20.00x8.00;S3.00x8.00 P10.00x11.00;S4.00x5.00 P0.00x5.00;S1.00x8.00 P21.00x9.00;S3.00x6.00&quot;)" methodname="AreaDistributorTest_CanLayout" classname="PlayersWorlds.Maps.Areas.Evolving.AreaDistributorIntegrationTest" runstate="Runnable" seed="2072480954" result="Passed" start-time="2024-06-19T14:41:57.2384240Z" end-time="2024-06-19T14:41:57.3393170Z" duration="0.100893" asserts="2" />
                  <test-case id="1-2027" name="AreaDistributorTest_CanLayout(&quot;8x45: P2.00x9.00;S1.00x6.00 P2.00x22.00;S1.00x8.00 P5.00x32.00;S1.00x10.00 P6.00x14.00;S1.00x9.00 P4.00x3.00;S1.00x14.00 P2.00x36.00;S1.00x8.00&quot;)" fullname="PlayersWorlds.Maps.Areas.Evolving.AreaDistributorIntegrationTest.AreaDistributorTest_CanLayout(&quot;8x45: P2.00x9.00;S1.00x6.00 P2.00x22.00;S1.00x8.00 P5.00x32.00;S1.00x10.00 P6.00x14.00;S1.00x9.00 P4.00x3.00;S1.00x14.00 P2.00x36.00;S1.00x8.00&quot;)" methodname="AreaDistributorTest_CanLayout" classname="PlayersWorlds.Maps.Areas.Evolving.AreaDistributorIntegrationTest" runstate="Runnable" seed="1585916675" result="Passed" start-time="2024-06-19T14:41:57.3393290Z" end-time="2024-06-19T14:41:57.4773550Z" duration="0.138026" asserts="2" />
                  <test-case id="1-2028" name="AreaDistributorTest_CanLayout(&quot;31x47: P2.00x15.00;S9.00x1.00 P3.00x11.00;S5.00x4.00 P2.00x11.00;S5.00x7.00 P13.00x14.00;S5.00x10.00 P8.00x37.00;S2.00x9.00 P27.00x19.00;S3.00x8.00 P20.00x12.00;S7.00x7.00 P4.00x13.00;S4.00x2.00 P20.00x31.00;S6.00x2.00 P9.00x3.00;S9.00x3.00 P6.00x34.00;S6.00x1.00 P23.00x6.00;S5.00x2.00&quot;)" fullname="PlayersWorlds.Maps.Areas.Evolving.AreaDistributorIntegrationTest.AreaDistributorTest_CanLayout(&quot;31x47: P2.00x15.00;S9.00x1.00 P3.00x11.00;S5.00x4.00 P2.00x11.00;S5.00x7.00 P13.00x14.00;S5.00x10.00 P8.00x37.00;S2.00x9.00 P27.00x19.00;S3.00x8.00 P20.00x12.00;S7.00x7.00 P4.00x13.00;S4.00x2.00 P20.00x31.00;S6.00x2.00 P9.00x3.00;S9.00x3.00 P6.00x34.00;S6.00x1.00 P23.00x6.00;S5.00x2.00&quot;)" methodname="AreaDistributorTest_CanLayout" classname="PlayersWorlds.Maps.Areas.Evolving.AreaDistributorIntegrationTest" runstate="Runnable" seed="659446000" result="Passed" start-time="2024-06-19T14:41:57.4773780Z" end-time="2024-06-19T14:41:57.9214440Z" duration="0.444066" asserts="2" />
                  <test-case id="1-2029" name="AreaDistributorTest_CanLayout(&quot;7x47: P4.00x40.00;S1.00x5.00 P0.00x12.00;S1.00x7.00 P1.00x9.00;S1.00x3.00 P5.00x0.00;S1.00x14.00 P2.00x37.00;S1.00x9.00 P0.00x29.00;S1.00x6.00&quot;)" fullname="PlayersWorlds.Maps.Areas.Evolving.AreaDistributorIntegrationTest.AreaDistributorTest_CanLayout(&quot;7x47: P4.00x40.00;S1.00x5.00 P0.00x12.00;S1.00x7.00 P1.00x9.00;S1.00x3.00 P5.00x0.00;S1.00x14.00 P2.00x37.00;S1.00x9.00 P0.00x29.00;S1.00x6.00&quot;)" methodname="AreaDistributorTest_CanLayout" classname="PlayersWorlds.Maps.Areas.Evolving.AreaDistributorIntegrationTest" runstate="Runnable" seed="2065860056" result="Passed" start-time="2024-06-19T14:41:57.9214580Z" end-time="2024-06-19T14:41:58.0420550Z" duration="0.120597" asserts="2" />
                  <test-case id="1-2030" name="AreaDistributorTest_CanLayout(&quot;48x38: P8x15;S1x3 P45x11;S2x7 P6x8;S1x3 P4x7;S10x11 P4x9;S2x8 P26x13;S1x10 P18x13;S10x7 P35x22;S10x5 P31x10;S5x9 P32x10;S13x6 P22x22;S14x6 P26x1;S3x3 P28x14;S13x10 P24x4;S12x8&quot;)" fullname="PlayersWorlds.Maps.Areas.Evolving.AreaDistributorIntegrationTest.AreaDistributorTest_CanLayout(&quot;48x38: P8x15;S1x3 P45x11;S2x7 P6x8;S1x3 P4x7;S10x11 P4x9;S2x8 P26x13;S1x10 P18x13;S10x7 P35x22;S10x5 P31x10;S5x9 P32x10;S13x6 P22x22;S14x6 P26x1;S3x3 P28x14;S13x10 P24x4;S12x8&quot;)" methodname="AreaDistributorTest_CanLayout" classname="PlayersWorlds.Maps.Areas.Evolving.AreaDistributorIntegrationTest" runstate="Runnable" seed="1629438338" result="Passed" start-time="2024-06-19T14:41:58.0420660Z" end-time="2024-06-19T14:41:58.7832770Z" duration="0.741210" asserts="2" />
                  <test-case id="1-2031" name="AreaDistributorTest_CanLayout(&quot;31x32: P24.45x15.67;S8.00x7.00 P14.09x8.51;S1.00x6.00 P16.22x5.85;S9.00x9.00 P18.23x27.41;S1.00x4.00 P13.75x0.80;S3.00x3.00 P8.52x18.43;S4.00x7.00 P1.71x14.65;S9.00x6.00 P0.38x4.06;S7.00x7.00 P25.06x24.29;S5.00x7.00 P11.40x19.76;S6.00x9.00&quot;)" fullname="PlayersWorlds.Maps.Areas.Evolving.AreaDistributorIntegrationTest.AreaDistributorTest_CanLayout(&quot;31x32: P24.45x15.67;S8.00x7.00 P14.09x8.51;S1.00x6.00 P16.22x5.85;S9.00x9.00 P18.23x27.41;S1.00x4.00 P13.75x0.80;S3.00x3.00 P8.52x18.43;S4.00x7.00 P1.71x14.65;S9.00x6.00 P0.38x4.06;S7.00x7.00 P25.06x24.29;S5.00x7.00 P11.40x19.76;S6.00x9.00&quot;)" methodname="AreaDistributorTest_CanLayout" classname="PlayersWorlds.Maps.Areas.Evolving.AreaDistributorIntegrationTest" runstate="Runnable" seed="615726959" result="Passed" start-time="2024-06-19T14:41:58.7832940Z" end-time="2024-06-19T14:41:59.1643950Z" duration="0.381101" asserts="2" />
                  <test-case id="1-2032" name="AreaDistributorTest_CanLayout(&quot;45x43: P38.00x15.09;S8.00x10.00 P0.42x0.08;S10.00x4.00 P17.64x33.27;S8.00x2.00 P-0.03x22.54;S1.00x12.00 P17.50x0.62;S12.00x7.00 P23.05x19.66;S14.00x7.00 P21.76x17.00;S1.00x7.00 P11.34x8.71;S8.00x9.00 P9.60x23.72;S12.00x7.00 P0.45x8.22;S8.00x5.00 P0.65x19.15;S12.00x3.00 P19.87x38.89;S7.00x2.00 P33.99x38.13;S10.00x4.00 P34.00x0.58;S11.00x12.00&quot;)" fullname="PlayersWorlds.Maps.Areas.Evolving.AreaDistributorIntegrationTest.AreaDistributorTest_CanLayout(&quot;45x43: P38.00x15.09;S8.00x10.00 P0.42x0.08;S10.00x4.00 P17.64x33.27;S8.00x2.00 P-0.03x22.54;S1.00x12.00 P17.50x0.62;S12.00x7.00 P23.05x19.66;S14.00x7.00 P21.76x17.00;S1.00x7.00 P11.34x8.71;S8.00x9.00 P9.60x23.72;S12.00x7.00 P0.45x8.22;S8.00x5.00 P0.65x19.15;S12.00x3.00 P19.87x38.89;S7.00x2.00 P33.99x38.13;S10.00x4.00 P34.00x0.58;S11.00x12.00&quot;)" methodname="AreaDistributorTest_CanLayout" classname="PlayersWorlds.Maps.Areas.Evolving.AreaDistributorIntegrationTest" runstate="Runnable" seed="942068451" result="Passed" start-time="2024-06-19T14:41:59.1644090Z" end-time="2024-06-19T14:41:59.9159110Z" duration="0.751501" asserts="2" />
                  <test-case id="1-2033" name="AreaDistributorTest_CanLayout(&quot;49x10: P4.00x1.00;S13.00x7.00 P8.00x1.00;S10.00x7.00&quot;)" fullname="PlayersWorlds.Maps.Areas.Evolving.AreaDistributorIntegrationTest.AreaDistributorTest_CanLayout(&quot;49x10: P4.00x1.00;S13.00x7.00 P8.00x1.00;S10.00x7.00&quot;)" methodname="AreaDistributorTest_CanLayout" classname="PlayersWorlds.Maps.Areas.Evolving.AreaDistributorIntegrationTest" runstate="Runnable" seed="1033741166" result="Passed" start-time="2024-06-19T14:41:59.9159270Z" end-time="2024-06-19T14:41:59.9491020Z" duration="0.033175" asserts="2" />
                  <test-case id="1-2034" name="AreaDistributorTest_CanLayout(&quot;49x16: P2x7;S12x4 P7x-1;S11x3 P19x4;S13x4 P27x11;S15x4 P17x10;S3x4 P14x3;S13x4 P24x9;S6x4 P1x13;S14x2 P9x4;S4x3&quot;)" fullname="PlayersWorlds.Maps.Areas.Evolving.AreaDistributorIntegrationTest.AreaDistributorTest_CanLayout(&quot;49x16: P2x7;S12x4 P7x-1;S11x3 P19x4;S13x4 P27x11;S15x4 P17x10;S3x4 P14x3;S13x4 P24x9;S6x4 P1x13;S14x2 P9x4;S4x3&quot;)" methodname="AreaDistributorTest_CanLayout" classname="PlayersWorlds.Maps.Areas.Evolving.AreaDistributorIntegrationTest" runstate="Runnable" seed="581155270" result="Passed" start-time="2024-06-19T14:41:59.9491130Z" end-time="2024-06-19T14:42:00.2554580Z" duration="0.306345" asserts="2" />
                  <test-case id="1-2035" name="AreaDistributorTest_CanLayout(&quot;49x42: P19x1;S11x2 P34x31;S6x8 P15x29;S13x12 P15x11;S5x12 P23x5;S12x6 P3x17;S9x2 P16x6;S15x4 P15x29;S9x11 P39x37;S6x4 P28x22;S12x9 P31x8;S6x3 P27x23;S9x5 P0x27;S13x9 P11x17;S5x11 P4x2;S1x1&quot;)" fullname="PlayersWorlds.Maps.Areas.Evolving.AreaDistributorIntegrationTest.AreaDistributorTest_CanLayout(&quot;49x42: P19x1;S11x2 P34x31;S6x8 P15x29;S13x12 P15x11;S5x12 P23x5;S12x6 P3x17;S9x2 P16x6;S15x4 P15x29;S9x11 P39x37;S6x4 P28x22;S12x9 P31x8;S6x3 P27x23;S9x5 P0x27;S13x9 P11x17;S5x11 P4x2;S1x1&quot;)" methodname="AreaDistributorTest_CanLayout" classname="PlayersWorlds.Maps.Areas.Evolving.AreaDistributorIntegrationTest" runstate="Runnable" seed="2005382553" result="Passed" start-time="2024-06-19T14:42:00.2554700Z" end-time="2024-06-19T14:42:01.1059260Z" duration="0.850456" asserts="2" />
                  <test-case id="1-2036" name="AreaDistributorTest_CanLayout(&quot;24x46: P11x20;S3x9 P5x15;S6x10 P5x14;S7x13 P10x26;S5x11 P10x18;S1x4 P11x13;S1x5 P10x29;S6x9 P13x8;S2x10 P3x17;S7x13 P5x28;S5x5 P18x8;S5x12&quot;)" fullname="PlayersWorlds.Maps.Areas.Evolving.AreaDistributorIntegrationTest.AreaDistributorTest_CanLayout(&quot;24x46: P11x20;S3x9 P5x15;S6x10 P5x14;S7x13 P10x26;S5x11 P10x18;S1x4 P11x13;S1x5 P10x29;S6x9 P13x8;S2x10 P3x17;S7x13 P5x28;S5x5 P18x8;S5x12&quot;)" methodname="AreaDistributorTest_CanLayout" classname="PlayersWorlds.Maps.Areas.Evolving.AreaDistributorIntegrationTest" runstate="Runnable" seed="1255310316" result="Passed" start-time="2024-06-19T14:42:01.1059420Z" end-time="2024-06-19T14:42:01.5606660Z" duration="0.454724" asserts="2" />
                  <test-case id="1-2037" name="AreaDistributorTest_CanLayout(&quot;10x10: P7x9;S2x3 P7x2;S3x2 P3x9;S2x2 P0x5;S2x3 P7x1;S2x3 P0x0;S6x5&quot;)" fullname="PlayersWorlds.Maps.Areas.Evolving.AreaDistributorIntegrationTest.AreaDistributorTest_CanLayout(&quot;10x10: P7x9;S2x3 P7x2;S3x2 P3x9;S2x2 P0x5;S2x3 P7x1;S2x3 P0x0;S6x5&quot;)" methodname="AreaDistributorTest_CanLayout" classname="PlayersWorlds.Maps.Areas.Evolving.AreaDistributorIntegrationTest" runstate="Runnable" seed="1290092168" result="Passed" start-time="2024-06-19T14:42:01.5606840Z" end-time="2024-06-19T14:42:01.6148520Z" duration="0.054168" asserts="2" />
                </test-suite>
                <test-case id="1-2039" name="AreaDistributorTest_CanLayout_Debug" fullname="PlayersWorlds.Maps.Areas.Evolving.AreaDistributorIntegrationTest.AreaDistributorTest_CanLayout_Debug" methodname="AreaDistributorTest_CanLayout_Debug" classname="PlayersWorlds.Maps.Areas.Evolving.AreaDistributorIntegrationTest" runstate="Ignored" seed="1645056260" result="Skipped" label="Ignored" start-time="2024-06-19T14:42:01.6168000Z" end-time="2024-06-19T14:42:01.6169630Z" duration="0.000163" asserts="0">
                  <properties>
                    <property name="_SKIPREASON" value="Debugging only" />
                  </properties>
                  <reason>
                    <message><![CDATA[Debugging only]]></message>
                  </reason>
                </test-case>
                <test-case id="1-1956" name="AreaDistributorTest_OneTest" fullname="PlayersWorlds.Maps.Areas.Evolving.AreaDistributorIntegrationTest.AreaDistributorTest_OneTest" methodname="AreaDistributorTest_OneTest" classname="PlayersWorlds.Maps.Areas.Evolving.AreaDistributorIntegrationTest" runstate="Runnable" seed="495220615" result="Passed" start-time="2024-06-19T14:42:01.6169730Z" end-time="2024-06-19T14:42:01.6213750Z" duration="0.004402" asserts="2">
                  <properties>
                    <property name="Category" value="Integration" />
                  </properties>
                </test-case>
                <test-suite type="ParameterizedMethod" id="1-1969" name="AreaDistributorTest_OverlapTwo" fullname="PlayersWorlds.Maps.Areas.Evolving.AreaDistributorIntegrationTest.AreaDistributorTest_OverlapTwo" classname="PlayersWorlds.Maps.Areas.Evolving.AreaDistributorIntegrationTest" runstate="Runnable" testcasecount="10" result="Passed" start-time="2024-06-19T14:42:01.6213970Z" end-time="2024-06-19T14:42:01.7130420Z" duration="0.091645" total="10" passed="10" failed="0" warnings="0" inconclusive="0" skipped="0" asserts="20">
                  <properties>
                    <property name="Category" value="Integration" />
                  </properties>
                  <test-case id="1-1959" name="AreaDistributorTest_OverlapTwo(&quot;11x11: P3.5x3.5;S4x4 P3.5x3.5;S4x4&quot;)" fullname="PlayersWorlds.Maps.Areas.Evolving.AreaDistributorIntegrationTest.AreaDistributorTest_OverlapTwo(&quot;11x11: P3.5x3.5;S4x4 P3.5x3.5;S4x4&quot;)" methodname="AreaDistributorTest_OverlapTwo" classname="PlayersWorlds.Maps.Areas.Evolving.AreaDistributorIntegrationTest" runstate="Runnable" seed="1506699107" result="Passed" start-time="2024-06-19T14:42:01.6214180Z" end-time="2024-06-19T14:42:01.6295680Z" duration="0.008150" asserts="2" />
                  <test-case id="1-1960" name="AreaDistributorTest_OverlapTwo(&quot;16x16: P4x4;S8x8 P5x9;S2x2&quot;)" fullname="PlayersWorlds.Maps.Areas.Evolving.AreaDistributorIntegrationTest.AreaDistributorTest_OverlapTwo(&quot;16x16: P4x4;S8x8 P5x9;S2x2&quot;)" methodname="AreaDistributorTest_OverlapTwo" classname="PlayersWorlds.Maps.Areas.Evolving.AreaDistributorIntegrationTest" runstate="Runnable" seed="1431853472" result="Passed" start-time="2024-06-19T14:42:01.6295870Z" end-time="2024-06-19T14:42:01.6448430Z" duration="0.015256" asserts="2" />
                  <test-case id="1-1961" name="AreaDistributorTest_OverlapTwo(&quot;16x16: P4x4;S8x8 P5x7;S4x4&quot;)" fullname="PlayersWorlds.Maps.Areas.Evolving.AreaDistributorIntegrationTest.AreaDistributorTest_OverlapTwo(&quot;16x16: P4x4;S8x8 P5x7;S4x4&quot;)" methodname="AreaDistributorTest_OverlapTwo" classname="PlayersWorlds.Maps.Areas.Evolving.AreaDistributorIntegrationTest" runstate="Runnable" seed="180397194" result="Passed" start-time="2024-06-19T14:42:01.6448540Z" end-time="2024-06-19T14:42:01.6567270Z" duration="0.011873" asserts="2" />
                  <test-case id="1-1962" name="AreaDistributorTest_OverlapTwo(&quot;16x16: P5x5;S6x6 P6x6;S4x4&quot;)" fullname="PlayersWorlds.Maps.Areas.Evolving.AreaDistributorIntegrationTest.AreaDistributorTest_OverlapTwo(&quot;16x16: P5x5;S6x6 P6x6;S4x4&quot;)" methodname="AreaDistributorTest_OverlapTwo" classname="PlayersWorlds.Maps.Areas.Evolving.AreaDistributorIntegrationTest" runstate="Runnable" seed="1075818737" result="Passed" start-time="2024-06-19T14:42:01.6567380Z" end-time="2024-06-19T14:42:01.6719100Z" duration="0.015171" asserts="2" />
                  <test-case id="1-1963" name="AreaDistributorTest_OverlapTwo(&quot;11x11: P2x2;S4x4 P5x5;S4x4&quot;)" fullname="PlayersWorlds.Maps.Areas.Evolving.AreaDistributorIntegrationTest.AreaDistributorTest_OverlapTwo(&quot;11x11: P2x2;S4x4 P5x5;S4x4&quot;)" methodname="AreaDistributorTest_OverlapTwo" classname="PlayersWorlds.Maps.Areas.Evolving.AreaDistributorIntegrationTest" runstate="Runnable" seed="334703485" result="Passed" start-time="2024-06-19T14:42:01.6719210Z" end-time="2024-06-19T14:42:01.6789450Z" duration="0.007024" asserts="2" />
                  <test-case id="1-1964" name="AreaDistributorTest_OverlapTwo(&quot;11x11: P5x2;S4x4 P2x5;S4x4&quot;)" fullname="PlayersWorlds.Maps.Areas.Evolving.AreaDistributorIntegrationTest.AreaDistributorTest_OverlapTwo(&quot;11x11: P5x2;S4x4 P2x5;S4x4&quot;)" methodname="AreaDistributorTest_OverlapTwo" classname="PlayersWorlds.Maps.Areas.Evolving.AreaDistributorIntegrationTest" runstate="Runnable" seed="94586762" result="Passed" start-time="2024-06-19T14:42:01.6789560Z" end-time="2024-06-19T14:42:01.6855720Z" duration="0.006615" asserts="2" />
                  <test-case id="1-1965" name="AreaDistributorTest_OverlapTwo(&quot;11x11: P2x5;S4x4 P5x2;S4x4&quot;)" fullname="PlayersWorlds.Maps.Areas.Evolving.AreaDistributorIntegrationTest.AreaDistributorTest_OverlapTwo(&quot;11x11: P2x5;S4x4 P5x2;S4x4&quot;)" methodname="AreaDistributorTest_OverlapTwo" classname="PlayersWorlds.Maps.Areas.Evolving.AreaDistributorIntegrationTest" runstate="Runnable" seed="1622225035" result="Passed" start-time="2024-06-19T14:42:01.6855830Z" end-time="2024-06-19T14:42:01.6923630Z" duration="0.006780" asserts="2" />
                  <test-case id="1-1966" name="AreaDistributorTest_OverlapTwo(&quot;11x11: P5x5;S4x4 P2x2;S4x4&quot;)" fullname="PlayersWorlds.Maps.Areas.Evolving.AreaDistributorIntegrationTest.AreaDistributorTest_OverlapTwo(&quot;11x11: P5x5;S4x4 P2x2;S4x4&quot;)" methodname="AreaDistributorTest_OverlapTwo" classname="PlayersWorlds.Maps.Areas.Evolving.AreaDistributorIntegrationTest" runstate="Runnable" seed="1877226993" result="Passed" start-time="2024-06-19T14:42:01.6923740Z" end-time="2024-06-19T14:42:01.6994040Z" duration="0.007030" asserts="2" />
                  <test-case id="1-1967" name="AreaDistributorTest_OverlapTwo(&quot;11x11: P4x4;S4x4 P3x3;S4x4&quot;)" fullname="PlayersWorlds.Maps.Areas.Evolving.AreaDistributorIntegrationTest.AreaDistributorTest_OverlapTwo(&quot;11x11: P4x4;S4x4 P3x3;S4x4&quot;)" methodname="AreaDistributorTest_OverlapTwo" classname="PlayersWorlds.Maps.Areas.Evolving.AreaDistributorIntegrationTest" runstate="Runnable" seed="1297091647" result="Passed" start-time="2024-06-19T14:42:01.6994150Z" end-time="2024-06-19T14:42:01.7062290Z" duration="0.006813" asserts="2" />
                  <test-case id="1-1968" name="AreaDistributorTest_OverlapTwo(&quot;11x11: P4x3;S4x4 P3x4;S4x4&quot;)" fullname="PlayersWorlds.Maps.Areas.Evolving.AreaDistributorIntegrationTest.AreaDistributorTest_OverlapTwo(&quot;11x11: P4x3;S4x4 P3x4;S4x4&quot;)" methodname="AreaDistributorTest_OverlapTwo" classname="PlayersWorlds.Maps.Areas.Evolving.AreaDistributorIntegrationTest" runstate="Runnable" seed="2081650894" result="Passed" start-time="2024-06-19T14:42:01.7062400Z" end-time="2024-06-19T14:42:01.7130250Z" duration="0.006785" asserts="2" />
                </test-suite>
                <test-case id="1-1957" name="AreaDistributorTest_SidePressure" fullname="PlayersWorlds.Maps.Areas.Evolving.AreaDistributorIntegrationTest.AreaDistributorTest_SidePressure" methodname="AreaDistributorTest_SidePressure" classname="PlayersWorlds.Maps.Areas.Evolving.AreaDistributorIntegrationTest" runstate="Runnable" seed="501056543" result="Passed" start-time="2024-06-19T14:42:01.7130510Z" end-time="2024-06-19T14:42:01.7669760Z" duration="0.053925" asserts="2">
                  <properties>
                    <property name="Category" value="Integration" />
                  </properties>
                </test-case>
                <test-suite type="ParameterizedMethod" id="1-1981" name="AreaDistributorTest_SingleMapForce" fullname="PlayersWorlds.Maps.Areas.Evolving.AreaDistributorIntegrationTest.AreaDistributorTest_SingleMapForce" classname="PlayersWorlds.Maps.Areas.Evolving.AreaDistributorIntegrationTest" runstate="Runnable" testcasecount="10" result="Passed" start-time="2024-06-19T14:42:01.7669880Z" end-time="2024-06-19T14:42:01.7977950Z" duration="0.030807" total="10" passed="10" failed="0" warnings="0" inconclusive="0" skipped="0" asserts="20">
                  <properties>
                    <property name="Category" value="Integration" />
                  </properties>
                  <test-case id="1-1971" name="AreaDistributorTest_SingleMapForce(&quot;6x12: P1x2;S2x2&quot;)" fullname="PlayersWorlds.Maps.Areas.Evolving.AreaDistributorIntegrationTest.AreaDistributorTest_SingleMapForce(&quot;6x12: P1x2;S2x2&quot;)" methodname="AreaDistributorTest_SingleMapForce" classname="PlayersWorlds.Maps.Areas.Evolving.AreaDistributorIntegrationTest" runstate="Runnable" seed="1458136305" result="Passed" start-time="2024-06-19T14:42:01.7670060Z" end-time="2024-06-19T14:42:01.7704740Z" duration="0.003469" asserts="2" />
                  <test-case id="1-1972" name="AreaDistributorTest_SingleMapForce(&quot;6x12: P2x2;S2x2&quot;)" fullname="PlayersWorlds.Maps.Areas.Evolving.AreaDistributorIntegrationTest.AreaDistributorTest_SingleMapForce(&quot;6x12: P2x2;S2x2&quot;)" methodname="AreaDistributorTest_SingleMapForce" classname="PlayersWorlds.Maps.Areas.Evolving.AreaDistributorIntegrationTest" runstate="Runnable" seed="1268704800" result="Passed" start-time="2024-06-19T14:42:01.7704860Z" end-time="2024-06-19T14:42:01.7733460Z" duration="0.002861" asserts="2" />
                  <test-case id="1-1973" name="AreaDistributorTest_SingleMapForce(&quot;6x12: P3x2;S2x2&quot;)" fullname="PlayersWorlds.Maps.Areas.Evolving.AreaDistributorIntegrationTest.AreaDistributorTest_SingleMapForce(&quot;6x12: P3x2;S2x2&quot;)" methodname="AreaDistributorTest_SingleMapForce" classname="PlayersWorlds.Maps.Areas.Evolving.AreaDistributorIntegrationTest" runstate="Runnable" seed="1034293084" result="Passed" start-time="2024-06-19T14:42:01.7733570Z" end-time="2024-06-19T14:42:01.7765230Z" duration="0.003166" asserts="2" />
                  <test-case id="1-1974" name="AreaDistributorTest_SingleMapForce(&quot;6x12: P1x5;S2x2&quot;)" fullname="PlayersWorlds.Maps.Areas.Evolving.AreaDistributorIntegrationTest.AreaDistributorTest_SingleMapForce(&quot;6x12: P1x5;S2x2&quot;)" methodname="AreaDistributorTest_SingleMapForce" classname="PlayersWorlds.Maps.Areas.Evolving.AreaDistributorIntegrationTest" runstate="Runnable" seed="1227999937" result="Passed" start-time="2024-06-19T14:42:01.7765330Z" end-time="2024-06-19T14:42:01.7793750Z" duration="0.002841" asserts="2" />
                  <test-case id="1-1975" name="AreaDistributorTest_SingleMapForce(&quot;6x12: P2x5;S2x2&quot;)" fullname="PlayersWorlds.Maps.Areas.Evolving.AreaDistributorIntegrationTest.AreaDistributorTest_SingleMapForce(&quot;6x12: P2x5;S2x2&quot;)" methodname="AreaDistributorTest_SingleMapForce" classname="PlayersWorlds.Maps.Areas.Evolving.AreaDistributorIntegrationTest" runstate="Runnable" seed="1772172193" result="Passed" start-time="2024-06-19T14:42:01.7793860Z" end-time="2024-06-19T14:42:01.7825320Z" duration="0.003147" asserts="2" />
                  <test-case id="1-1976" name="AreaDistributorTest_SingleMapForce(&quot;6x12: P3x5;S2x2&quot;)" fullname="PlayersWorlds.Maps.Areas.Evolving.AreaDistributorIntegrationTest.AreaDistributorTest_SingleMapForce(&quot;6x12: P3x5;S2x2&quot;)" methodname="AreaDistributorTest_SingleMapForce" classname="PlayersWorlds.Maps.Areas.Evolving.AreaDistributorIntegrationTest" runstate="Runnable" seed="1251716184" result="Passed" start-time="2024-06-19T14:42:01.7825440Z" end-time="2024-06-19T14:42:01.7857320Z" duration="0.003189" asserts="2" />
                  <test-case id="1-1977" name="AreaDistributorTest_SingleMapForce(&quot;6x12: P1x8;S2x2&quot;)" fullname="PlayersWorlds.Maps.Areas.Evolving.AreaDistributorIntegrationTest.AreaDistributorTest_SingleMapForce(&quot;6x12: P1x8;S2x2&quot;)" methodname="AreaDistributorTest_SingleMapForce" classname="PlayersWorlds.Maps.Areas.Evolving.AreaDistributorIntegrationTest" runstate="Runnable" seed="186850243" result="Passed" start-time="2024-06-19T14:42:01.7857440Z" end-time="2024-06-19T14:42:01.7886050Z" duration="0.002861" asserts="2" />
                  <test-case id="1-1978" name="AreaDistributorTest_SingleMapForce(&quot;6x12: P2x8;S2x2&quot;)" fullname="PlayersWorlds.Maps.Areas.Evolving.AreaDistributorIntegrationTest.AreaDistributorTest_SingleMapForce(&quot;6x12: P2x8;S2x2&quot;)" methodname="AreaDistributorTest_SingleMapForce" classname="PlayersWorlds.Maps.Areas.Evolving.AreaDistributorIntegrationTest" runstate="Runnable" seed="460728720" result="Passed" start-time="2024-06-19T14:42:01.7886160Z" end-time="2024-06-19T14:42:01.7917470Z" duration="0.003132" asserts="2" />
                  <test-case id="1-1979" name="AreaDistributorTest_SingleMapForce(&quot;6x12: P3x8;S2x2&quot;)" fullname="PlayersWorlds.Maps.Areas.Evolving.AreaDistributorIntegrationTest.AreaDistributorTest_SingleMapForce(&quot;6x12: P3x8;S2x2&quot;)" methodname="AreaDistributorTest_SingleMapForce" classname="PlayersWorlds.Maps.Areas.Evolving.AreaDistributorIntegrationTest" runstate="Runnable" seed="146570548" result="Passed" start-time="2024-06-19T14:42:01.7917590Z" end-time="2024-06-19T14:42:01.7949180Z" duration="0.003160" asserts="2" />
                  <test-case id="1-1980" name="AreaDistributorTest_SingleMapForce(&quot;6x12: P-1x-4;S2x2&quot;)" fullname="PlayersWorlds.Maps.Areas.Evolving.AreaDistributorIntegrationTest.AreaDistributorTest_SingleMapForce(&quot;6x12: P-1x-4;S2x2&quot;)" methodname="AreaDistributorTest_SingleMapForce" classname="PlayersWorlds.Maps.Areas.Evolving.AreaDistributorIntegrationTest" runstate="Runnable" seed="635185740" result="Passed" start-time="2024-06-19T14:42:01.7949370Z" end-time="2024-06-19T14:42:01.7977830Z" duration="0.002846" asserts="2" />
                </test-suite>
                <test-case id="1-1982" name="AreaDistributorTest_SingleMapForce_Debug" fullname="PlayersWorlds.Maps.Areas.Evolving.AreaDistributorIntegrationTest.AreaDistributorTest_SingleMapForce_Debug" methodname="AreaDistributorTest_SingleMapForce_Debug" classname="PlayersWorlds.Maps.Areas.Evolving.AreaDistributorIntegrationTest" runstate="Ignored" seed="1631292391" result="Skipped" label="Ignored" start-time="2024-06-19T14:42:01.7978030Z" end-time="2024-06-19T14:42:01.7978080Z" duration="0.000005" asserts="0">
                  <properties>
                    <property name="_SKIPREASON" value="Debugging only" />
                  </properties>
                  <reason>
                    <message><![CDATA[Debugging only]]></message>
                  </reason>
                </test-case>
                <test-case id="1-1958" name="AreaDistributorTest_TwoTest" fullname="PlayersWorlds.Maps.Areas.Evolving.AreaDistributorIntegrationTest.AreaDistributorTest_TwoTest" methodname="AreaDistributorTest_TwoTest" classname="PlayersWorlds.Maps.Areas.Evolving.AreaDistributorIntegrationTest" runstate="Runnable" seed="1626571101" result="Passed" start-time="2024-06-19T14:42:01.7978120Z" end-time="2024-06-19T14:42:01.8035910Z" duration="0.005780" asserts="2">
                  <properties>
                    <property name="Category" value="Integration" />
                  </properties>
                </test-case>
              </test-suite>
              <test-suite type="TestFixture" id="1-2041" name="AreaDistributorLoadTest" fullname="PlayersWorlds.Maps.Areas.Evolving.AreaDistributorLoadTest" classname="PlayersWorlds.Maps.Areas.Evolving.AreaDistributorLoadTest" runstate="Runnable" testcasecount="1" result="Passed" start-time="2024-06-19T14:42:01.8040800Z" end-time="2024-06-19T14:44:58.3869380Z" duration="176.582857" total="1" passed="1" failed="0" warnings="0" inconclusive="0" skipped="0" asserts="0">
                <test-case id="1-2042" name="AreaDistributor_LoadTest" fullname="PlayersWorlds.Maps.Areas.Evolving.AreaDistributorLoadTest.AreaDistributor_LoadTest" methodname="AreaDistributor_LoadTest" classname="PlayersWorlds.Maps.Areas.Evolving.AreaDistributorLoadTest" runstate="Runnable" seed="1679619546" result="Passed" start-time="2024-06-19T14:42:01.8041660Z" end-time="2024-06-19T14:44:58.3869070Z" duration="176.582741" asserts="0">
                  <properties>
                    <property name="Category" value="Load" />
                  </properties>
                  <reason>
                    <message><![CDATA[Passed: 1000, Failed: 0
]]></message>
                  </reason>
                </test-case>
              </test-suite>
              <test-suite type="TestFixture" id="1-2043" name="EvolvingSimulatorTest" fullname="PlayersWorlds.Maps.Areas.Evolving.EvolvingSimulatorTest" classname="PlayersWorlds.Maps.Areas.Evolving.EvolvingSimulatorTest" runstate="Runnable" testcasecount="2" result="Passed" start-time="2024-06-19T14:44:58.3869650Z" end-time="2024-06-19T14:44:58.5042240Z" duration="0.117259" total="2" passed="2" failed="0" warnings="0" inconclusive="0" skipped="0" asserts="2">
                <test-case id="1-2045" name="EvolvingSimulator_ReturnsEpochsIfEvolitionIsNotComplete" fullname="PlayersWorlds.Maps.Areas.Evolving.EvolvingSimulatorTest.EvolvingSimulator_ReturnsEpochsIfEvolitionIsNotComplete" methodname="EvolvingSimulator_ReturnsEpochsIfEvolitionIsNotComplete" classname="PlayersWorlds.Maps.Areas.Evolving.EvolvingSimulatorTest" runstate="Runnable" seed="393101261" result="Passed" start-time="2024-06-19T14:44:58.3870940Z" end-time="2024-06-19T14:44:58.5019180Z" duration="0.114824" asserts="1" />
                <test-case id="1-2044" name="EvolvingSimulator_ThrowsIfMaxEpochsIsZero" fullname="PlayersWorlds.Maps.Areas.Evolving.EvolvingSimulatorTest.EvolvingSimulator_ThrowsIfMaxEpochsIsZero" methodname="EvolvingSimulator_ThrowsIfMaxEpochsIsZero" classname="PlayersWorlds.Maps.Areas.Evolving.EvolvingSimulatorTest" runstate="Runnable" seed="1139031757" result="Passed" start-time="2024-06-19T14:44:58.5019330Z" end-time="2024-06-19T14:44:58.5042070Z" duration="0.002274" asserts="1" />
              </test-suite>
              <test-suite type="TestFixture" id="1-2046" name="FloatingAreaTest" fullname="PlayersWorlds.Maps.Areas.Evolving.FloatingAreaTest" classname="PlayersWorlds.Maps.Areas.Evolving.FloatingAreaTest" runstate="Runnable" testcasecount="22" result="Passed" start-time="2024-06-19T14:44:58.5042440Z" end-time="2024-06-19T14:44:58.5164940Z" duration="0.012250" total="22" passed="22" failed="0" warnings="0" inconclusive="0" skipped="0" asserts="45">
                <test-case id="1-2051" name="CenterIsValid" fullname="PlayersWorlds.Maps.Areas.Evolving.FloatingAreaTest.CenterIsValid" methodname="CenterIsValid" classname="PlayersWorlds.Maps.Areas.Evolving.FloatingAreaTest" runstate="Runnable" seed="1039193904" result="Passed" start-time="2024-06-19T14:44:58.5043230Z" end-time="2024-06-19T14:44:58.5068850Z" duration="0.002562" asserts="4" />
                <test-case id="1-2050" name="Contains" fullname="PlayersWorlds.Maps.Areas.Evolving.FloatingAreaTest.Contains" methodname="Contains" classname="PlayersWorlds.Maps.Areas.Evolving.FloatingAreaTest" runstate="Runnable" seed="161071717" result="Passed" start-time="2024-06-19T14:44:58.5068970Z" end-time="2024-06-19T14:44:58.5111400Z" duration="0.004244" asserts="2" />
                <test-suite type="ParameterizedMethod" id="1-2068" name="DistanceTo" fullname="PlayersWorlds.Maps.Areas.Evolving.FloatingAreaTest.DistanceTo" classname="PlayersWorlds.Maps.Areas.Evolving.FloatingAreaTest" runstate="Runnable" testcasecount="16" result="Passed" start-time="2024-06-19T14:44:58.5111530Z" end-time="2024-06-19T14:44:58.5120100Z" duration="0.000857" total="16" passed="16" failed="0" warnings="0" inconclusive="0" skipped="0" asserts="32">
                  <properties>
                    <property name="Category" value="Integration" />
                  </properties>
                  <test-case id="1-2052" name="DistanceTo((PlayersWorlds.Maps.Areas.Evolving.FloatingArea[], -1.00x0.00, False))" fullname="PlayersWorlds.Maps.Areas.Evolving.FloatingAreaTest.DistanceTo((PlayersWorlds.Maps.Areas.Evolving.FloatingArea[], -1.00x0.00, False))" methodname="DistanceTo" classname="PlayersWorlds.Maps.Areas.Evolving.FloatingAreaTest" runstate="Runnable" seed="415922626" result="Passed" start-time="2024-06-19T14:44:58.5111700Z" end-time="2024-06-19T14:44:58.5115920Z" duration="0.000422" asserts="2" />
                  <test-case id="1-2053" name="DistanceTo((PlayersWorlds.Maps.Areas.Evolving.FloatingArea[], 0.00x0.00, False))" fullname="PlayersWorlds.Maps.Areas.Evolving.FloatingAreaTest.DistanceTo((PlayersWorlds.Maps.Areas.Evolving.FloatingArea[], 0.00x0.00, False))" methodname="DistanceTo" classname="PlayersWorlds.Maps.Areas.Evolving.FloatingAreaTest" runstate="Runnable" seed="918064075" result="Passed" start-time="2024-06-19T14:44:58.5116000Z" end-time="2024-06-19T14:44:58.5116380Z" duration="0.000037" asserts="2" />
                  <test-case id="1-2054" name="DistanceTo((PlayersWorlds.Maps.Areas.Evolving.FloatingArea[], 1.00x0.00, True))" fullname="PlayersWorlds.Maps.Areas.Evolving.FloatingAreaTest.DistanceTo((PlayersWorlds.Maps.Areas.Evolving.FloatingArea[], 1.00x0.00, True))" methodname="DistanceTo" classname="PlayersWorlds.Maps.Areas.Evolving.FloatingAreaTest" runstate="Runnable" seed="964681166" result="Passed" start-time="2024-06-19T14:44:58.5116430Z" end-time="2024-06-19T14:44:58.5116700Z" duration="0.000027" asserts="2" />
                  <test-case id="1-2055" name="DistanceTo((PlayersWorlds.Maps.Areas.Evolving.FloatingArea[], 0.00x0.00, True))" fullname="PlayersWorlds.Maps.Areas.Evolving.FloatingAreaTest.DistanceTo((PlayersWorlds.Maps.Areas.Evolving.FloatingArea[], 0.00x0.00, True))" methodname="DistanceTo" classname="PlayersWorlds.Maps.Areas.Evolving.FloatingAreaTest" runstate="Runnable" seed="303322750" result="Passed" start-time="2024-06-19T14:44:58.5116750Z" end-time="2024-06-19T14:44:58.5116990Z" duration="0.000024" asserts="2" />
                  <test-case id="1-2056" name="DistanceTo((PlayersWorlds.Maps.Areas.Evolving.FloatingArea[], -1.00x0.00, True))" fullname="PlayersWorlds.Maps.Areas.Evolving.FloatingAreaTest.DistanceTo((PlayersWorlds.Maps.Areas.Evolving.FloatingArea[], -1.00x0.00, True))" methodname="DistanceTo" classname="PlayersWorlds.Maps.Areas.Evolving.FloatingAreaTest" runstate="Runnable" seed="386905677" result="Passed" start-time="2024-06-19T14:44:58.5117050Z" end-time="2024-06-19T14:44:58.5117280Z" duration="0.000023" asserts="2" />
                  <test-case id="1-2057" name="DistanceTo((PlayersWorlds.Maps.Areas.Evolving.FloatingArea[], 0.00x0.00, False))" fullname="PlayersWorlds.Maps.Areas.Evolving.FloatingAreaTest.DistanceTo((PlayersWorlds.Maps.Areas.Evolving.FloatingArea[], 0.00x0.00, False))" methodname="DistanceTo" classname="PlayersWorlds.Maps.Areas.Evolving.FloatingAreaTest" runstate="Runnable" seed="280940794" result="Passed" start-time="2024-06-19T14:44:58.5117320Z" end-time="2024-06-19T14:44:58.5117570Z" duration="0.000025" asserts="2" />
                  <test-case id="1-2058" name="DistanceTo((PlayersWorlds.Maps.Areas.Evolving.FloatingArea[], 1.00x0.00, False))" fullname="PlayersWorlds.Maps.Areas.Evolving.FloatingAreaTest.DistanceTo((PlayersWorlds.Maps.Areas.Evolving.FloatingArea[], 1.00x0.00, False))" methodname="DistanceTo" classname="PlayersWorlds.Maps.Areas.Evolving.FloatingAreaTest" runstate="Runnable" seed="987158910" result="Passed" start-time="2024-06-19T14:44:58.5117620Z" end-time="2024-06-19T14:44:58.5117830Z" duration="0.000021" asserts="2" />
                  <test-case id="1-2059" name="DistanceTo((PlayersWorlds.Maps.Areas.Evolving.FloatingArea[], -1.00x1.00, False))" fullname="PlayersWorlds.Maps.Areas.Evolving.FloatingAreaTest.DistanceTo((PlayersWorlds.Maps.Areas.Evolving.FloatingArea[], -1.00x1.00, False))" methodname="DistanceTo" classname="PlayersWorlds.Maps.Areas.Evolving.FloatingAreaTest" runstate="Runnable" seed="1463782731" result="Passed" start-time="2024-06-19T14:44:58.5117880Z" end-time="2024-06-19T14:44:58.5118080Z" duration="0.000020" asserts="2" />
                  <test-case id="1-2060" name="DistanceTo((PlayersWorlds.Maps.Areas.Evolving.FloatingArea[], 0.00x1.00, False))" fullname="PlayersWorlds.Maps.Areas.Evolving.FloatingAreaTest.DistanceTo((PlayersWorlds.Maps.Areas.Evolving.FloatingArea[], 0.00x1.00, False))" methodname="DistanceTo" classname="PlayersWorlds.Maps.Areas.Evolving.FloatingAreaTest" runstate="Runnable" seed="1765084572" result="Passed" start-time="2024-06-19T14:44:58.5118120Z" end-time="2024-06-19T14:44:58.5118330Z" duration="0.000020" asserts="2" />
                  <test-case id="1-2061" name="DistanceTo((PlayersWorlds.Maps.Areas.Evolving.FloatingArea[], 1.00x1.00, True))" fullname="PlayersWorlds.Maps.Areas.Evolving.FloatingAreaTest.DistanceTo((PlayersWorlds.Maps.Areas.Evolving.FloatingArea[], 1.00x1.00, True))" methodname="DistanceTo" classname="PlayersWorlds.Maps.Areas.Evolving.FloatingAreaTest" runstate="Runnable" seed="1899404755" result="Passed" start-time="2024-06-19T14:44:58.5118370Z" end-time="2024-06-19T14:44:58.5118580Z" duration="0.000021" asserts="2" />
                  <test-case id="1-2062" name="DistanceTo((PlayersWorlds.Maps.Areas.Evolving.FloatingArea[], 0.00x1.00, True))" fullname="PlayersWorlds.Maps.Areas.Evolving.FloatingAreaTest.DistanceTo((PlayersWorlds.Maps.Areas.Evolving.FloatingArea[], 0.00x1.00, True))" methodname="DistanceTo" classname="PlayersWorlds.Maps.Areas.Evolving.FloatingAreaTest" runstate="Runnable" seed="980943465" result="Passed" start-time="2024-06-19T14:44:58.5118630Z" end-time="2024-06-19T14:44:58.5118890Z" duration="0.000026" asserts="2" />
                  <test-case id="1-2063" name="DistanceTo((PlayersWorlds.Maps.Areas.Evolving.FloatingArea[], -1.00x1.00, True))" fullname="PlayersWorlds.Maps.Areas.Evolving.FloatingAreaTest.DistanceTo((PlayersWorlds.Maps.Areas.Evolving.FloatingArea[], -1.00x1.00, True))" methodname="DistanceTo" classname="PlayersWorlds.Maps.Areas.Evolving.FloatingAreaTest" runstate="Runnable" seed="2032109635" result="Passed" start-time="2024-06-19T14:44:58.5118930Z" end-time="2024-06-19T14:44:58.5119140Z" duration="0.000020" asserts="2" />
                  <test-case id="1-2064" name="DistanceTo((PlayersWorlds.Maps.Areas.Evolving.FloatingArea[], 0.00x1.00, False))" fullname="PlayersWorlds.Maps.Areas.Evolving.FloatingAreaTest.DistanceTo((PlayersWorlds.Maps.Areas.Evolving.FloatingArea[], 0.00x1.00, False))" methodname="DistanceTo" classname="PlayersWorlds.Maps.Areas.Evolving.FloatingAreaTest" runstate="Runnable" seed="2029809706" result="Passed" start-time="2024-06-19T14:44:58.5119180Z" end-time="2024-06-19T14:44:58.5119360Z" duration="0.000018" asserts="2" />
                  <test-case id="1-2065" name="DistanceTo((PlayersWorlds.Maps.Areas.Evolving.FloatingArea[], 1.00x1.00, False))" fullname="PlayersWorlds.Maps.Areas.Evolving.FloatingAreaTest.DistanceTo((PlayersWorlds.Maps.Areas.Evolving.FloatingArea[], 1.00x1.00, False))" methodname="DistanceTo" classname="PlayersWorlds.Maps.Areas.Evolving.FloatingAreaTest" runstate="Runnable" seed="1259383804" result="Passed" start-time="2024-06-19T14:44:58.5119400Z" end-time="2024-06-19T14:44:58.5119590Z" duration="0.000019" asserts="2" />
                  <test-case id="1-2066" name="DistanceTo((PlayersWorlds.Maps.Areas.Evolving.FloatingArea[], -1.00x-1.00, True))" fullname="PlayersWorlds.Maps.Areas.Evolving.FloatingAreaTest.DistanceTo((PlayersWorlds.Maps.Areas.Evolving.FloatingArea[], -1.00x-1.00, True))" methodname="DistanceTo" classname="PlayersWorlds.Maps.Areas.Evolving.FloatingAreaTest" runstate="Runnable" seed="1644122942" result="Passed" start-time="2024-06-19T14:44:58.5119630Z" end-time="2024-06-19T14:44:58.5119810Z" duration="0.000019" asserts="2" />
                  <test-case id="1-2067" name="DistanceTo((PlayersWorlds.Maps.Areas.Evolving.FloatingArea[], 1.00x1.00, False))" fullname="PlayersWorlds.Maps.Areas.Evolving.FloatingAreaTest.DistanceTo((PlayersWorlds.Maps.Areas.Evolving.FloatingArea[], 1.00x1.00, False))" methodname="DistanceTo" classname="PlayersWorlds.Maps.Areas.Evolving.FloatingAreaTest" runstate="Runnable" seed="315581190" result="Passed" start-time="2024-06-19T14:44:58.5119860Z" end-time="2024-06-19T14:44:58.5120030Z" duration="0.000018" asserts="2" />
                </test-suite>
                <test-case id="1-2069" name="DistanceToDebug" fullname="PlayersWorlds.Maps.Areas.Evolving.FloatingAreaTest.DistanceToDebug" methodname="DistanceToDebug" classname="PlayersWorlds.Maps.Areas.Evolving.FloatingAreaTest" runstate="Runnable" seed="710462980" result="Passed" start-time="2024-06-19T14:44:58.5120180Z" end-time="2024-06-19T14:44:58.5123650Z" duration="0.000347" asserts="2" />
                <test-case id="1-2049" name="Overlaps" fullname="PlayersWorlds.Maps.Areas.Evolving.FloatingAreaTest.Overlaps" methodname="Overlaps" classname="PlayersWorlds.Maps.Areas.Evolving.FloatingAreaTest" runstate="Runnable" seed="1494690790" result="Passed" start-time="2024-06-19T14:44:58.5123740Z" end-time="2024-06-19T14:44:58.5160470Z" duration="0.003673" asserts="2" />
                <test-case id="1-2047" name="Parse" fullname="PlayersWorlds.Maps.Areas.Evolving.FloatingAreaTest.Parse" methodname="Parse" classname="PlayersWorlds.Maps.Areas.Evolving.FloatingAreaTest" runstate="Runnable" seed="1531180700" result="Passed" start-time="2024-06-19T14:44:58.5160570Z" end-time="2024-06-19T14:44:58.5162530Z" duration="0.000196" asserts="2" />
                <test-case id="1-2048" name="ToStringIsValid" fullname="PlayersWorlds.Maps.Areas.Evolving.FloatingAreaTest.ToStringIsValid" methodname="ToStringIsValid" classname="PlayersWorlds.Maps.Areas.Evolving.FloatingAreaTest" runstate="Runnable" seed="1975621102" result="Passed" start-time="2024-06-19T14:44:58.5162620Z" end-time="2024-06-19T14:44:58.5164800Z" duration="0.000218" asserts="1" />
              </test-suite>
            </test-suite>
            <test-suite type="TestFixture" id="1-1945" name="MapAreaTest" fullname="PlayersWorlds.Maps.Areas.MapAreaTest" classname="PlayersWorlds.Maps.Areas.MapAreaTest" runstate="Runnable" testcasecount="9" result="Passed" start-time="2024-06-19T14:44:58.5165270Z" end-time="2024-06-19T14:44:58.5354620Z" duration="0.018935" total="9" passed="9" failed="0" warnings="0" inconclusive="0" skipped="0" asserts="31">
              <test-case id="1-1953" name="BakeCreatesLinks" fullname="PlayersWorlds.Maps.Areas.MapAreaTest.BakeCreatesLinks" methodname="BakeCreatesLinks" classname="PlayersWorlds.Maps.Areas.MapAreaTest" runstate="Runnable" seed="1692147893" result="Passed" start-time="2024-06-19T14:44:58.5166100Z" end-time="2024-06-19T14:44:58.5190610Z" duration="0.002452" asserts="1" />
              <test-case id="1-1952" name="BakeCreatesNeighbors" fullname="PlayersWorlds.Maps.Areas.MapAreaTest.BakeCreatesNeighbors" methodname="BakeCreatesNeighbors" classname="PlayersWorlds.Maps.Areas.MapAreaTest" runstate="Runnable" seed="557744895" result="Passed" start-time="2024-06-19T14:44:58.5190700Z" end-time="2024-06-19T14:44:58.5193650Z" duration="0.000295" asserts="1" />
              <test-case id="1-1954" name="BakeCreatesProperLinks" fullname="PlayersWorlds.Maps.Areas.MapAreaTest.BakeCreatesProperLinks" methodname="BakeCreatesProperLinks" classname="PlayersWorlds.Maps.Areas.MapAreaTest" runstate="Runnable" seed="1626432632" result="Passed" start-time="2024-06-19T14:44:58.5193730Z" end-time="2024-06-19T14:44:58.5202430Z" duration="0.000871" asserts="2" />
              <test-case id="1-1948" name="Overlaps_ReturnsFalseIfDoesNotOverlap" fullname="PlayersWorlds.Maps.Areas.MapAreaTest.Overlaps_ReturnsFalseIfDoesNotOverlap" methodname="Overlaps_ReturnsFalseIfDoesNotOverlap" classname="PlayersWorlds.Maps.Areas.MapAreaTest" runstate="Runnable" seed="1842014534" result="Passed" start-time="2024-06-19T14:44:58.5202520Z" end-time="2024-06-19T14:44:58.5252520Z" duration="0.005000" asserts="15" />
              <test-case id="1-1947" name="Overlaps_ReturnsTrueIfOverlaps" fullname="PlayersWorlds.Maps.Areas.MapAreaTest.Overlaps_ReturnsTrueIfOverlaps" methodname="Overlaps_ReturnsTrueIfOverlaps" classname="PlayersWorlds.Maps.Areas.MapAreaTest" runstate="Runnable" seed="1499741767" result="Passed" start-time="2024-06-19T14:44:58.5252600Z" end-time="2024-06-19T14:44:58.5282860Z" duration="0.003026" asserts="7" />
              <test-case id="1-1946" name="Overlaps_ThrowsIfSame" fullname="PlayersWorlds.Maps.Areas.MapAreaTest.Overlaps_ThrowsIfSame" methodname="Overlaps_ThrowsIfSame" classname="PlayersWorlds.Maps.Areas.MapAreaTest" runstate="Runnable" seed="31684055" result="Passed" start-time="2024-06-19T14:44:58.5282940Z" end-time="2024-06-19T14:44:58.5310380Z" duration="0.002744" asserts="2" />
              <test-case id="1-1950" name="Position_DoesNotThrowIfInitialized" fullname="PlayersWorlds.Maps.Areas.MapAreaTest.Position_DoesNotThrowIfInitialized" methodname="Position_DoesNotThrowIfInitialized" classname="PlayersWorlds.Maps.Areas.MapAreaTest" runstate="Runnable" seed="93846723" result="Passed" start-time="2024-06-19T14:44:58.5310500Z" end-time="2024-06-19T14:44:58.5322430Z" duration="0.001194" asserts="1" />
              <test-case id="1-1949" name="Position_UnpositionedThrowsIfNotInitialized" fullname="PlayersWorlds.Maps.Areas.MapAreaTest.Position_UnpositionedThrowsIfNotInitialized" methodname="Position_UnpositionedThrowsIfNotInitialized" classname="PlayersWorlds.Maps.Areas.MapAreaTest" runstate="Runnable" seed="1263814293" result="Passed" start-time="2024-06-19T14:44:58.5322560Z" end-time="2024-06-19T14:44:58.5349860Z" duration="0.002730" asserts="1" />
              <test-case id="1-1951" name="ThrowsIfWrongParameters" fullname="PlayersWorlds.Maps.Areas.MapAreaTest.ThrowsIfWrongParameters" methodname="ThrowsIfWrongParameters" classname="PlayersWorlds.Maps.Areas.MapAreaTest" runstate="Runnable" seed="503131894" result="Passed" start-time="2024-06-19T14:44:58.5349970Z" end-time="2024-06-19T14:44:58.5354500Z" duration="0.000453" asserts="1" />
            </test-suite>
          </test-suite>
          <test-suite type="TestFixture" id="1-1004" name="AssemblyInfoTest" fullname="PlayersWorlds.Maps.AssemblyInfoTest" classname="PlayersWorlds.Maps.AssemblyInfoTest" runstate="Runnable" testcasecount="2" result="Passed" start-time="2024-06-19T14:44:58.5354820Z" end-time="2024-06-19T14:44:58.5363000Z" duration="0.000819" total="2" passed="2" failed="0" warnings="0" inconclusive="0" skipped="0" asserts="4">
            <test-case id="1-1006" name="TestAssemblyCompany" fullname="PlayersWorlds.Maps.AssemblyInfoTest.TestAssemblyCompany" methodname="TestAssemblyCompany" classname="PlayersWorlds.Maps.AssemblyInfoTest" runstate="Runnable" seed="865946660" result="Passed" start-time="2024-06-19T14:44:58.5355490Z" end-time="2024-06-19T14:44:58.5360120Z" duration="0.000463" asserts="2" />
            <test-case id="1-1005" name="TestAssemblyTitle" fullname="PlayersWorlds.Maps.AssemblyInfoTest.TestAssemblyTitle" methodname="TestAssemblyTitle" classname="PlayersWorlds.Maps.AssemblyInfoTest" runstate="Runnable" seed="979743431" result="Passed" start-time="2024-06-19T14:44:58.5360200Z" end-time="2024-06-19T14:44:58.5362890Z" duration="0.000270" asserts="2" />
          </test-suite>
          <test-suite type="TestFixture" id="1-1007" name="CellTest" fullname="PlayersWorlds.Maps.CellTest" classname="PlayersWorlds.Maps.CellTest" runstate="Runnable" testcasecount="2" result="Passed" start-time="2024-06-19T14:44:58.5363130Z" end-time="2024-06-19T14:44:58.5379330Z" duration="0.001620" total="2" passed="2" failed="0" warnings="0" inconclusive="0" skipped="0" asserts="4">
            <test-case id="1-1008" name="CellTagEqualityTest" fullname="PlayersWorlds.Maps.CellTest.CellTagEqualityTest" methodname="CellTagEqualityTest" classname="PlayersWorlds.Maps.CellTest" runstate="Runnable" seed="1053695918" result="Passed" start-time="2024-06-19T14:44:58.5363760Z" end-time="2024-06-19T14:44:58.5367570Z" duration="0.000381" asserts="3" />
[...]
              <test-case id="1-1134" name="CanDeserializeEmptyCell" fullname="PlayersWorlds.Maps.Serializer.CellSerializerTest.CanDeserializeEmptyCell" methodname="CanDeserializeEmptyCell" classname="PlayersWorlds.Maps.Serializer.CellSerializerTest" runstate="Runnable" seed="211032121" result="Passed" start-time="2024-06-19T14:46:13.8209880Z" end-time="2024-06-19T14:46:13.8211000Z" duration="0.000112" asserts="3" />
              <test-case id="1-1135" name="CanSerializeCellWithLinks" fullname="PlayersWorlds.Maps.Serializer.CellSerializerTest.CanSerializeCellWithLinks" methodname="CanSerializeCellWithLinks" classname="PlayersWorlds.Maps.Serializer.CellSerializerTest" runstate="Runnable" seed="928575521" result="Passed" start-time="2024-06-19T14:46:13.8211070Z" end-time="2024-06-19T14:46:13.8216120Z" duration="0.000505" asserts="1" />
              <test-case id="1-1139" name="CanSerializeCellWithLinksAndTags" fullname="PlayersWorlds.Maps.Serializer.CellSerializerTest.CanSerializeCellWithLinksAndTags" methodname="CanSerializeCellWithLinksAndTags" classname="PlayersWorlds.Maps.Serializer.CellSerializerTest" runstate="Runnable" seed="1455181167" result="Passed" start-time="2024-06-19T14:46:13.8216190Z" end-time="2024-06-19T14:46:13.8221220Z" duration="0.000503" asserts="1" />
              <test-case id="1-1137" name="CanSerializeCellWithTags" fullname="PlayersWorlds.Maps.Serializer.CellSerializerTest.CanSerializeCellWithTags" methodname="CanSerializeCellWithTags" classname="PlayersWorlds.Maps.Serializer.CellSerializerTest" runstate="Runnable" seed="93468994" result="Passed" start-time="2024-06-19T14:46:13.8221290Z" end-time="2024-06-19T14:46:13.8225710Z" duration="0.000442" asserts="1" />
              <test-case id="1-1133" name="CanSerializeEmptyCell" fullname="PlayersWorlds.Maps.Serializer.CellSerializerTest.CanSerializeEmptyCell" methodname="CanSerializeEmptyCell" classname="PlayersWorlds.Maps.Serializer.CellSerializerTest" runstate="Runnable" seed="343578533" result="Passed" start-time="2024-06-19T14:46:13.8225780Z" end-time="2024-06-19T14:46:13.8229490Z" duration="0.000370" asserts="1" />
            </test-suite>
          </test-suite>
          <test-suite type="TestFixture" id="1-1062" name="VectorDTest" fullname="PlayersWorlds.Maps.VectorDTest" classname="PlayersWorlds.Maps.VectorDTest" runstate="Runnable" testcasecount="11" result="Passed" start-time="2024-06-19T14:46:13.8229750Z" end-time="2024-06-19T14:46:13.8262740Z" duration="0.003299" total="11" passed="11" failed="0" warnings="0" inconclusive="0" skipped="0" asserts="33">
            <test-case id="1-1070" name="CanAddAndSubtract" fullname="PlayersWorlds.Maps.VectorDTest.CanAddAndSubtract" methodname="CanAddAndSubtract" classname="PlayersWorlds.Maps.VectorDTest" runstate="Runnable" seed="2128868405" result="Passed" start-time="2024-06-19T14:46:13.8230320Z" end-time="2024-06-19T14:46:13.8233520Z" duration="0.000321" asserts="5" />
            <test-case id="1-1071" name="ConstructorChecksArguments" fullname="PlayersWorlds.Maps.VectorDTest.ConstructorChecksArguments" methodname="ConstructorChecksArguments" classname="PlayersWorlds.Maps.VectorDTest" runstate="Runnable" seed="1762135335" result="Passed" start-time="2024-06-19T14:46:13.8233600Z" end-time="2024-06-19T14:46:13.8234740Z" duration="0.000114" asserts="1" />
            <test-case id="1-1064" name="EqualityIsCheckedByValue" fullname="PlayersWorlds.Maps.VectorDTest.EqualityIsCheckedByValue" methodname="EqualityIsCheckedByValue" classname="PlayersWorlds.Maps.VectorDTest" runstate="Runnable" seed="1309442866" result="Passed" start-time="2024-06-19T14:46:13.8234810Z" end-time="2024-06-19T14:46:13.8236900Z" duration="0.000209" asserts="4" />
            <test-case id="1-1065" name="GetHashCodeIsDerivedFromValue" fullname="PlayersWorlds.Maps.VectorDTest.GetHashCodeIsDerivedFromValue" methodname="GetHashCodeIsDerivedFromValue" classname="PlayersWorlds.Maps.VectorDTest" runstate="Runnable" seed="630311892" result="Passed" start-time="2024-06-19T14:46:13.8236970Z" end-time="2024-06-19T14:46:13.8237790Z" duration="0.000082" asserts="1" />
            <test-case id="1-1068" name="InitializedAsNull" fullname="PlayersWorlds.Maps.VectorDTest.InitializedAsNull" methodname="InitializedAsNull" classname="PlayersWorlds.Maps.VectorDTest" runstate="Runnable" seed="631010429" result="Passed" start-time="2024-06-19T14:46:13.8237860Z" end-time="2024-06-19T14:46:13.8238900Z" duration="0.000104" asserts="1" />
            <test-case id="1-1067" name="InitializedEmpty" fullname="PlayersWorlds.Maps.VectorDTest.InitializedEmpty" methodname="InitializedEmpty" classname="PlayersWorlds.Maps.VectorDTest" runstate="Runnable" seed="1216281310" result="Passed" start-time="2024-06-19T14:46:13.8238960Z" end-time="2024-06-19T14:46:13.8241550Z" duration="0.000258" asserts="4" />
            <test-case id="1-1063" name="IsInitialized" fullname="PlayersWorlds.Maps.VectorDTest.IsInitialized" methodname="IsInitialized" classname="PlayersWorlds.Maps.VectorDTest" runstate="Runnable" seed="384574364" result="Passed" start-time="2024-06-19T14:46:13.8241620Z" end-time="2024-06-19T14:46:13.8246350Z" duration="0.000473" asserts="2" />
            <test-case id="1-1069" name="IsZero" fullname="PlayersWorlds.Maps.VectorDTest.IsZero" methodname="IsZero" classname="PlayersWorlds.Maps.VectorDTest" runstate="Runnable" seed="941658577" result="Passed" start-time="2024-06-19T14:46:13.8246420Z" end-time="2024-06-19T14:46:13.8247600Z" duration="0.000118" asserts="3" />
            <test-case id="1-1072" name="SnappedForce" fullname="PlayersWorlds.Maps.VectorDTest.SnappedForce" methodname="SnappedForce" classname="PlayersWorlds.Maps.VectorDTest" runstate="Runnable" seed="864823552" result="Passed" start-time="2024-06-19T14:46:13.8247670Z" end-time="2024-06-19T14:46:13.8257460Z" duration="0.000979" asserts="9" />
            <test-case id="1-1066" name="ToStringFormat" fullname="PlayersWorlds.Maps.VectorDTest.ToStringFormat" methodname="ToStringFormat" classname="PlayersWorlds.Maps.VectorDTest" runstate="Runnable" seed="234956935" result="Passed" start-time="2024-06-19T14:46:13.8257530Z" end-time="2024-06-19T14:46:13.8258390Z" duration="0.000086" asserts="1" />
            <test-case id="1-1073" name="VectorD_Parse" fullname="PlayersWorlds.Maps.VectorDTest.VectorD_Parse" methodname="VectorD_Parse" classname="PlayersWorlds.Maps.VectorDTest" runstate="Runnable" seed="1291820168" result="Passed" start-time="2024-06-19T14:46:13.8258460Z" end-time="2024-06-19T14:46:13.8262640Z" duration="0.000418" asserts="2" />
          </test-suite>
          <test-suite type="TestFixture" id="1-1074" name="VectorTest" fullname="PlayersWorlds.Maps.VectorTest" classname="PlayersWorlds.Maps.VectorTest" runstate="Runnable" testcasecount="29" result="Passed" start-time="2024-06-19T14:46:13.8262850Z" end-time="2024-06-19T14:46:13.8340370Z" duration="0.007751" total="29" passed="29" failed="0" warnings="0" inconclusive="0" skipped="0" asserts="229">
            <test-case id="1-1091" name="FitsInto" fullname="PlayersWorlds.Maps.VectorTest.FitsInto" methodname="FitsInto" classname="PlayersWorlds.Maps.VectorTest" runstate="Runnable" seed="468456036" result="Passed" start-time="2024-06-19T14:46:13.8263410Z" end-time="2024-06-19T14:46:13.8264850Z" duration="0.000144" asserts="3" />
            <test-case id="1-1094" name="FromIndex_Matches_FromIndex" fullname="PlayersWorlds.Maps.VectorTest.FromIndex_Matches_FromIndex" methodname="FromIndex_Matches_FromIndex" classname="PlayersWorlds.Maps.VectorTest" runstate="Runnable" seed="1113848957" result="Passed" start-time="2024-06-19T14:46:13.8264920Z" end-time="2024-06-19T14:46:13.8265960Z" duration="0.000104" asserts="1" />
            <test-case id="1-1102" name="FromIndex_ShouldThrowException_DimensionMismatch" fullname="PlayersWorlds.Maps.VectorTest.FromIndex_ShouldThrowException_DimensionMismatch" methodname="FromIndex_ShouldThrowException_DimensionMismatch" classname="PlayersWorlds.Maps.VectorTest" runstate="Runnable" seed="1837207063" result="Passed" start-time="2024-06-19T14:46:13.8266030Z" end-time="2024-06-19T14:46:13.8269810Z" duration="0.000378" asserts="1" />
            <test-case id="1-1092" name="IsIn" fullname="PlayersWorlds.Maps.VectorTest.IsIn" methodname="IsIn" classname="PlayersWorlds.Maps.VectorTest" runstate="Runnable" seed="1166147898" result="Passed" start-time="2024-06-19T14:46:13.8269890Z" end-time="2024-06-19T14:46:13.8280960Z" duration="0.001108" asserts="7" />
            <test-case id="1-1103" name="NorthEastComparer_ComparesCorrectly" fullname="PlayersWorlds.Maps.VectorTest.NorthEastComparer_ComparesCorrectly" methodname="NorthEastComparer_ComparesCorrectly" classname="PlayersWorlds.Maps.VectorTest" runstate="Runnable" seed="705759609" result="Passed" start-time="2024-06-19T14:46:13.8281040Z" end-time="2024-06-19T14:46:13.8288340Z" duration="0.000730" asserts="1" />
            <test-case id="1-1076" name="Size_NotInitialized" fullname="PlayersWorlds.Maps.VectorTest.Size_NotInitialized" methodname="Size_NotInitialized" classname="PlayersWorlds.Maps.VectorTest" runstate="Runnable" seed="1600280848" result="Passed" start-time="2024-06-19T14:46:13.8288430Z" end-time="2024-06-19T14:46:13.8290310Z" duration="0.000188" asserts="2" />
            <test-case id="1-1098" name="ToIndex_FromIndex_RoundTripConversion" fullname="PlayersWorlds.Maps.VectorTest.ToIndex_FromIndex_RoundTripConversion" methodname="ToIndex_FromIndex_RoundTripConversion" classname="PlayersWorlds.Maps.VectorTest" runstate="Runnable" seed="901790881" result="Passed" start-time="2024-06-19T14:46:13.8290380Z" end-time="2024-06-19T14:46:13.8297400Z" duration="0.000702" asserts="150" />
            <test-case id="1-1099" name="ToIndex_FromIndex_Valid5D" fullname="PlayersWorlds.Maps.VectorTest.ToIndex_FromIndex_Valid5D" methodname="ToIndex_FromIndex_Valid5D" classname="PlayersWorlds.Maps.VectorTest" runstate="Runnable" seed="971790170" result="Passed" start-time="2024-06-19T14:46:13.8297470Z" end-time="2024-06-19T14:46:13.8300620Z" duration="0.000314" asserts="13" />
            <test-case id="1-1093" name="ToIndex_Matches_ToIndex" fullname="PlayersWorlds.Maps.VectorTest.ToIndex_Matches_ToIndex" methodname="ToIndex_Matches_ToIndex" classname="PlayersWorlds.Maps.VectorTest" runstate="Runnable" seed="589626590" result="Passed" start-time="2024-06-19T14:46:13.8300700Z" end-time="2024-06-19T14:46:13.8301690Z" duration="0.000099" asserts="1" />
            <test-case id="1-1095" name="ToIndex_ShouldCalculateCorrectIndex_1D" fullname="PlayersWorlds.Maps.VectorTest.ToIndex_ShouldCalculateCorrectIndex_1D" methodname="ToIndex_ShouldCalculateCorrectIndex_1D" classname="PlayersWorlds.Maps.VectorTest" runstate="Runnable" seed="1693620595" result="Passed" start-time="2024-06-19T14:46:13.8301750Z" end-time="2024-06-19T14:46:13.8305450Z" duration="0.000370" asserts="2" />
            <test-case id="1-1096" name="ToIndex_ShouldCalculateCorrectIndex_2D" fullname="PlayersWorlds.Maps.VectorTest.ToIndex_ShouldCalculateCorrectIndex_2D" methodname="ToIndex_ShouldCalculateCorrectIndex_2D" classname="PlayersWorlds.Maps.VectorTest" runstate="Runnable" seed="931055804" result="Passed" start-time="2024-06-19T14:46:13.8305520Z" end-time="2024-06-19T14:46:13.8306540Z" duration="0.000102" asserts="2" />
            <test-case id="1-1097" name="ToIndex_ShouldCalculateCorrectIndex_3D" fullname="PlayersWorlds.Maps.VectorTest.ToIndex_ShouldCalculateCorrectIndex_3D" methodname="ToIndex_ShouldCalculateCorrectIndex_3D" classname="PlayersWorlds.Maps.VectorTest" runstate="Runnable" seed="1021245902" result="Passed" start-time="2024-06-19T14:46:13.8306600Z" end-time="2024-06-19T14:46:13.8307580Z" duration="0.000098" asserts="2" />
            <test-case id="1-1101" name="ToIndex_ShouldThrowException_DimensionMismatch" fullname="PlayersWorlds.Maps.VectorTest.ToIndex_ShouldThrowException_DimensionMismatch" methodname="ToIndex_ShouldThrowException_DimensionMismatch" classname="PlayersWorlds.Maps.VectorTest" runstate="Runnable" seed="1817264145" result="Passed" start-time="2024-06-19T14:46:13.8307650Z" end-time="2024-06-19T14:46:13.8312600Z" duration="0.000495" asserts="1" />
            <test-case id="1-1100" name="ToIndex_ShouldThrowException_DimensionOverflow" fullname="PlayersWorlds.Maps.VectorTest.ToIndex_ShouldThrowException_DimensionOverflow" methodname="ToIndex_ShouldThrowException_DimensionOverflow" classname="PlayersWorlds.Maps.VectorTest" runstate="Runnable" seed="788805722" result="Passed" start-time="2024-06-19T14:46:13.8312670Z" end-time="2024-06-19T14:46:13.8314590Z" duration="0.000192" asserts="1" />
            <test-case id="1-1084" name="Vector_CanAddAndSubtract" fullname="PlayersWorlds.Maps.VectorTest.Vector_CanAddAndSubtract" methodname="Vector_CanAddAndSubtract" classname="PlayersWorlds.Maps.VectorTest" runstate="Runnable" seed="1034151569" result="Passed" start-time="2024-06-19T14:46:13.8314660Z" end-time="2024-06-19T14:46:13.8318400Z" duration="0.000374" asserts="6" />
            <test-case id="1-1085" name="Vector_ConstructorChecksArguments" fullname="PlayersWorlds.Maps.VectorTest.Vector_ConstructorChecksArguments" methodname="Vector_ConstructorChecksArguments" classname="PlayersWorlds.Maps.VectorTest" runstate="Runnable" seed="478741102" result="Passed" start-time="2024-06-19T14:46:13.8318470Z" end-time="2024-06-19T14:46:13.8319440Z" duration="0.000097" asserts="1" />
            <test-case id="1-1082" name="Vector_EmptyIsEmpty" fullname="PlayersWorlds.Maps.VectorTest.Vector_EmptyIsEmpty" methodname="Vector_EmptyIsEmpty" classname="PlayersWorlds.Maps.VectorTest" runstate="Runnable" seed="202457064" result="Passed" start-time="2024-06-19T14:46:13.8319500Z" end-time="2024-06-19T14:46:13.8320190Z" duration="0.000069" asserts="1" />
            <test-case id="1-1081" name="Vector_EmptyVectorIsEmpty" fullname="PlayersWorlds.Maps.VectorTest.Vector_EmptyVectorIsEmpty" methodname="Vector_EmptyVectorIsEmpty" classname="PlayersWorlds.Maps.VectorTest" runstate="Runnable" seed="639189423" result="Passed" start-time="2024-06-19T14:46:13.8320260Z" end-time="2024-06-19T14:46:13.8320930Z" duration="0.000067" asserts="1" />
            <test-case id="1-1077" name="Vector_EqualityIsCheckedByValue" fullname="PlayersWorlds.Maps.VectorTest.Vector_EqualityIsCheckedByValue" methodname="Vector_EqualityIsCheckedByValue" classname="PlayersWorlds.Maps.VectorTest" runstate="Runnable" seed="680703524" result="Passed" start-time="2024-06-19T14:46:13.8321000Z" end-time="2024-06-19T14:46:13.8323020Z" duration="0.000202" asserts="5" />
            <test-case id="1-1089" name="Vector_FromIndex" fullname="PlayersWorlds.Maps.VectorTest.Vector_FromIndex" methodname="Vector_FromIndex" classname="PlayersWorlds.Maps.VectorTest" runstate="Runnable" seed="1525925504" result="Passed" start-time="2024-06-19T14:46:13.8323090Z" end-time="2024-06-19T14:46:13.8324240Z" duration="0.000115" asserts="2" />
            <test-case id="1-1078" name="Vector_GetHashCodeIsDerivedFromValue" fullname="PlayersWorlds.Maps.VectorTest.Vector_GetHashCodeIsDerivedFromValue" methodname="Vector_GetHashCodeIsDerivedFromValue" classname="PlayersWorlds.Maps.VectorTest" runstate="Runnable" seed="1082256261" result="Passed" start-time="2024-06-19T14:46:13.8324310Z" end-time="2024-06-19T14:46:13.8326340Z" duration="0.000203" asserts="2" />
            <test-case id="1-1075" name="Vector_IsInitialized" fullname="PlayersWorlds.Maps.VectorTest.Vector_IsInitialized" methodname="Vector_IsInitialized" classname="PlayersWorlds.Maps.VectorTest" runstate="Runnable" seed="1702890514" result="Passed" start-time="2024-06-19T14:46:13.8326410Z" end-time="2024-06-19T14:46:13.8327210Z" duration="0.000080" asserts="2" />
            <test-case id="1-1083" name="Vector_NotEqualToNull" fullname="PlayersWorlds.Maps.VectorTest.Vector_NotEqualToNull" methodname="Vector_NotEqualToNull" classname="PlayersWorlds.Maps.VectorTest" runstate="Runnable" seed="1635613376" result="Passed" start-time="2024-06-19T14:46:13.8327280Z" end-time="2024-06-19T14:46:13.8329250Z" duration="0.000197" asserts="3" />
            <test-case id="1-1087" name="Vector_SnappedForce" fullname="PlayersWorlds.Maps.VectorTest.Vector_SnappedForce" methodname="Vector_SnappedForce" classname="PlayersWorlds.Maps.VectorTest" runstate="Runnable" seed="197249795" result="Passed" start-time="2024-06-19T14:46:13.8329320Z" end-time="2024-06-19T14:46:13.8333150Z" duration="0.000383" asserts="9" />
            <test-case id="1-1086" name="Vector_ThrowsIfNotAValidSize" fullname="PlayersWorlds.Maps.VectorTest.Vector_ThrowsIfNotAValidSize" methodname="Vector_ThrowsIfNotAValidSize" classname="PlayersWorlds.Maps.VectorTest" runstate="Runnable" seed="994700281" result="Passed" start-time="2024-06-19T14:46:13.8333230Z" end-time="2024-06-19T14:46:13.8335600Z" duration="0.000237" asserts="3" />
            <test-case id="1-1088" name="Vector_ToIndex" fullname="PlayersWorlds.Maps.VectorTest.Vector_ToIndex" methodname="Vector_ToIndex" classname="PlayersWorlds.Maps.VectorTest" runstate="Runnable" seed="2058730932" result="Passed" start-time="2024-06-19T14:46:13.8335670Z" end-time="2024-06-19T14:46:13.8337460Z" duration="0.000179" asserts="3" />
            <test-case id="1-1079" name="Vector_ToStringFormat" fullname="PlayersWorlds.Maps.VectorTest.Vector_ToStringFormat" methodname="Vector_ToStringFormat" classname="PlayersWorlds.Maps.VectorTest" runstate="Runnable" seed="1259550171" result="Passed" start-time="2024-06-19T14:46:13.8337530Z" end-time="2024-06-19T14:46:13.8338440Z" duration="0.000091" asserts="2" />
            <test-case id="1-1080" name="Vector_ZeroVectorIsNotEmpty" fullname="PlayersWorlds.Maps.VectorTest.Vector_ZeroVectorIsNotEmpty" methodname="Vector_ZeroVectorIsNotEmpty" classname="PlayersWorlds.Maps.VectorTest" runstate="Runnable" seed="1480008221" result="Passed" start-time="2024-06-19T14:46:13.8338510Z" end-time="2024-06-19T14:46:13.8339360Z" duration="0.000085" asserts="1" />
            <test-case id="1-1090" name="VectorD_Parse" fullname="PlayersWorlds.Maps.VectorTest.VectorD_Parse" methodname="VectorD_Parse" classname="PlayersWorlds.Maps.VectorTest" runstate="Runnable" seed="1328974625" result="Passed" start-time="2024-06-19T14:46:13.8339420Z" end-time="2024-06-19T14:46:13.8340260Z" duration="0.000084" asserts="1" />
          </test-suite>
        </test-suite>
      </test-suite>
      <test-suite type="TestFixture" id="1-1000" name="RandomAreaGeneratorTest" fullname="RandomAreaGeneratorTest" classname="RandomAreaGeneratorTest" runstate="Runnable" testcasecount="2" result="Passed" start-time="2024-06-19T14:46:13.8340590Z" end-time="2024-06-19T14:46:13.9711740Z" duration="0.137115" total="2" passed="2" failed="0" warnings="0" inconclusive="0" skipped="0" asserts="3042">
        <test-case id="1-1001" name="ZoneGenerator_CanGenerateZones" fullname="RandomAreaGeneratorTest.ZoneGenerator_CanGenerateZones" methodname="ZoneGenerator_CanGenerateZones" classname="RandomAreaGeneratorTest" runstate="Runnable" seed="839201673" result="Passed" start-time="2024-06-19T14:46:13.8341140Z" end-time="2024-06-19T14:46:13.9703470Z" duration="0.136233" asserts="3006">
          <properties>
            <property name="Category" value="Integration" />
          </properties>
        </test-case>
        <test-case id="1-1002" name="ZoneGenerator_CustomSettings" fullname="RandomAreaGeneratorTest.ZoneGenerator_CustomSettings" methodname="ZoneGenerator_CustomSettings" classname="RandomAreaGeneratorTest" runstate="Runnable" seed="1743045477" result="Passed" start-time="2024-06-19T14:46:13.9703590Z" end-time="2024-06-19T14:46:13.9711600Z" duration="0.000801" asserts="36">
          <properties>
            <property name="Category" value="Integration" />
          </properties>
        </test-case>
      </test-suite>
    </test-suite>
  </test-suite>
</test-run>