<?xml version="1.0" encoding="utf-8" standalone="no"?>
<test-run id="0" runstate="Runnable" testcasecount="1021" result="Skipped" label="Ignored" total="211" passed="209" failed="0" warnings="0" inconclusive="0" skipped="2" asserts="8954" engine-version="3.17.0.0" clr-version="4.0.30319.42000" start-time="2024-06-27 14:28:44Z" end-time="2024-06-27 14:28:46Z" duration="1.383525">
  <command-line><![CDATA[/home/data/repos/github.com/aynurin/maze-gen/packages/NUnit.ConsoleRunner.3.17.0/tools/nunit3-console.exe build/Debug/tests/PlayersWorlds.Maps.Tests.dll --framework=mono-4.0 "--where=Category!=Load AND Category!=Integration"]]></command-line>
  <filter>
    <and>
      <not>
        <prop name="Category">Load</prop>
      </not>
      <not>
        <prop name="Category">Integration</prop>
      </not>
    </and>
  </filter>
  <test-suite type="Assembly" id="1-2070" name="PlayersWorlds.Maps.Tests.dll" fullname="/home/data/repos/github.com/aynurin/maze-gen/build/Debug/tests/PlayersWorlds.Maps.Tests.dll" runstate="Runnable" testcasecount="1021" result="Skipped" label="Ignored" site="Child" start-time="2024-06-27T14:28:45.2010010Z" end-time="2024-06-27T14:28:46.1199850Z" duration="0.918917" total="211" passed="209" failed="0" warnings="0" inconclusive="0" skipped="2" asserts="8954">
    <environment framework-version="4.0.1.0" clr-version="4.0.30319.42000" os-version="Unix 6.1.84.1" platform="Unix" cwd="/home/data/repos/github.com/aynurin/maze-gen" machine-name="lightview" user="shav" user-domain="lightview" culture="en-US" uiculture="en-US" os-architecture="x64" />
    <settings>
      <setting name="RequestedRuntimeFramework" value="mono-4.0" />
      <setting name="DisposeRunners" value="True" />
      <setting name="WorkDirectory" value="/home/data/repos/github.com/aynurin/maze-gen" />
      <setting name="ImageRuntimeVersion" value="4.0.30319" />
      <setting name="ImageTargetFrameworkName" value=".NETFramework,Version=v4.7" />
      <setting name="ImageRequiresX86" value="False" />
      <setting name="ImageRequiresDefaultAppDomainAssemblyResolver" value="False" />
      <setting name="TargetRuntimeFramework" value="mono-4.0" />
      <setting name="NumberOfTestWorkers" value="24" />
    </settings>
    <properties>
      <property name="_PID" value="3428634" />
      <property name="_APPDOMAIN" value="domain-" />
    </properties>
    <reason>
      <message><![CDATA[One or more child tests were ignored]]></message>
    </reason>
    <test-suite type="SetUpFixture" id="1-1003" name="[default namespace]" fullname="TestsSetup" classname="TestsSetup" runstate="Runnable" testcasecount="1021" result="Skipped" label="Ignored" site="Child" start-time="2024-06-27T14:28:45.2060890Z" end-time="2024-06-27T14:28:46.1199750Z" duration="0.913887" total="211" passed="209" failed="0" warnings="0" inconclusive="0" skipped="2" asserts="8954">
      <reason>
        <message><![CDATA[One or more child tests were ignored]]></message>
      </reason>
      <test-suite type="TestSuite" id="1-2071" name="PlayersWorlds" fullname="PlayersWorlds" runstate="Runnable" testcasecount="1019" result="Skipped" label="Ignored" site="Child" start-time="2024-06-27T14:28:45.2090930Z" end-time="2024-06-27T14:28:46.1198170Z" duration="0.910724" total="211" passed="209" failed="0" warnings="0" inconclusive="0" skipped="2" asserts="8954">
        <reason>
          <message><![CDATA[One or more child tests were ignored]]></message>
        </reason>
        <test-suite type="TestSuite" id="1-2072" name="Maps" fullname="PlayersWorlds.Maps" runstate="Runnable" testcasecount="1019" result="Skipped" label="Ignored" site="Child" start-time="2024-06-27T14:28:45.2091490Z" end-time="2024-06-27T14:28:46.1198120Z" duration="0.910663" total="211" passed="209" failed="0" warnings="0" inconclusive="0" skipped="2" asserts="8954">
          <reason>
            <message><![CDATA[One or more child tests were ignored]]></message>
          </reason>
          <test-suite type="TestSuite" id="1-2078" name="Areas" fullname="PlayersWorlds.Maps.Areas" runstate="Runnable" testcasecount="114" result="Passed" start-time="2024-06-27T14:28:45.2091580Z" end-time="2024-06-27T14:28:45.3754810Z" duration="0.166324" total="17" passed="17" failed="0" warnings="0" inconclusive="0" skipped="0" asserts="46">
            <test-suite type="TestSuite" id="1-2079" name="Evolving" fullname="PlayersWorlds.Maps.Areas.Evolving" runstate="Runnable" testcasecount="105" result="Passed" start-time="2024-06-27T14:28:45.2091620Z" end-time="2024-06-27T14:28:45.3582280Z" duration="0.149066" total="8" passed="8" failed="0" warnings="0" inconclusive="0" skipped="0" asserts="15">
              <test-suite type="TestFixture" id="1-2043" name="EvolvingSimulatorTest" fullname="PlayersWorlds.Maps.Areas.Evolving.EvolvingSimulatorTest" classname="PlayersWorlds.Maps.Areas.Evolving.EvolvingSimulatorTest" runstate="Runnable" testcasecount="2" result="Passed" start-time="2024-06-27T14:28:45.2092070Z" end-time="2024-06-27T14:28:45.3419040Z" duration="0.132698" total="2" passed="2" failed="0" warnings="0" inconclusive="0" skipped="0" asserts="2">
                <test-case id="1-2045" name="EvolvingSimulator_ReturnsEpochsIfEvolitionIsNotComplete" fullname="PlayersWorlds.Maps.Areas.Evolving.EvolvingSimulatorTest.EvolvingSimulator_ReturnsEpochsIfEvolitionIsNotComplete" methodname="EvolvingSimulator_ReturnsEpochsIfEvolitionIsNotComplete" classname="PlayersWorlds.Maps.Areas.Evolving.EvolvingSimulatorTest" runstate="Runnable" seed="917903918" result="Passed" start-time="2024-06-27T14:28:45.2093910Z" end-time="2024-06-27T14:28:45.3367020Z" duration="0.127382" asserts="1" />
                <test-case id="1-2044" name="EvolvingSimulator_ThrowsIfMaxEpochsIsZero" fullname="PlayersWorlds.Maps.Areas.Evolving.EvolvingSimulatorTest.EvolvingSimulator_ThrowsIfMaxEpochsIsZero" methodname="EvolvingSimulator_ThrowsIfMaxEpochsIsZero" classname="PlayersWorlds.Maps.Areas.Evolving.EvolvingSimulatorTest" runstate="Runnable" seed="2028094585" result="Passed" start-time="2024-06-27T14:28:45.3379800Z" end-time="2024-06-27T14:28:45.3406420Z" duration="0.002662" asserts="1" />
              </test-suite>
              <test-suite type="TestFixture" id="1-2046" name="FloatingAreaTest" fullname="PlayersWorlds.Maps.Areas.Evolving.FloatingAreaTest" classname="PlayersWorlds.Maps.Areas.Evolving.FloatingAreaTest" runstate="Runnable" testcasecount="22" result="Passed" start-time="2024-06-27T14:28:45.3432120Z" end-time="2024-06-27T14:28:45.3582220Z" duration="0.015010" total="6" passed="6" failed="0" warnings="0" inconclusive="0" skipped="0" asserts="13">
                <test-case id="1-2051" name="CenterIsValid" fullname="PlayersWorlds.Maps.Areas.Evolving.FloatingAreaTest.CenterIsValid" methodname="CenterIsValid" classname="PlayersWorlds.Maps.Areas.Evolving.FloatingAreaTest" runstate="Runnable" seed="1374560760" result="Passed" start-time="2024-06-27T14:28:45.3433040Z" end-time="2024-06-27T14:28:45.3492520Z" duration="0.005948" asserts="4" />
                <test-case id="1-2050" name="Contains" fullname="PlayersWorlds.Maps.Areas.Evolving.FloatingAreaTest.Contains" methodname="Contains" classname="PlayersWorlds.Maps.Areas.Evolving.FloatingAreaTest" runstate="Runnable" seed="1528963644" result="Passed" start-time="2024-06-27T14:28:45.3492620Z" end-time="2024-06-27T14:28:45.3529580Z" duration="0.003696" asserts="2" />
                <test-case id="1-2069" name="DistanceToDebug" fullname="PlayersWorlds.Maps.Areas.Evolving.FloatingAreaTest.DistanceToDebug" methodname="DistanceToDebug" classname="PlayersWorlds.Maps.Areas.Evolving.FloatingAreaTest" runstate="Runnable" seed="394745630" result="Passed" start-time="2024-06-27T14:28:45.3529690Z" end-time="2024-06-27T14:28:45.3540170Z" duration="0.001048" asserts="2" />
                <test-case id="1-2049" name="Overlaps" fullname="PlayersWorlds.Maps.Areas.Evolving.FloatingAreaTest.Overlaps" methodname="Overlaps" classname="PlayersWorlds.Maps.Areas.Evolving.FloatingAreaTest" runstate="Runnable" seed="614223720" result="Passed" start-time="2024-06-27T14:28:45.3540290Z" end-time="2024-06-27T14:28:45.3575180Z" duration="0.003490" asserts="2" />
                <test-case id="1-2047" name="Parse" fullname="PlayersWorlds.Maps.Areas.Evolving.FloatingAreaTest.Parse" methodname="Parse" classname="PlayersWorlds.Maps.Areas.Evolving.FloatingAreaTest" runstate="Runnable" seed="139760097" result="Passed" start-time="2024-06-27T14:28:45.3575640Z" end-time="2024-06-27T14:28:45.3577850Z" duration="0.000221" asserts="2" />
                <test-case id="1-2048" name="ToStringIsValid" fullname="PlayersWorlds.Maps.Areas.Evolving.FloatingAreaTest.ToStringIsValid" methodname="ToStringIsValid" classname="PlayersWorlds.Maps.Areas.Evolving.FloatingAreaTest" runstate="Runnable" seed="286066239" result="Passed" start-time="2024-06-27T14:28:45.3577950Z" end-time="2024-06-27T14:28:45.3582100Z" duration="0.000414" asserts="1" />
              </test-suite>
            </test-suite>
            <test-suite type="TestFixture" id="1-1945" name="MapAreaTest" fullname="PlayersWorlds.Maps.Areas.MapAreaTest" classname="PlayersWorlds.Maps.Areas.MapAreaTest" runstate="Runnable" testcasecount="9" result="Passed" start-time="2024-06-27T14:28:45.3582440Z" end-time="2024-06-27T14:28:45.3754750Z" duration="0.017231" total="9" passed="9" failed="0" warnings="0" inconclusive="0" skipped="0" asserts="31">
              <test-case id="1-1953" name="BakeCreatesLinks" fullname="PlayersWorlds.Maps.Areas.MapAreaTest.BakeCreatesLinks" methodname="BakeCreatesLinks" classname="PlayersWorlds.Maps.Areas.MapAreaTest" runstate="Runnable" seed="373457520" result="Passed" start-time="2024-06-27T14:28:45.3583300Z" end-time="2024-06-27T14:28:45.3612980Z" duration="0.002968" asserts="1" />
              <test-case id="1-1952" name="BakeCreatesNeighbors" fullname="PlayersWorlds.Maps.Areas.MapAreaTest.BakeCreatesNeighbors" methodname="BakeCreatesNeighbors" classname="PlayersWorlds.Maps.Areas.MapAreaTest" runstate="Runnable" seed="2138189511" result="Passed" start-time="2024-06-27T14:28:45.3613090Z" end-time="2024-06-27T14:28:45.3615840Z" duration="0.000275" asserts="1" />
              <test-case id="1-1954" name="BakeCreatesProperLinks" fullname="PlayersWorlds.Maps.Areas.MapAreaTest.BakeCreatesProperLinks" methodname="BakeCreatesProperLinks" classname="PlayersWorlds.Maps.Areas.MapAreaTest" runstate="Runnable" seed="1946226696" result="Passed" start-time="2024-06-27T14:28:45.3615920Z" end-time="2024-06-27T14:28:45.3628440Z" duration="0.001253" asserts="2" />
              <test-case id="1-1948" name="Overlaps_ReturnsFalseIfDoesNotOverlap" fullname="PlayersWorlds.Maps.Areas.MapAreaTest.Overlaps_ReturnsFalseIfDoesNotOverlap" methodname="Overlaps_ReturnsFalseIfDoesNotOverlap" classname="PlayersWorlds.Maps.Areas.MapAreaTest" runstate="Runnable" seed="521584720" result="Passed" start-time="2024-06-27T14:28:45.3628550Z" end-time="2024-06-27T14:28:45.3670400Z" duration="0.004185" asserts="15" />
              <test-case id="1-1947" name="Overlaps_ReturnsTrueIfOverlaps" fullname="PlayersWorlds.Maps.Areas.MapAreaTest.Overlaps_ReturnsTrueIfOverlaps" methodname="Overlaps_ReturnsTrueIfOverlaps" classname="PlayersWorlds.Maps.Areas.MapAreaTest" runstate="Runnable" seed="138320827" result="Passed" start-time="2024-06-27T14:28:45.3670510Z" end-time="2024-06-27T14:28:45.3690460Z" duration="0.001995" asserts="7" />
              <test-case id="1-1946" name="Overlaps_ThrowsIfSame" fullname="PlayersWorlds.Maps.Areas.MapAreaTest.Overlaps_ThrowsIfSame" methodname="Overlaps_ThrowsIfSame" classname="PlayersWorlds.Maps.Areas.MapAreaTest" runstate="Runnable" seed="1057965034" result="Passed" start-time="2024-06-27T14:28:45.3690560Z" end-time="2024-06-27T14:28:45.3719400Z" duration="0.002885" asserts="2" />
              <test-case id="1-1950" name="Position_DoesNotThrowIfInitialized" fullname="PlayersWorlds.Maps.Areas.MapAreaTest.Position_DoesNotThrowIfInitialized" methodname="Position_DoesNotThrowIfInitialized" classname="PlayersWorlds.Maps.Areas.MapAreaTest" runstate="Runnable" seed="977743405" result="Passed" start-time="2024-06-27T14:28:45.3719510Z" end-time="2024-06-27T14:28:45.3730730Z" duration="0.001122" asserts="1" />
              <test-case id="1-1949" name="Position_UnpositionedThrowsIfNotInitialized" fullname="PlayersWorlds.Maps.Areas.MapAreaTest.Position_UnpositionedThrowsIfNotInitialized" methodname="Position_UnpositionedThrowsIfNotInitialized" classname="PlayersWorlds.Maps.Areas.MapAreaTest" runstate="Runnable" seed="1014511104" result="Passed" start-time="2024-06-27T14:28:45.3730830Z" end-time="2024-06-27T14:28:45.3750120Z" duration="0.001929" asserts="1" />
              <test-case id="1-1951" name="ThrowsIfWrongParameters" fullname="PlayersWorlds.Maps.Areas.MapAreaTest.ThrowsIfWrongParameters" methodname="ThrowsIfWrongParameters" classname="PlayersWorlds.Maps.Areas.MapAreaTest" runstate="Runnable" seed="1713933618" result="Passed" start-time="2024-06-27T14:28:45.3750230Z" end-time="2024-06-27T14:28:45.3754640Z" duration="0.000442" asserts="1" />
            </test-suite>
          </test-suite>
          <test-suite type="TestFixture" id="1-1004" name="AssemblyInfoTest" fullname="PlayersWorlds.Maps.AssemblyInfoTest" classname="PlayersWorlds.Maps.AssemblyInfoTest" runstate="Runnable" testcasecount="2" result="Passed" start-time="2024-06-27T14:28:45.3754920Z" end-time="2024-06-27T14:28:45.3763260Z" duration="0.000834" total="2" passed="2" failed="0" warnings="0" inconclusive="0" skipped="0" asserts="4">
            <test-case id="1-1006" name="TestAssemblyCompany" fullname="PlayersWorlds.Maps.AssemblyInfoTest.TestAssemblyCompany" methodname="TestAssemblyCompany" classname="PlayersWorlds.Maps.AssemblyInfoTest" runstate="Runnable" seed="608506147" result="Passed" start-time="2024-06-27T14:28:45.3755630Z" end-time="2024-06-27T14:28:45.3760530Z" duration="0.000489" asserts="2" />
            <test-case id="1-1005" name="TestAssemblyTitle" fullname="PlayersWorlds.Maps.AssemblyInfoTest.TestAssemblyTitle" methodname="TestAssemblyTitle" classname="PlayersWorlds.Maps.AssemblyInfoTest" runstate="Runnable" seed="1306996727" result="Passed" start-time="2024-06-27T14:28:45.3760610Z" end-time="2024-06-27T14:28:45.3763160Z" duration="0.000256" asserts="2" />
          </test-suite>
          <test-suite type="TestFixture" id="1-1007" name="CellTest" fullname="PlayersWorlds.Maps.CellTest" classname="PlayersWorlds.Maps.CellTest" runstate="Runnable" testcasecount="2" result="Passed" start-time="2024-06-27T14:28:45.3763380Z" end-time="2024-06-27T14:28:45.3782570Z" duration="0.001920" total="2" passed="2" failed="0" warnings="0" inconclusive="0" skipped="0" asserts="4">
            <test-case id="1-1008" name="CellTagEqualityTest" fullname="PlayersWorlds.Maps.CellTest.CellTagEqualityTest" methodname="CellTagEqualityTest" classname="PlayersWorlds.Maps.CellTest" runstate="Runnable" seed="454950653" result="Passed" start-time="2024-06-27T14:28:45.3763950Z" end-time="2024-06-27T14:28:45.3767670Z" duration="0.000372" asserts="3" />
            <test-case id="1-1009" name="Serialize" fullname="PlayersWorlds.Maps.CellTest.Serialize" methodname="Serialize" classname="PlayersWorlds.Maps.CellTest" runstate="Runnable" seed="52077512" result="Passed" start-time="2024-06-27T14:28:45.3767750Z" end-time="2024-06-27T14:28:45.3782470Z" duration="0.001472" asserts="1" />
          </test-suite>
          <test-suite type="TestFixture" id="1-1010" name="ExtensionsTest" fullname="PlayersWorlds.Maps.ExtensionsTest" classname="PlayersWorlds.Maps.ExtensionsTest" runstate="Runnable" testcasecount="7" result="Passed" start-time="2024-06-27T14:28:45.3782690Z" end-time="2024-06-27T14:28:45.3856470Z" duration="0.007378" total="7" passed="7" failed="0" warnings="0" inconclusive="0" skipped="0" asserts="12">
            <test-case id="1-1013" name="DebugString" fullname="PlayersWorlds.Maps.ExtensionsTest.DebugString" methodname="DebugString" classname="PlayersWorlds.Maps.ExtensionsTest" runstate="Runnable" seed="473969854" result="Passed" start-time="2024-06-27T14:28:45.3783280Z" end-time="2024-06-27T14:28:45.3801830Z" duration="0.001856" asserts="1" />
            <test-case id="1-1016" name="GetAllDictionaryItems" fullname="PlayersWorlds.Maps.ExtensionsTest.GetAllDictionaryItems" methodname="GetAllDictionaryItems" classname="PlayersWorlds.Maps.ExtensionsTest" runstate="Runnable" seed="1267517138" result="Passed" start-time="2024-06-27T14:28:45.3801940Z" end-time="2024-06-27T14:28:45.3821090Z" duration="0.001915" asserts="1" />
            <test-case id="1-1017" name="GetAllHashSetKeys" fullname="PlayersWorlds.Maps.ExtensionsTest.GetAllHashSetKeys" methodname="GetAllHashSetKeys" classname="PlayersWorlds.Maps.ExtensionsTest" runstate="Runnable" seed="1024105774" result="Passed" start-time="2024-06-27T14:28:45.3821190Z" end-time="2024-06-27T14:28:45.3829550Z" duration="0.000836" asserts="1" />
            <test-case id="1-1014" name="Set" fullname="PlayersWorlds.Maps.ExtensionsTest.Set" methodname="Set" classname="PlayersWorlds.Maps.ExtensionsTest" runstate="Runnable" seed="1035738711" result="Passed" start-time="2024-06-27T14:28:45.3829650Z" end-time="2024-06-27T14:28:45.3837900Z" duration="0.000825" asserts="3" />
            <test-case id="1-1015" name="SetList" fullname="PlayersWorlds.Maps.ExtensionsTest.SetList" methodname="SetList" classname="PlayersWorlds.Maps.ExtensionsTest" runstate="Runnable" seed="1736645838" result="Passed" start-time="2024-06-27T14:28:45.3838020Z" end-time="2024-06-27T14:28:45.3850800Z" duration="0.001278" asserts="3" />
            <test-case id="1-1012" name="TryDequeue_Dequeues" fullname="PlayersWorlds.Maps.ExtensionsTest.TryDequeue_Dequeues" methodname="TryDequeue_Dequeues" classname="PlayersWorlds.Maps.ExtensionsTest" runstate="Runnable" seed="2103809589" result="Passed" start-time="2024-06-27T14:28:45.3850900Z" end-time="2024-06-27T14:28:45.3855020Z" duration="0.000412" asserts="2" />
            <test-case id="1-1011" name="TryDequeue_DoesNotThrow" fullname="PlayersWorlds.Maps.ExtensionsTest.TryDequeue_DoesNotThrow" methodname="TryDequeue_DoesNotThrow" classname="PlayersWorlds.Maps.ExtensionsTest" runstate="Runnable" seed="2127010332" result="Passed" start-time="2024-06-27T14:28:45.3855100Z" end-time="2024-06-27T14:28:45.3856370Z" duration="0.000127" asserts="1" />
          </test-suite>
          <test-suite type="TestFixture" id="1-1018" name="GlobalRandomTest" fullname="PlayersWorlds.Maps.GlobalRandomTest" classname="PlayersWorlds.Maps.GlobalRandomTest" runstate="Runnable" testcasecount="3" result="Passed" start-time="2024-06-27T14:28:45.3856580Z" end-time="2024-06-27T14:28:45.3889640Z" duration="0.003307" total="3" passed="3" failed="0" warnings="0" inconclusive="0" skipped="0" asserts="1002">
            <test-case id="1-1019" name="RandomCollectionItem" fullname="PlayersWorlds.Maps.GlobalRandomTest.RandomCollectionItem" methodname="RandomCollectionItem" classname="PlayersWorlds.Maps.GlobalRandomTest" runstate="Runnable" seed="2051239628" result="Passed" start-time="2024-06-27T14:28:45.3857340Z" end-time="2024-06-27T14:28:45.3864160Z" duration="0.000682" asserts="1" />
            <test-case id="1-1021" name="RandomInRange" fullname="PlayersWorlds.Maps.GlobalRandomTest.RandomInRange" methodname="RandomInRange" classname="PlayersWorlds.Maps.GlobalRandomTest" runstate="Runnable" seed="798516457" result="Passed" start-time="2024-06-27T14:28:45.3864240Z" end-time="2024-06-27T14:28:45.3887370Z" duration="0.002313" asserts="1000" />
            <test-case id="1-1020" name="ThrowsIfEmptyCollection" fullname="PlayersWorlds.Maps.GlobalRandomTest.ThrowsIfEmptyCollection" methodname="ThrowsIfEmptyCollection" classname="PlayersWorlds.Maps.GlobalRandomTest" runstate="Runnable" seed="2020028043" result="Passed" start-time="2024-06-27T14:28:45.3887550Z" end-time="2024-06-27T14:28:45.3889550Z" duration="0.000200" asserts="1" />
          </test-suite>
          <test-suite type="TestFixture" id="1-1022" name="Map2DTest" fullname="PlayersWorlds.Maps.Map2DTest" classname="PlayersWorlds.Maps.Map2DTest" runstate="Runnable" testcasecount="1" result="Passed" start-time="2024-06-27T14:28:45.3889760Z" end-time="2024-06-27T14:28:45.3934180Z" duration="0.004442" total="1" passed="1" failed="0" warnings="0" inconclusive="0" skipped="0" asserts="6">
            <test-case id="1-1023" name="ParseMap" fullname="PlayersWorlds.Maps.Map2DTest.ParseMap" methodname="ParseMap" classname="PlayersWorlds.Maps.Map2DTest" runstate="Runnable" seed="26424005" result="Passed" start-time="2024-06-27T14:28:45.3899310Z" end-time="2024-06-27T14:28:45.3934050Z" duration="0.003474" asserts="6" />
          </test-suite>
          <test-suite type="TestSuite" id="1-2077" name="MapFilters" fullname="PlayersWorlds.Maps.MapFilters" runstate="Runnable" testcasecount="5" result="Passed" start-time="2024-06-27T14:28:45.2091720Z" end-time="2024-06-27T14:28:45.4037560Z" duration="0.194584" total="5" passed="5" failed="0" warnings="0" inconclusive="0" skipped="0" asserts="10">
            <test-suite type="TestFixture" id="1-1939" name="Map2DEraseSpotsTest" fullname="PlayersWorlds.Maps.MapFilters.Map2DEraseSpotsTest" classname="PlayersWorlds.Maps.MapFilters.Map2DEraseSpotsTest" runstate="Runnable" testcasecount="5" result="Passed" start-time="2024-06-27T14:28:45.3934290Z" end-time="2024-06-27T14:28:45.4037490Z" duration="0.010321" total="5" passed="5" failed="0" warnings="0" inconclusive="0" skipped="0" asserts="10">
              <test-case id="1-1940" name="BackslashEraseSpots" fullname="PlayersWorlds.Maps.MapFilters.Map2DEraseSpotsTest.BackslashEraseSpots" methodname="BackslashEraseSpots" classname="PlayersWorlds.Maps.MapFilters.Map2DEraseSpotsTest" runstate="Runnable" seed="1894165236" result="Passed" start-time="2024-06-27T14:28:45.3934900Z" end-time="2024-06-27T14:28:45.3969890Z" duration="0.003500" asserts="1" />
              <test-case id="1-1944" name="SmoothBoxEraseSpots" fullname="PlayersWorlds.Maps.MapFilters.Map2DEraseSpotsTest.SmoothBoxEraseSpots" methodname="SmoothBoxEraseSpots" classname="PlayersWorlds.Maps.MapFilters.Map2DEraseSpotsTest" runstate="Runnable" seed="681917925" result="Passed" start-time="2024-06-27T14:28:45.3970000Z" end-time="2024-06-27T14:28:45.3981740Z" duration="0.001174" asserts="1" />
              <test-case id="1-1943" name="SmoothBoxVoidBgEraseSpots" fullname="PlayersWorlds.Maps.MapFilters.Map2DEraseSpotsTest.SmoothBoxVoidBgEraseSpots" methodname="SmoothBoxVoidBgEraseSpots" classname="PlayersWorlds.Maps.MapFilters.Map2DEraseSpotsTest" runstate="Runnable" seed="672697389" result="Passed" start-time="2024-06-27T14:28:45.3981850Z" end-time="2024-06-27T14:28:45.3990130Z" duration="0.000828" asserts="1" />
              <test-case id="1-1942" name="Spot1x3SpotsEraseSpots" fullname="PlayersWorlds.Maps.MapFilters.Map2DEraseSpotsTest.Spot1x3SpotsEraseSpots" methodname="Spot1x3SpotsEraseSpots" classname="PlayersWorlds.Maps.MapFilters.Map2DEraseSpotsTest" runstate="Runnable" seed="1101105718" result="Passed" start-time="2024-06-27T14:28:45.3990230Z" end-time="2024-06-27T14:28:45.3998260Z" duration="0.000804" asserts="1" />
              <test-case id="1-1941" name="VariousSpotsEraseSpots" fullname="PlayersWorlds.Maps.MapFilters.Map2DEraseSpotsTest.VariousSpotsEraseSpots" methodname="VariousSpotsEraseSpots" classname="PlayersWorlds.Maps.MapFilters.Map2DEraseSpotsTest" runstate="Runnable" seed="888718984" result="Passed" start-time="2024-06-27T14:28:45.3998360Z" end-time="2024-06-27T14:28:45.4037360Z" duration="0.003900" asserts="6" />
            </test-suite>
          </test-suite>
          <test-suite type="TestSuite" id="1-2075" name="Maze" fullname="PlayersWorlds.Maps.Maze" runstate="Runnable" testcasecount="776" result="Skipped" label="Ignored" site="Child" start-time="2024-06-27T14:28:45.2091770Z" end-time="2024-06-27T14:28:46.0369490Z" duration="0.827772" total="65" passed="63" failed="0" warnings="0" inconclusive="0" skipped="2" asserts="7306">
            <reason>
              <message><![CDATA[One or more child tests were ignored]]></message>
            </reason>
            <test-suite type="TestFixture" id="1-1143" name="Maze2DBuilderTest" fullname="PlayersWorlds.Maps.Maze.Maze2DBuilderTest" classname="PlayersWorlds.Maps.Maze.Maze2DBuilderTest" runstate="Runnable" testcasecount="25" result="Passed" start-time="2024-06-27T14:28:45.4037650Z" end-time="2024-06-27T14:28:45.4856870Z" duration="0.081921" total="25" passed="25" failed="0" warnings="0" inconclusive="0" skipped="0" asserts="7184">
              <test-case id="1-1162" name="ApplyAreas" fullname="PlayersWorlds.Maps.Maze.Maze2DBuilderTest.ApplyAreas" methodname="ApplyAreas" classname="PlayersWorlds.Maps.Maze.Maze2DBuilderTest" runstate="Runnable" seed="1868788" result="Passed" start-time="2024-06-27T14:28:45.4038360Z" end-time="2024-06-27T14:28:45.4157760Z" duration="0.011941" asserts="4" />
              <test-case id="1-1144" name="BuildsCorrectCellsCollections" fullname="PlayersWorlds.Maps.Maze.Maze2DBuilderTest.BuildsCorrectCellsCollections" methodname="BuildsCorrectCellsCollections" classname="PlayersWorlds.Maps.Maze.Maze2DBuilderTest" runstate="Runnable" seed="418400431" result="Passed" start-time="2024-06-27T14:28:45.4158000Z" end-time="2024-06-27T14:28:45.4172960Z" duration="0.001496" asserts="2" />
              <test-case id="1-1145" name="BuildsCorrectCellsCollectionsWithHallAreas" fullname="PlayersWorlds.Maps.Maze.Maze2DBuilderTest.BuildsCorrectCellsCollectionsWithHallAreas" methodname="BuildsCorrectCellsCollectionsWithHallAreas" classname="PlayersWorlds.Maps.Maze.Maze2DBuilderTest" runstate="Runnable" seed="870686606" result="Passed" start-time="2024-06-27T14:28:45.4173070Z" end-time="2024-06-27T14:28:45.4203930Z" duration="0.003086" asserts="4" />
              <test-case id="1-1146" name="BuildsCorrectCellsCollectionsWithHallAreasAtTheEdge" fullname="PlayersWorlds.Maps.Maze.Maze2DBuilderTest.BuildsCorrectCellsCollectionsWithHallAreasAtTheEdge" methodname="BuildsCorrectCellsCollectionsWithHallAreasAtTheEdge" classname="PlayersWorlds.Maps.Maze.Maze2DBuilderTest" runstate="Runnable" seed="1205402283" result="Passed" start-time="2024-06-27T14:28:45.4204040Z" end-time="2024-06-27T14:28:45.4221200Z" duration="0.001717" asserts="4" />
              <test-case id="1-1168" name="CanConnect" fullname="PlayersWorlds.Maps.Maze.Maze2DBuilderTest.CanConnect" methodname="CanConnect" classname="PlayersWorlds.Maps.Maze.Maze2DBuilderTest" runstate="Runnable" seed="50725564" result="Passed" start-time="2024-06-27T14:28:45.4221380Z" end-time="2024-06-27T14:28:45.4268520Z" duration="0.004715" asserts="11" />
              <test-case id="1-1167" name="DoubleLinkingThrowsError" fullname="PlayersWorlds.Maps.Maze.Maze2DBuilderTest.DoubleLinkingThrowsError" methodname="DoubleLinkingThrowsError" classname="PlayersWorlds.Maps.Maze.Maze2DBuilderTest" runstate="Runnable" seed="707476392" result="Passed" start-time="2024-06-27T14:28:45.4268700Z" end-time="2024-06-27T14:28:45.4280080Z" duration="0.001137" asserts="1" />
              <test-case id="1-1152" name="IsFillComplete_Full" fullname="PlayersWorlds.Maps.Maze.Maze2DBuilderTest.IsFillComplete_Full" methodname="IsFillComplete_Full" classname="PlayersWorlds.Maps.Maze.Maze2DBuilderTest" runstate="Runnable" seed="2137868756" result="Passed" start-time="2024-06-27T14:28:45.4280180Z" end-time="2024-06-27T14:28:45.4286630Z" duration="0.000645" asserts="4" />
              <test-case id="1-1155" name="IsFillComplete_Full_WithCave" fullname="PlayersWorlds.Maps.Maze.Maze2DBuilderTest.IsFillComplete_Full_WithCave" methodname="IsFillComplete_Full_WithCave" classname="PlayersWorlds.Maps.Maze.Maze2DBuilderTest" runstate="Runnable" seed="1442542172" result="Passed" start-time="2024-06-27T14:28:45.4286730Z" end-time="2024-06-27T14:28:45.4302940Z" duration="0.001621" asserts="3" />
              <test-case id="1-1154" name="IsFillComplete_Full_WithFill" fullname="PlayersWorlds.Maps.Maze.Maze2DBuilderTest.IsFillComplete_Full_WithFill" methodname="IsFillComplete_Full_WithFill" classname="PlayersWorlds.Maps.Maze.Maze2DBuilderTest" runstate="Runnable" seed="2058955505" result="Passed" start-time="2024-06-27T14:28:45.4303040Z" end-time="2024-06-27T14:28:45.4315580Z" duration="0.001254" asserts="2" />
              <test-case id="1-1153" name="IsFillComplete_Full_WithHall" fullname="PlayersWorlds.Maps.Maze.Maze2DBuilderTest.IsFillComplete_Full_WithHall" methodname="IsFillComplete_Full_WithHall" classname="PlayersWorlds.Maps.Maze.Maze2DBuilderTest" runstate="Runnable" seed="845471981" result="Passed" start-time="2024-06-27T14:28:45.4315690Z" end-time="2024-06-27T14:28:45.4328320Z" duration="0.001263" asserts="2" />
              <test-case id="1-1157" name="IsFillComplete_FullHeight" fullname="PlayersWorlds.Maps.Maze.Maze2DBuilderTest.IsFillComplete_FullHeight" methodname="IsFillComplete_FullHeight" classname="PlayersWorlds.Maps.Maze.Maze2DBuilderTest" runstate="Runnable" seed="1096724962" result="Passed" start-time="2024-06-27T14:28:45.4328420Z" end-time="2024-06-27T14:28:45.4333740Z" duration="0.000532" asserts="3" />
              <test-case id="1-1156" name="IsFillComplete_FullWidth" fullname="PlayersWorlds.Maps.Maze.Maze2DBuilderTest.IsFillComplete_FullWidth" methodname="IsFillComplete_FullWidth" classname="PlayersWorlds.Maps.Maze.Maze2DBuilderTest" runstate="Runnable" seed="1850309153" result="Passed" start-time="2024-06-27T14:28:45.4333810Z" end-time="2024-06-27T14:28:45.4336990Z" duration="0.000318" asserts="3" />
              <test-case id="1-1159" name="IsFillComplete_Half" fullname="PlayersWorlds.Maps.Maze.Maze2DBuilderTest.IsFillComplete_Half" methodname="IsFillComplete_Half" classname="PlayersWorlds.Maps.Maze.Maze2DBuilderTest" runstate="Runnable" seed="1422769634" result="Passed" start-time="2024-06-27T14:28:45.4337070Z" end-time="2024-06-27T14:28:45.4339520Z" duration="0.000246" asserts="2" />
              <test-case id="1-1161" name="IsFillComplete_NinetyPercent" fullname="PlayersWorlds.Maps.Maze.Maze2DBuilderTest.IsFillComplete_NinetyPercent" methodname="IsFillComplete_NinetyPercent" classname="PlayersWorlds.Maps.Maze.Maze2DBuilderTest" runstate="Runnable" seed="771094389" result="Passed" start-time="2024-06-27T14:28:45.4339600Z" end-time="2024-06-27T14:28:45.4342600Z" duration="0.000300" asserts="4" />
              <test-case id="1-1151" name="IsFillComplete_NoCells" fullname="PlayersWorlds.Maps.Maze.Maze2DBuilderTest.IsFillComplete_NoCells" methodname="IsFillComplete_NoCells" classname="PlayersWorlds.Maps.Maze.Maze2DBuilderTest" runstate="Runnable" seed="1951383249" result="Passed" start-time="2024-06-27T14:28:45.4342670Z" end-time="2024-06-27T14:28:45.4351460Z" duration="0.000879" asserts="1" />
              <test-case id="1-1158" name="IsFillComplete_Quarter" fullname="PlayersWorlds.Maps.Maze.Maze2DBuilderTest.IsFillComplete_Quarter" methodname="IsFillComplete_Quarter" classname="PlayersWorlds.Maps.Maze.Maze2DBuilderTest" runstate="Runnable" seed="829552333" result="Passed" start-time="2024-06-27T14:28:45.4351530Z" end-time="2024-06-27T14:28:45.4353980Z" duration="0.000245" asserts="2" />
              <test-case id="1-1160" name="IsFillComplete_ThreeQuarters" fullname="PlayersWorlds.Maps.Maze.Maze2DBuilderTest.IsFillComplete_ThreeQuarters" methodname="IsFillComplete_ThreeQuarters" classname="PlayersWorlds.Maps.Maze.Maze2DBuilderTest" runstate="Runnable" seed="1353077676" result="Passed" start-time="2024-06-27T14:28:45.4354050Z" end-time="2024-06-27T14:28:45.4356830Z" duration="0.000278" asserts="3" />
              <test-case id="1-1150" name="IterateUnlinkedCells_IteratesAllAvailableCells" fullname="PlayersWorlds.Maps.Maze.Maze2DBuilderTest.IterateUnlinkedCells_IteratesAllAvailableCells" methodname="IterateUnlinkedCells_IteratesAllAvailableCells" classname="PlayersWorlds.Maps.Maze.Maze2DBuilderTest" runstate="Runnable" seed="1423110248" result="Passed" start-time="2024-06-27T14:28:45.4356900Z" end-time="2024-06-27T14:28:45.4403250Z" duration="0.004635" asserts="28" />
              <test-case id="1-1165" name="LinksAreMutual" fullname="PlayersWorlds.Maps.Maze.Maze2DBuilderTest.LinksAreMutual" methodname="LinksAreMutual" classname="PlayersWorlds.Maps.Maze.Maze2DBuilderTest" runstate="Runnable" seed="1695180972" result="Passed" start-time="2024-06-27T14:28:45.4403360Z" end-time="2024-06-27T14:28:45.4422750Z" duration="0.001939" asserts="10" />
              <test-case id="1-1166" name="LinksOnlyWithNeighbors" fullname="PlayersWorlds.Maps.Maze.Maze2DBuilderTest.LinksOnlyWithNeighbors" methodname="LinksOnlyWithNeighbors" classname="PlayersWorlds.Maps.Maze.Maze2DBuilderTest" runstate="Runnable" seed="550305672" result="Passed" start-time="2024-06-27T14:28:45.4422860Z" end-time="2024-06-27T14:28:45.4434290Z" duration="0.001143" asserts="1" />
              <test-case id="1-1149" name="MarkConnected" fullname="PlayersWorlds.Maps.Maze.Maze2DBuilderTest.MarkConnected" methodname="MarkConnected" classname="PlayersWorlds.Maps.Maze.Maze2DBuilderTest" runstate="Runnable" seed="1483509210" result="Passed" start-time="2024-06-27T14:28:45.4434390Z" end-time="2024-06-27T14:28:45.4441700Z" duration="0.000730" asserts="7" />
              <test-case id="1-1164" name="Maze2DBuilder_CellsNeighborsAreValid" fullname="PlayersWorlds.Maps.Maze.Maze2DBuilderTest.Maze2DBuilder_CellsNeighborsAreValid" methodname="Maze2DBuilder_CellsNeighborsAreValid" classname="PlayersWorlds.Maps.Maze.Maze2DBuilderTest" runstate="Runnable" seed="1342270146" result="Passed" start-time="2024-06-27T14:28:45.4441800Z" end-time="2024-06-27T14:28:45.4472290Z" duration="0.003049" asserts="76" />
              <test-case id="1-1163" name="OverlappingAreas_ProduceValidPriorityCells" fullname="PlayersWorlds.Maps.Maze.Maze2DBuilderTest.OverlappingAreas_ProduceValidPriorityCells" methodname="OverlappingAreas_ProduceValidPriorityCells" classname="PlayersWorlds.Maps.Maze.Maze2DBuilderTest" runstate="Runnable" seed="1701725039" result="Passed" start-time="2024-06-27T14:28:45.4472390Z" end-time="2024-06-27T14:28:45.4591460Z" duration="0.011907" asserts="4" />
              <test-case id="1-1148" name="PickRandomNeighborToLink" fullname="PlayersWorlds.Maps.Maze.Maze2DBuilderTest.PickRandomNeighborToLink" methodname="PickRandomNeighborToLink" classname="PlayersWorlds.Maps.Maze.Maze2DBuilderTest" runstate="Runnable" seed="581754000" result="Passed" start-time="2024-06-27T14:28:45.4591570Z" end-time="2024-06-27T14:28:45.4672930Z" duration="0.008136" asserts="5000" />
              <test-case id="1-1147" name="PicksPriorityCellsWhenAvailable" fullname="PlayersWorlds.Maps.Maze.Maze2DBuilderTest.PicksPriorityCellsWhenAvailable" methodname="PicksPriorityCellsWhenAvailable" classname="PlayersWorlds.Maps.Maze.Maze2DBuilderTest" runstate="Runnable" seed="851740118" result="Passed" start-time="2024-06-27T14:28:45.4673030Z" end-time="2024-06-27T14:28:45.4856700Z" duration="0.018367" asserts="2003" />
            </test-suite>
            <test-suite type="TestFixture" id="1-1169" name="Maze2DRendererTest" fullname="PlayersWorlds.Maps.Maze.Maze2DRendererTest" classname="PlayersWorlds.Maps.Maze.Maze2DRendererTest" runstate="Runnable" testcasecount="1" result="Passed" start-time="2024-06-27T14:28:45.4857050Z" end-time="2024-06-27T14:28:45.4891520Z" duration="0.003447" total="1" passed="1" failed="0" warnings="0" inconclusive="0" skipped="0" asserts="1">
              <test-case id="1-1170" name="ThrowsIfCantFit" fullname="PlayersWorlds.Maps.Maze.Maze2DRendererTest.ThrowsIfCantFit" methodname="ThrowsIfCantFit" classname="PlayersWorlds.Maps.Maze.Maze2DRendererTest" runstate="Runnable" seed="116896335" result="Passed" start-time="2024-06-27T14:28:45.4857770Z" end-time="2024-06-27T14:28:45.4891360Z" duration="0.003360" asserts="1" />
            </test-suite>
            <test-suite type="TestFixture" id="1-1171" name="Maze2DTest" fullname="PlayersWorlds.Maps.Maze.Maze2DTest" classname="PlayersWorlds.Maps.Maze.Maze2DTest" runstate="Runnable" testcasecount="12" result="Passed" start-time="2024-06-27T14:28:45.4891670Z" end-time="2024-06-27T14:28:45.5556440Z" duration="0.066477" total="12" passed="12" failed="0" warnings="0" inconclusive="0" skipped="0" asserts="41">
              <test-case id="1-1177" name="Maze2D_AddsNoRoomsToASmallMaze" fullname="PlayersWorlds.Maps.Maze.Maze2DTest.Maze2D_AddsNoRoomsToASmallMaze" methodname="Maze2D_AddsNoRoomsToASmallMaze" classname="PlayersWorlds.Maps.Maze.Maze2DTest" runstate="Runnable" seed="1001226789" result="Passed" start-time="2024-06-27T14:28:45.4893160Z" end-time="2024-06-27T14:28:45.5022930Z" duration="0.012976" asserts="2" />
              <test-case id="1-1176" name="Maze2D_AddsNoRoomsWhenNoneRequested" fullname="PlayersWorlds.Maps.Maze.Maze2DTest.Maze2D_AddsNoRoomsWhenNoneRequested" methodname="Maze2D_AddsNoRoomsWhenNoneRequested" classname="PlayersWorlds.Maps.Maze.Maze2DTest" runstate="Runnable" seed="1820000850" result="Passed" start-time="2024-06-27T14:28:45.5023030Z" end-time="2024-06-27T14:28:45.5101230Z" duration="0.007820" asserts="2" />
              <test-case id="1-1180" name="Maze2D_AddsOneFill" fullname="PlayersWorlds.Maps.Maze.Maze2DTest.Maze2D_AddsOneFill" methodname="Maze2D_AddsOneFill" classname="PlayersWorlds.Maps.Maze.Maze2DTest" runstate="Runnable" seed="1751066231" result="Passed" start-time="2024-06-27T14:28:45.5101330Z" end-time="2024-06-27T14:28:45.5125440Z" duration="0.002411" asserts="2" />
              <test-case id="1-1179" name="Maze2D_AddsOneHall" fullname="PlayersWorlds.Maps.Maze.Maze2DTest.Maze2D_AddsOneHall" methodname="Maze2D_AddsOneHall" classname="PlayersWorlds.Maps.Maze.Maze2DTest" runstate="Runnable" seed="180463601" result="Passed" start-time="2024-06-27T14:28:45.5125550Z" end-time="2024-06-27T14:28:45.5143960Z" duration="0.001841" asserts="2" />
              <test-case id="1-1178" name="Maze2D_AddsRooms" fullname="PlayersWorlds.Maps.Maze.Maze2DTest.Maze2D_AddsRooms" methodname="Maze2D_AddsRooms" classname="PlayersWorlds.Maps.Maze.Maze2DTest" runstate="Runnable" seed="1543010049" result="Passed" start-time="2024-06-27T14:28:45.5144060Z" end-time="2024-06-27T14:28:45.5349050Z" duration="0.020499" asserts="2" />
              <test-case id="1-1182" name="Maze2D_CanParse" fullname="PlayersWorlds.Maps.Maze.Maze2DTest.Maze2D_CanParse" methodname="Maze2D_CanParse" classname="PlayersWorlds.Maps.Maze.Maze2DTest" runstate="Runnable" seed="984536113" result="Passed" start-time="2024-06-27T14:28:45.5349180Z" end-time="2024-06-27T14:28:45.5368900Z" duration="0.001972" asserts="12" />
              <test-case id="1-1183" name="Maze2D_CanParse2" fullname="PlayersWorlds.Maps.Maze.Maze2DTest.Maze2D_CanParse2" methodname="Maze2D_CanParse2" classname="PlayersWorlds.Maps.Maze.Maze2DTest" runstate="Runnable" seed="506288272" result="Passed" start-time="2024-06-27T14:28:45.5369010Z" end-time="2024-06-27T14:28:45.5371270Z" duration="0.000226" asserts="1" />
              <test-case id="1-1175" name="Maze2D_CanRenderMap" fullname="PlayersWorlds.Maps.Maze.Maze2DTest.Maze2D_CanRenderMap" methodname="Maze2D_CanRenderMap" classname="PlayersWorlds.Maps.Maze.Maze2DTest" runstate="Runnable" seed="1793589326" result="Passed" start-time="2024-06-27T14:28:45.5371340Z" end-time="2024-06-27T14:28:45.5459210Z" duration="0.008786" asserts="2" />
              <test-case id="1-1181" name="Maze2D_HasExtensionsSet" fullname="PlayersWorlds.Maps.Maze.Maze2DTest.Maze2D_HasExtensionsSet" methodname="Maze2D_HasExtensionsSet" classname="PlayersWorlds.Maps.Maze.Maze2DTest" runstate="Runnable" seed="1603084873" result="Passed" start-time="2024-06-27T14:28:45.5459310Z" end-time="2024-06-27T14:28:45.5466420Z" duration="0.000711" asserts="3" />
              <test-case id="1-1172" name="Maze2D_IsInitialized" fullname="PlayersWorlds.Maps.Maze.Maze2DTest.Maze2D_IsInitialized" methodname="Maze2D_IsInitialized" classname="PlayersWorlds.Maps.Maze.Maze2DTest" runstate="Runnable" seed="498867185" result="Passed" start-time="2024-06-27T14:28:45.5466530Z" end-time="2024-06-27T14:28:45.5468720Z" duration="0.000219" asserts="4" />
              <test-case id="1-1174" name="Maze2D_ToMapWrongOptions" fullname="PlayersWorlds.Maps.Maze.Maze2DTest.Maze2D_ToMapWrongOptions" methodname="Maze2D_ToMapWrongOptions" classname="PlayersWorlds.Maps.Maze.Maze2DTest" runstate="Runnable" seed="372943290" result="Passed" start-time="2024-06-27T14:28:45.5468790Z" end-time="2024-06-27T14:28:45.5549350Z" duration="0.008056" asserts="4" />
              <test-case id="1-1173" name="Maze2D_WrongSize" fullname="PlayersWorlds.Maps.Maze.Maze2DTest.Maze2D_WrongSize" methodname="Maze2D_WrongSize" classname="PlayersWorlds.Maps.Maze.Maze2DTest" runstate="Runnable" seed="639324314" result="Passed" start-time="2024-06-27T14:28:45.5549540Z" end-time="2024-06-27T14:28:45.5556280Z" duration="0.000675" asserts="5" />
            </test-suite>
            <test-suite type="TestFixture" id="1-1184" name="MazeCellTest" fullname="PlayersWorlds.Maps.Maze.MazeCellTest" classname="PlayersWorlds.Maps.Maze.MazeCellTest" runstate="Runnable" testcasecount="1" result="Passed" start-time="2024-06-27T14:28:45.5556620Z" end-time="2024-06-27T14:28:45.5562830Z" duration="0.000621" total="1" passed="1" failed="0" warnings="0" inconclusive="0" skipped="0" asserts="5">
              <test-case id="1-1185" name="ToStringTest" fullname="PlayersWorlds.Maps.Maze.MazeCellTest.ToStringTest" methodname="ToStringTest" classname="PlayersWorlds.Maps.Maze.MazeCellTest" runstate="Runnable" seed="216187950" result="Passed" start-time="2024-06-27T14:28:45.5557270Z" end-time="2024-06-27T14:28:45.5562730Z" duration="0.000546" asserts="5" />
            </test-suite>
            <test-suite type="TestFixture" id="1-1186" name="MazeGeneratorAreasTest" fullname="PlayersWorlds.Maps.Maze.MazeGeneratorAreasTest" classname="PlayersWorlds.Maps.Maze.MazeGeneratorAreasTest" runstate="Runnable" testcasecount="201" result="Skipped" label="Ignored" site="Child" start-time="2024-06-27T14:28:45.5562930Z" end-time="2024-06-27T14:28:45.5565110Z" duration="0.000218" total="1" passed="0" failed="0" warnings="0" inconclusive="0" skipped="1" asserts="0">
              <reason>
                <message><![CDATA[One or more child tests were ignored]]></message>
              </reason>
              <test-case id="1-1246" name="DenseWalkwaysDebug" fullname="PlayersWorlds.Maps.Maze.MazeGeneratorAreasTest.DenseWalkwaysDebug" methodname="DenseWalkwaysDebug" classname="PlayersWorlds.Maps.Maze.MazeGeneratorAreasTest" runstate="Ignored" seed="639623000" result="Skipped" label="Ignored" start-time="2024-06-27T14:28:45.5563430Z" end-time="2024-06-27T14:28:45.5564980Z" duration="0.000155" asserts="0">
                <properties>
                  <property name="_SKIPREASON" value="Debug only" />
                </properties>
                <reason>
                  <message><![CDATA[Debug only]]></message>
                </reason>
              </test-case>
            </test-suite>
            <test-suite type="TestFixture" id="1-1395" name="MazeGeneratorTest" fullname="PlayersWorlds.Maps.Maze.MazeGeneratorTest" classname="PlayersWorlds.Maps.Maze.MazeGeneratorTest" runstate="Runnable" testcasecount="528" result="Skipped" label="Ignored" site="Child" start-time="2024-06-27T14:28:45.5565210Z" end-time="2024-06-27T14:28:45.9930640Z" duration="0.436543" total="18" passed="17" failed="0" warnings="0" inconclusive="0" skipped="1" asserts="53">
              <reason>
                <message><![CDATA[One or more child tests were ignored]]></message>
              </reason>
              <test-suite type="ParameterizedMethod" id="1-1403" name="CanGenerateMazes" fullname="PlayersWorlds.Maps.Maze.MazeGeneratorTest.CanGenerateMazes" classname="PlayersWorlds.Maps.Maze.MazeGeneratorTest" runstate="Runnable" testcasecount="6" result="Passed" start-time="2024-06-27T14:28:45.5565690Z" end-time="2024-06-27T14:28:45.8583800Z" duration="0.301811" total="6" passed="6" failed="0" warnings="0" inconclusive="0" skipped="0" asserts="18">
                <test-case id="1-1397" name="CanGenerateMazes(PlayersWorlds.Maps.Maze.AldousBroderMazeGenerator)" fullname="PlayersWorlds.Maps.Maze.MazeGeneratorTest.CanGenerateMazes(PlayersWorlds.Maps.Maze.AldousBroderMazeGenerator)" methodname="CanGenerateMazes" classname="PlayersWorlds.Maps.Maze.MazeGeneratorTest" runstate="Runnable" seed="2130084300" result="Passed" start-time="2024-06-27T14:28:45.5566410Z" end-time="2024-06-27T14:28:45.6168380Z" duration="0.060197" asserts="3" />
                <test-case id="1-1398" name="CanGenerateMazes(PlayersWorlds.Maps.Maze.BinaryTreeMazeGenerator)" fullname="PlayersWorlds.Maps.Maze.MazeGeneratorTest.CanGenerateMazes(PlayersWorlds.Maps.Maze.BinaryTreeMazeGenerator)" methodname="CanGenerateMazes" classname="PlayersWorlds.Maps.Maze.MazeGeneratorTest" runstate="Runnable" seed="1013051583" result="Passed" start-time="2024-06-27T14:28:45.6168530Z" end-time="2024-06-27T14:28:45.6636240Z" duration="0.046770" asserts="3" />
                <test-case id="1-1399" name="CanGenerateMazes(PlayersWorlds.Maps.Maze.HuntAndKillMazeGenerator)" fullname="PlayersWorlds.Maps.Maze.MazeGeneratorTest.CanGenerateMazes(PlayersWorlds.Maps.Maze.HuntAndKillMazeGenerator)" methodname="CanGenerateMazes" classname="PlayersWorlds.Maps.Maze.MazeGeneratorTest" runstate="Runnable" seed="256998739" result="Passed" start-time="2024-06-27T14:28:45.6636390Z" end-time="2024-06-27T14:28:45.7104570Z" duration="0.046818" asserts="3" />
                <test-case id="1-1400" name="CanGenerateMazes(PlayersWorlds.Maps.Maze.RecursiveBacktrackerMazeGenerator)" fullname="PlayersWorlds.Maps.Maze.MazeGeneratorTest.CanGenerateMazes(PlayersWorlds.Maps.Maze.RecursiveBacktrackerMazeGenerator)" methodname="CanGenerateMazes" classname="PlayersWorlds.Maps.Maze.MazeGeneratorTest" runstate="Runnable" seed="1640034443" result="Passed" start-time="2024-06-27T14:28:45.7104710Z" end-time="2024-06-27T14:28:45.7587750Z" duration="0.048304" asserts="3" />
                <test-case id="1-1401" name="CanGenerateMazes(PlayersWorlds.Maps.Maze.SidewinderMazeGenerator)" fullname="PlayersWorlds.Maps.Maze.MazeGeneratorTest.CanGenerateMazes(PlayersWorlds.Maps.Maze.SidewinderMazeGenerator)" methodname="CanGenerateMazes" classname="PlayersWorlds.Maps.Maze.MazeGeneratorTest" runstate="Runnable" seed="1606916988" result="Passed" start-time="2024-06-27T14:28:45.7587910Z" end-time="2024-06-27T14:28:45.8069150Z" duration="0.048124" asserts="3" />
                <test-case id="1-1402" name="CanGenerateMazes(PlayersWorlds.Maps.Maze.WilsonsMazeGenerator)" fullname="PlayersWorlds.Maps.Maze.MazeGeneratorTest.CanGenerateMazes(PlayersWorlds.Maps.Maze.WilsonsMazeGenerator)" methodname="CanGenerateMazes" classname="PlayersWorlds.Maps.Maze.MazeGeneratorTest" runstate="Runnable" seed="20239729" result="Passed" start-time="2024-06-27T14:28:45.8069290Z" end-time="2024-06-27T14:28:45.8583620Z" duration="0.051434" asserts="3" />
              </test-suite>
              <test-case id="1-1404" name="CanGenerateMazes_Debug" fullname="PlayersWorlds.Maps.Maze.MazeGeneratorTest.CanGenerateMazes_Debug" methodname="CanGenerateMazes_Debug" classname="PlayersWorlds.Maps.Maze.MazeGeneratorTest" runstate="Runnable" seed="1283534552" result="Passed" start-time="2024-06-27T14:28:45.8584040Z" end-time="2024-06-27T14:28:45.9048470Z" duration="0.046443" asserts="3" />
              <test-case id="1-1396" name="CanUseCustomAreaGenerator" fullname="PlayersWorlds.Maps.Maze.MazeGeneratorTest.CanUseCustomAreaGenerator" methodname="CanUseCustomAreaGenerator" classname="PlayersWorlds.Maps.Maze.MazeGeneratorTest" runstate="Runnable" seed="679327186" result="Passed" start-time="2024-06-27T14:28:45.9048590Z" end-time="2024-06-27T14:28:45.9335250Z" duration="0.028666" asserts="5" />
              <test-case id="1-1918" name="IsFillComplete_Debug" fullname="PlayersWorlds.Maps.Maze.MazeGeneratorTest.IsFillComplete_Debug" methodname="IsFillComplete_Debug" classname="PlayersWorlds.Maps.Maze.MazeGeneratorTest" runstate="Ignored" seed="1336279103" result="Skipped" label="Ignored" start-time="2024-06-27T14:28:45.9335390Z" end-time="2024-06-27T14:28:45.9335440Z" duration="0.000006" asserts="0">
                <properties>
                  <property name="_SKIPREASON" value="Debugging only" />
                </properties>
                <reason>
                  <message><![CDATA[Debugging only]]></message>
                </reason>
              </test-case>
              <test-case id="1-1407" name="IsFillComplete_Full" fullname="PlayersWorlds.Maps.Maze.MazeGeneratorTest.IsFillComplete_Full" methodname="IsFillComplete_Full" classname="PlayersWorlds.Maps.Maze.MazeGeneratorTest" runstate="Runnable" seed="1716350886" result="Passed" start-time="2024-06-27T14:28:45.9335490Z" end-time="2024-06-27T14:28:45.9412590Z" duration="0.007711" asserts="3" />
              <test-case id="1-1412" name="IsFillComplete_FullHeight" fullname="PlayersWorlds.Maps.Maze.MazeGeneratorTest.IsFillComplete_FullHeight" methodname="IsFillComplete_FullHeight" classname="PlayersWorlds.Maps.Maze.MazeGeneratorTest" runstate="Runnable" seed="745491491" result="Passed" start-time="2024-06-27T14:28:45.9412700Z" end-time="2024-06-27T14:28:45.9480270Z" duration="0.006757" asserts="3" />
              <test-case id="1-1411" name="IsFillComplete_FullWidth" fullname="PlayersWorlds.Maps.Maze.MazeGeneratorTest.IsFillComplete_FullWidth" methodname="IsFillComplete_FullWidth" classname="PlayersWorlds.Maps.Maze.MazeGeneratorTest" runstate="Runnable" seed="1495396077" result="Passed" start-time="2024-06-27T14:28:45.9480380Z" end-time="2024-06-27T14:28:45.9547110Z" duration="0.006673" asserts="3" />
              <test-case id="1-1406" name="IsFillComplete_Half" fullname="PlayersWorlds.Maps.Maze.MazeGeneratorTest.IsFillComplete_Half" methodname="IsFillComplete_Half" classname="PlayersWorlds.Maps.Maze.MazeGeneratorTest" runstate="Runnable" seed="588412962" result="Passed" start-time="2024-06-27T14:28:45.9547220Z" end-time="2024-06-27T14:28:45.9615220Z" duration="0.006800" asserts="3" />
              <test-case id="1-1410" name="IsFillComplete_NinetyPercent" fullname="PlayersWorlds.Maps.Maze.MazeGeneratorTest.IsFillComplete_NinetyPercent" methodname="IsFillComplete_NinetyPercent" classname="PlayersWorlds.Maps.Maze.MazeGeneratorTest" runstate="Runnable" seed="1842837137" result="Passed" start-time="2024-06-27T14:28:45.9615340Z" end-time="2024-06-27T14:28:45.9690140Z" duration="0.007480" asserts="3" />
              <test-case id="1-1408" name="IsFillComplete_Quarter" fullname="PlayersWorlds.Maps.Maze.MazeGeneratorTest.IsFillComplete_Quarter" methodname="IsFillComplete_Quarter" classname="PlayersWorlds.Maps.Maze.MazeGeneratorTest" runstate="Runnable" seed="250806138" result="Passed" start-time="2024-06-27T14:28:45.9690250Z" end-time="2024-06-27T14:28:45.9753030Z" duration="0.006278" asserts="3" />
              <test-case id="1-1409" name="IsFillComplete_ThreeQuarters" fullname="PlayersWorlds.Maps.Maze.MazeGeneratorTest.IsFillComplete_ThreeQuarters" methodname="IsFillComplete_ThreeQuarters" classname="PlayersWorlds.Maps.Maze.MazeGeneratorTest" runstate="Runnable" seed="535341762" result="Passed" start-time="2024-06-27T14:28:45.9753220Z" end-time="2024-06-27T14:28:45.9823900Z" duration="0.007068" asserts="3" />
              <test-case id="1-1405" name="OnlyFullGenerators" fullname="PlayersWorlds.Maps.Maze.MazeGeneratorTest.OnlyFullGenerators" methodname="OnlyFullGenerators" classname="PlayersWorlds.Maps.Maze.MazeGeneratorTest" runstate="Runnable" seed="1096191519" result="Passed" start-time="2024-06-27T14:28:45.9824000Z" end-time="2024-06-27T14:28:45.9912310Z" duration="0.008831" asserts="2" />
              <test-case id="1-1919" name="WrongGeneratorOptions" fullname="PlayersWorlds.Maps.Maze.MazeGeneratorTest.WrongGeneratorOptions" methodname="WrongGeneratorOptions" classname="PlayersWorlds.Maps.Maze.MazeGeneratorTest" runstate="Runnable" seed="1131771306" result="Passed" start-time="2024-06-27T14:28:45.9912410Z" end-time="2024-06-27T14:28:45.9930470Z" duration="0.001806" asserts="4" />
            </test-suite>
            <test-suite type="TestSuite" id="1-2076" name="PostProcessing" fullname="PlayersWorlds.Maps.Maze.PostProcessing" runstate="Runnable" testcasecount="5" result="Passed" start-time="2024-06-27T14:28:45.2091840Z" end-time="2024-06-27T14:28:46.0046680Z" duration="0.795484" total="5" passed="5" failed="0" warnings="0" inconclusive="0" skipped="0" asserts="19">
              <test-suite type="TestFixture" id="1-1932" name="DeadEndTest" fullname="PlayersWorlds.Maps.Maze.PostProcessing.DeadEndTest" classname="PlayersWorlds.Maps.Maze.PostProcessing.DeadEndTest" runstate="Runnable" testcasecount="1" result="Passed" start-time="2024-06-27T14:28:45.9930820Z" end-time="2024-06-27T14:28:45.9938690Z" duration="0.000787" total="1" passed="1" failed="0" warnings="0" inconclusive="0" skipped="0" asserts="7">
                <test-case id="1-1933" name="DeadEnd_CanFindDeadEnds" fullname="PlayersWorlds.Maps.Maze.PostProcessing.DeadEndTest.DeadEnd_CanFindDeadEnds" methodname="DeadEnd_CanFindDeadEnds" classname="PlayersWorlds.Maps.Maze.PostProcessing.DeadEndTest" runstate="Runnable" seed="1286281927" result="Passed" start-time="2024-06-27T14:28:45.9931540Z" end-time="2024-06-27T14:28:45.9938570Z" duration="0.000703" asserts="7" />
              </test-suite>
              <test-suite type="TestFixture" id="1-1934" name="DijkstraDistanceTest" fullname="PlayersWorlds.Maps.Maze.PostProcessing.DijkstraDistanceTest" classname="PlayersWorlds.Maps.Maze.PostProcessing.DijkstraDistanceTest" runstate="Runnable" testcasecount="4" result="Passed" start-time="2024-06-27T14:28:45.9938820Z" end-time="2024-06-27T14:28:46.0046610Z" duration="0.010779" total="4" passed="4" failed="0" warnings="0" inconclusive="0" skipped="0" asserts="12">
                <test-case id="1-1938" name="DijkstraDistance_CanFindLongestTrail" fullname="PlayersWorlds.Maps.Maze.PostProcessing.DijkstraDistanceTest.DijkstraDistance_CanFindLongestTrail" methodname="DijkstraDistance_CanFindLongestTrail" classname="PlayersWorlds.Maps.Maze.PostProcessing.DijkstraDistanceTest" runstate="Runnable" seed="1272644672" result="Passed" start-time="2024-06-27T14:28:45.9939390Z" end-time="2024-06-27T14:28:45.9943730Z" duration="0.000434" asserts="4" />
                <test-case id="1-1936" name="DijkstraDistance_CanSolveAMaze" fullname="PlayersWorlds.Maps.Maze.PostProcessing.DijkstraDistanceTest.DijkstraDistance_CanSolveAMaze" methodname="DijkstraDistance_CanSolveAMaze" classname="PlayersWorlds.Maps.Maze.PostProcessing.DijkstraDistanceTest" runstate="Runnable" seed="482867660" result="Passed" start-time="2024-06-27T14:28:45.9943810Z" end-time="2024-06-27T14:28:45.9950280Z" duration="0.000647" asserts="4" />
                <test-case id="1-1935" name="DijkstraDistance_FindsAllDistances" fullname="PlayersWorlds.Maps.Maze.PostProcessing.DijkstraDistanceTest.DijkstraDistance_FindsAllDistances" methodname="DijkstraDistance_FindsAllDistances" classname="PlayersWorlds.Maps.Maze.PostProcessing.DijkstraDistanceTest" runstate="Runnable" seed="176471393" result="Passed" start-time="2024-06-27T14:28:45.9950360Z" end-time="2024-06-27T14:28:46.0043800Z" duration="0.009344" asserts="3" />
                <test-case id="1-1937" name="DijkstraDistance_ReturnsEmptyIfNoSolutionFound" fullname="PlayersWorlds.Maps.Maze.PostProcessing.DijkstraDistanceTest.DijkstraDistance_ReturnsEmptyIfNoSolutionFound" methodname="DijkstraDistance_ReturnsEmptyIfNoSolutionFound" classname="PlayersWorlds.Maps.Maze.PostProcessing.DijkstraDistanceTest" runstate="Runnable" seed="2093517968" result="Passed" start-time="2024-06-27T14:28:46.0043910Z" end-time="2024-06-27T14:28:46.0046510Z" duration="0.000260" asserts="1" />
              </test-suite>
            </test-suite>
            <test-suite type="TestFixture" id="1-1927" name="SidewinderMazeGeneratorTest" fullname="PlayersWorlds.Maps.Maze.SidewinderMazeGeneratorTest" classname="PlayersWorlds.Maps.Maze.SidewinderMazeGeneratorTest" runstate="Runnable" testcasecount="2" result="Passed" start-time="2024-06-27T14:28:46.0046800Z" end-time="2024-06-27T14:28:46.0185380Z" duration="0.013859" total="1" passed="1" failed="0" warnings="0" inconclusive="0" skipped="0" asserts="2">
              <test-case id="1-1928" name="ArchShapedAreas" fullname="PlayersWorlds.Maps.Maze.SidewinderMazeGeneratorTest.ArchShapedAreas" methodname="ArchShapedAreas" classname="PlayersWorlds.Maps.Maze.SidewinderMazeGeneratorTest" runstate="Runnable" seed="712964897" result="Passed" start-time="2024-06-27T14:28:46.0047350Z" end-time="2024-06-27T14:28:46.0185250Z" duration="0.013790" asserts="2" />
            </test-suite>
            <test-suite type="TestFixture" id="1-1930" name="WilsonsMazeGeneratorTest" fullname="PlayersWorlds.Maps.Maze.WilsonsMazeGeneratorTest" classname="PlayersWorlds.Maps.Maze.WilsonsMazeGeneratorTest" runstate="Runnable" testcasecount="1" result="Passed" start-time="2024-06-27T14:28:46.0185510Z" end-time="2024-06-27T14:28:46.0369410Z" duration="0.018391" total="1" passed="1" failed="0" warnings="0" inconclusive="0" skipped="0" asserts="1">
              <test-case id="1-1931" name="DuplicateRandom" fullname="PlayersWorlds.Maps.Maze.WilsonsMazeGeneratorTest.DuplicateRandom" methodname="DuplicateRandom" classname="PlayersWorlds.Maps.Maze.WilsonsMazeGeneratorTest" runstate="Runnable" seed="677972202" result="Passed" start-time="2024-06-27T14:28:46.0186080Z" end-time="2024-06-27T14:28:46.0369260Z" duration="0.018318" asserts="1">
                <properties>
                  <property name="Timeout" value="1000" />
                </properties>
              </test-case>
            </test-suite>
          </test-suite>
          <test-suite type="TestFixture" id="1-1053" name="Maze2DRendererTest" fullname="PlayersWorlds.Maps.Maze2DRendererTest" classname="PlayersWorlds.Maps.Maze2DRendererTest" runstate="Runnable" testcasecount="8" result="Passed" start-time="2024-06-27T14:28:46.0369610Z" end-time="2024-06-27T14:28:46.0842950Z" duration="0.047333" total="8" passed="8" failed="0" warnings="0" inconclusive="0" skipped="0" asserts="57">
            <test-case id="1-1056" name="CanRenderAMapWithFilledAreas" fullname="PlayersWorlds.Maps.Maze2DRendererTest.CanRenderAMapWithFilledAreas" methodname="CanRenderAMapWithFilledAreas" classname="PlayersWorlds.Maps.Maze2DRendererTest" runstate="Runnable" seed="2070568412" result="Passed" start-time="2024-06-27T14:28:46.0370210Z" end-time="2024-06-27T14:28:46.0461780Z" duration="0.009158" asserts="1" />
            <test-case id="1-1057" name="CanRenderAMapWithHallAreas" fullname="PlayersWorlds.Maps.Maze2DRendererTest.CanRenderAMapWithHallAreas" methodname="CanRenderAMapWithHallAreas" classname="PlayersWorlds.Maps.Maze2DRendererTest" runstate="Runnable" seed="453495726" result="Passed" start-time="2024-06-27T14:28:46.0461890Z" end-time="2024-06-27T14:28:46.0547790Z" duration="0.008591" asserts="1" />
            <test-case id="1-1054" name="CanRenderAMapWithSmoothCorners" fullname="PlayersWorlds.Maps.Maze2DRendererTest.CanRenderAMapWithSmoothCorners" methodname="CanRenderAMapWithSmoothCorners" classname="PlayersWorlds.Maps.Maze2DRendererTest" runstate="Runnable" seed="251060289" result="Passed" start-time="2024-06-27T14:28:46.0547900Z" end-time="2024-06-27T14:28:46.0626270Z" duration="0.007837" asserts="1" />
            <test-case id="1-1055" name="CanRenderAMapWithVoids" fullname="PlayersWorlds.Maps.Maze2DRendererTest.CanRenderAMapWithVoids" methodname="CanRenderAMapWithVoids" classname="PlayersWorlds.Maps.Maze2DRendererTest" runstate="Runnable" seed="414927930" result="Passed" start-time="2024-06-27T14:28:46.0626380Z" end-time="2024-06-27T14:28:46.0757410Z" duration="0.013104" asserts="1" />
            <test-case id="1-1061" name="CellsMapping_ValidMapping" fullname="PlayersWorlds.Maps.Maze2DRendererTest.CellsMapping_ValidMapping" methodname="CellsMapping_ValidMapping" classname="PlayersWorlds.Maps.Maze2DRendererTest" runstate="Runnable" seed="1718115215" result="Passed" start-time="2024-06-27T14:28:46.0757590Z" end-time="2024-06-27T14:28:46.0819640Z" duration="0.006205" asserts="45" />
            <test-case id="1-1058" name="Maze2DStringBoxRenderer_CanConvertToAscii" fullname="PlayersWorlds.Maps.Maze2DRendererTest.Maze2DStringBoxRenderer_CanConvertToAscii" methodname="Maze2DStringBoxRenderer_CanConvertToAscii" classname="PlayersWorlds.Maps.Maze2DRendererTest" runstate="Runnable" seed="1138188092" result="Passed" start-time="2024-06-27T14:28:46.0819750Z" end-time="2024-06-27T14:28:46.0827350Z" duration="0.000761" asserts="1" />
            <test-case id="1-1059" name="Maze2DStringBoxRenderer_CanConvertToAsciiWithData" fullname="PlayersWorlds.Maps.Maze2DRendererTest.Maze2DStringBoxRenderer_CanConvertToAsciiWithData" methodname="Maze2DStringBoxRenderer_CanConvertToAsciiWithData" classname="PlayersWorlds.Maps.Maze2DRendererTest" runstate="Runnable" seed="80236205" result="Passed" start-time="2024-06-27T14:28:46.0827460Z" end-time="2024-06-27T14:28:46.0836160Z" duration="0.000871" asserts="1" />
            <test-case id="1-1060" name="Maze2DToMap2DConverter_ThrowsIfInvalidOptions" fullname="PlayersWorlds.Maps.Maze2DRendererTest.Maze2DToMap2DConverter_ThrowsIfInvalidOptions" methodname="Maze2DToMap2DConverter_ThrowsIfInvalidOptions" classname="PlayersWorlds.Maps.Maze2DRendererTest" runstate="Runnable" seed="926839129" result="Passed" start-time="2024-06-27T14:28:46.0836260Z" end-time="2024-06-27T14:28:46.0842810Z" duration="0.000655" asserts="6" />
          </test-suite>
          <test-suite type="TestFixture" id="1-1024" name="NArrayTest" fullname="PlayersWorlds.Maps.NArrayTest" classname="PlayersWorlds.Maps.NArrayTest" runstate="Runnable" testcasecount="20" result="Passed" start-time="2024-06-27T14:28:46.0843080Z" end-time="2024-06-27T14:28:46.0914310Z" duration="0.007123" total="20" passed="20" failed="0" warnings="0" inconclusive="0" skipped="0" asserts="74">
            <test-case id="1-1040" name="CellsAt_AnyCellAt2x2" fullname="PlayersWorlds.Maps.NArrayTest.CellsAt_AnyCellAt2x2" methodname="CellsAt_AnyCellAt2x2" classname="PlayersWorlds.Maps.NArrayTest" runstate="Runnable" seed="1715994480" result="Passed" start-time="2024-06-27T14:28:46.0843670Z" end-time="2024-06-27T14:28:46.0846000Z" duration="0.000233" asserts="5" />
            <test-case id="1-1043" name="CellsAt_AnyCellAtCloseEdge2x2" fullname="PlayersWorlds.Maps.NArrayTest.CellsAt_AnyCellAtCloseEdge2x2" methodname="CellsAt_AnyCellAtCloseEdge2x2" classname="PlayersWorlds.Maps.NArrayTest" runstate="Runnable" seed="793208636" result="Passed" start-time="2024-06-27T14:28:46.0846080Z" end-time="2024-06-27T14:28:46.0848140Z" duration="0.000206" asserts="5" />
            <test-case id="1-1032" name="NArray_AdjacentRegion_ReturnsCorrectNeighbors" fullname="PlayersWorlds.Maps.NArrayTest.NArray_AdjacentRegion_ReturnsCorrectNeighbors" methodname="NArray_AdjacentRegion_ReturnsCorrectNeighbors" classname="PlayersWorlds.Maps.NArrayTest" runstate="Runnable" seed="525810637" result="Passed" start-time="2024-06-27T14:28:46.0848210Z" end-time="2024-06-27T14:28:46.0856810Z" duration="0.000860" asserts="6" />
            <test-case id="1-1033" name="NArray_AdjacentRegion_ReturnsCorrectNeighborsIn4DSpace" fullname="PlayersWorlds.Maps.NArrayTest.NArray_AdjacentRegion_ReturnsCorrectNeighborsIn4DSpace" methodname="NArray_AdjacentRegion_ReturnsCorrectNeighborsIn4DSpace" classname="PlayersWorlds.Maps.NArrayTest" runstate="Runnable" seed="731141754" result="Passed" start-time="2024-06-27T14:28:46.0856890Z" end-time="2024-06-27T14:28:46.0863760Z" duration="0.000687" asserts="5" />
            <test-case id="1-1025" name="NArray_Constructor_CreatesCorrectSize" fullname="PlayersWorlds.Maps.NArrayTest.NArray_Constructor_CreatesCorrectSize" methodname="NArray_Constructor_CreatesCorrectSize" classname="PlayersWorlds.Maps.NArrayTest" runstate="Runnable" seed="1111236047" result="Passed" start-time="2024-06-27T14:28:46.0863840Z" end-time="2024-06-27T14:28:46.0865140Z" duration="0.000131" asserts="2" />
            <test-case id="1-1026" name="NArray_Constructor_ThrowsOnInvalidSize" fullname="PlayersWorlds.Maps.NArrayTest.NArray_Constructor_ThrowsOnInvalidSize" methodname="NArray_Constructor_ThrowsOnInvalidSize" classname="PlayersWorlds.Maps.NArrayTest" runstate="Runnable" seed="1802125621" result="Passed" start-time="2024-06-27T14:28:46.0865210Z" end-time="2024-06-27T14:28:46.0867940Z" duration="0.000273" asserts="1" />
            <test-case id="1-1037" name="NArray_Iterate_FourCellsFar" fullname="PlayersWorlds.Maps.NArrayTest.NArray_Iterate_FourCellsFar" methodname="NArray_Iterate_FourCellsFar" classname="PlayersWorlds.Maps.NArrayTest" runstate="Runnable" seed="245409609" result="Passed" start-time="2024-06-27T14:28:46.0868010Z" end-time="2024-06-27T14:28:46.0872240Z" duration="0.000423" asserts="5" />
            <test-case id="1-1034" name="NArray_Iterate_OneCell" fullname="PlayersWorlds.Maps.NArrayTest.NArray_Iterate_OneCell" methodname="NArray_Iterate_OneCell" classname="PlayersWorlds.Maps.NArrayTest" runstate="Runnable" seed="921489355" result="Passed" start-time="2024-06-27T14:28:46.0872320Z" end-time="2024-06-27T14:28:46.0874440Z" duration="0.000212" asserts="2" />
            <test-case id="1-1038" name="NArray_Iterate_OutOfBounds" fullname="PlayersWorlds.Maps.NArrayTest.NArray_Iterate_OutOfBounds" methodname="NArray_Iterate_OutOfBounds" classname="PlayersWorlds.Maps.NArrayTest" runstate="Runnable" seed="682087977" result="Passed" start-time="2024-06-27T14:28:46.0874520Z" end-time="2024-06-27T14:28:46.0878720Z" duration="0.000420" asserts="4" />
            <test-case id="1-1027" name="NArray_Iterate_TraversesAllCells" fullname="PlayersWorlds.Maps.NArrayTest.NArray_Iterate_TraversesAllCells" methodname="NArray_Iterate_TraversesAllCells" classname="PlayersWorlds.Maps.NArrayTest" runstate="Runnable" seed="447498370" result="Passed" start-time="2024-06-27T14:28:46.0878790Z" end-time="2024-06-27T14:28:46.0883900Z" duration="0.000511" asserts="13" />
            <test-case id="1-1036" name="NArray_Iterate_TreeByTwo" fullname="PlayersWorlds.Maps.NArrayTest.NArray_Iterate_TreeByTwo" methodname="NArray_Iterate_TreeByTwo" classname="PlayersWorlds.Maps.NArrayTest" runstate="Runnable" seed="689470700" result="Passed" start-time="2024-06-27T14:28:46.0883980Z" end-time="2024-06-27T14:28:46.0887860Z" duration="0.000388" asserts="7" />
            <test-case id="1-1035" name="NArray_Iterate_TwoCells" fullname="PlayersWorlds.Maps.NArrayTest.NArray_Iterate_TwoCells" methodname="NArray_Iterate_TwoCells" classname="PlayersWorlds.Maps.NArrayTest" runstate="Runnable" seed="1579851206" result="Passed" start-time="2024-06-27T14:28:46.0887930Z" end-time="2024-06-27T14:28:46.0890720Z" duration="0.000279" asserts="3" />
            <test-case id="1-1041" name="NArray_IterateIntersection_AnyCellAtEdge1x1" fullname="PlayersWorlds.Maps.NArrayTest.NArray_IterateIntersection_AnyCellAtEdge1x1" methodname="NArray_IterateIntersection_AnyCellAtEdge1x1" classname="PlayersWorlds.Maps.NArrayTest" runstate="Runnable" seed="469357512" result="Passed" start-time="2024-06-27T14:28:46.0890800Z" end-time="2024-06-27T14:28:46.0892570Z" duration="0.000178" asserts="2" />
            <test-case id="1-1042" name="NArray_IterateIntersection_AnyCellAtFarEdge2x2" fullname="PlayersWorlds.Maps.NArrayTest.NArray_IterateIntersection_AnyCellAtFarEdge2x2" methodname="NArray_IterateIntersection_AnyCellAtFarEdge2x2" classname="PlayersWorlds.Maps.NArrayTest" runstate="Runnable" seed="922329353" result="Passed" start-time="2024-06-27T14:28:46.0892640Z" end-time="2024-06-27T14:28:46.0894150Z" duration="0.000151" asserts="2" />
            <test-case id="1-1039" name="NArray_IterateIntersection_AnyCellAtP1x1" fullname="PlayersWorlds.Maps.NArrayTest.NArray_IterateIntersection_AnyCellAtP1x1" methodname="NArray_IterateIntersection_AnyCellAtP1x1" classname="PlayersWorlds.Maps.NArrayTest" runstate="Runnable" seed="414949059" result="Passed" start-time="2024-06-27T14:28:46.0894220Z" end-time="2024-06-27T14:28:46.0895940Z" duration="0.000172" asserts="2" />
            <test-case id="1-1031" name="NArray_IterateIntersection_HandlesOverlap" fullname="PlayersWorlds.Maps.NArrayTest.NArray_IterateIntersection_HandlesOverlap" methodname="NArray_IterateIntersection_HandlesOverlap" classname="PlayersWorlds.Maps.NArrayTest" runstate="Runnable" seed="1186473625" result="Passed" start-time="2024-06-27T14:28:46.0896020Z" end-time="2024-06-27T14:28:46.0899480Z" duration="0.000346" asserts="1" />
            <test-case id="1-1030" name="NArray_IterateRegion_HandlesDimensionsMismatch" fullname="PlayersWorlds.Maps.NArrayTest.NArray_IterateRegion_HandlesDimensionsMismatch" methodname="NArray_IterateRegion_HandlesDimensionsMismatch" classname="PlayersWorlds.Maps.NArrayTest" runstate="Runnable" seed="708407253" result="Passed" start-time="2024-06-27T14:28:46.0899550Z" end-time="2024-06-27T14:28:46.0904230Z" duration="0.000468" asserts="3" />
            <test-case id="1-1029" name="NArray_IterateRegion_HandlesOutOfBounds" fullname="PlayersWorlds.Maps.NArrayTest.NArray_IterateRegion_HandlesOutOfBounds" methodname="NArray_IterateRegion_HandlesOutOfBounds" classname="PlayersWorlds.Maps.NArrayTest" runstate="Runnable" seed="298513938" result="Passed" start-time="2024-06-27T14:28:46.0904310Z" end-time="2024-06-27T14:28:46.0909500Z" duration="0.000519" asserts="4" />
            <test-case id="1-1028" name="NArray_IterateRegion_ReturnsCorrectCells" fullname="PlayersWorlds.Maps.NArrayTest.NArray_IterateRegion_ReturnsCorrectCells" methodname="NArray_IterateRegion_ReturnsCorrectCells" classname="PlayersWorlds.Maps.NArrayTest" runstate="Runnable" seed="117072631" result="Passed" start-time="2024-06-27T14:28:46.0909570Z" end-time="2024-06-27T14:28:46.0910780Z" duration="0.000121" asserts="1" />
            <test-case id="1-1044" name="SaveRegion_Empty" fullname="PlayersWorlds.Maps.NArrayTest.SaveRegion_Empty" methodname="SaveRegion_Empty" classname="PlayersWorlds.Maps.NArrayTest" runstate="Runnable" seed="701259367" result="Passed" start-time="2024-06-27T14:28:46.0910850Z" end-time="2024-06-27T14:28:46.0914200Z" duration="0.000335" asserts="1" />
          </test-suite>
          <test-suite type="TestFixture" id="1-1045" name="OptionalTest" fullname="PlayersWorlds.Maps.OptionalTest" classname="PlayersWorlds.Maps.OptionalTest" runstate="Runnable" testcasecount="7" result="Passed" start-time="2024-06-27T14:28:46.0914420Z" end-time="2024-06-27T14:28:46.0930700Z" duration="0.001628" total="7" passed="7" failed="0" warnings="0" inconclusive="0" skipped="0" asserts="25">
            <test-case id="1-1051" name="Optional_CanBeCastToT" fullname="PlayersWorlds.Maps.OptionalTest.Optional_CanBeCastToT" methodname="Optional_CanBeCastToT" classname="PlayersWorlds.Maps.OptionalTest" runstate="Runnable" seed="482358717" result="Passed" start-time="2024-06-27T14:28:46.0914970Z" end-time="2024-06-27T14:28:46.0916420Z" duration="0.000145" asserts="1" />
            <test-case id="1-1046" name="Optional_Equality" fullname="PlayersWorlds.Maps.OptionalTest.Optional_Equality" methodname="Optional_Equality" classname="PlayersWorlds.Maps.OptionalTest" runstate="Runnable" seed="1390003727" result="Passed" start-time="2024-06-27T14:28:46.0916490Z" end-time="2024-06-27T14:28:46.0918460Z" duration="0.000197" asserts="3" />
            <test-case id="1-1048" name="Optional_Equals" fullname="PlayersWorlds.Maps.OptionalTest.Optional_Equals" methodname="Optional_Equals" classname="PlayersWorlds.Maps.OptionalTest" runstate="Runnable" seed="325869709" result="Passed" start-time="2024-06-27T14:28:46.0918530Z" end-time="2024-06-27T14:28:46.0921410Z" duration="0.000287" asserts="5" />
            <test-case id="1-1050" name="Optional_GetHashCode" fullname="PlayersWorlds.Maps.OptionalTest.Optional_GetHashCode" methodname="Optional_GetHashCode" classname="PlayersWorlds.Maps.OptionalTest" runstate="Runnable" seed="1406383698" result="Passed" start-time="2024-06-27T14:28:46.0921480Z" end-time="2024-06-27T14:28:46.0923600Z" duration="0.000212" asserts="3" />
            <test-case id="1-1049" name="Optional_Null" fullname="PlayersWorlds.Maps.OptionalTest.Optional_Null" methodname="Optional_Null" classname="PlayersWorlds.Maps.OptionalTest" runstate="Runnable" seed="1142567006" result="Passed" start-time="2024-06-27T14:28:46.0923670Z" end-time="2024-06-27T14:28:46.0927450Z" duration="0.000378" asserts="9" />
            <test-case id="1-1047" name="Optional_ThrowsIfNoValue" fullname="PlayersWorlds.Maps.OptionalTest.Optional_ThrowsIfNoValue" methodname="Optional_ThrowsIfNoValue" classname="PlayersWorlds.Maps.OptionalTest" runstate="Runnable" seed="1743639513" result="Passed" start-time="2024-06-27T14:28:46.0927520Z" end-time="2024-06-27T14:28:46.0928980Z" duration="0.000145" asserts="2" />
            <test-case id="1-1052" name="Optional_ToStringShowsValue" fullname="PlayersWorlds.Maps.OptionalTest.Optional_ToStringShowsValue" methodname="Optional_ToStringShowsValue" classname="PlayersWorlds.Maps.OptionalTest" runstate="Runnable" seed="96153720" result="Passed" start-time="2024-06-27T14:28:46.0929040Z" end-time="2024-06-27T14:28:46.0930600Z" duration="0.000156" asserts="2" />
          </test-suite>
          <test-suite type="TestSuite" id="1-2074" name="Renderers" fullname="PlayersWorlds.Maps.Renderers" runstate="Runnable" testcasecount="1" result="Passed" start-time="2024-06-27T14:28:45.2091920Z" end-time="2024-06-27T14:28:46.0944890Z" duration="0.885297" total="1" passed="1" failed="0" warnings="0" inconclusive="0" skipped="0" asserts="1">
            <test-suite type="TestFixture" id="1-1141" name="Map2DStringRendererTest" fullname="PlayersWorlds.Maps.Renderers.Map2DStringRendererTest" classname="PlayersWorlds.Maps.Renderers.Map2DStringRendererTest" runstate="Runnable" testcasecount="1" result="Passed" start-time="2024-06-27T14:28:46.0930810Z" end-time="2024-06-27T14:28:46.0944830Z" duration="0.001401" total="1" passed="1" failed="0" warnings="0" inconclusive="0" skipped="0" asserts="1">
              <test-case id="1-1142" name="TestRender" fullname="PlayersWorlds.Maps.Renderers.Map2DStringRendererTest.TestRender" methodname="TestRender" classname="PlayersWorlds.Maps.Renderers.Map2DStringRendererTest" runstate="Runnable" seed="396160628" result="Passed" start-time="2024-06-27T14:28:46.0931360Z" end-time="2024-06-27T14:28:46.0944720Z" duration="0.001336" asserts="1" />
            </test-suite>
          </test-suite>
          <test-suite type="TestSuite" id="1-2073" name="Serializer" fullname="PlayersWorlds.Maps.Serializer" runstate="Runnable" testcasecount="33" result="Passed" start-time="2024-06-27T14:28:45.2091970Z" end-time="2024-06-27T14:28:46.1098400Z" duration="0.900643" total="33" passed="33" failed="0" warnings="0" inconclusive="0" skipped="0" asserts="145">
            <test-suite type="TestFixture" id="1-1104" name="AreaSerializerTest" fullname="PlayersWorlds.Maps.Serializer.AreaSerializerTest" classname="PlayersWorlds.Maps.Serializer.AreaSerializerTest" runstate="Runnable" testcasecount="9" result="Passed" start-time="2024-06-27T14:28:46.0944980Z" end-time="2024-06-27T14:28:46.1019850Z" duration="0.007487" total="9" passed="9" failed="0" warnings="0" inconclusive="0" skipped="0" asserts="75">
              <test-case id="1-1106" name="CanSerializeAndDeserializeAnAreaWithCells" fullname="PlayersWorlds.Maps.Serializer.AreaSerializerTest.CanSerializeAndDeserializeAnAreaWithCells" methodname="CanSerializeAndDeserializeAnAreaWithCells" classname="PlayersWorlds.Maps.Serializer.AreaSerializerTest" runstate="Runnable" seed="219778568" result="Passed" start-time="2024-06-27T14:28:46.0945390Z" end-time="2024-06-27T14:28:46.0974000Z" duration="0.002861" asserts="7" />
              <test-case id="1-1107" name="CanSerializeAndDeserializeAnAreaWithChildAreas" fullname="PlayersWorlds.Maps.Serializer.AreaSerializerTest.CanSerializeAndDeserializeAnAreaWithChildAreas" methodname="CanSerializeAndDeserializeAnAreaWithChildAreas" classname="PlayersWorlds.Maps.Serializer.AreaSerializerTest" runstate="Runnable" seed="1900969728" result="Passed" start-time="2024-06-27T14:28:46.0974090Z" end-time="2024-06-27T14:28:46.0980950Z" duration="0.000686" asserts="13" />
              <test-case id="1-1113" name="CanSerializeAndDeserializeAnAreaWithLinkedCells" fullname="PlayersWorlds.Maps.Serializer.AreaSerializerTest.CanSerializeAndDeserializeAnAreaWithLinkedCells" methodname="CanSerializeAndDeserializeAnAreaWithLinkedCells" classname="PlayersWorlds.Maps.Serializer.AreaSerializerTest" runstate="Runnable" seed="942996857" result="Passed" start-time="2024-06-27T14:28:46.0981030Z" end-time="2024-06-27T14:28:46.0988070Z" duration="0.000704" asserts="1" />
              <test-case id="1-1112" name="CanSerializeAndDeserializeAnAreaWithMixedChildAreas" fullname="PlayersWorlds.Maps.Serializer.AreaSerializerTest.CanSerializeAndDeserializeAnAreaWithMixedChildAreas" methodname="CanSerializeAndDeserializeAnAreaWithMixedChildAreas" classname="PlayersWorlds.Maps.Serializer.AreaSerializerTest" runstate="Runnable" seed="276070205" result="Passed" start-time="2024-06-27T14:28:46.0988140Z" end-time="2024-06-27T14:28:46.0994990Z" duration="0.000685" asserts="13" />
              <test-case id="1-1108" name="CanSerializeAndDeserializeAnAreaWithPosition" fullname="PlayersWorlds.Maps.Serializer.AreaSerializerTest.CanSerializeAndDeserializeAnAreaWithPosition" methodname="CanSerializeAndDeserializeAnAreaWithPosition" classname="PlayersWorlds.Maps.Serializer.AreaSerializerTest" runstate="Runnable" seed="754818826" result="Passed" start-time="2024-06-27T14:28:46.0995070Z" end-time="2024-06-27T14:28:46.0998250Z" duration="0.000318" asserts="5" />
              <test-case id="1-1111" name="CanSerializeAndDeserializeAnAreaWithPositionedChildAreas" fullname="PlayersWorlds.Maps.Serializer.AreaSerializerTest.CanSerializeAndDeserializeAnAreaWithPositionedChildAreas" methodname="CanSerializeAndDeserializeAnAreaWithPositionedChildAreas" classname="PlayersWorlds.Maps.Serializer.AreaSerializerTest" runstate="Runnable" seed="1008196342" result="Passed" start-time="2024-06-27T14:28:46.0998330Z" end-time="2024-06-27T14:28:46.1005220Z" duration="0.000689" asserts="13" />
              <test-case id="1-1109" name="CanSerializeAndDeserializeAnAreaWithTags" fullname="PlayersWorlds.Maps.Serializer.AreaSerializerTest.CanSerializeAndDeserializeAnAreaWithTags" methodname="CanSerializeAndDeserializeAnAreaWithTags" classname="PlayersWorlds.Maps.Serializer.AreaSerializerTest" runstate="Runnable" seed="1494475470" result="Passed" start-time="2024-06-27T14:28:46.1005290Z" end-time="2024-06-27T14:28:46.1011470Z" duration="0.000617" asserts="5" />
              <test-case id="1-1110" name="CanSerializeAndDeserializeAnAreaWithUnpositionedChildAreas" fullname="PlayersWorlds.Maps.Serializer.AreaSerializerTest.CanSerializeAndDeserializeAnAreaWithUnpositionedChildAreas" methodname="CanSerializeAndDeserializeAnAreaWithUnpositionedChildAreas" classname="PlayersWorlds.Maps.Serializer.AreaSerializerTest" runstate="Runnable" seed="1878913886" result="Passed" start-time="2024-06-27T14:28:46.1011550Z" end-time="2024-06-27T14:28:46.1017240Z" duration="0.000569" asserts="13" />
[...]
              <test-case id="1-1136" name="CanDeserializeCellWithLinks" fullname="PlayersWorlds.Maps.Serializer.CellSerializerTest.CanDeserializeCellWithLinks" methodname="CanDeserializeCellWithLinks" classname="PlayersWorlds.Maps.Serializer.CellSerializerTest" runstate="Runnable" seed="39158283" result="Passed" start-time="2024-06-27T14:28:46.1072830Z" end-time="2024-06-27T14:28:46.1074680Z" duration="0.000186" asserts="4" />
              <test-case id="1-1140" name="CanDeserializeCellWithLinksAndTags" fullname="PlayersWorlds.Maps.Serializer.CellSerializerTest.CanDeserializeCellWithLinksAndTags" methodname="CanDeserializeCellWithLinksAndTags" classname="PlayersWorlds.Maps.Serializer.CellSerializerTest" runstate="Runnable" seed="326120819" result="Passed" start-time="2024-06-27T14:28:46.1074760Z" end-time="2024-06-27T14:28:46.1076910Z" duration="0.000215" asserts="6" />
              <test-case id="1-1138" name="CanDeserializeCellWithTags" fullname="PlayersWorlds.Maps.Serializer.CellSerializerTest.CanDeserializeCellWithTags" methodname="CanDeserializeCellWithTags" classname="PlayersWorlds.Maps.Serializer.CellSerializerTest" runstate="Runnable" seed="823129735" result="Passed" start-time="2024-06-27T14:28:46.1078200Z" end-time="2024-06-27T14:28:46.1079720Z" duration="0.000153" asserts="4" />
              <test-case id="1-1134" name="CanDeserializeEmptyCell" fullname="PlayersWorlds.Maps.Serializer.CellSerializerTest.CanDeserializeEmptyCell" methodname="CanDeserializeEmptyCell" classname="PlayersWorlds.Maps.Serializer.CellSerializerTest" runstate="Runnable" seed="704515742" result="Passed" start-time="2024-06-27T14:28:46.1079790Z" end-time="2024-06-27T14:28:46.1080880Z" duration="0.000109" asserts="3" />
              <test-case id="1-1135" name="CanSerializeCellWithLinks" fullname="PlayersWorlds.Maps.Serializer.CellSerializerTest.CanSerializeCellWithLinks" methodname="CanSerializeCellWithLinks" classname="PlayersWorlds.Maps.Serializer.CellSerializerTest" runstate="Runnable" seed="789845536" result="Passed" start-time="2024-06-27T14:28:46.1080940Z" end-time="2024-06-27T14:28:46.1085720Z" duration="0.000478" asserts="1" />
              <test-case id="1-1139" name="CanSerializeCellWithLinksAndTags" fullname="PlayersWorlds.Maps.Serializer.CellSerializerTest.CanSerializeCellWithLinksAndTags" methodname="CanSerializeCellWithLinksAndTags" classname="PlayersWorlds.Maps.Serializer.CellSerializerTest" runstate="Runnable" seed="1681275966" result="Passed" start-time="2024-06-27T14:28:46.1085800Z" end-time="2024-06-27T14:28:46.1090610Z" duration="0.000482" asserts="1" />
              <test-case id="1-1137" name="CanSerializeCellWithTags" fullname="PlayersWorlds.Maps.Serializer.CellSerializerTest.CanSerializeCellWithTags" methodname="CanSerializeCellWithTags" classname="PlayersWorlds.Maps.Serializer.CellSerializerTest" runstate="Runnable" seed="696436151" result="Passed" start-time="2024-06-27T14:28:46.1090690Z" end-time="2024-06-27T14:28:46.1094820Z" duration="0.000413" asserts="1" />
              <test-case id="1-1133" name="CanSerializeEmptyCell" fullname="PlayersWorlds.Maps.Serializer.CellSerializerTest.CanSerializeEmptyCell" methodname="CanSerializeEmptyCell" classname="PlayersWorlds.Maps.Serializer.CellSerializerTest" runstate="Runnable" seed="1542660265" result="Passed" start-time="2024-06-27T14:28:46.1094890Z" end-time="2024-06-27T14:28:46.1098250Z" duration="0.000336" asserts="1" />
            </test-suite>
          </test-suite>
          <test-suite type="TestFixture" id="1-1062" name="VectorDTest" fullname="PlayersWorlds.Maps.VectorDTest" classname="PlayersWorlds.Maps.VectorDTest" runstate="Runnable" testcasecount="11" result="Passed" start-time="2024-06-27T14:28:46.1098490Z" end-time="2024-06-27T14:28:46.1124290Z" duration="0.002580" total="11" passed="11" failed="0" warnings="0" inconclusive="0" skipped="0" asserts="33">
            <test-case id="1-1070" name="CanAddAndSubtract" fullname="PlayersWorlds.Maps.VectorDTest.CanAddAndSubtract" methodname="CanAddAndSubtract" classname="PlayersWorlds.Maps.VectorDTest" runstate="Runnable" seed="1932799338" result="Passed" start-time="2024-06-27T14:28:46.1099030Z" end-time="2024-06-27T14:28:46.1102060Z" duration="0.000303" asserts="5" />
            <test-case id="1-1071" name="ConstructorChecksArguments" fullname="PlayersWorlds.Maps.VectorDTest.ConstructorChecksArguments" methodname="ConstructorChecksArguments" classname="PlayersWorlds.Maps.VectorDTest" runstate="Runnable" seed="1518777921" result="Passed" start-time="2024-06-27T14:28:46.1102130Z" end-time="2024-06-27T14:28:46.1103260Z" duration="0.000113" asserts="1" />
            <test-case id="1-1064" name="EqualityIsCheckedByValue" fullname="PlayersWorlds.Maps.VectorDTest.EqualityIsCheckedByValue" methodname="EqualityIsCheckedByValue" classname="PlayersWorlds.Maps.VectorDTest" runstate="Runnable" seed="1749443025" result="Passed" start-time="2024-06-27T14:28:46.1103330Z" end-time="2024-06-27T14:28:46.1105310Z" duration="0.000199" asserts="4" />
            <test-case id="1-1065" name="GetHashCodeIsDerivedFromValue" fullname="PlayersWorlds.Maps.VectorDTest.GetHashCodeIsDerivedFromValue" methodname="GetHashCodeIsDerivedFromValue" classname="PlayersWorlds.Maps.VectorDTest" runstate="Runnable" seed="505426733" result="Passed" start-time="2024-06-27T14:28:46.1105380Z" end-time="2024-06-27T14:28:46.1106140Z" duration="0.000076" asserts="1" />
            <test-case id="1-1068" name="InitializedAsNull" fullname="PlayersWorlds.Maps.VectorDTest.InitializedAsNull" methodname="InitializedAsNull" classname="PlayersWorlds.Maps.VectorDTest" runstate="Runnable" seed="568160907" result="Passed" start-time="2024-06-27T14:28:46.1106200Z" end-time="2024-06-27T14:28:46.1107190Z" duration="0.000099" asserts="1" />
            <test-case id="1-1067" name="InitializedEmpty" fullname="PlayersWorlds.Maps.VectorDTest.InitializedEmpty" methodname="InitializedEmpty" classname="PlayersWorlds.Maps.VectorDTest" runstate="Runnable" seed="1099116517" result="Passed" start-time="2024-06-27T14:28:46.1107250Z" end-time="2024-06-27T14:28:46.1109750Z" duration="0.000250" asserts="4" />
            <test-case id="1-1063" name="IsInitialized" fullname="PlayersWorlds.Maps.VectorDTest.IsInitialized" methodname="IsInitialized" classname="PlayersWorlds.Maps.VectorDTest" runstate="Runnable" seed="854865845" result="Passed" start-time="2024-06-27T14:28:46.1109820Z" end-time="2024-06-27T14:28:46.1114400Z" duration="0.000458" asserts="2" />
            <test-case id="1-1069" name="IsZero" fullname="PlayersWorlds.Maps.VectorDTest.IsZero" methodname="IsZero" classname="PlayersWorlds.Maps.VectorDTest" runstate="Runnable" seed="645747662" result="Passed" start-time="2024-06-27T14:28:46.1114470Z" end-time="2024-06-27T14:28:46.1115570Z" duration="0.000110" asserts="3" />
            <test-case id="1-1072" name="SnappedForce" fullname="PlayersWorlds.Maps.VectorDTest.SnappedForce" methodname="SnappedForce" classname="PlayersWorlds.Maps.VectorDTest" runstate="Runnable" seed="223737267" result="Passed" start-time="2024-06-27T14:28:46.1115630Z" end-time="2024-06-27T14:28:46.1119290Z" duration="0.000366" asserts="9" />
            <test-case id="1-1066" name="ToStringFormat" fullname="PlayersWorlds.Maps.VectorDTest.ToStringFormat" methodname="ToStringFormat" classname="PlayersWorlds.Maps.VectorDTest" runstate="Runnable" seed="1479135446" result="Passed" start-time="2024-06-27T14:28:46.1119360Z" end-time="2024-06-27T14:28:46.1120150Z" duration="0.000079" asserts="1" />
            <test-case id="1-1073" name="VectorD_Parse" fullname="PlayersWorlds.Maps.VectorDTest.VectorD_Parse" methodname="VectorD_Parse" classname="PlayersWorlds.Maps.VectorDTest" runstate="Runnable" seed="82782434" result="Passed" start-time="2024-06-27T14:28:46.1120220Z" end-time="2024-06-27T14:28:46.1124180Z" duration="0.000397" asserts="2" />
          </test-suite>
          <test-suite type="TestFixture" id="1-1074" name="VectorTest" fullname="PlayersWorlds.Maps.VectorTest" classname="PlayersWorlds.Maps.VectorTest" runstate="Runnable" testcasecount="29" result="Passed" start-time="2024-06-27T14:28:46.1124400Z" end-time="2024-06-27T14:28:46.1198050Z" duration="0.007365" total="29" passed="29" failed="0" warnings="0" inconclusive="0" skipped="0" asserts="229">
            <test-case id="1-1091" name="FitsInto" fullname="PlayersWorlds.Maps.VectorTest.FitsInto" methodname="FitsInto" classname="PlayersWorlds.Maps.VectorTest" runstate="Runnable" seed="1299215201" result="Passed" start-time="2024-06-27T14:28:46.1124930Z" end-time="2024-06-27T14:28:46.1126280Z" duration="0.000135" asserts="3" />
            <test-case id="1-1094" name="FromIndex_Matches_FromIndex" fullname="PlayersWorlds.Maps.VectorTest.FromIndex_Matches_FromIndex" methodname="FromIndex_Matches_FromIndex" classname="PlayersWorlds.Maps.VectorTest" runstate="Runnable" seed="1233501942" result="Passed" start-time="2024-06-27T14:28:46.1126360Z" end-time="2024-06-27T14:28:46.1127360Z" duration="0.000100" asserts="1" />
            <test-case id="1-1102" name="FromIndex_ShouldThrowException_DimensionMismatch" fullname="PlayersWorlds.Maps.VectorTest.FromIndex_ShouldThrowException_DimensionMismatch" methodname="FromIndex_ShouldThrowException_DimensionMismatch" classname="PlayersWorlds.Maps.VectorTest" runstate="Runnable" seed="1837445959" result="Passed" start-time="2024-06-27T14:28:46.1127430Z" end-time="2024-06-27T14:28:46.1131020Z" duration="0.000359" asserts="1" />
            <test-case id="1-1092" name="IsIn" fullname="PlayersWorlds.Maps.VectorTest.IsIn" methodname="IsIn" classname="PlayersWorlds.Maps.VectorTest" runstate="Runnable" seed="812935024" result="Passed" start-time="2024-06-27T14:28:46.1131100Z" end-time="2024-06-27T14:28:46.1141700Z" duration="0.001060" asserts="7" />
            <test-case id="1-1103" name="NorthEastComparer_ComparesCorrectly" fullname="PlayersWorlds.Maps.VectorTest.NorthEastComparer_ComparesCorrectly" methodname="NorthEastComparer_ComparesCorrectly" classname="PlayersWorlds.Maps.VectorTest" runstate="Runnable" seed="1023693485" result="Passed" start-time="2024-06-27T14:28:46.1141780Z" end-time="2024-06-27T14:28:46.1148940Z" duration="0.000716" asserts="1" />
            <test-case id="1-1076" name="Size_NotInitialized" fullname="PlayersWorlds.Maps.VectorTest.Size_NotInitialized" methodname="Size_NotInitialized" classname="PlayersWorlds.Maps.VectorTest" runstate="Runnable" seed="17563320" result="Passed" start-time="2024-06-27T14:28:46.1149020Z" end-time="2024-06-27T14:28:46.1150810Z" duration="0.000180" asserts="2" />
            <test-case id="1-1098" name="ToIndex_FromIndex_RoundTripConversion" fullname="PlayersWorlds.Maps.VectorTest.ToIndex_FromIndex_RoundTripConversion" methodname="ToIndex_FromIndex_RoundTripConversion" classname="PlayersWorlds.Maps.VectorTest" runstate="Runnable" seed="1048723266" result="Passed" start-time="2024-06-27T14:28:46.1150890Z" end-time="2024-06-27T14:28:46.1157620Z" duration="0.000673" asserts="150" />
            <test-case id="1-1099" name="ToIndex_FromIndex_Valid5D" fullname="PlayersWorlds.Maps.VectorTest.ToIndex_FromIndex_Valid5D" methodname="ToIndex_FromIndex_Valid5D" classname="PlayersWorlds.Maps.VectorTest" runstate="Runnable" seed="1537723722" result="Passed" start-time="2024-06-27T14:28:46.1157690Z" end-time="2024-06-27T14:28:46.1161040Z" duration="0.000335" asserts="13" />
            <test-case id="1-1093" name="ToIndex_Matches_ToIndex" fullname="PlayersWorlds.Maps.VectorTest.ToIndex_Matches_ToIndex" methodname="ToIndex_Matches_ToIndex" classname="PlayersWorlds.Maps.VectorTest" runstate="Runnable" seed="2047458959" result="Passed" start-time="2024-06-27T14:28:46.1161110Z" end-time="2024-06-27T14:28:46.1162140Z" duration="0.000103" asserts="1" />
            <test-case id="1-1095" name="ToIndex_ShouldCalculateCorrectIndex_1D" fullname="PlayersWorlds.Maps.VectorTest.ToIndex_ShouldCalculateCorrectIndex_1D" methodname="ToIndex_ShouldCalculateCorrectIndex_1D" classname="PlayersWorlds.Maps.VectorTest" runstate="Runnable" seed="883388640" result="Passed" start-time="2024-06-27T14:28:46.1162210Z" end-time="2024-06-27T14:28:46.1163490Z" duration="0.000128" asserts="2" />
            <test-case id="1-1096" name="ToIndex_ShouldCalculateCorrectIndex_2D" fullname="PlayersWorlds.Maps.VectorTest.ToIndex_ShouldCalculateCorrectIndex_2D" methodname="ToIndex_ShouldCalculateCorrectIndex_2D" classname="PlayersWorlds.Maps.VectorTest" runstate="Runnable" seed="879892424" result="Passed" start-time="2024-06-27T14:28:46.1163550Z" end-time="2024-06-27T14:28:46.1164500Z" duration="0.000094" asserts="2" />
            <test-case id="1-1097" name="ToIndex_ShouldCalculateCorrectIndex_3D" fullname="PlayersWorlds.Maps.VectorTest.ToIndex_ShouldCalculateCorrectIndex_3D" methodname="ToIndex_ShouldCalculateCorrectIndex_3D" classname="PlayersWorlds.Maps.VectorTest" runstate="Runnable" seed="1922089704" result="Passed" start-time="2024-06-27T14:28:46.1164560Z" end-time="2024-06-27T14:28:46.1165680Z" duration="0.000112" asserts="2" />
            <test-case id="1-1101" name="ToIndex_ShouldThrowException_DimensionMismatch" fullname="PlayersWorlds.Maps.VectorTest.ToIndex_ShouldThrowException_DimensionMismatch" methodname="ToIndex_ShouldThrowException_DimensionMismatch" classname="PlayersWorlds.Maps.VectorTest" runstate="Runnable" seed="1029647549" result="Passed" start-time="2024-06-27T14:28:46.1165740Z" end-time="2024-06-27T14:28:46.1168210Z" duration="0.000247" asserts="1" />
            <test-case id="1-1100" name="ToIndex_ShouldThrowException_DimensionOverflow" fullname="PlayersWorlds.Maps.VectorTest.ToIndex_ShouldThrowException_DimensionOverflow" methodname="ToIndex_ShouldThrowException_DimensionOverflow" classname="PlayersWorlds.Maps.VectorTest" runstate="Runnable" seed="1192162049" result="Passed" start-time="2024-06-27T14:28:46.1168280Z" end-time="2024-06-27T14:28:46.1170130Z" duration="0.000185" asserts="1" />
            <test-case id="1-1084" name="Vector_CanAddAndSubtract" fullname="PlayersWorlds.Maps.VectorTest.Vector_CanAddAndSubtract" methodname="Vector_CanAddAndSubtract" classname="PlayersWorlds.Maps.VectorTest" runstate="Runnable" seed="612730431" result="Passed" start-time="2024-06-27T14:28:46.1170210Z" end-time="2024-06-27T14:28:46.1173820Z" duration="0.000361" asserts="6" />
            <test-case id="1-1085" name="Vector_ConstructorChecksArguments" fullname="PlayersWorlds.Maps.VectorTest.Vector_ConstructorChecksArguments" methodname="Vector_ConstructorChecksArguments" classname="PlayersWorlds.Maps.VectorTest" runstate="Runnable" seed="132514734" result="Passed" start-time="2024-06-27T14:28:46.1173890Z" end-time="2024-06-27T14:28:46.1174830Z" duration="0.000094" asserts="1" />
            <test-case id="1-1082" name="Vector_EmptyIsEmpty" fullname="PlayersWorlds.Maps.VectorTest.Vector_EmptyIsEmpty" methodname="Vector_EmptyIsEmpty" classname="PlayersWorlds.Maps.VectorTest" runstate="Runnable" seed="1540649745" result="Passed" start-time="2024-06-27T14:28:46.1174910Z" end-time="2024-06-27T14:28:46.1175590Z" duration="0.000068" asserts="1" />
            <test-case id="1-1081" name="Vector_EmptyVectorIsEmpty" fullname="PlayersWorlds.Maps.VectorTest.Vector_EmptyVectorIsEmpty" methodname="Vector_EmptyVectorIsEmpty" classname="PlayersWorlds.Maps.VectorTest" runstate="Runnable" seed="296187971" result="Passed" start-time="2024-06-27T14:28:46.1175660Z" end-time="2024-06-27T14:28:46.1176290Z" duration="0.000064" asserts="1" />
            <test-case id="1-1077" name="Vector_EqualityIsCheckedByValue" fullname="PlayersWorlds.Maps.VectorTest.Vector_EqualityIsCheckedByValue" methodname="Vector_EqualityIsCheckedByValue" classname="PlayersWorlds.Maps.VectorTest" runstate="Runnable" seed="1805229050" result="Passed" start-time="2024-06-27T14:28:46.1176350Z" end-time="2024-06-27T14:28:46.1178120Z" duration="0.000177" asserts="5" />
            <test-case id="1-1089" name="Vector_FromIndex" fullname="PlayersWorlds.Maps.VectorTest.Vector_FromIndex" methodname="Vector_FromIndex" classname="PlayersWorlds.Maps.VectorTest" runstate="Runnable" seed="894782555" result="Passed" start-time="2024-06-27T14:28:46.1178190Z" end-time="2024-06-27T14:28:46.1179300Z" duration="0.000112" asserts="2" />
            <test-case id="1-1078" name="Vector_GetHashCodeIsDerivedFromValue" fullname="PlayersWorlds.Maps.VectorTest.Vector_GetHashCodeIsDerivedFromValue" methodname="Vector_GetHashCodeIsDerivedFromValue" classname="PlayersWorlds.Maps.VectorTest" runstate="Runnable" seed="1775323423" result="Passed" start-time="2024-06-27T14:28:46.1179370Z" end-time="2024-06-27T14:28:46.1181390Z" duration="0.000203" asserts="2" />
            <test-case id="1-1075" name="Vector_IsInitialized" fullname="PlayersWorlds.Maps.VectorTest.Vector_IsInitialized" methodname="Vector_IsInitialized" classname="PlayersWorlds.Maps.VectorTest" runstate="Runnable" seed="348619900" result="Passed" start-time="2024-06-27T14:28:46.1181460Z" end-time="2024-06-27T14:28:46.1182240Z" duration="0.000078" asserts="2" />
            <test-case id="1-1083" name="Vector_NotEqualToNull" fullname="PlayersWorlds.Maps.VectorTest.Vector_NotEqualToNull" methodname="Vector_NotEqualToNull" classname="PlayersWorlds.Maps.VectorTest" runstate="Runnable" seed="591170764" result="Passed" start-time="2024-06-27T14:28:46.1182310Z" end-time="2024-06-27T14:28:46.1184080Z" duration="0.000177" asserts="3" />
            <test-case id="1-1087" name="Vector_SnappedForce" fullname="PlayersWorlds.Maps.VectorTest.Vector_SnappedForce" methodname="Vector_SnappedForce" classname="PlayersWorlds.Maps.VectorTest" runstate="Runnable" seed="318651082" result="Passed" start-time="2024-06-27T14:28:46.1184160Z" end-time="2024-06-27T14:28:46.1190950Z" duration="0.000680" asserts="9" />
            <test-case id="1-1086" name="Vector_ThrowsIfNotAValidSize" fullname="PlayersWorlds.Maps.VectorTest.Vector_ThrowsIfNotAValidSize" methodname="Vector_ThrowsIfNotAValidSize" classname="PlayersWorlds.Maps.VectorTest" runstate="Runnable" seed="1856258981" result="Passed" start-time="2024-06-27T14:28:46.1191020Z" end-time="2024-06-27T14:28:46.1193480Z" duration="0.000246" asserts="3" />
            <test-case id="1-1088" name="Vector_ToIndex" fullname="PlayersWorlds.Maps.VectorTest.Vector_ToIndex" methodname="Vector_ToIndex" classname="PlayersWorlds.Maps.VectorTest" runstate="Runnable" seed="277688545" result="Passed" start-time="2024-06-27T14:28:46.1193550Z" end-time="2024-06-27T14:28:46.1195300Z" duration="0.000175" asserts="3" />
            <test-case id="1-1079" name="Vector_ToStringFormat" fullname="PlayersWorlds.Maps.VectorTest.Vector_ToStringFormat" methodname="Vector_ToStringFormat" classname="PlayersWorlds.Maps.VectorTest" runstate="Runnable" seed="1247864029" result="Passed" start-time="2024-06-27T14:28:46.1195370Z" end-time="2024-06-27T14:28:46.1196220Z" duration="0.000085" asserts="2" />
            <test-case id="1-1080" name="Vector_ZeroVectorIsNotEmpty" fullname="PlayersWorlds.Maps.VectorTest.Vector_ZeroVectorIsNotEmpty" methodname="Vector_ZeroVectorIsNotEmpty" classname="PlayersWorlds.Maps.VectorTest" runstate="Runnable" seed="283253504" result="Passed" start-time="2024-06-27T14:28:46.1196280Z" end-time="2024-06-27T14:28:46.1197090Z" duration="0.000081" asserts="1" />
            <test-case id="1-1090" name="VectorD_Parse" fullname="PlayersWorlds.Maps.VectorTest.VectorD_Parse" methodname="VectorD_Parse" classname="PlayersWorlds.Maps.VectorTest" runstate="Runnable" seed="514562510" result="Passed" start-time="2024-06-27T14:28:46.1197160Z" end-time="2024-06-27T14:28:46.1197950Z" duration="0.000079" asserts="1" />
          </test-suite>
        </test-suite>
      </test-suite>
    </test-suite>
  </test-suite>
</test-run>