<?xml version="1.0" encoding="utf-8" standalone="no"?>
<test-run id="0" runstate="Runnable" testcasecount="1015" result="Skipped" label="Ignored" total="207" passed="206" failed="0" warnings="0" inconclusive="0" skipped="1" asserts="9003" engine-version="3.17.0.0" clr-version="4.0.30319.42000" start-time="2024-05-24 08:28:08Z" end-time="2024-05-24 08:28:10Z" duration="1.107458">
  <command-line><![CDATA[/home/data/repos/github.com/aynurin/maze-gen/packages/NUnit.ConsoleRunner.3.17.0/tools/nunit3-console.exe build/Debug/tests/PlayersWorlds.Maps.Tests.dll --framework=mono-4.0 "--where=Category!=Load AND Category!=Integration"]]></command-line>
  <filter>
    <and>
      <not>
        <prop name="Category">Load</prop>
      </not>
      <not>
        <prop name="Category">Integration</prop>
      </not>
    </and>
  </filter>
  <test-suite type="Assembly" id="1-2062" name="PlayersWorlds.Maps.Tests.dll" fullname="/home/data/repos/github.com/aynurin/maze-gen/build/Debug/tests/PlayersWorlds.Maps.Tests.dll" runstate="Runnable" testcasecount="1015" result="Skipped" label="Ignored" site="Child" start-time="2024-05-24T08:28:09.3489870Z" end-time="2024-05-24T08:28:09.9962250Z" duration="0.647180" total="207" passed="206" failed="0" warnings="0" inconclusive="0" skipped="1" asserts="9003">
    <environment framework-version="4.0.1.0" clr-version="4.0.30319.42000" os-version="Unix 6.1.84.1" platform="Unix" cwd="/home/data/repos/github.com/aynurin/maze-gen" machine-name="lightview" user="shav" user-domain="lightview" culture="en-US" uiculture="en-US" os-architecture="x64" />
    <settings>
      <setting name="RequestedRuntimeFramework" value="mono-4.0" />
      <setting name="DisposeRunners" value="True" />
      <setting name="WorkDirectory" value="/home/data/repos/github.com/aynurin/maze-gen" />
      <setting name="ImageRuntimeVersion" value="4.0.30319" />
      <setting name="ImageTargetFrameworkName" value=".NETFramework,Version=v4.7" />
      <setting name="ImageRequiresX86" value="False" />
      <setting name="ImageRequiresDefaultAppDomainAssemblyResolver" value="False" />
      <setting name="TargetRuntimeFramework" value="mono-4.0" />
      <setting name="NumberOfTestWorkers" value="24" />
    </settings>
    <properties>
      <property name="_PID" value="335963" />
      <property name="_APPDOMAIN" value="domain-" />
    </properties>
    <reason>
      <message><![CDATA[One or more child tests were ignored]]></message>
    </reason>
    <test-suite type="SetUpFixture" id="1-1003" name="[default namespace]" fullname="TestsSetup" classname="TestsSetup" runstate="Runnable" testcasecount="1015" result="Skipped" label="Ignored" site="Child" start-time="2024-05-24T08:28:09.3538250Z" end-time="2024-05-24T08:28:09.9962140Z" duration="0.642389" total="207" passed="206" failed="0" warnings="0" inconclusive="0" skipped="1" asserts="9003">
      <reason>
        <message><![CDATA[One or more child tests were ignored]]></message>
      </reason>
      <test-suite type="TestSuite" id="1-2063" name="PlayersWorlds" fullname="PlayersWorlds" runstate="Runnable" testcasecount="1013" result="Skipped" label="Ignored" site="Child" start-time="2024-05-24T08:28:09.3566310Z" end-time="2024-05-24T08:28:09.9960390Z" duration="0.639407" total="207" passed="206" failed="0" warnings="0" inconclusive="0" skipped="1" asserts="9003">
        <reason>
          <message><![CDATA[One or more child tests were ignored]]></message>
        </reason>
        <test-suite type="TestSuite" id="1-2064" name="Maps" fullname="PlayersWorlds.Maps" runstate="Runnable" testcasecount="1013" result="Skipped" label="Ignored" site="Child" start-time="2024-05-24T08:28:09.3566980Z" end-time="2024-05-24T08:28:09.9960340Z" duration="0.639336" total="207" passed="206" failed="0" warnings="0" inconclusive="0" skipped="1" asserts="9003">
          <reason>
            <message><![CDATA[One or more child tests were ignored]]></message>
          </reason>
          <test-suite type="TestSuite" id="1-2069" name="Areas" fullname="PlayersWorlds.Maps.Areas" runstate="Runnable" testcasecount="140" result="Passed" start-time="2024-05-24T08:28:09.3567080Z" end-time="2024-05-24T08:28:09.5812320Z" duration="0.224524" total="45" passed="45" failed="0" warnings="0" inconclusive="0" skipped="0" asserts="165">
            <test-suite type="TestSuite" id="1-2070" name="Evolving" fullname="PlayersWorlds.Maps.Areas.Evolving" runstate="Runnable" testcasecount="134" result="Passed" start-time="2024-05-24T08:28:09.3567150Z" end-time="2024-05-24T08:28:09.5738270Z" duration="0.217112" total="39" passed="39" failed="0" warnings="0" inconclusive="0" skipped="0" asserts="138">
              <test-suite type="TestFixture" id="1-1918" name="AreaDistributorTest" fullname="PlayersWorlds.Maps.Areas.Evolving.AreaDistributorTest" classname="PlayersWorlds.Maps.Areas.Evolving.AreaDistributorTest" runstate="Runnable" testcasecount="79" result="Passed" start-time="2024-05-24T08:28:09.3567660Z" end-time="2024-05-24T08:28:09.4582170Z" duration="0.101451" total="1" passed="1" failed="0" warnings="0" inconclusive="0" skipped="0" asserts="2">
                <test-case id="1-2001" name="AreaDistributorTest_CanLayout_Debug" fullname="PlayersWorlds.Maps.Areas.Evolving.AreaDistributorTest.AreaDistributorTest_CanLayout_Debug" methodname="AreaDistributorTest_CanLayout_Debug" classname="PlayersWorlds.Maps.Areas.Evolving.AreaDistributorTest" runstate="Runnable" seed="1254176837" result="Passed" start-time="2024-05-24T08:28:09.3568990Z" end-time="2024-05-24T08:28:09.4558770Z" duration="0.099051" asserts="2" />
              </test-suite>
              <test-suite type="TestFixture" id="1-2003" name="EvolvingSimulatorTest" fullname="PlayersWorlds.Maps.Areas.Evolving.EvolvingSimulatorTest" classname="PlayersWorlds.Maps.Areas.Evolving.EvolvingSimulatorTest" runstate="Runnable" testcasecount="2" result="Passed" start-time="2024-05-24T08:28:09.4594160Z" end-time="2024-05-24T08:28:09.5612780Z" duration="0.101862" total="2" passed="2" failed="0" warnings="0" inconclusive="0" skipped="0" asserts="2">
                <test-case id="1-2005" name="EvolvingSimulator_ReturnsEpochsIfEvolitionIsNotComplete" fullname="PlayersWorlds.Maps.Areas.Evolving.EvolvingSimulatorTest.EvolvingSimulator_ReturnsEpochsIfEvolitionIsNotComplete" methodname="EvolvingSimulator_ReturnsEpochsIfEvolitionIsNotComplete" classname="PlayersWorlds.Maps.Areas.Evolving.EvolvingSimulatorTest" runstate="Runnable" seed="2095140000" result="Passed" start-time="2024-05-24T08:28:09.4595090Z" end-time="2024-05-24T08:28:09.5590460Z" duration="0.099537" asserts="1" />
                <test-case id="1-2004" name="EvolvingSimulator_ThrowsIfMaxEpochsIsZero" fullname="PlayersWorlds.Maps.Areas.Evolving.EvolvingSimulatorTest.EvolvingSimulator_ThrowsIfMaxEpochsIsZero" methodname="EvolvingSimulator_ThrowsIfMaxEpochsIsZero" classname="PlayersWorlds.Maps.Areas.Evolving.EvolvingSimulatorTest" runstate="Runnable" seed="1397553883" result="Passed" start-time="2024-05-24T08:28:09.5590610Z" end-time="2024-05-24T08:28:09.5612610Z" duration="0.002201" asserts="1" />
              </test-suite>
              <test-suite type="TestFixture" id="1-2006" name="FloatingAreaTest" fullname="PlayersWorlds.Maps.Areas.Evolving.FloatingAreaTest" classname="PlayersWorlds.Maps.Areas.Evolving.FloatingAreaTest" runstate="Runnable" testcasecount="22" result="Passed" start-time="2024-05-24T08:28:09.5612950Z" end-time="2024-05-24T08:28:09.5671500Z" duration="0.005855" total="6" passed="6" failed="0" warnings="0" inconclusive="0" skipped="0" asserts="13">
                <test-case id="1-2011" name="CenterIsValid" fullname="PlayersWorlds.Maps.Areas.Evolving.FloatingAreaTest.CenterIsValid" methodname="CenterIsValid" classname="PlayersWorlds.Maps.Areas.Evolving.FloatingAreaTest" runstate="Runnable" seed="496313093" result="Passed" start-time="2024-05-24T08:28:09.5613630Z" end-time="2024-05-24T08:28:09.5638860Z" duration="0.002523" asserts="4" />
                <test-case id="1-2010" name="Contains" fullname="PlayersWorlds.Maps.Areas.Evolving.FloatingAreaTest.Contains" methodname="Contains" classname="PlayersWorlds.Maps.Areas.Evolving.FloatingAreaTest" runstate="Runnable" seed="967971506" result="Passed" start-time="2024-05-24T08:28:09.5638980Z" end-time="2024-05-24T08:28:09.5655590Z" duration="0.001661" asserts="2" />
                <test-case id="1-2029" name="DistanceToDebug" fullname="PlayersWorlds.Maps.Areas.Evolving.FloatingAreaTest.DistanceToDebug" methodname="DistanceToDebug" classname="PlayersWorlds.Maps.Areas.Evolving.FloatingAreaTest" runstate="Runnable" seed="1868038200" result="Passed" start-time="2024-05-24T08:28:09.5655710Z" end-time="2024-05-24T08:28:09.5662250Z" duration="0.000654" asserts="2" />
                <test-case id="1-2009" name="Overlaps" fullname="PlayersWorlds.Maps.Areas.Evolving.FloatingAreaTest.Overlaps" methodname="Overlaps" classname="PlayersWorlds.Maps.Areas.Evolving.FloatingAreaTest" runstate="Runnable" seed="824461840" result="Passed" start-time="2024-05-24T08:28:09.5662330Z" end-time="2024-05-24T08:28:09.5668220Z" duration="0.000588" asserts="2" />
                <test-case id="1-2007" name="Parse" fullname="PlayersWorlds.Maps.Areas.Evolving.FloatingAreaTest.Parse" methodname="Parse" classname="PlayersWorlds.Maps.Areas.Evolving.FloatingAreaTest" runstate="Runnable" seed="1291045801" result="Passed" start-time="2024-05-24T08:28:09.5668300Z" end-time="2024-05-24T08:28:09.5670020Z" duration="0.000172" asserts="2" />
                <test-case id="1-2008" name="ToStringIsValid" fullname="PlayersWorlds.Maps.Areas.Evolving.FloatingAreaTest.ToStringIsValid" methodname="ToStringIsValid" classname="PlayersWorlds.Maps.Areas.Evolving.FloatingAreaTest" runstate="Runnable" seed="1054857455" result="Passed" start-time="2024-05-24T08:28:09.5670090Z" end-time="2024-05-24T08:28:09.5671400Z" duration="0.000131" asserts="1" />
              </test-suite>
              <test-suite type="TestFixture" id="1-2030" name="ForceFormulaTestTest" fullname="PlayersWorlds.Maps.Areas.Evolving.ForceFormulaTestTest" classname="PlayersWorlds.Maps.Areas.Evolving.ForceFormulaTestTest" runstate="Runnable" testcasecount="8" result="Passed" start-time="2024-05-24T08:28:09.5671620Z" end-time="2024-05-24T08:28:09.5699840Z" duration="0.002822" total="8" passed="8" failed="0" warnings="0" inconclusive="0" skipped="0" asserts="42">
                <test-case id="1-2036" name="CollideForce_Negative" fullname="PlayersWorlds.Maps.Areas.Evolving.ForceFormulaTestTest.CollideForce_Negative" methodname="CollideForce_Negative" classname="PlayersWorlds.Maps.Areas.Evolving.ForceFormulaTestTest" runstate="Runnable" seed="189452199" result="Passed" start-time="2024-05-24T08:28:09.5672300Z" end-time="2024-05-24T08:28:09.5681780Z" duration="0.000948" asserts="9" />
                <test-case id="1-2035" name="CollideForce_Positive" fullname="PlayersWorlds.Maps.Areas.Evolving.ForceFormulaTestTest.CollideForce_Positive" methodname="CollideForce_Positive" classname="PlayersWorlds.Maps.Areas.Evolving.ForceFormulaTestTest" runstate="Runnable" seed="608400205" result="Passed" start-time="2024-05-24T08:28:09.5681860Z" end-time="2024-05-24T08:28:09.5685160Z" duration="0.000330" asserts="9" />
                <test-case id="1-2032" name="NormalForce_Negative" fullname="PlayersWorlds.Maps.Areas.Evolving.ForceFormulaTestTest.NormalForce_Negative" methodname="NormalForce_Negative" classname="PlayersWorlds.Maps.Areas.Evolving.ForceFormulaTestTest" runstate="Runnable" seed="1760491968" result="Passed" start-time="2024-05-24T08:28:09.5685240Z" end-time="2024-05-24T08:28:09.5689620Z" duration="0.000438" asserts="3" />
                <test-case id="1-2034" name="NormalForce_NegativeCapped" fullname="PlayersWorlds.Maps.Areas.Evolving.ForceFormulaTestTest.NormalForce_NegativeCapped" methodname="NormalForce_NegativeCapped" classname="PlayersWorlds.Maps.Areas.Evolving.ForceFormulaTestTest" runstate="Runnable" seed="1644785200" result="Passed" start-time="2024-05-24T08:28:09.5689700Z" end-time="2024-05-24T08:28:09.5691360Z" duration="0.000166" asserts="5" />
                <test-case id="1-2031" name="NormalForce_Positive" fullname="PlayersWorlds.Maps.Areas.Evolving.ForceFormulaTestTest.NormalForce_Positive" methodname="NormalForce_Positive" classname="PlayersWorlds.Maps.Areas.Evolving.ForceFormulaTestTest" runstate="Runnable" seed="1276751561" result="Passed" start-time="2024-05-24T08:28:09.5691440Z" end-time="2024-05-24T08:28:09.5692600Z" duration="0.000117" asserts="3" />
                <test-case id="1-2033" name="NormalForce_PositiveCapped" fullname="PlayersWorlds.Maps.Areas.Evolving.ForceFormulaTestTest.NormalForce_PositiveCapped" methodname="NormalForce_PositiveCapped" classname="PlayersWorlds.Maps.Areas.Evolving.ForceFormulaTestTest" runstate="Runnable" seed="1305368751" result="Passed" start-time="2024-05-24T08:28:09.5692670Z" end-time="2024-05-24T08:28:09.5694180Z" duration="0.000151" asserts="5" />
                <test-case id="1-2038" name="OverlapForce_Negative" fullname="PlayersWorlds.Maps.Areas.Evolving.ForceFormulaTestTest.OverlapForce_Negative" methodname="OverlapForce_Negative" classname="PlayersWorlds.Maps.Areas.Evolving.ForceFormulaTestTest" runstate="Runnable" seed="312108890" result="Passed" start-time="2024-05-24T08:28:09.5694260Z" end-time="2024-05-24T08:28:09.5697020Z" duration="0.000277" asserts="4" />
                <test-case id="1-2037" name="OverlapForce_Positive" fullname="PlayersWorlds.Maps.Areas.Evolving.ForceFormulaTestTest.OverlapForce_Positive" methodname="OverlapForce_Positive" classname="PlayersWorlds.Maps.Areas.Evolving.ForceFormulaTestTest" runstate="Runnable" seed="1628994428" result="Passed" start-time="2024-05-24T08:28:09.5697100Z" end-time="2024-05-24T08:28:09.5699730Z" duration="0.000263" asserts="4" />
              </test-suite>
              <test-suite type="TestFixture" id="1-2039" name="SideToSideForceProducerTest" fullname="PlayersWorlds.Maps.Areas.Evolving.SideToSideForceProducerTest" classname="PlayersWorlds.Maps.Areas.Evolving.SideToSideForceProducerTest" runstate="Runnable" testcasecount="22" result="Passed" start-time="2024-05-24T08:28:09.5699980Z" end-time="2024-05-24T08:28:09.5738210Z" duration="0.003823" total="22" passed="22" failed="0" warnings="0" inconclusive="0" skipped="0" asserts="79">
                <test-case id="1-2057" name="GetAxisDistance_Collide" fullname="PlayersWorlds.Maps.Areas.Evolving.SideToSideForceProducerTest.GetAxisDistance_Collide" methodname="GetAxisDistance_Collide" classname="PlayersWorlds.Maps.Areas.Evolving.SideToSideForceProducerTest" runstate="Runnable" seed="1065748825" result="Passed" start-time="2024-05-24T08:28:09.5700610Z" end-time="2024-05-24T08:28:09.5705640Z" duration="0.000503" asserts="6" />
                <test-case id="1-2060" name="GetAxisDistance_Contain1" fullname="PlayersWorlds.Maps.Areas.Evolving.SideToSideForceProducerTest.GetAxisDistance_Contain1" methodname="GetAxisDistance_Contain1" classname="PlayersWorlds.Maps.Areas.Evolving.SideToSideForceProducerTest" runstate="Runnable" seed="1555860868" result="Passed" start-time="2024-05-24T08:28:09.5705730Z" end-time="2024-05-24T08:28:09.5708180Z" duration="0.000245" asserts="6" />
                <test-case id="1-2061" name="GetAxisDistance_Contain2" fullname="PlayersWorlds.Maps.Areas.Evolving.SideToSideForceProducerTest.GetAxisDistance_Contain2" methodname="GetAxisDistance_Contain2" classname="PlayersWorlds.Maps.Areas.Evolving.SideToSideForceProducerTest" runstate="Runnable" seed="1657612601" result="Passed" start-time="2024-05-24T08:28:09.5708250Z" end-time="2024-05-24T08:28:09.5710650Z" duration="0.000239" asserts="6" />
                <test-case id="1-2055" name="GetAxisDistance_Normal1" fullname="PlayersWorlds.Maps.Areas.Evolving.SideToSideForceProducerTest.GetAxisDistance_Normal1" methodname="GetAxisDistance_Normal1" classname="PlayersWorlds.Maps.Areas.Evolving.SideToSideForceProducerTest" runstate="Runnable" seed="1478171062" result="Passed" start-time="2024-05-24T08:28:09.5710720Z" end-time="2024-05-24T08:28:09.5713010Z" duration="0.000228" asserts="6" />
                <test-case id="1-2056" name="GetAxisDistance_Normal2" fullname="PlayersWorlds.Maps.Areas.Evolving.SideToSideForceProducerTest.GetAxisDistance_Normal2" methodname="GetAxisDistance_Normal2" classname="PlayersWorlds.Maps.Areas.Evolving.SideToSideForceProducerTest" runstate="Runnable" seed="27624325" result="Passed" start-time="2024-05-24T08:28:09.5713080Z" end-time="2024-05-24T08:28:09.5715440Z" duration="0.000236" asserts="6" />
                <test-case id="1-2058" name="GetAxisDistance_Overlap1" fullname="PlayersWorlds.Maps.Areas.Evolving.SideToSideForceProducerTest.GetAxisDistance_Overlap1" methodname="GetAxisDistance_Overlap1" classname="PlayersWorlds.Maps.Areas.Evolving.SideToSideForceProducerTest" runstate="Runnable" seed="552964395" result="Passed" start-time="2024-05-24T08:28:09.5715510Z" end-time="2024-05-24T08:28:09.5717770Z" duration="0.000226" asserts="6" />
                <test-case id="1-2059" name="GetAxisDistance_Overlap2" fullname="PlayersWorlds.Maps.Areas.Evolving.SideToSideForceProducerTest.GetAxisDistance_Overlap2" methodname="GetAxisDistance_Overlap2" classname="PlayersWorlds.Maps.Areas.Evolving.SideToSideForceProducerTest" runstate="Runnable" seed="494073033" result="Passed" start-time="2024-05-24T08:28:09.5717860Z" end-time="2024-05-24T08:28:09.5720030Z" duration="0.000218" asserts="6" />
                <test-case id="1-2049" name="GetOpposingForce_CentersInside_NoOpposingForce" fullname="PlayersWorlds.Maps.Areas.Evolving.SideToSideForceProducerTest.GetOpposingForce_CentersInside_NoOpposingForce" methodname="GetOpposingForce_CentersInside_NoOpposingForce" classname="PlayersWorlds.Maps.Areas.Evolving.SideToSideForceProducerTest" runstate="Runnable" seed="2011085366" result="Passed" start-time="2024-05-24T08:28:09.5720110Z" end-time="2024-05-24T08:28:09.5722900Z" duration="0.000279" asserts="2" />
                <test-case id="1-2050" name="GetOpposingForce_CentersInside_WithOpposingForce" fullname="PlayersWorlds.Maps.Areas.Evolving.SideToSideForceProducerTest.GetOpposingForce_CentersInside_WithOpposingForce" methodname="GetOpposingForce_CentersInside_WithOpposingForce" classname="PlayersWorlds.Maps.Areas.Evolving.SideToSideForceProducerTest" runstate="Runnable" seed="1126606228" result="Passed" start-time="2024-05-24T08:28:09.5722970Z" end-time="2024-05-24T08:28:09.5723850Z" duration="0.000088" asserts="2" />
                <test-case id="1-2051" name="GetOpposingForce_CentersOutside_NoOpposingForce" fullname="PlayersWorlds.Maps.Areas.Evolving.SideToSideForceProducerTest.GetOpposingForce_CentersOutside_NoOpposingForce" methodname="GetOpposingForce_CentersOutside_NoOpposingForce" classname="PlayersWorlds.Maps.Areas.Evolving.SideToSideForceProducerTest" runstate="Runnable" seed="1851878387" result="Passed" start-time="2024-05-24T08:28:09.5723920Z" end-time="2024-05-24T08:28:09.5724760Z" duration="0.000083" asserts="2" />
                <test-case id="1-2052" name="GetOpposingForce_CentersOutside_WithOpposingForce" fullname="PlayersWorlds.Maps.Areas.Evolving.SideToSideForceProducerTest.GetOpposingForce_CentersOutside_WithOpposingForce" methodname="GetOpposingForce_CentersOutside_WithOpposingForce" classname="PlayersWorlds.Maps.Areas.Evolving.SideToSideForceProducerTest" runstate="Runnable" seed="1690768165" result="Passed" start-time="2024-05-24T08:28:09.5724830Z" end-time="2024-05-24T08:28:09.5725600Z" duration="0.000077" asserts="2" />
                <test-case id="1-2053" name="GetOpposingForce_NoIntersection_NoOpposingForce" fullname="PlayersWorlds.Maps.Areas.Evolving.SideToSideForceProducerTest.GetOpposingForce_NoIntersection_NoOpposingForce" methodname="GetOpposingForce_NoIntersection_NoOpposingForce" classname="PlayersWorlds.Maps.Areas.Evolving.SideToSideForceProducerTest" runstate="Runnable" seed="1731251457" result="Passed" start-time="2024-05-24T08:28:09.5725670Z" end-time="2024-05-24T08:28:09.5726420Z" duration="0.000075" asserts="2" />
                <test-case id="1-2054" name="GetOpposingForce_NoIntersection_WithOpposingForce" fullname="PlayersWorlds.Maps.Areas.Evolving.SideToSideForceProducerTest.GetOpposingForce_NoIntersection_WithOpposingForce" methodname="GetOpposingForce_NoIntersection_WithOpposingForce" classname="PlayersWorlds.Maps.Areas.Evolving.SideToSideForceProducerTest" runstate="Runnable" seed="73828474" result="Passed" start-time="2024-05-24T08:28:09.5726480Z" end-time="2024-05-24T08:28:09.5727210Z" duration="0.000073" asserts="2" />
                <test-case id="1-2047" name="GetOpposingForce_WhenCenterMatches_NoOpposingForce" fullname="PlayersWorlds.Maps.Areas.Evolving.SideToSideForceProducerTest.GetOpposingForce_WhenCenterMatches_NoOpposingForce" methodname="GetOpposingForce_WhenCenterMatches_NoOpposingForce" classname="PlayersWorlds.Maps.Areas.Evolving.SideToSideForceProducerTest" runstate="Runnable" seed="1197148678" result="Passed" start-time="2024-05-24T08:28:09.5727280Z" end-time="2024-05-24T08:28:09.5728010Z" duration="0.000074" asserts="2" />
                <test-case id="1-2048" name="GetOpposingForce_WhenCenterMatches_WithOpposingForce" fullname="PlayersWorlds.Maps.Areas.Evolving.SideToSideForceProducerTest.GetOpposingForce_WhenCenterMatches_WithOpposingForce" methodname="GetOpposingForce_WhenCenterMatches_WithOpposingForce" classname="PlayersWorlds.Maps.Areas.Evolving.SideToSideForceProducerTest" runstate="Runnable" seed="643404771" result="Passed" start-time="2024-05-24T08:28:09.5728080Z" end-time="2024-05-24T08:28:09.5728810Z" duration="0.000073" asserts="2" />
                <test-case id="1-2043" name="MapAreaSystemTest_DistanceCentersMatch" fullname="PlayersWorlds.Maps.Areas.Evolving.SideToSideForceProducerTest.MapAreaSystemTest_DistanceCentersMatch" methodname="MapAreaSystemTest_DistanceCentersMatch" classname="PlayersWorlds.Maps.Areas.Evolving.SideToSideForceProducerTest" runstate="Runnable" seed="1764226646" result="Passed" start-time="2024-05-24T08:28:09.5728880Z" end-time="2024-05-24T08:28:09.5730000Z" duration="0.000112" asserts="3" />
                <test-case id="1-2046" name="MapAreaSystemTest_DistanceNegativeCollide" fullname="PlayersWorlds.Maps.Areas.Evolving.SideToSideForceProducerTest.MapAreaSystemTest_DistanceNegativeCollide" methodname="MapAreaSystemTest_DistanceNegativeCollide" classname="PlayersWorlds.Maps.Areas.Evolving.SideToSideForceProducerTest" runstate="Runnable" seed="1111454684" result="Passed" start-time="2024-05-24T08:28:09.5730070Z" end-time="2024-05-24T08:28:09.5731150Z" duration="0.000109" asserts="3" />
                <test-case id="1-2044" name="MapAreaSystemTest_DistanceNegativeNormal" fullname="PlayersWorlds.Maps.Areas.Evolving.SideToSideForceProducerTest.MapAreaSystemTest_DistanceNegativeNormal" methodname="MapAreaSystemTest_DistanceNegativeNormal" classname="PlayersWorlds.Maps.Areas.Evolving.SideToSideForceProducerTest" runstate="Runnable" seed="1207351696" result="Passed" start-time="2024-05-24T08:28:09.5732390Z" end-time="2024-05-24T08:28:09.5733570Z" duration="0.000119" asserts="3" />
                <test-case id="1-2045" name="MapAreaSystemTest_DistanceNegativeOverlap" fullname="PlayersWorlds.Maps.Areas.Evolving.SideToSideForceProducerTest.MapAreaSystemTest_DistanceNegativeOverlap" methodname="MapAreaSystemTest_DistanceNegativeOverlap" classname="PlayersWorlds.Maps.Areas.Evolving.SideToSideForceProducerTest" runstate="Runnable" seed="1399643701" result="Passed" start-time="2024-05-24T08:28:09.5733650Z" end-time="2024-05-24T08:28:09.5734810Z" duration="0.000116" asserts="3" />
                <test-case id="1-2042" name="MapAreaSystemTest_DistancePositiveCollide" fullname="PlayersWorlds.Maps.Areas.Evolving.SideToSideForceProducerTest.MapAreaSystemTest_DistancePositiveCollide" methodname="MapAreaSystemTest_DistancePositiveCollide" classname="PlayersWorlds.Maps.Areas.Evolving.SideToSideForceProducerTest" runstate="Runnable" seed="194790427" result="Passed" start-time="2024-05-24T08:28:09.5734880Z" end-time="2024-05-24T08:28:09.5735920Z" duration="0.000104" asserts="3" />
                <test-case id="1-2040" name="MapAreaSystemTest_DistancePositiveNormal" fullname="PlayersWorlds.Maps.Areas.Evolving.SideToSideForceProducerTest.MapAreaSystemTest_DistancePositiveNormal" methodname="MapAreaSystemTest_DistancePositiveNormal" classname="PlayersWorlds.Maps.Areas.Evolving.SideToSideForceProducerTest" runstate="Runnable" seed="908335637" result="Passed" start-time="2024-05-24T08:28:09.5735990Z" end-time="2024-05-24T08:28:09.5737040Z" duration="0.000105" asserts="3" />
                <test-case id="1-2041" name="MapAreaSystemTest_DistancePositiveOverlap" fullname="PlayersWorlds.Maps.Areas.Evolving.SideToSideForceProducerTest.MapAreaSystemTest_DistancePositiveOverlap" methodname="MapAreaSystemTest_DistancePositiveOverlap" classname="PlayersWorlds.Maps.Areas.Evolving.SideToSideForceProducerTest" runstate="Runnable" seed="168086794" result="Passed" start-time="2024-05-24T08:28:09.5737110Z" end-time="2024-05-24T08:28:09.5738100Z" duration="0.000099" asserts="3" />
              </test-suite>
            </test-suite>
            <test-suite type="TestFixture" id="1-1909" name="MapAreaTest" fullname="PlayersWorlds.Maps.Areas.MapAreaTest" classname="PlayersWorlds.Maps.Areas.MapAreaTest" runstate="Runnable" testcasecount="6" result="Passed" start-time="2024-05-24T08:28:09.5738430Z" end-time="2024-05-24T08:28:09.5812230Z" duration="0.007381" total="6" passed="6" failed="0" warnings="0" inconclusive="0" skipped="0" asserts="27">
              <test-case id="1-1912" name="Overlaps_ReturnsFalseIfDoesNotOverlap" fullname="PlayersWorlds.Maps.Areas.MapAreaTest.Overlaps_ReturnsFalseIfDoesNotOverlap" methodname="Overlaps_ReturnsFalseIfDoesNotOverlap" classname="PlayersWorlds.Maps.Areas.MapAreaTest" runstate="Runnable" seed="361500861" result="Passed" start-time="2024-05-24T08:28:09.5739460Z" end-time="2024-05-24T08:28:09.5769000Z" duration="0.002954" asserts="15" />
              <test-case id="1-1911" name="Overlaps_ReturnsTrueIfOverlaps" fullname="PlayersWorlds.Maps.Areas.MapAreaTest.Overlaps_ReturnsTrueIfOverlaps" methodname="Overlaps_ReturnsTrueIfOverlaps" classname="PlayersWorlds.Maps.Areas.MapAreaTest" runstate="Runnable" seed="1229989362" result="Passed" start-time="2024-05-24T08:28:09.5769080Z" end-time="2024-05-24T08:28:09.5775510Z" duration="0.000642" asserts="7" />
              <test-case id="1-1910" name="Overlaps_ThrowsIfSame" fullname="PlayersWorlds.Maps.Areas.MapAreaTest.Overlaps_ThrowsIfSame" methodname="Overlaps_ThrowsIfSame" classname="PlayersWorlds.Maps.Areas.MapAreaTest" runstate="Runnable" seed="1554691998" result="Passed" start-time="2024-05-24T08:28:09.5775580Z" end-time="2024-05-24T08:28:09.5790470Z" duration="0.001489" asserts="2" />
              <test-case id="1-1914" name="Position_DoesNotThrowIfInitialized" fullname="PlayersWorlds.Maps.Areas.MapAreaTest.Position_DoesNotThrowIfInitialized" methodname="Position_DoesNotThrowIfInitialized" classname="PlayersWorlds.Maps.Areas.MapAreaTest" runstate="Runnable" seed="1096050764" result="Passed" start-time="2024-05-24T08:28:09.5790560Z" end-time="2024-05-24T08:28:09.5794290Z" duration="0.000373" asserts="1" />
              <test-case id="1-1913" name="Position_UnpositionedThrowsIfNotInitialized" fullname="PlayersWorlds.Maps.Areas.MapAreaTest.Position_UnpositionedThrowsIfNotInitialized" methodname="Position_UnpositionedThrowsIfNotInitialized" classname="PlayersWorlds.Maps.Areas.MapAreaTest" runstate="Runnable" seed="421550902" result="Passed" start-time="2024-05-24T08:28:09.5794360Z" end-time="2024-05-24T08:28:09.5806900Z" duration="0.001254" asserts="1" />
              <test-case id="1-1915" name="ThrowsIfWrongParameters" fullname="PlayersWorlds.Maps.Areas.MapAreaTest.ThrowsIfWrongParameters" methodname="ThrowsIfWrongParameters" classname="PlayersWorlds.Maps.Areas.MapAreaTest" runstate="Runnable" seed="135447985" result="Passed" start-time="2024-05-24T08:28:09.5806980Z" end-time="2024-05-24T08:28:09.5812110Z" duration="0.000513" asserts="1" />
            </test-suite>
          </test-suite>
          <test-suite type="TestFixture" id="1-1004" name="AssemblyInfoTest" fullname="PlayersWorlds.Maps.AssemblyInfoTest" classname="PlayersWorlds.Maps.AssemblyInfoTest" runstate="Runnable" testcasecount="2" result="Passed" start-time="2024-05-24T08:28:09.5812450Z" end-time="2024-05-24T08:28:09.5819880Z" duration="0.000743" total="2" passed="2" failed="0" warnings="0" inconclusive="0" skipped="0" asserts="4">
            <test-case id="1-1006" name="TestAssemblyCompany" fullname="PlayersWorlds.Maps.AssemblyInfoTest.TestAssemblyCompany" methodname="TestAssemblyCompany" classname="PlayersWorlds.Maps.AssemblyInfoTest" runstate="Runnable" seed="1879325824" result="Passed" start-time="2024-05-24T08:28:09.5813160Z" end-time="2024-05-24T08:28:09.5817320Z" duration="0.000416" asserts="2" />
            <test-case id="1-1005" name="TestAssemblyTitle" fullname="PlayersWorlds.Maps.AssemblyInfoTest.TestAssemblyTitle" methodname="TestAssemblyTitle" classname="PlayersWorlds.Maps.AssemblyInfoTest" runstate="Runnable" seed="97190540" result="Passed" start-time="2024-05-24T08:28:09.5817410Z" end-time="2024-05-24T08:28:09.5819770Z" duration="0.000236" asserts="2" />
          </test-suite>
          <test-suite type="TestFixture" id="1-1007" name="CellTest" fullname="PlayersWorlds.Maps.CellTest" classname="PlayersWorlds.Maps.CellTest" runstate="Runnable" testcasecount="1" result="Passed" start-time="2024-05-24T08:28:09.5820010Z" end-time="2024-05-24T08:28:09.5824240Z" duration="0.000423" total="1" passed="1" failed="0" warnings="0" inconclusive="0" skipped="0" asserts="3">
            <test-case id="1-1008" name="CellTagEqualityTest" fullname="PlayersWorlds.Maps.CellTest.CellTagEqualityTest" methodname="CellTagEqualityTest" classname="PlayersWorlds.Maps.CellTest" runstate="Runnable" seed="1100676419" result="Passed" start-time="2024-05-24T08:28:09.5820590Z" end-time="2024-05-24T08:28:09.5824130Z" duration="0.000354" asserts="3" />
          </test-suite>
          <test-suite type="TestFixture" id="1-1009" name="ExtensionsTest" fullname="PlayersWorlds.Maps.ExtensionsTest" classname="PlayersWorlds.Maps.ExtensionsTest" runstate="Runnable" testcasecount="7" result="Passed" start-time="2024-05-24T08:28:09.5824360Z" end-time="2024-05-24T08:28:09.5895430Z" duration="0.007107" total="7" passed="7" failed="0" warnings="0" inconclusive="0" skipped="0" asserts="12">
            <test-case id="1-1012" name="DebugString" fullname="PlayersWorlds.Maps.ExtensionsTest.DebugString" methodname="DebugString" classname="PlayersWorlds.Maps.ExtensionsTest" runstate="Runnable" seed="253303536" result="Passed" start-time="2024-05-24T08:28:09.5824940Z" end-time="2024-05-24T08:28:09.5841450Z" duration="0.001651" asserts="1" />
            <test-case id="1-1015" name="GetAllDictionaryItems" fullname="PlayersWorlds.Maps.ExtensionsTest.GetAllDictionaryItems" methodname="GetAllDictionaryItems" classname="PlayersWorlds.Maps.ExtensionsTest" runstate="Runnable" seed="1574154461" result="Passed" start-time="2024-05-24T08:28:09.5841540Z" end-time="2024-05-24T08:28:09.5859280Z" duration="0.001774" asserts="1" />
            <test-case id="1-1016" name="GetAllHashSetKeys" fullname="PlayersWorlds.Maps.ExtensionsTest.GetAllHashSetKeys" methodname="GetAllHashSetKeys" classname="PlayersWorlds.Maps.ExtensionsTest" runstate="Runnable" seed="499966381" result="Passed" start-time="2024-05-24T08:28:09.5859380Z" end-time="2024-05-24T08:28:09.5867900Z" duration="0.000852" asserts="1" />
            <test-case id="1-1013" name="Set" fullname="PlayersWorlds.Maps.ExtensionsTest.Set" methodname="Set" classname="PlayersWorlds.Maps.ExtensionsTest" runstate="Runnable" seed="1396398498" result="Passed" start-time="2024-05-24T08:28:09.5867990Z" end-time="2024-05-24T08:28:09.5876750Z" duration="0.000876" asserts="3" />
            <test-case id="1-1014" name="SetList" fullname="PlayersWorlds.Maps.ExtensionsTest.SetList" methodname="SetList" classname="PlayersWorlds.Maps.ExtensionsTest" runstate="Runnable" seed="1923854191" result="Passed" start-time="2024-05-24T08:28:09.5876830Z" end-time="2024-05-24T08:28:09.5889900Z" duration="0.001307" asserts="3" />
            <test-case id="1-1011" name="TryDequeue_Dequeues" fullname="PlayersWorlds.Maps.ExtensionsTest.TryDequeue_Dequeues" methodname="TryDequeue_Dequeues" classname="PlayersWorlds.Maps.ExtensionsTest" runstate="Runnable" seed="218162711" result="Passed" start-time="2024-05-24T08:28:09.5890000Z" end-time="2024-05-24T08:28:09.5893930Z" duration="0.000393" asserts="2" />
            <test-case id="1-1010" name="TryDequeue_DoesNotThrow" fullname="PlayersWorlds.Maps.ExtensionsTest.TryDequeue_DoesNotThrow" methodname="TryDequeue_DoesNotThrow" classname="PlayersWorlds.Maps.ExtensionsTest" runstate="Runnable" seed="1100486677" result="Passed" start-time="2024-05-24T08:28:09.5894010Z" end-time="2024-05-24T08:28:09.5895330Z" duration="0.000131" asserts="1" />
          </test-suite>
          <test-suite type="TestFixture" id="1-1017" name="GlobalRandomTest" fullname="PlayersWorlds.Maps.GlobalRandomTest" classname="PlayersWorlds.Maps.GlobalRandomTest" runstate="Runnable" testcasecount="3" result="Passed" start-time="2024-05-24T08:28:09.5895560Z" end-time="2024-05-24T08:28:09.5925720Z" duration="0.003016" total="3" passed="3" failed="0" warnings="0" inconclusive="0" skipped="0" asserts="1002">
            <test-case id="1-1018" name="RandomCollectionItem" fullname="PlayersWorlds.Maps.GlobalRandomTest.RandomCollectionItem" methodname="RandomCollectionItem" classname="PlayersWorlds.Maps.GlobalRandomTest" runstate="Runnable" seed="781440022" result="Passed" start-time="2024-05-24T08:28:09.5896230Z" end-time="2024-05-24T08:28:09.5902670Z" duration="0.000644" asserts="1" />
            <test-case id="1-1020" name="RandomInRange" fullname="PlayersWorlds.Maps.GlobalRandomTest.RandomInRange" methodname="RandomInRange" classname="PlayersWorlds.Maps.GlobalRandomTest" runstate="Runnable" seed="364332838" result="Passed" start-time="2024-05-24T08:28:09.5902760Z" end-time="2024-05-24T08:28:09.5923660Z" duration="0.002090" asserts="1000" />
            <test-case id="1-1019" name="ThrowsIfEmptyCollection" fullname="PlayersWorlds.Maps.GlobalRandomTest.ThrowsIfEmptyCollection" methodname="ThrowsIfEmptyCollection" classname="PlayersWorlds.Maps.GlobalRandomTest" runstate="Runnable" seed="1496587241" result="Passed" start-time="2024-05-24T08:28:09.5923740Z" end-time="2024-05-24T08:28:09.5925620Z" duration="0.000189" asserts="1" />
          </test-suite>
          <test-suite type="TestFixture" id="1-1021" name="Map2DTest" fullname="PlayersWorlds.Maps.Map2DTest" classname="PlayersWorlds.Maps.Map2DTest" runstate="Runnable" testcasecount="1" result="Passed" start-time="2024-05-24T08:28:09.5925840Z" end-time="2024-05-24T08:28:09.5948540Z" duration="0.002269" total="1" passed="1" failed="0" warnings="0" inconclusive="0" skipped="0" asserts="6">
            <test-case id="1-1022" name="ParseMap" fullname="PlayersWorlds.Maps.Map2DTest.ParseMap" methodname="ParseMap" classname="PlayersWorlds.Maps.Map2DTest" runstate="Runnable" seed="803572844" result="Passed" start-time="2024-05-24T08:28:09.5934320Z" end-time="2024-05-24T08:28:09.5948430Z" duration="0.001411" asserts="6" />
          </test-suite>
          <test-suite type="TestSuite" id="1-2068" name="MapFilters" fullname="PlayersWorlds.Maps.MapFilters" runstate="Runnable" testcasecount="5" result="Passed" start-time="2024-05-24T08:28:09.3567280Z" end-time="2024-05-24T08:28:09.6000860Z" duration="0.243358" total="5" passed="5" failed="0" warnings="0" inconclusive="0" skipped="0" asserts="10">
            <test-suite type="TestFixture" id="1-1903" name="Map2DEraseSpotsTest" fullname="PlayersWorlds.Maps.MapFilters.Map2DEraseSpotsTest" classname="PlayersWorlds.Maps.MapFilters.Map2DEraseSpotsTest" runstate="Runnable" testcasecount="5" result="Passed" start-time="2024-05-24T08:28:09.5948670Z" end-time="2024-05-24T08:28:09.6000780Z" duration="0.005211" total="5" passed="5" failed="0" warnings="0" inconclusive="0" skipped="0" asserts="10">
              <test-case id="1-1904" name="BackslashEraseSpots" fullname="PlayersWorlds.Maps.MapFilters.Map2DEraseSpotsTest.BackslashEraseSpots" methodname="BackslashEraseSpots" classname="PlayersWorlds.Maps.MapFilters.Map2DEraseSpotsTest" runstate="Runnable" seed="1547797926" result="Passed" start-time="2024-05-24T08:28:09.5949220Z" end-time="2024-05-24T08:28:09.5977230Z" duration="0.002800" asserts="1" />
              <test-case id="1-1908" name="SmoothBoxEraseSpots" fullname="PlayersWorlds.Maps.MapFilters.Map2DEraseSpotsTest.SmoothBoxEraseSpots" methodname="SmoothBoxEraseSpots" classname="PlayersWorlds.Maps.MapFilters.Map2DEraseSpotsTest" runstate="Runnable" seed="965528514" result="Passed" start-time="2024-05-24T08:28:09.5977320Z" end-time="2024-05-24T08:28:09.5983220Z" duration="0.000590" asserts="1" />
              <test-case id="1-1907" name="SmoothBoxVoidBgEraseSpots" fullname="PlayersWorlds.Maps.MapFilters.Map2DEraseSpotsTest.SmoothBoxVoidBgEraseSpots" methodname="SmoothBoxVoidBgEraseSpots" classname="PlayersWorlds.Maps.MapFilters.Map2DEraseSpotsTest" runstate="Runnable" seed="2136829169" result="Passed" start-time="2024-05-24T08:28:09.5983310Z" end-time="2024-05-24T08:28:09.5986920Z" duration="0.000361" asserts="1" />
              <test-case id="1-1906" name="Spot1x3SpotsEraseSpots" fullname="PlayersWorlds.Maps.MapFilters.Map2DEraseSpotsTest.Spot1x3SpotsEraseSpots" methodname="Spot1x3SpotsEraseSpots" classname="PlayersWorlds.Maps.MapFilters.Map2DEraseSpotsTest" runstate="Runnable" seed="1234268421" result="Passed" start-time="2024-05-24T08:28:09.5987000Z" end-time="2024-05-24T08:28:09.5990470Z" duration="0.000347" asserts="1" />
              <test-case id="1-1905" name="VariousSpotsEraseSpots" fullname="PlayersWorlds.Maps.MapFilters.Map2DEraseSpotsTest.VariousSpotsEraseSpots" methodname="VariousSpotsEraseSpots" classname="PlayersWorlds.Maps.MapFilters.Map2DEraseSpotsTest" runstate="Runnable" seed="1437411846" result="Passed" start-time="2024-05-24T08:28:09.5990540Z" end-time="2024-05-24T08:28:09.6000580Z" duration="0.001004" asserts="6" />
            </test-suite>
          </test-suite>
          <test-suite type="TestSuite" id="1-2066" name="Maze" fullname="PlayersWorlds.Maps.Maze" runstate="Runnable" testcasecount="774" result="Skipped" label="Ignored" site="Child" start-time="2024-05-24T08:28:09.3567390Z" end-time="2024-05-24T08:28:09.9475490Z" duration="0.590810" total="63" passed="62" failed="0" warnings="0" inconclusive="0" skipped="1" asserts="7373">
            <reason>
              <message><![CDATA[One or more child tests were ignored]]></message>
            </reason>
            <test-suite type="TestFixture" id="1-1109" name="Maze2DBuilderTest" fullname="PlayersWorlds.Maps.Maze.Maze2DBuilderTest" classname="PlayersWorlds.Maps.Maze.Maze2DBuilderTest" runstate="Runnable" testcasecount="21" result="Passed" start-time="2024-05-24T08:28:09.6000980Z" end-time="2024-05-24T08:28:09.7110390Z" duration="0.110942" total="21" passed="21" failed="0" warnings="0" inconclusive="0" skipped="0" asserts="7097">
              <test-case id="1-1128" name="ApplyAreas" fullname="PlayersWorlds.Maps.Maze.Maze2DBuilderTest.ApplyAreas" methodname="ApplyAreas" classname="PlayersWorlds.Maps.Maze.Maze2DBuilderTest" runstate="Runnable" seed="937750647" result="Passed" start-time="2024-05-24T08:28:09.6001580Z" end-time="2024-05-24T08:28:09.6132930Z" duration="0.013135" asserts="5" />
              <test-case id="1-1110" name="BuildsCorrectCellsCollections" fullname="PlayersWorlds.Maps.Maze.Maze2DBuilderTest.BuildsCorrectCellsCollections" methodname="BuildsCorrectCellsCollections" classname="PlayersWorlds.Maps.Maze.Maze2DBuilderTest" runstate="Runnable" seed="110140142" result="Passed" start-time="2024-05-24T08:28:09.6133060Z" end-time="2024-05-24T08:28:09.6143210Z" duration="0.001015" asserts="2" />
              <test-case id="1-1111" name="BuildsCorrectCellsCollectionsWithHallAreas" fullname="PlayersWorlds.Maps.Maze.Maze2DBuilderTest.BuildsCorrectCellsCollectionsWithHallAreas" methodname="BuildsCorrectCellsCollectionsWithHallAreas" classname="PlayersWorlds.Maps.Maze.Maze2DBuilderTest" runstate="Runnable" seed="902316978" result="Passed" start-time="2024-05-24T08:28:09.6143680Z" end-time="2024-05-24T08:28:09.6168100Z" duration="0.002441" asserts="4" />
              <test-case id="1-1112" name="BuildsCorrectCellsCollectionsWithHallAreasAtTheEdge" fullname="PlayersWorlds.Maps.Maze.Maze2DBuilderTest.BuildsCorrectCellsCollectionsWithHallAreasAtTheEdge" methodname="BuildsCorrectCellsCollectionsWithHallAreasAtTheEdge" classname="PlayersWorlds.Maps.Maze.Maze2DBuilderTest" runstate="Runnable" seed="609820493" result="Passed" start-time="2024-05-24T08:28:09.6168230Z" end-time="2024-05-24T08:28:09.6174660Z" duration="0.000643" asserts="4" />
              <test-case id="1-1130" name="CanConnect" fullname="PlayersWorlds.Maps.Maze.Maze2DBuilderTest.CanConnect" methodname="CanConnect" classname="PlayersWorlds.Maps.Maze.Maze2DBuilderTest" runstate="Runnable" seed="152502204" result="Passed" start-time="2024-05-24T08:28:09.6174750Z" end-time="2024-05-24T08:28:09.6189230Z" duration="0.001448" asserts="11" />
              <test-case id="1-1118" name="IsFillComplete_Full" fullname="PlayersWorlds.Maps.Maze.Maze2DBuilderTest.IsFillComplete_Full" methodname="IsFillComplete_Full" classname="PlayersWorlds.Maps.Maze.Maze2DBuilderTest" runstate="Runnable" seed="745482879" result="Passed" start-time="2024-05-24T08:28:09.6189360Z" end-time="2024-05-24T08:28:09.6195460Z" duration="0.000609" asserts="4" />
              <test-case id="1-1121" name="IsFillComplete_Full_WithCave" fullname="PlayersWorlds.Maps.Maze.Maze2DBuilderTest.IsFillComplete_Full_WithCave" methodname="IsFillComplete_Full_WithCave" classname="PlayersWorlds.Maps.Maze.Maze2DBuilderTest" runstate="Runnable" seed="1319474359" result="Passed" start-time="2024-05-24T08:28:09.6195580Z" end-time="2024-05-24T08:28:09.6204220Z" duration="0.000865" asserts="3" />
              <test-case id="1-1120" name="IsFillComplete_Full_WithFill" fullname="PlayersWorlds.Maps.Maze.Maze2DBuilderTest.IsFillComplete_Full_WithFill" methodname="IsFillComplete_Full_WithFill" classname="PlayersWorlds.Maps.Maze.Maze2DBuilderTest" runstate="Runnable" seed="1679827035" result="Passed" start-time="2024-05-24T08:28:09.6204340Z" end-time="2024-05-24T08:28:09.6213370Z" duration="0.000903" asserts="2" />
              <test-case id="1-1119" name="IsFillComplete_Full_WithHall" fullname="PlayersWorlds.Maps.Maze.Maze2DBuilderTest.IsFillComplete_Full_WithHall" methodname="IsFillComplete_Full_WithHall" classname="PlayersWorlds.Maps.Maze.Maze2DBuilderTest" runstate="Runnable" seed="1456217450" result="Passed" start-time="2024-05-24T08:28:09.6213500Z" end-time="2024-05-24T08:28:09.6220240Z" duration="0.000674" asserts="2" />
              <test-case id="1-1123" name="IsFillComplete_FullHeight" fullname="PlayersWorlds.Maps.Maze.Maze2DBuilderTest.IsFillComplete_FullHeight" methodname="IsFillComplete_FullHeight" classname="PlayersWorlds.Maps.Maze.Maze2DBuilderTest" runstate="Runnable" seed="1249011605" result="Passed" start-time="2024-05-24T08:28:09.6220360Z" end-time="2024-05-24T08:28:09.6225600Z" duration="0.000524" asserts="3" />
              <test-case id="1-1122" name="IsFillComplete_FullWidth" fullname="PlayersWorlds.Maps.Maze.Maze2DBuilderTest.IsFillComplete_FullWidth" methodname="IsFillComplete_FullWidth" classname="PlayersWorlds.Maps.Maze.Maze2DBuilderTest" runstate="Runnable" seed="1318426271" result="Passed" start-time="2024-05-24T08:28:09.6225720Z" end-time="2024-05-24T08:28:09.6228710Z" duration="0.000299" asserts="3" />
              <test-case id="1-1125" name="IsFillComplete_Half" fullname="PlayersWorlds.Maps.Maze.Maze2DBuilderTest.IsFillComplete_Half" methodname="IsFillComplete_Half" classname="PlayersWorlds.Maps.Maze.Maze2DBuilderTest" runstate="Runnable" seed="1410530994" result="Passed" start-time="2024-05-24T08:28:09.6228790Z" end-time="2024-05-24T08:28:09.6230660Z" duration="0.000188" asserts="2" />
              <test-case id="1-1127" name="IsFillComplete_NinetyPercent" fullname="PlayersWorlds.Maps.Maze.Maze2DBuilderTest.IsFillComplete_NinetyPercent" methodname="IsFillComplete_NinetyPercent" classname="PlayersWorlds.Maps.Maze.Maze2DBuilderTest" runstate="Runnable" seed="194595904" result="Passed" start-time="2024-05-24T08:28:09.6230750Z" end-time="2024-05-24T08:28:09.6233300Z" duration="0.000255" asserts="4" />
              <test-case id="1-1117" name="IsFillComplete_NoCells" fullname="PlayersWorlds.Maps.Maze.Maze2DBuilderTest.IsFillComplete_NoCells" methodname="IsFillComplete_NoCells" classname="PlayersWorlds.Maps.Maze.Maze2DBuilderTest" runstate="Runnable" seed="752164174" result="Passed" start-time="2024-05-24T08:28:09.6233370Z" end-time="2024-05-24T08:28:09.6236450Z" duration="0.000307" asserts="1" />
              <test-case id="1-1124" name="IsFillComplete_Quarter" fullname="PlayersWorlds.Maps.Maze.Maze2DBuilderTest.IsFillComplete_Quarter" methodname="IsFillComplete_Quarter" classname="PlayersWorlds.Maps.Maze.Maze2DBuilderTest" runstate="Runnable" seed="1740169791" result="Passed" start-time="2024-05-24T08:28:09.6236520Z" end-time="2024-05-24T08:28:09.6238320Z" duration="0.000180" asserts="2" />
              <test-case id="1-1126" name="IsFillComplete_ThreeQuarters" fullname="PlayersWorlds.Maps.Maze.Maze2DBuilderTest.IsFillComplete_ThreeQuarters" methodname="IsFillComplete_ThreeQuarters" classname="PlayersWorlds.Maps.Maze.Maze2DBuilderTest" runstate="Runnable" seed="401580142" result="Passed" start-time="2024-05-24T08:28:09.6238390Z" end-time="2024-05-24T08:28:09.6240580Z" duration="0.000219" asserts="3" />
              <test-case id="1-1116" name="IterateUnlinkedCells_IteratesAllAvailableCells" fullname="PlayersWorlds.Maps.Maze.Maze2DBuilderTest.IterateUnlinkedCells_IteratesAllAvailableCells" methodname="IterateUnlinkedCells_IteratesAllAvailableCells" classname="PlayersWorlds.Maps.Maze.Maze2DBuilderTest" runstate="Runnable" seed="830197508" result="Passed" start-time="2024-05-24T08:28:09.6240660Z" end-time="2024-05-24T08:28:09.6283450Z" duration="0.004279" asserts="28" />
              <test-case id="1-1115" name="MarkConnected" fullname="PlayersWorlds.Maps.Maze.Maze2DBuilderTest.MarkConnected" methodname="MarkConnected" classname="PlayersWorlds.Maps.Maze.Maze2DBuilderTest" runstate="Runnable" seed="1265580584" result="Passed" start-time="2024-05-24T08:28:09.6283580Z" end-time="2024-05-24T08:28:09.6289000Z" duration="0.000542" asserts="7" />
              <test-case id="1-1129" name="OverlappingAreas_ProduceValidPriorityCells" fullname="PlayersWorlds.Maps.Maze.Maze2DBuilderTest.OverlappingAreas_ProduceValidPriorityCells" methodname="OverlappingAreas_ProduceValidPriorityCells" classname="PlayersWorlds.Maps.Maze.Maze2DBuilderTest" runstate="Runnable" seed="932249896" result="Passed" start-time="2024-05-24T08:28:09.6289090Z" end-time="2024-05-24T08:28:09.6323600Z" duration="0.003451" asserts="4" />
              <test-case id="1-1114" name="PickRandomNeighborToLink" fullname="PlayersWorlds.Maps.Maze.Maze2DBuilderTest.PickRandomNeighborToLink" methodname="PickRandomNeighborToLink" classname="PlayersWorlds.Maps.Maze.Maze2DBuilderTest" runstate="Runnable" seed="1890329169" result="Passed" start-time="2024-05-24T08:28:09.6323720Z" end-time="2024-05-24T08:28:09.6393540Z" duration="0.006982" asserts="5000" />
              <test-case id="1-1113" name="PicksPriorityCellsWhenAvailable" fullname="PlayersWorlds.Maps.Maze.Maze2DBuilderTest.PicksPriorityCellsWhenAvailable" methodname="PicksPriorityCellsWhenAvailable" classname="PlayersWorlds.Maps.Maze.Maze2DBuilderTest" runstate="Runnable" seed="1400254763" result="Passed" start-time="2024-05-24T08:28:09.6393660Z" end-time="2024-05-24T08:28:09.7110220Z" duration="0.071657" asserts="2003" />
            </test-suite>
            <test-suite type="TestFixture" id="1-1131" name="Maze2DRendererTest" fullname="PlayersWorlds.Maps.Maze.Maze2DRendererTest" classname="PlayersWorlds.Maps.Maze.Maze2DRendererTest" runstate="Runnable" testcasecount="1" result="Passed" start-time="2024-05-24T08:28:09.7110540Z" end-time="2024-05-24T08:28:09.7133660Z" duration="0.002312" total="1" passed="1" failed="0" warnings="0" inconclusive="0" skipped="0" asserts="1">
              <test-case id="1-1132" name="ThrowsIfCantFit" fullname="PlayersWorlds.Maps.Maze.Maze2DRendererTest.ThrowsIfCantFit" methodname="ThrowsIfCantFit" classname="PlayersWorlds.Maps.Maze.Maze2DRendererTest" runstate="Runnable" seed="514953546" result="Passed" start-time="2024-05-24T08:28:09.7111160Z" end-time="2024-05-24T08:28:09.7133510Z" duration="0.002235" asserts="1" />
            </test-suite>
            <test-suite type="TestFixture" id="1-1133" name="Maze2DTest" fullname="PlayersWorlds.Maps.Maze.Maze2DTest" classname="PlayersWorlds.Maps.Maze.Maze2DTest" runstate="Runnable" testcasecount="13" result="Passed" start-time="2024-05-24T08:28:09.7133780Z" end-time="2024-05-24T08:28:09.7491990Z" duration="0.035820" total="13" passed="13" failed="0" warnings="0" inconclusive="0" skipped="0" asserts="184">
              <test-case id="1-1140" name="Maze2D_AddsNoRoomsToASmallMaze" fullname="PlayersWorlds.Maps.Maze.Maze2DTest.Maze2D_AddsNoRoomsToASmallMaze" methodname="Maze2D_AddsNoRoomsToASmallMaze" classname="PlayersWorlds.Maps.Maze.Maze2DTest" runstate="Runnable" seed="1033513161" result="Passed" start-time="2024-05-24T08:28:09.7134420Z" end-time="2024-05-24T08:28:09.7245020Z" duration="0.011060" asserts="2" />
              <test-case id="1-1139" name="Maze2D_AddsNoRoomsWhenNoneRequested" fullname="PlayersWorlds.Maps.Maze.Maze2DTest.Maze2D_AddsNoRoomsWhenNoneRequested" methodname="Maze2D_AddsNoRoomsWhenNoneRequested" classname="PlayersWorlds.Maps.Maze.Maze2DTest" runstate="Runnable" seed="1528812964" result="Passed" start-time="2024-05-24T08:28:09.7245160Z" end-time="2024-05-24T08:28:09.7272470Z" duration="0.002731" asserts="2" />
              <test-case id="1-1143" name="Maze2D_AddsOneFill" fullname="PlayersWorlds.Maps.Maze.Maze2DTest.Maze2D_AddsOneFill" methodname="Maze2D_AddsOneFill" classname="PlayersWorlds.Maps.Maze.Maze2DTest" runstate="Runnable" seed="1025427083" result="Passed" start-time="2024-05-24T08:28:09.7272590Z" end-time="2024-05-24T08:28:09.7305440Z" duration="0.003285" asserts="2" />
              <test-case id="1-1142" name="Maze2D_AddsOneHall" fullname="PlayersWorlds.Maps.Maze.Maze2DTest.Maze2D_AddsOneHall" methodname="Maze2D_AddsOneHall" classname="PlayersWorlds.Maps.Maze.Maze2DTest" runstate="Runnable" seed="812926385" result="Passed" start-time="2024-05-24T08:28:09.7305550Z" end-time="2024-05-24T08:28:09.7325810Z" duration="0.002026" asserts="2" />
              <test-case id="1-1141" name="Maze2D_AddsRooms" fullname="PlayersWorlds.Maps.Maze.Maze2DTest.Maze2D_AddsRooms" methodname="Maze2D_AddsRooms" classname="PlayersWorlds.Maps.Maze.Maze2DTest" runstate="Runnable" seed="2016555780" result="Passed" start-time="2024-05-24T08:28:09.7325940Z" end-time="2024-05-24T08:28:09.7353330Z" duration="0.002739" asserts="2" />
              <test-case id="1-1145" name="Maze2D_CanParse" fullname="PlayersWorlds.Maps.Maze.Maze2DTest.Maze2D_CanParse" methodname="Maze2D_CanParse" classname="PlayersWorlds.Maps.Maze.Maze2DTest" runstate="Runnable" seed="2069510283" result="Passed" start-time="2024-05-24T08:28:09.7353460Z" end-time="2024-05-24T08:28:09.7369340Z" duration="0.001588" asserts="16" />
              <test-case id="1-1146" name="Maze2D_CanParse2" fullname="PlayersWorlds.Maps.Maze.Maze2DTest.Maze2D_CanParse2" methodname="Maze2D_CanParse2" classname="PlayersWorlds.Maps.Maze.Maze2DTest" runstate="Runnable" seed="842193145" result="Passed" start-time="2024-05-24T08:28:09.7369480Z" end-time="2024-05-24T08:28:09.7371300Z" duration="0.000182" asserts="1" />
              <test-case id="1-1138" name="Maze2D_CanRenderMap" fullname="PlayersWorlds.Maps.Maze.Maze2DTest.Maze2D_CanRenderMap" methodname="Maze2D_CanRenderMap" classname="PlayersWorlds.Maps.Maze.Maze2DTest" runstate="Runnable" seed="570800147" result="Passed" start-time="2024-05-24T08:28:09.7371380Z" end-time="2024-05-24T08:28:09.7427530Z" duration="0.005615" asserts="2" />
              <test-case id="1-1137" name="Maze2D_CellsNeighborsAreValid" fullname="PlayersWorlds.Maps.Maze.Maze2DTest.Maze2D_CellsNeighborsAreValid" methodname="Maze2D_CellsNeighborsAreValid" classname="PlayersWorlds.Maps.Maze.Maze2DTest" runstate="Runnable" seed="186511761" result="Passed" start-time="2024-05-24T08:28:09.7427640Z" end-time="2024-05-24T08:28:09.7437560Z" duration="0.000992" asserts="136" />
              <test-case id="1-1144" name="Maze2D_HasExtensionsSet" fullname="PlayersWorlds.Maps.Maze.Maze2DTest.Maze2D_HasExtensionsSet" methodname="Maze2D_HasExtensionsSet" classname="PlayersWorlds.Maps.Maze.Maze2DTest" runstate="Runnable" seed="1592457944" result="Passed" start-time="2024-05-24T08:28:09.7437690Z" end-time="2024-05-24T08:28:09.7441520Z" duration="0.000384" asserts="3" />
              <test-case id="1-1134" name="Maze2D_IsInitialized" fullname="PlayersWorlds.Maps.Maze.Maze2DTest.Maze2D_IsInitialized" methodname="Maze2D_IsInitialized" classname="PlayersWorlds.Maps.Maze.Maze2DTest" runstate="Runnable" seed="1731964247" result="Passed" start-time="2024-05-24T08:28:09.7441610Z" end-time="2024-05-24T08:28:09.7443410Z" duration="0.000181" asserts="4" />
              <test-case id="1-1136" name="Maze2D_ToMapWrongOptions" fullname="PlayersWorlds.Maps.Maze.Maze2DTest.Maze2D_ToMapWrongOptions" methodname="Maze2D_ToMapWrongOptions" classname="PlayersWorlds.Maps.Maze.Maze2DTest" runstate="Runnable" seed="1915950095" result="Passed" start-time="2024-05-24T08:28:09.7443480Z" end-time="2024-05-24T08:28:09.7488120Z" duration="0.004464" asserts="7" />
              <test-case id="1-1135" name="Maze2D_WrongSize" fullname="PlayersWorlds.Maps.Maze.Maze2DTest.Maze2D_WrongSize" methodname="Maze2D_WrongSize" classname="PlayersWorlds.Maps.Maze.Maze2DTest" runstate="Runnable" seed="121673433" result="Passed" start-time="2024-05-24T08:28:09.7488240Z" end-time="2024-05-24T08:28:09.7491870Z" duration="0.000363" asserts="5" />
            </test-suite>
            <test-suite type="TestFixture" id="1-1147" name="MazeCellTest" fullname="PlayersWorlds.Maps.Maze.MazeCellTest" classname="PlayersWorlds.Maps.Maze.MazeCellTest" runstate="Runnable" testcasecount="4" result="Passed" start-time="2024-05-24T08:28:09.7492120Z" end-time="2024-05-24T08:28:09.7512220Z" duration="0.002010" total="4" passed="4" failed="0" warnings="0" inconclusive="0" skipped="0" asserts="19">
              <test-case id="1-1151" name="DoubleLinkingThrowsError" fullname="PlayersWorlds.Maps.Maze.MazeCellTest.DoubleLinkingThrowsError" methodname="DoubleLinkingThrowsError" classname="PlayersWorlds.Maps.Maze.MazeCellTest" runstate="Runnable" seed="378166445" result="Passed" start-time="2024-05-24T08:28:09.7492680Z" end-time="2024-05-24T08:28:09.7494410Z" duration="0.000174" asserts="1" />
              <test-case id="1-1148" name="LinksAreMutual" fullname="PlayersWorlds.Maps.Maze.MazeCellTest.LinksAreMutual" methodname="LinksAreMutual" classname="PlayersWorlds.Maps.Maze.MazeCellTest" runstate="Runnable" seed="1293120868" result="Passed" start-time="2024-05-24T08:28:09.7494490Z" end-time="2024-05-24T08:28:09.7504080Z" duration="0.000959" asserts="10" />
              <test-case id="1-1149" name="LinksOnlyWithNeighbors" fullname="PlayersWorlds.Maps.Maze.MazeCellTest.LinksOnlyWithNeighbors" methodname="LinksOnlyWithNeighbors" classname="PlayersWorlds.Maps.Maze.MazeCellTest" runstate="Runnable" seed="265095662" result="Passed" start-time="2024-05-24T08:28:09.7504170Z" end-time="2024-05-24T08:28:09.7508040Z" duration="0.000386" asserts="1" />
              <test-case id="1-1150" name="ToStringTest" fullname="PlayersWorlds.Maps.Maze.MazeCellTest.ToStringTest" methodname="ToStringTest" classname="PlayersWorlds.Maps.Maze.MazeCellTest" runstate="Runnable" seed="216632712" result="Passed" start-time="2024-05-24T08:28:09.7508130Z" end-time="2024-05-24T08:28:09.7512100Z" duration="0.000398" asserts="7" />
            </test-suite>
            <test-suite type="TestFixture" id="1-1360" name="MazeGeneratorTest" fullname="PlayersWorlds.Maps.Maze.MazeGeneratorTest" classname="PlayersWorlds.Maps.Maze.MazeGeneratorTest" runstate="Runnable" testcasecount="527" result="Skipped" label="Ignored" site="Child" start-time="2024-05-24T08:28:09.7512340Z" end-time="2024-05-24T08:28:09.9132630Z" duration="0.162029" total="17" passed="16" failed="0" warnings="0" inconclusive="0" skipped="1" asserts="50">
              <reason>
                <message><![CDATA[One or more child tests were ignored]]></message>
              </reason>
              <test-suite type="ParameterizedMethod" id="1-1368" name="CanGenerateMazes" fullname="PlayersWorlds.Maps.Maze.MazeGeneratorTest.CanGenerateMazes" classname="PlayersWorlds.Maps.Maze.MazeGeneratorTest" runstate="Runnable" testcasecount="6" result="Passed" start-time="2024-05-24T08:28:09.7512870Z" end-time="2024-05-24T08:28:09.8781420Z" duration="0.126855" total="6" passed="6" failed="0" warnings="0" inconclusive="0" skipped="0" asserts="18">
                <test-case id="1-1362" name="CanGenerateMazes(PlayersWorlds.Maps.Maze.AldousBroderMazeGenerator)" fullname="PlayersWorlds.Maps.Maze.MazeGeneratorTest.CanGenerateMazes(PlayersWorlds.Maps.Maze.AldousBroderMazeGenerator)" methodname="CanGenerateMazes" classname="PlayersWorlds.Maps.Maze.MazeGeneratorTest" runstate="Runnable" seed="661841390" result="Passed" start-time="2024-05-24T08:28:09.7513620Z" end-time="2024-05-24T08:28:09.7823080Z" duration="0.030946" asserts="3" />
                <test-case id="1-1363" name="CanGenerateMazes(PlayersWorlds.Maps.Maze.BinaryTreeMazeGenerator)" fullname="PlayersWorlds.Maps.Maze.MazeGeneratorTest.CanGenerateMazes(PlayersWorlds.Maps.Maze.BinaryTreeMazeGenerator)" methodname="CanGenerateMazes" classname="PlayersWorlds.Maps.Maze.MazeGeneratorTest" runstate="Runnable" seed="142256406" result="Passed" start-time="2024-05-24T08:28:09.7823210Z" end-time="2024-05-24T08:28:09.8023820Z" duration="0.020061" asserts="3" />
                <test-case id="1-1364" name="CanGenerateMazes(PlayersWorlds.Maps.Maze.HuntAndKillMazeGenerator)" fullname="PlayersWorlds.Maps.Maze.MazeGeneratorTest.CanGenerateMazes(PlayersWorlds.Maps.Maze.HuntAndKillMazeGenerator)" methodname="CanGenerateMazes" classname="PlayersWorlds.Maps.Maze.MazeGeneratorTest" runstate="Runnable" seed="128627157" result="Passed" start-time="2024-05-24T08:28:09.8023940Z" end-time="2024-05-24T08:28:09.8202180Z" duration="0.017824" asserts="3" />
                <test-case id="1-1365" name="CanGenerateMazes(PlayersWorlds.Maps.Maze.RecursiveBacktrackerMazeGenerator)" fullname="PlayersWorlds.Maps.Maze.MazeGeneratorTest.CanGenerateMazes(PlayersWorlds.Maps.Maze.RecursiveBacktrackerMazeGenerator)" methodname="CanGenerateMazes" classname="PlayersWorlds.Maps.Maze.MazeGeneratorTest" runstate="Runnable" seed="815046402" result="Passed" start-time="2024-05-24T08:28:09.8202290Z" end-time="2024-05-24T08:28:09.8375390Z" duration="0.017310" asserts="3" />
                <test-case id="1-1366" name="CanGenerateMazes(PlayersWorlds.Maps.Maze.SidewinderMazeGenerator)" fullname="PlayersWorlds.Maps.Maze.MazeGeneratorTest.CanGenerateMazes(PlayersWorlds.Maps.Maze.SidewinderMazeGenerator)" methodname="CanGenerateMazes" classname="PlayersWorlds.Maps.Maze.MazeGeneratorTest" runstate="Runnable" seed="2026128333" result="Passed" start-time="2024-05-24T08:28:09.8375510Z" end-time="2024-05-24T08:28:09.8587260Z" duration="0.021175" asserts="3" />
                <test-case id="1-1367" name="CanGenerateMazes(PlayersWorlds.Maps.Maze.WilsonsMazeGenerator)" fullname="PlayersWorlds.Maps.Maze.MazeGeneratorTest.CanGenerateMazes(PlayersWorlds.Maps.Maze.WilsonsMazeGenerator)" methodname="CanGenerateMazes" classname="PlayersWorlds.Maps.Maze.MazeGeneratorTest" runstate="Runnable" seed="285181200" result="Passed" start-time="2024-05-24T08:28:09.8587390Z" end-time="2024-05-24T08:28:09.8781290Z" duration="0.019390" asserts="3" />
              </test-suite>
              <test-case id="1-1361" name="CanUseCustomAreaGenerator" fullname="PlayersWorlds.Maps.Maze.MazeGeneratorTest.CanUseCustomAreaGenerator" methodname="CanUseCustomAreaGenerator" classname="PlayersWorlds.Maps.Maze.MazeGeneratorTest" runstate="Runnable" seed="1780453434" result="Passed" start-time="2024-05-24T08:28:09.8781600Z" end-time="2024-05-24T08:28:09.8894530Z" duration="0.011293" asserts="5" />
              <test-case id="1-1882" name="IsFillComplete_Debug" fullname="PlayersWorlds.Maps.Maze.MazeGeneratorTest.IsFillComplete_Debug" methodname="IsFillComplete_Debug" classname="PlayersWorlds.Maps.Maze.MazeGeneratorTest" runstate="Ignored" seed="12108401" result="Skipped" label="Ignored" start-time="2024-05-24T08:28:09.8894760Z" end-time="2024-05-24T08:28:09.8896380Z" duration="0.000163" asserts="0">
                <properties>
                  <property name="_SKIPREASON" value="Debugging only" />
                </properties>
                <reason>
                  <message><![CDATA[Debugging only]]></message>
                </reason>
              </test-case>
              <test-case id="1-1371" name="IsFillComplete_Full" fullname="PlayersWorlds.Maps.Maze.MazeGeneratorTest.IsFillComplete_Full" methodname="IsFillComplete_Full" classname="PlayersWorlds.Maps.Maze.MazeGeneratorTest" runstate="Runnable" seed="1865300031" result="Passed" start-time="2024-05-24T08:28:09.8896480Z" end-time="2024-05-24T08:28:09.8934260Z" duration="0.003778" asserts="3" />
              <test-case id="1-1376" name="IsFillComplete_FullHeight" fullname="PlayersWorlds.Maps.Maze.MazeGeneratorTest.IsFillComplete_FullHeight" methodname="IsFillComplete_FullHeight" classname="PlayersWorlds.Maps.Maze.MazeGeneratorTest" runstate="Runnable" seed="1569443389" result="Passed" start-time="2024-05-24T08:28:09.8934380Z" end-time="2024-05-24T08:28:09.8972280Z" duration="0.003790" asserts="3" />
              <test-case id="1-1375" name="IsFillComplete_FullWidth" fullname="PlayersWorlds.Maps.Maze.MazeGeneratorTest.IsFillComplete_FullWidth" methodname="IsFillComplete_FullWidth" classname="PlayersWorlds.Maps.Maze.MazeGeneratorTest" runstate="Runnable" seed="1380033041" result="Passed" start-time="2024-05-24T08:28:09.8972400Z" end-time="2024-05-24T08:28:09.9001790Z" duration="0.002940" asserts="3" />
              <test-case id="1-1370" name="IsFillComplete_Half" fullname="PlayersWorlds.Maps.Maze.MazeGeneratorTest.IsFillComplete_Half" methodname="IsFillComplete_Half" classname="PlayersWorlds.Maps.Maze.MazeGeneratorTest" runstate="Runnable" seed="452986439" result="Passed" start-time="2024-05-24T08:28:09.9001920Z" end-time="2024-05-24T08:28:09.9023780Z" duration="0.002186" asserts="3" />
              <test-case id="1-1374" name="IsFillComplete_NinetyPercent" fullname="PlayersWorlds.Maps.Maze.MazeGeneratorTest.IsFillComplete_NinetyPercent" methodname="IsFillComplete_NinetyPercent" classname="PlayersWorlds.Maps.Maze.MazeGeneratorTest" runstate="Runnable" seed="717876322" result="Passed" start-time="2024-05-24T08:28:09.9023900Z" end-time="2024-05-24T08:28:09.9052140Z" duration="0.002824" asserts="3" />
              <test-case id="1-1372" name="IsFillComplete_Quarter" fullname="PlayersWorlds.Maps.Maze.MazeGeneratorTest.IsFillComplete_Quarter" methodname="IsFillComplete_Quarter" classname="PlayersWorlds.Maps.Maze.MazeGeneratorTest" runstate="Runnable" seed="724292151" result="Passed" start-time="2024-05-24T08:28:09.9052260Z" end-time="2024-05-24T08:28:09.9075580Z" duration="0.002331" asserts="3" />
              <test-case id="1-1373" name="IsFillComplete_ThreeQuarters" fullname="PlayersWorlds.Maps.Maze.MazeGeneratorTest.IsFillComplete_ThreeQuarters" methodname="IsFillComplete_ThreeQuarters" classname="PlayersWorlds.Maps.Maze.MazeGeneratorTest" runstate="Runnable" seed="67458615" result="Passed" start-time="2024-05-24T08:28:09.9075700Z" end-time="2024-05-24T08:28:09.9102090Z" duration="0.002639" asserts="3" />
              <test-case id="1-1369" name="OnlyFullGenerators" fullname="PlayersWorlds.Maps.Maze.MazeGeneratorTest.OnlyFullGenerators" methodname="OnlyFullGenerators" classname="PlayersWorlds.Maps.Maze.MazeGeneratorTest" runstate="Runnable" seed="897513538" result="Passed" start-time="2024-05-24T08:28:09.9102210Z" end-time="2024-05-24T08:28:09.9120920Z" duration="0.001871" asserts="2" />
              <test-case id="1-1883" name="WrongGeneratorOptions" fullname="PlayersWorlds.Maps.Maze.MazeGeneratorTest.WrongGeneratorOptions" methodname="WrongGeneratorOptions" classname="PlayersWorlds.Maps.Maze.MazeGeneratorTest" runstate="Runnable" seed="640426307" result="Passed" start-time="2024-05-24T08:28:09.9121040Z" end-time="2024-05-24T08:28:09.9132470Z" duration="0.001143" asserts="4" />
            </test-suite>
            <test-suite type="TestSuite" id="1-2067" name="PostProcessing" fullname="PlayersWorlds.Maps.Maze.PostProcessing" runstate="Runnable" testcasecount="5" result="Passed" start-time="2024-05-24T08:28:09.3567460Z" end-time="2024-05-24T08:28:09.9201640Z" duration="0.563418" total="5" passed="5" failed="0" warnings="0" inconclusive="0" skipped="0" asserts="19">
              <test-suite type="TestFixture" id="1-1896" name="DeadEndTest" fullname="PlayersWorlds.Maps.Maze.PostProcessing.DeadEndTest" classname="PlayersWorlds.Maps.Maze.PostProcessing.DeadEndTest" runstate="Runnable" testcasecount="1" result="Passed" start-time="2024-05-24T08:28:09.9132780Z" end-time="2024-05-24T08:28:09.9140610Z" duration="0.000783" total="1" passed="1" failed="0" warnings="0" inconclusive="0" skipped="0" asserts="7">
                <test-case id="1-1897" name="DeadEnd_CanFindDeadEnds" fullname="PlayersWorlds.Maps.Maze.PostProcessing.DeadEndTest.DeadEnd_CanFindDeadEnds" methodname="DeadEnd_CanFindDeadEnds" classname="PlayersWorlds.Maps.Maze.PostProcessing.DeadEndTest" runstate="Runnable" seed="1674889235" result="Passed" start-time="2024-05-24T08:28:09.9133390Z" end-time="2024-05-24T08:28:09.9140490Z" duration="0.000709" asserts="7" />
              </test-suite>
              <test-suite type="TestFixture" id="1-1898" name="DijkstraDistanceTest" fullname="PlayersWorlds.Maps.Maze.PostProcessing.DijkstraDistanceTest" classname="PlayersWorlds.Maps.Maze.PostProcessing.DijkstraDistanceTest" runstate="Runnable" testcasecount="4" result="Passed" start-time="2024-05-24T08:28:09.9140730Z" end-time="2024-05-24T08:28:09.9201580Z" duration="0.006086" total="4" passed="4" failed="0" warnings="0" inconclusive="0" skipped="0" asserts="12">
                <test-case id="1-1902" name="DijkstraDistance_CanFindLongestTrail" fullname="PlayersWorlds.Maps.Maze.PostProcessing.DijkstraDistanceTest.DijkstraDistance_CanFindLongestTrail" methodname="DijkstraDistance_CanFindLongestTrail" classname="PlayersWorlds.Maps.Maze.PostProcessing.DijkstraDistanceTest" runstate="Runnable" seed="1745265638" result="Passed" start-time="2024-05-24T08:28:09.9141270Z" end-time="2024-05-24T08:28:09.9148420Z" duration="0.000714" asserts="4" />
                <test-case id="1-1900" name="DijkstraDistance_CanSolveAMaze" fullname="PlayersWorlds.Maps.Maze.PostProcessing.DijkstraDistanceTest.DijkstraDistance_CanSolveAMaze" methodname="DijkstraDistance_CanSolveAMaze" classname="PlayersWorlds.Maps.Maze.PostProcessing.DijkstraDistanceTest" runstate="Runnable" seed="1561777609" result="Passed" start-time="2024-05-24T08:28:09.9148500Z" end-time="2024-05-24T08:28:09.9151490Z" duration="0.000299" asserts="4" />
                <test-case id="1-1899" name="DijkstraDistance_FindsAllDistances" fullname="PlayersWorlds.Maps.Maze.PostProcessing.DijkstraDistanceTest.DijkstraDistance_FindsAllDistances" methodname="DijkstraDistance_FindsAllDistances" classname="PlayersWorlds.Maps.Maze.PostProcessing.DijkstraDistanceTest" runstate="Runnable" seed="263555802" result="Passed" start-time="2024-05-24T08:28:09.9151570Z" end-time="2024-05-24T08:28:09.9199160Z" duration="0.004760" asserts="3" />
                <test-case id="1-1901" name="DijkstraDistance_ReturnsEmptyIfNoSolutionFound" fullname="PlayersWorlds.Maps.Maze.PostProcessing.DijkstraDistanceTest.DijkstraDistance_ReturnsEmptyIfNoSolutionFound" methodname="DijkstraDistance_ReturnsEmptyIfNoSolutionFound" classname="PlayersWorlds.Maps.Maze.PostProcessing.DijkstraDistanceTest" runstate="Runnable" seed="10934461" result="Passed" start-time="2024-05-24T08:28:09.9199280Z" end-time="2024-05-24T08:28:09.9201470Z" duration="0.000219" asserts="1" />
              </test-suite>
            </test-suite>
            <test-suite type="TestFixture" id="1-1891" name="SidewinderMazeGeneratorTest" fullname="PlayersWorlds.Maps.Maze.SidewinderMazeGeneratorTest" classname="PlayersWorlds.Maps.Maze.SidewinderMazeGeneratorTest" runstate="Runnable" testcasecount="2" result="Passed" start-time="2024-05-24T08:28:09.9201750Z" end-time="2024-05-24T08:28:09.9295920Z" duration="0.009417" total="1" passed="1" failed="0" warnings="0" inconclusive="0" skipped="0" asserts="2">
              <test-case id="1-1892" name="ArchShapedAreas" fullname="PlayersWorlds.Maps.Maze.SidewinderMazeGeneratorTest.ArchShapedAreas" methodname="ArchShapedAreas" classname="PlayersWorlds.Maps.Maze.SidewinderMazeGeneratorTest" runstate="Runnable" seed="251178775" result="Passed" start-time="2024-05-24T08:28:09.9202300Z" end-time="2024-05-24T08:28:09.9295780Z" duration="0.009347" asserts="2" />
            </test-suite>
            <test-suite type="TestFixture" id="1-1894" name="WilsonsMazeGeneratorTest" fullname="PlayersWorlds.Maps.Maze.WilsonsMazeGeneratorTest" classname="PlayersWorlds.Maps.Maze.WilsonsMazeGeneratorTest" runstate="Runnable" testcasecount="1" result="Passed" start-time="2024-05-24T08:28:09.9296040Z" end-time="2024-05-24T08:28:09.9475410Z" duration="0.017937" total="1" passed="1" failed="0" warnings="0" inconclusive="0" skipped="0" asserts="1">
              <test-case id="1-1895" name="DuplicateRandom" fullname="PlayersWorlds.Maps.Maze.WilsonsMazeGeneratorTest.DuplicateRandom" methodname="DuplicateRandom" classname="PlayersWorlds.Maps.Maze.WilsonsMazeGeneratorTest" runstate="Runnable" seed="476996081" result="Passed" start-time="2024-05-24T08:28:09.9296620Z" end-time="2024-05-24T08:28:09.9475260Z" duration="0.017864" asserts="1">
                <properties>
                  <property name="Timeout" value="1000" />
                </properties>
              </test-case>
            </test-suite>
          </test-suite>
          <test-suite type="TestFixture" id="1-1056" name="Maze2DRendererTest" fullname="PlayersWorlds.Maps.Maze2DRendererTest" classname="PlayersWorlds.Maps.Maze2DRendererTest" runstate="Runnable" testcasecount="8" result="Passed" start-time="2024-05-24T08:28:09.9475620Z" end-time="2024-05-24T08:28:09.9695810Z" duration="0.022019" total="8" passed="8" failed="0" warnings="0" inconclusive="0" skipped="0" asserts="57">
            <test-case id="1-1059" name="CanRenderAMapWithFilledAreas" fullname="PlayersWorlds.Maps.Maze2DRendererTest.CanRenderAMapWithFilledAreas" methodname="CanRenderAMapWithFilledAreas" classname="PlayersWorlds.Maps.Maze2DRendererTest" runstate="Runnable" seed="2126523316" result="Passed" start-time="2024-05-24T08:28:09.9476210Z" end-time="2024-05-24T08:28:09.9516520Z" duration="0.004031" asserts="1" />
            <test-case id="1-1060" name="CanRenderAMapWithHallAreas" fullname="PlayersWorlds.Maps.Maze2DRendererTest.CanRenderAMapWithHallAreas" methodname="CanRenderAMapWithHallAreas" classname="PlayersWorlds.Maps.Maze2DRendererTest" runstate="Runnable" seed="1731897129" result="Passed" start-time="2024-05-24T08:28:09.9516640Z" end-time="2024-05-24T08:28:09.9558450Z" duration="0.004181" asserts="1" />
            <test-case id="1-1057" name="CanRenderAMapWithSmoothCorners" fullname="PlayersWorlds.Maps.Maze2DRendererTest.CanRenderAMapWithSmoothCorners" methodname="CanRenderAMapWithSmoothCorners" classname="PlayersWorlds.Maps.Maze2DRendererTest" runstate="Runnable" seed="2055216689" result="Passed" start-time="2024-05-24T08:28:09.9558580Z" end-time="2024-05-24T08:28:09.9591750Z" duration="0.003317" asserts="1" />
            <test-case id="1-1058" name="CanRenderAMapWithVoids" fullname="PlayersWorlds.Maps.Maze2DRendererTest.CanRenderAMapWithVoids" methodname="CanRenderAMapWithVoids" classname="PlayersWorlds.Maps.Maze2DRendererTest" runstate="Runnable" seed="228242683" result="Passed" start-time="2024-05-24T08:28:09.9591870Z" end-time="2024-05-24T08:28:09.9627470Z" duration="0.003561" asserts="1" />
            <test-case id="1-1064" name="CellsMapping_ValidMapping" fullname="PlayersWorlds.Maps.Maze2DRendererTest.CellsMapping_ValidMapping" methodname="CellsMapping_ValidMapping" classname="PlayersWorlds.Maps.Maze2DRendererTest" runstate="Runnable" seed="36714251" result="Passed" start-time="2024-05-24T08:28:09.9627580Z" end-time="2024-05-24T08:28:09.9680740Z" duration="0.005316" asserts="45" />
            <test-case id="1-1061" name="Maze2DStringBoxRenderer_CanConvertToAscii" fullname="PlayersWorlds.Maps.Maze2DRendererTest.Maze2DStringBoxRenderer_CanConvertToAscii" methodname="Maze2DStringBoxRenderer_CanConvertToAscii" classname="PlayersWorlds.Maps.Maze2DRendererTest" runstate="Runnable" seed="795017937" result="Passed" start-time="2024-05-24T08:28:09.9680970Z" end-time="2024-05-24T08:28:09.9685410Z" duration="0.000444" asserts="1" />
            <test-case id="1-1062" name="Maze2DStringBoxRenderer_CanConvertToAsciiWithData" fullname="PlayersWorlds.Maps.Maze2DRendererTest.Maze2DStringBoxRenderer_CanConvertToAsciiWithData" methodname="Maze2DStringBoxRenderer_CanConvertToAsciiWithData" classname="PlayersWorlds.Maps.Maze2DRendererTest" runstate="Runnable" seed="1594090895" result="Passed" start-time="2024-05-24T08:28:09.9685490Z" end-time="2024-05-24T08:28:09.9690140Z" duration="0.000465" asserts="1" />
            <test-case id="1-1063" name="Maze2DToMap2DConverter_ThrowsIfInvalidOptions" fullname="PlayersWorlds.Maps.Maze2DRendererTest.Maze2DToMap2DConverter_ThrowsIfInvalidOptions" methodname="Maze2DToMap2DConverter_ThrowsIfInvalidOptions" classname="PlayersWorlds.Maps.Maze2DRendererTest" runstate="Runnable" seed="252529232" result="Passed" start-time="2024-05-24T08:28:09.9690210Z" end-time="2024-05-24T08:28:09.9695690Z" duration="0.000548" asserts="6" />
          </test-suite>
          <test-suite type="TestFixture" id="1-1023" name="NArrayTest" fullname="PlayersWorlds.Maps.NArrayTest" classname="PlayersWorlds.Maps.NArrayTest" runstate="Runnable" testcasecount="24" result="Passed" start-time="2024-05-24T08:28:09.9695950Z" end-time="2024-05-24T08:28:09.9835810Z" duration="0.013986" total="24" passed="24" failed="0" warnings="0" inconclusive="0" skipped="0" asserts="83">
            <test-case id="1-1043" name="CellsAt_AnyCellAt2x2" fullname="PlayersWorlds.Maps.NArrayTest.CellsAt_AnyCellAt2x2" methodname="CellsAt_AnyCellAt2x2" classname="PlayersWorlds.Maps.NArrayTest" runstate="Runnable" seed="1179794858" result="Passed" start-time="2024-05-24T08:28:09.9696510Z" end-time="2024-05-24T08:28:09.9709630Z" duration="0.001312" asserts="5" />
            <test-case id="1-1046" name="CellsAt_AnyCellAtCloseEdge2x2" fullname="PlayersWorlds.Maps.NArrayTest.CellsAt_AnyCellAtCloseEdge2x2" methodname="CellsAt_AnyCellAtCloseEdge2x2" classname="PlayersWorlds.Maps.NArrayTest" runstate="Runnable" seed="335007598" result="Passed" start-time="2024-05-24T08:28:09.9709770Z" end-time="2024-05-24T08:28:09.9713010Z" duration="0.000324" asserts="5" />
            <test-case id="1-1047" name="CellsAt_AnyCellAtZeroSize" fullname="PlayersWorlds.Maps.NArrayTest.CellsAt_AnyCellAtZeroSize" methodname="CellsAt_AnyCellAtZeroSize" classname="PlayersWorlds.Maps.NArrayTest" runstate="Runnable" seed="726163083" result="Passed" start-time="2024-05-24T08:28:09.9713080Z" end-time="2024-05-24T08:28:09.9719890Z" duration="0.000680" asserts="1" />
            <test-case id="1-1024" name="NArray_Constructor_CreatesCorrectSize" fullname="PlayersWorlds.Maps.NArrayTest.NArray_Constructor_CreatesCorrectSize" methodname="NArray_Constructor_CreatesCorrectSize" classname="PlayersWorlds.Maps.NArrayTest" runstate="Runnable" seed="761750892" result="Passed" start-time="2024-05-24T08:28:09.9720010Z" end-time="2024-05-24T08:28:09.9723670Z" duration="0.000366" asserts="2" />
            <test-case id="1-1025" name="NArray_Constructor_SetsInitialValues" fullname="PlayersWorlds.Maps.NArrayTest.NArray_Constructor_SetsInitialValues" methodname="NArray_Constructor_SetsInitialValues" classname="PlayersWorlds.Maps.NArrayTest" runstate="Runnable" seed="1492795978" result="Passed" start-time="2024-05-24T08:28:09.9723750Z" end-time="2024-05-24T08:28:09.9732310Z" duration="0.000856" asserts="4" />
            <test-case id="1-1026" name="NArray_Constructor_ThrowsOnInvalidSize" fullname="PlayersWorlds.Maps.NArrayTest.NArray_Constructor_ThrowsOnInvalidSize" methodname="NArray_Constructor_ThrowsOnInvalidSize" classname="PlayersWorlds.Maps.NArrayTest" runstate="Runnable" seed="156171232" result="Passed" start-time="2024-05-24T08:28:09.9732430Z" end-time="2024-05-24T08:28:09.9734640Z" duration="0.000221" asserts="1" />
            <test-case id="1-1027" name="NArray_Indexing_GetValuesCorrectly" fullname="PlayersWorlds.Maps.NArrayTest.NArray_Indexing_GetValuesCorrectly" methodname="NArray_Indexing_GetValuesCorrectly" classname="PlayersWorlds.Maps.NArrayTest" runstate="Runnable" seed="398228461" result="Passed" start-time="2024-05-24T08:28:09.9734720Z" end-time="2024-05-24T08:28:09.9737120Z" duration="0.000240" asserts="1" />
            <test-case id="1-1029" name="NArray_Indexing_SetsValuesCorrectly" fullname="PlayersWorlds.Maps.NArrayTest.NArray_Indexing_SetsValuesCorrectly" methodname="NArray_Indexing_SetsValuesCorrectly" classname="PlayersWorlds.Maps.NArrayTest" runstate="Runnable" seed="1640586792" result="Passed" start-time="2024-05-24T08:28:09.9737210Z" end-time="2024-05-24T08:28:09.9738750Z" duration="0.000154" asserts="1" />
            <test-case id="1-1028" name="NArray_Indexing_ThrowsOnOutOfBounds" fullname="PlayersWorlds.Maps.NArrayTest.NArray_Indexing_ThrowsOnOutOfBounds" methodname="NArray_Indexing_ThrowsOnOutOfBounds" classname="PlayersWorlds.Maps.NArrayTest" runstate="Runnable" seed="931466090" result="Passed" start-time="2024-05-24T08:28:09.9738820Z" end-time="2024-05-24T08:28:09.9745800Z" duration="0.000698" asserts="4" />
            <test-case id="1-1040" name="NArray_Iterate_FourCellsFar" fullname="PlayersWorlds.Maps.NArrayTest.NArray_Iterate_FourCellsFar" methodname="NArray_Iterate_FourCellsFar" classname="PlayersWorlds.Maps.NArrayTest" runstate="Runnable" seed="243613115" result="Passed" start-time="2024-05-24T08:28:09.9745880Z" end-time="2024-05-24T08:28:09.9757980Z" duration="0.001210" asserts="5" />
            <test-case id="1-1037" name="NArray_Iterate_OneCell" fullname="PlayersWorlds.Maps.NArrayTest.NArray_Iterate_OneCell" methodname="NArray_Iterate_OneCell" classname="PlayersWorlds.Maps.NArrayTest" runstate="Runnable" seed="1650771772" result="Passed" start-time="2024-05-24T08:28:09.9758110Z" end-time="2024-05-24T08:28:09.9761090Z" duration="0.000299" asserts="2" />
[...]
            <test-case id="1-1049" name="Optional_Equality" fullname="PlayersWorlds.Maps.OptionalTest.Optional_Equality" methodname="Optional_Equality" classname="PlayersWorlds.Maps.OptionalTest" runstate="Runnable" seed="288428735" result="Passed" start-time="2024-05-24T08:28:09.9837920Z" end-time="2024-05-24T08:28:09.9839240Z" duration="0.000132" asserts="3" />
            <test-case id="1-1051" name="Optional_Equals" fullname="PlayersWorlds.Maps.OptionalTest.Optional_Equals" methodname="Optional_Equals" classname="PlayersWorlds.Maps.OptionalTest" runstate="Runnable" seed="323723793" result="Passed" start-time="2024-05-24T08:28:09.9839310Z" end-time="2024-05-24T08:28:09.9841770Z" duration="0.000246" asserts="5" />
            <test-case id="1-1053" name="Optional_GetHashCode" fullname="PlayersWorlds.Maps.OptionalTest.Optional_GetHashCode" methodname="Optional_GetHashCode" classname="PlayersWorlds.Maps.OptionalTest" runstate="Runnable" seed="2092781574" result="Passed" start-time="2024-05-24T08:28:09.9841850Z" end-time="2024-05-24T08:28:09.9843930Z" duration="0.000208" asserts="3" />
            <test-case id="1-1052" name="Optional_Null" fullname="PlayersWorlds.Maps.OptionalTest.Optional_Null" methodname="Optional_Null" classname="PlayersWorlds.Maps.OptionalTest" runstate="Runnable" seed="352833268" result="Passed" start-time="2024-05-24T08:28:09.9844010Z" end-time="2024-05-24T08:28:09.9847860Z" duration="0.000386" asserts="9" />
            <test-case id="1-1050" name="Optional_ThrowsIfNoValue" fullname="PlayersWorlds.Maps.OptionalTest.Optional_ThrowsIfNoValue" methodname="Optional_ThrowsIfNoValue" classname="PlayersWorlds.Maps.OptionalTest" runstate="Runnable" seed="1218313562" result="Passed" start-time="2024-05-24T08:28:09.9847940Z" end-time="2024-05-24T08:28:09.9849430Z" duration="0.000149" asserts="2" />
            <test-case id="1-1055" name="Optional_ToStringShowsValue" fullname="PlayersWorlds.Maps.OptionalTest.Optional_ToStringShowsValue" methodname="Optional_ToStringShowsValue" classname="PlayersWorlds.Maps.OptionalTest" runstate="Runnable" seed="759637329" result="Passed" start-time="2024-05-24T08:28:09.9849500Z" end-time="2024-05-24T08:28:09.9851050Z" duration="0.000155" asserts="2" />
          </test-suite>
          <test-suite type="TestSuite" id="1-2065" name="Renderers" fullname="PlayersWorlds.Maps.Renderers" runstate="Runnable" testcasecount="1" result="Passed" start-time="2024-05-24T08:28:09.3567560Z" end-time="2024-05-24T08:28:09.9859990Z" duration="0.629243" total="1" passed="1" failed="0" warnings="0" inconclusive="0" skipped="0" asserts="1">
            <test-suite type="TestFixture" id="1-1107" name="Map2DStringRendererTest" fullname="PlayersWorlds.Maps.Renderers.Map2DStringRendererTest" classname="PlayersWorlds.Maps.Renderers.Map2DStringRendererTest" runstate="Runnable" testcasecount="1" result="Passed" start-time="2024-05-24T08:28:09.9851290Z" end-time="2024-05-24T08:28:09.9859920Z" duration="0.000863" total="1" passed="1" failed="0" warnings="0" inconclusive="0" skipped="0" asserts="1">
              <test-case id="1-1108" name="TestRender" fullname="PlayersWorlds.Maps.Renderers.Map2DStringRendererTest.TestRender" methodname="TestRender" classname="PlayersWorlds.Maps.Renderers.Map2DStringRendererTest" runstate="Runnable" seed="83133665" result="Passed" start-time="2024-05-24T08:28:09.9851830Z" end-time="2024-05-24T08:28:09.9859810Z" duration="0.000798" asserts="1" />
            </test-suite>
          </test-suite>
          <test-suite type="TestFixture" id="1-1065" name="VectorDTest" fullname="PlayersWorlds.Maps.VectorDTest" classname="PlayersWorlds.Maps.VectorDTest" runstate="Runnable" testcasecount="11" result="Passed" start-time="2024-05-24T08:28:09.9860110Z" end-time="2024-05-24T08:28:09.9883540Z" duration="0.002344" total="11" passed="11" failed="0" warnings="0" inconclusive="0" skipped="0" asserts="33">
            <test-case id="1-1073" name="CanAddAndSubtract" fullname="PlayersWorlds.Maps.VectorDTest.CanAddAndSubtract" methodname="CanAddAndSubtract" classname="PlayersWorlds.Maps.VectorDTest" runstate="Runnable" seed="1387996116" result="Passed" start-time="2024-05-24T08:28:09.9860660Z" end-time="2024-05-24T08:28:09.9863850Z" duration="0.000319" asserts="5" />
            <test-case id="1-1074" name="ConstructorChecksArguments" fullname="PlayersWorlds.Maps.VectorDTest.ConstructorChecksArguments" methodname="ConstructorChecksArguments" classname="PlayersWorlds.Maps.VectorDTest" runstate="Runnable" seed="1431144933" result="Passed" start-time="2024-05-24T08:28:09.9863930Z" end-time="2024-05-24T08:28:09.9864990Z" duration="0.000106" asserts="1" />
            <test-case id="1-1067" name="EqualityIsCheckedByValue" fullname="PlayersWorlds.Maps.VectorDTest.EqualityIsCheckedByValue" methodname="EqualityIsCheckedByValue" classname="PlayersWorlds.Maps.VectorDTest" runstate="Runnable" seed="1329477093" result="Passed" start-time="2024-05-24T08:28:09.9865070Z" end-time="2024-05-24T08:28:09.9867130Z" duration="0.000206" asserts="4" />
            <test-case id="1-1068" name="GetHashCodeIsDerivedFromValue" fullname="PlayersWorlds.Maps.VectorDTest.GetHashCodeIsDerivedFromValue" methodname="GetHashCodeIsDerivedFromValue" classname="PlayersWorlds.Maps.VectorDTest" runstate="Runnable" seed="779945295" result="Passed" start-time="2024-05-24T08:28:09.9867210Z" end-time="2024-05-24T08:28:09.9868050Z" duration="0.000084" asserts="1" />
            <test-case id="1-1071" name="InitializedAsNull" fullname="PlayersWorlds.Maps.VectorDTest.InitializedAsNull" methodname="InitializedAsNull" classname="PlayersWorlds.Maps.VectorDTest" runstate="Runnable" seed="930012038" result="Passed" start-time="2024-05-24T08:28:09.9868130Z" end-time="2024-05-24T08:28:09.9869110Z" duration="0.000098" asserts="1" />
            <test-case id="1-1070" name="InitializedEmpty" fullname="PlayersWorlds.Maps.VectorDTest.InitializedEmpty" methodname="InitializedEmpty" classname="PlayersWorlds.Maps.VectorDTest" runstate="Runnable" seed="110426821" result="Passed" start-time="2024-05-24T08:28:09.9869180Z" end-time="2024-05-24T08:28:09.9871760Z" duration="0.000258" asserts="4" />
            <test-case id="1-1066" name="IsInitialized" fullname="PlayersWorlds.Maps.VectorDTest.IsInitialized" methodname="IsInitialized" classname="PlayersWorlds.Maps.VectorDTest" runstate="Runnable" seed="1772260491" result="Passed" start-time="2024-05-24T08:28:09.9871840Z" end-time="2024-05-24T08:28:09.9873430Z" duration="0.000159" asserts="2" />
            <test-case id="1-1072" name="IsZero" fullname="PlayersWorlds.Maps.VectorDTest.IsZero" methodname="IsZero" classname="PlayersWorlds.Maps.VectorDTest" runstate="Runnable" seed="2061447841" result="Passed" start-time="2024-05-24T08:28:09.9873510Z" end-time="2024-05-24T08:28:09.9874540Z" duration="0.000104" asserts="3" />
            <test-case id="1-1075" name="SnappedForce" fullname="PlayersWorlds.Maps.VectorDTest.SnappedForce" methodname="SnappedForce" classname="PlayersWorlds.Maps.VectorDTest" runstate="Runnable" seed="2004710453" result="Passed" start-time="2024-05-24T08:28:09.9874610Z" end-time="2024-05-24T08:28:09.9878480Z" duration="0.000387" asserts="9" />
            <test-case id="1-1069" name="ToStringFormat" fullname="PlayersWorlds.Maps.VectorDTest.ToStringFormat" methodname="ToStringFormat" classname="PlayersWorlds.Maps.VectorDTest" runstate="Runnable" seed="1479484868" result="Passed" start-time="2024-05-24T08:28:09.9878560Z" end-time="2024-05-24T08:28:09.9879360Z" duration="0.000081" asserts="1" />
            <test-case id="1-1076" name="VectorD_Parse" fullname="PlayersWorlds.Maps.VectorDTest.VectorD_Parse" methodname="VectorD_Parse" classname="PlayersWorlds.Maps.VectorDTest" runstate="Runnable" seed="149835486" result="Passed" start-time="2024-05-24T08:28:09.9879430Z" end-time="2024-05-24T08:28:09.9883430Z" duration="0.000400" asserts="2" />
          </test-suite>
          <test-suite type="TestFixture" id="1-1077" name="VectorTest" fullname="PlayersWorlds.Maps.VectorTest" classname="PlayersWorlds.Maps.VectorTest" runstate="Runnable" testcasecount="29" result="Passed" start-time="2024-05-24T08:28:09.9883670Z" end-time="2024-05-24T08:28:09.9960250Z" duration="0.007658" total="29" passed="29" failed="0" warnings="0" inconclusive="0" skipped="0" asserts="229">
            <test-case id="1-1094" name="FitsInto" fullname="PlayersWorlds.Maps.VectorTest.FitsInto" methodname="FitsInto" classname="PlayersWorlds.Maps.VectorTest" runstate="Runnable" seed="313193333" result="Passed" start-time="2024-05-24T08:28:09.9884230Z" end-time="2024-05-24T08:28:09.9885610Z" duration="0.000138" asserts="3" />
            <test-case id="1-1097" name="FromIndex_Matches_FromIndex" fullname="PlayersWorlds.Maps.VectorTest.FromIndex_Matches_FromIndex" methodname="FromIndex_Matches_FromIndex" classname="PlayersWorlds.Maps.VectorTest" runstate="Runnable" seed="602368323" result="Passed" start-time="2024-05-24T08:28:09.9885690Z" end-time="2024-05-24T08:28:09.9886700Z" duration="0.000102" asserts="1" />
            <test-case id="1-1105" name="FromIndex_ShouldThrowException_DimensionMismatch" fullname="PlayersWorlds.Maps.VectorTest.FromIndex_ShouldThrowException_DimensionMismatch" methodname="FromIndex_ShouldThrowException_DimensionMismatch" classname="PlayersWorlds.Maps.VectorTest" runstate="Runnable" seed="1242730889" result="Passed" start-time="2024-05-24T08:28:09.9886770Z" end-time="2024-05-24T08:28:09.9890430Z" duration="0.000365" asserts="1" />
            <test-case id="1-1095" name="IsIn" fullname="PlayersWorlds.Maps.VectorTest.IsIn" methodname="IsIn" classname="PlayersWorlds.Maps.VectorTest" runstate="Runnable" seed="625461840" result="Passed" start-time="2024-05-24T08:28:09.9890520Z" end-time="2024-05-24T08:28:09.9893140Z" duration="0.000263" asserts="7" />
            <test-case id="1-1106" name="NorthEastComparer_ComparesCorrectly" fullname="PlayersWorlds.Maps.VectorTest.NorthEastComparer_ComparesCorrectly" methodname="NorthEastComparer_ComparesCorrectly" classname="PlayersWorlds.Maps.VectorTest" runstate="Runnable" seed="968029147" result="Passed" start-time="2024-05-24T08:28:09.9893220Z" end-time="2024-05-24T08:28:09.9905600Z" duration="0.001239" asserts="1" />
            <test-case id="1-1079" name="Size_NotInitialized" fullname="PlayersWorlds.Maps.VectorTest.Size_NotInitialized" methodname="Size_NotInitialized" classname="PlayersWorlds.Maps.VectorTest" runstate="Runnable" seed="1982891171" result="Passed" start-time="2024-05-24T08:28:09.9905700Z" end-time="2024-05-24T08:28:09.9907520Z" duration="0.000182" asserts="2" />
            <test-case id="1-1101" name="ToIndex_FromIndex_RoundTripConversion" fullname="PlayersWorlds.Maps.VectorTest.ToIndex_FromIndex_RoundTripConversion" methodname="ToIndex_FromIndex_RoundTripConversion" classname="PlayersWorlds.Maps.VectorTest" runstate="Runnable" seed="1869068421" result="Passed" start-time="2024-05-24T08:28:09.9907590Z" end-time="2024-05-24T08:28:09.9914850Z" duration="0.000726" asserts="150" />
            <test-case id="1-1102" name="ToIndex_FromIndex_Valid5D" fullname="PlayersWorlds.Maps.VectorTest.ToIndex_FromIndex_Valid5D" methodname="ToIndex_FromIndex_Valid5D" classname="PlayersWorlds.Maps.VectorTest" runstate="Runnable" seed="260748356" result="Passed" start-time="2024-05-24T08:28:09.9914930Z" end-time="2024-05-24T08:28:09.9926500Z" duration="0.001157" asserts="13" />
            <test-case id="1-1096" name="ToIndex_Matches_ToIndex" fullname="PlayersWorlds.Maps.VectorTest.ToIndex_Matches_ToIndex" methodname="ToIndex_Matches_ToIndex" classname="PlayersWorlds.Maps.VectorTest" runstate="Runnable" seed="356649670" result="Passed" start-time="2024-05-24T08:28:09.9926580Z" end-time="2024-05-24T08:28:09.9927550Z" duration="0.000097" asserts="1" />
            <test-case id="1-1098" name="ToIndex_ShouldCalculateCorrectIndex_1D" fullname="PlayersWorlds.Maps.VectorTest.ToIndex_ShouldCalculateCorrectIndex_1D" methodname="ToIndex_ShouldCalculateCorrectIndex_1D" classname="PlayersWorlds.Maps.VectorTest" runstate="Runnable" seed="10122785" result="Passed" start-time="2024-05-24T08:28:09.9927640Z" end-time="2024-05-24T08:28:09.9928610Z" duration="0.000098" asserts="2" />
            <test-case id="1-1099" name="ToIndex_ShouldCalculateCorrectIndex_2D" fullname="PlayersWorlds.Maps.VectorTest.ToIndex_ShouldCalculateCorrectIndex_2D" methodname="ToIndex_ShouldCalculateCorrectIndex_2D" classname="PlayersWorlds.Maps.VectorTest" runstate="Runnable" seed="1021428362" result="Passed" start-time="2024-05-24T08:28:09.9928680Z" end-time="2024-05-24T08:28:09.9929600Z" duration="0.000092" asserts="2" />
            <test-case id="1-1100" name="ToIndex_ShouldCalculateCorrectIndex_3D" fullname="PlayersWorlds.Maps.VectorTest.ToIndex_ShouldCalculateCorrectIndex_3D" methodname="ToIndex_ShouldCalculateCorrectIndex_3D" classname="PlayersWorlds.Maps.VectorTest" runstate="Runnable" seed="1107278309" result="Passed" start-time="2024-05-24T08:28:09.9929670Z" end-time="2024-05-24T08:28:09.9930610Z" duration="0.000094" asserts="2" />
            <test-case id="1-1104" name="ToIndex_ShouldThrowException_DimensionMismatch" fullname="PlayersWorlds.Maps.VectorTest.ToIndex_ShouldThrowException_DimensionMismatch" methodname="ToIndex_ShouldThrowException_DimensionMismatch" classname="PlayersWorlds.Maps.VectorTest" runstate="Runnable" seed="1374702366" result="Passed" start-time="2024-05-24T08:28:09.9930670Z" end-time="2024-05-24T08:28:09.9932370Z" duration="0.000170" asserts="1" />
            <test-case id="1-1103" name="ToIndex_ShouldThrowException_DimensionOverflow" fullname="PlayersWorlds.Maps.VectorTest.ToIndex_ShouldThrowException_DimensionOverflow" methodname="ToIndex_ShouldThrowException_DimensionOverflow" classname="PlayersWorlds.Maps.VectorTest" runstate="Runnable" seed="1979204178" result="Passed" start-time="2024-05-24T08:28:09.9932440Z" end-time="2024-05-24T08:28:09.9934340Z" duration="0.000189" asserts="1" />
            <test-case id="1-1087" name="Vector_CanAddAndSubtract" fullname="PlayersWorlds.Maps.VectorTest.Vector_CanAddAndSubtract" methodname="Vector_CanAddAndSubtract" classname="PlayersWorlds.Maps.VectorTest" runstate="Runnable" seed="334728666" result="Passed" start-time="2024-05-24T08:28:09.9934420Z" end-time="2024-05-24T08:28:09.9938170Z" duration="0.000375" asserts="6" />
            <test-case id="1-1088" name="Vector_ConstructorChecksArguments" fullname="PlayersWorlds.Maps.VectorTest.Vector_ConstructorChecksArguments" methodname="Vector_ConstructorChecksArguments" classname="PlayersWorlds.Maps.VectorTest" runstate="Runnable" seed="37539242" result="Passed" start-time="2024-05-24T08:28:09.9938250Z" end-time="2024-05-24T08:28:09.9939160Z" duration="0.000091" asserts="1" />
            <test-case id="1-1085" name="Vector_EmptyIsEmpty" fullname="PlayersWorlds.Maps.VectorTest.Vector_EmptyIsEmpty" methodname="Vector_EmptyIsEmpty" classname="PlayersWorlds.Maps.VectorTest" runstate="Runnable" seed="582508476" result="Passed" start-time="2024-05-24T08:28:09.9939230Z" end-time="2024-05-24T08:28:09.9939900Z" duration="0.000067" asserts="1" />
            <test-case id="1-1084" name="Vector_EmptyVectorIsEmpty" fullname="PlayersWorlds.Maps.VectorTest.Vector_EmptyVectorIsEmpty" methodname="Vector_EmptyVectorIsEmpty" classname="PlayersWorlds.Maps.VectorTest" runstate="Runnable" seed="1078523241" result="Passed" start-time="2024-05-24T08:28:09.9939970Z" end-time="2024-05-24T08:28:09.9940580Z" duration="0.000062" asserts="1" />
            <test-case id="1-1080" name="Vector_EqualityIsCheckedByValue" fullname="PlayersWorlds.Maps.VectorTest.Vector_EqualityIsCheckedByValue" methodname="Vector_EqualityIsCheckedByValue" classname="PlayersWorlds.Maps.VectorTest" runstate="Runnable" seed="289228444" result="Passed" start-time="2024-05-24T08:28:09.9940650Z" end-time="2024-05-24T08:28:09.9943190Z" duration="0.000254" asserts="5" />
            <test-case id="1-1092" name="Vector_FromIndex" fullname="PlayersWorlds.Maps.VectorTest.Vector_FromIndex" methodname="Vector_FromIndex" classname="PlayersWorlds.Maps.VectorTest" runstate="Runnable" seed="552025717" result="Passed" start-time="2024-05-24T08:28:09.9943270Z" end-time="2024-05-24T08:28:09.9944400Z" duration="0.000112" asserts="2" />
            <test-case id="1-1081" name="Vector_GetHashCodeIsDerivedFromValue" fullname="PlayersWorlds.Maps.VectorTest.Vector_GetHashCodeIsDerivedFromValue" methodname="Vector_GetHashCodeIsDerivedFromValue" classname="PlayersWorlds.Maps.VectorTest" runstate="Runnable" seed="1659899582" result="Passed" start-time="2024-05-24T08:28:09.9944460Z" end-time="2024-05-24T08:28:09.9946480Z" duration="0.000202" asserts="2" />
            <test-case id="1-1078" name="Vector_IsInitialized" fullname="PlayersWorlds.Maps.VectorTest.Vector_IsInitialized" methodname="Vector_IsInitialized" classname="PlayersWorlds.Maps.VectorTest" runstate="Runnable" seed="116127152" result="Passed" start-time="2024-05-24T08:28:09.9946570Z" end-time="2024-05-24T08:28:09.9947350Z" duration="0.000078" asserts="2" />
            <test-case id="1-1086" name="Vector_NotEqualToNull" fullname="PlayersWorlds.Maps.VectorTest.Vector_NotEqualToNull" methodname="Vector_NotEqualToNull" classname="PlayersWorlds.Maps.VectorTest" runstate="Runnable" seed="1585101821" result="Passed" start-time="2024-05-24T08:28:09.9947410Z" end-time="2024-05-24T08:28:09.9949290Z" duration="0.000187" asserts="3" />
            <test-case id="1-1090" name="Vector_SnappedForce" fullname="PlayersWorlds.Maps.VectorTest.Vector_SnappedForce" methodname="Vector_SnappedForce" classname="PlayersWorlds.Maps.VectorTest" runstate="Runnable" seed="445326931" result="Passed" start-time="2024-05-24T08:28:09.9949360Z" end-time="2024-05-24T08:28:09.9953160Z" duration="0.000380" asserts="9" />
            <test-case id="1-1089" name="Vector_ThrowsIfNotAValidSize" fullname="PlayersWorlds.Maps.VectorTest.Vector_ThrowsIfNotAValidSize" methodname="Vector_ThrowsIfNotAValidSize" classname="PlayersWorlds.Maps.VectorTest" runstate="Runnable" seed="1088708426" result="Passed" start-time="2024-05-24T08:28:09.9953240Z" end-time="2024-05-24T08:28:09.9955590Z" duration="0.000236" asserts="3" />
            <test-case id="1-1091" name="Vector_ToIndex" fullname="PlayersWorlds.Maps.VectorTest.Vector_ToIndex" methodname="Vector_ToIndex" classname="PlayersWorlds.Maps.VectorTest" runstate="Runnable" seed="254718720" result="Passed" start-time="2024-05-24T08:28:09.9955670Z" end-time="2024-05-24T08:28:09.9957430Z" duration="0.000175" asserts="3" />
            <test-case id="1-1082" name="Vector_ToStringFormat" fullname="PlayersWorlds.Maps.VectorTest.Vector_ToStringFormat" methodname="Vector_ToStringFormat" classname="PlayersWorlds.Maps.VectorTest" runstate="Runnable" seed="1468179222" result="Passed" start-time="2024-05-24T08:28:09.9957500Z" end-time="2024-05-24T08:28:09.9958340Z" duration="0.000084" asserts="2" />
            <test-case id="1-1083" name="Vector_ZeroVectorIsNotEmpty" fullname="PlayersWorlds.Maps.VectorTest.Vector_ZeroVectorIsNotEmpty" methodname="Vector_ZeroVectorIsNotEmpty" classname="PlayersWorlds.Maps.VectorTest" runstate="Runnable" seed="366281431" result="Passed" start-time="2024-05-24T08:28:09.9958410Z" end-time="2024-05-24T08:28:09.9959250Z" duration="0.000084" asserts="1" />
            <test-case id="1-1093" name="VectorD_Parse" fullname="PlayersWorlds.Maps.VectorTest.VectorD_Parse" methodname="VectorD_Parse" classname="PlayersWorlds.Maps.VectorTest" runstate="Runnable" seed="1882736239" result="Passed" start-time="2024-05-24T08:28:09.9959320Z" end-time="2024-05-24T08:28:09.9960130Z" duration="0.000081" asserts="1" />
          </test-suite>
        </test-suite>
      </test-suite>
    </test-suite>
  </test-suite>
</test-run>