<?xml version="1.0" encoding="utf-8" standalone="no"?>
<test-run id="0" runstate="Runnable" testcasecount="1020" result="Skipped" label="Ignored" total="1020" passed="771" failed="0" warnings="0" inconclusive="1" skipped="248" asserts="19160" engine-version="3.17.0.0" clr-version="4.0.30319.42000" start-time="2024-06-28 21:57:10Z" end-time="2024-06-28 22:01:21Z" duration="250.479192">
  <command-line><![CDATA[/home/data/repos/github.com/aynurin/maze-gen/packages/NUnit.ConsoleRunner.3.17.0/tools/nunit3-console.exe build/Debug/tests/PlayersWorlds.Maps.Tests.dll --framework=mono-4.0]]></command-line>
  <test-suite type="Assembly" id="1-2067" name="PlayersWorlds.Maps.Tests.dll" fullname="/home/data/repos/github.com/aynurin/maze-gen/build/Debug/tests/PlayersWorlds.Maps.Tests.dll" runstate="Runnable" testcasecount="1020" result="Skipped" label="Ignored" site="Child" start-time="2024-06-28T21:57:10.9694220Z" end-time="2024-06-28T22:01:20.9231410Z" duration="249.953667" total="1020" passed="771" failed="0" warnings="0" inconclusive="1" skipped="248" asserts="19160">
    <environment framework-version="4.0.1.0" clr-version="4.0.30319.42000" os-version="Unix 6.1.84.1" platform="Unix" cwd="/home/data/repos/github.com/aynurin/maze-gen" machine-name="lightview" user="shav" user-domain="lightview" culture="en-US" uiculture="en-US" os-architecture="x64" />
    <settings>
      <setting name="RequestedRuntimeFramework" value="mono-4.0" />
      <setting name="DisposeRunners" value="True" />
      <setting name="WorkDirectory" value="/home/data/repos/github.com/aynurin/maze-gen" />
      <setting name="ImageRuntimeVersion" value="4.0.30319" />
      <setting name="ImageTargetFrameworkName" value=".NETFramework,Version=v4.7" />
      <setting name="ImageRequiresX86" value="False" />
      <setting name="ImageRequiresDefaultAppDomainAssemblyResolver" value="False" />
      <setting name="TargetRuntimeFramework" value="mono-4.0" />
      <setting name="NumberOfTestWorkers" value="24" />
    </settings>
    <properties>
      <property name="_PID" value="3666261" />
      <property name="_APPDOMAIN" value="domain-" />
    </properties>
    <reason>
      <message><![CDATA[One or more child tests were ignored]]></message>
    </reason>
    <test-suite type="SetUpFixture" id="1-1003" name="[default namespace]" fullname="TestsSetup" classname="TestsSetup" runstate="Runnable" testcasecount="1020" result="Skipped" label="Ignored" site="Child" start-time="2024-06-28T21:57:10.9747580Z" end-time="2024-06-28T22:01:20.9231300Z" duration="249.948371" total="1020" passed="771" failed="0" warnings="0" inconclusive="1" skipped="248" asserts="19160">
      <reason>
        <message><![CDATA[One or more child tests were ignored]]></message>
      </reason>
      <test-suite type="TestSuite" id="1-2068" name="PlayersWorlds" fullname="PlayersWorlds" runstate="Runnable" testcasecount="1018" result="Skipped" label="Ignored" site="Child" start-time="2024-06-28T21:57:10.9778720Z" end-time="2024-06-28T22:01:20.7934850Z" duration="249.815613" total="1018" passed="769" failed="0" warnings="0" inconclusive="1" skipped="248" asserts="16118">
        <reason>
          <message><![CDATA[One or more child tests were ignored]]></message>
        </reason>
        <test-suite type="TestSuite" id="1-2069" name="Maps" fullname="PlayersWorlds.Maps" runstate="Runnable" testcasecount="1018" result="Skipped" label="Ignored" site="Child" start-time="2024-06-28T21:57:10.9779040Z" end-time="2024-06-28T22:01:20.7934800Z" duration="249.815576" total="1018" passed="769" failed="0" warnings="0" inconclusive="1" skipped="248" asserts="16118">
          <reason>
            <message><![CDATA[One or more child tests were ignored]]></message>
          </reason>
          <test-suite type="TestSuite" id="1-2075" name="Areas" fullname="PlayersWorlds.Maps.Areas" runstate="Runnable" testcasecount="113" result="Passed" start-time="2024-06-28T21:57:10.9779310Z" end-time="2024-06-28T22:00:05.3664260Z" duration="174.388495" total="113" passed="112" failed="0" warnings="0" inconclusive="1" skipped="0" asserts="236">
            <test-suite type="TestSuite" id="1-2076" name="Evolving" fullname="PlayersWorlds.Maps.Areas.Evolving" runstate="Runnable" testcasecount="104" result="Passed" start-time="2024-06-28T21:57:10.9779370Z" end-time="2024-06-28T22:00:05.3460060Z" duration="174.368069" total="104" passed="103" failed="0" warnings="0" inconclusive="1" skipped="0" asserts="205">
              <test-suite type="TestFixture" id="1-1955" name="AreaDistributorIntegrationTest" fullname="PlayersWorlds.Maps.Areas.Evolving.AreaDistributorIntegrationTest" classname="PlayersWorlds.Maps.Areas.Evolving.AreaDistributorIntegrationTest" runstate="Runnable" testcasecount="79" result="Passed" start-time="2024-06-28T21:57:10.9779870Z" end-time="2024-06-28T21:57:18.6206670Z" duration="7.642679" total="79" passed="79" failed="0" warnings="0" inconclusive="0" skipped="0" asserts="158">
                <properties>
                  <property name="Category" value="Integration" />
                </properties>
                <test-suite type="ParameterizedMethod" id="1-2037" name="AreaDistributorTest_CanLayout" fullname="PlayersWorlds.Maps.Areas.Evolving.AreaDistributorIntegrationTest.AreaDistributorTest_CanLayout" classname="PlayersWorlds.Maps.Areas.Evolving.AreaDistributorIntegrationTest" runstate="Runnable" testcasecount="55" result="Passed" start-time="2024-06-28T21:57:10.9781590Z" end-time="2024-06-28T21:57:18.4572440Z" duration="7.479085" total="55" passed="55" failed="0" warnings="0" inconclusive="0" skipped="0" asserts="110">
                  <properties>
                    <property name="Category" value="Integration" />
                    <property name="Category" value="Smoke" />
                  </properties>
                  <test-case id="1-1982" name="AreaDistributorTest_CanLayout(&quot;Area:{13x8;0x0;False;Maze;;;[Area:{3x1;9x6;False;Maze;;;},Area:{2x1;1x4;False;Maze;;;}]}&quot;)" fullname="PlayersWorlds.Maps.Areas.Evolving.AreaDistributorIntegrationTest.AreaDistributorTest_CanLayout(&quot;Area:{13x8;0x0;False;Maze;;;[Area:{3x1;9x6;False;Maze;;;},Area:{2x1;1x4;False;Maze;;;}]}&quot;)" methodname="AreaDistributorTest_CanLayout" classname="PlayersWorlds.Maps.Areas.Evolving.AreaDistributorIntegrationTest" runstate="Runnable" seed="1269455657" result="Passed" start-time="2024-06-28T21:57:10.9782630Z" end-time="2024-06-28T21:57:11.0388180Z" duration="0.060624" asserts="2" />
                  <test-case id="1-1983" name="AreaDistributorTest_CanLayout(&quot;Area:{20x20;0x0;False;Maze;;;[Area:{5x3;14x14;False;Maze;;;},Area:{1x4;-2x14;False;Maze;;;},Area:{2x4;7x-3;False;Maze;;;},Area:{1x3;2x4;False;Maze;;;}]}&quot;)" fullname="PlayersWorlds.Maps.Areas.Evolving.AreaDistributorIntegrationTest.AreaDistributorTest_CanLayout(&quot;Area:{20x20;0x0;False;Maze;;;[Area:{5x3;14x14;False;Maze;;;},Area:{1x4;-2x14;False;Maze;;;},Area:{2x4;7x-3;False;Maze;;;},Area:{1x3;2x4;False;Maze;;;}]}&quot;)" methodname="AreaDistributorTest_CanLayout" classname="PlayersWorlds.Maps.Areas.Evolving.AreaDistributorIntegrationTest" runstate="Runnable" seed="1495122301" result="Passed" start-time="2024-06-28T21:57:11.0401050Z" end-time="2024-06-28T21:57:11.0963380Z" duration="0.056233" asserts="2" />
                  <test-case id="1-1984" name="AreaDistributorTest_CanLayout(&quot;Area:{6x14;0x0;False;Maze;;;[Area:{1x3;0x10;False;Maze;;;}]}&quot;)" fullname="PlayersWorlds.Maps.Areas.Evolving.AreaDistributorIntegrationTest.AreaDistributorTest_CanLayout(&quot;Area:{6x14;0x0;False;Maze;;;[Area:{1x3;0x10;False;Maze;;;}]}&quot;)" methodname="AreaDistributorTest_CanLayout" classname="PlayersWorlds.Maps.Areas.Evolving.AreaDistributorIntegrationTest" runstate="Runnable" seed="1952376938" result="Passed" start-time="2024-06-28T21:57:11.0963630Z" end-time="2024-06-28T21:57:11.1004810Z" duration="0.004118" asserts="2" />
                  <test-case id="1-1985" name="AreaDistributorTest_CanLayout(&quot;Area:{23x22;0x0;False;Maze;;;[Area:{6x2;11x10;False;Maze;;;},Area:{5x1;-1x14;False;Maze;;;},Area:{5x3;5x-3;False;Maze;;;},Area:{2x1;11x22;False;Maze;;;}]}&quot;)" fullname="PlayersWorlds.Maps.Areas.Evolving.AreaDistributorIntegrationTest.AreaDistributorTest_CanLayout(&quot;Area:{23x22;0x0;False;Maze;;;[Area:{6x2;11x10;False;Maze;;;},Area:{5x1;-1x14;False;Maze;;;},Area:{5x3;5x-3;False;Maze;;;},Area:{2x1;11x22;False;Maze;;;}]}&quot;)" methodname="AreaDistributorTest_CanLayout" classname="PlayersWorlds.Maps.Areas.Evolving.AreaDistributorIntegrationTest" runstate="Runnable" seed="509951850" result="Passed" start-time="2024-06-28T21:57:11.1004950Z" end-time="2024-06-28T21:57:11.1288610Z" duration="0.028367" asserts="2" />
                  <test-case id="1-1986" name="AreaDistributorTest_CanLayout(&quot;Area:{18x23;0x0;False;Maze;;;[Area:{5x5;-3x-8;False;Maze;;;},Area:{3x6;30x8;False;Maze;;;},Area:{4x4;9x3;False;Maze;;;},Area:{1x3;12x15;False;Maze;;;}]}&quot;)" fullname="PlayersWorlds.Maps.Areas.Evolving.AreaDistributorIntegrationTest.AreaDistributorTest_CanLayout(&quot;Area:{18x23;0x0;False;Maze;;;[Area:{5x5;-3x-8;False;Maze;;;},Area:{3x6;30x8;False;Maze;;;},Area:{4x4;9x3;False;Maze;;;},Area:{1x3;12x15;False;Maze;;;}]}&quot;)" methodname="AreaDistributorTest_CanLayout" classname="PlayersWorlds.Maps.Areas.Evolving.AreaDistributorIntegrationTest" runstate="Runnable" seed="238330698" result="Passed" start-time="2024-06-28T21:57:11.1288830Z" end-time="2024-06-28T21:57:11.1974150Z" duration="0.068532" asserts="2" />
                  <test-case id="1-1987" name="AreaDistributorTest_CanLayout(&quot;Area:{23x8;0x0;False;Maze;;;[Area:{4x1;4x7;False;Maze;;;},Area:{1x1;2x-1;False;Maze;;;}]}&quot;)" fullname="PlayersWorlds.Maps.Areas.Evolving.AreaDistributorIntegrationTest.AreaDistributorTest_CanLayout(&quot;Area:{23x8;0x0;False;Maze;;;[Area:{4x1;4x7;False;Maze;;;},Area:{1x1;2x-1;False;Maze;;;}]}&quot;)" methodname="AreaDistributorTest_CanLayout" classname="PlayersWorlds.Maps.Areas.Evolving.AreaDistributorIntegrationTest" runstate="Runnable" seed="628743978" result="Passed" start-time="2024-06-28T21:57:11.1974460Z" end-time="2024-06-28T21:57:11.2061920Z" duration="0.008746" asserts="2" />
                  <test-case id="1-1988" name="AreaDistributorTest_CanLayout(&quot;Area:{21x13;0x0;False;Maze;;;[Area:{6x3;8x-3;False;Maze;;;},Area:{6x3;8x4;False;Maze;;;},Area:{4x2;7x2;False;Maze;;;}]}&quot;)" fullname="PlayersWorlds.Maps.Areas.Evolving.AreaDistributorIntegrationTest.AreaDistributorTest_CanLayout(&quot;Area:{21x13;0x0;False;Maze;;;[Area:{6x3;8x-3;False;Maze;;;},Area:{6x3;8x4;False;Maze;;;},Area:{4x2;7x2;False;Maze;;;}]}&quot;)" methodname="AreaDistributorTest_CanLayout" classname="PlayersWorlds.Maps.Areas.Evolving.AreaDistributorIntegrationTest" runstate="Runnable" seed="1073749387" result="Passed" start-time="2024-06-28T21:57:11.2062060Z" end-time="2024-06-28T21:57:11.2323160Z" duration="0.026110" asserts="2" />
                  <test-case id="1-1989" name="AreaDistributorTest_CanLayout(&quot;Area:{16x14;0x0;False;Maze;;;[Area:{3x1;2x13;False;Maze;;;},Area:{4x3;11x-1;False;Maze;;;}]}&quot;)" fullname="PlayersWorlds.Maps.Areas.Evolving.AreaDistributorIntegrationTest.AreaDistributorTest_CanLayout(&quot;Area:{16x14;0x0;False;Maze;;;[Area:{3x1;2x13;False;Maze;;;},Area:{4x3;11x-1;False;Maze;;;}]}&quot;)" methodname="AreaDistributorTest_CanLayout" classname="PlayersWorlds.Maps.Areas.Evolving.AreaDistributorIntegrationTest" runstate="Runnable" seed="279498273" result="Passed" start-time="2024-06-28T21:57:11.2324030Z" end-time="2024-06-28T21:57:11.2430840Z" duration="0.010681" asserts="2" />
                  <test-case id="1-1990" name="AreaDistributorTest_CanLayout(&quot;Area:{24x12;0x0;False;Maze;;;[Area:{2x1;12x7;False;Maze;;;},Area:{5x2;14x-1;False;Maze;;;},Area:{1x1;16x11;False;Maze;;;}]}&quot;)" fullname="PlayersWorlds.Maps.Areas.Evolving.AreaDistributorIntegrationTest.AreaDistributorTest_CanLayout(&quot;Area:{24x12;0x0;False;Maze;;;[Area:{2x1;12x7;False;Maze;;;},Area:{5x2;14x-1;False;Maze;;;},Area:{1x1;16x11;False;Maze;;;}]}&quot;)" methodname="AreaDistributorTest_CanLayout" classname="PlayersWorlds.Maps.Areas.Evolving.AreaDistributorIntegrationTest" runstate="Runnable" seed="1857515553" result="Passed" start-time="2024-06-28T21:57:11.2431050Z" end-time="2024-06-28T21:57:11.2580100Z" duration="0.014906" asserts="2" />
                  <test-case id="1-1991" name="AreaDistributorTest_CanLayout(&quot;Area:{9x18;0x0;False;Maze;;;[Area:{2x2;2x10;False;Maze;;;},Area:{2x5;2x8;False;Maze;;;}]}&quot;)" fullname="PlayersWorlds.Maps.Areas.Evolving.AreaDistributorIntegrationTest.AreaDistributorTest_CanLayout(&quot;Area:{9x18;0x0;False;Maze;;;[Area:{2x2;2x10;False;Maze;;;},Area:{2x5;2x8;False;Maze;;;}]}&quot;)" methodname="AreaDistributorTest_CanLayout" classname="PlayersWorlds.Maps.Areas.Evolving.AreaDistributorIntegrationTest" runstate="Runnable" seed="1011000385" result="Passed" start-time="2024-06-28T21:57:11.2580220Z" end-time="2024-06-28T21:57:11.2656590Z" duration="0.007637" asserts="2" />
                  <test-case id="1-1992" name="AreaDistributorTest_CanLayout(&quot;Area:{9x18;0x0;False;Maze;;;[Area:{2x5;2x8;False;Maze;;;},Area:{2x2;2x10;False;Maze;;;}]}&quot;)" fullname="PlayersWorlds.Maps.Areas.Evolving.AreaDistributorIntegrationTest.AreaDistributorTest_CanLayout(&quot;Area:{9x18;0x0;False;Maze;;;[Area:{2x5;2x8;False;Maze;;;},Area:{2x2;2x10;False;Maze;;;}]}&quot;)" methodname="AreaDistributorTest_CanLayout" classname="PlayersWorlds.Maps.Areas.Evolving.AreaDistributorIntegrationTest" runstate="Runnable" seed="1308624896" result="Passed" start-time="2024-06-28T21:57:11.2656710Z" end-time="2024-06-28T21:57:11.2741680Z" duration="0.008497" asserts="2" />
                  <test-case id="1-1993" name="AreaDistributorTest_CanLayout(&quot;Area:{21x21;0x0;False;Maze;;;[Area:{6x6;-3x-3;False;Maze;;;},Area:{4x2;6x10;False;Maze;;;},Area:{2x2;9x16;False;Maze;;;},Area:{4x2;3x14;False;Maze;;;}]}&quot;)" fullname="PlayersWorlds.Maps.Areas.Evolving.AreaDistributorIntegrationTest.AreaDistributorTest_CanLayout(&quot;Area:{21x21;0x0;False;Maze;;;[Area:{6x6;-3x-3;False;Maze;;;},Area:{4x2;6x10;False;Maze;;;},Area:{2x2;9x16;False;Maze;;;},Area:{4x2;3x14;False;Maze;;;}]}&quot;)" methodname="AreaDistributorTest_CanLayout" classname="PlayersWorlds.Maps.Areas.Evolving.AreaDistributorIntegrationTest" runstate="Runnable" seed="1781209103" result="Passed" start-time="2024-06-28T21:57:11.2741810Z" end-time="2024-06-28T21:57:11.3337680Z" duration="0.059587" asserts="2" />
                  <test-case id="1-1994" name="AreaDistributorTest_CanLayout(&quot;Area:{14x24;0x0;False;Maze;;;[Area:{2x7;-9x5;False;Maze;;;},Area:{1x7;26x5;False;Maze;;;},Area:{3x7;3x11;False;Maze;;;},Area:{3x2;5x19;False;Maze;;;},Area:{2x5;3x6;False;Maze;;;},Area:{2x2;2x19;False;Maze;;;}]}&quot;)" fullname="PlayersWorlds.Maps.Areas.Evolving.AreaDistributorIntegrationTest.AreaDistributorTest_CanLayout(&quot;Area:{14x24;0x0;False;Maze;;;[Area:{2x7;-9x5;False;Maze;;;},Area:{1x7;26x5;False;Maze;;;},Area:{3x7;3x11;False;Maze;;;},Area:{3x2;5x19;False;Maze;;;},Area:{2x5;3x6;False;Maze;;;},Area:{2x2;2x19;False;Maze;;;}]}&quot;)" methodname="AreaDistributorTest_CanLayout" classname="PlayersWorlds.Maps.Areas.Evolving.AreaDistributorIntegrationTest" runstate="Runnable" seed="1772300547" result="Passed" start-time="2024-06-28T21:57:11.3337820Z" end-time="2024-06-28T21:57:11.4290620Z" duration="0.095280" asserts="2" />
                  <test-case id="1-1995" name="AreaDistributorTest_CanLayout(&quot;Area:{33x10;0x0;False;Maze;;;[Area:{10x1;13x11;False;Maze;;;},Area:{10x1;13x-1;False;Maze;;;},Area:{8x1;19x3;False;Maze;;;},Area:{9x1;4x6;False;Maze;;;},Area:{9x2;9x3;False;Maze;;;},Area:{3x2;2x3;False;Maze;;;}]}&quot;)" fullname="PlayersWorlds.Maps.Areas.Evolving.AreaDistributorIntegrationTest.AreaDistributorTest_CanLayout(&quot;Area:{33x10;0x0;False;Maze;;;[Area:{10x1;13x11;False;Maze;;;},Area:{10x1;13x-1;False;Maze;;;},Area:{8x1;19x3;False;Maze;;;},Area:{9x1;4x6;False;Maze;;;},Area:{9x2;9x3;False;Maze;;;},Area:{3x2;2x3;False;Maze;;;}]}&quot;)" methodname="AreaDistributorTest_CanLayout" classname="PlayersWorlds.Maps.Areas.Evolving.AreaDistributorIntegrationTest" runstate="Runnable" seed="1938133218" result="Passed" start-time="2024-06-28T21:57:11.4290750Z" end-time="2024-06-28T21:57:11.5121910Z" duration="0.083115" asserts="2" />
                  <test-case id="1-1996" name="AreaDistributorTest_CanLayout(&quot;Area:{6x49;0x0;False;Maze;;;[Area:{1x11;-1x5;False;Maze;;;},Area:{1x11;5x17;False;Maze;;;},Area:{1x9;2x23;False;Maze;;;},Area:{1x13;2x14;False;Maze;;;},Area:{1x9;0x12;False;Maze;;;}]}&quot;)" fullname="PlayersWorlds.Maps.Areas.Evolving.AreaDistributorIntegrationTest.AreaDistributorTest_CanLayout(&quot;Area:{6x49;0x0;False;Maze;;;[Area:{1x11;-1x5;False;Maze;;;},Area:{1x11;5x17;False;Maze;;;},Area:{1x9;2x23;False;Maze;;;},Area:{1x13;2x14;False;Maze;;;},Area:{1x9;0x12;False;Maze;;;}]}&quot;)" methodname="AreaDistributorTest_CanLayout" classname="PlayersWorlds.Maps.Areas.Evolving.AreaDistributorIntegrationTest" runstate="Runnable" seed="1859262031" result="Passed" start-time="2024-06-28T21:57:11.5122040Z" end-time="2024-06-28T21:57:11.5957310Z" duration="0.083527" asserts="2" />
                  <test-case id="1-1997" name="AreaDistributorTest_CanLayout(&quot;Area:{35x5;0x0;False;Maze;;;[Area:{10x1;5x-1;False;Maze;;;},Area:{8x1;23x4;False;Maze;;;},Area:{3x1;4x2;False;Maze;;;},Area:{2x1;12x2;False;Maze;;;}]}&quot;)" fullname="PlayersWorlds.Maps.Areas.Evolving.AreaDistributorIntegrationTest.AreaDistributorTest_CanLayout(&quot;Area:{35x5;0x0;False;Maze;;;[Area:{10x1;5x-1;False;Maze;;;},Area:{8x1;23x4;False;Maze;;;},Area:{3x1;4x2;False;Maze;;;},Area:{2x1;12x2;False;Maze;;;}]}&quot;)" methodname="AreaDistributorTest_CanLayout" classname="PlayersWorlds.Maps.Areas.Evolving.AreaDistributorIntegrationTest" runstate="Runnable" seed="1051463256" result="Passed" start-time="2024-06-28T21:57:11.5957560Z" end-time="2024-06-28T21:57:11.6349130Z" duration="0.039157" asserts="2" />
                  <test-case id="1-1998" name="AreaDistributorTest_CanLayout(&quot;Area:{42x5;0x0;False;Maze;;;[Area:{10x1;4x5;False;Maze;;;},Area:{3x1;30x1;False;Maze;;;},Area:{3x1;10x1;False;Maze;;;},Area:{1x1;2x2;False;Maze;;;}]}&quot;)" fullname="PlayersWorlds.Maps.Areas.Evolving.AreaDistributorIntegrationTest.AreaDistributorTest_CanLayout(&quot;Area:{42x5;0x0;False;Maze;;;[Area:{10x1;4x5;False;Maze;;;},Area:{3x1;30x1;False;Maze;;;},Area:{3x1;10x1;False;Maze;;;},Area:{1x1;2x2;False;Maze;;;}]}&quot;)" methodname="AreaDistributorTest_CanLayout" classname="PlayersWorlds.Maps.Areas.Evolving.AreaDistributorIntegrationTest" runstate="Runnable" seed="1269537877" result="Passed" start-time="2024-06-28T21:57:11.6349270Z" end-time="2024-06-28T21:57:11.6701910Z" duration="0.035264" asserts="2" />
                  <test-case id="1-1999" name="AreaDistributorTest_CanLayout(&quot;Area:{39x5;0x0;False;Maze;;;[Area:{10x1;14x5;False;Maze;;;},Area:{9x1;5x-1;False;Maze;;;},Area:{1x1;2x2;False;Maze;;;},Area:{8x1;10x4;False;Maze;;;}]}&quot;)" fullname="PlayersWorlds.Maps.Areas.Evolving.AreaDistributorIntegrationTest.AreaDistributorTest_CanLayout(&quot;Area:{39x5;0x0;False;Maze;;;[Area:{10x1;14x5;False;Maze;;;},Area:{9x1;5x-1;False;Maze;;;},Area:{1x1;2x2;False;Maze;;;},Area:{8x1;10x4;False;Maze;;;}]}&quot;)" methodname="AreaDistributorTest_CanLayout" classname="PlayersWorlds.Maps.Areas.Evolving.AreaDistributorIntegrationTest" runstate="Runnable" seed="1717804821" result="Passed" start-time="2024-06-28T21:57:11.6702050Z" end-time="2024-06-28T21:57:11.7052230Z" duration="0.035018" asserts="2" />
                  <test-case id="1-2000" name="AreaDistributorTest_CanLayout(&quot;Area:{6x47;0x0;False;Maze;;;[Area:{1x12;6x12;False;Maze;;;},Area:{1x5;3x13;False;Maze;;;},Area:{1x4;3x18;False;Maze;;;},Area:{1x6;3x38;False;Maze;;;},Area:{1x2;2x2;False;Maze;;;}]}&quot;)" fullname="PlayersWorlds.Maps.Areas.Evolving.AreaDistributorIntegrationTest.AreaDistributorTest_CanLayout(&quot;Area:{6x47;0x0;False;Maze;;;[Area:{1x12;6x12;False;Maze;;;},Area:{1x5;3x13;False;Maze;;;},Area:{1x4;3x18;False;Maze;;;},Area:{1x6;3x38;False;Maze;;;},Area:{1x2;2x2;False;Maze;;;}]}&quot;)" methodname="AreaDistributorTest_CanLayout" classname="PlayersWorlds.Maps.Areas.Evolving.AreaDistributorIntegrationTest" runstate="Runnable" seed="883775214" result="Passed" start-time="2024-06-28T21:57:11.7052470Z" end-time="2024-06-28T21:57:11.7898300Z" duration="0.084583" asserts="2" />
                  <test-case id="1-2001" name="AreaDistributorTest_CanLayout(&quot;Area:{6x47;0x0;False;Maze;;;[Area:{1x11;-1x28;False;Maze;;;},Area:{1x11;6x11;False;Maze;;;},Area:{1x11;6x6;False;Maze;;;},Area:{1x11;-1x6;False;Maze;;;},Area:{1x5;1x35;False;Maze;;;}]}&quot;)" fullname="PlayersWorlds.Maps.Areas.Evolving.AreaDistributorIntegrationTest.AreaDistributorTest_CanLayout(&quot;Area:{6x47;0x0;False;Maze;;;[Area:{1x11;-1x28;False;Maze;;;},Area:{1x11;6x11;False;Maze;;;},Area:{1x11;6x6;False;Maze;;;},Area:{1x11;-1x6;False;Maze;;;},Area:{1x5;1x35;False;Maze;;;}]}&quot;)" methodname="AreaDistributorTest_CanLayout" classname="PlayersWorlds.Maps.Areas.Evolving.AreaDistributorIntegrationTest" runstate="Runnable" seed="966517812" result="Passed" start-time="2024-06-28T21:57:11.7898490Z" end-time="2024-06-28T21:57:11.8639590Z" duration="0.074111" asserts="2" />
                  <test-case id="1-2002" name="AreaDistributorTest_CanLayout(&quot;Area:{6x47;0x0;False;Maze;;;[Area:{1x14;7x10;False;Maze;;;},Area:{1x3;2x41;False;Maze;;;},Area:{1x3;3x4;False;Maze;;;},Area:{1x4;3x10;False;Maze;;;},Area:{1x9;0x25;False;Maze;;;}]}&quot;)" fullname="PlayersWorlds.Maps.Areas.Evolving.AreaDistributorIntegrationTest.AreaDistributorTest_CanLayout(&quot;Area:{6x47;0x0;False;Maze;;;[Area:{1x14;7x10;False;Maze;;;},Area:{1x3;2x41;False;Maze;;;},Area:{1x3;3x4;False;Maze;;;},Area:{1x4;3x10;False;Maze;;;},Area:{1x9;0x25;False;Maze;;;}]}&quot;)" methodname="AreaDistributorTest_CanLayout" classname="PlayersWorlds.Maps.Areas.Evolving.AreaDistributorIntegrationTest" runstate="Runnable" seed="1739782589" result="Passed" start-time="2024-06-28T21:57:11.8639780Z" end-time="2024-06-28T21:57:11.9461150Z" duration="0.082137" asserts="2" />
                  <test-case id="1-2003" name="AreaDistributorTest_CanLayout(&quot;Area:{5x45;0x0;False;Maze;;;[Area:{1x10;-1x5;False;Maze;;;},Area:{1x12;-2x21;False;Maze;;;},Area:{1x14;7x17;False;Maze;;;},Area:{1x1;2x40;False;Maze;;;},Area:{1x4;1x29;False;Maze;;;}]}&quot;)" fullname="PlayersWorlds.Maps.Areas.Evolving.AreaDistributorIntegrationTest.AreaDistributorTest_CanLayout(&quot;Area:{5x45;0x0;False;Maze;;;[Area:{1x10;-1x5;False;Maze;;;},Area:{1x12;-2x21;False;Maze;;;},Area:{1x14;7x17;False;Maze;;;},Area:{1x1;2x40;False;Maze;;;},Area:{1x4;1x29;False;Maze;;;}]}&quot;)" methodname="AreaDistributorTest_CanLayout" classname="PlayersWorlds.Maps.Areas.Evolving.AreaDistributorIntegrationTest" runstate="Runnable" seed="2137962142" result="Passed" start-time="2024-06-28T21:57:11.9461420Z" end-time="2024-06-28T21:57:12.0224130Z" duration="0.076271" asserts="2" />
                  <test-case id="1-2004" name="AreaDistributorTest_CanLayout(&quot;Area:{46x5;0x0;False;Maze;;;[Area:{10x1;4x-1;False;Maze;;;},Area:{7x1;29x0;False;Maze;;;},Area:{2x1;29x2;False;Maze;;;},Area:{10x1;32x2;False;Maze;;;},Area:{5x1;17x0;False;Maze;;;}]}&quot;)" fullname="PlayersWorlds.Maps.Areas.Evolving.AreaDistributorIntegrationTest.AreaDistributorTest_CanLayout(&quot;Area:{46x5;0x0;False;Maze;;;[Area:{10x1;4x-1;False;Maze;;;},Area:{7x1;29x0;False;Maze;;;},Area:{2x1;29x2;False;Maze;;;},Area:{10x1;32x2;False;Maze;;;},Area:{5x1;17x0;False;Maze;;;}]}&quot;)" methodname="AreaDistributorTest_CanLayout" classname="PlayersWorlds.Maps.Areas.Evolving.AreaDistributorIntegrationTest" runstate="Runnable" seed="1078970281" result="Passed" start-time="2024-06-28T21:57:12.0224410Z" end-time="2024-06-28T21:57:12.0972860Z" duration="0.074846" asserts="2" />
                  <test-case id="1-2005" name="AreaDistributorTest_CanLayout(&quot;Area:{6x48;0x0;False;Maze;;;[Area:{1x14;-2x28;False;Maze;;;},Area:{1x12;6x6;False;Maze;;;},Area:{1x2;3x22;False;Maze;;;},Area:{1x7;1x14;False;Maze;;;},Area:{1x12;2x23;False;Maze;;;}]}&quot;)" fullname="PlayersWorlds.Maps.Areas.Evolving.AreaDistributorIntegrationTest.AreaDistributorTest_CanLayout(&quot;Area:{6x48;0x0;False;Maze;;;[Area:{1x14;-2x28;False;Maze;;;},Area:{1x12;6x6;False;Maze;;;},Area:{1x2;3x22;False;Maze;;;},Area:{1x7;1x14;False;Maze;;;},Area:{1x12;2x23;False;Maze;;;}]}&quot;)" methodname="AreaDistributorTest_CanLayout" classname="PlayersWorlds.Maps.Areas.Evolving.AreaDistributorIntegrationTest" runstate="Runnable" seed="345930447" result="Passed" start-time="2024-06-28T21:57:12.0973110Z" end-time="2024-06-28T21:57:12.1710040Z" duration="0.073693" asserts="2" />
                  <test-case id="1-2006" name="AreaDistributorTest_CanLayout(&quot;Area:{47x5;0x0;False;Maze;;;[Area:{13x1;30x-3;False;Maze;;;},Area:{11x1;24x-2;False;Maze;;;},Area:{14x1;17x7;False;Maze;;;},Area:{2x1;27x2;False;Maze;;;},Area:{4x1;4x1;False;Maze;;;}]}&quot;)" fullname="PlayersWorlds.Maps.Areas.Evolving.AreaDistributorIntegrationTest.AreaDistributorTest_CanLayout(&quot;Area:{47x5;0x0;False;Maze;;;[Area:{13x1;30x-3;False;Maze;;;},Area:{11x1;24x-2;False;Maze;;;},Area:{14x1;17x7;False;Maze;;;},Area:{2x1;27x2;False;Maze;;;},Area:{4x1;4x1;False;Maze;;;}]}&quot;)" methodname="AreaDistributorTest_CanLayout" classname="PlayersWorlds.Maps.Areas.Evolving.AreaDistributorIntegrationTest" runstate="Runnable" seed="1997941041" result="Passed" start-time="2024-06-28T21:57:12.1710260Z" end-time="2024-06-28T21:57:12.2300720Z" duration="0.059046" asserts="2" />
                  <test-case id="1-2007" name="AreaDistributorTest_CanLayout(&quot;Area:{5x45;0x0;False;Maze;;;[Area:{1x10;-2x13;False;Maze;;;},Area:{1x12;-2x7;False;Maze;;;},Area:{1x2;2x3;False;Maze;;;},Area:{1x8;0x3;False;Maze;;;},Area:{1x1;2x10;False;Maze;;;}]}&quot;)" fullname="PlayersWorlds.Maps.Areas.Evolving.AreaDistributorIntegrationTest.AreaDistributorTest_CanLayout(&quot;Area:{5x45;0x0;False;Maze;;;[Area:{1x10;-2x13;False;Maze;;;},Area:{1x12;-2x7;False;Maze;;;},Area:{1x2;2x3;False;Maze;;;},Area:{1x8;0x3;False;Maze;;;},Area:{1x1;2x10;False;Maze;;;}]}&quot;)" methodname="AreaDistributorTest_CanLayout" classname="PlayersWorlds.Maps.Areas.Evolving.AreaDistributorIntegrationTest" runstate="Runnable" seed="750728907" result="Passed" start-time="2024-06-28T21:57:12.2300870Z" end-time="2024-06-28T21:57:12.3229580Z" duration="0.092870" asserts="2" />
                  <test-case id="1-2008" name="AreaDistributorTest_CanLayout(&quot;Area:{5x47;0x0;False;Maze;;;[Area:{1x13;7x28;False;Maze;;;},Area:{1x11;6x15;False;Maze;;;},Area:{1x3;1x2;False;Maze;;;},Area:{1x2;2x40;False;Maze;;;},Area:{1x1;2x43;False;Maze;;;}]}&quot;)" fullname="PlayersWorlds.Maps.Areas.Evolving.AreaDistributorIntegrationTest.AreaDistributorTest_CanLayout(&quot;Area:{5x47;0x0;False;Maze;;;[Area:{1x13;7x28;False;Maze;;;},Area:{1x11;6x15;False;Maze;;;},Area:{1x3;1x2;False;Maze;;;},Area:{1x2;2x40;False;Maze;;;},Area:{1x1;2x43;False;Maze;;;}]}&quot;)" methodname="AreaDistributorTest_CanLayout" classname="PlayersWorlds.Maps.Areas.Evolving.AreaDistributorIntegrationTest" runstate="Runnable" seed="583586409" result="Passed" start-time="2024-06-28T21:57:12.3229750Z" end-time="2024-06-28T21:57:12.3803300Z" duration="0.057355" asserts="2" />
                  <test-case id="1-2009" name="AreaDistributorTest_CanLayout(&quot;Area:{5x36;0x0;False;Maze;;;[Area:{1x11;-2x21;False;Maze;;;},Area:{1x1;2x12;False;Maze;;;},Area:{1x2;2x15;False;Maze;;;},Area:{1x3;2x8;False;Maze;;;}]}&quot;)" fullname="PlayersWorlds.Maps.Areas.Evolving.AreaDistributorIntegrationTest.AreaDistributorTest_CanLayout(&quot;Area:{5x36;0x0;False;Maze;;;[Area:{1x11;-2x21;False;Maze;;;},Area:{1x1;2x12;False;Maze;;;},Area:{1x2;2x15;False;Maze;;;},Area:{1x3;2x8;False;Maze;;;}]}&quot;)" methodname="AreaDistributorTest_CanLayout" classname="PlayersWorlds.Maps.Areas.Evolving.AreaDistributorIntegrationTest" runstate="Runnable" seed="1801962995" result="Passed" start-time="2024-06-28T21:57:12.3803430Z" end-time="2024-06-28T21:57:12.4198320Z" duration="0.039489" asserts="2" />
                  <test-case id="1-2010" name="AreaDistributorTest_CanLayout(&quot;Area:{6x39;0x0;False;Maze;;;[Area:{1x11;-1x20;False;Maze;;;},Area:{1x2;3x19;False;Maze;;;},Area:{1x11;2x11;False;Maze;;;},Area:{1x5;2x20;False;Maze;;;},Area:{1x5;3x10;False;Maze;;;}]}&quot;)" fullname="PlayersWorlds.Maps.Areas.Evolving.AreaDistributorIntegrationTest.AreaDistributorTest_CanLayout(&quot;Area:{6x39;0x0;False;Maze;;;[Area:{1x11;-1x20;False;Maze;;;},Area:{1x2;3x19;False;Maze;;;},Area:{1x11;2x11;False;Maze;;;},Area:{1x5;2x20;False;Maze;;;},Area:{1x5;3x10;False;Maze;;;}]}&quot;)" methodname="AreaDistributorTest_CanLayout" classname="PlayersWorlds.Maps.Areas.Evolving.AreaDistributorIntegrationTest" runstate="Runnable" seed="1126643556" result="Passed" start-time="2024-06-28T21:57:12.4198550Z" end-time="2024-06-28T21:57:12.4701870Z" duration="0.050332" asserts="2" />
                  <test-case id="1-2011" name="AreaDistributorTest_CanLayout(&quot;Area:{44x6;0x0;False;Maze;;;[Area:{13x1;23x-2;False;Maze;;;},Area:{13x1;7x-2;False;Maze;;;},Area:{8x1;6x2;False;Maze;;;},Area:{2x1;37x3;False;Maze;;;},Area:{10x1;29x2;False;Maze;;;}]}&quot;)" fullname="PlayersWorlds.Maps.Areas.Evolving.AreaDistributorIntegrationTest.AreaDistributorTest_CanLayout(&quot;Area:{44x6;0x0;False;Maze;;;[Area:{13x1;23x-2;False;Maze;;;},Area:{13x1;7x-2;False;Maze;;;},Area:{8x1;6x2;False;Maze;;;},Area:{2x1;37x3;False;Maze;;;},Area:{10x1;29x2;False;Maze;;;}]}&quot;)" methodname="AreaDistributorTest_CanLayout" classname="PlayersWorlds.Maps.Areas.Evolving.AreaDistributorIntegrationTest" runstate="Runnable" seed="1149407704" result="Passed" start-time="2024-06-28T21:57:12.4702020Z" end-time="2024-06-28T21:57:12.5694340Z" duration="0.099232" asserts="2" />
                  <test-case id="1-2012" name="AreaDistributorTest_CanLayout(&quot;Area:{6x42;0x0;False;Maze;;;[Area:{1x11;-1x6;False;Maze;;;},Area:{1x13;-2x21;False;Maze;;;},Area:{1x3;3x36;False;Maze;;;},Area:{1x9;5x7;False;Maze;;;},Area:{1x10;0x27;False;Maze;;;}]}&quot;)" fullname="PlayersWorlds.Maps.Areas.Evolving.AreaDistributorIntegrationTest.AreaDistributorTest_CanLayout(&quot;Area:{6x42;0x0;False;Maze;;;[Area:{1x11;-1x6;False;Maze;;;},Area:{1x13;-2x21;False;Maze;;;},Area:{1x3;3x36;False;Maze;;;},Area:{1x9;5x7;False;Maze;;;},Area:{1x10;0x27;False;Maze;;;}]}&quot;)" methodname="AreaDistributorTest_CanLayout" classname="PlayersWorlds.Maps.Areas.Evolving.AreaDistributorIntegrationTest" runstate="Runnable" seed="771062772" result="Passed" start-time="2024-06-28T21:57:12.5694600Z" end-time="2024-06-28T21:57:12.6665470Z" duration="0.097087" asserts="2" />
                  <test-case id="1-2013" name="AreaDistributorTest_CanLayout(&quot;Area:{40x5;0x0;False;Maze;;;[Area:{12x1;8x6;False;Maze;;;},Area:{9x1;24x-1;False;Maze;;;},Area:{8x1;3x0;False;Maze;;;},Area:{2x1;23x2;False;Maze;;;}]}&quot;)" fullname="PlayersWorlds.Maps.Areas.Evolving.AreaDistributorIntegrationTest.AreaDistributorTest_CanLayout(&quot;Area:{40x5;0x0;False;Maze;;;[Area:{12x1;8x6;False;Maze;;;},Area:{9x1;24x-1;False;Maze;;;},Area:{8x1;3x0;False;Maze;;;},Area:{2x1;23x2;False;Maze;;;}]}&quot;)" methodname="AreaDistributorTest_CanLayout" classname="PlayersWorlds.Maps.Areas.Evolving.AreaDistributorIntegrationTest" runstate="Runnable" seed="643548371" result="Passed" start-time="2024-06-28T21:57:12.6665670Z" end-time="2024-06-28T21:57:12.7316580Z" duration="0.065092" asserts="2" />
                  <test-case id="1-2014" name="AreaDistributorTest_CanLayout(&quot;Area:{47x7;0x0;False;Maze;;;[Area:{14x1;19x7;False;Maze;;;},Area:{8x1;9x2;False;Maze;;;},Area:{8x1;7x4;False;Maze;;;},Area:{4x1;14x2;False;Maze;;;},Area:{10x1;28x5;False;Maze;;;},Area:{2x1;35x3;False;Maze;;;}]}&quot;)" fullname="PlayersWorlds.Maps.Areas.Evolving.AreaDistributorIntegrationTest.AreaDistributorTest_CanLayout(&quot;Area:{47x7;0x0;False;Maze;;;[Area:{14x1;19x7;False;Maze;;;},Area:{8x1;9x2;False;Maze;;;},Area:{8x1;7x4;False;Maze;;;},Area:{4x1;14x2;False;Maze;;;},Area:{10x1;28x5;False;Maze;;;},Area:{2x1;35x3;False;Maze;;;}]}&quot;)" methodname="AreaDistributorTest_CanLayout" classname="PlayersWorlds.Maps.Areas.Evolving.AreaDistributorIntegrationTest" runstate="Runnable" seed="1359495953" result="Passed" start-time="2024-06-28T21:57:12.7316720Z" end-time="2024-06-28T21:57:12.8657710Z" duration="0.134099" asserts="2" />
                  <test-case id="1-2015" name="AreaDistributorTest_CanLayout(&quot;Area:{48x6;0x0;False;Maze;;;[Area:{11x1;32x-1;False;Maze;;;},Area:{14x1;9x7;False;Maze;;;},Area:{13x1;5x7;False;Maze;;;},Area:{15x1;27x2;False;Maze;;;},Area:{3x1;5x3;False;Maze;;;}]}&quot;)" fullname="PlayersWorlds.Maps.Areas.Evolving.AreaDistributorIntegrationTest.AreaDistributorTest_CanLayout(&quot;Area:{48x6;0x0;False;Maze;;;[Area:{11x1;32x-1;False;Maze;;;},Area:{14x1;9x7;False;Maze;;;},Area:{13x1;5x7;False;Maze;;;},Area:{15x1;27x2;False;Maze;;;},Area:{3x1;5x3;False;Maze;;;}]}&quot;)" methodname="AreaDistributorTest_CanLayout" classname="PlayersWorlds.Maps.Areas.Evolving.AreaDistributorIntegrationTest" runstate="Runnable" seed="1636966506" result="Passed" start-time="2024-06-28T21:57:12.8662710Z" end-time="2024-06-28T21:57:12.9099730Z" duration="0.043702" asserts="2" />
                  <test-case id="1-2016" name="AreaDistributorTest_CanLayout(&quot;Area:{46x6;0x0;False;Maze;;;[Area:{13x1;20x-2;False;Maze;;;},Area:{14x1;10x7;False;Maze;;;},Area:{4x1;22x2;False;Maze;;;},Area:{6x1;35x3;False;Maze;;;},Area:{7x1;17x3;False;Maze;;;}]}&quot;)" fullname="PlayersWorlds.Maps.Areas.Evolving.AreaDistributorIntegrationTest.AreaDistributorTest_CanLayout(&quot;Area:{46x6;0x0;False;Maze;;;[Area:{13x1;20x-2;False;Maze;;;},Area:{14x1;10x7;False;Maze;;;},Area:{4x1;22x2;False;Maze;;;},Area:{6x1;35x3;False;Maze;;;},Area:{7x1;17x3;False;Maze;;;}]}&quot;)" methodname="AreaDistributorTest_CanLayout" classname="PlayersWorlds.Maps.Areas.Evolving.AreaDistributorIntegrationTest" runstate="Runnable" seed="651740921" result="Passed" start-time="2024-06-28T21:57:12.9099860Z" end-time="2024-06-28T21:57:13.0092980Z" duration="0.099313" asserts="2" />
                  <test-case id="1-2017" name="AreaDistributorTest_CanLayout(&quot;Area:{6x39;0x0;False;Maze;;;[Area:{1x11;-1x10;False;Maze;;;},Area:{1x7;0x3;False;Maze;;;},Area:{1x10;0x11;False;Maze;;;},Area:{1x7;2x20;False;Maze;;;},Area:{1x6;3x26;False;Maze;;;}]}&quot;)" fullname="PlayersWorlds.Maps.Areas.Evolving.AreaDistributorIntegrationTest.AreaDistributorTest_CanLayout(&quot;Area:{6x39;0x0;False;Maze;;;[Area:{1x11;-1x10;False;Maze;;;},Area:{1x7;0x3;False;Maze;;;},Area:{1x10;0x11;False;Maze;;;},Area:{1x7;2x20;False;Maze;;;},Area:{1x6;3x26;False;Maze;;;}]}&quot;)" methodname="AreaDistributorTest_CanLayout" classname="PlayersWorlds.Maps.Areas.Evolving.AreaDistributorIntegrationTest" runstate="Runnable" seed="1006037843" result="Passed" start-time="2024-06-28T21:57:13.0093100Z" end-time="2024-06-28T21:57:13.0944860Z" duration="0.085176" asserts="2" />
                  <test-case id="1-2018" name="AreaDistributorTest_CanLayout(&quot;Area:{43x42;0x0;False;Maze;;;[Area:{6x7;3x34;False;Maze;;;},Area:{9x11;11x25;False;Maze;;;}]}&quot;)" fullname="PlayersWorlds.Maps.Areas.Evolving.AreaDistributorIntegrationTest.AreaDistributorTest_CanLayout(&quot;Area:{43x42;0x0;False;Maze;;;[Area:{6x7;3x34;False;Maze;;;},Area:{9x11;11x25;False;Maze;;;}]}&quot;)" methodname="AreaDistributorTest_CanLayout" classname="PlayersWorlds.Maps.Areas.Evolving.AreaDistributorIntegrationTest" runstate="Runnable" seed="996974325" result="Passed" start-time="2024-06-28T21:57:13.0945010Z" end-time="2024-06-28T21:57:13.1590210Z" duration="0.064520" asserts="2" />
                  <test-case id="1-2019" name="AreaDistributorTest_CanLayout(&quot;Area:{43x42;0x0;False;Maze;;;[Area:{2x11;35x26;False;Maze;;;},Area:{12x2;34x35;False;Maze;;;}]}&quot;)" fullname="PlayersWorlds.Maps.Areas.Evolving.AreaDistributorIntegrationTest.AreaDistributorTest_CanLayout(&quot;Area:{43x42;0x0;False;Maze;;;[Area:{2x11;35x26;False;Maze;;;},Area:{12x2;34x35;False;Maze;;;}]}&quot;)" methodname="AreaDistributorTest_CanLayout" classname="PlayersWorlds.Maps.Areas.Evolving.AreaDistributorIntegrationTest" runstate="Runnable" seed="1224130048" result="Passed" start-time="2024-06-28T21:57:13.1590350Z" end-time="2024-06-28T21:57:13.2234790Z" duration="0.064445" asserts="2" />
                  <test-case id="1-2020" name="AreaDistributorTest_CanLayout(&quot;Area:{43x42;0x0;False;Maze;;;[Area:{4x4;32x32;False;Maze;;;},Area:{2x2;34x34;False;Maze;;;}]}&quot;)" fullname="PlayersWorlds.Maps.Areas.Evolving.AreaDistributorIntegrationTest.AreaDistributorTest_CanLayout(&quot;Area:{43x42;0x0;False;Maze;;;[Area:{4x4;32x32;False;Maze;;;},Area:{2x2;34x34;False;Maze;;;}]}&quot;)" methodname="AreaDistributorTest_CanLayout" classname="PlayersWorlds.Maps.Areas.Evolving.AreaDistributorIntegrationTest" runstate="Runnable" seed="717309239" result="Passed" start-time="2024-06-28T21:57:13.2234960Z" end-time="2024-06-28T21:57:13.2853660Z" duration="0.061870" asserts="2" />
                  <test-case id="1-2021" name="AreaDistributorTest_CanLayout(&quot;Area:{43x42;0x0;False;Maze;;;[Area:{4x4;32x32;False;Maze;;;},Area:{4x2;34x34;False;Maze;;;}]}&quot;)" fullname="PlayersWorlds.Maps.Areas.Evolving.AreaDistributorIntegrationTest.AreaDistributorTest_CanLayout(&quot;Area:{43x42;0x0;False;Maze;;;[Area:{4x4;32x32;False;Maze;;;},Area:{4x2;34x34;False;Maze;;;}]}&quot;)" methodname="AreaDistributorTest_CanLayout" classname="PlayersWorlds.Maps.Areas.Evolving.AreaDistributorIntegrationTest" runstate="Runnable" seed="652330009" result="Passed" start-time="2024-06-28T21:57:13.2853910Z" end-time="2024-06-28T21:57:13.3470400Z" duration="0.061649" asserts="2" />
                  <test-case id="1-2022" name="AreaDistributorTest_CanLayout(&quot;Area:{43x42;0x0;False;Maze;;;[Area:{4x10;32x26;False;Maze;;;},Area:{4x2;34x34;False;Maze;;;}]}&quot;)" fullname="PlayersWorlds.Maps.Areas.Evolving.AreaDistributorIntegrationTest.AreaDistributorTest_CanLayout(&quot;Area:{43x42;0x0;False;Maze;;;[Area:{4x10;32x26;False;Maze;;;},Area:{4x2;34x34;False;Maze;;;}]}&quot;)" methodname="AreaDistributorTest_CanLayout" classname="PlayersWorlds.Maps.Areas.Evolving.AreaDistributorIntegrationTest" runstate="Runnable" seed="1637219798" result="Passed" start-time="2024-06-28T21:57:13.3470540Z" end-time="2024-06-28T21:57:13.4092380Z" duration="0.062184" asserts="2" />
                  <test-case id="1-2023" name="AreaDistributorTest_CanLayout(&quot;Area:{43x42;0x0;False;Maze;;;[Area:{2x11;30x26;False;Maze;;;},Area:{12x2;29x35;False;Maze;;;}]}&quot;)" fullname="PlayersWorlds.Maps.Areas.Evolving.AreaDistributorIntegrationTest.AreaDistributorTest_CanLayout(&quot;Area:{43x42;0x0;False;Maze;;;[Area:{2x11;30x26;False;Maze;;;},Area:{12x2;29x35;False;Maze;;;}]}&quot;)" methodname="AreaDistributorTest_CanLayout" classname="PlayersWorlds.Maps.Areas.Evolving.AreaDistributorIntegrationTest" runstate="Runnable" seed="1570404759" result="Passed" start-time="2024-06-28T21:57:13.4092530Z" end-time="2024-06-28T21:57:13.4717440Z" duration="0.062492" asserts="2" />
                  <test-case id="1-2024" name="AreaDistributorTest_CanLayout(&quot;Area:{49x26;0x0;False;Maze;;;[Area:{12x2;38x5;False;Maze;;;},Area:{4x1;1x12;False;Maze;;;},Area:{7x7;21x10;False;Maze;;;},Area:{8x6;20x3;False;Maze;;;},Area:{12x4;29x0;False;Maze;;;},Area:{15x3;17x22;False;Maze;;;},Area:{9x2;10x1;False;Maze;;;},Area:{3x5;32x18;False;Maze;;;},Area:{7x4;1x21;False;Maze;;;},Area:{13x7;36x10;False;Maze;;;},Area:{10x7;6x9;False;Maze;;;}]}&quot;)" fullname="PlayersWorlds.Maps.Areas.Evolving.AreaDistributorIntegrationTest.AreaDistributorTest_CanLayout(&quot;Area:{49x26;0x0;False;Maze;;;[Area:{12x2;38x5;False;Maze;;;},Area:{4x1;1x12;False;Maze;;;},Area:{7x7;21x10;False;Maze;;;},Area:{8x6;20x3;False;Maze;;;},Area:{12x4;29x0;False;Maze;;;},Area:{15x3;17x22;False;Maze;;;},Area:{9x2;10x1;False;Maze;;;},Area:{3x5;32x18;False;Maze;;;},Area:{7x4;1x21;False;Maze;;;},Area:{13x7;36x10;False;Maze;;;},Area:{10x7;6x9;False;Maze;;;}]}&quot;)" methodname="AreaDistributorTest_CanLayout" classname="PlayersWorlds.Maps.Areas.Evolving.AreaDistributorIntegrationTest" runstate="Runnable" seed="1603832876" result="Passed" start-time="2024-06-28T21:57:13.4717590Z" end-time="2024-06-28T21:57:13.9475030Z" duration="0.475743" asserts="2" />
                  <test-case id="1-2025" name="AreaDistributorTest_CanLayout(&quot;Area:{26x29;0x0;False;Maze;;;[Area:{7x3;10x15;False;Maze;;;},Area:{5x6;20x0;False;Maze;;;},Area:{7x7;17x5;False;Maze;;;},Area:{6x4;5x4;False;Maze;;;},Area:{4x2;21x18;False;Maze;;;},Area:{3x8;20x8;False;Maze;;;},Area:{4x5;10x11;False;Maze;;;},Area:{1x8;0x5;False;Maze;;;},Area:{3x6;21x9;False;Maze;;;}]}&quot;)" fullname="PlayersWorlds.Maps.Areas.Evolving.AreaDistributorIntegrationTest.AreaDistributorTest_CanLayout(&quot;Area:{26x29;0x0;False;Maze;;;[Area:{7x3;10x15;False;Maze;;;},Area:{5x6;20x0;False;Maze;;;},Area:{7x7;17x5;False;Maze;;;},Area:{6x4;5x4;False;Maze;;;},Area:{4x2;21x18;False;Maze;;;},Area:{3x8;20x8;False;Maze;;;},Area:{4x5;10x11;False;Maze;;;},Area:{1x8;0x5;False;Maze;;;},Area:{3x6;21x9;False;Maze;;;}]}&quot;)" methodname="AreaDistributorTest_CanLayout" classname="PlayersWorlds.Maps.Areas.Evolving.AreaDistributorIntegrationTest" runstate="Runnable" seed="850407569" result="Passed" start-time="2024-06-28T21:57:13.9475210Z" end-time="2024-06-28T21:57:14.2457410Z" duration="0.298220" asserts="2" />
                  <test-case id="1-2026" name="AreaDistributorTest_CanLayout(&quot;Area:{8x45;0x0;False;Maze;;;[Area:{1x6;2x9;False;Maze;;;},Area:{1x8;2x22;False;Maze;;;},Area:{1x10;5x32;False;Maze;;;},Area:{1x9;6x14;False;Maze;;;},Area:{1x14;4x3;False;Maze;;;},Area:{1x8;2x36;False;Maze;;;}]}&quot;)" fullname="PlayersWorlds.Maps.Areas.Evolving.AreaDistributorIntegrationTest.AreaDistributorTest_CanLayout(&quot;Area:{8x45;0x0;False;Maze;;;[Area:{1x6;2x9;False;Maze;;;},Area:{1x8;2x22;False;Maze;;;},Area:{1x10;5x32;False;Maze;;;},Area:{1x9;6x14;False;Maze;;;},Area:{1x14;4x3;False;Maze;;;},Area:{1x8;2x36;False;Maze;;;}]}&quot;)" methodname="AreaDistributorTest_CanLayout" classname="PlayersWorlds.Maps.Areas.Evolving.AreaDistributorIntegrationTest" runstate="Runnable" seed="697663201" result="Passed" start-time="2024-06-28T21:57:14.2457590Z" end-time="2024-06-28T21:57:14.3824830Z" duration="0.136724" asserts="2" />
                  <test-case id="1-2027" name="AreaDistributorTest_CanLayout(&quot;Area:{31x47;0x0;False;Maze;;;[Area:{9x1;2x15;False;Maze;;;},Area:{5x4;3x11;False;Maze;;;},Area:{5x7;2x11;False;Maze;;;},Area:{5x10;13x14;False;Maze;;;},Area:{2x9;8x37;False;Maze;;;},Area:{3x8;27x19;False;Maze;;;},Area:{7x7;20x12;False;Maze;;;},Area:{4x2;4x13;False;Maze;;;},Area:{6x2;20x31;False;Maze;;;},Area:{9x3;9x3;False;Maze;;;},Area:{6x1;6x34;False;Maze;;;},Area:{5x2;23x6;False;Maze;;;}]}&quot;)" fullname="PlayersWorlds.Maps.Areas.Evolving.AreaDistributorIntegrationTest.AreaDistributorTest_CanLayout(&quot;Area:{31x47;0x0;False;Maze;;;[Area:{9x1;2x15;False;Maze;;;},Area:{5x4;3x11;False;Maze;;;},Area:{5x7;2x11;False;Maze;;;},Area:{5x10;13x14;False;Maze;;;},Area:{2x9;8x37;False;Maze;;;},Area:{3x8;27x19;False;Maze;;;},Area:{7x7;20x12;False;Maze;;;},Area:{4x2;4x13;False;Maze;;;},Area:{6x2;20x31;False;Maze;;;},Area:{9x3;9x3;False;Maze;;;},Area:{6x1;6x34;False;Maze;;;},Area:{5x2;23x6;False;Maze;;;}]}&quot;)" methodname="AreaDistributorTest_CanLayout" classname="PlayersWorlds.Maps.Areas.Evolving.AreaDistributorIntegrationTest" runstate="Runnable" seed="894217462" result="Passed" start-time="2024-06-28T21:57:14.3825100Z" end-time="2024-06-28T21:57:14.7737530Z" duration="0.391243" asserts="2" />
                  <test-case id="1-2028" name="AreaDistributorTest_CanLayout(&quot;Area:{7x47;0x0;False;Maze;;;[Area:{1x5;4x40;False;Maze;;;},Area:{1x7;0x12;False;Maze;;;},Area:{1x3;1x9;False;Maze;;;},Area:{1x14;5x0;False;Maze;;;},Area:{1x9;2x37;False;Maze;;;},Area:{1x6;0x29;False;Maze;;;}]}&quot;)" fullname="PlayersWorlds.Maps.Areas.Evolving.AreaDistributorIntegrationTest.AreaDistributorTest_CanLayout(&quot;Area:{7x47;0x0;False;Maze;;;[Area:{1x5;4x40;False;Maze;;;},Area:{1x7;0x12;False;Maze;;;},Area:{1x3;1x9;False;Maze;;;},Area:{1x14;5x0;False;Maze;;;},Area:{1x9;2x37;False;Maze;;;},Area:{1x6;0x29;False;Maze;;;}]}&quot;)" methodname="AreaDistributorTest_CanLayout" classname="PlayersWorlds.Maps.Areas.Evolving.AreaDistributorIntegrationTest" runstate="Runnable" seed="442567497" result="Passed" start-time="2024-06-28T21:57:14.7737740Z" end-time="2024-06-28T21:57:14.9096280Z" duration="0.135854" asserts="2" />
                  <test-case id="1-2029" name="AreaDistributorTest_CanLayout(&quot;Area:{48x38;0x0;False;Maze;;;[Area:{1x3;8x15;False;Maze;;;},Area:{2x7;45x11;False;Maze;;;},Area:{1x3;6x8;False;Maze;;;},Area:{10x11;4x7;False;Maze;;;},Area:{2x8;4x9;False;Maze;;;},Area:{1x10;26x13;False;Maze;;;},Area:{10x7;18x13;False;Maze;;;},Area:{10x5;35x22;False;Maze;;;},Area:{5x9;31x10;False;Maze;;;},Area:{13x6;32x10;False;Maze;;;},Area:{14x6;22x22;False;Maze;;;},Area:{3x3;26x1;False;Maze;;;},Area:{13x10;28x14;False;Maze;;;},Area:{12x8;24x4;False;Maze;;;}]}&quot;)" fullname="PlayersWorlds.Maps.Areas.Evolving.AreaDistributorIntegrationTest.AreaDistributorTest_CanLayout(&quot;Area:{48x38;0x0;False;Maze;;;[Area:{1x3;8x15;False;Maze;;;},Area:{2x7;45x11;False;Maze;;;},Area:{1x3;6x8;False;Maze;;;},Area:{10x11;4x7;False;Maze;;;},Area:{2x8;4x9;False;Maze;;;},Area:{1x10;26x13;False;Maze;;;},Area:{10x7;18x13;False;Maze;;;},Area:{10x5;35x22;False;Maze;;;},Area:{5x9;31x10;False;Maze;;;},Area:{13x6;32x10;False;Maze;;;},Area:{14x6;22x22;False;Maze;;;},Area:{3x3;26x1;False;Maze;;;},Area:{13x10;28x14;False;Maze;;;},Area:{12x8;24x4;False;Maze;;;}]}&quot;)" methodname="AreaDistributorTest_CanLayout" classname="PlayersWorlds.Maps.Areas.Evolving.AreaDistributorIntegrationTest" runstate="Runnable" seed="898952062" result="Passed" start-time="2024-06-28T21:57:14.9096480Z" end-time="2024-06-28T21:57:15.6610770Z" duration="0.751429" asserts="2" />
                  <test-case id="1-2030" name="AreaDistributorTest_CanLayout(&quot;Area:{31x32;0x0;False;Maze;;;[Area:{8x7;24x16;False;Maze;;;},Area:{1x6;14x9;False;Maze;;;},Area:{9x9;16x6;False;Maze;;;},Area:{1x4;18x27;False;Maze;;;},Area:{3x3;14x1;False;Maze;;;},Area:{4x7;9x18;False;Maze;;;},Area:{9x6;2x15;False;Maze;;;},Area:{7x7;0x4;False;Maze;;;},Area:{5x7;25x24;False;Maze;;;},Area:{6x9;11x20;False;Maze;;;}]}&quot;)" fullname="PlayersWorlds.Maps.Areas.Evolving.AreaDistributorIntegrationTest.AreaDistributorTest_CanLayout(&quot;Area:{31x32;0x0;False;Maze;;;[Area:{8x7;24x16;False;Maze;;;},Area:{1x6;14x9;False;Maze;;;},Area:{9x9;16x6;False;Maze;;;},Area:{1x4;18x27;False;Maze;;;},Area:{3x3;14x1;False;Maze;;;},Area:{4x7;9x18;False;Maze;;;},Area:{9x6;2x15;False;Maze;;;},Area:{7x7;0x4;False;Maze;;;},Area:{5x7;25x24;False;Maze;;;},Area:{6x9;11x20;False;Maze;;;}]}&quot;)" methodname="AreaDistributorTest_CanLayout" classname="PlayersWorlds.Maps.Areas.Evolving.AreaDistributorIntegrationTest" runstate="Runnable" seed="619436056" result="Passed" start-time="2024-06-28T21:57:15.6610950Z" end-time="2024-06-28T21:57:15.9750990Z" duration="0.314004" asserts="2" />
                  <test-case id="1-2031" name="AreaDistributorTest_CanLayout(&quot;Area:{45x43;0x0;False;Maze;;;[Area:{8x10;38x15;False;Maze;;;},Area:{10x4;0x0;False;Maze;;;},Area:{8x2;18x33;False;Maze;;;},Area:{1x12;0x23;False;Maze;;;},Area:{12x7;18x1;False;Maze;;;},Area:{14x7;23x20;False;Maze;;;},Area:{1x7;22x17;False;Maze;;;},Area:{8x9;11x9;False;Maze;;;},Area:{12x7;10x24;False;Maze;;;},Area:{8x5;0x8;False;Maze;;;},Area:{12x3;1x19;False;Maze;;;},Area:{7x2;20x39;False;Maze;;;},Area:{10x4;34x38;False;Maze;;;},Area:{11x12;34x1;False;Maze;;;}]}&quot;)" fullname="PlayersWorlds.Maps.Areas.Evolving.AreaDistributorIntegrationTest.AreaDistributorTest_CanLayout(&quot;Area:{45x43;0x0;False;Maze;;;[Area:{8x10;38x15;False;Maze;;;},Area:{10x4;0x0;False;Maze;;;},Area:{8x2;18x33;False;Maze;;;},Area:{1x12;0x23;False;Maze;;;},Area:{12x7;18x1;False;Maze;;;},Area:{14x7;23x20;False;Maze;;;},Area:{1x7;22x17;False;Maze;;;},Area:{8x9;11x9;False;Maze;;;},Area:{12x7;10x24;False;Maze;;;},Area:{8x5;0x8;False;Maze;;;},Area:{12x3;1x19;False;Maze;;;},Area:{7x2;20x39;False;Maze;;;},Area:{10x4;34x38;False;Maze;;;},Area:{11x12;34x1;False;Maze;;;}]}&quot;)" methodname="AreaDistributorTest_CanLayout" classname="PlayersWorlds.Maps.Areas.Evolving.AreaDistributorIntegrationTest" runstate="Runnable" seed="421271448" result="Passed" start-time="2024-06-28T21:57:15.9751310Z" end-time="2024-06-28T21:57:16.7446220Z" duration="0.769491" asserts="2" />
                  <test-case id="1-2032" name="AreaDistributorTest_CanLayout(&quot;Area:{49x10;0x0;False;Maze;;;[Area:{13x7;4x1;False;Maze;;;},Area:{10x7;8x1;False;Maze;;;}]}&quot;)" fullname="PlayersWorlds.Maps.Areas.Evolving.AreaDistributorIntegrationTest.AreaDistributorTest_CanLayout(&quot;Area:{49x10;0x0;False;Maze;;;[Area:{13x7;4x1;False;Maze;;;},Area:{10x7;8x1;False;Maze;;;}]}&quot;)" methodname="AreaDistributorTest_CanLayout" classname="PlayersWorlds.Maps.Areas.Evolving.AreaDistributorIntegrationTest" runstate="Runnable" seed="687968347" result="Passed" start-time="2024-06-28T21:57:16.7446410Z" end-time="2024-06-28T21:57:16.7790520Z" duration="0.034411" asserts="2" />
                  <test-case id="1-2033" name="AreaDistributorTest_CanLayout(&quot;Area:{49x16;0x0;False;Maze;;;[Area:{12x4;2x7;False;Maze;;;},Area:{11x3;7x-1;False;Maze;;;},Area:{13x4;19x4;False;Maze;;;},Area:{15x4;27x11;False;Maze;;;},Area:{3x4;17x10;False;Maze;;;},Area:{13x4;14x3;False;Maze;;;},Area:{6x4;24x9;False;Maze;;;},Area:{14x2;1x13;False;Maze;;;},Area:{4x3;9x4;False;Maze;;;}]}&quot;)" fullname="PlayersWorlds.Maps.Areas.Evolving.AreaDistributorIntegrationTest.AreaDistributorTest_CanLayout(&quot;Area:{49x16;0x0;False;Maze;;;[Area:{12x4;2x7;False;Maze;;;},Area:{11x3;7x-1;False;Maze;;;},Area:{13x4;19x4;False;Maze;;;},Area:{15x4;27x11;False;Maze;;;},Area:{3x4;17x10;False;Maze;;;},Area:{13x4;14x3;False;Maze;;;},Area:{6x4;24x9;False;Maze;;;},Area:{14x2;1x13;False;Maze;;;},Area:{4x3;9x4;False;Maze;;;}]}&quot;)" methodname="AreaDistributorTest_CanLayout" classname="PlayersWorlds.Maps.Areas.Evolving.AreaDistributorIntegrationTest" runstate="Runnable" seed="759268240" result="Passed" start-time="2024-06-28T21:57:16.7790760Z" end-time="2024-06-28T21:57:17.0940980Z" duration="0.315022" asserts="2" />
                  <test-case id="1-2034" name="AreaDistributorTest_CanLayout(&quot;Area:{49x42;0x0;False;Maze;;;[Area:{11x2;19x1;False;Maze;;;},Area:{6x8;34x31;False;Maze;;;},Area:{13x12;15x29;False;Maze;;;},Area:{5x12;15x11;False;Maze;;;},Area:{12x6;23x5;False;Maze;;;},Area:{9x2;3x17;False;Maze;;;},Area:{15x4;16x6;False;Maze;;;},Area:{9x11;15x29;False;Maze;;;},Area:{6x4;39x37;False;Maze;;;},Area:{12x9;28x22;False;Maze;;;},Area:{6x3;31x8;False;Maze;;;},Area:{9x5;27x23;False;Maze;;;},Area:{13x9;0x27;False;Maze;;;},Area:{5x11;11x17;False;Maze;;;},Area:{1x1;4x2;False;Maze;;;}]}&quot;)" fullname="PlayersWorlds.Maps.Areas.Evolving.AreaDistributorIntegrationTest.AreaDistributorTest_CanLayout(&quot;Area:{49x42;0x0;False;Maze;;;[Area:{11x2;19x1;False;Maze;;;},Area:{6x8;34x31;False;Maze;;;},Area:{13x12;15x29;False;Maze;;;},Area:{5x12;15x11;False;Maze;;;},Area:{12x6;23x5;False;Maze;;;},Area:{9x2;3x17;False;Maze;;;},Area:{15x4;16x6;False;Maze;;;},Area:{9x11;15x29;False;Maze;;;},Area:{6x4;39x37;False;Maze;;;},Area:{12x9;28x22;False;Maze;;;},Area:{6x3;31x8;False;Maze;;;},Area:{9x5;27x23;False;Maze;;;},Area:{13x9;0x27;False;Maze;;;},Area:{5x11;11x17;False;Maze;;;},Area:{1x1;4x2;False;Maze;;;}]}&quot;)" methodname="AreaDistributorTest_CanLayout" classname="PlayersWorlds.Maps.Areas.Evolving.AreaDistributorIntegrationTest" runstate="Runnable" seed="1840175080" result="Passed" start-time="2024-06-28T21:57:17.0941180Z" end-time="2024-06-28T21:57:17.8873530Z" duration="0.793235" asserts="2" />
                  <test-case id="1-2035" name="AreaDistributorTest_CanLayout(&quot;Area:{24x46;0x0;False;Maze;;;[Area:{3x9;11x20;False;Maze;;;},Area:{6x10;5x15;False;Maze;;;},Area:{7x13;5x14;False;Maze;;;},Area:{5x11;10x26;False;Maze;;;},Area:{1x4;10x18;False;Maze;;;},Area:{1x5;11x13;False;Maze;;;},Area:{6x9;10x29;False;Maze;;;},Area:{2x10;13x8;False;Maze;;;},Area:{7x13;3x17;False;Maze;;;},Area:{5x5;5x28;False;Maze;;;},Area:{5x12;18x8;False;Maze;;;}]}&quot;)" fullname="PlayersWorlds.Maps.Areas.Evolving.AreaDistributorIntegrationTest.AreaDistributorTest_CanLayout(&quot;Area:{24x46;0x0;False;Maze;;;[Area:{3x9;11x20;False;Maze;;;},Area:{6x10;5x15;False;Maze;;;},Area:{7x13;5x14;False;Maze;;;},Area:{5x11;10x26;False;Maze;;;},Area:{1x4;10x18;False;Maze;;;},Area:{1x5;11x13;False;Maze;;;},Area:{6x9;10x29;False;Maze;;;},Area:{2x10;13x8;False;Maze;;;},Area:{7x13;3x17;False;Maze;;;},Area:{5x5;5x28;False;Maze;;;},Area:{5x12;18x8;False;Maze;;;}]}&quot;)" methodname="AreaDistributorTest_CanLayout" classname="PlayersWorlds.Maps.Areas.Evolving.AreaDistributorIntegrationTest" runstate="Runnable" seed="943442527" result="Passed" start-time="2024-06-28T21:57:17.8873820Z" end-time="2024-06-28T21:57:18.3496040Z" duration="0.462222" asserts="2" />
                  <test-case id="1-2036" name="AreaDistributorTest_CanLayout(&quot;Area:{10x10;0x0;False;Maze;;;[Area:{2x3;7x9;False;Maze;;;},Area:{3x2;7x2;False;Maze;;;},Area:{2x2;3x9;False;Maze;;;},Area:{2x3;0x5;False;Maze;;;},Area:{2x3;7x1;False;Maze;;;},Area:{6x5;0x0;False;Maze;;;}]}&quot;)" fullname="PlayersWorlds.Maps.Areas.Evolving.AreaDistributorIntegrationTest.AreaDistributorTest_CanLayout(&quot;Area:{10x10;0x0;False;Maze;;;[Area:{2x3;7x9;False;Maze;;;},Area:{3x2;7x2;False;Maze;;;},Area:{2x2;3x9;False;Maze;;;},Area:{2x3;0x5;False;Maze;;;},Area:{2x3;7x1;False;Maze;;;},Area:{6x5;0x0;False;Maze;;;}]}&quot;)" methodname="AreaDistributorTest_CanLayout" classname="PlayersWorlds.Maps.Areas.Evolving.AreaDistributorIntegrationTest" runstate="Runnable" seed="1692275608" result="Passed" start-time="2024-06-28T21:57:18.3496390Z" end-time="2024-06-28T21:57:18.4561460Z" duration="0.106507" asserts="2" />
                </test-suite>
                <test-case id="1-1956" name="AreaDistributorTest_OneTest" fullname="PlayersWorlds.Maps.Areas.Evolving.AreaDistributorIntegrationTest.AreaDistributorTest_OneTest" methodname="AreaDistributorTest_OneTest" classname="PlayersWorlds.Maps.Areas.Evolving.AreaDistributorIntegrationTest" runstate="Runnable" seed="981264921" result="Passed" start-time="2024-06-28T21:57:18.4580940Z" end-time="2024-06-28T21:57:18.4626500Z" duration="0.004556" asserts="2">
                  <properties>
                    <property name="Category" value="Integration" />
                  </properties>
                </test-case>
                <test-suite type="ParameterizedMethod" id="1-1969" name="AreaDistributorTest_OverlapTwo" fullname="PlayersWorlds.Maps.Areas.Evolving.AreaDistributorIntegrationTest.AreaDistributorTest_OverlapTwo" classname="PlayersWorlds.Maps.Areas.Evolving.AreaDistributorIntegrationTest" runstate="Runnable" testcasecount="10" result="Passed" start-time="2024-06-28T21:57:18.4626640Z" end-time="2024-06-28T21:57:18.5513590Z" duration="0.088695" total="10" passed="10" failed="0" warnings="0" inconclusive="0" skipped="0" asserts="20">
                  <properties>
                    <property name="Category" value="Integration" />
                  </properties>
                  <test-case id="1-1959" name="AreaDistributorTest_OverlapTwo(&quot;Area:{11x11;0x0;False;Maze;;;[Area:{4x4;4x4;False;Maze;;;},Area:{4x4;4x4;False;Maze;;;}]}&quot;)" fullname="PlayersWorlds.Maps.Areas.Evolving.AreaDistributorIntegrationTest.AreaDistributorTest_OverlapTwo(&quot;Area:{11x11;0x0;False;Maze;;;[Area:{4x4;4x4;False;Maze;;;},Area:{4x4;4x4;False;Maze;;;}]}&quot;)" methodname="AreaDistributorTest_OverlapTwo" classname="PlayersWorlds.Maps.Areas.Evolving.AreaDistributorIntegrationTest" runstate="Runnable" seed="1841200433" result="Passed" start-time="2024-06-28T21:57:18.4626850Z" end-time="2024-06-28T21:57:18.4696330Z" duration="0.006948" asserts="2" />
                  <test-case id="1-1960" name="AreaDistributorTest_OverlapTwo(&quot;Area:{16x16;0x0;False;Maze;;;[Area:{8x8;4x4;False;Maze;;;},Area:{2x2;5x9;False;Maze;;;}]}&quot;)" fullname="PlayersWorlds.Maps.Areas.Evolving.AreaDistributorIntegrationTest.AreaDistributorTest_OverlapTwo(&quot;Area:{16x16;0x0;False;Maze;;;[Area:{8x8;4x4;False;Maze;;;},Area:{2x2;5x9;False;Maze;;;}]}&quot;)" methodname="AreaDistributorTest_OverlapTwo" classname="PlayersWorlds.Maps.Areas.Evolving.AreaDistributorIntegrationTest" runstate="Runnable" seed="449758833" result="Passed" start-time="2024-06-28T21:57:18.4696530Z" end-time="2024-06-28T21:57:18.4853010Z" duration="0.015648" asserts="2" />
                  <test-case id="1-1961" name="AreaDistributorTest_OverlapTwo(&quot;Area:{16x16;0x0;False;Maze;;;[Area:{8x8;4x4;False;Maze;;;},Area:{4x4;5x7;False;Maze;;;}]}&quot;)" fullname="PlayersWorlds.Maps.Areas.Evolving.AreaDistributorIntegrationTest.AreaDistributorTest_OverlapTwo(&quot;Area:{16x16;0x0;False;Maze;;;[Area:{8x8;4x4;False;Maze;;;},Area:{4x4;5x7;False;Maze;;;}]}&quot;)" methodname="AreaDistributorTest_OverlapTwo" classname="PlayersWorlds.Maps.Areas.Evolving.AreaDistributorIntegrationTest" runstate="Runnable" seed="1685960411" result="Passed" start-time="2024-06-28T21:57:18.4853210Z" end-time="2024-06-28T21:57:18.4979030Z" duration="0.012582" asserts="2" />
                  <test-case id="1-1962" name="AreaDistributorTest_OverlapTwo(&quot;Area:{16x16;0x0;False;Maze;;;[Area:{6x6;5x5;False;Maze;;;},Area:{4x4;6x6;False;Maze;;;}]}&quot;)" fullname="PlayersWorlds.Maps.Areas.Evolving.AreaDistributorIntegrationTest.AreaDistributorTest_OverlapTwo(&quot;Area:{16x16;0x0;False;Maze;;;[Area:{6x6;5x5;False;Maze;;;},Area:{4x4;6x6;False;Maze;;;}]}&quot;)" methodname="AreaDistributorTest_OverlapTwo" classname="PlayersWorlds.Maps.Areas.Evolving.AreaDistributorIntegrationTest" runstate="Runnable" seed="1175962342" result="Passed" start-time="2024-06-28T21:57:18.4979220Z" end-time="2024-06-28T21:57:18.5095750Z" duration="0.011653" asserts="2" />
                  <test-case id="1-1963" name="AreaDistributorTest_OverlapTwo(&quot;Area:{11x11;0x0;False;Maze;;;[Area:{4x4;2x2;False;Maze;;;},Area:{4x4;5x5;False;Maze;;;}]}&quot;)" fullname="PlayersWorlds.Maps.Areas.Evolving.AreaDistributorIntegrationTest.AreaDistributorTest_OverlapTwo(&quot;Area:{11x11;0x0;False;Maze;;;[Area:{4x4;2x2;False;Maze;;;},Area:{4x4;5x5;False;Maze;;;}]}&quot;)" methodname="AreaDistributorTest_OverlapTwo" classname="PlayersWorlds.Maps.Areas.Evolving.AreaDistributorIntegrationTest" runstate="Runnable" seed="611241801" result="Passed" start-time="2024-06-28T21:57:18.5095870Z" end-time="2024-06-28T21:57:18.5163990Z" duration="0.006813" asserts="2" />
                  <test-case id="1-1964" name="AreaDistributorTest_OverlapTwo(&quot;Area:{11x11;0x0;False;Maze;;;[Area:{4x4;5x2;False;Maze;;;},Area:{4x4;2x5;False;Maze;;;}]}&quot;)" fullname="PlayersWorlds.Maps.Areas.Evolving.AreaDistributorIntegrationTest.AreaDistributorTest_OverlapTwo(&quot;Area:{11x11;0x0;False;Maze;;;[Area:{4x4;5x2;False;Maze;;;},Area:{4x4;2x5;False;Maze;;;}]}&quot;)" methodname="AreaDistributorTest_OverlapTwo" classname="PlayersWorlds.Maps.Areas.Evolving.AreaDistributorIntegrationTest" runstate="Runnable" seed="1091346693" result="Passed" start-time="2024-06-28T21:57:18.5164110Z" end-time="2024-06-28T21:57:18.5233440Z" duration="0.006933" asserts="2" />
                  <test-case id="1-1965" name="AreaDistributorTest_OverlapTwo(&quot;Area:{11x11;0x0;False;Maze;;;[Area:{4x4;2x5;False;Maze;;;},Area:{4x4;5x2;False;Maze;;;}]}&quot;)" fullname="PlayersWorlds.Maps.Areas.Evolving.AreaDistributorIntegrationTest.AreaDistributorTest_OverlapTwo(&quot;Area:{11x11;0x0;False;Maze;;;[Area:{4x4;2x5;False;Maze;;;},Area:{4x4;5x2;False;Maze;;;}]}&quot;)" methodname="AreaDistributorTest_OverlapTwo" classname="PlayersWorlds.Maps.Areas.Evolving.AreaDistributorIntegrationTest" runstate="Runnable" seed="1308056035" result="Passed" start-time="2024-06-28T21:57:18.5233550Z" end-time="2024-06-28T21:57:18.5304790Z" duration="0.007125" asserts="2" />
                  <test-case id="1-1966" name="AreaDistributorTest_OverlapTwo(&quot;Area:{11x11;0x0;False;Maze;;;[Area:{4x4;5x5;False;Maze;;;},Area:{4x4;2x2;False;Maze;;;}]}&quot;)" fullname="PlayersWorlds.Maps.Areas.Evolving.AreaDistributorIntegrationTest.AreaDistributorTest_OverlapTwo(&quot;Area:{11x11;0x0;False;Maze;;;[Area:{4x4;5x5;False;Maze;;;},Area:{4x4;2x2;False;Maze;;;}]}&quot;)" methodname="AreaDistributorTest_OverlapTwo" classname="PlayersWorlds.Maps.Areas.Evolving.AreaDistributorIntegrationTest" runstate="Runnable" seed="1347628102" result="Passed" start-time="2024-06-28T21:57:18.5304990Z" end-time="2024-06-28T21:57:18.5373730Z" duration="0.006873" asserts="2" />
                  <test-case id="1-1967" name="AreaDistributorTest_OverlapTwo(&quot;Area:{11x11;0x0;False;Maze;;;[Area:{4x4;4x4;False;Maze;;;},Area:{4x4;3x3;False;Maze;;;}]}&quot;)" fullname="PlayersWorlds.Maps.Areas.Evolving.AreaDistributorIntegrationTest.AreaDistributorTest_OverlapTwo(&quot;Area:{11x11;0x0;False;Maze;;;[Area:{4x4;4x4;False;Maze;;;},Area:{4x4;3x3;False;Maze;;;}]}&quot;)" methodname="AreaDistributorTest_OverlapTwo" classname="PlayersWorlds.Maps.Areas.Evolving.AreaDistributorIntegrationTest" runstate="Runnable" seed="1539614195" result="Passed" start-time="2024-06-28T21:57:18.5373840Z" end-time="2024-06-28T21:57:18.5441490Z" duration="0.006765" asserts="2" />
                  <test-case id="1-1968" name="AreaDistributorTest_OverlapTwo(&quot;Area:{11x11;0x0;False;Maze;;;[Area:{4x4;4x3;False;Maze;;;},Area:{4x4;3x4;False;Maze;;;}]}&quot;)" fullname="PlayersWorlds.Maps.Areas.Evolving.AreaDistributorIntegrationTest.AreaDistributorTest_OverlapTwo(&quot;Area:{11x11;0x0;False;Maze;;;[Area:{4x4;4x3;False;Maze;;;},Area:{4x4;3x4;False;Maze;;;}]}&quot;)" methodname="AreaDistributorTest_OverlapTwo" classname="PlayersWorlds.Maps.Areas.Evolving.AreaDistributorIntegrationTest" runstate="Runnable" seed="372072377" result="Passed" start-time="2024-06-28T21:57:18.5441610Z" end-time="2024-06-28T21:57:18.5513390Z" duration="0.007178" asserts="2" />
                </test-suite>
                <test-case id="1-1957" name="AreaDistributorTest_SidePressure" fullname="PlayersWorlds.Maps.Areas.Evolving.AreaDistributorIntegrationTest.AreaDistributorTest_SidePressure" methodname="AreaDistributorTest_SidePressure" classname="PlayersWorlds.Maps.Areas.Evolving.AreaDistributorIntegrationTest" runstate="Runnable" seed="1527501749" result="Passed" start-time="2024-06-28T21:57:18.5513690Z" end-time="2024-06-28T21:57:18.5795330Z" duration="0.028164" asserts="2">
                  <properties>
                    <property name="Category" value="Integration" />
                  </properties>
                </test-case>
                <test-suite type="ParameterizedMethod" id="1-1980" name="AreaDistributorTest_SingleMapForce" fullname="PlayersWorlds.Maps.Areas.Evolving.AreaDistributorIntegrationTest.AreaDistributorTest_SingleMapForce" classname="PlayersWorlds.Maps.Areas.Evolving.AreaDistributorIntegrationTest" runstate="Runnable" testcasecount="10" result="Passed" start-time="2024-06-28T21:57:18.5795460Z" end-time="2024-06-28T21:57:18.6115340Z" duration="0.031988" total="10" passed="10" failed="0" warnings="0" inconclusive="0" skipped="0" asserts="20">
                  <properties>
                    <property name="Category" value="Integration" />
                  </properties>
                  <test-case id="1-1970" name="AreaDistributorTest_SingleMapForce(&quot;Area:{6x12;0x0;False;Maze;;;[Area:{2x2;1x2;False;Maze;;;}]}&quot;)" fullname="PlayersWorlds.Maps.Areas.Evolving.AreaDistributorIntegrationTest.AreaDistributorTest_SingleMapForce(&quot;Area:{6x12;0x0;False;Maze;;;[Area:{2x2;1x2;False;Maze;;;}]}&quot;)" methodname="AreaDistributorTest_SingleMapForce" classname="PlayersWorlds.Maps.Areas.Evolving.AreaDistributorIntegrationTest" runstate="Runnable" seed="1335925829" result="Passed" start-time="2024-06-28T21:57:18.5795680Z" end-time="2024-06-28T21:57:18.5826570Z" duration="0.003089" asserts="2" />
                  <test-case id="1-1971" name="AreaDistributorTest_SingleMapForce(&quot;Area:{6x12;0x0;False;Maze;;;[Area:{2x2;2x2;False;Maze;;;}]}&quot;)" fullname="PlayersWorlds.Maps.Areas.Evolving.AreaDistributorIntegrationTest.AreaDistributorTest_SingleMapForce(&quot;Area:{6x12;0x0;False;Maze;;;[Area:{2x2;2x2;False;Maze;;;}]}&quot;)" methodname="AreaDistributorTest_SingleMapForce" classname="PlayersWorlds.Maps.Areas.Evolving.AreaDistributorIntegrationTest" runstate="Runnable" seed="289852141" result="Passed" start-time="2024-06-28T21:57:18.5826690Z" end-time="2024-06-28T21:57:18.5861910Z" duration="0.003522" asserts="2" />
                  <test-case id="1-1972" name="AreaDistributorTest_SingleMapForce(&quot;Area:{6x12;0x0;False;Maze;;;[Area:{2x2;3x2;False;Maze;;;}]}&quot;)" fullname="PlayersWorlds.Maps.Areas.Evolving.AreaDistributorIntegrationTest.AreaDistributorTest_SingleMapForce(&quot;Area:{6x12;0x0;False;Maze;;;[Area:{2x2;3x2;False;Maze;;;}]}&quot;)" methodname="AreaDistributorTest_SingleMapForce" classname="PlayersWorlds.Maps.Areas.Evolving.AreaDistributorIntegrationTest" runstate="Runnable" seed="63585495" result="Passed" start-time="2024-06-28T21:57:18.5862030Z" end-time="2024-06-28T21:57:18.5894640Z" duration="0.003262" asserts="2" />
                  <test-case id="1-1973" name="AreaDistributorTest_SingleMapForce(&quot;Area:{6x12;0x0;False;Maze;;;[Area:{2x2;1x5;False;Maze;;;}]}&quot;)" fullname="PlayersWorlds.Maps.Areas.Evolving.AreaDistributorIntegrationTest.AreaDistributorTest_SingleMapForce(&quot;Area:{6x12;0x0;False;Maze;;;[Area:{2x2;1x5;False;Maze;;;}]}&quot;)" methodname="AreaDistributorTest_SingleMapForce" classname="PlayersWorlds.Maps.Areas.Evolving.AreaDistributorIntegrationTest" runstate="Runnable" seed="1886701404" result="Passed" start-time="2024-06-28T21:57:18.5894750Z" end-time="2024-06-28T21:57:18.5924070Z" duration="0.002932" asserts="2" />
                  <test-case id="1-1974" name="AreaDistributorTest_SingleMapForce(&quot;Area:{6x12;0x0;False;Maze;;;[Area:{2x2;2x5;False;Maze;;;}]}&quot;)" fullname="PlayersWorlds.Maps.Areas.Evolving.AreaDistributorIntegrationTest.AreaDistributorTest_SingleMapForce(&quot;Area:{6x12;0x0;False;Maze;;;[Area:{2x2;2x5;False;Maze;;;}]}&quot;)" methodname="AreaDistributorTest_SingleMapForce" classname="PlayersWorlds.Maps.Areas.Evolving.AreaDistributorIntegrationTest" runstate="Runnable" seed="362308193" result="Passed" start-time="2024-06-28T21:57:18.5924180Z" end-time="2024-06-28T21:57:18.5956410Z" duration="0.003224" asserts="2" />
                  <test-case id="1-1975" name="AreaDistributorTest_SingleMapForce(&quot;Area:{6x12;0x0;False;Maze;;;[Area:{2x2;3x5;False;Maze;;;}]}&quot;)" fullname="PlayersWorlds.Maps.Areas.Evolving.AreaDistributorIntegrationTest.AreaDistributorTest_SingleMapForce(&quot;Area:{6x12;0x0;False;Maze;;;[Area:{2x2;3x5;False;Maze;;;}]}&quot;)" methodname="AreaDistributorTest_SingleMapForce" classname="PlayersWorlds.Maps.Areas.Evolving.AreaDistributorIntegrationTest" runstate="Runnable" seed="1545458495" result="Passed" start-time="2024-06-28T21:57:18.5956610Z" end-time="2024-06-28T21:57:18.5985850Z" duration="0.002925" asserts="2" />
                  <test-case id="1-1976" name="AreaDistributorTest_SingleMapForce(&quot;Area:{6x12;0x0;False;Maze;;;[Area:{2x2;1x8;False;Maze;;;}]}&quot;)" fullname="PlayersWorlds.Maps.Areas.Evolving.AreaDistributorIntegrationTest.AreaDistributorTest_SingleMapForce(&quot;Area:{6x12;0x0;False;Maze;;;[Area:{2x2;1x8;False;Maze;;;}]}&quot;)" methodname="AreaDistributorTest_SingleMapForce" classname="PlayersWorlds.Maps.Areas.Evolving.AreaDistributorIntegrationTest" runstate="Runnable" seed="158633970" result="Passed" start-time="2024-06-28T21:57:18.5985960Z" end-time="2024-06-28T21:57:18.6020960Z" duration="0.003500" asserts="2" />
                  <test-case id="1-1977" name="AreaDistributorTest_SingleMapForce(&quot;Area:{6x12;0x0;False;Maze;;;[Area:{2x2;2x8;False;Maze;;;}]}&quot;)" fullname="PlayersWorlds.Maps.Areas.Evolving.AreaDistributorIntegrationTest.AreaDistributorTest_SingleMapForce(&quot;Area:{6x12;0x0;False;Maze;;;[Area:{2x2;2x8;False;Maze;;;}]}&quot;)" methodname="AreaDistributorTest_SingleMapForce" classname="PlayersWorlds.Maps.Areas.Evolving.AreaDistributorIntegrationTest" runstate="Runnable" seed="1901354972" result="Passed" start-time="2024-06-28T21:57:18.6021080Z" end-time="2024-06-28T21:57:18.6053700Z" duration="0.003262" asserts="2" />
                  <test-case id="1-1978" name="AreaDistributorTest_SingleMapForce(&quot;Area:{6x12;0x0;False;Maze;;;[Area:{2x2;3x8;False;Maze;;;}]}&quot;)" fullname="PlayersWorlds.Maps.Areas.Evolving.AreaDistributorIntegrationTest.AreaDistributorTest_SingleMapForce(&quot;Area:{6x12;0x0;False;Maze;;;[Area:{2x2;3x8;False;Maze;;;}]}&quot;)" methodname="AreaDistributorTest_SingleMapForce" classname="PlayersWorlds.Maps.Areas.Evolving.AreaDistributorIntegrationTest" runstate="Runnable" seed="1633578528" result="Passed" start-time="2024-06-28T21:57:18.6053890Z" end-time="2024-06-28T21:57:18.6083040Z" duration="0.002915" asserts="2" />
                  <test-case id="1-1979" name="AreaDistributorTest_SingleMapForce(&quot;Area:{6x12;0x0;False;Maze;;;[Area:{2x2;-1x-4;False;Maze;;;}]}&quot;)" fullname="PlayersWorlds.Maps.Areas.Evolving.AreaDistributorIntegrationTest.AreaDistributorTest_SingleMapForce(&quot;Area:{6x12;0x0;False;Maze;;;[Area:{2x2;-1x-4;False;Maze;;;}]}&quot;)" methodname="AreaDistributorTest_SingleMapForce" classname="PlayersWorlds.Maps.Areas.Evolving.AreaDistributorIntegrationTest" runstate="Runnable" seed="1631718293" result="Passed" start-time="2024-06-28T21:57:18.6083140Z" end-time="2024-06-28T21:57:18.6115200Z" duration="0.003206" asserts="2" />
                </test-suite>
                <test-case id="1-1981" name="AreaDistributorTest_SingleMapForce_Debug" fullname="PlayersWorlds.Maps.Areas.Evolving.AreaDistributorIntegrationTest.AreaDistributorTest_SingleMapForce_Debug" methodname="AreaDistributorTest_SingleMapForce_Debug" classname="PlayersWorlds.Maps.Areas.Evolving.AreaDistributorIntegrationTest" runstate="Runnable" seed="1207084232" result="Passed" start-time="2024-06-28T21:57:18.6115430Z" end-time="2024-06-28T21:57:18.6147880Z" duration="0.003245" asserts="2" />
                <test-case id="1-1958" name="AreaDistributorTest_TwoTest" fullname="PlayersWorlds.Maps.Areas.Evolving.AreaDistributorIntegrationTest.AreaDistributorTest_TwoTest" methodname="AreaDistributorTest_TwoTest" classname="PlayersWorlds.Maps.Areas.Evolving.AreaDistributorIntegrationTest" runstate="Runnable" seed="901009678" result="Passed" start-time="2024-06-28T21:57:18.6147990Z" end-time="2024-06-28T21:57:18.6206260Z" duration="0.005827" asserts="2">
                  <properties>
                    <property name="Category" value="Integration" />
                  </properties>
                </test-case>
              </test-suite>
              <test-suite type="TestFixture" id="1-2038" name="AreaDistributorLoadTest" fullname="PlayersWorlds.Maps.Areas.Evolving.AreaDistributorLoadTest" classname="PlayersWorlds.Maps.Areas.Evolving.AreaDistributorLoadTest" runstate="Runnable" testcasecount="1" result="Passed" start-time="2024-06-28T21:57:18.6211240Z" end-time="2024-06-28T22:00:05.2209430Z" duration="166.599820" total="1" passed="0" failed="0" warnings="0" inconclusive="1" skipped="0" asserts="0">
                <test-case id="1-2039" name="AreaDistributor_LoadTest" fullname="PlayersWorlds.Maps.Areas.Evolving.AreaDistributorLoadTest.AreaDistributor_LoadTest" methodname="AreaDistributor_LoadTest" classname="PlayersWorlds.Maps.Areas.Evolving.AreaDistributorLoadTest" runstate="Runnable" seed="856365305" result="Inconclusive" start-time="2024-06-28T21:57:18.6212140Z" end-time="2024-06-28T22:00:05.2209130Z" duration="166.599699" asserts="0">
                  <properties>
                    <property name="Category" value="Load" />
                  </properties>
                  <reason>
                    <message><![CDATA[Passed: 999, Failed: 1
yield return "48x12: P13x8;S11x3 P12x1;S11x2 P12x4;S15x2 P29x9;S15x2 P4x4;S6x1 P17x7;S14x3 P5x6;S14x2 P23x4;S2x3"; // Random(215)]]></message>
                  </reason>
                  <output><![CDATA[PlayersWorlds.Maps.Areas.Evolving.AreaDistributorHelper+DistributeResult(	Log = TestLog
, 	OriginalOutOfBounds = List`1<Area>()
, 	OriginalOverlapping = List`1<Area>(Area:{11x3;13x8;False;Maze;;;}, Area:{15x2;12x4;False;Maze;;;}, Area:{15x2;29x9;False;Maze;;;}, Area:{14x3;17x7;False;Maze;;;}, Area:{14x2;5x6;False;Maze;;;}...(6))
, 	OriginalAreas = List`1<Area>(Area:{11x3;13x8;False;Maze;;;}, Area:{11x2;12x1;False;Maze;;;}, Area:{15x2;12x4;False;Maze;;;}, Area:{15x2;29x9;False;Maze;;;}, Area:{6x1;4x4;False;Maze;;;}...(8))
, 	PlacedOutOfBounds = List`1<Area>()
, 	PlacedOverlapping = List`1<Area>(Area:{11x3;0x3;False;Maze;;;}, Area:{6x1;4x3;False;Maze;;;})
, 	PlacedAreas = List`1<Area>(Area:{11x3;0x3;False;Maze;;;}, Area:{11x2;4x9;False;Maze;;;}, Area:{15x2;32x3;False;Maze;;;}, Area:{15x2;15x2;False;Maze;;;}, Area:{6x1;4x3;False;Maze;;;}...(8))
, 	MaxEpochs = 100
, 	TestString = yield return "48x12: P13x8;S11x3 P12x1;S11x2 P12x4;S15x2 P29x9;S15x2 P4x4;S6x1 P17x7;S14x3 P5x6;S14x2 P23x4;S2x3"; // Random(215)
)
]]></output>
                </test-case>
              </test-suite>
              <test-suite type="TestFixture" id="1-2040" name="EvolvingSimulatorTest" fullname="PlayersWorlds.Maps.Areas.Evolving.EvolvingSimulatorTest" classname="PlayersWorlds.Maps.Areas.Evolving.EvolvingSimulatorTest" runstate="Runnable" testcasecount="2" result="Passed" start-time="2024-06-28T22:00:05.2209720Z" end-time="2024-06-28T22:00:05.3348310Z" duration="0.113859" total="2" passed="2" failed="0" warnings="0" inconclusive="0" skipped="0" asserts="2">
                <test-case id="1-2042" name="EvolvingSimulator_ReturnsEpochsIfEvolitionIsNotComplete" fullname="PlayersWorlds.Maps.Areas.Evolving.EvolvingSimulatorTest.EvolvingSimulator_ReturnsEpochsIfEvolitionIsNotComplete" methodname="EvolvingSimulator_ReturnsEpochsIfEvolitionIsNotComplete" classname="PlayersWorlds.Maps.Areas.Evolving.EvolvingSimulatorTest" runstate="Runnable" seed="510807175" result="Passed" start-time="2024-06-28T22:00:05.2211180Z" end-time="2024-06-28T22:00:05.3325540Z" duration="0.111436" asserts="1" />
                <test-case id="1-2041" name="EvolvingSimulator_ThrowsIfMaxEpochsIsZero" fullname="PlayersWorlds.Maps.Areas.Evolving.EvolvingSimulatorTest.EvolvingSimulator_ThrowsIfMaxEpochsIsZero" methodname="EvolvingSimulator_ThrowsIfMaxEpochsIsZero" classname="PlayersWorlds.Maps.Areas.Evolving.EvolvingSimulatorTest" runstate="Runnable" seed="1041605416" result="Passed" start-time="2024-06-28T22:00:05.3325770Z" end-time="2024-06-28T22:00:05.3348120Z" duration="0.002235" asserts="1" />
              </test-suite>
              <test-suite type="TestFixture" id="1-2043" name="FloatingAreaTest" fullname="PlayersWorlds.Maps.Areas.Evolving.FloatingAreaTest" classname="PlayersWorlds.Maps.Areas.Evolving.FloatingAreaTest" runstate="Runnable" testcasecount="22" result="Passed" start-time="2024-06-28T22:00:05.3348500Z" end-time="2024-06-28T22:00:05.3459970Z" duration="0.011148" total="22" passed="22" failed="0" warnings="0" inconclusive="0" skipped="0" asserts="45">
                <test-case id="1-2048" name="CenterIsValid" fullname="PlayersWorlds.Maps.Areas.Evolving.FloatingAreaTest.CenterIsValid" methodname="CenterIsValid" classname="PlayersWorlds.Maps.Areas.Evolving.FloatingAreaTest" runstate="Runnable" seed="1681534556" result="Passed" start-time="2024-06-28T22:00:05.3349300Z" end-time="2024-06-28T22:00:05.3374210Z" duration="0.002491" asserts="4" />
                <test-case id="1-2047" name="Contains" fullname="PlayersWorlds.Maps.Areas.Evolving.FloatingAreaTest.Contains" methodname="Contains" classname="PlayersWorlds.Maps.Areas.Evolving.FloatingAreaTest" runstate="Runnable" seed="338639435" result="Passed" start-time="2024-06-28T22:00:05.3374340Z" end-time="2024-06-28T22:00:05.3417530Z" duration="0.004319" asserts="2" />
                <test-suite type="ParameterizedMethod" id="1-2065" name="DistanceTo" fullname="PlayersWorlds.Maps.Areas.Evolving.FloatingAreaTest.DistanceTo" classname="PlayersWorlds.Maps.Areas.Evolving.FloatingAreaTest" runstate="Runnable" testcasecount="16" result="Passed" start-time="2024-06-28T22:00:05.3417670Z" end-time="2024-06-28T22:00:05.3426350Z" duration="0.000869" total="16" passed="16" failed="0" warnings="0" inconclusive="0" skipped="0" asserts="32">
                  <properties>
                    <property name="Category" value="Integration" />
                  </properties>
                  <test-case id="1-2049" name="DistanceTo((PlayersWorlds.Maps.Areas.Evolving.FloatingArea[], -1.00x0.00, False))" fullname="PlayersWorlds.Maps.Areas.Evolving.FloatingAreaTest.DistanceTo((PlayersWorlds.Maps.Areas.Evolving.FloatingArea[], -1.00x0.00, False))" methodname="DistanceTo" classname="PlayersWorlds.Maps.Areas.Evolving.FloatingAreaTest" runstate="Runnable" seed="1375012322" result="Passed" start-time="2024-06-28T22:00:05.3417830Z" end-time="2024-06-28T22:00:05.3421950Z" duration="0.000413" asserts="2" />
                  <test-case id="1-2050" name="DistanceTo((PlayersWorlds.Maps.Areas.Evolving.FloatingArea[], 0.00x0.00, False))" fullname="PlayersWorlds.Maps.Areas.Evolving.FloatingAreaTest.DistanceTo((PlayersWorlds.Maps.Areas.Evolving.FloatingArea[], 0.00x0.00, False))" methodname="DistanceTo" classname="PlayersWorlds.Maps.Areas.Evolving.FloatingAreaTest" runstate="Runnable" seed="1708116116" result="Passed" start-time="2024-06-28T22:00:05.3422030Z" end-time="2024-06-28T22:00:05.3422400Z" duration="0.000037" asserts="2" />
                  <test-case id="1-2051" name="DistanceTo((PlayersWorlds.Maps.Areas.Evolving.FloatingArea[], 1.00x0.00, True))" fullname="PlayersWorlds.Maps.Areas.Evolving.FloatingAreaTest.DistanceTo((PlayersWorlds.Maps.Areas.Evolving.FloatingArea[], 1.00x0.00, True))" methodname="DistanceTo" classname="PlayersWorlds.Maps.Areas.Evolving.FloatingAreaTest" runstate="Runnable" seed="1456596154" result="Passed" start-time="2024-06-28T22:00:05.3422460Z" end-time="2024-06-28T22:00:05.3422730Z" duration="0.000027" asserts="2" />
                  <test-case id="1-2052" name="DistanceTo((PlayersWorlds.Maps.Areas.Evolving.FloatingArea[], 0.00x0.00, True))" fullname="PlayersWorlds.Maps.Areas.Evolving.FloatingAreaTest.DistanceTo((PlayersWorlds.Maps.Areas.Evolving.FloatingArea[], 0.00x0.00, True))" methodname="DistanceTo" classname="PlayersWorlds.Maps.Areas.Evolving.FloatingAreaTest" runstate="Runnable" seed="1881925467" result="Passed" start-time="2024-06-28T22:00:05.3422780Z" end-time="2024-06-28T22:00:05.3423040Z" duration="0.000026" asserts="2" />
                  <test-case id="1-2053" name="DistanceTo((PlayersWorlds.Maps.Areas.Evolving.FloatingArea[], -1.00x0.00, True))" fullname="PlayersWorlds.Maps.Areas.Evolving.FloatingAreaTest.DistanceTo((PlayersWorlds.Maps.Areas.Evolving.FloatingArea[], -1.00x0.00, True))" methodname="DistanceTo" classname="PlayersWorlds.Maps.Areas.Evolving.FloatingAreaTest" runstate="Runnable" seed="5671549" result="Passed" start-time="2024-06-28T22:00:05.3423080Z" end-time="2024-06-28T22:00:05.3423310Z" duration="0.000023" asserts="2" />
[...]
              <test-case id="1-1134" name="CanDeserializeEmptyCell" fullname="PlayersWorlds.Maps.Serializer.CellSerializerTest.CanDeserializeEmptyCell" methodname="CanDeserializeEmptyCell" classname="PlayersWorlds.Maps.Serializer.CellSerializerTest" runstate="Runnable" seed="1682339315" result="Passed" start-time="2024-06-28T22:01:20.7803160Z" end-time="2024-06-28T22:01:20.7804270Z" duration="0.000111" asserts="3" />
              <test-case id="1-1135" name="CanSerializeCellWithLinks" fullname="PlayersWorlds.Maps.Serializer.CellSerializerTest.CanSerializeCellWithLinks" methodname="CanSerializeCellWithLinks" classname="PlayersWorlds.Maps.Serializer.CellSerializerTest" runstate="Runnable" seed="405901258" result="Passed" start-time="2024-06-28T22:01:20.7804330Z" end-time="2024-06-28T22:01:20.7809380Z" duration="0.000505" asserts="1" />
              <test-case id="1-1139" name="CanSerializeCellWithLinksAndTags" fullname="PlayersWorlds.Maps.Serializer.CellSerializerTest.CanSerializeCellWithLinksAndTags" methodname="CanSerializeCellWithLinksAndTags" classname="PlayersWorlds.Maps.Serializer.CellSerializerTest" runstate="Runnable" seed="707348336" result="Passed" start-time="2024-06-28T22:01:20.7809450Z" end-time="2024-06-28T22:01:20.7814590Z" duration="0.000514" asserts="1" />
              <test-case id="1-1137" name="CanSerializeCellWithTags" fullname="PlayersWorlds.Maps.Serializer.CellSerializerTest.CanSerializeCellWithTags" methodname="CanSerializeCellWithTags" classname="PlayersWorlds.Maps.Serializer.CellSerializerTest" runstate="Runnable" seed="1073506396" result="Passed" start-time="2024-06-28T22:01:20.7814670Z" end-time="2024-06-28T22:01:20.7819070Z" duration="0.000440" asserts="1" />
              <test-case id="1-1133" name="CanSerializeEmptyCell" fullname="PlayersWorlds.Maps.Serializer.CellSerializerTest.CanSerializeEmptyCell" methodname="CanSerializeEmptyCell" classname="PlayersWorlds.Maps.Serializer.CellSerializerTest" runstate="Runnable" seed="277562441" result="Passed" start-time="2024-06-28T22:01:20.7819150Z" end-time="2024-06-28T22:01:20.7822840Z" duration="0.000369" asserts="1" />
            </test-suite>
          </test-suite>
          <test-suite type="TestFixture" id="1-1062" name="VectorDTest" fullname="PlayersWorlds.Maps.VectorDTest" classname="PlayersWorlds.Maps.VectorDTest" runstate="Runnable" testcasecount="11" result="Passed" start-time="2024-06-28T22:01:20.7823100Z" end-time="2024-06-28T22:01:20.7849530Z" duration="0.002642" total="11" passed="11" failed="0" warnings="0" inconclusive="0" skipped="0" asserts="33">
            <test-case id="1-1070" name="CanAddAndSubtract" fullname="PlayersWorlds.Maps.VectorDTest.CanAddAndSubtract" methodname="CanAddAndSubtract" classname="PlayersWorlds.Maps.VectorDTest" runstate="Runnable" seed="976591111" result="Passed" start-time="2024-06-28T22:01:20.7823650Z" end-time="2024-06-28T22:01:20.7826670Z" duration="0.000302" asserts="5" />
            <test-case id="1-1071" name="ConstructorChecksArguments" fullname="PlayersWorlds.Maps.VectorDTest.ConstructorChecksArguments" methodname="ConstructorChecksArguments" classname="PlayersWorlds.Maps.VectorDTest" runstate="Runnable" seed="736414244" result="Passed" start-time="2024-06-28T22:01:20.7826740Z" end-time="2024-06-28T22:01:20.7827880Z" duration="0.000114" asserts="1" />
            <test-case id="1-1064" name="EqualityIsCheckedByValue" fullname="PlayersWorlds.Maps.VectorDTest.EqualityIsCheckedByValue" methodname="EqualityIsCheckedByValue" classname="PlayersWorlds.Maps.VectorDTest" runstate="Runnable" seed="1477700642" result="Passed" start-time="2024-06-28T22:01:20.7827960Z" end-time="2024-06-28T22:01:20.7830040Z" duration="0.000208" asserts="4" />
            <test-case id="1-1065" name="GetHashCodeIsDerivedFromValue" fullname="PlayersWorlds.Maps.VectorDTest.GetHashCodeIsDerivedFromValue" methodname="GetHashCodeIsDerivedFromValue" classname="PlayersWorlds.Maps.VectorDTest" runstate="Runnable" seed="1592879572" result="Passed" start-time="2024-06-28T22:01:20.7830110Z" end-time="2024-06-28T22:01:20.7830890Z" duration="0.000079" asserts="1" />
            <test-case id="1-1068" name="InitializedAsNull" fullname="PlayersWorlds.Maps.VectorDTest.InitializedAsNull" methodname="InitializedAsNull" classname="PlayersWorlds.Maps.VectorDTest" runstate="Runnable" seed="1351255084" result="Passed" start-time="2024-06-28T22:01:20.7830960Z" end-time="2024-06-28T22:01:20.7832000Z" duration="0.000105" asserts="1" />
            <test-case id="1-1067" name="InitializedEmpty" fullname="PlayersWorlds.Maps.VectorDTest.InitializedEmpty" methodname="InitializedEmpty" classname="PlayersWorlds.Maps.VectorDTest" runstate="Runnable" seed="237150472" result="Passed" start-time="2024-06-28T22:01:20.7832080Z" end-time="2024-06-28T22:01:20.7834590Z" duration="0.000251" asserts="4" />
            <test-case id="1-1063" name="IsInitialized" fullname="PlayersWorlds.Maps.VectorDTest.IsInitialized" methodname="IsInitialized" classname="PlayersWorlds.Maps.VectorDTest" runstate="Runnable" seed="1199274136" result="Passed" start-time="2024-06-28T22:01:20.7834660Z" end-time="2024-06-28T22:01:20.7839470Z" duration="0.000481" asserts="2" />
            <test-case id="1-1069" name="IsZero" fullname="PlayersWorlds.Maps.VectorDTest.IsZero" methodname="IsZero" classname="PlayersWorlds.Maps.VectorDTest" runstate="Runnable" seed="650148718" result="Passed" start-time="2024-06-28T22:01:20.7839560Z" end-time="2024-06-28T22:01:20.7840670Z" duration="0.000111" asserts="3" />
            <test-case id="1-1072" name="SnappedForce" fullname="PlayersWorlds.Maps.VectorDTest.SnappedForce" methodname="SnappedForce" classname="PlayersWorlds.Maps.VectorDTest" runstate="Runnable" seed="169789769" result="Passed" start-time="2024-06-28T22:01:20.7840740Z" end-time="2024-06-28T22:01:20.7844420Z" duration="0.000369" asserts="9" />
            <test-case id="1-1066" name="ToStringFormat" fullname="PlayersWorlds.Maps.VectorDTest.ToStringFormat" methodname="ToStringFormat" classname="PlayersWorlds.Maps.VectorDTest" runstate="Runnable" seed="1647901372" result="Passed" start-time="2024-06-28T22:01:20.7844490Z" end-time="2024-06-28T22:01:20.7845340Z" duration="0.000085" asserts="1" />
            <test-case id="1-1073" name="VectorD_Parse" fullname="PlayersWorlds.Maps.VectorDTest.VectorD_Parse" methodname="VectorD_Parse" classname="PlayersWorlds.Maps.VectorDTest" runstate="Runnable" seed="421652427" result="Passed" start-time="2024-06-28T22:01:20.7845410Z" end-time="2024-06-28T22:01:20.7849390Z" duration="0.000399" asserts="2" />
          </test-suite>
          <test-suite type="TestFixture" id="1-1074" name="VectorTest" fullname="PlayersWorlds.Maps.VectorTest" classname="PlayersWorlds.Maps.VectorTest" runstate="Runnable" testcasecount="29" result="Passed" start-time="2024-06-28T22:01:20.7849650Z" end-time="2024-06-28T22:01:20.7934700Z" duration="0.008505" total="29" passed="29" failed="0" warnings="0" inconclusive="0" skipped="0" asserts="229">
            <test-case id="1-1091" name="FitsInto" fullname="PlayersWorlds.Maps.VectorTest.FitsInto" methodname="FitsInto" classname="PlayersWorlds.Maps.VectorTest" runstate="Runnable" seed="341088053" result="Passed" start-time="2024-06-28T22:01:20.7850220Z" end-time="2024-06-28T22:01:20.7851650Z" duration="0.000143" asserts="3" />
            <test-case id="1-1094" name="FromIndex_Matches_FromIndex" fullname="PlayersWorlds.Maps.VectorTest.FromIndex_Matches_FromIndex" methodname="FromIndex_Matches_FromIndex" classname="PlayersWorlds.Maps.VectorTest" runstate="Runnable" seed="796967034" result="Passed" start-time="2024-06-28T22:01:20.7851730Z" end-time="2024-06-28T22:01:20.7852840Z" duration="0.000111" asserts="1" />
            <test-case id="1-1102" name="FromIndex_ShouldThrowException_DimensionMismatch" fullname="PlayersWorlds.Maps.VectorTest.FromIndex_ShouldThrowException_DimensionMismatch" methodname="FromIndex_ShouldThrowException_DimensionMismatch" classname="PlayersWorlds.Maps.VectorTest" runstate="Runnable" seed="1643712076" result="Passed" start-time="2024-06-28T22:01:20.7852900Z" end-time="2024-06-28T22:01:20.7856580Z" duration="0.000368" asserts="1" />
            <test-case id="1-1092" name="IsIn" fullname="PlayersWorlds.Maps.VectorTest.IsIn" methodname="IsIn" classname="PlayersWorlds.Maps.VectorTest" runstate="Runnable" seed="706168358" result="Passed" start-time="2024-06-28T22:01:20.7856650Z" end-time="2024-06-28T22:01:20.7867540Z" duration="0.001089" asserts="7" />
            <test-case id="1-1103" name="NorthEastComparer_ComparesCorrectly" fullname="PlayersWorlds.Maps.VectorTest.NorthEastComparer_ComparesCorrectly" methodname="NorthEastComparer_ComparesCorrectly" classname="PlayersWorlds.Maps.VectorTest" runstate="Runnable" seed="1495411649" result="Passed" start-time="2024-06-28T22:01:20.7867620Z" end-time="2024-06-28T22:01:20.7874610Z" duration="0.000699" asserts="1" />
            <test-case id="1-1076" name="Size_NotInitialized" fullname="PlayersWorlds.Maps.VectorTest.Size_NotInitialized" methodname="Size_NotInitialized" classname="PlayersWorlds.Maps.VectorTest" runstate="Runnable" seed="789193621" result="Passed" start-time="2024-06-28T22:01:20.7874690Z" end-time="2024-06-28T22:01:20.7876550Z" duration="0.000187" asserts="2" />
            <test-case id="1-1098" name="ToIndex_FromIndex_RoundTripConversion" fullname="PlayersWorlds.Maps.VectorTest.ToIndex_FromIndex_RoundTripConversion" methodname="ToIndex_FromIndex_RoundTripConversion" classname="PlayersWorlds.Maps.VectorTest" runstate="Runnable" seed="417791182" result="Passed" start-time="2024-06-28T22:01:20.7876620Z" end-time="2024-06-28T22:01:20.7883520Z" duration="0.000689" asserts="150" />
            <test-case id="1-1099" name="ToIndex_FromIndex_Valid5D" fullname="PlayersWorlds.Maps.VectorTest.ToIndex_FromIndex_Valid5D" methodname="ToIndex_FromIndex_Valid5D" classname="PlayersWorlds.Maps.VectorTest" runstate="Runnable" seed="674144158" result="Passed" start-time="2024-06-28T22:01:20.7883580Z" end-time="2024-06-28T22:01:20.7894150Z" duration="0.001056" asserts="13" />
            <test-case id="1-1093" name="ToIndex_Matches_ToIndex" fullname="PlayersWorlds.Maps.VectorTest.ToIndex_Matches_ToIndex" methodname="ToIndex_Matches_ToIndex" classname="PlayersWorlds.Maps.VectorTest" runstate="Runnable" seed="215797850" result="Passed" start-time="2024-06-28T22:01:20.7894230Z" end-time="2024-06-28T22:01:20.7895220Z" duration="0.000098" asserts="1" />
            <test-case id="1-1095" name="ToIndex_ShouldCalculateCorrectIndex_1D" fullname="PlayersWorlds.Maps.VectorTest.ToIndex_ShouldCalculateCorrectIndex_1D" methodname="ToIndex_ShouldCalculateCorrectIndex_1D" classname="PlayersWorlds.Maps.VectorTest" runstate="Runnable" seed="986565621" result="Passed" start-time="2024-06-28T22:01:20.7895280Z" end-time="2024-06-28T22:01:20.7896380Z" duration="0.000110" asserts="2" />
            <test-case id="1-1096" name="ToIndex_ShouldCalculateCorrectIndex_2D" fullname="PlayersWorlds.Maps.VectorTest.ToIndex_ShouldCalculateCorrectIndex_2D" methodname="ToIndex_ShouldCalculateCorrectIndex_2D" classname="PlayersWorlds.Maps.VectorTest" runstate="Runnable" seed="177015255" result="Passed" start-time="2024-06-28T22:01:20.7896450Z" end-time="2024-06-28T22:01:20.7897390Z" duration="0.000094" asserts="2" />
            <test-case id="1-1097" name="ToIndex_ShouldCalculateCorrectIndex_3D" fullname="PlayersWorlds.Maps.VectorTest.ToIndex_ShouldCalculateCorrectIndex_3D" methodname="ToIndex_ShouldCalculateCorrectIndex_3D" classname="PlayersWorlds.Maps.VectorTest" runstate="Runnable" seed="1924979365" result="Passed" start-time="2024-06-28T22:01:20.7897450Z" end-time="2024-06-28T22:01:20.7898390Z" duration="0.000094" asserts="2" />
            <test-case id="1-1101" name="ToIndex_ShouldThrowException_DimensionMismatch" fullname="PlayersWorlds.Maps.VectorTest.ToIndex_ShouldThrowException_DimensionMismatch" methodname="ToIndex_ShouldThrowException_DimensionMismatch" classname="PlayersWorlds.Maps.VectorTest" runstate="Runnable" seed="1915280605" result="Passed" start-time="2024-06-28T22:01:20.7898460Z" end-time="2024-06-28T22:01:20.7901010Z" duration="0.000255" asserts="1" />
            <test-case id="1-1100" name="ToIndex_ShouldThrowException_DimensionOverflow" fullname="PlayersWorlds.Maps.VectorTest.ToIndex_ShouldThrowException_DimensionOverflow" methodname="ToIndex_ShouldThrowException_DimensionOverflow" classname="PlayersWorlds.Maps.VectorTest" runstate="Runnable" seed="1616874910" result="Passed" start-time="2024-06-28T22:01:20.7901090Z" end-time="2024-06-28T22:01:20.7902970Z" duration="0.000189" asserts="1" />
            <test-case id="1-1084" name="Vector_CanAddAndSubtract" fullname="PlayersWorlds.Maps.VectorTest.Vector_CanAddAndSubtract" methodname="Vector_CanAddAndSubtract" classname="PlayersWorlds.Maps.VectorTest" runstate="Runnable" seed="65967368" result="Passed" start-time="2024-06-28T22:01:20.7903040Z" end-time="2024-06-28T22:01:20.7906670Z" duration="0.000362" asserts="6" />
            <test-case id="1-1085" name="Vector_ConstructorChecksArguments" fullname="PlayersWorlds.Maps.VectorTest.Vector_ConstructorChecksArguments" methodname="Vector_ConstructorChecksArguments" classname="PlayersWorlds.Maps.VectorTest" runstate="Runnable" seed="673461861" result="Passed" start-time="2024-06-28T22:01:20.7906740Z" end-time="2024-06-28T22:01:20.7907710Z" duration="0.000097" asserts="1" />
            <test-case id="1-1082" name="Vector_EmptyIsEmpty" fullname="PlayersWorlds.Maps.VectorTest.Vector_EmptyIsEmpty" methodname="Vector_EmptyIsEmpty" classname="PlayersWorlds.Maps.VectorTest" runstate="Runnable" seed="1621865632" result="Passed" start-time="2024-06-28T22:01:20.7907780Z" end-time="2024-06-28T22:01:20.7908470Z" duration="0.000070" asserts="1" />
            <test-case id="1-1081" name="Vector_EmptyVectorIsEmpty" fullname="PlayersWorlds.Maps.VectorTest.Vector_EmptyVectorIsEmpty" methodname="Vector_EmptyVectorIsEmpty" classname="PlayersWorlds.Maps.VectorTest" runstate="Runnable" seed="2118395475" result="Passed" start-time="2024-06-28T22:01:20.7908540Z" end-time="2024-06-28T22:01:20.7909190Z" duration="0.000066" asserts="1" />
            <test-case id="1-1077" name="Vector_EqualityIsCheckedByValue" fullname="PlayersWorlds.Maps.VectorTest.Vector_EqualityIsCheckedByValue" methodname="Vector_EqualityIsCheckedByValue" classname="PlayersWorlds.Maps.VectorTest" runstate="Runnable" seed="263046237" result="Passed" start-time="2024-06-28T22:01:20.7909260Z" end-time="2024-06-28T22:01:20.7911120Z" duration="0.000186" asserts="5" />
            <test-case id="1-1089" name="Vector_FromIndex" fullname="PlayersWorlds.Maps.VectorTest.Vector_FromIndex" methodname="Vector_FromIndex" classname="PlayersWorlds.Maps.VectorTest" runstate="Runnable" seed="1761130070" result="Passed" start-time="2024-06-28T22:01:20.7911190Z" end-time="2024-06-28T22:01:20.7912320Z" duration="0.000113" asserts="2" />
            <test-case id="1-1078" name="Vector_GetHashCodeIsDerivedFromValue" fullname="PlayersWorlds.Maps.VectorTest.Vector_GetHashCodeIsDerivedFromValue" methodname="Vector_GetHashCodeIsDerivedFromValue" classname="PlayersWorlds.Maps.VectorTest" runstate="Runnable" seed="810180397" result="Passed" start-time="2024-06-28T22:01:20.7912390Z" end-time="2024-06-28T22:01:20.7914430Z" duration="0.000204" asserts="2" />
            <test-case id="1-1075" name="Vector_IsInitialized" fullname="PlayersWorlds.Maps.VectorTest.Vector_IsInitialized" methodname="Vector_IsInitialized" classname="PlayersWorlds.Maps.VectorTest" runstate="Runnable" seed="183644183" result="Passed" start-time="2024-06-28T22:01:20.7914510Z" end-time="2024-06-28T22:01:20.7915330Z" duration="0.000082" asserts="2" />
            <test-case id="1-1083" name="Vector_NotEqualToNull" fullname="PlayersWorlds.Maps.VectorTest.Vector_NotEqualToNull" methodname="Vector_NotEqualToNull" classname="PlayersWorlds.Maps.VectorTest" runstate="Runnable" seed="112510405" result="Passed" start-time="2024-06-28T22:01:20.7915390Z" end-time="2024-06-28T22:01:20.7917270Z" duration="0.000188" asserts="3" />
            <test-case id="1-1087" name="Vector_SnappedForce" fullname="PlayersWorlds.Maps.VectorTest.Vector_SnappedForce" methodname="Vector_SnappedForce" classname="PlayersWorlds.Maps.VectorTest" runstate="Runnable" seed="1334664504" result="Passed" start-time="2024-06-28T22:01:20.7917340Z" end-time="2024-06-28T22:01:20.7921010Z" duration="0.000367" asserts="9" />
            <test-case id="1-1086" name="Vector_ThrowsIfNotAValidSize" fullname="PlayersWorlds.Maps.VectorTest.Vector_ThrowsIfNotAValidSize" methodname="Vector_ThrowsIfNotAValidSize" classname="PlayersWorlds.Maps.VectorTest" runstate="Runnable" seed="1557372196" result="Passed" start-time="2024-06-28T22:01:20.7921090Z" end-time="2024-06-28T22:01:20.7929900Z" duration="0.000882" asserts="3" />
            <test-case id="1-1088" name="Vector_ToIndex" fullname="PlayersWorlds.Maps.VectorTest.Vector_ToIndex" methodname="Vector_ToIndex" classname="PlayersWorlds.Maps.VectorTest" runstate="Runnable" seed="259381543" result="Passed" start-time="2024-06-28T22:01:20.7929970Z" end-time="2024-06-28T22:01:20.7931780Z" duration="0.000181" asserts="3" />
            <test-case id="1-1079" name="Vector_ToStringFormat" fullname="PlayersWorlds.Maps.VectorTest.Vector_ToStringFormat" methodname="Vector_ToStringFormat" classname="PlayersWorlds.Maps.VectorTest" runstate="Runnable" seed="586351728" result="Passed" start-time="2024-06-28T22:01:20.7931850Z" end-time="2024-06-28T22:01:20.7932770Z" duration="0.000092" asserts="2" />
            <test-case id="1-1080" name="Vector_ZeroVectorIsNotEmpty" fullname="PlayersWorlds.Maps.VectorTest.Vector_ZeroVectorIsNotEmpty" methodname="Vector_ZeroVectorIsNotEmpty" classname="PlayersWorlds.Maps.VectorTest" runstate="Runnable" seed="284764899" result="Passed" start-time="2024-06-28T22:01:20.7932830Z" end-time="2024-06-28T22:01:20.7933670Z" duration="0.000084" asserts="1" />
            <test-case id="1-1090" name="VectorD_Parse" fullname="PlayersWorlds.Maps.VectorTest.VectorD_Parse" methodname="VectorD_Parse" classname="PlayersWorlds.Maps.VectorTest" runstate="Runnable" seed="1506793715" result="Passed" start-time="2024-06-28T22:01:20.7933730Z" end-time="2024-06-28T22:01:20.7934580Z" duration="0.000085" asserts="1" />
          </test-suite>
        </test-suite>
      </test-suite>
      <test-suite type="TestFixture" id="1-1000" name="RandomAreaGeneratorTest" fullname="RandomAreaGeneratorTest" classname="RandomAreaGeneratorTest" runstate="Runnable" testcasecount="2" result="Passed" start-time="2024-06-28T22:01:20.7934990Z" end-time="2024-06-28T22:01:20.9229000Z" duration="0.129401" total="2" passed="2" failed="0" warnings="0" inconclusive="0" skipped="0" asserts="3042">
        <test-case id="1-1001" name="ZoneGenerator_CanGenerateZones" fullname="RandomAreaGeneratorTest.ZoneGenerator_CanGenerateZones" methodname="ZoneGenerator_CanGenerateZones" classname="RandomAreaGeneratorTest" runstate="Runnable" seed="1530736355" result="Passed" start-time="2024-06-28T22:01:20.7935550Z" end-time="2024-06-28T22:01:20.9215190Z" duration="0.127964" asserts="3006">
          <properties>
            <property name="Category" value="Integration" />
          </properties>
        </test-case>
        <test-case id="1-1002" name="ZoneGenerator_CustomSettings" fullname="RandomAreaGeneratorTest.ZoneGenerator_CustomSettings" methodname="ZoneGenerator_CustomSettings" classname="RandomAreaGeneratorTest" runstate="Runnable" seed="1928478779" result="Passed" start-time="2024-06-28T22:01:20.9215380Z" end-time="2024-06-28T22:01:20.9228750Z" duration="0.001338" asserts="36">
          <properties>
            <property name="Category" value="Integration" />
          </properties>
        </test-case>
      </test-suite>
    </test-suite>
  </test-suite>
</test-run>