<?xml version="1.0" encoding="utf-8" standalone="no"?>
<test-run id="0" runstate="Runnable" testcasecount="992" result="Skipped" label="Ignored" total="437" passed="335" failed="0" warnings="0" inconclusive="0" skipped="102" asserts="17286" engine-version="3.17.0.0" clr-version="4.0.30319.42000" start-time="2024-02-25 18:58:04Z" end-time="2024-02-25 18:58:21Z" duration="17.068708">
  <command-line><![CDATA[/home/data/repos/github.com/aynurin/maze-gen/packages/NUnit.ConsoleRunner.3.17.0/tools/nunit3-console.exe build/Debug/tests/PlayersWorlds.Maps.Tests.dll --where=Category!=Load --framework=mono-4.0]]></command-line>
  <filter>
    <not>
      <prop name="Category">Load</prop>
    </not>
  </filter>
  <test-suite type="Assembly" id="1-2036" name="PlayersWorlds.Maps.Tests.dll" fullname="/home/data/repos/github.com/aynurin/maze-gen/build/Debug/tests/PlayersWorlds.Maps.Tests.dll" runstate="Runnable" testcasecount="992" result="Skipped" label="Ignored" site="Child" start-time="2024-02-25T18:58:04.9894380Z" end-time="2024-02-25T18:58:21.6170870Z" duration="16.627570" total="437" passed="335" failed="0" warnings="0" inconclusive="0" skipped="102" asserts="17286">
    <environment framework-version="4.0.1.0" clr-version="4.0.30319.42000" os-version="Unix 6.1.71.1" platform="Unix" cwd="/home/data/repos/github.com/aynurin/maze-gen" machine-name="lightview" user="shav" user-domain="lightview" culture="en-US" uiculture="en-US" os-architecture="x64" />
    <settings>
      <setting name="RequestedRuntimeFramework" value="mono-4.0" />
      <setting name="DisposeRunners" value="True" />
      <setting name="WorkDirectory" value="/home/data/repos/github.com/aynurin/maze-gen" />
      <setting name="ImageRuntimeVersion" value="4.0.30319" />
      <setting name="ImageTargetFrameworkName" value=".NETFramework,Version=v4.7" />
      <setting name="ImageRequiresX86" value="False" />
      <setting name="ImageRequiresDefaultAppDomainAssemblyResolver" value="False" />
      <setting name="TargetRuntimeFramework" value="mono-4.0" />
      <setting name="NumberOfTestWorkers" value="24" />
    </settings>
    <properties>
      <property name="_PID" value="1706271" />
      <property name="_APPDOMAIN" value="domain-" />
    </properties>
    <reason>
      <message><![CDATA[One or more child tests were ignored]]></message>
    </reason>
    <test-suite type="SetUpFixture" id="1-1003" name="[default namespace]" fullname="SetUpTests" classname="SetUpTests" runstate="Runnable" testcasecount="992" result="Skipped" label="Ignored" site="Child" start-time="2024-02-25T18:58:04.9943550Z" end-time="2024-02-25T18:58:21.6170770Z" duration="16.622721" total="437" passed="335" failed="0" warnings="0" inconclusive="0" skipped="102" asserts="17286">
      <reason>
        <message><![CDATA[One or more child tests were ignored]]></message>
      </reason>
      <test-suite type="TestSuite" id="1-2037" name="PlayersWorlds" fullname="PlayersWorlds" runstate="Runnable" testcasecount="990" result="Skipped" label="Ignored" site="Child" start-time="2024-02-25T18:58:04.9971880Z" end-time="2024-02-25T18:58:21.6085440Z" duration="16.611356" total="435" passed="333" failed="0" warnings="0" inconclusive="0" skipped="102" asserts="14244">
        <reason>
          <message><![CDATA[One or more child tests were ignored]]></message>
        </reason>
        <test-suite type="TestSuite" id="1-2038" name="Maps" fullname="PlayersWorlds.Maps" runstate="Runnable" testcasecount="990" result="Skipped" label="Ignored" site="Child" start-time="2024-02-25T18:58:04.9972610Z" end-time="2024-02-25T18:58:21.6085390Z" duration="16.611279" total="435" passed="333" failed="0" warnings="0" inconclusive="0" skipped="102" asserts="14244">
          <reason>
            <message><![CDATA[One or more child tests were ignored]]></message>
          </reason>
          <test-suite type="TestSuite" id="1-2043" name="Areas" fullname="PlayersWorlds.Maps.Areas" runstate="Runnable" testcasecount="116" result="Passed" start-time="2024-02-25T18:58:04.9972700Z" end-time="2024-02-25T18:58:05.1697500Z" duration="0.172481" total="65" passed="65" failed="0" warnings="0" inconclusive="0" skipped="0" asserts="207">
            <test-suite type="TestSuite" id="1-2044" name="Evolving" fullname="PlayersWorlds.Maps.Areas.Evolving" runstate="Runnable" testcasecount="111" result="Passed" start-time="2024-02-25T18:58:04.9972750Z" end-time="2024-02-25T18:58:05.1630540Z" duration="0.165779" total="60" passed="60" failed="0" warnings="0" inconclusive="0" skipped="0" asserts="180">
              <test-suite type="TestFixture" id="1-1918" name="AreaDistributorTest" fullname="PlayersWorlds.Maps.Areas.Evolving.AreaDistributorTest" classname="PlayersWorlds.Maps.Areas.Evolving.AreaDistributorTest" runstate="Runnable" testcasecount="73" result="Passed" start-time="2024-02-25T18:58:04.9973200Z" end-time="2024-02-25T18:58:05.0477550Z" duration="0.050435" total="23" passed="23" failed="0" warnings="0" inconclusive="0" skipped="0" asserts="46">
                <test-case id="1-1919" name="AreaDistributorTest_OneTest" fullname="PlayersWorlds.Maps.Areas.Evolving.AreaDistributorTest.AreaDistributorTest_OneTest" methodname="AreaDistributorTest_OneTest" classname="PlayersWorlds.Maps.Areas.Evolving.AreaDistributorTest" runstate="Runnable" seed="1942738541" result="Passed" start-time="2024-02-25T18:58:04.9973870Z" end-time="2024-02-25T18:58:05.0307970Z" duration="0.033479" asserts="2" />
                <test-suite type="ParameterizedMethod" id="1-1932" name="AreaDistributorTest_OverlapTwo" fullname="PlayersWorlds.Maps.Areas.Evolving.AreaDistributorTest.AreaDistributorTest_OverlapTwo" classname="PlayersWorlds.Maps.Areas.Evolving.AreaDistributorTest" runstate="Runnable" testcasecount="10" result="Passed" start-time="2024-02-25T18:58:05.0321350Z" end-time="2024-02-25T18:58:05.0434470Z" duration="0.011312" total="10" passed="10" failed="0" warnings="0" inconclusive="0" skipped="0" asserts="20">
                  <test-case id="1-1922" name="AreaDistributorTest_OverlapTwo(&quot;11x11: P2x2;S4x4 P5x5;S4x4&quot;)" fullname="PlayersWorlds.Maps.Areas.Evolving.AreaDistributorTest.AreaDistributorTest_OverlapTwo(&quot;11x11: P2x2;S4x4 P5x5;S4x4&quot;)" methodname="AreaDistributorTest_OverlapTwo" classname="PlayersWorlds.Maps.Areas.Evolving.AreaDistributorTest" runstate="Runnable" seed="1119596931" result="Passed" start-time="2024-02-25T18:58:05.0322090Z" end-time="2024-02-25T18:58:05.0387100Z" duration="0.006501" asserts="2" />
                  <test-case id="1-1923" name="AreaDistributorTest_OverlapTwo(&quot;11x11: P5x2;S4x4 P2x5;S4x4&quot;)" fullname="PlayersWorlds.Maps.Areas.Evolving.AreaDistributorTest.AreaDistributorTest_OverlapTwo(&quot;11x11: P5x2;S4x4 P2x5;S4x4&quot;)" methodname="AreaDistributorTest_OverlapTwo" classname="PlayersWorlds.Maps.Areas.Evolving.AreaDistributorTest" runstate="Runnable" seed="1338551553" result="Passed" start-time="2024-02-25T18:58:05.0387190Z" end-time="2024-02-25T18:58:05.0390170Z" duration="0.000298" asserts="2" />
                  <test-case id="1-1924" name="AreaDistributorTest_OverlapTwo(&quot;11x11: P2x5;S4x4 P5x2;S4x4&quot;)" fullname="PlayersWorlds.Maps.Areas.Evolving.AreaDistributorTest.AreaDistributorTest_OverlapTwo(&quot;11x11: P2x5;S4x4 P5x2;S4x4&quot;)" methodname="AreaDistributorTest_OverlapTwo" classname="PlayersWorlds.Maps.Areas.Evolving.AreaDistributorTest" runstate="Runnable" seed="1320640271" result="Passed" start-time="2024-02-25T18:58:05.0390230Z" end-time="2024-02-25T18:58:05.0393180Z" duration="0.000295" asserts="2" />
                  <test-case id="1-1925" name="AreaDistributorTest_OverlapTwo(&quot;11x11: P5x5;S4x4 P2x2;S4x4&quot;)" fullname="PlayersWorlds.Maps.Areas.Evolving.AreaDistributorTest.AreaDistributorTest_OverlapTwo(&quot;11x11: P5x5;S4x4 P2x2;S4x4&quot;)" methodname="AreaDistributorTest_OverlapTwo" classname="PlayersWorlds.Maps.Areas.Evolving.AreaDistributorTest" runstate="Runnable" seed="175181149" result="Passed" start-time="2024-02-25T18:58:05.0393250Z" end-time="2024-02-25T18:58:05.0396080Z" duration="0.000283" asserts="2" />
                  <test-case id="1-1926" name="AreaDistributorTest_OverlapTwo(&quot;11x11: P4x4;S4x4 P3x3;S4x4&quot;)" fullname="PlayersWorlds.Maps.Areas.Evolving.AreaDistributorTest.AreaDistributorTest_OverlapTwo(&quot;11x11: P4x4;S4x4 P3x3;S4x4&quot;)" methodname="AreaDistributorTest_OverlapTwo" classname="PlayersWorlds.Maps.Areas.Evolving.AreaDistributorTest" runstate="Runnable" seed="1021083844" result="Passed" start-time="2024-02-25T18:58:05.0396140Z" end-time="2024-02-25T18:58:05.0410920Z" duration="0.001478" asserts="2" />
                  <test-case id="1-1927" name="AreaDistributorTest_OverlapTwo(&quot;11x11: P4x3;S4x4 P3x4;S4x4&quot;)" fullname="PlayersWorlds.Maps.Areas.Evolving.AreaDistributorTest.AreaDistributorTest_OverlapTwo(&quot;11x11: P4x3;S4x4 P3x4;S4x4&quot;)" methodname="AreaDistributorTest_OverlapTwo" classname="PlayersWorlds.Maps.Areas.Evolving.AreaDistributorTest" runstate="Runnable" seed="1732418864" result="Passed" start-time="2024-02-25T18:58:05.0411000Z" end-time="2024-02-25T18:58:05.0413690Z" duration="0.000269" asserts="2" />
                  <test-case id="1-1928" name="AreaDistributorTest_OverlapTwo(&quot;11x11: P3.5x3.5;S4x4 P3.5x3.5;S4x4&quot;)" fullname="PlayersWorlds.Maps.Areas.Evolving.AreaDistributorTest.AreaDistributorTest_OverlapTwo(&quot;11x11: P3.5x3.5;S4x4 P3.5x3.5;S4x4&quot;)" methodname="AreaDistributorTest_OverlapTwo" classname="PlayersWorlds.Maps.Areas.Evolving.AreaDistributorTest" runstate="Runnable" seed="1169769987" result="Passed" start-time="2024-02-25T18:58:05.0413750Z" end-time="2024-02-25T18:58:05.0416850Z" duration="0.000311" asserts="2" />
                  <test-case id="1-1929" name="AreaDistributorTest_OverlapTwo(&quot;16x16: P4x4;S8x8 P5x9;S2x2&quot;)" fullname="PlayersWorlds.Maps.Areas.Evolving.AreaDistributorTest.AreaDistributorTest_OverlapTwo(&quot;16x16: P4x4;S8x8 P5x9;S2x2&quot;)" methodname="AreaDistributorTest_OverlapTwo" classname="PlayersWorlds.Maps.Areas.Evolving.AreaDistributorTest" runstate="Runnable" seed="433262854" result="Passed" start-time="2024-02-25T18:58:05.0416930Z" end-time="2024-02-25T18:58:05.0419720Z" duration="0.000279" asserts="2" />
                  <test-case id="1-1930" name="AreaDistributorTest_OverlapTwo(&quot;16x16: P4x4;S8x8 P5x7;S4x4&quot;)" fullname="PlayersWorlds.Maps.Areas.Evolving.AreaDistributorTest.AreaDistributorTest_OverlapTwo(&quot;16x16: P4x4;S8x8 P5x7;S4x4&quot;)" methodname="AreaDistributorTest_OverlapTwo" classname="PlayersWorlds.Maps.Areas.Evolving.AreaDistributorTest" runstate="Runnable" seed="361288596" result="Passed" start-time="2024-02-25T18:58:05.0419780Z" end-time="2024-02-25T18:58:05.0422460Z" duration="0.000268" asserts="2" />
                  <test-case id="1-1931" name="AreaDistributorTest_OverlapTwo(&quot;16x16: P5x5;S6x6 P6x6;S4x4&quot;)" fullname="PlayersWorlds.Maps.Areas.Evolving.AreaDistributorTest.AreaDistributorTest_OverlapTwo(&quot;16x16: P5x5;S6x6 P6x6;S4x4&quot;)" methodname="AreaDistributorTest_OverlapTwo" classname="PlayersWorlds.Maps.Areas.Evolving.AreaDistributorTest" runstate="Runnable" seed="823524172" result="Passed" start-time="2024-02-25T18:58:05.0422520Z" end-time="2024-02-25T18:58:05.0425080Z" duration="0.000257" asserts="2" />
                </test-suite>
                <test-case id="1-1920" name="AreaDistributorTest_SidePressure" fullname="PlayersWorlds.Maps.Areas.Evolving.AreaDistributorTest.AreaDistributorTest_SidePressure" methodname="AreaDistributorTest_SidePressure" classname="PlayersWorlds.Maps.Areas.Evolving.AreaDistributorTest" runstate="Runnable" seed="1229106218" result="Passed" start-time="2024-02-25T18:58:05.0442410Z" end-time="2024-02-25T18:58:05.0450410Z" duration="0.000800" asserts="2" />
                <test-suite type="ParameterizedMethod" id="1-1943" name="AreaDistributorTest_SingleMapForce" fullname="PlayersWorlds.Maps.Areas.Evolving.AreaDistributorTest.AreaDistributorTest_SingleMapForce" classname="PlayersWorlds.Maps.Areas.Evolving.AreaDistributorTest" runstate="Runnable" testcasecount="10" result="Passed" start-time="2024-02-25T18:58:05.0450500Z" end-time="2024-02-25T18:58:05.0473490Z" duration="0.002300" total="10" passed="10" failed="0" warnings="0" inconclusive="0" skipped="0" asserts="20">
                  <test-case id="1-1933" name="AreaDistributorTest_SingleMapForce(&quot;6x12: P1x2;S2x2&quot;)" fullname="PlayersWorlds.Maps.Areas.Evolving.AreaDistributorTest.AreaDistributorTest_SingleMapForce(&quot;6x12: P1x2;S2x2&quot;)" methodname="AreaDistributorTest_SingleMapForce" classname="PlayersWorlds.Maps.Areas.Evolving.AreaDistributorTest" runstate="Runnable" seed="359493302" result="Passed" start-time="2024-02-25T18:58:05.0450640Z" end-time="2024-02-25T18:58:05.0454290Z" duration="0.000365" asserts="2" />
                  <test-case id="1-1934" name="AreaDistributorTest_SingleMapForce(&quot;6x12: P2x2;S2x2&quot;)" fullname="PlayersWorlds.Maps.Areas.Evolving.AreaDistributorTest.AreaDistributorTest_SingleMapForce(&quot;6x12: P2x2;S2x2&quot;)" methodname="AreaDistributorTest_SingleMapForce" classname="PlayersWorlds.Maps.Areas.Evolving.AreaDistributorTest" runstate="Runnable" seed="2070660045" result="Passed" start-time="2024-02-25T18:58:05.0454370Z" end-time="2024-02-25T18:58:05.0456330Z" duration="0.000196" asserts="2" />
                  <test-case id="1-1935" name="AreaDistributorTest_SingleMapForce(&quot;6x12: P3x2;S2x2&quot;)" fullname="PlayersWorlds.Maps.Areas.Evolving.AreaDistributorTest.AreaDistributorTest_SingleMapForce(&quot;6x12: P3x2;S2x2&quot;)" methodname="AreaDistributorTest_SingleMapForce" classname="PlayersWorlds.Maps.Areas.Evolving.AreaDistributorTest" runstate="Runnable" seed="1406084980" result="Passed" start-time="2024-02-25T18:58:05.0456390Z" end-time="2024-02-25T18:58:05.0458320Z" duration="0.000193" asserts="2" />
                  <test-case id="1-1936" name="AreaDistributorTest_SingleMapForce(&quot;6x12: P1x5;S2x2&quot;)" fullname="PlayersWorlds.Maps.Areas.Evolving.AreaDistributorTest.AreaDistributorTest_SingleMapForce(&quot;6x12: P1x5;S2x2&quot;)" methodname="AreaDistributorTest_SingleMapForce" classname="PlayersWorlds.Maps.Areas.Evolving.AreaDistributorTest" runstate="Runnable" seed="400216965" result="Passed" start-time="2024-02-25T18:58:05.0458370Z" end-time="2024-02-25T18:58:05.0460410Z" duration="0.000204" asserts="2" />
                  <test-case id="1-1937" name="AreaDistributorTest_SingleMapForce(&quot;6x12: P2x5;S2x2&quot;)" fullname="PlayersWorlds.Maps.Areas.Evolving.AreaDistributorTest.AreaDistributorTest_SingleMapForce(&quot;6x12: P2x5;S2x2&quot;)" methodname="AreaDistributorTest_SingleMapForce" classname="PlayersWorlds.Maps.Areas.Evolving.AreaDistributorTest" runstate="Runnable" seed="2146746925" result="Passed" start-time="2024-02-25T18:58:05.0460470Z" end-time="2024-02-25T18:58:05.0462320Z" duration="0.000185" asserts="2" />
                  <test-case id="1-1938" name="AreaDistributorTest_SingleMapForce(&quot;6x12: P3x5;S2x2&quot;)" fullname="PlayersWorlds.Maps.Areas.Evolving.AreaDistributorTest.AreaDistributorTest_SingleMapForce(&quot;6x12: P3x5;S2x2&quot;)" methodname="AreaDistributorTest_SingleMapForce" classname="PlayersWorlds.Maps.Areas.Evolving.AreaDistributorTest" runstate="Runnable" seed="116968999" result="Passed" start-time="2024-02-25T18:58:05.0462380Z" end-time="2024-02-25T18:58:05.0464340Z" duration="0.000196" asserts="2" />
                  <test-case id="1-1939" name="AreaDistributorTest_SingleMapForce(&quot;6x12: P1x8;S2x2&quot;)" fullname="PlayersWorlds.Maps.Areas.Evolving.AreaDistributorTest.AreaDistributorTest_SingleMapForce(&quot;6x12: P1x8;S2x2&quot;)" methodname="AreaDistributorTest_SingleMapForce" classname="PlayersWorlds.Maps.Areas.Evolving.AreaDistributorTest" runstate="Runnable" seed="137396744" result="Passed" start-time="2024-02-25T18:58:05.0464390Z" end-time="2024-02-25T18:58:05.0466350Z" duration="0.000196" asserts="2" />
                  <test-case id="1-1940" name="AreaDistributorTest_SingleMapForce(&quot;6x12: P2x8;S2x2&quot;)" fullname="PlayersWorlds.Maps.Areas.Evolving.AreaDistributorTest.AreaDistributorTest_SingleMapForce(&quot;6x12: P2x8;S2x2&quot;)" methodname="AreaDistributorTest_SingleMapForce" classname="PlayersWorlds.Maps.Areas.Evolving.AreaDistributorTest" runstate="Runnable" seed="1234444151" result="Passed" start-time="2024-02-25T18:58:05.0466410Z" end-time="2024-02-25T18:58:05.0468330Z" duration="0.000192" asserts="2" />
                  <test-case id="1-1941" name="AreaDistributorTest_SingleMapForce(&quot;6x12: P3x8;S2x2&quot;)" fullname="PlayersWorlds.Maps.Areas.Evolving.AreaDistributorTest.AreaDistributorTest_SingleMapForce(&quot;6x12: P3x8;S2x2&quot;)" methodname="AreaDistributorTest_SingleMapForce" classname="PlayersWorlds.Maps.Areas.Evolving.AreaDistributorTest" runstate="Runnable" seed="1297205162" result="Passed" start-time="2024-02-25T18:58:05.0468390Z" end-time="2024-02-25T18:58:05.0470240Z" duration="0.000186" asserts="2" />
                  <test-case id="1-1942" name="AreaDistributorTest_SingleMapForce(&quot;6x12: P-1x-4;S2x2&quot;)" fullname="PlayersWorlds.Maps.Areas.Evolving.AreaDistributorTest.AreaDistributorTest_SingleMapForce(&quot;6x12: P-1x-4;S2x2&quot;)" methodname="AreaDistributorTest_SingleMapForce" classname="PlayersWorlds.Maps.Areas.Evolving.AreaDistributorTest" runstate="Runnable" seed="1248264117" result="Passed" start-time="2024-02-25T18:58:05.0470290Z" end-time="2024-02-25T18:58:05.0473400Z" duration="0.000311" asserts="2" />
                </test-suite>
                <test-case id="1-1921" name="AreaDistributorTest_TwoTest" fullname="PlayersWorlds.Maps.Areas.Evolving.AreaDistributorTest.AreaDistributorTest_TwoTest" methodname="AreaDistributorTest_TwoTest" classname="PlayersWorlds.Maps.Areas.Evolving.AreaDistributorTest" runstate="Runnable" seed="1200561016" result="Passed" start-time="2024-02-25T18:58:05.0473560Z" end-time="2024-02-25T18:58:05.0477240Z" duration="0.000368" asserts="2" />
              </test-suite>
              <test-suite type="TestFixture" id="1-1995" name="EvolvingSimulatorTest" fullname="PlayersWorlds.Maps.Areas.Evolving.EvolvingSimulatorTest" classname="PlayersWorlds.Maps.Areas.Evolving.EvolvingSimulatorTest" runstate="Runnable" testcasecount="2" result="Passed" start-time="2024-02-25T18:58:05.0481740Z" end-time="2024-02-25T18:58:05.1514110Z" duration="0.103237" total="2" passed="2" failed="0" warnings="0" inconclusive="0" skipped="0" asserts="2">
                <test-case id="1-1997" name="EvolvingSimulator_ReturnsEpochsIfEvolitionIsNotComplete" fullname="PlayersWorlds.Maps.Areas.Evolving.EvolvingSimulatorTest.EvolvingSimulator_ReturnsEpochsIfEvolitionIsNotComplete" methodname="EvolvingSimulator_ReturnsEpochsIfEvolitionIsNotComplete" classname="PlayersWorlds.Maps.Areas.Evolving.EvolvingSimulatorTest" runstate="Runnable" seed="1745038654" result="Passed" start-time="2024-02-25T18:58:05.0482230Z" end-time="2024-02-25T18:58:05.1490660Z" duration="0.100843" asserts="1" />
                <test-case id="1-1996" name="EvolvingSimulator_ThrowsIfMaxEpochsIsZero" fullname="PlayersWorlds.Maps.Areas.Evolving.EvolvingSimulatorTest.EvolvingSimulator_ThrowsIfMaxEpochsIsZero" methodname="EvolvingSimulator_ThrowsIfMaxEpochsIsZero" classname="PlayersWorlds.Maps.Areas.Evolving.EvolvingSimulatorTest" runstate="Runnable" seed="1387530512" result="Passed" start-time="2024-02-25T18:58:05.1490800Z" end-time="2024-02-25T18:58:05.1513940Z" duration="0.002314" asserts="1" />
              </test-suite>
              <test-suite type="TestFixture" id="1-1998" name="FloatingAreaTest" fullname="PlayersWorlds.Maps.Areas.Evolving.FloatingAreaTest" classname="PlayersWorlds.Maps.Areas.Evolving.FloatingAreaTest" runstate="Runnable" testcasecount="5" result="Passed" start-time="2024-02-25T18:58:05.1514260Z" end-time="2024-02-25T18:58:05.1567210Z" duration="0.005296" total="5" passed="5" failed="0" warnings="0" inconclusive="0" skipped="0" asserts="11">
                <test-case id="1-2003" name="CenterIsValid" fullname="PlayersWorlds.Maps.Areas.Evolving.FloatingAreaTest.CenterIsValid" methodname="CenterIsValid" classname="PlayersWorlds.Maps.Areas.Evolving.FloatingAreaTest" runstate="Runnable" seed="1746684548" result="Passed" start-time="2024-02-25T18:58:05.1514760Z" end-time="2024-02-25T18:58:05.1540030Z" duration="0.002527" asserts="4" />
                <test-case id="1-2002" name="Contains" fullname="PlayersWorlds.Maps.Areas.Evolving.FloatingAreaTest.Contains" methodname="Contains" classname="PlayersWorlds.Maps.Areas.Evolving.FloatingAreaTest" runstate="Runnable" seed="736681745" result="Passed" start-time="2024-02-25T18:58:05.1540150Z" end-time="2024-02-25T18:58:05.1544500Z" duration="0.000436" asserts="2" />
                <test-case id="1-2001" name="Overlaps" fullname="PlayersWorlds.Maps.Areas.Evolving.FloatingAreaTest.Overlaps" methodname="Overlaps" classname="PlayersWorlds.Maps.Areas.Evolving.FloatingAreaTest" runstate="Runnable" seed="550379748" result="Passed" start-time="2024-02-25T18:58:05.1544580Z" end-time="2024-02-25T18:58:05.1546750Z" duration="0.000217" asserts="2" />
                <test-case id="1-1999" name="Parse" fullname="PlayersWorlds.Maps.Areas.Evolving.FloatingAreaTest.Parse" methodname="Parse" classname="PlayersWorlds.Maps.Areas.Evolving.FloatingAreaTest" runstate="Runnable" seed="2123829368" result="Passed" start-time="2024-02-25T18:58:05.1546820Z" end-time="2024-02-25T18:58:05.1554050Z" duration="0.000722" asserts="2" />
                <test-case id="1-2000" name="ToStringIsValid" fullname="PlayersWorlds.Maps.Areas.Evolving.FloatingAreaTest.ToStringIsValid" methodname="ToStringIsValid" classname="PlayersWorlds.Maps.Areas.Evolving.FloatingAreaTest" runstate="Runnable" seed="975489659" result="Passed" start-time="2024-02-25T18:58:05.1554130Z" end-time="2024-02-25T18:58:05.1567060Z" duration="0.001293" asserts="1" />
              </test-suite>
              <test-suite type="TestFixture" id="1-2004" name="ForceFormulaTestTest" fullname="PlayersWorlds.Maps.Areas.Evolving.ForceFormulaTestTest" classname="PlayersWorlds.Maps.Areas.Evolving.ForceFormulaTestTest" runstate="Runnable" testcasecount="8" result="Passed" start-time="2024-02-25T18:58:05.1567340Z" end-time="2024-02-25T18:58:05.1594100Z" duration="0.002676" total="8" passed="8" failed="0" warnings="0" inconclusive="0" skipped="0" asserts="42">
                <test-case id="1-2010" name="CollideForce_Negative" fullname="PlayersWorlds.Maps.Areas.Evolving.ForceFormulaTestTest.CollideForce_Negative" methodname="CollideForce_Negative" classname="PlayersWorlds.Maps.Areas.Evolving.ForceFormulaTestTest" runstate="Runnable" seed="971831966" result="Passed" start-time="2024-02-25T18:58:05.1567810Z" end-time="2024-02-25T18:58:05.1577140Z" duration="0.000933" asserts="9" />
                <test-case id="1-2009" name="CollideForce_Positive" fullname="PlayersWorlds.Maps.Areas.Evolving.ForceFormulaTestTest.CollideForce_Positive" methodname="CollideForce_Positive" classname="PlayersWorlds.Maps.Areas.Evolving.ForceFormulaTestTest" runstate="Runnable" seed="2049141866" result="Passed" start-time="2024-02-25T18:58:05.1577260Z" end-time="2024-02-25T18:58:05.1580500Z" duration="0.000324" asserts="9" />
                <test-case id="1-2006" name="NormalForce_Negative" fullname="PlayersWorlds.Maps.Areas.Evolving.ForceFormulaTestTest.NormalForce_Negative" methodname="NormalForce_Negative" classname="PlayersWorlds.Maps.Areas.Evolving.ForceFormulaTestTest" runstate="Runnable" seed="1537950851" result="Passed" start-time="2024-02-25T18:58:05.1580570Z" end-time="2024-02-25T18:58:05.1584340Z" duration="0.000378" asserts="3" />
                <test-case id="1-2008" name="NormalForce_NegativeCapped" fullname="PlayersWorlds.Maps.Areas.Evolving.ForceFormulaTestTest.NormalForce_NegativeCapped" methodname="NormalForce_NegativeCapped" classname="PlayersWorlds.Maps.Areas.Evolving.ForceFormulaTestTest" runstate="Runnable" seed="1657519456" result="Passed" start-time="2024-02-25T18:58:05.1584420Z" end-time="2024-02-25T18:58:05.1586050Z" duration="0.000164" asserts="5" />
                <test-case id="1-2005" name="NormalForce_Positive" fullname="PlayersWorlds.Maps.Areas.Evolving.ForceFormulaTestTest.NormalForce_Positive" methodname="NormalForce_Positive" classname="PlayersWorlds.Maps.Areas.Evolving.ForceFormulaTestTest" runstate="Runnable" seed="807834427" result="Passed" start-time="2024-02-25T18:58:05.1586130Z" end-time="2024-02-25T18:58:05.1587250Z" duration="0.000112" asserts="3" />
                <test-case id="1-2007" name="NormalForce_PositiveCapped" fullname="PlayersWorlds.Maps.Areas.Evolving.ForceFormulaTestTest.NormalForce_PositiveCapped" methodname="NormalForce_PositiveCapped" classname="PlayersWorlds.Maps.Areas.Evolving.ForceFormulaTestTest" runstate="Runnable" seed="1849561669" result="Passed" start-time="2024-02-25T18:58:05.1587310Z" end-time="2024-02-25T18:58:05.1588740Z" duration="0.000143" asserts="5" />
                <test-case id="1-2012" name="OverlapForce_Negative" fullname="PlayersWorlds.Maps.Areas.Evolving.ForceFormulaTestTest.OverlapForce_Negative" methodname="OverlapForce_Negative" classname="PlayersWorlds.Maps.Areas.Evolving.ForceFormulaTestTest" runstate="Runnable" seed="153719925" result="Passed" start-time="2024-02-25T18:58:05.1588800Z" end-time="2024-02-25T18:58:05.1591380Z" duration="0.000258" asserts="4" />
                <test-case id="1-2011" name="OverlapForce_Positive" fullname="PlayersWorlds.Maps.Areas.Evolving.ForceFormulaTestTest.OverlapForce_Positive" methodname="OverlapForce_Positive" classname="PlayersWorlds.Maps.Areas.Evolving.ForceFormulaTestTest" runstate="Runnable" seed="38672220" result="Passed" start-time="2024-02-25T18:58:05.1591450Z" end-time="2024-02-25T18:58:05.1593990Z" duration="0.000253" asserts="4" />
              </test-suite>
              <test-suite type="TestFixture" id="1-2013" name="SideToSideForceProducerTest" fullname="PlayersWorlds.Maps.Areas.Evolving.SideToSideForceProducerTest" classname="PlayersWorlds.Maps.Areas.Evolving.SideToSideForceProducerTest" runstate="Runnable" testcasecount="22" result="Passed" start-time="2024-02-25T18:58:05.1594210Z" end-time="2024-02-25T18:58:05.1630480Z" duration="0.003627" total="22" passed="22" failed="0" warnings="0" inconclusive="0" skipped="0" asserts="79">
                <test-case id="1-2031" name="GetAxisDistance_Collide" fullname="PlayersWorlds.Maps.Areas.Evolving.SideToSideForceProducerTest.GetAxisDistance_Collide" methodname="GetAxisDistance_Collide" classname="PlayersWorlds.Maps.Areas.Evolving.SideToSideForceProducerTest" runstate="Runnable" seed="1150198674" result="Passed" start-time="2024-02-25T18:58:05.1594710Z" end-time="2024-02-25T18:58:05.1601060Z" duration="0.000635" asserts="6" />
                <test-case id="1-2034" name="GetAxisDistance_Contain1" fullname="PlayersWorlds.Maps.Areas.Evolving.SideToSideForceProducerTest.GetAxisDistance_Contain1" methodname="GetAxisDistance_Contain1" classname="PlayersWorlds.Maps.Areas.Evolving.SideToSideForceProducerTest" runstate="Runnable" seed="1614231634" result="Passed" start-time="2024-02-25T18:58:05.1601150Z" end-time="2024-02-25T18:58:05.1603590Z" duration="0.000245" asserts="6" />
                <test-case id="1-2035" name="GetAxisDistance_Contain2" fullname="PlayersWorlds.Maps.Areas.Evolving.SideToSideForceProducerTest.GetAxisDistance_Contain2" methodname="GetAxisDistance_Contain2" classname="PlayersWorlds.Maps.Areas.Evolving.SideToSideForceProducerTest" runstate="Runnable" seed="1003893801" result="Passed" start-time="2024-02-25T18:58:05.1603670Z" end-time="2024-02-25T18:58:05.1605950Z" duration="0.000229" asserts="6" />
                <test-case id="1-2029" name="GetAxisDistance_Normal1" fullname="PlayersWorlds.Maps.Areas.Evolving.SideToSideForceProducerTest.GetAxisDistance_Normal1" methodname="GetAxisDistance_Normal1" classname="PlayersWorlds.Maps.Areas.Evolving.SideToSideForceProducerTest" runstate="Runnable" seed="364094519" result="Passed" start-time="2024-02-25T18:58:05.1606020Z" end-time="2024-02-25T18:58:05.1608200Z" duration="0.000218" asserts="6" />
                <test-case id="1-2030" name="GetAxisDistance_Normal2" fullname="PlayersWorlds.Maps.Areas.Evolving.SideToSideForceProducerTest.GetAxisDistance_Normal2" methodname="GetAxisDistance_Normal2" classname="PlayersWorlds.Maps.Areas.Evolving.SideToSideForceProducerTest" runstate="Runnable" seed="1912079588" result="Passed" start-time="2024-02-25T18:58:05.1608270Z" end-time="2024-02-25T18:58:05.1610450Z" duration="0.000219" asserts="6" />
                <test-case id="1-2032" name="GetAxisDistance_Overlap1" fullname="PlayersWorlds.Maps.Areas.Evolving.SideToSideForceProducerTest.GetAxisDistance_Overlap1" methodname="GetAxisDistance_Overlap1" classname="PlayersWorlds.Maps.Areas.Evolving.SideToSideForceProducerTest" runstate="Runnable" seed="1718882420" result="Passed" start-time="2024-02-25T18:58:05.1610530Z" end-time="2024-02-25T18:58:05.1612650Z" duration="0.000212" asserts="6" />
                <test-case id="1-2033" name="GetAxisDistance_Overlap2" fullname="PlayersWorlds.Maps.Areas.Evolving.SideToSideForceProducerTest.GetAxisDistance_Overlap2" methodname="GetAxisDistance_Overlap2" classname="PlayersWorlds.Maps.Areas.Evolving.SideToSideForceProducerTest" runstate="Runnable" seed="1329556669" result="Passed" start-time="2024-02-25T18:58:05.1612710Z" end-time="2024-02-25T18:58:05.1614880Z" duration="0.000216" asserts="6" />
                <test-case id="1-2023" name="GetOpposingForce_CentersInside_NoOpposingForce" fullname="PlayersWorlds.Maps.Areas.Evolving.SideToSideForceProducerTest.GetOpposingForce_CentersInside_NoOpposingForce" methodname="GetOpposingForce_CentersInside_NoOpposingForce" classname="PlayersWorlds.Maps.Areas.Evolving.SideToSideForceProducerTest" runstate="Runnable" seed="1024073778" result="Passed" start-time="2024-02-25T18:58:05.1614940Z" end-time="2024-02-25T18:58:05.1616150Z" duration="0.000121" asserts="2" />
                <test-case id="1-2024" name="GetOpposingForce_CentersInside_WithOpposingForce" fullname="PlayersWorlds.Maps.Areas.Evolving.SideToSideForceProducerTest.GetOpposingForce_CentersInside_WithOpposingForce" methodname="GetOpposingForce_CentersInside_WithOpposingForce" classname="PlayersWorlds.Maps.Areas.Evolving.SideToSideForceProducerTest" runstate="Runnable" seed="1776700054" result="Passed" start-time="2024-02-25T18:58:05.1616220Z" end-time="2024-02-25T18:58:05.1617100Z" duration="0.000088" asserts="2" />
                <test-case id="1-2025" name="GetOpposingForce_CentersOutside_NoOpposingForce" fullname="PlayersWorlds.Maps.Areas.Evolving.SideToSideForceProducerTest.GetOpposingForce_CentersOutside_NoOpposingForce" methodname="GetOpposingForce_CentersOutside_NoOpposingForce" classname="PlayersWorlds.Maps.Areas.Evolving.SideToSideForceProducerTest" runstate="Runnable" seed="1124984224" result="Passed" start-time="2024-02-25T18:58:05.1617160Z" end-time="2024-02-25T18:58:05.1617920Z" duration="0.000076" asserts="2" />
                <test-case id="1-2026" name="GetOpposingForce_CentersOutside_WithOpposingForce" fullname="PlayersWorlds.Maps.Areas.Evolving.SideToSideForceProducerTest.GetOpposingForce_CentersOutside_WithOpposingForce" methodname="GetOpposingForce_CentersOutside_WithOpposingForce" classname="PlayersWorlds.Maps.Areas.Evolving.SideToSideForceProducerTest" runstate="Runnable" seed="531676479" result="Passed" start-time="2024-02-25T18:58:05.1617990Z" end-time="2024-02-25T18:58:05.1618700Z" duration="0.000072" asserts="2" />
                <test-case id="1-2027" name="GetOpposingForce_NoIntersection_NoOpposingForce" fullname="PlayersWorlds.Maps.Areas.Evolving.SideToSideForceProducerTest.GetOpposingForce_NoIntersection_NoOpposingForce" methodname="GetOpposingForce_NoIntersection_NoOpposingForce" classname="PlayersWorlds.Maps.Areas.Evolving.SideToSideForceProducerTest" runstate="Runnable" seed="1960480219" result="Passed" start-time="2024-02-25T18:58:05.1618760Z" end-time="2024-02-25T18:58:05.1619470Z" duration="0.000071" asserts="2" />
                <test-case id="1-2028" name="GetOpposingForce_NoIntersection_WithOpposingForce" fullname="PlayersWorlds.Maps.Areas.Evolving.SideToSideForceProducerTest.GetOpposingForce_NoIntersection_WithOpposingForce" methodname="GetOpposingForce_NoIntersection_WithOpposingForce" classname="PlayersWorlds.Maps.Areas.Evolving.SideToSideForceProducerTest" runstate="Runnable" seed="672595786" result="Passed" start-time="2024-02-25T18:58:05.1619540Z" end-time="2024-02-25T18:58:05.1620240Z" duration="0.000071" asserts="2" />
                <test-case id="1-2021" name="GetOpposingForce_WhenCenterMatches_NoOpposingForce" fullname="PlayersWorlds.Maps.Areas.Evolving.SideToSideForceProducerTest.GetOpposingForce_WhenCenterMatches_NoOpposingForce" methodname="GetOpposingForce_WhenCenterMatches_NoOpposingForce" classname="PlayersWorlds.Maps.Areas.Evolving.SideToSideForceProducerTest" runstate="Runnable" seed="361845109" result="Passed" start-time="2024-02-25T18:58:05.1620310Z" end-time="2024-02-25T18:58:05.1621020Z" duration="0.000071" asserts="2" />
                <test-case id="1-2022" name="GetOpposingForce_WhenCenterMatches_WithOpposingForce" fullname="PlayersWorlds.Maps.Areas.Evolving.SideToSideForceProducerTest.GetOpposingForce_WhenCenterMatches_WithOpposingForce" methodname="GetOpposingForce_WhenCenterMatches_WithOpposingForce" classname="PlayersWorlds.Maps.Areas.Evolving.SideToSideForceProducerTest" runstate="Runnable" seed="703972277" result="Passed" start-time="2024-02-25T18:58:05.1621070Z" end-time="2024-02-25T18:58:05.1621800Z" duration="0.000073" asserts="2" />
                <test-case id="1-2017" name="MapAreaSystemTest_DistanceCentersMatch" fullname="PlayersWorlds.Maps.Areas.Evolving.SideToSideForceProducerTest.MapAreaSystemTest_DistanceCentersMatch" methodname="MapAreaSystemTest_DistanceCentersMatch" classname="PlayersWorlds.Maps.Areas.Evolving.SideToSideForceProducerTest" runstate="Runnable" seed="1483314763" result="Passed" start-time="2024-02-25T18:58:05.1621860Z" end-time="2024-02-25T18:58:05.1622930Z" duration="0.000107" asserts="3" />
                <test-case id="1-2020" name="MapAreaSystemTest_DistanceNegativeCollide" fullname="PlayersWorlds.Maps.Areas.Evolving.SideToSideForceProducerTest.MapAreaSystemTest_DistanceNegativeCollide" methodname="MapAreaSystemTest_DistanceNegativeCollide" classname="PlayersWorlds.Maps.Areas.Evolving.SideToSideForceProducerTest" runstate="Runnable" seed="387559291" result="Passed" start-time="2024-02-25T18:58:05.1622990Z" end-time="2024-02-25T18:58:05.1623970Z" duration="0.000098" asserts="3" />
                <test-case id="1-2018" name="MapAreaSystemTest_DistanceNegativeNormal" fullname="PlayersWorlds.Maps.Areas.Evolving.SideToSideForceProducerTest.MapAreaSystemTest_DistanceNegativeNormal" methodname="MapAreaSystemTest_DistanceNegativeNormal" classname="PlayersWorlds.Maps.Areas.Evolving.SideToSideForceProducerTest" runstate="Runnable" seed="257779767" result="Passed" start-time="2024-02-25T18:58:05.1624040Z" end-time="2024-02-25T18:58:05.1624980Z" duration="0.000094" asserts="3" />
                <test-case id="1-2019" name="MapAreaSystemTest_DistanceNegativeOverlap" fullname="PlayersWorlds.Maps.Areas.Evolving.SideToSideForceProducerTest.MapAreaSystemTest_DistanceNegativeOverlap" methodname="MapAreaSystemTest_DistanceNegativeOverlap" classname="PlayersWorlds.Maps.Areas.Evolving.SideToSideForceProducerTest" runstate="Runnable" seed="1209446073" result="Passed" start-time="2024-02-25T18:58:05.1626260Z" end-time="2024-02-25T18:58:05.1627350Z" duration="0.000109" asserts="3" />
                <test-case id="1-2016" name="MapAreaSystemTest_DistancePositiveCollide" fullname="PlayersWorlds.Maps.Areas.Evolving.SideToSideForceProducerTest.MapAreaSystemTest_DistancePositiveCollide" methodname="MapAreaSystemTest_DistancePositiveCollide" classname="PlayersWorlds.Maps.Areas.Evolving.SideToSideForceProducerTest" runstate="Runnable" seed="1037873304" result="Passed" start-time="2024-02-25T18:58:05.1627420Z" end-time="2024-02-25T18:58:05.1628400Z" duration="0.000098" asserts="3" />
                <test-case id="1-2014" name="MapAreaSystemTest_DistancePositiveNormal" fullname="PlayersWorlds.Maps.Areas.Evolving.SideToSideForceProducerTest.MapAreaSystemTest_DistancePositiveNormal" methodname="MapAreaSystemTest_DistancePositiveNormal" classname="PlayersWorlds.Maps.Areas.Evolving.SideToSideForceProducerTest" runstate="Runnable" seed="1390778198" result="Passed" start-time="2024-02-25T18:58:05.1628460Z" end-time="2024-02-25T18:58:05.1629410Z" duration="0.000095" asserts="3" />
                <test-case id="1-2015" name="MapAreaSystemTest_DistancePositiveOverlap" fullname="PlayersWorlds.Maps.Areas.Evolving.SideToSideForceProducerTest.MapAreaSystemTest_DistancePositiveOverlap" methodname="MapAreaSystemTest_DistancePositiveOverlap" classname="PlayersWorlds.Maps.Areas.Evolving.SideToSideForceProducerTest" runstate="Runnable" seed="294632829" result="Passed" start-time="2024-02-25T18:58:05.1629470Z" end-time="2024-02-25T18:58:05.1630370Z" duration="0.000090" asserts="3" />
              </test-suite>
            </test-suite>
            <test-suite type="TestFixture" id="1-1910" name="MapAreaTest" fullname="PlayersWorlds.Maps.Areas.MapAreaTest" classname="PlayersWorlds.Maps.Areas.MapAreaTest" runstate="Runnable" testcasecount="5" result="Passed" start-time="2024-02-25T18:58:05.1630670Z" end-time="2024-02-25T18:58:05.1697440Z" duration="0.006677" total="5" passed="5" failed="0" warnings="0" inconclusive="0" skipped="0" asserts="27">
              <test-case id="1-1913" name="Overlaps_ReturnsFalseIfDoesNotOverlap" fullname="PlayersWorlds.Maps.Areas.MapAreaTest.Overlaps_ReturnsFalseIfDoesNotOverlap" methodname="Overlaps_ReturnsFalseIfDoesNotOverlap" classname="PlayersWorlds.Maps.Areas.MapAreaTest" runstate="Runnable" seed="904886044" result="Passed" start-time="2024-02-25T18:58:05.1631130Z" end-time="2024-02-25T18:58:05.1663620Z" duration="0.003249" asserts="15" />
              <test-case id="1-1912" name="Overlaps_ReturnsTrueIfOverlaps" fullname="PlayersWorlds.Maps.Areas.MapAreaTest.Overlaps_ReturnsTrueIfOverlaps" methodname="Overlaps_ReturnsTrueIfOverlaps" classname="PlayersWorlds.Maps.Areas.MapAreaTest" runstate="Runnable" seed="269486296" result="Passed" start-time="2024-02-25T18:58:05.1663710Z" end-time="2024-02-25T18:58:05.1665860Z" duration="0.000215" asserts="7" />
              <test-case id="1-1911" name="Overlaps_ThrowsIfSame" fullname="PlayersWorlds.Maps.Areas.MapAreaTest.Overlaps_ThrowsIfSame" methodname="Overlaps_ThrowsIfSame" classname="PlayersWorlds.Maps.Areas.MapAreaTest" runstate="Runnable" seed="1151201467" result="Passed" start-time="2024-02-25T18:58:05.1665930Z" end-time="2024-02-25T18:58:05.1680990Z" duration="0.001506" asserts="2" />
              <test-case id="1-1914" name="Position_ThrowsIfNotInitialized" fullname="PlayersWorlds.Maps.Areas.MapAreaTest.Position_ThrowsIfNotInitialized" methodname="Position_ThrowsIfNotInitialized" classname="PlayersWorlds.Maps.Areas.MapAreaTest" runstate="Runnable" seed="845010520" result="Passed" start-time="2024-02-25T18:58:05.1681090Z" end-time="2024-02-25T18:58:05.1693100Z" duration="0.001202" asserts="2" />
              <test-case id="1-1915" name="ThrowsIfWrongParameters" fullname="PlayersWorlds.Maps.Areas.MapAreaTest.ThrowsIfWrongParameters" methodname="ThrowsIfWrongParameters" classname="PlayersWorlds.Maps.Areas.MapAreaTest" runstate="Runnable" seed="1839877575" result="Passed" start-time="2024-02-25T18:58:05.1693180Z" end-time="2024-02-25T18:58:05.1697320Z" duration="0.000414" asserts="1" />
            </test-suite>
          </test-suite>
          <test-suite type="TestFixture" id="1-1004" name="AssemblyInfoTest" fullname="PlayersWorlds.Maps.AssemblyInfoTest" classname="PlayersWorlds.Maps.AssemblyInfoTest" runstate="Runnable" testcasecount="2" result="Passed" start-time="2024-02-25T18:58:05.1697630Z" end-time="2024-02-25T18:58:05.1704910Z" duration="0.000729" total="2" passed="2" failed="0" warnings="0" inconclusive="0" skipped="0" asserts="4">
            <test-case id="1-1006" name="TestAssemblyCompany" fullname="PlayersWorlds.Maps.AssemblyInfoTest.TestAssemblyCompany" methodname="TestAssemblyCompany" classname="PlayersWorlds.Maps.AssemblyInfoTest" runstate="Runnable" seed="140689165" result="Passed" start-time="2024-02-25T18:58:05.1698090Z" end-time="2024-02-25T18:58:05.1702250Z" duration="0.000416" asserts="2" />
            <test-case id="1-1005" name="TestAssemblyTitle" fullname="PlayersWorlds.Maps.AssemblyInfoTest.TestAssemblyTitle" methodname="TestAssemblyTitle" classname="PlayersWorlds.Maps.AssemblyInfoTest" runstate="Runnable" seed="396036212" result="Passed" start-time="2024-02-25T18:58:05.1702330Z" end-time="2024-02-25T18:58:05.1704810Z" duration="0.000248" asserts="2" />
          </test-suite>
          <test-suite type="TestFixture" id="1-1007" name="CellTest" fullname="PlayersWorlds.Maps.CellTest" classname="PlayersWorlds.Maps.CellTest" runstate="Runnable" testcasecount="1" result="Passed" start-time="2024-02-25T18:58:05.1705040Z" end-time="2024-02-25T18:58:05.1709210Z" duration="0.000417" total="1" passed="1" failed="0" warnings="0" inconclusive="0" skipped="0" asserts="3">
            <test-case id="1-1008" name="CellTagEqualityTest" fullname="PlayersWorlds.Maps.CellTest.CellTagEqualityTest" methodname="CellTagEqualityTest" classname="PlayersWorlds.Maps.CellTest" runstate="Runnable" seed="158959675" result="Passed" start-time="2024-02-25T18:58:05.1705470Z" end-time="2024-02-25T18:58:05.1709100Z" duration="0.000363" asserts="3" />
          </test-suite>
          <test-suite type="TestFixture" id="1-1009" name="ExtensionsTest" fullname="PlayersWorlds.Maps.ExtensionsTest" classname="PlayersWorlds.Maps.ExtensionsTest" runstate="Runnable" testcasecount="7" result="Passed" start-time="2024-02-25T18:58:05.1709330Z" end-time="2024-02-25T18:58:05.1781410Z" duration="0.007208" total="7" passed="7" failed="0" warnings="0" inconclusive="0" skipped="0" asserts="13">
            <test-case id="1-1012" name="DebugString" fullname="PlayersWorlds.Maps.ExtensionsTest.DebugString" methodname="DebugString" classname="PlayersWorlds.Maps.ExtensionsTest" runstate="Runnable" seed="1112988865" result="Passed" start-time="2024-02-25T18:58:05.1709760Z" end-time="2024-02-25T18:58:05.1726270Z" duration="0.001650" asserts="2" />
            <test-case id="1-1015" name="GetAllDictionaryItems" fullname="PlayersWorlds.Maps.ExtensionsTest.GetAllDictionaryItems" methodname="GetAllDictionaryItems" classname="PlayersWorlds.Maps.ExtensionsTest" runstate="Runnable" seed="1383467877" result="Passed" start-time="2024-02-25T18:58:05.1726350Z" end-time="2024-02-25T18:58:05.1744560Z" duration="0.001821" asserts="1" />
            <test-case id="1-1016" name="GetAllHashSetKeys" fullname="PlayersWorlds.Maps.ExtensionsTest.GetAllHashSetKeys" methodname="GetAllHashSetKeys" classname="PlayersWorlds.Maps.ExtensionsTest" runstate="Runnable" seed="1006386867" result="Passed" start-time="2024-02-25T18:58:05.1744650Z" end-time="2024-02-25T18:58:05.1753820Z" duration="0.000917" asserts="1" />
            <test-case id="1-1013" name="Set" fullname="PlayersWorlds.Maps.ExtensionsTest.Set" methodname="Set" classname="PlayersWorlds.Maps.ExtensionsTest" runstate="Runnable" seed="1357670675" result="Passed" start-time="2024-02-25T18:58:05.1753900Z" end-time="2024-02-25T18:58:05.1762540Z" duration="0.000864" asserts="3" />
            <test-case id="1-1014" name="SetList" fullname="PlayersWorlds.Maps.ExtensionsTest.SetList" methodname="SetList" classname="PlayersWorlds.Maps.ExtensionsTest" runstate="Runnable" seed="2015820828" result="Passed" start-time="2024-02-25T18:58:05.1762620Z" end-time="2024-02-25T18:58:05.1776060Z" duration="0.001344" asserts="3" />
            <test-case id="1-1011" name="TryDequeue_Dequeues" fullname="PlayersWorlds.Maps.ExtensionsTest.TryDequeue_Dequeues" methodname="TryDequeue_Dequeues" classname="PlayersWorlds.Maps.ExtensionsTest" runstate="Runnable" seed="833122223" result="Passed" start-time="2024-02-25T18:58:05.1776140Z" end-time="2024-02-25T18:58:05.1780080Z" duration="0.000394" asserts="2" />
            <test-case id="1-1010" name="TryDequeue_DoesNotThrow" fullname="PlayersWorlds.Maps.ExtensionsTest.TryDequeue_DoesNotThrow" methodname="TryDequeue_DoesNotThrow" classname="PlayersWorlds.Maps.ExtensionsTest" runstate="Runnable" seed="1130417125" result="Passed" start-time="2024-02-25T18:58:05.1780160Z" end-time="2024-02-25T18:58:05.1781290Z" duration="0.000113" asserts="1" />
          </test-suite>
          <test-suite type="TestFixture" id="1-1017" name="GlobalRandomTest" fullname="PlayersWorlds.Maps.GlobalRandomTest" classname="PlayersWorlds.Maps.GlobalRandomTest" runstate="Runnable" testcasecount="3" result="Passed" start-time="2024-02-25T18:58:05.1781520Z" end-time="2024-02-25T18:58:05.1808450Z" duration="0.002693" total="3" passed="3" failed="0" warnings="0" inconclusive="0" skipped="0" asserts="1002">
            <test-case id="1-1018" name="RandomCollectionItem" fullname="PlayersWorlds.Maps.GlobalRandomTest.RandomCollectionItem" methodname="RandomCollectionItem" classname="PlayersWorlds.Maps.GlobalRandomTest" runstate="Runnable" seed="2089721074" result="Passed" start-time="2024-02-25T18:58:05.1782540Z" end-time="2024-02-25T18:58:05.1788980Z" duration="0.000644" asserts="1" />
            <test-case id="1-1020" name="RandomInRange" fullname="PlayersWorlds.Maps.GlobalRandomTest.RandomInRange" methodname="RandomInRange" classname="PlayersWorlds.Maps.GlobalRandomTest" runstate="Runnable" seed="2139495455" result="Passed" start-time="2024-02-25T18:58:05.1789060Z" end-time="2024-02-25T18:58:05.1806490Z" duration="0.001744" asserts="1000" />
            <test-case id="1-1019" name="ThrowsIfEmptyCollection" fullname="PlayersWorlds.Maps.GlobalRandomTest.ThrowsIfEmptyCollection" methodname="ThrowsIfEmptyCollection" classname="PlayersWorlds.Maps.GlobalRandomTest" runstate="Runnable" seed="591958011" result="Passed" start-time="2024-02-25T18:58:05.1806580Z" end-time="2024-02-25T18:58:05.1808350Z" duration="0.000177" asserts="1" />
          </test-suite>
          <test-suite type="TestFixture" id="1-1021" name="Map2DTest" fullname="PlayersWorlds.Maps.Map2DTest" classname="PlayersWorlds.Maps.Map2DTest" runstate="Runnable" testcasecount="1" result="Passed" start-time="2024-02-25T18:58:05.1808590Z" end-time="2024-02-25T18:58:05.1834160Z" duration="0.002558" total="1" passed="1" failed="0" warnings="0" inconclusive="0" skipped="0" asserts="6">
            <test-case id="1-1022" name="ParseMap" fullname="PlayersWorlds.Maps.Map2DTest.ParseMap" methodname="ParseMap" classname="PlayersWorlds.Maps.Map2DTest" runstate="Runnable" seed="542250387" result="Passed" start-time="2024-02-25T18:58:05.1817280Z" end-time="2024-02-25T18:58:05.1834050Z" duration="0.001677" asserts="6" />
          </test-suite>
          <test-suite type="TestSuite" id="1-2042" name="MapFilters" fullname="PlayersWorlds.Maps.MapFilters" runstate="Runnable" testcasecount="5" result="Passed" start-time="2024-02-25T18:58:04.9972880Z" end-time="2024-02-25T18:58:05.1884640Z" duration="0.191176" total="5" passed="5" failed="0" warnings="0" inconclusive="0" skipped="0" asserts="10">
            <test-suite type="TestFixture" id="1-1904" name="Map2DEraseSpotsTest" fullname="PlayersWorlds.Maps.MapFilters.Map2DEraseSpotsTest" classname="PlayersWorlds.Maps.MapFilters.Map2DEraseSpotsTest" runstate="Runnable" testcasecount="5" result="Passed" start-time="2024-02-25T18:58:05.1834280Z" end-time="2024-02-25T18:58:05.1884590Z" duration="0.005030" total="5" passed="5" failed="0" warnings="0" inconclusive="0" skipped="0" asserts="10">
              <test-case id="1-1905" name="BackslashEraseSpots" fullname="PlayersWorlds.Maps.MapFilters.Map2DEraseSpotsTest.BackslashEraseSpots" methodname="BackslashEraseSpots" classname="PlayersWorlds.Maps.MapFilters.Map2DEraseSpotsTest" runstate="Runnable" seed="1911882605" result="Passed" start-time="2024-02-25T18:58:05.1834690Z" end-time="2024-02-25T18:58:05.1869390Z" duration="0.003470" asserts="1" />
              <test-case id="1-1909" name="SmoothBoxEraseSpots" fullname="PlayersWorlds.Maps.MapFilters.Map2DEraseSpotsTest.SmoothBoxEraseSpots" methodname="SmoothBoxEraseSpots" classname="PlayersWorlds.Maps.MapFilters.Map2DEraseSpotsTest" runstate="Runnable" seed="761176320" result="Passed" start-time="2024-02-25T18:58:05.1869480Z" end-time="2024-02-25T18:58:05.1874060Z" duration="0.000458" asserts="1" />
              <test-case id="1-1908" name="SmoothBoxVoidBgEraseSpots" fullname="PlayersWorlds.Maps.MapFilters.Map2DEraseSpotsTest.SmoothBoxVoidBgEraseSpots" methodname="SmoothBoxVoidBgEraseSpots" classname="PlayersWorlds.Maps.MapFilters.Map2DEraseSpotsTest" runstate="Runnable" seed="294984746" result="Passed" start-time="2024-02-25T18:58:05.1874140Z" end-time="2024-02-25T18:58:05.1876680Z" duration="0.000255" asserts="1" />
              <test-case id="1-1907" name="Spot1x3SpotsEraseSpots" fullname="PlayersWorlds.Maps.MapFilters.Map2DEraseSpotsTest.Spot1x3SpotsEraseSpots" methodname="Spot1x3SpotsEraseSpots" classname="PlayersWorlds.Maps.MapFilters.Map2DEraseSpotsTest" runstate="Runnable" seed="57801182" result="Passed" start-time="2024-02-25T18:58:05.1876750Z" end-time="2024-02-25T18:58:05.1879100Z" duration="0.000235" asserts="1" />
              <test-case id="1-1906" name="VariousSpotsEraseSpots" fullname="PlayersWorlds.Maps.MapFilters.Map2DEraseSpotsTest.VariousSpotsEraseSpots" methodname="VariousSpotsEraseSpots" classname="PlayersWorlds.Maps.MapFilters.Map2DEraseSpotsTest" runstate="Runnable" seed="2091057561" result="Passed" start-time="2024-02-25T18:58:05.1879170Z" end-time="2024-02-25T18:58:05.1884480Z" duration="0.000531" asserts="6" />
            </test-suite>
          </test-suite>
          <test-suite type="TestSuite" id="1-2040" name="Maze" fullname="PlayersWorlds.Maps.Maze" runstate="Runnable" testcasecount="775" result="Skipped" label="Ignored" site="Child" start-time="2024-02-25T18:58:04.9972940Z" end-time="2024-02-25T18:58:21.5699950Z" duration="16.572702" total="271" passed="169" failed="0" warnings="0" inconclusive="0" skipped="102" asserts="12571">
            <reason>
              <message><![CDATA[One or more child tests were ignored]]></message>
            </reason>
            <test-suite type="TestFixture" id="1-1109" name="Maze2DBuilderTest" fullname="PlayersWorlds.Maps.Maze.Maze2DBuilderTest" classname="PlayersWorlds.Maps.Maze.Maze2DBuilderTest" runstate="Runnable" testcasecount="21" result="Passed" start-time="2024-02-25T18:58:05.1884740Z" end-time="2024-02-25T18:58:05.3220010Z" duration="0.133527" total="21" passed="21" failed="0" warnings="0" inconclusive="0" skipped="0" asserts="7097">
              <test-case id="1-1128" name="ApplyAreas" fullname="PlayersWorlds.Maps.Maze.Maze2DBuilderTest.ApplyAreas" methodname="ApplyAreas" classname="PlayersWorlds.Maps.Maze.Maze2DBuilderTest" runstate="Runnable" seed="617512382" result="Passed" start-time="2024-02-25T18:58:05.1885140Z" end-time="2024-02-25T18:58:05.2047410Z" duration="0.016226" asserts="5" />
              <test-case id="1-1110" name="BuildsCorrectCellsCollections" fullname="PlayersWorlds.Maps.Maze.Maze2DBuilderTest.BuildsCorrectCellsCollections" methodname="BuildsCorrectCellsCollections" classname="PlayersWorlds.Maps.Maze.Maze2DBuilderTest" runstate="Runnable" seed="1124216162" result="Passed" start-time="2024-02-25T18:58:05.2047530Z" end-time="2024-02-25T18:58:05.2056670Z" duration="0.000915" asserts="2" />
              <test-case id="1-1111" name="BuildsCorrectCellsCollectionsWithHallAreas" fullname="PlayersWorlds.Maps.Maze.Maze2DBuilderTest.BuildsCorrectCellsCollectionsWithHallAreas" methodname="BuildsCorrectCellsCollectionsWithHallAreas" classname="PlayersWorlds.Maps.Maze.Maze2DBuilderTest" runstate="Runnable" seed="620672006" result="Passed" start-time="2024-02-25T18:58:05.2056790Z" end-time="2024-02-25T18:58:05.2076790Z" duration="0.002000" asserts="4" />
              <test-case id="1-1112" name="BuildsCorrectCellsCollectionsWithHallAreasAtTheEdge" fullname="PlayersWorlds.Maps.Maze.Maze2DBuilderTest.BuildsCorrectCellsCollectionsWithHallAreasAtTheEdge" methodname="BuildsCorrectCellsCollectionsWithHallAreasAtTheEdge" classname="PlayersWorlds.Maps.Maze.Maze2DBuilderTest" runstate="Runnable" seed="476471360" result="Passed" start-time="2024-02-25T18:58:05.2076910Z" end-time="2024-02-25T18:58:05.2081660Z" duration="0.000475" asserts="4" />
              <test-case id="1-1130" name="CanConnect" fullname="PlayersWorlds.Maps.Maze.Maze2DBuilderTest.CanConnect" methodname="CanConnect" classname="PlayersWorlds.Maps.Maze.Maze2DBuilderTest" runstate="Runnable" seed="1507674669" result="Passed" start-time="2024-02-25T18:58:05.2081750Z" end-time="2024-02-25T18:58:05.2091380Z" duration="0.000964" asserts="11" />
              <test-case id="1-1118" name="IsFillComplete_Full" fullname="PlayersWorlds.Maps.Maze.Maze2DBuilderTest.IsFillComplete_Full" methodname="IsFillComplete_Full" classname="PlayersWorlds.Maps.Maze.Maze2DBuilderTest" runstate="Runnable" seed="1433084861" result="Passed" start-time="2024-02-25T18:58:05.2091500Z" end-time="2024-02-25T18:58:05.2097100Z" duration="0.000560" asserts="4" />
              <test-case id="1-1121" name="IsFillComplete_Full_WithCave" fullname="PlayersWorlds.Maps.Maze.Maze2DBuilderTest.IsFillComplete_Full_WithCave" methodname="IsFillComplete_Full_WithCave" classname="PlayersWorlds.Maps.Maze.Maze2DBuilderTest" runstate="Runnable" seed="1404213631" result="Passed" start-time="2024-02-25T18:58:05.2097210Z" end-time="2024-02-25T18:58:05.2103790Z" duration="0.000657" asserts="3" />
              <test-case id="1-1120" name="IsFillComplete_Full_WithFill" fullname="PlayersWorlds.Maps.Maze.Maze2DBuilderTest.IsFillComplete_Full_WithFill" methodname="IsFillComplete_Full_WithFill" classname="PlayersWorlds.Maps.Maze.Maze2DBuilderTest" runstate="Runnable" seed="1271992117" result="Passed" start-time="2024-02-25T18:58:05.2103900Z" end-time="2024-02-25T18:58:05.2115190Z" duration="0.001130" asserts="2" />
              <test-case id="1-1119" name="IsFillComplete_Full_WithHall" fullname="PlayersWorlds.Maps.Maze.Maze2DBuilderTest.IsFillComplete_Full_WithHall" methodname="IsFillComplete_Full_WithHall" classname="PlayersWorlds.Maps.Maze.Maze2DBuilderTest" runstate="Runnable" seed="1716185126" result="Passed" start-time="2024-02-25T18:58:05.2115320Z" end-time="2024-02-25T18:58:05.2120340Z" duration="0.000502" asserts="2" />
              <test-case id="1-1123" name="IsFillComplete_FullHeight" fullname="PlayersWorlds.Maps.Maze.Maze2DBuilderTest.IsFillComplete_FullHeight" methodname="IsFillComplete_FullHeight" classname="PlayersWorlds.Maps.Maze.Maze2DBuilderTest" runstate="Runnable" seed="857134082" result="Passed" start-time="2024-02-25T18:58:05.2120450Z" end-time="2024-02-25T18:58:05.2125380Z" duration="0.000493" asserts="3" />
              <test-case id="1-1122" name="IsFillComplete_FullWidth" fullname="PlayersWorlds.Maps.Maze.Maze2DBuilderTest.IsFillComplete_FullWidth" methodname="IsFillComplete_FullWidth" classname="PlayersWorlds.Maps.Maze.Maze2DBuilderTest" runstate="Runnable" seed="70295350" result="Passed" start-time="2024-02-25T18:58:05.2125490Z" end-time="2024-02-25T18:58:05.2128120Z" duration="0.000264" asserts="3" />
              <test-case id="1-1125" name="IsFillComplete_Half" fullname="PlayersWorlds.Maps.Maze.Maze2DBuilderTest.IsFillComplete_Half" methodname="IsFillComplete_Half" classname="PlayersWorlds.Maps.Maze.Maze2DBuilderTest" runstate="Runnable" seed="535559733" result="Passed" start-time="2024-02-25T18:58:05.2128200Z" end-time="2024-02-25T18:58:05.2129560Z" duration="0.000136" asserts="2" />
              <test-case id="1-1127" name="IsFillComplete_NinetyPercent" fullname="PlayersWorlds.Maps.Maze.Maze2DBuilderTest.IsFillComplete_NinetyPercent" methodname="IsFillComplete_NinetyPercent" classname="PlayersWorlds.Maps.Maze.Maze2DBuilderTest" runstate="Runnable" seed="1595546312" result="Passed" start-time="2024-02-25T18:58:05.2129630Z" end-time="2024-02-25T18:58:05.2131770Z" duration="0.000214" asserts="4" />
              <test-case id="1-1117" name="IsFillComplete_NoCells" fullname="PlayersWorlds.Maps.Maze.Maze2DBuilderTest.IsFillComplete_NoCells" methodname="IsFillComplete_NoCells" classname="PlayersWorlds.Maps.Maze.Maze2DBuilderTest" runstate="Runnable" seed="402018628" result="Passed" start-time="2024-02-25T18:58:05.2131830Z" end-time="2024-02-25T18:58:05.2133170Z" duration="0.000133" asserts="1" />
              <test-case id="1-1124" name="IsFillComplete_Quarter" fullname="PlayersWorlds.Maps.Maze.Maze2DBuilderTest.IsFillComplete_Quarter" methodname="IsFillComplete_Quarter" classname="PlayersWorlds.Maps.Maze.Maze2DBuilderTest" runstate="Runnable" seed="2121596584" result="Passed" start-time="2024-02-25T18:58:05.2133230Z" end-time="2024-02-25T18:58:05.2134530Z" duration="0.000130" asserts="2" />
              <test-case id="1-1126" name="IsFillComplete_ThreeQuarters" fullname="PlayersWorlds.Maps.Maze.Maze2DBuilderTest.IsFillComplete_ThreeQuarters" methodname="IsFillComplete_ThreeQuarters" classname="PlayersWorlds.Maps.Maze.Maze2DBuilderTest" runstate="Runnable" seed="545329445" result="Passed" start-time="2024-02-25T18:58:05.2134600Z" end-time="2024-02-25T18:58:05.2136240Z" duration="0.000165" asserts="3" />
              <test-case id="1-1116" name="IterateUnlinkedCells_IteratesAllAvailableCells" fullname="PlayersWorlds.Maps.Maze.Maze2DBuilderTest.IterateUnlinkedCells_IteratesAllAvailableCells" methodname="IterateUnlinkedCells_IteratesAllAvailableCells" classname="PlayersWorlds.Maps.Maze.Maze2DBuilderTest" runstate="Runnable" seed="827122681" result="Passed" start-time="2024-02-25T18:58:05.2136310Z" end-time="2024-02-25T18:58:05.2175660Z" duration="0.003935" asserts="28" />
              <test-case id="1-1115" name="MarkConnected" fullname="PlayersWorlds.Maps.Maze.Maze2DBuilderTest.MarkConnected" methodname="MarkConnected" classname="PlayersWorlds.Maps.Maze.Maze2DBuilderTest" runstate="Runnable" seed="1404749961" result="Passed" start-time="2024-02-25T18:58:05.2175770Z" end-time="2024-02-25T18:58:05.2180520Z" duration="0.000475" asserts="7" />
              <test-case id="1-1129" name="OverlappingAreas_ProduceValidPriorityCells" fullname="PlayersWorlds.Maps.Maze.Maze2DBuilderTest.OverlappingAreas_ProduceValidPriorityCells" methodname="OverlappingAreas_ProduceValidPriorityCells" classname="PlayersWorlds.Maps.Maze.Maze2DBuilderTest" runstate="Runnable" seed="997829681" result="Passed" start-time="2024-02-25T18:58:05.2180600Z" end-time="2024-02-25T18:58:05.2189990Z" duration="0.000939" asserts="4" />
              <test-case id="1-1114" name="PickRandomNeighborToLink" fullname="PlayersWorlds.Maps.Maze.Maze2DBuilderTest.PickRandomNeighborToLink" methodname="PickRandomNeighborToLink" classname="PlayersWorlds.Maps.Maze.Maze2DBuilderTest" runstate="Runnable" seed="1252782795" result="Passed" start-time="2024-02-25T18:58:05.2190110Z" end-time="2024-02-25T18:58:05.2247630Z" duration="0.005752" asserts="5000" />
              <test-case id="1-1113" name="PicksPriorityCellsWhenAvailable" fullname="PlayersWorlds.Maps.Maze.Maze2DBuilderTest.PicksPriorityCellsWhenAvailable" methodname="PicksPriorityCellsWhenAvailable" classname="PlayersWorlds.Maps.Maze.Maze2DBuilderTest" runstate="Runnable" seed="266265130" result="Passed" start-time="2024-02-25T18:58:05.2247740Z" end-time="2024-02-25T18:58:05.3219820Z" duration="0.097208" asserts="2003" />
            </test-suite>
            <test-suite type="TestFixture" id="1-1131" name="Maze2DRendererTest" fullname="PlayersWorlds.Maps.Maze.Maze2DRendererTest" classname="PlayersWorlds.Maps.Maze.Maze2DRendererTest" runstate="Runnable" testcasecount="1" result="Passed" start-time="2024-02-25T18:58:05.3220170Z" end-time="2024-02-25T18:58:05.3240850Z" duration="0.002068" total="1" passed="1" failed="0" warnings="0" inconclusive="0" skipped="0" asserts="1">
              <test-case id="1-1132" name="ThrowsIfCantFit" fullname="PlayersWorlds.Maps.Maze.Maze2DRendererTest.ThrowsIfCantFit" methodname="ThrowsIfCantFit" classname="PlayersWorlds.Maps.Maze.Maze2DRendererTest" runstate="Runnable" seed="1057621209" result="Passed" start-time="2024-02-25T18:58:05.3220670Z" end-time="2024-02-25T18:58:05.3240700Z" duration="0.002003" asserts="1" />
            </test-suite>
            <test-suite type="TestFixture" id="1-1133" name="Maze2DTest" fullname="PlayersWorlds.Maps.Maze.Maze2DTest" classname="PlayersWorlds.Maps.Maze.Maze2DTest" runstate="Runnable" testcasecount="14" result="Passed" start-time="2024-02-25T18:58:05.3240960Z" end-time="2024-02-25T18:58:05.3502300Z" duration="0.026134" total="14" passed="14" failed="0" warnings="0" inconclusive="0" skipped="0" asserts="180">
              <test-case id="1-1141" name="Maze2D_AddsNoRoomsToASmallMaze" fullname="PlayersWorlds.Maps.Maze.Maze2DTest.Maze2D_AddsNoRoomsToASmallMaze" methodname="Maze2D_AddsNoRoomsToASmallMaze" classname="PlayersWorlds.Maps.Maze.Maze2DTest" runstate="Runnable" seed="1439888819" result="Passed" start-time="2024-02-25T18:58:05.3241370Z" end-time="2024-02-25T18:58:05.3333630Z" duration="0.009226" asserts="1" />
              <test-case id="1-1140" name="Maze2D_AddsNoRoomsWhenNoneRequested" fullname="PlayersWorlds.Maps.Maze.Maze2DTest.Maze2D_AddsNoRoomsWhenNoneRequested" methodname="Maze2D_AddsNoRoomsWhenNoneRequested" classname="PlayersWorlds.Maps.Maze.Maze2DTest" runstate="Runnable" seed="23454566" result="Passed" start-time="2024-02-25T18:58:05.3334100Z" end-time="2024-02-25T18:58:05.3356480Z" duration="0.002238" asserts="1" />
              <test-case id="1-1144" name="Maze2D_AddsOneFill" fullname="PlayersWorlds.Maps.Maze.Maze2DTest.Maze2D_AddsOneFill" methodname="Maze2D_AddsOneFill" classname="PlayersWorlds.Maps.Maze.Maze2DTest" runstate="Runnable" seed="641243661" result="Passed" start-time="2024-02-25T18:58:05.3356590Z" end-time="2024-02-25T18:58:05.3366610Z" duration="0.001002" asserts="2" />
              <test-case id="1-1143" name="Maze2D_AddsOneHall" fullname="PlayersWorlds.Maps.Maze.Maze2DTest.Maze2D_AddsOneHall" methodname="Maze2D_AddsOneHall" classname="PlayersWorlds.Maps.Maze.Maze2DTest" runstate="Runnable" seed="1137551019" result="Passed" start-time="2024-02-25T18:58:05.3366730Z" end-time="2024-02-25T18:58:05.3374280Z" duration="0.000755" asserts="2" />
              <test-case id="1-1142" name="Maze2D_AddsRooms" fullname="PlayersWorlds.Maps.Maze.Maze2DTest.Maze2D_AddsRooms" methodname="Maze2D_AddsRooms" classname="PlayersWorlds.Maps.Maze.Maze2DTest" runstate="Runnable" seed="1030129777" result="Passed" start-time="2024-02-25T18:58:05.3374390Z" end-time="2024-02-25T18:58:05.3397760Z" duration="0.002337" asserts="1" />
              <test-case id="1-1136" name="Maze2D_AllowsOnly2D" fullname="PlayersWorlds.Maps.Maze.Maze2DTest.Maze2D_AllowsOnly2D" methodname="Maze2D_AllowsOnly2D" classname="PlayersWorlds.Maps.Maze.Maze2DTest" runstate="Runnable" seed="808890988" result="Passed" start-time="2024-02-25T18:58:05.3397880Z" end-time="2024-02-25T18:58:05.3399940Z" duration="0.000206" asserts="1" />
              <test-case id="1-1146" name="Maze2D_CanParse" fullname="PlayersWorlds.Maps.Maze.Maze2DTest.Maze2D_CanParse" methodname="Maze2D_CanParse" classname="PlayersWorlds.Maps.Maze.Maze2DTest" runstate="Runnable" seed="901017144" result="Passed" start-time="2024-02-25T18:58:05.3400010Z" end-time="2024-02-25T18:58:05.3415030Z" duration="0.001502" asserts="16" />
              <test-case id="1-1147" name="Maze2D_CanParse2" fullname="PlayersWorlds.Maps.Maze.Maze2DTest.Maze2D_CanParse2" methodname="Maze2D_CanParse2" classname="PlayersWorlds.Maps.Maze.Maze2DTest" runstate="Runnable" seed="1400464933" result="Passed" start-time="2024-02-25T18:58:05.3415150Z" end-time="2024-02-25T18:58:05.3416350Z" duration="0.000120" asserts="1" />
              <test-case id="1-1139" name="Maze2D_CanRenderMap" fullname="PlayersWorlds.Maps.Maze.Maze2DTest.Maze2D_CanRenderMap" methodname="Maze2D_CanRenderMap" classname="PlayersWorlds.Maps.Maze.Maze2DTest" runstate="Runnable" seed="974933338" result="Passed" start-time="2024-02-25T18:58:05.3416420Z" end-time="2024-02-25T18:58:05.3457890Z" duration="0.004148" asserts="1" />
              <test-case id="1-1138" name="Maze2D_CellsNeighborsAreValid" fullname="PlayersWorlds.Maps.Maze.Maze2DTest.Maze2D_CellsNeighborsAreValid" methodname="Maze2D_CellsNeighborsAreValid" classname="PlayersWorlds.Maps.Maze.Maze2DTest" runstate="Runnable" seed="1430965813" result="Passed" start-time="2024-02-25T18:58:05.3458020Z" end-time="2024-02-25T18:58:05.3468170Z" duration="0.001015" asserts="136" />
              <test-case id="1-1145" name="Maze2D_HasAttributesSet" fullname="PlayersWorlds.Maps.Maze.Maze2DTest.Maze2D_HasAttributesSet" methodname="Maze2D_HasAttributesSet" classname="PlayersWorlds.Maps.Maze.Maze2DTest" runstate="Runnable" seed="1221975300" result="Passed" start-time="2024-02-25T18:58:05.3468290Z" end-time="2024-02-25T18:58:05.3476980Z" duration="0.000870" asserts="2" />
              <test-case id="1-1134" name="Maze2D_IsInitialized" fullname="PlayersWorlds.Maps.Maze.Maze2DTest.Maze2D_IsInitialized" methodname="Maze2D_IsInitialized" classname="PlayersWorlds.Maps.Maze.Maze2DTest" runstate="Runnable" seed="1969612358" result="Passed" start-time="2024-02-25T18:58:05.3477100Z" end-time="2024-02-25T18:58:05.3478650Z" duration="0.000156" asserts="4" />
              <test-case id="1-1137" name="Maze2D_ToMapWrongOptions" fullname="PlayersWorlds.Maps.Maze.Maze2DTest.Maze2D_ToMapWrongOptions" methodname="Maze2D_ToMapWrongOptions" classname="PlayersWorlds.Maps.Maze.Maze2DTest" runstate="Runnable" seed="291055709" result="Passed" start-time="2024-02-25T18:58:05.3478720Z" end-time="2024-02-25T18:58:05.3499280Z" duration="0.002056" asserts="7" />
              <test-case id="1-1135" name="Maze2D_WrongSize" fullname="PlayersWorlds.Maps.Maze.Maze2DTest.Maze2D_WrongSize" methodname="Maze2D_WrongSize" classname="PlayersWorlds.Maps.Maze.Maze2DTest" runstate="Runnable" seed="322835338" result="Passed" start-time="2024-02-25T18:58:05.3499390Z" end-time="2024-02-25T18:58:05.3502170Z" duration="0.000279" asserts="5" />
            </test-suite>
            <test-suite type="TestFixture" id="1-1148" name="MazeCellTest" fullname="PlayersWorlds.Maps.Maze.MazeCellTest" classname="PlayersWorlds.Maps.Maze.MazeCellTest" runstate="Runnable" testcasecount="5" result="Passed" start-time="2024-02-25T18:58:05.3502420Z" end-time="2024-02-25T18:58:05.3534210Z" duration="0.003180" total="5" passed="5" failed="0" warnings="0" inconclusive="0" skipped="0" asserts="23">
              <test-case id="1-1151" name="CanAssignMapAreaOnce" fullname="PlayersWorlds.Maps.Maze.MazeCellTest.CanAssignMapAreaOnce" methodname="CanAssignMapAreaOnce" classname="PlayersWorlds.Maps.Maze.MazeCellTest" runstate="Runnable" seed="1168057116" result="Passed" start-time="2024-02-25T18:58:05.3502810Z" end-time="2024-02-25T18:58:05.3515740Z" duration="0.001293" asserts="4" />
              <test-case id="1-1153" name="DoubleLinkingThrowsError" fullname="PlayersWorlds.Maps.Maze.MazeCellTest.DoubleLinkingThrowsError" methodname="DoubleLinkingThrowsError" classname="PlayersWorlds.Maps.Maze.MazeCellTest" runstate="Runnable" seed="1315701140" result="Passed" start-time="2024-02-25T18:58:05.3515860Z" end-time="2024-02-25T18:58:05.3517300Z" duration="0.000144" asserts="1" />
              <test-case id="1-1149" name="LinksAreMutual" fullname="PlayersWorlds.Maps.Maze.MazeCellTest.LinksAreMutual" methodname="LinksAreMutual" classname="PlayersWorlds.Maps.Maze.MazeCellTest" runstate="Runnable" seed="1415993479" result="Passed" start-time="2024-02-25T18:58:05.3517370Z" end-time="2024-02-25T18:58:05.3527360Z" duration="0.000999" asserts="10" />
              <test-case id="1-1150" name="LinksOnlyWithNeighbors" fullname="PlayersWorlds.Maps.Maze.MazeCellTest.LinksOnlyWithNeighbors" methodname="LinksOnlyWithNeighbors" classname="PlayersWorlds.Maps.Maze.MazeCellTest" runstate="Runnable" seed="1906187968" result="Passed" start-time="2024-02-25T18:58:05.3527480Z" end-time="2024-02-25T18:58:05.3530780Z" duration="0.000330" asserts="1" />
              <test-case id="1-1152" name="ToStringTest" fullname="PlayersWorlds.Maps.Maze.MazeCellTest.ToStringTest" methodname="ToStringTest" classname="PlayersWorlds.Maps.Maze.MazeCellTest" runstate="Runnable" seed="1819918714" result="Passed" start-time="2024-02-25T18:58:05.3530860Z" end-time="2024-02-25T18:58:05.3534090Z" duration="0.000324" asserts="7" />
            </test-suite>
            <test-suite type="TestFixture" id="1-1154" name="MazeGeneratorAreasTest" fullname="PlayersWorlds.Maps.Maze.MazeGeneratorAreasTest" classname="PlayersWorlds.Maps.Maze.MazeGeneratorAreasTest" runstate="Runnable" testcasecount="200" result="Skipped" label="Ignored" site="Child" start-time="2024-02-25T18:58:05.3534340Z" end-time="2024-02-25T18:58:21.4418070Z" duration="16.088373" total="200" passed="98" failed="0" warnings="0" inconclusive="0" skipped="102" asserts="5181">
              <reason>
                <message><![CDATA[One or more child tests were ignored]]></message>
              </reason>
              <test-suite type="ParameterizedMethod" id="1-1175" name="CaveAreasAreAppliedProperly" fullname="PlayersWorlds.Maps.Maze.MazeGeneratorAreasTest.CaveAreasAreAppliedProperly" classname="PlayersWorlds.Maps.Maze.MazeGeneratorAreasTest" runstate="Runnable" testcasecount="6" result="Passed" start-time="2024-02-25T18:58:05.3534710Z" end-time="2024-02-25T18:58:05.5901960Z" duration="0.236725" total="6" passed="6" failed="0" warnings="0" inconclusive="0" skipped="0" asserts="540">
                <properties>
                  <property name="Repeat" value="10" />
                </properties>
                <test-case id="1-1169" name="CaveAreasAreAppliedProperly(PlayersWorlds.Maps.Maze.AldousBroderMazeGenerator)" fullname="PlayersWorlds.Maps.Maze.MazeGeneratorAreasTest.CaveAreasAreAppliedProperly(PlayersWorlds.Maps.Maze.AldousBroderMazeGenerator)" methodname="CaveAreasAreAppliedProperly" classname="PlayersWorlds.Maps.Maze.MazeGeneratorAreasTest" runstate="Runnable" seed="452540993" result="Passed" start-time="2024-02-25T18:58:05.3534850Z" end-time="2024-02-25T18:58:05.4100440Z" duration="0.056559" asserts="90" />
                <test-case id="1-1170" name="CaveAreasAreAppliedProperly(PlayersWorlds.Maps.Maze.BinaryTreeMazeGenerator)" fullname="PlayersWorlds.Maps.Maze.MazeGeneratorAreasTest.CaveAreasAreAppliedProperly(PlayersWorlds.Maps.Maze.BinaryTreeMazeGenerator)" methodname="CaveAreasAreAppliedProperly" classname="PlayersWorlds.Maps.Maze.MazeGeneratorAreasTest" runstate="Runnable" seed="879649301" result="Passed" start-time="2024-02-25T18:58:05.4100560Z" end-time="2024-02-25T18:58:05.4523090Z" duration="0.042254" asserts="90" />
                <test-case id="1-1171" name="CaveAreasAreAppliedProperly(PlayersWorlds.Maps.Maze.HuntAndKillMazeGenerator)" fullname="PlayersWorlds.Maps.Maze.MazeGeneratorAreasTest.CaveAreasAreAppliedProperly(PlayersWorlds.Maps.Maze.HuntAndKillMazeGenerator)" methodname="CaveAreasAreAppliedProperly" classname="PlayersWorlds.Maps.Maze.MazeGeneratorAreasTest" runstate="Runnable" seed="1720020071" result="Passed" start-time="2024-02-25T18:58:05.4523220Z" end-time="2024-02-25T18:58:05.4849620Z" duration="0.032641" asserts="90" />
                <test-case id="1-1172" name="CaveAreasAreAppliedProperly(PlayersWorlds.Maps.Maze.RecursiveBacktrackerMazeGenerator)" fullname="PlayersWorlds.Maps.Maze.MazeGeneratorAreasTest.CaveAreasAreAppliedProperly(PlayersWorlds.Maps.Maze.RecursiveBacktrackerMazeGenerator)" methodname="CaveAreasAreAppliedProperly" classname="PlayersWorlds.Maps.Maze.MazeGeneratorAreasTest" runstate="Runnable" seed="80762326" result="Passed" start-time="2024-02-25T18:58:05.4849820Z" end-time="2024-02-25T18:58:05.5184410Z" duration="0.033460" asserts="90" />
                <test-case id="1-1173" name="CaveAreasAreAppliedProperly(PlayersWorlds.Maps.Maze.SidewinderMazeGenerator)" fullname="PlayersWorlds.Maps.Maze.MazeGeneratorAreasTest.CaveAreasAreAppliedProperly(PlayersWorlds.Maps.Maze.SidewinderMazeGenerator)" methodname="CaveAreasAreAppliedProperly" classname="PlayersWorlds.Maps.Maze.MazeGeneratorAreasTest" runstate="Runnable" seed="1191477259" result="Passed" start-time="2024-02-25T18:58:05.5184630Z" end-time="2024-02-25T18:58:05.5589870Z" duration="0.040525" asserts="90" />
                <test-case id="1-1174" name="CaveAreasAreAppliedProperly(PlayersWorlds.Maps.Maze.WilsonsMazeGenerator)" fullname="PlayersWorlds.Maps.Maze.MazeGeneratorAreasTest.CaveAreasAreAppliedProperly(PlayersWorlds.Maps.Maze.WilsonsMazeGenerator)" methodname="CaveAreasAreAppliedProperly" classname="PlayersWorlds.Maps.Maze.MazeGeneratorAreasTest" runstate="Runnable" seed="616874507" result="Passed" start-time="2024-02-25T18:58:05.5589990Z" end-time="2024-02-25T18:58:05.5901810Z" duration="0.031182" asserts="90" />
              </test-suite>
              <test-suite type="ParameterizedMethod" id="1-1232" name="DenseWalkways" fullname="PlayersWorlds.Maps.Maze.MazeGeneratorAreasTest.DenseWalkways" classname="PlayersWorlds.Maps.Maze.MazeGeneratorAreasTest" runstate="Runnable" testcasecount="18" result="Passed" start-time="2024-02-25T18:58:05.5902060Z" end-time="2024-02-25T18:58:06.0177440Z" duration="0.427537" total="18" passed="18" failed="0" warnings="0" inconclusive="0" skipped="0" asserts="540">
                <properties>
                  <property name="Repeat" value="10" />
                </properties>
                <test-case id="1-1214" name="DenseWalkways(PlayersWorlds.Maps.Maze.AldousBroderMazeGenerator,Cave)" fullname="PlayersWorlds.Maps.Maze.MazeGeneratorAreasTest.DenseWalkways(PlayersWorlds.Maps.Maze.AldousBroderMazeGenerator,Cave)" methodname="DenseWalkways" classname="PlayersWorlds.Maps.Maze.MazeGeneratorAreasTest" runstate="Runnable" seed="1945059953" result="Passed" start-time="2024-02-25T18:58:05.5902270Z" end-time="2024-02-25T18:58:05.6189700Z" duration="0.028743" asserts="30" />
                <test-case id="1-1215" name="DenseWalkways(PlayersWorlds.Maps.Maze.AldousBroderMazeGenerator,Hall)" fullname="PlayersWorlds.Maps.Maze.MazeGeneratorAreasTest.DenseWalkways(PlayersWorlds.Maps.Maze.AldousBroderMazeGenerator,Hall)" methodname="DenseWalkways" classname="PlayersWorlds.Maps.Maze.MazeGeneratorAreasTest" runstate="Runnable" seed="1803648171" result="Passed" start-time="2024-02-25T18:58:05.6189890Z" end-time="2024-02-25T18:58:05.6462640Z" duration="0.027275" asserts="30" />
                <test-case id="1-1216" name="DenseWalkways(PlayersWorlds.Maps.Maze.AldousBroderMazeGenerator,Fill)" fullname="PlayersWorlds.Maps.Maze.MazeGeneratorAreasTest.DenseWalkways(PlayersWorlds.Maps.Maze.AldousBroderMazeGenerator,Fill)" methodname="DenseWalkways" classname="PlayersWorlds.Maps.Maze.MazeGeneratorAreasTest" runstate="Runnable" seed="836139053" result="Passed" start-time="2024-02-25T18:58:05.6462810Z" end-time="2024-02-25T18:58:05.6699700Z" duration="0.023689" asserts="30" />
                <test-case id="1-1217" name="DenseWalkways(PlayersWorlds.Maps.Maze.BinaryTreeMazeGenerator,Cave)" fullname="PlayersWorlds.Maps.Maze.MazeGeneratorAreasTest.DenseWalkways(PlayersWorlds.Maps.Maze.BinaryTreeMazeGenerator,Cave)" methodname="DenseWalkways" classname="PlayersWorlds.Maps.Maze.MazeGeneratorAreasTest" runstate="Runnable" seed="494822847" result="Passed" start-time="2024-02-25T18:58:05.6699820Z" end-time="2024-02-25T18:58:05.6962180Z" duration="0.026237" asserts="30" />
                <test-case id="1-1218" name="DenseWalkways(PlayersWorlds.Maps.Maze.BinaryTreeMazeGenerator,Hall)" fullname="PlayersWorlds.Maps.Maze.MazeGeneratorAreasTest.DenseWalkways(PlayersWorlds.Maps.Maze.BinaryTreeMazeGenerator,Hall)" methodname="DenseWalkways" classname="PlayersWorlds.Maps.Maze.MazeGeneratorAreasTest" runstate="Runnable" seed="304926972" result="Passed" start-time="2024-02-25T18:58:05.6962370Z" end-time="2024-02-25T18:58:05.7212360Z" duration="0.024999" asserts="30" />
                <test-case id="1-1219" name="DenseWalkways(PlayersWorlds.Maps.Maze.BinaryTreeMazeGenerator,Fill)" fullname="PlayersWorlds.Maps.Maze.MazeGeneratorAreasTest.DenseWalkways(PlayersWorlds.Maps.Maze.BinaryTreeMazeGenerator,Fill)" methodname="DenseWalkways" classname="PlayersWorlds.Maps.Maze.MazeGeneratorAreasTest" runstate="Runnable" seed="1166780652" result="Passed" start-time="2024-02-25T18:58:05.7212560Z" end-time="2024-02-25T18:58:05.7430440Z" duration="0.021789" asserts="30" />
                <test-case id="1-1220" name="DenseWalkways(PlayersWorlds.Maps.Maze.HuntAndKillMazeGenerator,Cave)" fullname="PlayersWorlds.Maps.Maze.MazeGeneratorAreasTest.DenseWalkways(PlayersWorlds.Maps.Maze.HuntAndKillMazeGenerator,Cave)" methodname="DenseWalkways" classname="PlayersWorlds.Maps.Maze.MazeGeneratorAreasTest" runstate="Runnable" seed="633297085" result="Passed" start-time="2024-02-25T18:58:05.7430650Z" end-time="2024-02-25T18:58:05.7691890Z" duration="0.026125" asserts="30" />
                <test-case id="1-1221" name="DenseWalkways(PlayersWorlds.Maps.Maze.HuntAndKillMazeGenerator,Hall)" fullname="PlayersWorlds.Maps.Maze.MazeGeneratorAreasTest.DenseWalkways(PlayersWorlds.Maps.Maze.HuntAndKillMazeGenerator,Hall)" methodname="DenseWalkways" classname="PlayersWorlds.Maps.Maze.MazeGeneratorAreasTest" runstate="Runnable" seed="1732925146" result="Passed" start-time="2024-02-25T18:58:05.7692100Z" end-time="2024-02-25T18:58:05.7927060Z" duration="0.023496" asserts="30" />
                <test-case id="1-1222" name="DenseWalkways(PlayersWorlds.Maps.Maze.HuntAndKillMazeGenerator,Fill)" fullname="PlayersWorlds.Maps.Maze.MazeGeneratorAreasTest.DenseWalkways(PlayersWorlds.Maps.Maze.HuntAndKillMazeGenerator,Fill)" methodname="DenseWalkways" classname="PlayersWorlds.Maps.Maze.MazeGeneratorAreasTest" runstate="Runnable" seed="574901050" result="Passed" start-time="2024-02-25T18:58:05.7927180Z" end-time="2024-02-25T18:58:05.8123880Z" duration="0.019670" asserts="30" />
                <test-case id="1-1223" name="DenseWalkways(PlayersWorlds.Maps.Maze.RecursiveBacktrackerMazeGenerator,Cave)" fullname="PlayersWorlds.Maps.Maze.MazeGeneratorAreasTest.DenseWalkways(PlayersWorlds.Maps.Maze.RecursiveBacktrackerMazeGenerator,Cave)" methodname="DenseWalkways" classname="PlayersWorlds.Maps.Maze.MazeGeneratorAreasTest" runstate="Runnable" seed="1591236747" result="Passed" start-time="2024-02-25T18:58:05.8124000Z" end-time="2024-02-25T18:58:05.8358140Z" duration="0.023414" asserts="30" />
                <test-case id="1-1224" name="DenseWalkways(PlayersWorlds.Maps.Maze.RecursiveBacktrackerMazeGenerator,Hall)" fullname="PlayersWorlds.Maps.Maze.MazeGeneratorAreasTest.DenseWalkways(PlayersWorlds.Maps.Maze.RecursiveBacktrackerMazeGenerator,Hall)" methodname="DenseWalkways" classname="PlayersWorlds.Maps.Maze.MazeGeneratorAreasTest" runstate="Runnable" seed="357809262" result="Passed" start-time="2024-02-25T18:58:05.8358300Z" end-time="2024-02-25T18:58:05.8586310Z" duration="0.022801" asserts="30" />
[...]
            <test-case id="1-1052" name="Optional_Null" fullname="PlayersWorlds.Maps.OptionalTest.Optional_Null" methodname="Optional_Null" classname="PlayersWorlds.Maps.OptionalTest" runstate="Runnable" seed="33527432" result="Passed" start-time="2024-02-25T18:58:21.5974090Z" end-time="2024-02-25T18:58:21.5977850Z" duration="0.000377" asserts="9" />
            <test-case id="1-1050" name="Optional_ThrowsIfNoValue" fullname="PlayersWorlds.Maps.OptionalTest.Optional_ThrowsIfNoValue" methodname="Optional_ThrowsIfNoValue" classname="PlayersWorlds.Maps.OptionalTest" runstate="Runnable" seed="1298390086" result="Passed" start-time="2024-02-25T18:58:21.5977930Z" end-time="2024-02-25T18:58:21.5979290Z" duration="0.000135" asserts="2" />
            <test-case id="1-1055" name="Optional_ToStringShowsValue" fullname="PlayersWorlds.Maps.OptionalTest.Optional_ToStringShowsValue" methodname="Optional_ToStringShowsValue" classname="PlayersWorlds.Maps.OptionalTest" runstate="Runnable" seed="1280494934" result="Passed" start-time="2024-02-25T18:58:21.5979350Z" end-time="2024-02-25T18:58:21.5980840Z" duration="0.000149" asserts="2" />
          </test-suite>
          <test-suite type="TestSuite" id="1-2039" name="Renderers" fullname="PlayersWorlds.Maps.Renderers" runstate="Runnable" testcasecount="1" result="Passed" start-time="2024-02-25T18:58:04.9973110Z" end-time="2024-02-25T18:58:21.5989330Z" duration="16.601623" total="1" passed="1" failed="0" warnings="0" inconclusive="0" skipped="0" asserts="1">
            <test-suite type="TestFixture" id="1-1107" name="Map2DStringRendererTest" fullname="PlayersWorlds.Maps.Renderers.Map2DStringRendererTest" classname="PlayersWorlds.Maps.Renderers.Map2DStringRendererTest" runstate="Runnable" testcasecount="1" result="Passed" start-time="2024-02-25T18:58:21.5981070Z" end-time="2024-02-25T18:58:21.5989270Z" duration="0.000820" total="1" passed="1" failed="0" warnings="0" inconclusive="0" skipped="0" asserts="1">
              <test-case id="1-1108" name="TestRender" fullname="PlayersWorlds.Maps.Renderers.Map2DStringRendererTest.TestRender" methodname="TestRender" classname="PlayersWorlds.Maps.Renderers.Map2DStringRendererTest" runstate="Runnable" seed="447645289" result="Passed" start-time="2024-02-25T18:58:21.5981460Z" end-time="2024-02-25T18:58:21.5989160Z" duration="0.000770" asserts="1" />
            </test-suite>
          </test-suite>
          <test-suite type="TestFixture" id="1-1065" name="VectorDTest" fullname="PlayersWorlds.Maps.VectorDTest" classname="PlayersWorlds.Maps.VectorDTest" runstate="Runnable" testcasecount="11" result="Passed" start-time="2024-02-25T18:58:21.5989440Z" end-time="2024-02-25T18:58:21.6019070Z" duration="0.002963" total="11" passed="11" failed="0" warnings="0" inconclusive="0" skipped="0" asserts="33">
            <test-case id="1-1073" name="CanAddAndSubtract" fullname="PlayersWorlds.Maps.VectorDTest.CanAddAndSubtract" methodname="CanAddAndSubtract" classname="PlayersWorlds.Maps.VectorDTest" runstate="Runnable" seed="1519864615" result="Passed" start-time="2024-02-25T18:58:21.5989840Z" end-time="2024-02-25T18:58:21.5992630Z" duration="0.000279" asserts="5" />
            <test-case id="1-1074" name="ConstructorChecksArguments" fullname="PlayersWorlds.Maps.VectorDTest.ConstructorChecksArguments" methodname="ConstructorChecksArguments" classname="PlayersWorlds.Maps.VectorDTest" runstate="Runnable" seed="1247899638" result="Passed" start-time="2024-02-25T18:58:21.5992710Z" end-time="2024-02-25T18:58:21.5997590Z" duration="0.000488" asserts="1" />
            <test-case id="1-1067" name="EqualityIsCheckedByValue" fullname="PlayersWorlds.Maps.VectorDTest.EqualityIsCheckedByValue" methodname="EqualityIsCheckedByValue" classname="PlayersWorlds.Maps.VectorDTest" runstate="Runnable" seed="1979657423" result="Passed" start-time="2024-02-25T18:58:21.5997660Z" end-time="2024-02-25T18:58:21.5999650Z" duration="0.000199" asserts="4" />
            <test-case id="1-1068" name="GetHashCodeIsDerivedFromValue" fullname="PlayersWorlds.Maps.VectorDTest.GetHashCodeIsDerivedFromValue" methodname="GetHashCodeIsDerivedFromValue" classname="PlayersWorlds.Maps.VectorDTest" runstate="Runnable" seed="1090917546" result="Passed" start-time="2024-02-25T18:58:21.5999720Z" end-time="2024-02-25T18:58:21.6002020Z" duration="0.000230" asserts="1" />
            <test-case id="1-1071" name="InitializedAsNull" fullname="PlayersWorlds.Maps.VectorDTest.InitializedAsNull" methodname="InitializedAsNull" classname="PlayersWorlds.Maps.VectorDTest" runstate="Runnable" seed="579321241" result="Passed" start-time="2024-02-25T18:58:21.6002090Z" end-time="2024-02-25T18:58:21.6003040Z" duration="0.000096" asserts="1" />
            <test-case id="1-1070" name="InitializedEmpty" fullname="PlayersWorlds.Maps.VectorDTest.InitializedEmpty" methodname="InitializedEmpty" classname="PlayersWorlds.Maps.VectorDTest" runstate="Runnable" seed="1307081134" result="Passed" start-time="2024-02-25T18:58:21.6003110Z" end-time="2024-02-25T18:58:21.6005630Z" duration="0.000252" asserts="4" />
            <test-case id="1-1066" name="IsInitialized" fullname="PlayersWorlds.Maps.VectorDTest.IsInitialized" methodname="IsInitialized" classname="PlayersWorlds.Maps.VectorDTest" runstate="Runnable" seed="1602667372" result="Passed" start-time="2024-02-25T18:58:21.6005700Z" end-time="2024-02-25T18:58:21.6007070Z" duration="0.000137" asserts="2" />
            <test-case id="1-1072" name="IsZero" fullname="PlayersWorlds.Maps.VectorDTest.IsZero" methodname="IsZero" classname="PlayersWorlds.Maps.VectorDTest" runstate="Runnable" seed="1829987024" result="Passed" start-time="2024-02-25T18:58:21.6007140Z" end-time="2024-02-25T18:58:21.6009490Z" duration="0.000236" asserts="3" />
            <test-case id="1-1075" name="SnappedForce" fullname="PlayersWorlds.Maps.VectorDTest.SnappedForce" methodname="SnappedForce" classname="PlayersWorlds.Maps.VectorDTest" runstate="Runnable" seed="1714749739" result="Passed" start-time="2024-02-25T18:58:21.6009570Z" end-time="2024-02-25T18:58:21.6014300Z" duration="0.000474" asserts="9" />
            <test-case id="1-1069" name="ToStringFormat" fullname="PlayersWorlds.Maps.VectorDTest.ToStringFormat" methodname="ToStringFormat" classname="PlayersWorlds.Maps.VectorDTest" runstate="Runnable" seed="1850236875" result="Passed" start-time="2024-02-25T18:58:21.6014380Z" end-time="2024-02-25T18:58:21.6015090Z" duration="0.000072" asserts="1" />
            <test-case id="1-1076" name="VectorD_Parse" fullname="PlayersWorlds.Maps.VectorDTest.VectorD_Parse" methodname="VectorD_Parse" classname="PlayersWorlds.Maps.VectorDTest" runstate="Runnable" seed="1661554950" result="Passed" start-time="2024-02-25T18:58:21.6015150Z" end-time="2024-02-25T18:58:21.6018960Z" duration="0.000381" asserts="2" />
          </test-suite>
          <test-suite type="TestFixture" id="1-1077" name="VectorTest" fullname="PlayersWorlds.Maps.VectorTest" classname="PlayersWorlds.Maps.VectorTest" runstate="Runnable" testcasecount="29" result="Passed" start-time="2024-02-25T18:58:21.6019200Z" end-time="2024-02-25T18:58:21.6085320Z" duration="0.006612" total="29" passed="29" failed="0" warnings="0" inconclusive="0" skipped="0" asserts="229">
            <test-case id="1-1094" name="FitsInto" fullname="PlayersWorlds.Maps.VectorTest.FitsInto" methodname="FitsInto" classname="PlayersWorlds.Maps.VectorTest" runstate="Runnable" seed="2094808018" result="Passed" start-time="2024-02-25T18:58:21.6019590Z" end-time="2024-02-25T18:58:21.6020820Z" duration="0.000124" asserts="3" />
            <test-case id="1-1097" name="FromIndex_Matches_FromIndex" fullname="PlayersWorlds.Maps.VectorTest.FromIndex_Matches_FromIndex" methodname="FromIndex_Matches_FromIndex" classname="PlayersWorlds.Maps.VectorTest" runstate="Runnable" seed="56244716" result="Passed" start-time="2024-02-25T18:58:21.6020900Z" end-time="2024-02-25T18:58:21.6021830Z" duration="0.000094" asserts="1" />
            <test-case id="1-1105" name="FromIndex_ShouldThrowException_DimensionMismatch" fullname="PlayersWorlds.Maps.VectorTest.FromIndex_ShouldThrowException_DimensionMismatch" methodname="FromIndex_ShouldThrowException_DimensionMismatch" classname="PlayersWorlds.Maps.VectorTest" runstate="Runnable" seed="295141434" result="Passed" start-time="2024-02-25T18:58:21.6021900Z" end-time="2024-02-25T18:58:21.6025400Z" duration="0.000350" asserts="1" />
            <test-case id="1-1095" name="IsIn" fullname="PlayersWorlds.Maps.VectorTest.IsIn" methodname="IsIn" classname="PlayersWorlds.Maps.VectorTest" runstate="Runnable" seed="1520881410" result="Passed" start-time="2024-02-25T18:58:21.6025480Z" end-time="2024-02-25T18:58:21.6027970Z" duration="0.000249" asserts="7" />
            <test-case id="1-1106" name="NorthEastComparer_ComparesCorrectly" fullname="PlayersWorlds.Maps.VectorTest.NorthEastComparer_ComparesCorrectly" methodname="NorthEastComparer_ComparesCorrectly" classname="PlayersWorlds.Maps.VectorTest" runstate="Runnable" seed="764829424" result="Passed" start-time="2024-02-25T18:58:21.6028040Z" end-time="2024-02-25T18:58:21.6036240Z" duration="0.000820" asserts="1" />
            <test-case id="1-1079" name="Size_NotInitialized" fullname="PlayersWorlds.Maps.VectorTest.Size_NotInitialized" methodname="Size_NotInitialized" classname="PlayersWorlds.Maps.VectorTest" runstate="Runnable" seed="1928931279" result="Passed" start-time="2024-02-25T18:58:21.6036320Z" end-time="2024-02-25T18:58:21.6038030Z" duration="0.000171" asserts="2" />
            <test-case id="1-1101" name="ToIndex_FromIndex_RoundTripConversion" fullname="PlayersWorlds.Maps.VectorTest.ToIndex_FromIndex_RoundTripConversion" methodname="ToIndex_FromIndex_RoundTripConversion" classname="PlayersWorlds.Maps.VectorTest" runstate="Runnable" seed="13981088" result="Passed" start-time="2024-02-25T18:58:21.6038100Z" end-time="2024-02-25T18:58:21.6043150Z" duration="0.000506" asserts="150" />
            <test-case id="1-1102" name="ToIndex_FromIndex_Valid5D" fullname="PlayersWorlds.Maps.VectorTest.ToIndex_FromIndex_Valid5D" methodname="ToIndex_FromIndex_Valid5D" classname="PlayersWorlds.Maps.VectorTest" runstate="Runnable" seed="1448129453" result="Passed" start-time="2024-02-25T18:58:21.6043220Z" end-time="2024-02-25T18:58:21.6054390Z" duration="0.001116" asserts="13" />
            <test-case id="1-1096" name="ToIndex_Matches_ToIndex" fullname="PlayersWorlds.Maps.VectorTest.ToIndex_Matches_ToIndex" methodname="ToIndex_Matches_ToIndex" classname="PlayersWorlds.Maps.VectorTest" runstate="Runnable" seed="721581813" result="Passed" start-time="2024-02-25T18:58:21.6054470Z" end-time="2024-02-25T18:58:21.6055340Z" duration="0.000087" asserts="1" />
            <test-case id="1-1098" name="ToIndex_ShouldCalculateCorrectIndex_1D" fullname="PlayersWorlds.Maps.VectorTest.ToIndex_ShouldCalculateCorrectIndex_1D" methodname="ToIndex_ShouldCalculateCorrectIndex_1D" classname="PlayersWorlds.Maps.VectorTest" runstate="Runnable" seed="2122383818" result="Passed" start-time="2024-02-25T18:58:21.6055400Z" end-time="2024-02-25T18:58:21.6056290Z" duration="0.000089" asserts="2" />
            <test-case id="1-1099" name="ToIndex_ShouldCalculateCorrectIndex_2D" fullname="PlayersWorlds.Maps.VectorTest.ToIndex_ShouldCalculateCorrectIndex_2D" methodname="ToIndex_ShouldCalculateCorrectIndex_2D" classname="PlayersWorlds.Maps.VectorTest" runstate="Runnable" seed="1275318309" result="Passed" start-time="2024-02-25T18:58:21.6056340Z" end-time="2024-02-25T18:58:21.6057200Z" duration="0.000085" asserts="2" />
            <test-case id="1-1100" name="ToIndex_ShouldCalculateCorrectIndex_3D" fullname="PlayersWorlds.Maps.VectorTest.ToIndex_ShouldCalculateCorrectIndex_3D" methodname="ToIndex_ShouldCalculateCorrectIndex_3D" classname="PlayersWorlds.Maps.VectorTest" runstate="Runnable" seed="785173560" result="Passed" start-time="2024-02-25T18:58:21.6057260Z" end-time="2024-02-25T18:58:21.6058100Z" duration="0.000085" asserts="2" />
            <test-case id="1-1104" name="ToIndex_ShouldThrowException_DimensionMismatch" fullname="PlayersWorlds.Maps.VectorTest.ToIndex_ShouldThrowException_DimensionMismatch" methodname="ToIndex_ShouldThrowException_DimensionMismatch" classname="PlayersWorlds.Maps.VectorTest" runstate="Runnable" seed="676699441" result="Passed" start-time="2024-02-25T18:58:21.6058160Z" end-time="2024-02-25T18:58:21.6059840Z" duration="0.000168" asserts="1" />
            <test-case id="1-1103" name="ToIndex_ShouldThrowException_DimensionOverflow" fullname="PlayersWorlds.Maps.VectorTest.ToIndex_ShouldThrowException_DimensionOverflow" methodname="ToIndex_ShouldThrowException_DimensionOverflow" classname="PlayersWorlds.Maps.VectorTest" runstate="Runnable" seed="1759024516" result="Passed" start-time="2024-02-25T18:58:21.6059910Z" end-time="2024-02-25T18:58:21.6061570Z" duration="0.000166" asserts="1" />
            <test-case id="1-1087" name="Vector_CanAddAndSubtract" fullname="PlayersWorlds.Maps.VectorTest.Vector_CanAddAndSubtract" methodname="Vector_CanAddAndSubtract" classname="PlayersWorlds.Maps.VectorTest" runstate="Runnable" seed="396967408" result="Passed" start-time="2024-02-25T18:58:21.6061650Z" end-time="2024-02-25T18:58:21.6065260Z" duration="0.000361" asserts="6" />
            <test-case id="1-1088" name="Vector_ConstructorChecksArguments" fullname="PlayersWorlds.Maps.VectorTest.Vector_ConstructorChecksArguments" methodname="Vector_ConstructorChecksArguments" classname="PlayersWorlds.Maps.VectorTest" runstate="Runnable" seed="858497448" result="Passed" start-time="2024-02-25T18:58:21.6065330Z" end-time="2024-02-25T18:58:21.6066180Z" duration="0.000086" asserts="1" />
            <test-case id="1-1085" name="Vector_EmptyIsEmpty" fullname="PlayersWorlds.Maps.VectorTest.Vector_EmptyIsEmpty" methodname="Vector_EmptyIsEmpty" classname="PlayersWorlds.Maps.VectorTest" runstate="Runnable" seed="1359365731" result="Passed" start-time="2024-02-25T18:58:21.6066250Z" end-time="2024-02-25T18:58:21.6066840Z" duration="0.000060" asserts="1" />
            <test-case id="1-1084" name="Vector_EmptyVectorIsEmpty" fullname="PlayersWorlds.Maps.VectorTest.Vector_EmptyVectorIsEmpty" methodname="Vector_EmptyVectorIsEmpty" classname="PlayersWorlds.Maps.VectorTest" runstate="Runnable" seed="917995426" result="Passed" start-time="2024-02-25T18:58:21.6066900Z" end-time="2024-02-25T18:58:21.6067440Z" duration="0.000055" asserts="1" />
            <test-case id="1-1080" name="Vector_EqualityIsCheckedByValue" fullname="PlayersWorlds.Maps.VectorTest.Vector_EqualityIsCheckedByValue" methodname="Vector_EqualityIsCheckedByValue" classname="PlayersWorlds.Maps.VectorTest" runstate="Runnable" seed="1206104058" result="Passed" start-time="2024-02-25T18:58:21.6067500Z" end-time="2024-02-25T18:58:21.6069930Z" duration="0.000243" asserts="5" />
            <test-case id="1-1092" name="Vector_FromIndex" fullname="PlayersWorlds.Maps.VectorTest.Vector_FromIndex" methodname="Vector_FromIndex" classname="PlayersWorlds.Maps.VectorTest" runstate="Runnable" seed="825391540" result="Passed" start-time="2024-02-25T18:58:21.6070000Z" end-time="2024-02-25T18:58:21.6071010Z" duration="0.000100" asserts="2" />
            <test-case id="1-1081" name="Vector_GetHashCodeIsDerivedFromValue" fullname="PlayersWorlds.Maps.VectorTest.Vector_GetHashCodeIsDerivedFromValue" methodname="Vector_GetHashCodeIsDerivedFromValue" classname="PlayersWorlds.Maps.VectorTest" runstate="Runnable" seed="744292862" result="Passed" start-time="2024-02-25T18:58:21.6071070Z" end-time="2024-02-25T18:58:21.6073160Z" duration="0.000210" asserts="2" />
            <test-case id="1-1078" name="Vector_IsInitialized" fullname="PlayersWorlds.Maps.VectorTest.Vector_IsInitialized" methodname="Vector_IsInitialized" classname="PlayersWorlds.Maps.VectorTest" runstate="Runnable" seed="2018371559" result="Passed" start-time="2024-02-25T18:58:21.6073230Z" end-time="2024-02-25T18:58:21.6073940Z" duration="0.000071" asserts="2" />
            <test-case id="1-1086" name="Vector_NotEqualToNull" fullname="PlayersWorlds.Maps.VectorTest.Vector_NotEqualToNull" methodname="Vector_NotEqualToNull" classname="PlayersWorlds.Maps.VectorTest" runstate="Runnable" seed="1515320769" result="Passed" start-time="2024-02-25T18:58:21.6074000Z" end-time="2024-02-25T18:58:21.6075180Z" duration="0.000119" asserts="3" />
            <test-case id="1-1090" name="Vector_SnappedForce" fullname="PlayersWorlds.Maps.VectorTest.Vector_SnappedForce" methodname="Vector_SnappedForce" classname="PlayersWorlds.Maps.VectorTest" runstate="Runnable" seed="1341292664" result="Passed" start-time="2024-02-25T18:58:21.6075250Z" end-time="2024-02-25T18:58:21.6078700Z" duration="0.000345" asserts="9" />
            <test-case id="1-1089" name="Vector_ThrowsIfNotAValidSize" fullname="PlayersWorlds.Maps.VectorTest.Vector_ThrowsIfNotAValidSize" methodname="Vector_ThrowsIfNotAValidSize" classname="PlayersWorlds.Maps.VectorTest" runstate="Runnable" seed="225410923" result="Passed" start-time="2024-02-25T18:58:21.6078760Z" end-time="2024-02-25T18:58:21.6080970Z" duration="0.000221" asserts="3" />
            <test-case id="1-1091" name="Vector_ToIndex" fullname="PlayersWorlds.Maps.VectorTest.Vector_ToIndex" methodname="Vector_ToIndex" classname="PlayersWorlds.Maps.VectorTest" runstate="Runnable" seed="677968756" result="Passed" start-time="2024-02-25T18:58:21.6081040Z" end-time="2024-02-25T18:58:21.6082650Z" duration="0.000161" asserts="3" />
            <test-case id="1-1082" name="Vector_ToStringFormat" fullname="PlayersWorlds.Maps.VectorTest.Vector_ToStringFormat" methodname="Vector_ToStringFormat" classname="PlayersWorlds.Maps.VectorTest" runstate="Runnable" seed="863598478" result="Passed" start-time="2024-02-25T18:58:21.6082710Z" end-time="2024-02-25T18:58:21.6083610Z" duration="0.000090" asserts="2" />
            <test-case id="1-1083" name="Vector_ZeroVectorIsNotEmpty" fullname="PlayersWorlds.Maps.VectorTest.Vector_ZeroVectorIsNotEmpty" methodname="Vector_ZeroVectorIsNotEmpty" classname="PlayersWorlds.Maps.VectorTest" runstate="Runnable" seed="456925363" result="Passed" start-time="2024-02-25T18:58:21.6083670Z" end-time="2024-02-25T18:58:21.6084440Z" duration="0.000077" asserts="1" />
            <test-case id="1-1093" name="VectorD_Parse" fullname="PlayersWorlds.Maps.VectorTest.VectorD_Parse" methodname="VectorD_Parse" classname="PlayersWorlds.Maps.VectorTest" runstate="Runnable" seed="54369975" result="Passed" start-time="2024-02-25T18:58:21.6084500Z" end-time="2024-02-25T18:58:21.6085190Z" duration="0.000069" asserts="1" />
          </test-suite>
        </test-suite>
      </test-suite>
      <test-suite type="TestFixture" id="1-1000" name="RandomAreaGeneratorTest" fullname="RandomAreaGeneratorTest" classname="RandomAreaGeneratorTest" runstate="Runnable" testcasecount="2" result="Passed" start-time="2024-02-25T18:58:21.6085560Z" end-time="2024-02-25T18:58:21.6168830Z" duration="0.008327" total="2" passed="2" failed="0" warnings="0" inconclusive="0" skipped="0" asserts="3042">
        <test-case id="1-1001" name="ZoneGenerator_CanGenerateZones" fullname="RandomAreaGeneratorTest.ZoneGenerator_CanGenerateZones" methodname="ZoneGenerator_CanGenerateZones" classname="RandomAreaGeneratorTest" runstate="Runnable" seed="430247680" result="Passed" start-time="2024-02-25T18:58:21.6085950Z" end-time="2024-02-25T18:58:21.6162670Z" duration="0.007672" asserts="3006" />
        <test-case id="1-1002" name="ZoneGenerator_CustomSettings" fullname="RandomAreaGeneratorTest.ZoneGenerator_CustomSettings" methodname="ZoneGenerator_CustomSettings" classname="RandomAreaGeneratorTest" runstate="Runnable" seed="1783364172" result="Passed" start-time="2024-02-25T18:58:21.6162760Z" end-time="2024-02-25T18:58:21.6168710Z" duration="0.000596" asserts="36" />
      </test-suite>
    </test-suite>
  </test-suite>
</test-run>