<?xml version="1.0" encoding="utf-8" standalone="no"?>
<test-run id="0" runstate="Runnable" testcasecount="1015" result="Passed" total="206" passed="206" failed="0" warnings="0" inconclusive="0" skipped="0" asserts="8986" engine-version="3.17.0.0" clr-version="4.0.30319.42000" start-time="2024-03-17 12:32:58Z" end-time="2024-03-17 12:32:59Z" duration="1.099182">
  <command-line><![CDATA[/home/data/repos/github.com/aynurin/maze-gen/packages/NUnit.ConsoleRunner.3.17.0/tools/nunit3-console.exe build/Debug/tests/PlayersWorlds.Maps.Tests.dll --framework=mono-4.0 "--where=Category!=Load AND Category!=Integration"]]></command-line>
  <filter>
    <and>
      <not>
        <prop name="Category">Load</prop>
      </not>
      <not>
        <prop name="Category">Integration</prop>
      </not>
    </and>
  </filter>
  <test-suite type="Assembly" id="1-2062" name="PlayersWorlds.Maps.Tests.dll" fullname="/home/data/repos/github.com/aynurin/maze-gen/build/Debug/tests/PlayersWorlds.Maps.Tests.dll" runstate="Runnable" testcasecount="1015" result="Passed" start-time="2024-03-17T12:32:59.0546700Z" end-time="2024-03-17T12:32:59.6951840Z" duration="0.640449" total="206" passed="206" failed="0" warnings="0" inconclusive="0" skipped="0" asserts="8986">
    <environment framework-version="4.0.1.0" clr-version="4.0.30319.42000" os-version="Unix 6.1.71.1" platform="Unix" cwd="/home/data/repos/github.com/aynurin/maze-gen" machine-name="lightview" user="shav" user-domain="lightview" culture="en-US" uiculture="en-US" os-architecture="x64" />
    <settings>
      <setting name="RequestedRuntimeFramework" value="mono-4.0" />
      <setting name="DisposeRunners" value="True" />
      <setting name="WorkDirectory" value="/home/data/repos/github.com/aynurin/maze-gen" />
      <setting name="ImageRuntimeVersion" value="4.0.30319" />
      <setting name="ImageTargetFrameworkName" value=".NETFramework,Version=v4.7" />
      <setting name="ImageRequiresX86" value="False" />
      <setting name="ImageRequiresDefaultAppDomainAssemblyResolver" value="False" />
      <setting name="TargetRuntimeFramework" value="mono-4.0" />
      <setting name="NumberOfTestWorkers" value="24" />
    </settings>
    <properties>
      <property name="_PID" value="1756686" />
      <property name="_APPDOMAIN" value="domain-" />
    </properties>
    <test-suite type="SetUpFixture" id="1-1003" name="[default namespace]" fullname="TestsSetup" classname="TestsSetup" runstate="Runnable" testcasecount="1015" result="Passed" start-time="2024-03-17T12:32:59.0593180Z" end-time="2024-03-17T12:32:59.6951730Z" duration="0.635855" total="206" passed="206" failed="0" warnings="0" inconclusive="0" skipped="0" asserts="8986">
      <test-suite type="TestSuite" id="1-2063" name="PlayersWorlds" fullname="PlayersWorlds" runstate="Runnable" testcasecount="1013" result="Passed" start-time="2024-03-17T12:32:59.0620180Z" end-time="2024-03-17T12:32:59.6950080Z" duration="0.632990" total="206" passed="206" failed="0" warnings="0" inconclusive="0" skipped="0" asserts="8986">
        <test-suite type="TestSuite" id="1-2064" name="Maps" fullname="PlayersWorlds.Maps" runstate="Runnable" testcasecount="1013" result="Passed" start-time="2024-03-17T12:32:59.0620860Z" end-time="2024-03-17T12:32:59.6950030Z" duration="0.632918" total="206" passed="206" failed="0" warnings="0" inconclusive="0" skipped="0" asserts="8986">
          <test-suite type="TestSuite" id="1-2069" name="Areas" fullname="PlayersWorlds.Maps.Areas" runstate="Runnable" testcasecount="138" result="Passed" start-time="2024-03-17T12:32:59.0620950Z" end-time="2024-03-17T12:32:59.2038600Z" duration="0.141765" total="43" passed="43" failed="0" warnings="0" inconclusive="0" skipped="0" asserts="163">
            <test-suite type="TestSuite" id="1-2070" name="Evolving" fullname="PlayersWorlds.Maps.Areas.Evolving" runstate="Runnable" testcasecount="133" result="Passed" start-time="2024-03-17T12:32:59.0621010Z" end-time="2024-03-17T12:32:59.1985760Z" duration="0.136475" total="38" passed="38" failed="0" warnings="0" inconclusive="0" skipped="0" asserts="136">
              <test-suite type="TestFixture" id="1-2003" name="EvolvingSimulatorTest" fullname="PlayersWorlds.Maps.Areas.Evolving.EvolvingSimulatorTest" classname="PlayersWorlds.Maps.Areas.Evolving.EvolvingSimulatorTest" runstate="Runnable" testcasecount="2" result="Passed" start-time="2024-03-17T12:32:59.0621420Z" end-time="2024-03-17T12:32:59.1826040Z" duration="0.120463" total="2" passed="2" failed="0" warnings="0" inconclusive="0" skipped="0" asserts="2">
                <test-case id="1-2005" name="EvolvingSimulator_ReturnsEpochsIfEvolitionIsNotComplete" fullname="PlayersWorlds.Maps.Areas.Evolving.EvolvingSimulatorTest.EvolvingSimulator_ReturnsEpochsIfEvolitionIsNotComplete" methodname="EvolvingSimulator_ReturnsEpochsIfEvolitionIsNotComplete" classname="PlayersWorlds.Maps.Areas.Evolving.EvolvingSimulatorTest" runstate="Runnable" seed="1129294548" result="Passed" start-time="2024-03-17T12:32:59.0622720Z" end-time="2024-03-17T12:32:59.1758480Z" duration="0.113643" asserts="1" />
                <test-case id="1-2004" name="EvolvingSimulator_ThrowsIfMaxEpochsIsZero" fullname="PlayersWorlds.Maps.Areas.Evolving.EvolvingSimulatorTest.EvolvingSimulator_ThrowsIfMaxEpochsIsZero" methodname="EvolvingSimulator_ThrowsIfMaxEpochsIsZero" classname="PlayersWorlds.Maps.Areas.Evolving.EvolvingSimulatorTest" runstate="Runnable" seed="571235793" result="Passed" start-time="2024-03-17T12:32:59.1771100Z" end-time="2024-03-17T12:32:59.1798190Z" duration="0.002709" asserts="1" />
              </test-suite>
              <test-suite type="TestFixture" id="1-2006" name="FloatingAreaTest" fullname="PlayersWorlds.Maps.Areas.Evolving.FloatingAreaTest" classname="PlayersWorlds.Maps.Areas.Evolving.FloatingAreaTest" runstate="Runnable" testcasecount="22" result="Passed" start-time="2024-03-17T12:32:59.1835420Z" end-time="2024-03-17T12:32:59.1909960Z" duration="0.007454" total="6" passed="6" failed="0" warnings="0" inconclusive="0" skipped="0" asserts="13">
                <test-case id="1-2011" name="CenterIsValid" fullname="PlayersWorlds.Maps.Areas.Evolving.FloatingAreaTest.CenterIsValid" methodname="CenterIsValid" classname="PlayersWorlds.Maps.Areas.Evolving.FloatingAreaTest" runstate="Runnable" seed="1754822596" result="Passed" start-time="2024-03-17T12:32:59.1836070Z" end-time="2024-03-17T12:32:59.1876180Z" duration="0.004011" asserts="4" />
                <test-case id="1-2010" name="Contains" fullname="PlayersWorlds.Maps.Areas.Evolving.FloatingAreaTest.Contains" methodname="Contains" classname="PlayersWorlds.Maps.Areas.Evolving.FloatingAreaTest" runstate="Runnable" seed="2070172462" result="Passed" start-time="2024-03-17T12:32:59.1876260Z" end-time="2024-03-17T12:32:59.1889230Z" duration="0.001297" asserts="2" />
                <test-case id="1-2029" name="DistanceToDebug" fullname="PlayersWorlds.Maps.Areas.Evolving.FloatingAreaTest.DistanceToDebug" methodname="DistanceToDebug" classname="PlayersWorlds.Maps.Areas.Evolving.FloatingAreaTest" runstate="Runnable" seed="366699616" result="Passed" start-time="2024-03-17T12:32:59.1889320Z" end-time="2024-03-17T12:32:59.1898540Z" duration="0.000922" asserts="2" />
                <test-case id="1-2009" name="Overlaps" fullname="PlayersWorlds.Maps.Areas.Evolving.FloatingAreaTest.Overlaps" methodname="Overlaps" classname="PlayersWorlds.Maps.Areas.Evolving.FloatingAreaTest" runstate="Runnable" seed="482915910" result="Passed" start-time="2024-03-17T12:32:59.1898620Z" end-time="2024-03-17T12:32:59.1904820Z" duration="0.000620" asserts="2" />
                <test-case id="1-2007" name="Parse" fullname="PlayersWorlds.Maps.Areas.Evolving.FloatingAreaTest.Parse" methodname="Parse" classname="PlayersWorlds.Maps.Areas.Evolving.FloatingAreaTest" runstate="Runnable" seed="1229982133" result="Passed" start-time="2024-03-17T12:32:59.1904900Z" end-time="2024-03-17T12:32:59.1906590Z" duration="0.000169" asserts="2" />
                <test-case id="1-2008" name="ToStringIsValid" fullname="PlayersWorlds.Maps.Areas.Evolving.FloatingAreaTest.ToStringIsValid" methodname="ToStringIsValid" classname="PlayersWorlds.Maps.Areas.Evolving.FloatingAreaTest" runstate="Runnable" seed="2033272879" result="Passed" start-time="2024-03-17T12:32:59.1906660Z" end-time="2024-03-17T12:32:59.1909840Z" duration="0.000318" asserts="1" />
              </test-suite>
              <test-suite type="TestFixture" id="1-2030" name="ForceFormulaTestTest" fullname="PlayersWorlds.Maps.Areas.Evolving.ForceFormulaTestTest" classname="PlayersWorlds.Maps.Areas.Evolving.ForceFormulaTestTest" runstate="Runnable" testcasecount="8" result="Passed" start-time="2024-03-17T12:32:59.1910080Z" end-time="2024-03-17T12:32:59.1938510Z" duration="0.002844" total="8" passed="8" failed="0" warnings="0" inconclusive="0" skipped="0" asserts="42">
                <test-case id="1-2036" name="CollideForce_Negative" fullname="PlayersWorlds.Maps.Areas.Evolving.ForceFormulaTestTest.CollideForce_Negative" methodname="CollideForce_Negative" classname="PlayersWorlds.Maps.Areas.Evolving.ForceFormulaTestTest" runstate="Runnable" seed="1134650742" result="Passed" start-time="2024-03-17T12:32:59.1910690Z" end-time="2024-03-17T12:32:59.1921020Z" duration="0.001033" asserts="9" />
                <test-case id="1-2035" name="CollideForce_Positive" fullname="PlayersWorlds.Maps.Areas.Evolving.ForceFormulaTestTest.CollideForce_Positive" methodname="CollideForce_Positive" classname="PlayersWorlds.Maps.Areas.Evolving.ForceFormulaTestTest" runstate="Runnable" seed="1364275251" result="Passed" start-time="2024-03-17T12:32:59.1921110Z" end-time="2024-03-17T12:32:59.1924220Z" duration="0.000312" asserts="9" />
                <test-case id="1-2032" name="NormalForce_Negative" fullname="PlayersWorlds.Maps.Areas.Evolving.ForceFormulaTestTest.NormalForce_Negative" methodname="NormalForce_Negative" classname="PlayersWorlds.Maps.Areas.Evolving.ForceFormulaTestTest" runstate="Runnable" seed="232868438" result="Passed" start-time="2024-03-17T12:32:59.1924290Z" end-time="2024-03-17T12:32:59.1928430Z" duration="0.000413" asserts="3" />
                <test-case id="1-2034" name="NormalForce_NegativeCapped" fullname="PlayersWorlds.Maps.Areas.Evolving.ForceFormulaTestTest.NormalForce_NegativeCapped" methodname="NormalForce_NegativeCapped" classname="PlayersWorlds.Maps.Areas.Evolving.ForceFormulaTestTest" runstate="Runnable" seed="1462700023" result="Passed" start-time="2024-03-17T12:32:59.1928500Z" end-time="2024-03-17T12:32:59.1930190Z" duration="0.000169" asserts="5" />
                <test-case id="1-2031" name="NormalForce_Positive" fullname="PlayersWorlds.Maps.Areas.Evolving.ForceFormulaTestTest.NormalForce_Positive" methodname="NormalForce_Positive" classname="PlayersWorlds.Maps.Areas.Evolving.ForceFormulaTestTest" runstate="Runnable" seed="471302869" result="Passed" start-time="2024-03-17T12:32:59.1930270Z" end-time="2024-03-17T12:32:59.1931480Z" duration="0.000121" asserts="3" />
                <test-case id="1-2033" name="NormalForce_PositiveCapped" fullname="PlayersWorlds.Maps.Areas.Evolving.ForceFormulaTestTest.NormalForce_PositiveCapped" methodname="NormalForce_PositiveCapped" classname="PlayersWorlds.Maps.Areas.Evolving.ForceFormulaTestTest" runstate="Runnable" seed="1646869639" result="Passed" start-time="2024-03-17T12:32:59.1931540Z" end-time="2024-03-17T12:32:59.1933030Z" duration="0.000149" asserts="5" />
                <test-case id="1-2038" name="OverlapForce_Negative" fullname="PlayersWorlds.Maps.Areas.Evolving.ForceFormulaTestTest.OverlapForce_Negative" methodname="OverlapForce_Negative" classname="PlayersWorlds.Maps.Areas.Evolving.ForceFormulaTestTest" runstate="Runnable" seed="456739612" result="Passed" start-time="2024-03-17T12:32:59.1933090Z" end-time="2024-03-17T12:32:59.1935820Z" duration="0.000274" asserts="4" />
                <test-case id="1-2037" name="OverlapForce_Positive" fullname="PlayersWorlds.Maps.Areas.Evolving.ForceFormulaTestTest.OverlapForce_Positive" methodname="OverlapForce_Positive" classname="PlayersWorlds.Maps.Areas.Evolving.ForceFormulaTestTest" runstate="Runnable" seed="2059626510" result="Passed" start-time="2024-03-17T12:32:59.1935900Z" end-time="2024-03-17T12:32:59.1938400Z" duration="0.000250" asserts="4" />
              </test-suite>
              <test-suite type="TestFixture" id="1-2039" name="SideToSideForceProducerTest" fullname="PlayersWorlds.Maps.Areas.Evolving.SideToSideForceProducerTest" classname="PlayersWorlds.Maps.Areas.Evolving.SideToSideForceProducerTest" runstate="Runnable" testcasecount="22" result="Passed" start-time="2024-03-17T12:32:59.1938640Z" end-time="2024-03-17T12:32:59.1985700Z" duration="0.004706" total="22" passed="22" failed="0" warnings="0" inconclusive="0" skipped="0" asserts="79">
                <test-case id="1-2057" name="GetAxisDistance_Collide" fullname="PlayersWorlds.Maps.Areas.Evolving.SideToSideForceProducerTest.GetAxisDistance_Collide" methodname="GetAxisDistance_Collide" classname="PlayersWorlds.Maps.Areas.Evolving.SideToSideForceProducerTest" runstate="Runnable" seed="1661613350" result="Passed" start-time="2024-03-17T12:32:59.1939340Z" end-time="2024-03-17T12:32:59.1954310Z" duration="0.001496" asserts="6" />
                <test-case id="1-2060" name="GetAxisDistance_Contain1" fullname="PlayersWorlds.Maps.Areas.Evolving.SideToSideForceProducerTest.GetAxisDistance_Contain1" methodname="GetAxisDistance_Contain1" classname="PlayersWorlds.Maps.Areas.Evolving.SideToSideForceProducerTest" runstate="Runnable" seed="1424676788" result="Passed" start-time="2024-03-17T12:32:59.1954390Z" end-time="2024-03-17T12:32:59.1956990Z" duration="0.000260" asserts="6" />
                <test-case id="1-2061" name="GetAxisDistance_Contain2" fullname="PlayersWorlds.Maps.Areas.Evolving.SideToSideForceProducerTest.GetAxisDistance_Contain2" methodname="GetAxisDistance_Contain2" classname="PlayersWorlds.Maps.Areas.Evolving.SideToSideForceProducerTest" runstate="Runnable" seed="1905327046" result="Passed" start-time="2024-03-17T12:32:59.1957060Z" end-time="2024-03-17T12:32:59.1959430Z" duration="0.000237" asserts="6" />
                <test-case id="1-2055" name="GetAxisDistance_Normal1" fullname="PlayersWorlds.Maps.Areas.Evolving.SideToSideForceProducerTest.GetAxisDistance_Normal1" methodname="GetAxisDistance_Normal1" classname="PlayersWorlds.Maps.Areas.Evolving.SideToSideForceProducerTest" runstate="Runnable" seed="1186068789" result="Passed" start-time="2024-03-17T12:32:59.1959490Z" end-time="2024-03-17T12:32:59.1961730Z" duration="0.000223" asserts="6" />
                <test-case id="1-2056" name="GetAxisDistance_Normal2" fullname="PlayersWorlds.Maps.Areas.Evolving.SideToSideForceProducerTest.GetAxisDistance_Normal2" methodname="GetAxisDistance_Normal2" classname="PlayersWorlds.Maps.Areas.Evolving.SideToSideForceProducerTest" runstate="Runnable" seed="745233460" result="Passed" start-time="2024-03-17T12:32:59.1961800Z" end-time="2024-03-17T12:32:59.1964210Z" duration="0.000242" asserts="6" />
                <test-case id="1-2058" name="GetAxisDistance_Overlap1" fullname="PlayersWorlds.Maps.Areas.Evolving.SideToSideForceProducerTest.GetAxisDistance_Overlap1" methodname="GetAxisDistance_Overlap1" classname="PlayersWorlds.Maps.Areas.Evolving.SideToSideForceProducerTest" runstate="Runnable" seed="2029984101" result="Passed" start-time="2024-03-17T12:32:59.1964290Z" end-time="2024-03-17T12:32:59.1966490Z" duration="0.000220" asserts="6" />
                <test-case id="1-2059" name="GetAxisDistance_Overlap2" fullname="PlayersWorlds.Maps.Areas.Evolving.SideToSideForceProducerTest.GetAxisDistance_Overlap2" methodname="GetAxisDistance_Overlap2" classname="PlayersWorlds.Maps.Areas.Evolving.SideToSideForceProducerTest" runstate="Runnable" seed="568369023" result="Passed" start-time="2024-03-17T12:32:59.1966550Z" end-time="2024-03-17T12:32:59.1968760Z" duration="0.000220" asserts="6" />
                <test-case id="1-2049" name="GetOpposingForce_CentersInside_NoOpposingForce" fullname="PlayersWorlds.Maps.Areas.Evolving.SideToSideForceProducerTest.GetOpposingForce_CentersInside_NoOpposingForce" methodname="GetOpposingForce_CentersInside_NoOpposingForce" classname="PlayersWorlds.Maps.Areas.Evolving.SideToSideForceProducerTest" runstate="Runnable" seed="477547158" result="Passed" start-time="2024-03-17T12:32:59.1968830Z" end-time="2024-03-17T12:32:59.1970720Z" duration="0.000189" asserts="2" />
                <test-case id="1-2050" name="GetOpposingForce_CentersInside_WithOpposingForce" fullname="PlayersWorlds.Maps.Areas.Evolving.SideToSideForceProducerTest.GetOpposingForce_CentersInside_WithOpposingForce" methodname="GetOpposingForce_CentersInside_WithOpposingForce" classname="PlayersWorlds.Maps.Areas.Evolving.SideToSideForceProducerTest" runstate="Runnable" seed="2039700469" result="Passed" start-time="2024-03-17T12:32:59.1970800Z" end-time="2024-03-17T12:32:59.1971660Z" duration="0.000087" asserts="2" />
                <test-case id="1-2051" name="GetOpposingForce_CentersOutside_NoOpposingForce" fullname="PlayersWorlds.Maps.Areas.Evolving.SideToSideForceProducerTest.GetOpposingForce_CentersOutside_NoOpposingForce" methodname="GetOpposingForce_CentersOutside_NoOpposingForce" classname="PlayersWorlds.Maps.Areas.Evolving.SideToSideForceProducerTest" runstate="Runnable" seed="1987631879" result="Passed" start-time="2024-03-17T12:32:59.1971730Z" end-time="2024-03-17T12:32:59.1972520Z" duration="0.000079" asserts="2" />
                <test-case id="1-2052" name="GetOpposingForce_CentersOutside_WithOpposingForce" fullname="PlayersWorlds.Maps.Areas.Evolving.SideToSideForceProducerTest.GetOpposingForce_CentersOutside_WithOpposingForce" methodname="GetOpposingForce_CentersOutside_WithOpposingForce" classname="PlayersWorlds.Maps.Areas.Evolving.SideToSideForceProducerTest" runstate="Runnable" seed="804756704" result="Passed" start-time="2024-03-17T12:32:59.1972580Z" end-time="2024-03-17T12:32:59.1973430Z" duration="0.000085" asserts="2" />
                <test-case id="1-2053" name="GetOpposingForce_NoIntersection_NoOpposingForce" fullname="PlayersWorlds.Maps.Areas.Evolving.SideToSideForceProducerTest.GetOpposingForce_NoIntersection_NoOpposingForce" methodname="GetOpposingForce_NoIntersection_NoOpposingForce" classname="PlayersWorlds.Maps.Areas.Evolving.SideToSideForceProducerTest" runstate="Runnable" seed="95443491" result="Passed" start-time="2024-03-17T12:32:59.1973490Z" end-time="2024-03-17T12:32:59.1974230Z" duration="0.000074" asserts="2" />
                <test-case id="1-2054" name="GetOpposingForce_NoIntersection_WithOpposingForce" fullname="PlayersWorlds.Maps.Areas.Evolving.SideToSideForceProducerTest.GetOpposingForce_NoIntersection_WithOpposingForce" methodname="GetOpposingForce_NoIntersection_WithOpposingForce" classname="PlayersWorlds.Maps.Areas.Evolving.SideToSideForceProducerTest" runstate="Runnable" seed="435044066" result="Passed" start-time="2024-03-17T12:32:59.1974280Z" end-time="2024-03-17T12:32:59.1975050Z" duration="0.000077" asserts="2" />
                <test-case id="1-2047" name="GetOpposingForce_WhenCenterMatches_NoOpposingForce" fullname="PlayersWorlds.Maps.Areas.Evolving.SideToSideForceProducerTest.GetOpposingForce_WhenCenterMatches_NoOpposingForce" methodname="GetOpposingForce_WhenCenterMatches_NoOpposingForce" classname="PlayersWorlds.Maps.Areas.Evolving.SideToSideForceProducerTest" runstate="Runnable" seed="1374820963" result="Passed" start-time="2024-03-17T12:32:59.1975110Z" end-time="2024-03-17T12:32:59.1975840Z" duration="0.000073" asserts="2" />
                <test-case id="1-2048" name="GetOpposingForce_WhenCenterMatches_WithOpposingForce" fullname="PlayersWorlds.Maps.Areas.Evolving.SideToSideForceProducerTest.GetOpposingForce_WhenCenterMatches_WithOpposingForce" methodname="GetOpposingForce_WhenCenterMatches_WithOpposingForce" classname="PlayersWorlds.Maps.Areas.Evolving.SideToSideForceProducerTest" runstate="Runnable" seed="1627337531" result="Passed" start-time="2024-03-17T12:32:59.1975900Z" end-time="2024-03-17T12:32:59.1977950Z" duration="0.000205" asserts="2" />
                <test-case id="1-2043" name="MapAreaSystemTest_DistanceCentersMatch" fullname="PlayersWorlds.Maps.Areas.Evolving.SideToSideForceProducerTest.MapAreaSystemTest_DistanceCentersMatch" methodname="MapAreaSystemTest_DistanceCentersMatch" classname="PlayersWorlds.Maps.Areas.Evolving.SideToSideForceProducerTest" runstate="Runnable" seed="367787196" result="Passed" start-time="2024-03-17T12:32:59.1978010Z" end-time="2024-03-17T12:32:59.1979130Z" duration="0.000112" asserts="3" />
                <test-case id="1-2046" name="MapAreaSystemTest_DistanceNegativeCollide" fullname="PlayersWorlds.Maps.Areas.Evolving.SideToSideForceProducerTest.MapAreaSystemTest_DistanceNegativeCollide" methodname="MapAreaSystemTest_DistanceNegativeCollide" classname="PlayersWorlds.Maps.Areas.Evolving.SideToSideForceProducerTest" runstate="Runnable" seed="615780234" result="Passed" start-time="2024-03-17T12:32:59.1979190Z" end-time="2024-03-17T12:32:59.1980250Z" duration="0.000106" asserts="3" />
                <test-case id="1-2044" name="MapAreaSystemTest_DistanceNegativeNormal" fullname="PlayersWorlds.Maps.Areas.Evolving.SideToSideForceProducerTest.MapAreaSystemTest_DistanceNegativeNormal" methodname="MapAreaSystemTest_DistanceNegativeNormal" classname="PlayersWorlds.Maps.Areas.Evolving.SideToSideForceProducerTest" runstate="Runnable" seed="1301138139" result="Passed" start-time="2024-03-17T12:32:59.1980310Z" end-time="2024-03-17T12:32:59.1981330Z" duration="0.000102" asserts="3" />
                <test-case id="1-2045" name="MapAreaSystemTest_DistanceNegativeOverlap" fullname="PlayersWorlds.Maps.Areas.Evolving.SideToSideForceProducerTest.MapAreaSystemTest_DistanceNegativeOverlap" methodname="MapAreaSystemTest_DistanceNegativeOverlap" classname="PlayersWorlds.Maps.Areas.Evolving.SideToSideForceProducerTest" runstate="Runnable" seed="529722200" result="Passed" start-time="2024-03-17T12:32:59.1981390Z" end-time="2024-03-17T12:32:59.1982380Z" duration="0.000099" asserts="3" />
                <test-case id="1-2042" name="MapAreaSystemTest_DistancePositiveCollide" fullname="PlayersWorlds.Maps.Areas.Evolving.SideToSideForceProducerTest.MapAreaSystemTest_DistancePositiveCollide" methodname="MapAreaSystemTest_DistancePositiveCollide" classname="PlayersWorlds.Maps.Areas.Evolving.SideToSideForceProducerTest" runstate="Runnable" seed="1462529392" result="Passed" start-time="2024-03-17T12:32:59.1982440Z" end-time="2024-03-17T12:32:59.1983470Z" duration="0.000103" asserts="3" />
                <test-case id="1-2040" name="MapAreaSystemTest_DistancePositiveNormal" fullname="PlayersWorlds.Maps.Areas.Evolving.SideToSideForceProducerTest.MapAreaSystemTest_DistancePositiveNormal" methodname="MapAreaSystemTest_DistancePositiveNormal" classname="PlayersWorlds.Maps.Areas.Evolving.SideToSideForceProducerTest" runstate="Runnable" seed="1289159100" result="Passed" start-time="2024-03-17T12:32:59.1983540Z" end-time="2024-03-17T12:32:59.1984550Z" duration="0.000101" asserts="3" />
                <test-case id="1-2041" name="MapAreaSystemTest_DistancePositiveOverlap" fullname="PlayersWorlds.Maps.Areas.Evolving.SideToSideForceProducerTest.MapAreaSystemTest_DistancePositiveOverlap" methodname="MapAreaSystemTest_DistancePositiveOverlap" classname="PlayersWorlds.Maps.Areas.Evolving.SideToSideForceProducerTest" runstate="Runnable" seed="842768318" result="Passed" start-time="2024-03-17T12:32:59.1984610Z" end-time="2024-03-17T12:32:59.1985590Z" duration="0.000098" asserts="3" />
              </test-suite>
            </test-suite>
            <test-suite type="TestFixture" id="1-1911" name="MapAreaTest" fullname="PlayersWorlds.Maps.Areas.MapAreaTest" classname="PlayersWorlds.Maps.Areas.MapAreaTest" runstate="Runnable" testcasecount="5" result="Passed" start-time="2024-03-17T12:32:59.1987040Z" end-time="2024-03-17T12:32:59.2038540Z" duration="0.005150" total="5" passed="5" failed="0" warnings="0" inconclusive="0" skipped="0" asserts="27">
              <test-case id="1-1914" name="Overlaps_ReturnsFalseIfDoesNotOverlap" fullname="PlayersWorlds.Maps.Areas.MapAreaTest.Overlaps_ReturnsFalseIfDoesNotOverlap" methodname="Overlaps_ReturnsFalseIfDoesNotOverlap" classname="PlayersWorlds.Maps.Areas.MapAreaTest" runstate="Runnable" seed="1137951950" result="Passed" start-time="2024-03-17T12:32:59.1987650Z" end-time="2024-03-17T12:32:59.2013770Z" duration="0.002612" asserts="15" />
              <test-case id="1-1913" name="Overlaps_ReturnsTrueIfOverlaps" fullname="PlayersWorlds.Maps.Areas.MapAreaTest.Overlaps_ReturnsTrueIfOverlaps" methodname="Overlaps_ReturnsTrueIfOverlaps" classname="PlayersWorlds.Maps.Areas.MapAreaTest" runstate="Runnable" seed="628053727" result="Passed" start-time="2024-03-17T12:32:59.2013850Z" end-time="2024-03-17T12:32:59.2016110Z" duration="0.000226" asserts="7" />
              <test-case id="1-1912" name="Overlaps_ThrowsIfSame" fullname="PlayersWorlds.Maps.Areas.MapAreaTest.Overlaps_ThrowsIfSame" methodname="Overlaps_ThrowsIfSame" classname="PlayersWorlds.Maps.Areas.MapAreaTest" runstate="Runnable" seed="1898989148" result="Passed" start-time="2024-03-17T12:32:59.2016180Z" end-time="2024-03-17T12:32:59.2023330Z" duration="0.000715" asserts="2" />
              <test-case id="1-1915" name="Position_ThrowsIfNotInitialized" fullname="PlayersWorlds.Maps.Areas.MapAreaTest.Position_ThrowsIfNotInitialized" methodname="Position_ThrowsIfNotInitialized" classname="PlayersWorlds.Maps.Areas.MapAreaTest" runstate="Runnable" seed="1904463876" result="Passed" start-time="2024-03-17T12:32:59.2023400Z" end-time="2024-03-17T12:32:59.2034390Z" duration="0.001099" asserts="2" />
              <test-case id="1-1916" name="ThrowsIfWrongParameters" fullname="PlayersWorlds.Maps.Areas.MapAreaTest.ThrowsIfWrongParameters" methodname="ThrowsIfWrongParameters" classname="PlayersWorlds.Maps.Areas.MapAreaTest" runstate="Runnable" seed="329474421" result="Passed" start-time="2024-03-17T12:32:59.2034470Z" end-time="2024-03-17T12:32:59.2038440Z" duration="0.000397" asserts="1" />
            </test-suite>
          </test-suite>
          <test-suite type="TestFixture" id="1-1004" name="AssemblyInfoTest" fullname="PlayersWorlds.Maps.AssemblyInfoTest" classname="PlayersWorlds.Maps.AssemblyInfoTest" runstate="Runnable" testcasecount="2" result="Passed" start-time="2024-03-17T12:32:59.2038710Z" end-time="2024-03-17T12:32:59.2046680Z" duration="0.000797" total="2" passed="2" failed="0" warnings="0" inconclusive="0" skipped="0" asserts="4">
            <test-case id="1-1006" name="TestAssemblyCompany" fullname="PlayersWorlds.Maps.AssemblyInfoTest.TestAssemblyCompany" methodname="TestAssemblyCompany" classname="PlayersWorlds.Maps.AssemblyInfoTest" runstate="Runnable" seed="306627400" result="Passed" start-time="2024-03-17T12:32:59.2039700Z" end-time="2024-03-17T12:32:59.2044190Z" duration="0.000449" asserts="2" />
            <test-case id="1-1005" name="TestAssemblyTitle" fullname="PlayersWorlds.Maps.AssemblyInfoTest.TestAssemblyTitle" methodname="TestAssemblyTitle" classname="PlayersWorlds.Maps.AssemblyInfoTest" runstate="Runnable" seed="1940567374" result="Passed" start-time="2024-03-17T12:32:59.2044260Z" end-time="2024-03-17T12:32:59.2046580Z" duration="0.000231" asserts="2" />
          </test-suite>
          <test-suite type="TestFixture" id="1-1007" name="CellTest" fullname="PlayersWorlds.Maps.CellTest" classname="PlayersWorlds.Maps.CellTest" runstate="Runnable" testcasecount="1" result="Passed" start-time="2024-03-17T12:32:59.2046800Z" end-time="2024-03-17T12:32:59.2051040Z" duration="0.000424" total="1" passed="1" failed="0" warnings="0" inconclusive="0" skipped="0" asserts="3">
            <test-case id="1-1008" name="CellTagEqualityTest" fullname="PlayersWorlds.Maps.CellTest.CellTagEqualityTest" methodname="CellTagEqualityTest" classname="PlayersWorlds.Maps.CellTest" runstate="Runnable" seed="1072985842" result="Passed" start-time="2024-03-17T12:32:59.2047380Z" end-time="2024-03-17T12:32:59.2050940Z" duration="0.000356" asserts="3" />
          </test-suite>
          <test-suite type="TestFixture" id="1-1009" name="ExtensionsTest" fullname="PlayersWorlds.Maps.ExtensionsTest" classname="PlayersWorlds.Maps.ExtensionsTest" runstate="Runnable" testcasecount="7" result="Passed" start-time="2024-03-17T12:32:59.2051170Z" end-time="2024-03-17T12:32:59.2125080Z" duration="0.007391" total="7" passed="7" failed="0" warnings="0" inconclusive="0" skipped="0" asserts="12">
            <test-case id="1-1012" name="DebugString" fullname="PlayersWorlds.Maps.ExtensionsTest.DebugString" methodname="DebugString" classname="PlayersWorlds.Maps.ExtensionsTest" runstate="Runnable" seed="1220606502" result="Passed" start-time="2024-03-17T12:32:59.2051740Z" end-time="2024-03-17T12:32:59.2072990Z" duration="0.002126" asserts="1" />
            <test-case id="1-1015" name="GetAllDictionaryItems" fullname="PlayersWorlds.Maps.ExtensionsTest.GetAllDictionaryItems" methodname="GetAllDictionaryItems" classname="PlayersWorlds.Maps.ExtensionsTest" runstate="Runnable" seed="16333811" result="Passed" start-time="2024-03-17T12:32:59.2073080Z" end-time="2024-03-17T12:32:59.2090080Z" duration="0.001699" asserts="1" />
            <test-case id="1-1016" name="GetAllHashSetKeys" fullname="PlayersWorlds.Maps.ExtensionsTest.GetAllHashSetKeys" methodname="GetAllHashSetKeys" classname="PlayersWorlds.Maps.ExtensionsTest" runstate="Runnable" seed="2101204246" result="Passed" start-time="2024-03-17T12:32:59.2090160Z" end-time="2024-03-17T12:32:59.2098570Z" duration="0.000841" asserts="1" />
            <test-case id="1-1013" name="Set" fullname="PlayersWorlds.Maps.ExtensionsTest.Set" methodname="Set" classname="PlayersWorlds.Maps.ExtensionsTest" runstate="Runnable" seed="1742840448" result="Passed" start-time="2024-03-17T12:32:59.2098650Z" end-time="2024-03-17T12:32:59.2106840Z" duration="0.000819" asserts="3" />
            <test-case id="1-1014" name="SetList" fullname="PlayersWorlds.Maps.ExtensionsTest.SetList" methodname="SetList" classname="PlayersWorlds.Maps.ExtensionsTest" runstate="Runnable" seed="1381018063" result="Passed" start-time="2024-03-17T12:32:59.2106930Z" end-time="2024-03-17T12:32:59.2119650Z" duration="0.001273" asserts="3" />
            <test-case id="1-1011" name="TryDequeue_Dequeues" fullname="PlayersWorlds.Maps.ExtensionsTest.TryDequeue_Dequeues" methodname="TryDequeue_Dequeues" classname="PlayersWorlds.Maps.ExtensionsTest" runstate="Runnable" seed="32486868" result="Passed" start-time="2024-03-17T12:32:59.2119740Z" end-time="2024-03-17T12:32:59.2123690Z" duration="0.000395" asserts="2" />
            <test-case id="1-1010" name="TryDequeue_DoesNotThrow" fullname="PlayersWorlds.Maps.ExtensionsTest.TryDequeue_DoesNotThrow" methodname="TryDequeue_DoesNotThrow" classname="PlayersWorlds.Maps.ExtensionsTest" runstate="Runnable" seed="660228909" result="Passed" start-time="2024-03-17T12:32:59.2123760Z" end-time="2024-03-17T12:32:59.2124970Z" duration="0.000120" asserts="1" />
          </test-suite>
          <test-suite type="TestFixture" id="1-1017" name="GlobalRandomTest" fullname="PlayersWorlds.Maps.GlobalRandomTest" classname="PlayersWorlds.Maps.GlobalRandomTest" runstate="Runnable" testcasecount="3" result="Passed" start-time="2024-03-17T12:32:59.2125210Z" end-time="2024-03-17T12:32:59.2216530Z" duration="0.009132" total="3" passed="3" failed="0" warnings="0" inconclusive="0" skipped="0" asserts="1002">
            <test-case id="1-1018" name="RandomCollectionItem" fullname="PlayersWorlds.Maps.GlobalRandomTest.RandomCollectionItem" methodname="RandomCollectionItem" classname="PlayersWorlds.Maps.GlobalRandomTest" runstate="Runnable" seed="969204230" result="Passed" start-time="2024-03-17T12:32:59.2125800Z" end-time="2024-03-17T12:32:59.2197690Z" duration="0.007189" asserts="1" />
            <test-case id="1-1020" name="RandomInRange" fullname="PlayersWorlds.Maps.GlobalRandomTest.RandomInRange" methodname="RandomInRange" classname="PlayersWorlds.Maps.GlobalRandomTest" runstate="Runnable" seed="1595649124" result="Passed" start-time="2024-03-17T12:32:59.2197800Z" end-time="2024-03-17T12:32:59.2214320Z" duration="0.001652" asserts="1000" />
            <test-case id="1-1019" name="ThrowsIfEmptyCollection" fullname="PlayersWorlds.Maps.GlobalRandomTest.ThrowsIfEmptyCollection" methodname="ThrowsIfEmptyCollection" classname="PlayersWorlds.Maps.GlobalRandomTest" runstate="Runnable" seed="1283820519" result="Passed" start-time="2024-03-17T12:32:59.2214440Z" end-time="2024-03-17T12:32:59.2216430Z" duration="0.000200" asserts="1" />
          </test-suite>
          <test-suite type="TestFixture" id="1-1021" name="Map2DTest" fullname="PlayersWorlds.Maps.Map2DTest" classname="PlayersWorlds.Maps.Map2DTest" runstate="Runnable" testcasecount="1" result="Passed" start-time="2024-03-17T12:32:59.2216660Z" end-time="2024-03-17T12:32:59.2247780Z" duration="0.003113" total="1" passed="1" failed="0" warnings="0" inconclusive="0" skipped="0" asserts="6">
            <test-case id="1-1022" name="ParseMap" fullname="PlayersWorlds.Maps.Map2DTest.ParseMap" methodname="ParseMap" classname="PlayersWorlds.Maps.Map2DTest" runstate="Runnable" seed="1689270669" result="Passed" start-time="2024-03-17T12:32:59.2227900Z" end-time="2024-03-17T12:32:59.2247620Z" duration="0.001972" asserts="6" />
          </test-suite>
          <test-suite type="TestSuite" id="1-2068" name="MapFilters" fullname="PlayersWorlds.Maps.MapFilters" runstate="Runnable" testcasecount="5" result="Passed" start-time="2024-03-17T12:32:59.0621120Z" end-time="2024-03-17T12:32:59.2325290Z" duration="0.170417" total="5" passed="5" failed="0" warnings="0" inconclusive="0" skipped="0" asserts="10">
            <test-suite type="TestFixture" id="1-1905" name="Map2DEraseSpotsTest" fullname="PlayersWorlds.Maps.MapFilters.Map2DEraseSpotsTest" classname="PlayersWorlds.Maps.MapFilters.Map2DEraseSpotsTest" runstate="Runnable" testcasecount="5" result="Passed" start-time="2024-03-17T12:32:59.2247920Z" end-time="2024-03-17T12:32:59.2325230Z" duration="0.007731" total="5" passed="5" failed="0" warnings="0" inconclusive="0" skipped="0" asserts="10">
              <test-case id="1-1906" name="BackslashEraseSpots" fullname="PlayersWorlds.Maps.MapFilters.Map2DEraseSpotsTest.BackslashEraseSpots" methodname="BackslashEraseSpots" classname="PlayersWorlds.Maps.MapFilters.Map2DEraseSpotsTest" runstate="Runnable" seed="1811090556" result="Passed" start-time="2024-03-17T12:32:59.2248480Z" end-time="2024-03-17T12:32:59.2300370Z" duration="0.005189" asserts="1" />
              <test-case id="1-1910" name="SmoothBoxEraseSpots" fullname="PlayersWorlds.Maps.MapFilters.Map2DEraseSpotsTest.SmoothBoxEraseSpots" methodname="SmoothBoxEraseSpots" classname="PlayersWorlds.Maps.MapFilters.Map2DEraseSpotsTest" runstate="Runnable" seed="765445658" result="Passed" start-time="2024-03-17T12:32:59.2300490Z" end-time="2024-03-17T12:32:59.2306110Z" duration="0.000563" asserts="1" />
              <test-case id="1-1909" name="SmoothBoxVoidBgEraseSpots" fullname="PlayersWorlds.Maps.MapFilters.Map2DEraseSpotsTest.SmoothBoxVoidBgEraseSpots" methodname="SmoothBoxVoidBgEraseSpots" classname="PlayersWorlds.Maps.MapFilters.Map2DEraseSpotsTest" runstate="Runnable" seed="1120554042" result="Passed" start-time="2024-03-17T12:32:59.2306200Z" end-time="2024-03-17T12:32:59.2309930Z" duration="0.000373" asserts="1" />
              <test-case id="1-1908" name="Spot1x3SpotsEraseSpots" fullname="PlayersWorlds.Maps.MapFilters.Map2DEraseSpotsTest.Spot1x3SpotsEraseSpots" methodname="Spot1x3SpotsEraseSpots" classname="PlayersWorlds.Maps.MapFilters.Map2DEraseSpotsTest" runstate="Runnable" seed="1086516223" result="Passed" start-time="2024-03-17T12:32:59.2310000Z" end-time="2024-03-17T12:32:59.2313620Z" duration="0.000361" asserts="1" />
              <test-case id="1-1907" name="VariousSpotsEraseSpots" fullname="PlayersWorlds.Maps.MapFilters.Map2DEraseSpotsTest.VariousSpotsEraseSpots" methodname="VariousSpotsEraseSpots" classname="PlayersWorlds.Maps.MapFilters.Map2DEraseSpotsTest" runstate="Runnable" seed="1527177666" result="Passed" start-time="2024-03-17T12:32:59.2313680Z" end-time="2024-03-17T12:32:59.2325090Z" duration="0.001140" asserts="6" />
            </test-suite>
          </test-suite>
          <test-suite type="TestSuite" id="1-2066" name="Maze" fullname="PlayersWorlds.Maps.Maze" runstate="Runnable" testcasecount="776" result="Passed" start-time="2024-03-17T12:32:59.0621170Z" end-time="2024-03-17T12:32:59.6488210Z" duration="0.586704" total="64" passed="64" failed="0" warnings="0" inconclusive="0" skipped="0" asserts="7358">
            <test-suite type="TestFixture" id="1-1109" name="Maze2DBuilderTest" fullname="PlayersWorlds.Maps.Maze.Maze2DBuilderTest" classname="PlayersWorlds.Maps.Maze.Maze2DBuilderTest" runstate="Runnable" testcasecount="21" result="Passed" start-time="2024-03-17T12:32:59.2325390Z" end-time="2024-03-17T12:32:59.3565740Z" duration="0.124035" total="21" passed="21" failed="0" warnings="0" inconclusive="0" skipped="0" asserts="7097">
              <test-case id="1-1128" name="ApplyAreas" fullname="PlayersWorlds.Maps.Maze.Maze2DBuilderTest.ApplyAreas" methodname="ApplyAreas" classname="PlayersWorlds.Maps.Maze.Maze2DBuilderTest" runstate="Runnable" seed="1653607088" result="Passed" start-time="2024-03-17T12:32:59.2325960Z" end-time="2024-03-17T12:32:59.2472370Z" duration="0.014642" asserts="5" />
              <test-case id="1-1110" name="BuildsCorrectCellsCollections" fullname="PlayersWorlds.Maps.Maze.Maze2DBuilderTest.BuildsCorrectCellsCollections" methodname="BuildsCorrectCellsCollections" classname="PlayersWorlds.Maps.Maze.Maze2DBuilderTest" runstate="Runnable" seed="1478962955" result="Passed" start-time="2024-03-17T12:32:59.2472490Z" end-time="2024-03-17T12:32:59.2482090Z" duration="0.000960" asserts="2" />
              <test-case id="1-1111" name="BuildsCorrectCellsCollectionsWithHallAreas" fullname="PlayersWorlds.Maps.Maze.Maze2DBuilderTest.BuildsCorrectCellsCollectionsWithHallAreas" methodname="BuildsCorrectCellsCollectionsWithHallAreas" classname="PlayersWorlds.Maps.Maze.Maze2DBuilderTest" runstate="Runnable" seed="1820701537" result="Passed" start-time="2024-03-17T12:32:59.2482220Z" end-time="2024-03-17T12:32:59.2502610Z" duration="0.002040" asserts="4" />
              <test-case id="1-1112" name="BuildsCorrectCellsCollectionsWithHallAreasAtTheEdge" fullname="PlayersWorlds.Maps.Maze.Maze2DBuilderTest.BuildsCorrectCellsCollectionsWithHallAreasAtTheEdge" methodname="BuildsCorrectCellsCollectionsWithHallAreasAtTheEdge" classname="PlayersWorlds.Maps.Maze.Maze2DBuilderTest" runstate="Runnable" seed="496275631" result="Passed" start-time="2024-03-17T12:32:59.2502730Z" end-time="2024-03-17T12:32:59.2508810Z" duration="0.000609" asserts="4" />
              <test-case id="1-1130" name="CanConnect" fullname="PlayersWorlds.Maps.Maze.Maze2DBuilderTest.CanConnect" methodname="CanConnect" classname="PlayersWorlds.Maps.Maze.Maze2DBuilderTest" runstate="Runnable" seed="223412787" result="Passed" start-time="2024-03-17T12:32:59.2509290Z" end-time="2024-03-17T12:32:59.2524600Z" duration="0.001531" asserts="11" />
              <test-case id="1-1118" name="IsFillComplete_Full" fullname="PlayersWorlds.Maps.Maze.Maze2DBuilderTest.IsFillComplete_Full" methodname="IsFillComplete_Full" classname="PlayersWorlds.Maps.Maze.Maze2DBuilderTest" runstate="Runnable" seed="324093674" result="Passed" start-time="2024-03-17T12:32:59.2524710Z" end-time="2024-03-17T12:32:59.2530400Z" duration="0.000569" asserts="4" />
              <test-case id="1-1121" name="IsFillComplete_Full_WithCave" fullname="PlayersWorlds.Maps.Maze.Maze2DBuilderTest.IsFillComplete_Full_WithCave" methodname="IsFillComplete_Full_WithCave" classname="PlayersWorlds.Maps.Maze.Maze2DBuilderTest" runstate="Runnable" seed="1729996063" result="Passed" start-time="2024-03-17T12:32:59.2530480Z" end-time="2024-03-17T12:32:59.2538600Z" duration="0.000812" asserts="3" />
              <test-case id="1-1120" name="IsFillComplete_Full_WithFill" fullname="PlayersWorlds.Maps.Maze.Maze2DBuilderTest.IsFillComplete_Full_WithFill" methodname="IsFillComplete_Full_WithFill" classname="PlayersWorlds.Maps.Maze.Maze2DBuilderTest" runstate="Runnable" seed="506769203" result="Passed" start-time="2024-03-17T12:32:59.2538710Z" end-time="2024-03-17T12:32:59.2546700Z" duration="0.000799" asserts="2" />
              <test-case id="1-1119" name="IsFillComplete_Full_WithHall" fullname="PlayersWorlds.Maps.Maze.Maze2DBuilderTest.IsFillComplete_Full_WithHall" methodname="IsFillComplete_Full_WithHall" classname="PlayersWorlds.Maps.Maze.Maze2DBuilderTest" runstate="Runnable" seed="1197758742" result="Passed" start-time="2024-03-17T12:32:59.2546810Z" end-time="2024-03-17T12:32:59.2552800Z" duration="0.000599" asserts="2" />
              <test-case id="1-1123" name="IsFillComplete_FullHeight" fullname="PlayersWorlds.Maps.Maze.Maze2DBuilderTest.IsFillComplete_FullHeight" methodname="IsFillComplete_FullHeight" classname="PlayersWorlds.Maps.Maze.Maze2DBuilderTest" runstate="Runnable" seed="1685040757" result="Passed" start-time="2024-03-17T12:32:59.2552910Z" end-time="2024-03-17T12:32:59.2558080Z" duration="0.000517" asserts="3" />
              <test-case id="1-1122" name="IsFillComplete_FullWidth" fullname="PlayersWorlds.Maps.Maze.Maze2DBuilderTest.IsFillComplete_FullWidth" methodname="IsFillComplete_FullWidth" classname="PlayersWorlds.Maps.Maze.Maze2DBuilderTest" runstate="Runnable" seed="1822146521" result="Passed" start-time="2024-03-17T12:32:59.2558190Z" end-time="2024-03-17T12:32:59.2561050Z" duration="0.000286" asserts="3" />
              <test-case id="1-1125" name="IsFillComplete_Half" fullname="PlayersWorlds.Maps.Maze.Maze2DBuilderTest.IsFillComplete_Half" methodname="IsFillComplete_Half" classname="PlayersWorlds.Maps.Maze.Maze2DBuilderTest" runstate="Runnable" seed="121402508" result="Passed" start-time="2024-03-17T12:32:59.2561120Z" end-time="2024-03-17T12:32:59.2562860Z" duration="0.000174" asserts="2" />
              <test-case id="1-1127" name="IsFillComplete_NinetyPercent" fullname="PlayersWorlds.Maps.Maze.Maze2DBuilderTest.IsFillComplete_NinetyPercent" methodname="IsFillComplete_NinetyPercent" classname="PlayersWorlds.Maps.Maze.Maze2DBuilderTest" runstate="Runnable" seed="891833181" result="Passed" start-time="2024-03-17T12:32:59.2562930Z" end-time="2024-03-17T12:32:59.2568760Z" duration="0.000583" asserts="4" />
              <test-case id="1-1117" name="IsFillComplete_NoCells" fullname="PlayersWorlds.Maps.Maze.Maze2DBuilderTest.IsFillComplete_NoCells" methodname="IsFillComplete_NoCells" classname="PlayersWorlds.Maps.Maze.Maze2DBuilderTest" runstate="Runnable" seed="1058579203" result="Passed" start-time="2024-03-17T12:32:59.2568840Z" end-time="2024-03-17T12:32:59.2570650Z" duration="0.000181" asserts="1" />
              <test-case id="1-1124" name="IsFillComplete_Quarter" fullname="PlayersWorlds.Maps.Maze.Maze2DBuilderTest.IsFillComplete_Quarter" methodname="IsFillComplete_Quarter" classname="PlayersWorlds.Maps.Maze.Maze2DBuilderTest" runstate="Runnable" seed="2041904884" result="Passed" start-time="2024-03-17T12:32:59.2570710Z" end-time="2024-03-17T12:32:59.2572290Z" duration="0.000158" asserts="2" />
              <test-case id="1-1126" name="IsFillComplete_ThreeQuarters" fullname="PlayersWorlds.Maps.Maze.Maze2DBuilderTest.IsFillComplete_ThreeQuarters" methodname="IsFillComplete_ThreeQuarters" classname="PlayersWorlds.Maps.Maze.Maze2DBuilderTest" runstate="Runnable" seed="2016566880" result="Passed" start-time="2024-03-17T12:32:59.2572350Z" end-time="2024-03-17T12:32:59.2574330Z" duration="0.000197" asserts="3" />
              <test-case id="1-1116" name="IterateUnlinkedCells_IteratesAllAvailableCells" fullname="PlayersWorlds.Maps.Maze.Maze2DBuilderTest.IterateUnlinkedCells_IteratesAllAvailableCells" methodname="IterateUnlinkedCells_IteratesAllAvailableCells" classname="PlayersWorlds.Maps.Maze.Maze2DBuilderTest" runstate="Runnable" seed="988083689" result="Passed" start-time="2024-03-17T12:32:59.2574400Z" end-time="2024-03-17T12:32:59.2600030Z" duration="0.002563" asserts="28" />
              <test-case id="1-1115" name="MarkConnected" fullname="PlayersWorlds.Maps.Maze.Maze2DBuilderTest.MarkConnected" methodname="MarkConnected" classname="PlayersWorlds.Maps.Maze.Maze2DBuilderTest" runstate="Runnable" seed="1092255373" result="Passed" start-time="2024-03-17T12:32:59.2600140Z" end-time="2024-03-17T12:32:59.2605190Z" duration="0.000505" asserts="7" />
              <test-case id="1-1129" name="OverlappingAreas_ProduceValidPriorityCells" fullname="PlayersWorlds.Maps.Maze.Maze2DBuilderTest.OverlappingAreas_ProduceValidPriorityCells" methodname="OverlappingAreas_ProduceValidPriorityCells" classname="PlayersWorlds.Maps.Maze.Maze2DBuilderTest" runstate="Runnable" seed="2053207659" result="Passed" start-time="2024-03-17T12:32:59.2605300Z" end-time="2024-03-17T12:32:59.2641750Z" duration="0.003645" asserts="4" />
              <test-case id="1-1114" name="PickRandomNeighborToLink" fullname="PlayersWorlds.Maps.Maze.Maze2DBuilderTest.PickRandomNeighborToLink" methodname="PickRandomNeighborToLink" classname="PlayersWorlds.Maps.Maze.Maze2DBuilderTest" runstate="Runnable" seed="638865602" result="Passed" start-time="2024-03-17T12:32:59.2641870Z" end-time="2024-03-17T12:32:59.2712000Z" duration="0.007013" asserts="5000" />
              <test-case id="1-1113" name="PicksPriorityCellsWhenAvailable" fullname="PlayersWorlds.Maps.Maze.Maze2DBuilderTest.PicksPriorityCellsWhenAvailable" methodname="PicksPriorityCellsWhenAvailable" classname="PlayersWorlds.Maps.Maze.Maze2DBuilderTest" runstate="Runnable" seed="2105429697" result="Passed" start-time="2024-03-17T12:32:59.2712180Z" end-time="2024-03-17T12:32:59.3565570Z" duration="0.085339" asserts="2003" />
            </test-suite>
            <test-suite type="TestFixture" id="1-1131" name="Maze2DRendererTest" fullname="PlayersWorlds.Maps.Maze.Maze2DRendererTest" classname="PlayersWorlds.Maps.Maze.Maze2DRendererTest" runstate="Runnable" testcasecount="1" result="Passed" start-time="2024-03-17T12:32:59.3565870Z" end-time="2024-03-17T12:32:59.3586510Z" duration="0.002064" total="1" passed="1" failed="0" warnings="0" inconclusive="0" skipped="0" asserts="1">
              <test-case id="1-1132" name="ThrowsIfCantFit" fullname="PlayersWorlds.Maps.Maze.Maze2DRendererTest.ThrowsIfCantFit" methodname="ThrowsIfCantFit" classname="PlayersWorlds.Maps.Maze.Maze2DRendererTest" runstate="Runnable" seed="2053278643" result="Passed" start-time="2024-03-17T12:32:59.3566450Z" end-time="2024-03-17T12:32:59.3586360Z" duration="0.001991" asserts="1" />
            </test-suite>
            <test-suite type="TestFixture" id="1-1133" name="Maze2DTest" fullname="PlayersWorlds.Maps.Maze.Maze2DTest" classname="PlayersWorlds.Maps.Maze.Maze2DTest" runstate="Runnable" testcasecount="14" result="Passed" start-time="2024-03-17T12:32:59.3586620Z" end-time="2024-03-17T12:32:59.4061670Z" duration="0.047505" total="14" passed="14" failed="0" warnings="0" inconclusive="0" skipped="0" asserts="180">
              <test-case id="1-1141" name="Maze2D_AddsNoRoomsToASmallMaze" fullname="PlayersWorlds.Maps.Maze.Maze2DTest.Maze2D_AddsNoRoomsToASmallMaze" methodname="Maze2D_AddsNoRoomsToASmallMaze" classname="PlayersWorlds.Maps.Maze.Maze2DTest" runstate="Runnable" seed="1897725014" result="Passed" start-time="2024-03-17T12:32:59.3587180Z" end-time="2024-03-17T12:32:59.3749950Z" duration="0.016277" asserts="1" />
              <test-case id="1-1140" name="Maze2D_AddsNoRoomsWhenNoneRequested" fullname="PlayersWorlds.Maps.Maze.Maze2DTest.Maze2D_AddsNoRoomsWhenNoneRequested" methodname="Maze2D_AddsNoRoomsWhenNoneRequested" classname="PlayersWorlds.Maps.Maze.Maze2DTest" runstate="Runnable" seed="1368921666" result="Passed" start-time="2024-03-17T12:32:59.3750060Z" end-time="2024-03-17T12:32:59.3781020Z" duration="0.003096" asserts="1" />
              <test-case id="1-1144" name="Maze2D_AddsOneFill" fullname="PlayersWorlds.Maps.Maze.Maze2DTest.Maze2D_AddsOneFill" methodname="Maze2D_AddsOneFill" classname="PlayersWorlds.Maps.Maze.Maze2DTest" runstate="Runnable" seed="52950418" result="Passed" start-time="2024-03-17T12:32:59.3781210Z" end-time="2024-03-17T12:32:59.3842310Z" duration="0.006110" asserts="2" />
              <test-case id="1-1143" name="Maze2D_AddsOneHall" fullname="PlayersWorlds.Maps.Maze.Maze2DTest.Maze2D_AddsOneHall" methodname="Maze2D_AddsOneHall" classname="PlayersWorlds.Maps.Maze.Maze2DTest" runstate="Runnable" seed="1807162146" result="Passed" start-time="2024-03-17T12:32:59.3842420Z" end-time="2024-03-17T12:32:59.3858490Z" duration="0.001607" asserts="2" />
              <test-case id="1-1142" name="Maze2D_AddsRooms" fullname="PlayersWorlds.Maps.Maze.Maze2DTest.Maze2D_AddsRooms" methodname="Maze2D_AddsRooms" classname="PlayersWorlds.Maps.Maze.Maze2DTest" runstate="Runnable" seed="1461758083" result="Passed" start-time="2024-03-17T12:32:59.3858590Z" end-time="2024-03-17T12:32:59.3922030Z" duration="0.006344" asserts="1" />
              <test-case id="1-1136" name="Maze2D_AllowsOnly2D" fullname="PlayersWorlds.Maps.Maze.Maze2DTest.Maze2D_AllowsOnly2D" methodname="Maze2D_AllowsOnly2D" classname="PlayersWorlds.Maps.Maze.Maze2DTest" runstate="Runnable" seed="626672566" result="Passed" start-time="2024-03-17T12:32:59.3922150Z" end-time="2024-03-17T12:32:59.3924410Z" duration="0.000227" asserts="1" />
              <test-case id="1-1146" name="Maze2D_CanParse" fullname="PlayersWorlds.Maps.Maze.Maze2DTest.Maze2D_CanParse" methodname="Maze2D_CanParse" classname="PlayersWorlds.Maps.Maze.Maze2DTest" runstate="Runnable" seed="771118630" result="Passed" start-time="2024-03-17T12:32:59.3924490Z" end-time="2024-03-17T12:32:59.3940420Z" duration="0.001594" asserts="16" />
              <test-case id="1-1147" name="Maze2D_CanParse2" fullname="PlayersWorlds.Maps.Maze.Maze2DTest.Maze2D_CanParse2" methodname="Maze2D_CanParse2" classname="PlayersWorlds.Maps.Maze.Maze2DTest" runstate="Runnable" seed="1359889422" result="Passed" start-time="2024-03-17T12:32:59.3940540Z" end-time="2024-03-17T12:32:59.3941970Z" duration="0.000143" asserts="1" />
              <test-case id="1-1139" name="Maze2D_CanRenderMap" fullname="PlayersWorlds.Maps.Maze.Maze2DTest.Maze2D_CanRenderMap" methodname="Maze2D_CanRenderMap" classname="PlayersWorlds.Maps.Maze.Maze2DTest" runstate="Runnable" seed="504864810" result="Passed" start-time="2024-03-17T12:32:59.3942040Z" end-time="2024-03-17T12:32:59.3995890Z" duration="0.005385" asserts="1" />
              <test-case id="1-1138" name="Maze2D_CellsNeighborsAreValid" fullname="PlayersWorlds.Maps.Maze.Maze2DTest.Maze2D_CellsNeighborsAreValid" methodname="Maze2D_CellsNeighborsAreValid" classname="PlayersWorlds.Maps.Maze.Maze2DTest" runstate="Runnable" seed="146645369" result="Passed" start-time="2024-03-17T12:32:59.3996010Z" end-time="2024-03-17T12:32:59.4006770Z" duration="0.001076" asserts="136" />
              <test-case id="1-1145" name="Maze2D_HasAttributesSet" fullname="PlayersWorlds.Maps.Maze.Maze2DTest.Maze2D_HasAttributesSet" methodname="Maze2D_HasAttributesSet" classname="PlayersWorlds.Maps.Maze.Maze2DTest" runstate="Runnable" seed="460582892" result="Passed" start-time="2024-03-17T12:32:59.4006890Z" end-time="2024-03-17T12:32:59.4011890Z" duration="0.000500" asserts="2" />
              <test-case id="1-1134" name="Maze2D_IsInitialized" fullname="PlayersWorlds.Maps.Maze.Maze2DTest.Maze2D_IsInitialized" methodname="Maze2D_IsInitialized" classname="PlayersWorlds.Maps.Maze.Maze2DTest" runstate="Runnable" seed="1866931842" result="Passed" start-time="2024-03-17T12:32:59.4011970Z" end-time="2024-03-17T12:32:59.4013610Z" duration="0.000165" asserts="4" />
              <test-case id="1-1137" name="Maze2D_ToMapWrongOptions" fullname="PlayersWorlds.Maps.Maze.Maze2DTest.Maze2D_ToMapWrongOptions" methodname="Maze2D_ToMapWrongOptions" classname="PlayersWorlds.Maps.Maze.Maze2DTest" runstate="Runnable" seed="1813199506" result="Passed" start-time="2024-03-17T12:32:59.4013680Z" end-time="2024-03-17T12:32:59.4057710Z" duration="0.004403" asserts="7" />
              <test-case id="1-1135" name="Maze2D_WrongSize" fullname="PlayersWorlds.Maps.Maze.Maze2DTest.Maze2D_WrongSize" methodname="Maze2D_WrongSize" classname="PlayersWorlds.Maps.Maze.Maze2DTest" runstate="Runnable" seed="944011732" result="Passed" start-time="2024-03-17T12:32:59.4057820Z" end-time="2024-03-17T12:32:59.4061550Z" duration="0.000373" asserts="5" />
            </test-suite>
            <test-suite type="TestFixture" id="1-1148" name="MazeCellTest" fullname="PlayersWorlds.Maps.Maze.MazeCellTest" classname="PlayersWorlds.Maps.Maze.MazeCellTest" runstate="Runnable" testcasecount="5" result="Passed" start-time="2024-03-17T12:32:59.4061790Z" end-time="2024-03-17T12:32:59.4091800Z" duration="0.003001" total="5" passed="5" failed="0" warnings="0" inconclusive="0" skipped="0" asserts="23">
              <test-case id="1-1151" name="CanAssignMapAreaOnce" fullname="PlayersWorlds.Maps.Maze.MazeCellTest.CanAssignMapAreaOnce" methodname="CanAssignMapAreaOnce" classname="PlayersWorlds.Maps.Maze.MazeCellTest" runstate="Runnable" seed="561015612" result="Passed" start-time="2024-03-17T12:32:59.4062340Z" end-time="2024-03-17T12:32:59.4073390Z" duration="0.001105" asserts="4" />
              <test-case id="1-1153" name="DoubleLinkingThrowsError" fullname="PlayersWorlds.Maps.Maze.MazeCellTest.DoubleLinkingThrowsError" methodname="DoubleLinkingThrowsError" classname="PlayersWorlds.Maps.Maze.MazeCellTest" runstate="Runnable" seed="2135889693" result="Passed" start-time="2024-03-17T12:32:59.4073470Z" end-time="2024-03-17T12:32:59.4075030Z" duration="0.000156" asserts="1" />
              <test-case id="1-1149" name="LinksAreMutual" fullname="PlayersWorlds.Maps.Maze.MazeCellTest.LinksAreMutual" methodname="LinksAreMutual" classname="PlayersWorlds.Maps.Maze.MazeCellTest" runstate="Runnable" seed="394871116" result="Passed" start-time="2024-03-17T12:32:59.4075110Z" end-time="2024-03-17T12:32:59.4084830Z" duration="0.000972" asserts="10" />
              <test-case id="1-1150" name="LinksOnlyWithNeighbors" fullname="PlayersWorlds.Maps.Maze.MazeCellTest.LinksOnlyWithNeighbors" methodname="LinksOnlyWithNeighbors" classname="PlayersWorlds.Maps.Maze.MazeCellTest" runstate="Runnable" seed="1236312966" result="Passed" start-time="2024-03-17T12:32:59.4084910Z" end-time="2024-03-17T12:32:59.4088260Z" duration="0.000335" asserts="1" />
              <test-case id="1-1152" name="ToStringTest" fullname="PlayersWorlds.Maps.Maze.MazeCellTest.ToStringTest" methodname="ToStringTest" classname="PlayersWorlds.Maps.Maze.MazeCellTest" runstate="Runnable" seed="238316363" result="Passed" start-time="2024-03-17T12:32:59.4088340Z" end-time="2024-03-17T12:32:59.4091690Z" duration="0.000336" asserts="7" />
            </test-suite>
            <test-suite type="TestFixture" id="1-1362" name="MazeGeneratorTest" fullname="PlayersWorlds.Maps.Maze.MazeGeneratorTest" classname="PlayersWorlds.Maps.Maze.MazeGeneratorTest" runstate="Runnable" testcasecount="527" result="Passed" start-time="2024-03-17T12:32:59.4091910Z" end-time="2024-03-17T12:32:59.6160340Z" duration="0.206843" total="16" passed="16" failed="0" warnings="0" inconclusive="0" skipped="0" asserts="36">
              <test-suite type="ParameterizedMethod" id="1-1370" name="CanGenerateMazes" fullname="PlayersWorlds.Maps.Maze.MazeGeneratorTest.CanGenerateMazes" classname="PlayersWorlds.Maps.Maze.MazeGeneratorTest" runstate="Runnable" testcasecount="6" result="Passed" start-time="2024-03-17T12:32:59.4092430Z" end-time="2024-03-17T12:32:59.5718760Z" duration="0.162633" total="6" passed="6" failed="0" warnings="0" inconclusive="0" skipped="0" asserts="12">
                <test-case id="1-1364" name="CanGenerateMazes(PlayersWorlds.Maps.Maze.AldousBroderMazeGenerator)" fullname="PlayersWorlds.Maps.Maze.MazeGeneratorTest.CanGenerateMazes(PlayersWorlds.Maps.Maze.AldousBroderMazeGenerator)" methodname="CanGenerateMazes" classname="PlayersWorlds.Maps.Maze.MazeGeneratorTest" runstate="Runnable" seed="1697270314" result="Passed" start-time="2024-03-17T12:32:59.4093120Z" end-time="2024-03-17T12:32:59.4410630Z" duration="0.031751" asserts="2" />
                <test-case id="1-1365" name="CanGenerateMazes(PlayersWorlds.Maps.Maze.BinaryTreeMazeGenerator)" fullname="PlayersWorlds.Maps.Maze.MazeGeneratorTest.CanGenerateMazes(PlayersWorlds.Maps.Maze.BinaryTreeMazeGenerator)" methodname="CanGenerateMazes" classname="PlayersWorlds.Maps.Maze.MazeGeneratorTest" runstate="Runnable" seed="270103979" result="Passed" start-time="2024-03-17T12:32:59.4410820Z" end-time="2024-03-17T12:32:59.4680960Z" duration="0.027015" asserts="2" />
                <test-case id="1-1366" name="CanGenerateMazes(PlayersWorlds.Maps.Maze.HuntAndKillMazeGenerator)" fullname="PlayersWorlds.Maps.Maze.MazeGeneratorTest.CanGenerateMazes(PlayersWorlds.Maps.Maze.HuntAndKillMazeGenerator)" methodname="CanGenerateMazes" classname="PlayersWorlds.Maps.Maze.MazeGeneratorTest" runstate="Runnable" seed="1035717809" result="Passed" start-time="2024-03-17T12:32:59.4681140Z" end-time="2024-03-17T12:32:59.4931350Z" duration="0.025021" asserts="2" />
                <test-case id="1-1367" name="CanGenerateMazes(PlayersWorlds.Maps.Maze.RecursiveBacktrackerMazeGenerator)" fullname="PlayersWorlds.Maps.Maze.MazeGeneratorTest.CanGenerateMazes(PlayersWorlds.Maps.Maze.RecursiveBacktrackerMazeGenerator)" methodname="CanGenerateMazes" classname="PlayersWorlds.Maps.Maze.MazeGeneratorTest" runstate="Runnable" seed="736008243" result="Passed" start-time="2024-03-17T12:32:59.4931510Z" end-time="2024-03-17T12:32:59.5176370Z" duration="0.024486" asserts="2" />
                <test-case id="1-1368" name="CanGenerateMazes(PlayersWorlds.Maps.Maze.SidewinderMazeGenerator)" fullname="PlayersWorlds.Maps.Maze.MazeGeneratorTest.CanGenerateMazes(PlayersWorlds.Maps.Maze.SidewinderMazeGenerator)" methodname="CanGenerateMazes" classname="PlayersWorlds.Maps.Maze.MazeGeneratorTest" runstate="Runnable" seed="757881519" result="Passed" start-time="2024-03-17T12:32:59.5176540Z" end-time="2024-03-17T12:32:59.5459980Z" duration="0.028344" asserts="2" />
                <test-case id="1-1369" name="CanGenerateMazes(PlayersWorlds.Maps.Maze.WilsonsMazeGenerator)" fullname="PlayersWorlds.Maps.Maze.MazeGeneratorTest.CanGenerateMazes(PlayersWorlds.Maps.Maze.WilsonsMazeGenerator)" methodname="CanGenerateMazes" classname="PlayersWorlds.Maps.Maze.MazeGeneratorTest" runstate="Runnable" seed="1282755170" result="Passed" start-time="2024-03-17T12:32:59.5460140Z" end-time="2024-03-17T12:32:59.5718550Z" duration="0.025841" asserts="2" />
              </test-suite>
              <test-case id="1-1363" name="CanUseCustomAreaGenerator" fullname="PlayersWorlds.Maps.Maze.MazeGeneratorTest.CanUseCustomAreaGenerator" methodname="CanUseCustomAreaGenerator" classname="PlayersWorlds.Maps.Maze.MazeGeneratorTest" runstate="Runnable" seed="1139575722" result="Passed" start-time="2024-03-17T12:32:59.5718920Z" end-time="2024-03-17T12:32:59.5868450Z" duration="0.014953" asserts="4" />
              <test-case id="1-1373" name="IsFillComplete_Full" fullname="PlayersWorlds.Maps.Maze.MazeGeneratorTest.IsFillComplete_Full" methodname="IsFillComplete_Full" classname="PlayersWorlds.Maps.Maze.MazeGeneratorTest" runstate="Runnable" seed="220017953" result="Passed" start-time="2024-03-17T12:32:59.5868570Z" end-time="2024-03-17T12:32:59.5906300Z" duration="0.003773" asserts="2" />
              <test-case id="1-1378" name="IsFillComplete_FullHeight" fullname="PlayersWorlds.Maps.Maze.MazeGeneratorTest.IsFillComplete_FullHeight" methodname="IsFillComplete_FullHeight" classname="PlayersWorlds.Maps.Maze.MazeGeneratorTest" runstate="Runnable" seed="708997826" result="Passed" start-time="2024-03-17T12:32:59.5906420Z" end-time="2024-03-17T12:32:59.5944280Z" duration="0.003786" asserts="2" />
              <test-case id="1-1377" name="IsFillComplete_FullWidth" fullname="PlayersWorlds.Maps.Maze.MazeGeneratorTest.IsFillComplete_FullWidth" methodname="IsFillComplete_FullWidth" classname="PlayersWorlds.Maps.Maze.MazeGeneratorTest" runstate="Runnable" seed="647374476" result="Passed" start-time="2024-03-17T12:32:59.5944390Z" end-time="2024-03-17T12:32:59.5980550Z" duration="0.003615" asserts="2" />
              <test-case id="1-1372" name="IsFillComplete_Half" fullname="PlayersWorlds.Maps.Maze.MazeGeneratorTest.IsFillComplete_Half" methodname="IsFillComplete_Half" classname="PlayersWorlds.Maps.Maze.MazeGeneratorTest" runstate="Runnable" seed="828147390" result="Passed" start-time="2024-03-17T12:32:59.5980660Z" end-time="2024-03-17T12:32:59.6012320Z" duration="0.003167" asserts="2" />
              <test-case id="1-1376" name="IsFillComplete_NinetyPercent" fullname="PlayersWorlds.Maps.Maze.MazeGeneratorTest.IsFillComplete_NinetyPercent" methodname="IsFillComplete_NinetyPercent" classname="PlayersWorlds.Maps.Maze.MazeGeneratorTest" runstate="Runnable" seed="615128831" result="Passed" start-time="2024-03-17T12:32:59.6012440Z" end-time="2024-03-17T12:32:59.6056560Z" duration="0.004412" asserts="2" />
              <test-case id="1-1374" name="IsFillComplete_Quarter" fullname="PlayersWorlds.Maps.Maze.MazeGeneratorTest.IsFillComplete_Quarter" methodname="IsFillComplete_Quarter" classname="PlayersWorlds.Maps.Maze.MazeGeneratorTest" runstate="Runnable" seed="1071520550" result="Passed" start-time="2024-03-17T12:32:59.6056670Z" end-time="2024-03-17T12:32:59.6085520Z" duration="0.002886" asserts="2" />
              <test-case id="1-1375" name="IsFillComplete_ThreeQuarters" fullname="PlayersWorlds.Maps.Maze.MazeGeneratorTest.IsFillComplete_ThreeQuarters" methodname="IsFillComplete_ThreeQuarters" classname="PlayersWorlds.Maps.Maze.MazeGeneratorTest" runstate="Runnable" seed="885463936" result="Passed" start-time="2024-03-17T12:32:59.6085650Z" end-time="2024-03-17T12:32:59.6124320Z" duration="0.003867" asserts="2" />
              <test-case id="1-1371" name="OnlyFullGenerators" fullname="PlayersWorlds.Maps.Maze.MazeGeneratorTest.OnlyFullGenerators" methodname="OnlyFullGenerators" classname="PlayersWorlds.Maps.Maze.MazeGeneratorTest" runstate="Runnable" seed="1311369799" result="Passed" start-time="2024-03-17T12:32:59.6124430Z" end-time="2024-03-17T12:32:59.6148290Z" duration="0.002386" asserts="2" />
              <test-case id="1-1885" name="WrongGeneratorOptions" fullname="PlayersWorlds.Maps.Maze.MazeGeneratorTest.WrongGeneratorOptions" methodname="WrongGeneratorOptions" classname="PlayersWorlds.Maps.Maze.MazeGeneratorTest" runstate="Runnable" seed="706779901" result="Passed" start-time="2024-03-17T12:32:59.6148410Z" end-time="2024-03-17T12:32:59.6160180Z" duration="0.001178" asserts="4" />
            </test-suite>
            <test-suite type="TestSuite" id="1-2067" name="PostProcessing" fullname="PlayersWorlds.Maps.Maze.PostProcessing" runstate="Runnable" testcasecount="5" result="Passed" start-time="2024-03-17T12:32:59.0621240Z" end-time="2024-03-17T12:32:59.6223180Z" duration="0.560194" total="5" passed="5" failed="0" warnings="0" inconclusive="0" skipped="0" asserts="18">
              <test-suite type="TestFixture" id="1-1898" name="DeadEndTest" fullname="PlayersWorlds.Maps.Maze.PostProcessing.DeadEndTest" classname="PlayersWorlds.Maps.Maze.PostProcessing.DeadEndTest" runstate="Runnable" testcasecount="1" result="Passed" start-time="2024-03-17T12:32:59.6160480Z" end-time="2024-03-17T12:32:59.6165660Z" duration="0.000518" total="1" passed="1" failed="0" warnings="0" inconclusive="0" skipped="0" asserts="7">
                <test-case id="1-1899" name="DeadEnd_CanFindDeadEnds" fullname="PlayersWorlds.Maps.Maze.PostProcessing.DeadEndTest.DeadEnd_CanFindDeadEnds" methodname="DeadEnd_CanFindDeadEnds" classname="PlayersWorlds.Maps.Maze.PostProcessing.DeadEndTest" runstate="Runnable" seed="1118234933" result="Passed" start-time="2024-03-17T12:32:59.6161120Z" end-time="2024-03-17T12:32:59.6165550Z" duration="0.000443" asserts="7" />
              </test-suite>
              <test-suite type="TestFixture" id="1-1900" name="DijkstraDistanceTest" fullname="PlayersWorlds.Maps.Maze.PostProcessing.DijkstraDistanceTest" classname="PlayersWorlds.Maps.Maze.PostProcessing.DijkstraDistanceTest" runstate="Runnable" testcasecount="4" result="Passed" start-time="2024-03-17T12:32:59.6165780Z" end-time="2024-03-17T12:32:59.6223120Z" duration="0.005734" total="4" passed="4" failed="0" warnings="0" inconclusive="0" skipped="0" asserts="11">
                <test-case id="1-1904" name="DijkstraDistance_CanFindLongestTrail" fullname="PlayersWorlds.Maps.Maze.PostProcessing.DijkstraDistanceTest.DijkstraDistance_CanFindLongestTrail" methodname="DijkstraDistance_CanFindLongestTrail" classname="PlayersWorlds.Maps.Maze.PostProcessing.DijkstraDistanceTest" runstate="Runnable" seed="295979059" result="Passed" start-time="2024-03-17T12:32:59.6166330Z" end-time="2024-03-17T12:32:59.6169840Z" duration="0.000352" asserts="4" />
                <test-case id="1-1902" name="DijkstraDistance_CanSolveAMaze" fullname="PlayersWorlds.Maps.Maze.PostProcessing.DijkstraDistanceTest.DijkstraDistance_CanSolveAMaze" methodname="DijkstraDistance_CanSolveAMaze" classname="PlayersWorlds.Maps.Maze.PostProcessing.DijkstraDistanceTest" runstate="Runnable" seed="219764656" result="Passed" start-time="2024-03-17T12:32:59.6169920Z" end-time="2024-03-17T12:32:59.6172570Z" duration="0.000265" asserts="4" />
                <test-case id="1-1901" name="DijkstraDistance_FindsAllDistances" fullname="PlayersWorlds.Maps.Maze.PostProcessing.DijkstraDistanceTest.DijkstraDistance_FindsAllDistances" methodname="DijkstraDistance_FindsAllDistances" classname="PlayersWorlds.Maps.Maze.PostProcessing.DijkstraDistanceTest" runstate="Runnable" seed="1276032363" result="Passed" start-time="2024-03-17T12:32:59.6172650Z" end-time="2024-03-17T12:32:59.6221330Z" duration="0.004868" asserts="2" />
                <test-case id="1-1903" name="DijkstraDistance_ReturnsEmptyIfNoSolutionFound" fullname="PlayersWorlds.Maps.Maze.PostProcessing.DijkstraDistanceTest.DijkstraDistance_ReturnsEmptyIfNoSolutionFound" methodname="DijkstraDistance_ReturnsEmptyIfNoSolutionFound" classname="PlayersWorlds.Maps.Maze.PostProcessing.DijkstraDistanceTest" runstate="Runnable" seed="1231775078" result="Passed" start-time="2024-03-17T12:32:59.6221440Z" end-time="2024-03-17T12:32:59.6223020Z" duration="0.000158" asserts="1" />
              </test-suite>
            </test-suite>
            <test-suite type="TestFixture" id="1-1893" name="SidewinderMazeGeneratorTest" fullname="PlayersWorlds.Maps.Maze.SidewinderMazeGeneratorTest" classname="PlayersWorlds.Maps.Maze.SidewinderMazeGeneratorTest" runstate="Runnable" testcasecount="2" result="Passed" start-time="2024-03-17T12:32:59.6223270Z" end-time="2024-03-17T12:32:59.6316130Z" duration="0.009285" total="1" passed="1" failed="0" warnings="0" inconclusive="0" skipped="0" asserts="2">
              <test-case id="1-1894" name="ArchShapedAreas" fullname="PlayersWorlds.Maps.Maze.SidewinderMazeGeneratorTest.ArchShapedAreas" methodname="ArchShapedAreas" classname="PlayersWorlds.Maps.Maze.SidewinderMazeGeneratorTest" runstate="Runnable" seed="2088206869" result="Passed" start-time="2024-03-17T12:32:59.6223820Z" end-time="2024-03-17T12:32:59.6315980Z" duration="0.009217" asserts="2" />
            </test-suite>
            <test-suite type="TestFixture" id="1-1896" name="WilsonsMazeGeneratorTest" fullname="PlayersWorlds.Maps.Maze.WilsonsMazeGeneratorTest" classname="PlayersWorlds.Maps.Maze.WilsonsMazeGeneratorTest" runstate="Runnable" testcasecount="1" result="Passed" start-time="2024-03-17T12:32:59.6316250Z" end-time="2024-03-17T12:32:59.6488140Z" duration="0.017189" total="1" passed="1" failed="0" warnings="0" inconclusive="0" skipped="0" asserts="1">
              <test-case id="1-1897" name="DuplicateRandom" fullname="PlayersWorlds.Maps.Maze.WilsonsMazeGeneratorTest.DuplicateRandom" methodname="DuplicateRandom" classname="PlayersWorlds.Maps.Maze.WilsonsMazeGeneratorTest" runstate="Runnable" seed="1537885600" result="Passed" start-time="2024-03-17T12:32:59.6316830Z" end-time="2024-03-17T12:32:59.6487990Z" duration="0.017117" asserts="1">
                <properties>
                  <property name="Timeout" value="1000" />
                </properties>
              </test-case>
            </test-suite>
          </test-suite>
          <test-suite type="TestFixture" id="1-1056" name="Maze2DRendererTest" fullname="PlayersWorlds.Maps.Maze2DRendererTest" classname="PlayersWorlds.Maps.Maze2DRendererTest" runstate="Runnable" testcasecount="8" result="Passed" start-time="2024-03-17T12:32:59.6488320Z" end-time="2024-03-17T12:32:59.6693870Z" duration="0.020555" total="8" passed="8" failed="0" warnings="0" inconclusive="0" skipped="0" asserts="57">
            <test-case id="1-1059" name="CanRenderAMapWithFilledAreas" fullname="PlayersWorlds.Maps.Maze2DRendererTest.CanRenderAMapWithFilledAreas" methodname="CanRenderAMapWithFilledAreas" classname="PlayersWorlds.Maps.Maze2DRendererTest" runstate="Runnable" seed="1841230605" result="Passed" start-time="2024-03-17T12:32:59.6488900Z" end-time="2024-03-17T12:32:59.6530590Z" duration="0.004169" asserts="1" />
            <test-case id="1-1060" name="CanRenderAMapWithHallAreas" fullname="PlayersWorlds.Maps.Maze2DRendererTest.CanRenderAMapWithHallAreas" methodname="CanRenderAMapWithHallAreas" classname="PlayersWorlds.Maps.Maze2DRendererTest" runstate="Runnable" seed="182012513" result="Passed" start-time="2024-03-17T12:32:59.6530700Z" end-time="2024-03-17T12:32:59.6561890Z" duration="0.003119" asserts="1" />
            <test-case id="1-1057" name="CanRenderAMapWithSmoothCorners" fullname="PlayersWorlds.Maps.Maze2DRendererTest.CanRenderAMapWithSmoothCorners" methodname="CanRenderAMapWithSmoothCorners" classname="PlayersWorlds.Maps.Maze2DRendererTest" runstate="Runnable" seed="235480288" result="Passed" start-time="2024-03-17T12:32:59.6562020Z" end-time="2024-03-17T12:32:59.6591640Z" duration="0.002962" asserts="1" />
            <test-case id="1-1058" name="CanRenderAMapWithVoids" fullname="PlayersWorlds.Maps.Maze2DRendererTest.CanRenderAMapWithVoids" methodname="CanRenderAMapWithVoids" classname="PlayersWorlds.Maps.Maze2DRendererTest" runstate="Runnable" seed="1904034188" result="Passed" start-time="2024-03-17T12:32:59.6591810Z" end-time="2024-03-17T12:32:59.6625390Z" duration="0.003358" asserts="1" />
            <test-case id="1-1064" name="CellsMapping_ValidMapping" fullname="PlayersWorlds.Maps.Maze2DRendererTest.CellsMapping_ValidMapping" methodname="CellsMapping_ValidMapping" classname="PlayersWorlds.Maps.Maze2DRendererTest" runstate="Runnable" seed="1813420482" result="Passed" start-time="2024-03-17T12:32:59.6625490Z" end-time="2024-03-17T12:32:59.6673010Z" duration="0.004752" asserts="45" />
            <test-case id="1-1061" name="Maze2DStringBoxRenderer_CanConvertToAscii" fullname="PlayersWorlds.Maps.Maze2DRendererTest.Maze2DStringBoxRenderer_CanConvertToAscii" methodname="Maze2DStringBoxRenderer_CanConvertToAscii" classname="PlayersWorlds.Maps.Maze2DRendererTest" runstate="Runnable" seed="1716019264" result="Passed" start-time="2024-03-17T12:32:59.6673120Z" end-time="2024-03-17T12:32:59.6681620Z" duration="0.000849" asserts="1" />
            <test-case id="1-1062" name="Maze2DStringBoxRenderer_CanConvertToAsciiWithData" fullname="PlayersWorlds.Maps.Maze2DRendererTest.Maze2DStringBoxRenderer_CanConvertToAsciiWithData" methodname="Maze2DStringBoxRenderer_CanConvertToAsciiWithData" classname="PlayersWorlds.Maps.Maze2DRendererTest" runstate="Runnable" seed="1438345373" result="Passed" start-time="2024-03-17T12:32:59.6681700Z" end-time="2024-03-17T12:32:59.6688260Z" duration="0.000657" asserts="1" />
            <test-case id="1-1063" name="Maze2DToMap2DConverter_ThrowsIfInvalidOptions" fullname="PlayersWorlds.Maps.Maze2DRendererTest.Maze2DToMap2DConverter_ThrowsIfInvalidOptions" methodname="Maze2DToMap2DConverter_ThrowsIfInvalidOptions" classname="PlayersWorlds.Maps.Maze2DRendererTest" runstate="Runnable" seed="1577840157" result="Passed" start-time="2024-03-17T12:32:59.6688370Z" end-time="2024-03-17T12:32:59.6693730Z" duration="0.000536" asserts="6" />
          </test-suite>
          <test-suite type="TestFixture" id="1-1023" name="NArrayTest" fullname="PlayersWorlds.Maps.NArrayTest" classname="PlayersWorlds.Maps.NArrayTest" runstate="Runnable" testcasecount="24" result="Passed" start-time="2024-03-17T12:32:59.6693980Z" end-time="2024-03-17T12:32:59.6827140Z" duration="0.013315" total="24" passed="24" failed="0" warnings="0" inconclusive="0" skipped="0" asserts="83">
            <test-case id="1-1043" name="CellsAt_AnyCellAt2x2" fullname="PlayersWorlds.Maps.NArrayTest.CellsAt_AnyCellAt2x2" methodname="CellsAt_AnyCellAt2x2" classname="PlayersWorlds.Maps.NArrayTest" runstate="Runnable" seed="865594863" result="Passed" start-time="2024-03-17T12:32:59.6694550Z" end-time="2024-03-17T12:32:59.6705440Z" duration="0.001089" asserts="5" />
            <test-case id="1-1046" name="CellsAt_AnyCellAtCloseEdge2x2" fullname="PlayersWorlds.Maps.NArrayTest.CellsAt_AnyCellAtCloseEdge2x2" methodname="CellsAt_AnyCellAtCloseEdge2x2" classname="PlayersWorlds.Maps.NArrayTest" runstate="Runnable" seed="1725606122" result="Passed" start-time="2024-03-17T12:32:59.6705550Z" end-time="2024-03-17T12:32:59.6709170Z" duration="0.000362" asserts="5" />
            <test-case id="1-1047" name="CellsAt_AnyCellAtZeroSize" fullname="PlayersWorlds.Maps.NArrayTest.CellsAt_AnyCellAtZeroSize" methodname="CellsAt_AnyCellAtZeroSize" classname="PlayersWorlds.Maps.NArrayTest" runstate="Runnable" seed="1651748778" result="Passed" start-time="2024-03-17T12:32:59.6709240Z" end-time="2024-03-17T12:32:59.6715800Z" duration="0.000656" asserts="1" />
            <test-case id="1-1024" name="NArray_Constructor_CreatesCorrectSize" fullname="PlayersWorlds.Maps.NArrayTest.NArray_Constructor_CreatesCorrectSize" methodname="NArray_Constructor_CreatesCorrectSize" classname="PlayersWorlds.Maps.NArrayTest" runstate="Runnable" seed="2087912314" result="Passed" start-time="2024-03-17T12:32:59.6715910Z" end-time="2024-03-17T12:32:59.6719440Z" duration="0.000353" asserts="2" />
            <test-case id="1-1025" name="NArray_Constructor_SetsInitialValues" fullname="PlayersWorlds.Maps.NArrayTest.NArray_Constructor_SetsInitialValues" methodname="NArray_Constructor_SetsInitialValues" classname="PlayersWorlds.Maps.NArrayTest" runstate="Runnable" seed="822382951" result="Passed" start-time="2024-03-17T12:32:59.6719520Z" end-time="2024-03-17T12:32:59.6727660Z" duration="0.000815" asserts="4" />
            <test-case id="1-1026" name="NArray_Constructor_ThrowsOnInvalidSize" fullname="PlayersWorlds.Maps.NArrayTest.NArray_Constructor_ThrowsOnInvalidSize" methodname="NArray_Constructor_ThrowsOnInvalidSize" classname="PlayersWorlds.Maps.NArrayTest" runstate="Runnable" seed="2075018746" result="Passed" start-time="2024-03-17T12:32:59.6727770Z" end-time="2024-03-17T12:32:59.6729880Z" duration="0.000210" asserts="1" />
            <test-case id="1-1027" name="NArray_Indexing_GetValuesCorrectly" fullname="PlayersWorlds.Maps.NArrayTest.NArray_Indexing_GetValuesCorrectly" methodname="NArray_Indexing_GetValuesCorrectly" classname="PlayersWorlds.Maps.NArrayTest" runstate="Runnable" seed="374928965" result="Passed" start-time="2024-03-17T12:32:59.6730010Z" end-time="2024-03-17T12:32:59.6732360Z" duration="0.000235" asserts="1" />
            <test-case id="1-1029" name="NArray_Indexing_SetsValuesCorrectly" fullname="PlayersWorlds.Maps.NArrayTest.NArray_Indexing_SetsValuesCorrectly" methodname="NArray_Indexing_SetsValuesCorrectly" classname="PlayersWorlds.Maps.NArrayTest" runstate="Runnable" seed="473094329" result="Passed" start-time="2024-03-17T12:32:59.6732440Z" end-time="2024-03-17T12:32:59.6733960Z" duration="0.000152" asserts="1" />
            <test-case id="1-1028" name="NArray_Indexing_ThrowsOnOutOfBounds" fullname="PlayersWorlds.Maps.NArrayTest.NArray_Indexing_ThrowsOnOutOfBounds" methodname="NArray_Indexing_ThrowsOnOutOfBounds" classname="PlayersWorlds.Maps.NArrayTest" runstate="Runnable" seed="734627446" result="Passed" start-time="2024-03-17T12:32:59.6734020Z" end-time="2024-03-17T12:32:59.6740810Z" duration="0.000678" asserts="4" />
            <test-case id="1-1040" name="NArray_Iterate_FourCellsFar" fullname="PlayersWorlds.Maps.NArrayTest.NArray_Iterate_FourCellsFar" methodname="NArray_Iterate_FourCellsFar" classname="PlayersWorlds.Maps.NArrayTest" runstate="Runnable" seed="1117843333" result="Passed" start-time="2024-03-17T12:32:59.6740880Z" end-time="2024-03-17T12:32:59.6752860Z" duration="0.001198" asserts="5" />
            <test-case id="1-1037" name="NArray_Iterate_OneCell" fullname="PlayersWorlds.Maps.NArrayTest.NArray_Iterate_OneCell" methodname="NArray_Iterate_OneCell" classname="PlayersWorlds.Maps.NArrayTest" runstate="Runnable" seed="1595776957" result="Passed" start-time="2024-03-17T12:32:59.6752970Z" end-time="2024-03-17T12:32:59.6756010Z" duration="0.000304" asserts="2" />
            <test-case id="1-1041" name="NArray_Iterate_OutOfBounds" fullname="PlayersWorlds.Maps.NArrayTest.NArray_Iterate_OutOfBounds" methodname="NArray_Iterate_OutOfBounds" classname="PlayersWorlds.Maps.NArrayTest" runstate="Runnable" seed="692289734" result="Passed" start-time="2024-03-17T12:32:59.6756090Z" end-time="2024-03-17T12:32:59.6760110Z" duration="0.000403" asserts="4" />
            <test-case id="1-1030" name="NArray_Iterate_TraversesAllCells" fullname="PlayersWorlds.Maps.NArrayTest.NArray_Iterate_TraversesAllCells" methodname="NArray_Iterate_TraversesAllCells" classname="PlayersWorlds.Maps.NArrayTest" runstate="Runnable" seed="1993783938" result="Passed" start-time="2024-03-17T12:32:59.6760180Z" end-time="2024-03-17T12:32:59.6764840Z" duration="0.000466" asserts="13" />
            <test-case id="1-1039" name="NArray_Iterate_TreeByTwo" fullname="PlayersWorlds.Maps.NArrayTest.NArray_Iterate_TreeByTwo" methodname="NArray_Iterate_TreeByTwo" classname="PlayersWorlds.Maps.NArrayTest" runstate="Runnable" seed="801063207" result="Passed" start-time="2024-03-17T12:32:59.6764920Z" end-time="2024-03-17T12:32:59.6769610Z" duration="0.000469" asserts="7" />
            <test-case id="1-1038" name="NArray_Iterate_TwoCells" fullname="PlayersWorlds.Maps.NArrayTest.NArray_Iterate_TwoCells" methodname="NArray_Iterate_TwoCells" classname="PlayersWorlds.Maps.NArrayTest" runstate="Runnable" seed="303777101" result="Passed" start-time="2024-03-17T12:32:59.6769720Z" end-time="2024-03-17T12:32:59.6775110Z" duration="0.000539" asserts="3" />
            <test-case id="1-1035" name="NArray_IterateAdjacentCells_ReturnsCorrectNeighbors" fullname="PlayersWorlds.Maps.NArrayTest.NArray_IterateAdjacentCells_ReturnsCorrectNeighbors" methodname="NArray_IterateAdjacentCells_ReturnsCorrectNeighbors" classname="PlayersWorlds.Maps.NArrayTest" runstate="Runnable" seed="1511901958" result="Passed" start-time="2024-03-17T12:32:59.6775210Z" end-time="2024-03-17T12:32:59.6791660Z" duration="0.001645" asserts="6" />
[...]
            <test-case id="1-1049" name="Optional_Equality" fullname="PlayersWorlds.Maps.OptionalTest.Optional_Equality" methodname="Optional_Equality" classname="PlayersWorlds.Maps.OptionalTest" runstate="Runnable" seed="2052774660" result="Passed" start-time="2024-03-17T12:32:59.6829410Z" end-time="2024-03-17T12:32:59.6831450Z" duration="0.000204" asserts="3" />
            <test-case id="1-1051" name="Optional_Equals" fullname="PlayersWorlds.Maps.OptionalTest.Optional_Equals" methodname="Optional_Equals" classname="PlayersWorlds.Maps.OptionalTest" runstate="Runnable" seed="954084408" result="Passed" start-time="2024-03-17T12:32:59.6831520Z" end-time="2024-03-17T12:32:59.6834300Z" duration="0.000277" asserts="5" />
            <test-case id="1-1053" name="Optional_GetHashCode" fullname="PlayersWorlds.Maps.OptionalTest.Optional_GetHashCode" methodname="Optional_GetHashCode" classname="PlayersWorlds.Maps.OptionalTest" runstate="Runnable" seed="402547439" result="Passed" start-time="2024-03-17T12:32:59.6834360Z" end-time="2024-03-17T12:32:59.6836400Z" duration="0.000204" asserts="3" />
            <test-case id="1-1052" name="Optional_Null" fullname="PlayersWorlds.Maps.OptionalTest.Optional_Null" methodname="Optional_Null" classname="PlayersWorlds.Maps.OptionalTest" runstate="Runnable" seed="703090903" result="Passed" start-time="2024-03-17T12:32:59.6836470Z" end-time="2024-03-17T12:32:59.6840230Z" duration="0.000377" asserts="9" />
            <test-case id="1-1050" name="Optional_ThrowsIfNoValue" fullname="PlayersWorlds.Maps.OptionalTest.Optional_ThrowsIfNoValue" methodname="Optional_ThrowsIfNoValue" classname="PlayersWorlds.Maps.OptionalTest" runstate="Runnable" seed="1956338213" result="Passed" start-time="2024-03-17T12:32:59.6840300Z" end-time="2024-03-17T12:32:59.6841710Z" duration="0.000140" asserts="2" />
            <test-case id="1-1055" name="Optional_ToStringShowsValue" fullname="PlayersWorlds.Maps.OptionalTest.Optional_ToStringShowsValue" methodname="Optional_ToStringShowsValue" classname="PlayersWorlds.Maps.OptionalTest" runstate="Runnable" seed="946222444" result="Passed" start-time="2024-03-17T12:32:59.6841770Z" end-time="2024-03-17T12:32:59.6843280Z" duration="0.000151" asserts="2" />
          </test-suite>
          <test-suite type="TestSuite" id="1-2065" name="Renderers" fullname="PlayersWorlds.Maps.Renderers" runstate="Runnable" testcasecount="1" result="Passed" start-time="2024-03-17T12:32:59.0621320Z" end-time="2024-03-17T12:32:59.6852450Z" duration="0.623113" total="1" passed="1" failed="0" warnings="0" inconclusive="0" skipped="0" asserts="1">
            <test-suite type="TestFixture" id="1-1107" name="Map2DStringRendererTest" fullname="PlayersWorlds.Maps.Renderers.Map2DStringRendererTest" classname="PlayersWorlds.Maps.Renderers.Map2DStringRendererTest" runstate="Runnable" testcasecount="1" result="Passed" start-time="2024-03-17T12:32:59.6843510Z" end-time="2024-03-17T12:32:59.6852390Z" duration="0.000889" total="1" passed="1" failed="0" warnings="0" inconclusive="0" skipped="0" asserts="1">
              <test-case id="1-1108" name="TestRender" fullname="PlayersWorlds.Maps.Renderers.Map2DStringRendererTest.TestRender" methodname="TestRender" classname="PlayersWorlds.Maps.Renderers.Map2DStringRendererTest" runstate="Runnable" seed="1451362702" result="Passed" start-time="2024-03-17T12:32:59.6844060Z" end-time="2024-03-17T12:32:59.6852290Z" duration="0.000823" asserts="1" />
            </test-suite>
          </test-suite>
          <test-suite type="TestFixture" id="1-1065" name="VectorDTest" fullname="PlayersWorlds.Maps.VectorDTest" classname="PlayersWorlds.Maps.VectorDTest" runstate="Runnable" testcasecount="11" result="Passed" start-time="2024-03-17T12:32:59.6852560Z" end-time="2024-03-17T12:32:59.6879130Z" duration="0.002657" total="11" passed="11" failed="0" warnings="0" inconclusive="0" skipped="0" asserts="33">
            <test-case id="1-1073" name="CanAddAndSubtract" fullname="PlayersWorlds.Maps.VectorDTest.CanAddAndSubtract" methodname="CanAddAndSubtract" classname="PlayersWorlds.Maps.VectorDTest" runstate="Runnable" seed="1814373494" result="Passed" start-time="2024-03-17T12:32:59.6853150Z" end-time="2024-03-17T12:32:59.6860280Z" duration="0.000713" asserts="5" />
            <test-case id="1-1074" name="ConstructorChecksArguments" fullname="PlayersWorlds.Maps.VectorDTest.ConstructorChecksArguments" methodname="ConstructorChecksArguments" classname="PlayersWorlds.Maps.VectorDTest" runstate="Runnable" seed="2134296538" result="Passed" start-time="2024-03-17T12:32:59.6860360Z" end-time="2024-03-17T12:32:59.6861420Z" duration="0.000106" asserts="1" />
            <test-case id="1-1067" name="EqualityIsCheckedByValue" fullname="PlayersWorlds.Maps.VectorDTest.EqualityIsCheckedByValue" methodname="EqualityIsCheckedByValue" classname="PlayersWorlds.Maps.VectorDTest" runstate="Runnable" seed="1958081634" result="Passed" start-time="2024-03-17T12:32:59.6861480Z" end-time="2024-03-17T12:32:59.6863580Z" duration="0.000210" asserts="4" />
            <test-case id="1-1068" name="GetHashCodeIsDerivedFromValue" fullname="PlayersWorlds.Maps.VectorDTest.GetHashCodeIsDerivedFromValue" methodname="GetHashCodeIsDerivedFromValue" classname="PlayersWorlds.Maps.VectorDTest" runstate="Runnable" seed="404320540" result="Passed" start-time="2024-03-17T12:32:59.6863650Z" end-time="2024-03-17T12:32:59.6864410Z" duration="0.000077" asserts="1" />
            <test-case id="1-1071" name="InitializedAsNull" fullname="PlayersWorlds.Maps.VectorDTest.InitializedAsNull" methodname="InitializedAsNull" classname="PlayersWorlds.Maps.VectorDTest" runstate="Runnable" seed="1489617503" result="Passed" start-time="2024-03-17T12:32:59.6864470Z" end-time="2024-03-17T12:32:59.6865440Z" duration="0.000097" asserts="1" />
            <test-case id="1-1070" name="InitializedEmpty" fullname="PlayersWorlds.Maps.VectorDTest.InitializedEmpty" methodname="InitializedEmpty" classname="PlayersWorlds.Maps.VectorDTest" runstate="Runnable" seed="1548794377" result="Passed" start-time="2024-03-17T12:32:59.6865500Z" end-time="2024-03-17T12:32:59.6867900Z" duration="0.000240" asserts="4" />
            <test-case id="1-1066" name="IsInitialized" fullname="PlayersWorlds.Maps.VectorDTest.IsInitialized" methodname="IsInitialized" classname="PlayersWorlds.Maps.VectorDTest" runstate="Runnable" seed="1285881231" result="Passed" start-time="2024-03-17T12:32:59.6867970Z" end-time="2024-03-17T12:32:59.6869450Z" duration="0.000149" asserts="2" />
            <test-case id="1-1072" name="IsZero" fullname="PlayersWorlds.Maps.VectorDTest.IsZero" methodname="IsZero" classname="PlayersWorlds.Maps.VectorDTest" runstate="Runnable" seed="1454759110" result="Passed" start-time="2024-03-17T12:32:59.6869520Z" end-time="2024-03-17T12:32:59.6870510Z" duration="0.000099" asserts="3" />
            <test-case id="1-1075" name="SnappedForce" fullname="PlayersWorlds.Maps.VectorDTest.SnappedForce" methodname="SnappedForce" classname="PlayersWorlds.Maps.VectorDTest" runstate="Runnable" seed="192479659" result="Passed" start-time="2024-03-17T12:32:59.6870570Z" end-time="2024-03-17T12:32:59.6874260Z" duration="0.000369" asserts="9" />
            <test-case id="1-1069" name="ToStringFormat" fullname="PlayersWorlds.Maps.VectorDTest.ToStringFormat" methodname="ToStringFormat" classname="PlayersWorlds.Maps.VectorDTest" runstate="Runnable" seed="1723354471" result="Passed" start-time="2024-03-17T12:32:59.6874330Z" end-time="2024-03-17T12:32:59.6875090Z" duration="0.000076" asserts="1" />
            <test-case id="1-1076" name="VectorD_Parse" fullname="PlayersWorlds.Maps.VectorDTest.VectorD_Parse" methodname="VectorD_Parse" classname="PlayersWorlds.Maps.VectorDTest" runstate="Runnable" seed="2098021671" result="Passed" start-time="2024-03-17T12:32:59.6875150Z" end-time="2024-03-17T12:32:59.6879020Z" duration="0.000386" asserts="2" />
          </test-suite>
          <test-suite type="TestFixture" id="1-1077" name="VectorTest" fullname="PlayersWorlds.Maps.VectorTest" classname="PlayersWorlds.Maps.VectorTest" runstate="Runnable" testcasecount="29" result="Passed" start-time="2024-03-17T12:32:59.6879240Z" end-time="2024-03-17T12:32:59.6949960Z" duration="0.007072" total="29" passed="29" failed="0" warnings="0" inconclusive="0" skipped="0" asserts="229">
            <test-case id="1-1094" name="FitsInto" fullname="PlayersWorlds.Maps.VectorTest.FitsInto" methodname="FitsInto" classname="PlayersWorlds.Maps.VectorTest" runstate="Runnable" seed="1257620564" result="Passed" start-time="2024-03-17T12:32:59.6879790Z" end-time="2024-03-17T12:32:59.6881120Z" duration="0.000133" asserts="3" />
            <test-case id="1-1097" name="FromIndex_Matches_FromIndex" fullname="PlayersWorlds.Maps.VectorTest.FromIndex_Matches_FromIndex" methodname="FromIndex_Matches_FromIndex" classname="PlayersWorlds.Maps.VectorTest" runstate="Runnable" seed="60131789" result="Passed" start-time="2024-03-17T12:32:59.6881190Z" end-time="2024-03-17T12:32:59.6882170Z" duration="0.000098" asserts="1" />
            <test-case id="1-1105" name="FromIndex_ShouldThrowException_DimensionMismatch" fullname="PlayersWorlds.Maps.VectorTest.FromIndex_ShouldThrowException_DimensionMismatch" methodname="FromIndex_ShouldThrowException_DimensionMismatch" classname="PlayersWorlds.Maps.VectorTest" runstate="Runnable" seed="1239544921" result="Passed" start-time="2024-03-17T12:32:59.6882250Z" end-time="2024-03-17T12:32:59.6885820Z" duration="0.000358" asserts="1" />
            <test-case id="1-1095" name="IsIn" fullname="PlayersWorlds.Maps.VectorTest.IsIn" methodname="IsIn" classname="PlayersWorlds.Maps.VectorTest" runstate="Runnable" seed="87319487" result="Passed" start-time="2024-03-17T12:32:59.6885900Z" end-time="2024-03-17T12:32:59.6888390Z" duration="0.000249" asserts="7" />
            <test-case id="1-1106" name="NorthEastComparer_ComparesCorrectly" fullname="PlayersWorlds.Maps.VectorTest.NorthEastComparer_ComparesCorrectly" methodname="NorthEastComparer_ComparesCorrectly" classname="PlayersWorlds.Maps.VectorTest" runstate="Runnable" seed="771145363" result="Passed" start-time="2024-03-17T12:32:59.6888450Z" end-time="2024-03-17T12:32:59.6896660Z" duration="0.000821" asserts="1" />
            <test-case id="1-1079" name="Size_NotInitialized" fullname="PlayersWorlds.Maps.VectorTest.Size_NotInitialized" methodname="Size_NotInitialized" classname="PlayersWorlds.Maps.VectorTest" runstate="Runnable" seed="1799914495" result="Passed" start-time="2024-03-17T12:32:59.6896740Z" end-time="2024-03-17T12:32:59.6898530Z" duration="0.000179" asserts="2" />
            <test-case id="1-1101" name="ToIndex_FromIndex_RoundTripConversion" fullname="PlayersWorlds.Maps.VectorTest.ToIndex_FromIndex_RoundTripConversion" methodname="ToIndex_FromIndex_RoundTripConversion" classname="PlayersWorlds.Maps.VectorTest" runstate="Runnable" seed="1545404229" result="Passed" start-time="2024-03-17T12:32:59.6898590Z" end-time="2024-03-17T12:32:59.6905690Z" duration="0.000710" asserts="150" />
            <test-case id="1-1102" name="ToIndex_FromIndex_Valid5D" fullname="PlayersWorlds.Maps.VectorTest.ToIndex_FromIndex_Valid5D" methodname="ToIndex_FromIndex_Valid5D" classname="PlayersWorlds.Maps.VectorTest" runstate="Runnable" seed="2055965508" result="Passed" start-time="2024-03-17T12:32:59.6905760Z" end-time="2024-03-17T12:32:59.6917040Z" duration="0.001128" asserts="13" />
            <test-case id="1-1096" name="ToIndex_Matches_ToIndex" fullname="PlayersWorlds.Maps.VectorTest.ToIndex_Matches_ToIndex" methodname="ToIndex_Matches_ToIndex" classname="PlayersWorlds.Maps.VectorTest" runstate="Runnable" seed="164001591" result="Passed" start-time="2024-03-17T12:32:59.6917130Z" end-time="2024-03-17T12:32:59.6918080Z" duration="0.000095" asserts="1" />
            <test-case id="1-1098" name="ToIndex_ShouldCalculateCorrectIndex_1D" fullname="PlayersWorlds.Maps.VectorTest.ToIndex_ShouldCalculateCorrectIndex_1D" methodname="ToIndex_ShouldCalculateCorrectIndex_1D" classname="PlayersWorlds.Maps.VectorTest" runstate="Runnable" seed="276059984" result="Passed" start-time="2024-03-17T12:32:59.6918150Z" end-time="2024-03-17T12:32:59.6919090Z" duration="0.000094" asserts="2" />
            <test-case id="1-1099" name="ToIndex_ShouldCalculateCorrectIndex_2D" fullname="PlayersWorlds.Maps.VectorTest.ToIndex_ShouldCalculateCorrectIndex_2D" methodname="ToIndex_ShouldCalculateCorrectIndex_2D" classname="PlayersWorlds.Maps.VectorTest" runstate="Runnable" seed="753006899" result="Passed" start-time="2024-03-17T12:32:59.6919150Z" end-time="2024-03-17T12:32:59.6920090Z" duration="0.000094" asserts="2" />
            <test-case id="1-1100" name="ToIndex_ShouldCalculateCorrectIndex_3D" fullname="PlayersWorlds.Maps.VectorTest.ToIndex_ShouldCalculateCorrectIndex_3D" methodname="ToIndex_ShouldCalculateCorrectIndex_3D" classname="PlayersWorlds.Maps.VectorTest" runstate="Runnable" seed="908873925" result="Passed" start-time="2024-03-17T12:32:59.6920160Z" end-time="2024-03-17T12:32:59.6921080Z" duration="0.000093" asserts="2" />
            <test-case id="1-1104" name="ToIndex_ShouldThrowException_DimensionMismatch" fullname="PlayersWorlds.Maps.VectorTest.ToIndex_ShouldThrowException_DimensionMismatch" methodname="ToIndex_ShouldThrowException_DimensionMismatch" classname="PlayersWorlds.Maps.VectorTest" runstate="Runnable" seed="1771052661" result="Passed" start-time="2024-03-17T12:32:59.6921140Z" end-time="2024-03-17T12:32:59.6922810Z" duration="0.000167" asserts="1" />
            <test-case id="1-1103" name="ToIndex_ShouldThrowException_DimensionOverflow" fullname="PlayersWorlds.Maps.VectorTest.ToIndex_ShouldThrowException_DimensionOverflow" methodname="ToIndex_ShouldThrowException_DimensionOverflow" classname="PlayersWorlds.Maps.VectorTest" runstate="Runnable" seed="862652205" result="Passed" start-time="2024-03-17T12:32:59.6922890Z" end-time="2024-03-17T12:32:59.6924640Z" duration="0.000175" asserts="1" />
            <test-case id="1-1087" name="Vector_CanAddAndSubtract" fullname="PlayersWorlds.Maps.VectorTest.Vector_CanAddAndSubtract" methodname="Vector_CanAddAndSubtract" classname="PlayersWorlds.Maps.VectorTest" runstate="Runnable" seed="1886564556" result="Passed" start-time="2024-03-17T12:32:59.6924710Z" end-time="2024-03-17T12:32:59.6928330Z" duration="0.000363" asserts="6" />
            <test-case id="1-1088" name="Vector_ConstructorChecksArguments" fullname="PlayersWorlds.Maps.VectorTest.Vector_ConstructorChecksArguments" methodname="Vector_ConstructorChecksArguments" classname="PlayersWorlds.Maps.VectorTest" runstate="Runnable" seed="1191909218" result="Passed" start-time="2024-03-17T12:32:59.6928400Z" end-time="2024-03-17T12:32:59.6929330Z" duration="0.000093" asserts="1" />
            <test-case id="1-1085" name="Vector_EmptyIsEmpty" fullname="PlayersWorlds.Maps.VectorTest.Vector_EmptyIsEmpty" methodname="Vector_EmptyIsEmpty" classname="PlayersWorlds.Maps.VectorTest" runstate="Runnable" seed="1637926576" result="Passed" start-time="2024-03-17T12:32:59.6929390Z" end-time="2024-03-17T12:32:59.6930120Z" duration="0.000073" asserts="1" />
            <test-case id="1-1084" name="Vector_EmptyVectorIsEmpty" fullname="PlayersWorlds.Maps.VectorTest.Vector_EmptyVectorIsEmpty" methodname="Vector_EmptyVectorIsEmpty" classname="PlayersWorlds.Maps.VectorTest" runstate="Runnable" seed="1828564811" result="Passed" start-time="2024-03-17T12:32:59.6930180Z" end-time="2024-03-17T12:32:59.6930830Z" duration="0.000065" asserts="1" />
            <test-case id="1-1080" name="Vector_EqualityIsCheckedByValue" fullname="PlayersWorlds.Maps.VectorTest.Vector_EqualityIsCheckedByValue" methodname="Vector_EqualityIsCheckedByValue" classname="PlayersWorlds.Maps.VectorTest" runstate="Runnable" seed="1075334581" result="Passed" start-time="2024-03-17T12:32:59.6930890Z" end-time="2024-03-17T12:32:59.6933360Z" duration="0.000247" asserts="5" />
            <test-case id="1-1092" name="Vector_FromIndex" fullname="PlayersWorlds.Maps.VectorTest.Vector_FromIndex" methodname="Vector_FromIndex" classname="PlayersWorlds.Maps.VectorTest" runstate="Runnable" seed="1607611615" result="Passed" start-time="2024-03-17T12:32:59.6933420Z" end-time="2024-03-17T12:32:59.6934610Z" duration="0.000119" asserts="2" />
            <test-case id="1-1081" name="Vector_GetHashCodeIsDerivedFromValue" fullname="PlayersWorlds.Maps.VectorTest.Vector_GetHashCodeIsDerivedFromValue" methodname="Vector_GetHashCodeIsDerivedFromValue" classname="PlayersWorlds.Maps.VectorTest" runstate="Runnable" seed="684846292" result="Passed" start-time="2024-03-17T12:32:59.6934670Z" end-time="2024-03-17T12:32:59.6936690Z" duration="0.000202" asserts="2" />
            <test-case id="1-1078" name="Vector_IsInitialized" fullname="PlayersWorlds.Maps.VectorTest.Vector_IsInitialized" methodname="Vector_IsInitialized" classname="PlayersWorlds.Maps.VectorTest" runstate="Runnable" seed="1282874046" result="Passed" start-time="2024-03-17T12:32:59.6936760Z" end-time="2024-03-17T12:32:59.6937530Z" duration="0.000077" asserts="2" />
            <test-case id="1-1086" name="Vector_NotEqualToNull" fullname="PlayersWorlds.Maps.VectorTest.Vector_NotEqualToNull" methodname="Vector_NotEqualToNull" classname="PlayersWorlds.Maps.VectorTest" runstate="Runnable" seed="889423000" result="Passed" start-time="2024-03-17T12:32:59.6937590Z" end-time="2024-03-17T12:32:59.6939230Z" duration="0.000165" asserts="3" />
            <test-case id="1-1090" name="Vector_SnappedForce" fullname="PlayersWorlds.Maps.VectorTest.Vector_SnappedForce" methodname="Vector_SnappedForce" classname="PlayersWorlds.Maps.VectorTest" runstate="Runnable" seed="1283793733" result="Passed" start-time="2024-03-17T12:32:59.6939300Z" end-time="2024-03-17T12:32:59.6942920Z" duration="0.000362" asserts="9" />
            <test-case id="1-1089" name="Vector_ThrowsIfNotAValidSize" fullname="PlayersWorlds.Maps.VectorTest.Vector_ThrowsIfNotAValidSize" methodname="Vector_ThrowsIfNotAValidSize" classname="PlayersWorlds.Maps.VectorTest" runstate="Runnable" seed="1220247705" result="Passed" start-time="2024-03-17T12:32:59.6942990Z" end-time="2024-03-17T12:32:59.6945400Z" duration="0.000241" asserts="3" />
            <test-case id="1-1091" name="Vector_ToIndex" fullname="PlayersWorlds.Maps.VectorTest.Vector_ToIndex" methodname="Vector_ToIndex" classname="PlayersWorlds.Maps.VectorTest" runstate="Runnable" seed="637523016" result="Passed" start-time="2024-03-17T12:32:59.6945470Z" end-time="2024-03-17T12:32:59.6947200Z" duration="0.000173" asserts="3" />
            <test-case id="1-1082" name="Vector_ToStringFormat" fullname="PlayersWorlds.Maps.VectorTest.Vector_ToStringFormat" methodname="Vector_ToStringFormat" classname="PlayersWorlds.Maps.VectorTest" runstate="Runnable" seed="148722503" result="Passed" start-time="2024-03-17T12:32:59.6947270Z" end-time="2024-03-17T12:32:59.6948110Z" duration="0.000084" asserts="2" />
            <test-case id="1-1083" name="Vector_ZeroVectorIsNotEmpty" fullname="PlayersWorlds.Maps.VectorTest.Vector_ZeroVectorIsNotEmpty" methodname="Vector_ZeroVectorIsNotEmpty" classname="PlayersWorlds.Maps.VectorTest" runstate="Runnable" seed="2105480731" result="Passed" start-time="2024-03-17T12:32:59.6948170Z" end-time="2024-03-17T12:32:59.6949000Z" duration="0.000083" asserts="1" />
            <test-case id="1-1093" name="VectorD_Parse" fullname="PlayersWorlds.Maps.VectorTest.VectorD_Parse" methodname="VectorD_Parse" classname="PlayersWorlds.Maps.VectorTest" runstate="Runnable" seed="80129201" result="Passed" start-time="2024-03-17T12:32:59.6949060Z" end-time="2024-03-17T12:32:59.6949850Z" duration="0.000079" asserts="1" />
          </test-suite>
        </test-suite>
      </test-suite>
    </test-suite>
  </test-suite>
</test-run>