<?xml version="1.0" encoding="utf-8" standalone="no"?>
<test-run id="0" runstate="Runnable" testcasecount="1051" result="Failed" total="1051" passed="800" failed="1" warnings="0" inconclusive="1" skipped="249" asserts="19295" engine-version="3.17.0.0" clr-version="4.0.30319.42000" start-time="2024-06-07 14:37:48Z" end-time="2024-06-07 14:45:03Z" duration="434.740554">
  <command-line><![CDATA[/home/data/repos/github.com/aynurin/maze-gen/packages/NUnit.ConsoleRunner.3.17.0/tools/nunit3-console.exe build/Debug/tests/PlayersWorlds.Maps.Tests.dll --framework=mono-4.0]]></command-line>
  <test-suite type="Assembly" id="1-2102" name="PlayersWorlds.Maps.Tests.dll" fullname="/home/data/repos/github.com/aynurin/maze-gen/build/Debug/tests/PlayersWorlds.Maps.Tests.dll" runstate="Runnable" testcasecount="1051" result="Failed" site="Child" start-time="2024-06-07T14:37:48.7330650Z" end-time="2024-06-07T14:45:02.9625580Z" duration="434.229409" total="1051" passed="800" failed="1" warnings="0" inconclusive="1" skipped="249" asserts="19295">
    <environment framework-version="4.0.1.0" clr-version="4.0.30319.42000" os-version="Unix 6.1.84.1" platform="Unix" cwd="/home/data/repos/github.com/aynurin/maze-gen" machine-name="lightview" user="shav" user-domain="lightview" culture="en-US" uiculture="en-US" os-architecture="x64" />
    <settings>
      <setting name="RequestedRuntimeFramework" value="mono-4.0" />
      <setting name="DisposeRunners" value="True" />
      <setting name="WorkDirectory" value="/home/data/repos/github.com/aynurin/maze-gen" />
      <setting name="ImageRuntimeVersion" value="4.0.30319" />
      <setting name="ImageTargetFrameworkName" value=".NETFramework,Version=v4.7" />
      <setting name="ImageRequiresX86" value="False" />
      <setting name="ImageRequiresDefaultAppDomainAssemblyResolver" value="False" />
      <setting name="TargetRuntimeFramework" value="mono-4.0" />
      <setting name="NumberOfTestWorkers" value="24" />
    </settings>
    <properties>
      <property name="_PID" value="1192432" />
      <property name="_APPDOMAIN" value="domain-" />
    </properties>
    <failure>
      <message><![CDATA[One or more child tests had errors]]></message>
    </failure>
    <test-suite type="SetUpFixture" id="1-1003" name="[default namespace]" fullname="TestsSetup" classname="TestsSetup" runstate="Runnable" testcasecount="1051" result="Failed" site="Child" start-time="2024-06-07T14:37:48.7379500Z" end-time="2024-06-07T14:45:02.9625480Z" duration="434.224598" total="1051" passed="800" failed="1" warnings="0" inconclusive="1" skipped="249" asserts="19295">
      <failure>
        <message><![CDATA[One or more child tests had errors]]></message>
      </failure>
      <test-suite type="TestSuite" id="1-2103" name="PlayersWorlds" fullname="PlayersWorlds" runstate="Runnable" testcasecount="1049" result="Failed" site="Child" start-time="2024-06-07T14:37:48.7407410Z" end-time="2024-06-07T14:45:02.9476430Z" duration="434.206902" total="1049" passed="798" failed="1" warnings="0" inconclusive="1" skipped="249" asserts="16253">
        <failure>
          <message><![CDATA[One or more child tests had errors]]></message>
        </failure>
        <test-suite type="TestSuite" id="1-2104" name="Maps" fullname="PlayersWorlds.Maps" runstate="Runnable" testcasecount="1049" result="Failed" site="Child" start-time="2024-06-07T14:37:48.7408060Z" end-time="2024-06-07T14:45:02.9476380Z" duration="434.206832" total="1049" passed="798" failed="1" warnings="0" inconclusive="1" skipped="249" asserts="16253">
          <failure>
            <message><![CDATA[One or more child tests had errors]]></message>
          </failure>
          <test-suite type="TestSuite" id="1-2110" name="Areas" fullname="PlayersWorlds.Maps.Areas" runstate="Runnable" testcasecount="140" result="Failed" site="Child" start-time="2024-06-07T14:37:48.7408160Z" end-time="2024-06-07T14:39:05.5969640Z" duration="76.856148" total="140" passed="137" failed="1" warnings="0" inconclusive="1" skipped="1" asserts="351">
            <failure>
              <message><![CDATA[One or more child tests had errors]]></message>
            </failure>
            <test-suite type="TestSuite" id="1-2111" name="Evolving" fullname="PlayersWorlds.Maps.Areas.Evolving" runstate="Runnable" testcasecount="134" result="Failed" site="Child" start-time="2024-06-07T14:37:48.7408210Z" end-time="2024-06-07T14:39:05.5916750Z" duration="76.850853" total="134" passed="131" failed="1" warnings="0" inconclusive="1" skipped="1" asserts="324">
              <failure>
                <message><![CDATA[One or more child tests had errors]]></message>
              </failure>
              <test-suite type="TestFixture" id="1-1956" name="AreaDistributorLoadTest" fullname="PlayersWorlds.Maps.Areas.Evolving.AreaDistributorLoadTest" classname="PlayersWorlds.Maps.Areas.Evolving.AreaDistributorLoadTest" runstate="Runnable" testcasecount="1" result="Passed" start-time="2024-06-07T14:37:48.7410330Z" end-time="2024-06-07T14:39:00.4770970Z" duration="71.736064" total="1" passed="0" failed="0" warnings="0" inconclusive="1" skipped="0" asserts="0">
                <test-case id="1-1957" name="AreaDistributor_LoadTest" fullname="PlayersWorlds.Maps.Areas.Evolving.AreaDistributorLoadTest.AreaDistributor_LoadTest" methodname="AreaDistributor_LoadTest" classname="PlayersWorlds.Maps.Areas.Evolving.AreaDistributorLoadTest" runstate="Runnable" seed="2051541918" result="Inconclusive" start-time="2024-06-07T14:37:48.7411980Z" end-time="2024-06-07T14:39:00.4725410Z" duration="71.731484" asserts="0">
                  <properties>
                    <property name="Category" value="Load" />
                  </properties>
                  <reason>
                    <message><![CDATA[Passed: 998, Failed: 2
yield return "49x5: P16x1;S14x1 P15x2;S10x1 P6x0;S10x1 P31x0;S13x1 P2x0;S14x1"; // Random(749)
yield return "39x37: P17x12;S10x7 P22x12;S11x8 P4x6;S6x8 P1x8;S3x11 P30x5;S5x11 P0x30;S12x6 P3x15;S11x11 P33x13;S5x4 P25x1;S2x8 P28x17;S8x2 P16x16;S12x8 P13x5;S8x7"; // Random(141)]]></message>
                  </reason>
                  <output><![CDATA[PlayersWorlds.Maps.Areas.Evolving.AreaDistributorHelper+DistributeResult(	Log = TestLog
, 	OriginalOutOfBounds = List`1<Area>()
, 	OriginalOverlapping = List`1<Area>(Area:{10x1;6x0;False;Maze;;[Cell:{0x0;;},Cell:{1x0;;},Cell:{2x0;;},Cell:{3x0;;},Cell:{4x0;;},Cell:{5x0;;},Cell:{6x0;;},Cell:{7x0;;},Cell:{8x0;;},Cell:{9x0;;}];}, Area:{14x1;2x0;False;Maze;;[Cell:{0x0;;},Cell:{1x0;;},Cell:{2x0;;},Cell:{3x0;;},Cell:{4x0;;},Cell:{5x0;;},Cell:{6x0;;},Cell:{7x0;;},Cell:{8x0;;},Cell:{9x0;;},Cell:{10x0;;},Cell:{11x0;;},Cell:{12x0;;},Cell:{13x0;;}];})
, 	OriginalAreas = List`1<Area>(Area:{14x1;16x1;False;Maze;;[Cell:{0x0;;},Cell:{1x0;;},Cell:{2x0;;},Cell:{3x0;;},Cell:{4x0;;},Cell:{5x0;;},Cell:{6x0;;},Cell:{7x0;;},Cell:{8x0;;},Cell:{9x0;;},Cell:{10x0;;},Cell:{11x0;;},Cell:{12x0;;},Cell:{13x0;;}];}, Area:{10x1;15x2;False;Maze;;[Cell:{0x0;;},Cell:{1x0;;},Cell:{2x0;;},Cell:{3x0;;},Cell:{4x0;;},Cell:{5x0;;},Cell:{6x0;;},Cell:{7x0;;},Cell:{8x0;;},Cell:{9x0;;}];}, Area:{10x1;6x0;False;Maze;;[Cell:{0x0;;},Cell:{1x0;;},Cell:{2x0;;},Cell:{3x0;;},Cell:{4x0;;},Cell:{5x0;;},Cell:{6x0;;},Cell:{7x0;;},Cell:{8x0;;},Cell:{9x0;;}];}, Area:{13x1;31x0;False;Maze;;[Cell:{0x0;;},Cell:{1x0;;},Cell:{2x0;;},Cell:{3x0;;},Cell:{4x0;;},Cell:{5x0;;},Cell:{6x0;;},Cell:{7x0;;},Cell:{8x0;;},Cell:{9x0;;},Cell:{10x0;;},Cell:{11x0;;},Cell:{12x0;;}];}, Area:{14x1;2x0;False;Maze;;[Cell:{0x0;;},Cell:{1x0;;},Cell:{2x0;;},Cell:{3x0;;},Cell:{4x0;;},Cell:{5x0;;},Cell:{6x0;;},Cell:{7x0;;},Cell:{8x0;;},Cell:{9x0;;},Cell:{10x0;;},Cell:{11x0;;},Cell:{12x0;;},Cell:{13x0;;}];})
, 	PlacedOutOfBounds = List`1<Area>(Area:{14x1;-1x2;False;Maze;;[Cell:{0x0;;},Cell:{1x0;;},Cell:{2x0;;},Cell:{3x0;;},Cell:{4x0;;},Cell:{5x0;;},Cell:{6x0;;},Cell:{7x0;;},Cell:{8x0;;},Cell:{9x0;;},Cell:{10x0;;},Cell:{11x0;;},Cell:{12x0;;},Cell:{13x0;;}];})
, 	PlacedOverlapping = List`1<Area>(Area:{10x1;27x2;False;Maze;;[Cell:{0x0;;},Cell:{1x0;;},Cell:{2x0;;},Cell:{3x0;;},Cell:{4x0;;},Cell:{5x0;;},Cell:{6x0;;},Cell:{7x0;;},Cell:{8x0;;},Cell:{9x0;;}];}, Area:{13x1;36x2;False;Maze;;[Cell:{0x0;;},Cell:{1x0;;},Cell:{2x0;;},Cell:{3x0;;},Cell:{4x0;;},Cell:{5x0;;},Cell:{6x0;;},Cell:{7x0;;},Cell:{8x0;;},Cell:{9x0;;},Cell:{10x0;;},Cell:{11x0;;},Cell:{12x0;;}];})
, 	PlacedAreas = List`1<Area>(Area:{14x1;13x1;False;Maze;;[Cell:{0x0;;},Cell:{1x0;;},Cell:{2x0;;},Cell:{3x0;;},Cell:{4x0;;},Cell:{5x0;;},Cell:{6x0;;},Cell:{7x0;;},Cell:{8x0;;},Cell:{9x0;;},Cell:{10x0;;},Cell:{11x0;;},Cell:{12x0;;},Cell:{13x0;;}];}, Area:{10x1;15x2;False;Maze;;[Cell:{0x0;;},Cell:{1x0;;},Cell:{2x0;;},Cell:{3x0;;},Cell:{4x0;;},Cell:{5x0;;},Cell:{6x0;;},Cell:{7x0;;},Cell:{8x0;;},Cell:{9x0;;}];}, Area:{10x1;27x2;False;Maze;;[Cell:{0x0;;},Cell:{1x0;;},Cell:{2x0;;},Cell:{3x0;;},Cell:{4x0;;},Cell:{5x0;;},Cell:{6x0;;},Cell:{7x0;;},Cell:{8x0;;},Cell:{9x0;;}];}, Area:{13x1;36x2;False;Maze;;[Cell:{0x0;;},Cell:{1x0;;},Cell:{2x0;;},Cell:{3x0;;},Cell:{4x0;;},Cell:{5x0;;},Cell:{6x0;;},Cell:{7x0;;},Cell:{8x0;;},Cell:{9x0;;},Cell:{10x0;;},Cell:{11x0;;},Cell:{12x0;;}];}, Area:{14x1;-1x2;False;Maze;;[Cell:{0x0;;},Cell:{1x0;;},Cell:{2x0;;},Cell:{3x0;;},Cell:{4x0;;},Cell:{5x0;;},Cell:{6x0;;},Cell:{7x0;;},Cell:{8x0;;},Cell:{9x0;;},Cell:{10x0;;},Cell:{11x0;;},Cell:{12x0;;},Cell:{13x0;;}];})
, 	MaxEpochs = 100
, 	TestString = yield return "49x5: P16x1;S14x1 P15x2;S10x1 P6x0;S10x1 P31x0;S13x1 P2x0;S14x1"; // Random(749)
)
PlayersWorlds.Maps.Areas.Evolving.AreaDistributorHelper+DistributeResult(	Log = TestLog
, 	OriginalOutOfBounds = List`1<Area>()
, 	OriginalOverlapping = List`1<Area>(Area:{10x7;17x12;False;Maze;;[Cell:{0x0;;},Cell:{1x0;;},Cell:{2x0;;},Cell:{3x0;;},Cell:{4x0;;},Cell:{5x0;;},Cell:{6x0;;},Cell:{7x0;;},Cell:{8x0;;},Cell:{9x0;;},Cell:{0x1;;},Cell:{1x1;;},Cell:{2x1;;},Cell:{3x1;;},Cell:{4x1;;},Cell:{5x1;;},Cell:{6x1;;},Cell:{7x1;;},Cell:{8x1;;},Cell:{9x1;;},Cell:{0x2;;},Cell:{1x2;;},Cell:{2x2;;},Cell:{3x2;;},Cell:{4x2;;},Cell:{5x2;;},Cell:{6x2;;},Cell:{7x2;;},Cell:{8x2;;},Cell:{9x2;;},Cell:{0x3;;},Cell:{1x3;;},Cell:{2x3;;},Cell:{3x3;;},Cell:{4x3;;},Cell:{5x3;;},Cell:{6x3;;},Cell:{7x3;;},Cell:{8x3;;},Cell:{9x3;;},Cell:{0x4;;},Cell:{1x4;;},Cell:{2x4;;},Cell:{3x4;;},Cell:{4x4;;},Cell:{5x4;;},Cell:{6x4;;},Cell:{7x4;;},Cell:{8x4;;},Cell:{9x4;;},Cell:{0x5;;},Cell:{1x5;;},Cell:{2x5;;},Cell:{3x5;;},Cell:{4x5;;},Cell:{5x5;;},Cell:{6x5;;},Cell:{7x5;;},Cell:{8x5;;},Cell:{9x5;;},Cell:{0x6;;},Cell:{1x6;;},Cell:{2x6;;},Cell:{3x6;;},Cell:{4x6;;},Cell:{5x6;;},Cell:{6x6;;},Cell:{7x6;;},Cell:{8x6;;},Cell:{9x6;;}];}, Area:{11x8;22x12;False;Maze;;[Cell:{0x0;;},Cell:{1x0;;},Cell:{2x0;;},Cell:{3x0;;},Cell:{4x0;;},Cell:{5x0;;},Cell:{6x0;;},Cell:{7x0;;},Cell:{8x0;;},Cell:{9x0;;},Cell:{10x0;;},Cell:{0x1;;},Cell:{1x1;;},Cell:{2x1;;},Cell:{3x1;;},Cell:{4x1;;},Cell:{5x1;;},Cell:{6x1;;},Cell:{7x1;;},Cell:{8x1;;},Cell:{9x1;;},Cell:{10x1;;},Cell:{0x2;;},Cell:{1x2;;},Cell:{2x2;;},Cell:{3x2;;},Cell:{4x2;;},Cell:{5x2;;},Cell:{6x2;;},Cell:{7x2;;},Cell:{8x2;;},Cell:{9x2;;},Cell:{10x2;;},Cell:{0x3;;},Cell:{1x3;;},Cell:{2x3;;},Cell:{3x3;;},Cell:{4x3;;},Cell:{5x3;;},Cell:{6x3;;},Cell:{7x3;;},Cell:{8x3;;},Cell:{9x3;;},Cell:{10x3;;},Cell:{0x4;;},Cell:{1x4;;},Cell:{2x4;;},Cell:{3x4;;},Cell:{4x4;;},Cell:{5x4;;},Cell:{6x4;;},Cell:{7x4;;},Cell:{8x4;;},Cell:{9x4;;},Cell:{10x4;;},Cell:{0x5;;},Cell:{1x5;;},Cell:{2x5;;},Cell:{3x5;;},Cell:{4x5;;},Cell:{5x5;;},Cell:{6x5;;},Cell:{7x5;;},Cell:{8x5;;},Cell:{9x5;;},Cell:{10x5;;},Cell:{0x6;;},Cell:{1x6;;},Cell:{2x6;;},Cell:{3x6;;},Cell:{4x6;;},Cell:{5x6;;},Cell:{6x6;;},Cell:{7x6;;},Cell:{8x6;;},Cell:{9x6;;},Cell:{10x6;;},Cell:{0x7;;},Cell:{1x7;;},Cell:{2x7;;},Cell:{3x7;;},Cell:{4x7;;},Cell:{5x7;;},Cell:{6x7;;},Cell:{7x7;;},Cell:{8x7;;},Cell:{9x7;;},Cell:{10x7;;}];}, Area:{3x11;1x8;False;Maze;;[Cell:{0x0;;},Cell:{1x0;;},Cell:{2x0;;},Cell:{0x1;;},Cell:{1x1;;},Cell:{2x1;;},Cell:{0x2;;},Cell:{1x2;;},Cell:{2x2;;},Cell:{0x3;;},Cell:{1x3;;},Cell:{2x3;;},Cell:{0x4;;},Cell:{1x4;;},Cell:{2x4;;},Cell:{0x5;;},Cell:{1x5;;},Cell:{2x5;;},Cell:{0x6;;},Cell:{1x6;;},Cell:{2x6;;},Cell:{0x7;;},Cell:{1x7;;},Cell:{2x7;;},Cell:{0x8;;},Cell:{1x8;;},Cell:{2x8;;},Cell:{0x9;;},Cell:{1x9;;},Cell:{2x9;;},Cell:{0x10;;},Cell:{1x10;;},Cell:{2x10;;}];}, Area:{5x11;30x5;False;Maze;;[Cell:{0x0;;},Cell:{1x0;;},Cell:{2x0;;},Cell:{3x0;;},Cell:{4x0;;},Cell:{0x1;;},Cell:{1x1;;},Cell:{2x1;;},Cell:{3x1;;},Cell:{4x1;;},Cell:{0x2;;},Cell:{1x2;;},Cell:{2x2;;},Cell:{3x2;;},Cell:{4x2;;},Cell:{0x3;;},Cell:{1x3;;},Cell:{2x3;;},Cell:{3x3;;},Cell:{4x3;;},Cell:{0x4;;},Cell:{1x4;;},Cell:{2x4;;},Cell:{3x4;;},Cell:{4x4;;},Cell:{0x5;;},Cell:{1x5;;},Cell:{2x5;;},Cell:{3x5;;},Cell:{4x5;;},Cell:{0x6;;},Cell:{1x6;;},Cell:{2x6;;},Cell:{3x6;;},Cell:{4x6;;},Cell:{0x7;;},Cell:{1x7;;},Cell:{2x7;;},Cell:{3x7;;},Cell:{4x7;;},Cell:{0x8;;},Cell:{1x8;;},Cell:{2x8;;},Cell:{3x8;;},Cell:{4x8;;},Cell:{0x9;;},Cell:{1x9;;},Cell:{2x9;;},Cell:{3x9;;},Cell:{4x9;;},Cell:{0x10;;},Cell:{1x10;;},Cell:{2x10;;},Cell:{3x10;;},Cell:{4x10;;}];}, Area:{11x11;3x15;False;Maze;;[Cell:{0x0;;},Cell:{1x0;;},Cell:{2x0;;},Cell:{3x0;;},Cell:{4x0;;},Cell:{5x0;;},Cell:{6x0;;},Cell:{7x0;;},Cell:{8x0;;},Cell:{9x0;;},Cell:{10x0;;},Cell:{0x1;;},Cell:{1x1;;},Cell:{2x1;;},Cell:{3x1;;},Cell:{4x1;;},Cell:{5x1;;},Cell:{6x1;;},Cell:{7x1;;},Cell:{8x1;;},Cell:{9x1;;},Cell:{10x1;;},Cell:{0x2;;},Cell:{1x2;;},Cell:{2x2;;},Cell:{3x2;;},Cell:{4x2;;},Cell:{5x2;;},Cell:{6x2;;},Cell:{7x2;;},Cell:{8x2;;},Cell:{9x2;;},Cell:{10x2;;},Cell:{0x3;;},Cell:{1x3;;},Cell:{2x3;;},Cell:{3x3;;},Cell:{4x3;;},Cell:{5x3;;},Cell:{6x3;;},Cell:{7x3;;},Cell:{8x3;;},Cell:{9x3;;},Cell:{10x3;;},Cell:{0x4;;},Cell:{1x4;;},Cell:{2x4;;},Cell:{3x4;;},Cell:{4x4;;},Cell:{5x4;;},Cell:{6x4;;},Cell:{7x4;;},Cell:{8x4;;},Cell:{9x4;;},Cell:{10x4;;},Cell:{0x5;;},Cell:{1x5;;},Cell:{2x5;;},Cell:{3x5;;},Cell:{4x5;;},Cell:{5x5;;},Cell:{6x5;;},Cell:{7x5;;},Cell:{8x5;;},Cell:{9x5;;},Cell:{10x5;;},Cell:{0x6;;},Cell:{1x6;;},Cell:{2x6;;},Cell:{3x6;;},Cell:{4x6;;},Cell:{5x6;;},Cell:{6x6;;},Cell:{7x6;;},Cell:{8x6;;},Cell:{9x6;;},Cell:{10x6;;},Cell:{0x7;;},Cell:{1x7;;},Cell:{2x7;;},Cell:{3x7;;},Cell:{4x7;;},Cell:{5x7;;},Cell:{6x7;;},Cell:{7x7;;},Cell:{8x7;;},Cell:{9x7;;},Cell:{10x7;;},Cell:{0x8;;},Cell:{1x8;;},Cell:{2x8;;},Cell:{3x8;;},Cell:{4x8;;},Cell:{5x8;;},Cell:{6x8;;},Cell:{7x8;;},Cell:{8x8;;},Cell:{9x8;;},Cell:{10x8;;},Cell:{0x9;;},Cell:{1x9;;},Cell:{2x9;;},Cell:{3x9;;},Cell:{4x9;;},Cell:{5x9;;},Cell:{6x9;;},Cell:{7x9;;},Cell:{8x9;;},Cell:{9x9;;},Cell:{10x9;;},Cell:{0x10;;},Cell:{1x10;;},Cell:{2x10;;},Cell:{3x10;;},Cell:{4x10;;},Cell:{5x10;;},Cell:{6x10;;},Cell:{7x10;;},Cell:{8x10;;},Cell:{9x10;;},Cell:{10x10;;}];}...(8))
, 	OriginalAreas = List`1<Area>(Area:{10x7;17x12;False;Maze;;[Cell:{0x0;;},Cell:{1x0;;},Cell:{2x0;;},Cell:{3x0;;},Cell:{4x0;;},Cell:{5x0;;},Cell:{6x0;;},Cell:{7x0;;},Cell:{8x0;;},Cell:{9x0;;},Cell:{0x1;;},Cell:{1x1;;},Cell:{2x1;;},Cell:{3x1;;},Cell:{4x1;;},Cell:{5x1;;},Cell:{6x1;;},Cell:{7x1;;},Cell:{8x1;;},Cell:{9x1;;},Cell:{0x2;;},Cell:{1x2;;},Cell:{2x2;;},Cell:{3x2;;},Cell:{4x2;;},Cell:{5x2;;},Cell:{6x2;;},Cell:{7x2;;},Cell:{8x2;;},Cell:{9x2;;},Cell:{0x3;;},Cell:{1x3;;},Cell:{2x3;;},Cell:{3x3;;},Cell:{4x3;;},Cell:{5x3;;},Cell:{6x3;;},Cell:{7x3;;},Cell:{8x3;;},Cell:{9x3;;},Cell:{0x4;;},Cell:{1x4;;},Cell:{2x4;;},Cell:{3x4;;},Cell:{4x4;;},Cell:{5x4;;},Cell:{6x4;;},Cell:{7x4;;},Cell:{8x4;;},Cell:{9x4;;},Cell:{0x5;;},Cell:{1x5;;},Cell:{2x5;;},Cell:{3x5;;},Cell:{4x5;;},Cell:{5x5;;},Cell:{6x5;;},Cell:{7x5;;},Cell:{8x5;;},Cell:{9x5;;},Cell:{0x6;;},Cell:{1x6;;},Cell:{2x6;;},Cell:{3x6;;},Cell:{4x6;;},Cell:{5x6;;},Cell:{6x6;;},Cell:{7x6;;},Cell:{8x6;;},Cell:{9x6;;}];}, Area:{11x8;22x12;False;Maze;;[Cell:{0x0;;},Cell:{1x0;;},Cell:{2x0;;},Cell:{3x0;;},Cell:{4x0;;},Cell:{5x0;;},Cell:{6x0;;},Cell:{7x0;;},Cell:{8x0;;},Cell:{9x0;;},Cell:{10x0;;},Cell:{0x1;;},Cell:{1x1;;},Cell:{2x1;;},Cell:{3x1;;},Cell:{4x1;;},Cell:{5x1;;},Cell:{6x1;;},Cell:{7x1;;},Cell:{8x1;;},Cell:{9x1;;},Cell:{10x1;;},Cell:{0x2;;},Cell:{1x2;;},Cell:{2x2;;},Cell:{3x2;;},Cell:{4x2;;},Cell:{5x2;;},Cell:{6x2;;},Cell:{7x2;;},Cell:{8x2;;},Cell:{9x2;;},Cell:{10x2;;},Cell:{0x3;;},Cell:{1x3;;},Cell:{2x3;;},Cell:{3x3;;},Cell:{4x3;;},Cell:{5x3;;},Cell:{6x3;;},Cell:{7x3;;},Cell:{8x3;;},Cell:{9x3;;},Cell:{10x3;;},Cell:{0x4;;},Cell:{1x4;;},Cell:{2x4;;},Cell:{3x4;;},Cell:{4x4;;},Cell:{5x4;;},Cell:{6x4;;},Cell:{7x4;;},Cell:{8x4;;},Cell:{9x4;;},Cell:{10x4;;},Cell:{0x5;;},Cell:{1x5;;},Cell:{2x5;;},Cell:{3x5;;},Cell:{4x5;;},Cell:{5x5;;},Cell:{6x5;;},Cell:{7x5;;},Cell:{8x5;;},Cell:{9x5;;},Cell:{10x5;;},Cell:{0x6;;},Cell:{1x6;;},Cell:{2x6;;},Cell:{3x6;;},Cell:{4x6;;},Cell:{5x6;;},Cell:{6x6;;},Cell:{7x6;;},Cell:{8x6;;},Cell:{9x6;;},Cell:{10x6;;},Cell:{0x7;;},Cell:{1x7;;},Cell:{2x7;;},Cell:{3x7;;},Cell:{4x7;;},Cell:{5x7;;},Cell:{6x7;;},Cell:{7x7;;},Cell:{8x7;;},Cell:{9x7;;},Cell:{10x7;;}];}, Area:{6x8;4x6;False;Maze;;[Cell:{0x0;;},Cell:{1x0;;},Cell:{2x0;;},Cell:{3x0;;},Cell:{4x0;;},Cell:{5x0;;},Cell:{0x1;;},Cell:{1x1;;},Cell:{2x1;;},Cell:{3x1;;},Cell:{4x1;;},Cell:{5x1;;},Cell:{0x2;;},Cell:{1x2;;},Cell:{2x2;;},Cell:{3x2;;},Cell:{4x2;;},Cell:{5x2;;},Cell:{0x3;;},Cell:{1x3;;},Cell:{2x3;;},Cell:{3x3;;},Cell:{4x3;;},Cell:{5x3;;},Cell:{0x4;;},Cell:{1x4;;},Cell:{2x4;;},Cell:{3x4;;},Cell:{4x4;;},Cell:{5x4;;},Cell:{0x5;;},Cell:{1x5;;},Cell:{2x5;;},Cell:{3x5;;},Cell:{4x5;;},Cell:{5x5;;},Cell:{0x6;;},Cell:{1x6;;},Cell:{2x6;;},Cell:{3x6;;},Cell:{4x6;;},Cell:{5x6;;},Cell:{0x7;;},Cell:{1x7;;},Cell:{2x7;;},Cell:{3x7;;},Cell:{4x7;;},Cell:{5x7;;}];}, Area:{3x11;1x8;False;Maze;;[Cell:{0x0;;},Cell:{1x0;;},Cell:{2x0;;},Cell:{0x1;;},Cell:{1x1;;},Cell:{2x1;;},Cell:{0x2;;},Cell:{1x2;;},Cell:{2x2;;},Cell:{0x3;;},Cell:{1x3;;},Cell:{2x3;;},Cell:{0x4;;},Cell:{1x4;;},Cell:{2x4;;},Cell:{0x5;;},Cell:{1x5;;},Cell:{2x5;;},Cell:{0x6;;},Cell:{1x6;;},Cell:{2x6;;},Cell:{0x7;;},Cell:{1x7;;},Cell:{2x7;;},Cell:{0x8;;},Cell:{1x8;;},Cell:{2x8;;},Cell:{0x9;;},Cell:{1x9;;},Cell:{2x9;;},Cell:{0x10;;},Cell:{1x10;;},Cell:{2x10;;}];}, Area:{5x11;30x5;False;Maze;;[Cell:{0x0;;},Cell:{1x0;;},Cell:{2x0;;},Cell:{3x0;;},Cell:{4x0;;},Cell:{0x1;;},Cell:{1x1;;},Cell:{2x1;;},Cell:{3x1;;},Cell:{4x1;;},Cell:{0x2;;},Cell:{1x2;;},Cell:{2x2;;},Cell:{3x2;;},Cell:{4x2;;},Cell:{0x3;;},Cell:{1x3;;},Cell:{2x3;;},Cell:{3x3;;},Cell:{4x3;;},Cell:{0x4;;},Cell:{1x4;;},Cell:{2x4;;},Cell:{3x4;;},Cell:{4x4;;},Cell:{0x5;;},Cell:{1x5;;},Cell:{2x5;;},Cell:{3x5;;},Cell:{4x5;;},Cell:{0x6;;},Cell:{1x6;;},Cell:{2x6;;},Cell:{3x6;;},Cell:{4x6;;},Cell:{0x7;;},Cell:{1x7;;},Cell:{2x7;;},Cell:{3x7;;},Cell:{4x7;;},Cell:{0x8;;},Cell:{1x8;;},Cell:{2x8;;},Cell:{3x8;;},Cell:{4x8;;},Cell:{0x9;;},Cell:{1x9;;},Cell:{2x9;;},Cell:{3x9;;},Cell:{4x9;;},Cell:{0x10;;},Cell:{1x10;;},Cell:{2x10;;},Cell:{3x10;;},Cell:{4x10;;}];}...(12))
, 	PlacedOutOfBounds = List`1<Area>()
, 	PlacedOverlapping = List`1<Area>(Area:{12x6;17x15;False;Maze;;[Cell:{0x0;;},Cell:{1x0;;},Cell:{2x0;;},Cell:{3x0;;},Cell:{4x0;;},Cell:{5x0;;},Cell:{6x0;;},Cell:{7x0;;},Cell:{8x0;;},Cell:{9x0;;},Cell:{10x0;;},Cell:{11x0;;},Cell:{0x1;;},Cell:{1x1;;},Cell:{2x1;;},Cell:{3x1;;},Cell:{4x1;;},Cell:{5x1;;},Cell:{6x1;;},Cell:{7x1;;},Cell:{8x1;;},Cell:{9x1;;},Cell:{10x1;;},Cell:{11x1;;},Cell:{0x2;;},Cell:{1x2;;},Cell:{2x2;;},Cell:{3x2;;},Cell:{4x2;;},Cell:{5x2;;},Cell:{6x2;;},Cell:{7x2;;},Cell:{8x2;;},Cell:{9x2;;},Cell:{10x2;;},Cell:{11x2;;},Cell:{0x3;;},Cell:{1x3;;},Cell:{2x3;;},Cell:{3x3;;},Cell:{4x3;;},Cell:{5x3;;},Cell:{6x3;;},Cell:{7x3;;},Cell:{8x3;;},Cell:{9x3;;},Cell:{10x3;;},Cell:{11x3;;},Cell:{0x4;;},Cell:{1x4;;},Cell:{2x4;;},Cell:{3x4;;},Cell:{4x4;;},Cell:{5x4;;},Cell:{6x4;;},Cell:{7x4;;},Cell:{8x4;;},Cell:{9x4;;},Cell:{10x4;;},Cell:{11x4;;},Cell:{0x5;;},Cell:{1x5;;},Cell:{2x5;;},Cell:{3x5;;},Cell:{4x5;;},Cell:{5x5;;},Cell:{6x5;;},Cell:{7x5;;},Cell:{8x5;;},Cell:{9x5;;},Cell:{10x5;;},Cell:{11x5;;}];}, Area:{8x7;28x12;False;Maze;;[Cell:{0x0;;},Cell:{1x0;;},Cell:{2x0;;},Cell:{3x0;;},Cell:{4x0;;},Cell:{5x0;;},Cell:{6x0;;},Cell:{7x0;;},Cell:{0x1;;},Cell:{1x1;;},Cell:{2x1;;},Cell:{3x1;;},Cell:{4x1;;},Cell:{5x1;;},Cell:{6x1;;},Cell:{7x1;;},Cell:{0x2;;},Cell:{1x2;;},Cell:{2x2;;},Cell:{3x2;;},Cell:{4x2;;},Cell:{5x2;;},Cell:{6x2;;},Cell:{7x2;;},Cell:{0x3;;},Cell:{1x3;;},Cell:{2x3;;},Cell:{3x3;;},Cell:{4x3;;},Cell:{5x3;;},Cell:{6x3;;},Cell:{7x3;;},Cell:{0x4;;},Cell:{1x4;;},Cell:{2x4;;},Cell:{3x4;;},Cell:{4x4;;},Cell:{5x4;;},Cell:{6x4;;},Cell:{7x4;;},Cell:{0x5;;},Cell:{1x5;;},Cell:{2x5;;},Cell:{3x5;;},Cell:{4x5;;},Cell:{5x5;;},Cell:{6x5;;},Cell:{7x5;;},Cell:{0x6;;},Cell:{1x6;;},Cell:{2x6;;},Cell:{3x6;;},Cell:{4x6;;},Cell:{5x6;;},Cell:{6x6;;},Cell:{7x6;;}];})
, 	PlacedAreas = List`1<Area>(Area:{10x7;2x28;False;Maze;;[Cell:{0x0;;},Cell:{1x0;;},Cell:{2x0;;},Cell:{3x0;;},Cell:{4x0;;},Cell:{5x0;;},Cell:{6x0;;},Cell:{7x0;;},Cell:{8x0;;},Cell:{9x0;;},Cell:{0x1;;},Cell:{1x1;;},Cell:{2x1;;},Cell:{3x1;;},Cell:{4x1;;},Cell:{5x1;;},Cell:{6x1;;},Cell:{7x1;;},Cell:{8x1;;},Cell:{9x1;;},Cell:{0x2;;},Cell:{1x2;;},Cell:{2x2;;},Cell:{3x2;;},Cell:{4x2;;},Cell:{5x2;;},Cell:{6x2;;},Cell:{7x2;;},Cell:{8x2;;},Cell:{9x2;;},Cell:{0x3;;},Cell:{1x3;;},Cell:{2x3;;},Cell:{3x3;;},Cell:{4x3;;},Cell:{5x3;;},Cell:{6x3;;},Cell:{7x3;;},Cell:{8x3;;},Cell:{9x3;;},Cell:{0x4;;},Cell:{1x4;;},Cell:{2x4;;},Cell:{3x4;;},Cell:{4x4;;},Cell:{5x4;;},Cell:{6x4;;},Cell:{7x4;;},Cell:{8x4;;},Cell:{9x4;;},Cell:{0x5;;},Cell:{1x5;;},Cell:{2x5;;},Cell:{3x5;;},Cell:{4x5;;},Cell:{5x5;;},Cell:{6x5;;},Cell:{7x5;;},Cell:{8x5;;},Cell:{9x5;;},Cell:{0x6;;},Cell:{1x6;;},Cell:{2x6;;},Cell:{3x6;;},Cell:{4x6;;},Cell:{5x6;;},Cell:{6x6;;},Cell:{7x6;;},Cell:{8x6;;},Cell:{9x6;;}];}, Area:{11x8;2x14;False;Maze;;[Cell:{0x0;;},Cell:{1x0;;},Cell:{2x0;;},Cell:{3x0;;},Cell:{4x0;;},Cell:{5x0;;},Cell:{6x0;;},Cell:{7x0;;},Cell:{8x0;;},Cell:{9x0;;},Cell:{10x0;;},Cell:{0x1;;},Cell:{1x1;;},Cell:{2x1;;},Cell:{3x1;;},Cell:{4x1;;},Cell:{5x1;;},Cell:{6x1;;},Cell:{7x1;;},Cell:{8x1;;},Cell:{9x1;;},Cell:{10x1;;},Cell:{0x2;;},Cell:{1x2;;},Cell:{2x2;;},Cell:{3x2;;},Cell:{4x2;;},Cell:{5x2;;},Cell:{6x2;;},Cell:{7x2;;},Cell:{8x2;;},Cell:{9x2;;},Cell:{10x2;;},Cell:{0x3;;},Cell:{1x3;;},Cell:{2x3;;},Cell:{3x3;;},Cell:{4x3;;},Cell:{5x3;;},Cell:{6x3;;},Cell:{7x3;;},Cell:{8x3;;},Cell:{9x3;;},Cell:{10x3;;},Cell:{0x4;;},Cell:{1x4;;},Cell:{2x4;;},Cell:{3x4;;},Cell:{4x4;;},Cell:{5x4;;},Cell:{6x4;;},Cell:{7x4;;},Cell:{8x4;;},Cell:{9x4;;},Cell:{10x4;;},Cell:{0x5;;},Cell:{1x5;;},Cell:{2x5;;},Cell:{3x5;;},Cell:{4x5;;},Cell:{5x5;;},Cell:{6x5;;},Cell:{7x5;;},Cell:{8x5;;},Cell:{9x5;;},Cell:{10x5;;},Cell:{0x6;;},Cell:{1x6;;},Cell:{2x6;;},Cell:{3x6;;},Cell:{4x6;;},Cell:{5x6;;},Cell:{6x6;;},Cell:{7x6;;},Cell:{8x6;;},Cell:{9x6;;},Cell:{10x6;;},Cell:{0x7;;},Cell:{1x7;;},Cell:{2x7;;},Cell:{3x7;;},Cell:{4x7;;},Cell:{5x7;;},Cell:{6x7;;},Cell:{7x7;;},Cell:{8x7;;},Cell:{9x7;;},Cell:{10x7;;}];}, Area:{6x8;14x26;False;Maze;;[Cell:{0x0;;},Cell:{1x0;;},Cell:{2x0;;},Cell:{3x0;;},Cell:{4x0;;},Cell:{5x0;;},Cell:{0x1;;},Cell:{1x1;;},Cell:{2x1;;},Cell:{3x1;;},Cell:{4x1;;},Cell:{5x1;;},Cell:{0x2;;},Cell:{1x2;;},Cell:{2x2;;},Cell:{3x2;;},Cell:{4x2;;},Cell:{5x2;;},Cell:{0x3;;},Cell:{1x3;;},Cell:{2x3;;},Cell:{3x3;;},Cell:{4x3;;},Cell:{5x3;;},Cell:{0x4;;},Cell:{1x4;;},Cell:{2x4;;},Cell:{3x4;;},Cell:{4x4;;},Cell:{5x4;;},Cell:{0x5;;},Cell:{1x5;;},Cell:{2x5;;},Cell:{3x5;;},Cell:{4x5;;},Cell:{5x5;;},Cell:{0x6;;},Cell:{1x6;;},Cell:{2x6;;},Cell:{3x6;;},Cell:{4x6;;},Cell:{5x6;;},Cell:{0x7;;},Cell:{1x7;;},Cell:{2x7;;},Cell:{3x7;;},Cell:{4x7;;},Cell:{5x7;;}];}, Area:{3x11;34x23;False;Maze;;[Cell:{0x0;;},Cell:{1x0;;},Cell:{2x0;;},Cell:{0x1;;},Cell:{1x1;;},Cell:{2x1;;},Cell:{0x2;;},Cell:{1x2;;},Cell:{2x2;;},Cell:{0x3;;},Cell:{1x3;;},Cell:{2x3;;},Cell:{0x4;;},Cell:{1x4;;},Cell:{2x4;;},Cell:{0x5;;},Cell:{1x5;;},Cell:{2x5;;},Cell:{0x6;;},Cell:{1x6;;},Cell:{2x6;;},Cell:{0x7;;},Cell:{1x7;;},Cell:{2x7;;},Cell:{0x8;;},Cell:{1x8;;},Cell:{2x8;;},Cell:{0x9;;},Cell:{1x9;;},Cell:{2x9;;},Cell:{0x10;;},Cell:{1x10;;},Cell:{2x10;;}];}, Area:{5x11;21x3;False;Maze;;[Cell:{0x0;;},Cell:{1x0;;},Cell:{2x0;;},Cell:{3x0;;},Cell:{4x0;;},Cell:{0x1;;},Cell:{1x1;;},Cell:{2x1;;},Cell:{3x1;;},Cell:{4x1;;},Cell:{0x2;;},Cell:{1x2;;},Cell:{2x2;;},Cell:{3x2;;},Cell:{4x2;;},Cell:{0x3;;},Cell:{1x3;;},Cell:{2x3;;},Cell:{3x3;;},Cell:{4x3;;},Cell:{0x4;;},Cell:{1x4;;},Cell:{2x4;;},Cell:{3x4;;},Cell:{4x4;;},Cell:{0x5;;},Cell:{1x5;;},Cell:{2x5;;},Cell:{3x5;;},Cell:{4x5;;},Cell:{0x6;;},Cell:{1x6;;},Cell:{2x6;;},Cell:{3x6;;},Cell:{4x6;;},Cell:{0x7;;},Cell:{1x7;;},Cell:{2x7;;},Cell:{3x7;;},Cell:{4x7;;},Cell:{0x8;;},Cell:{1x8;;},Cell:{2x8;;},Cell:{3x8;;},Cell:{4x8;;},Cell:{0x9;;},Cell:{1x9;;},Cell:{2x9;;},Cell:{3x9;;},Cell:{4x9;;},Cell:{0x10;;},Cell:{1x10;;},Cell:{2x10;;},Cell:{3x10;;},Cell:{4x10;;}];}...(12))
, 	MaxEpochs = 100
, 	TestString = yield return "39x37: P17x12;S10x7 P22x12;S11x8 P4x6;S6x8 P1x8;S3x11 P30x5;S5x11 P0x30;S12x6 P3x15;S11x11 P33x13;S5x4 P25x1;S2x8 P28x17;S8x2 P16x16;S12x8 P13x5;S8x7"; // Random(141)
)
]]></output>
                </test-case>
              </test-suite>
              <test-suite type="TestFixture" id="1-1958" name="AreaDistributorTest" fullname="PlayersWorlds.Maps.Areas.Evolving.AreaDistributorTest" classname="PlayersWorlds.Maps.Areas.Evolving.AreaDistributorTest" runstate="Runnable" testcasecount="79" result="Failed" site="Child" start-time="2024-06-07T14:39:00.4795840Z" end-time="2024-06-07T14:39:05.4777610Z" duration="4.998177" total="79" passed="77" failed="1" warnings="0" inconclusive="0" skipped="1" asserts="156">
                <failure>
                  <message><![CDATA[One or more child tests had errors]]></message>
                </failure>
                <test-suite type="ParameterizedMethod" id="1-2040" name="AreaDistributorTest_CanLayout" fullname="PlayersWorlds.Maps.Areas.Evolving.AreaDistributorTest.AreaDistributorTest_CanLayout" classname="PlayersWorlds.Maps.Areas.Evolving.AreaDistributorTest" runstate="Runnable" testcasecount="55" result="Failed" site="Child" start-time="2024-06-07T14:39:00.4797480Z" end-time="2024-06-07T14:39:05.4018740Z" duration="4.922126" total="55" passed="54" failed="1" warnings="0" inconclusive="0" skipped="0" asserts="110">
                  <properties>
                    <property name="Category" value="Integration" />
                    <property name="Category" value="Smoke" />
                  </properties>
                  <failure>
                    <message><![CDATA[One or more child tests had errors]]></message>
                  </failure>
                  <test-case id="1-1985" name="AreaDistributorTest_CanLayout(&quot;13x8: P9x6;S3x1 P1x4;S2x1&quot;)" fullname="PlayersWorlds.Maps.Areas.Evolving.AreaDistributorTest.AreaDistributorTest_CanLayout(&quot;13x8: P9x6;S3x1 P1x4;S2x1&quot;)" methodname="AreaDistributorTest_CanLayout" classname="PlayersWorlds.Maps.Areas.Evolving.AreaDistributorTest" runstate="Runnable" seed="2130341213" result="Passed" start-time="2024-06-07T14:39:00.4798890Z" end-time="2024-06-07T14:39:00.4890620Z" duration="0.009173" asserts="2" />
                  <test-case id="1-1986" name="AreaDistributorTest_CanLayout(&quot;20x20: P14x14;S5x3 P-2x14;S1x4 P7x-3;S2x4 P2x4;S1x3&quot;)" fullname="PlayersWorlds.Maps.Areas.Evolving.AreaDistributorTest.AreaDistributorTest_CanLayout(&quot;20x20: P14x14;S5x3 P-2x14;S1x4 P7x-3;S2x4 P2x4;S1x3&quot;)" methodname="AreaDistributorTest_CanLayout" classname="PlayersWorlds.Maps.Areas.Evolving.AreaDistributorTest" runstate="Runnable" seed="934835959" result="Passed" start-time="2024-06-07T14:39:00.4890880Z" end-time="2024-06-07T14:39:00.5055310Z" duration="0.016442" asserts="2" />
                  <test-case id="1-1987" name="AreaDistributorTest_CanLayout(&quot;6x14: P0x10;S1x3&quot;)" fullname="PlayersWorlds.Maps.Areas.Evolving.AreaDistributorTest.AreaDistributorTest_CanLayout(&quot;6x14: P0x10;S1x3&quot;)" methodname="AreaDistributorTest_CanLayout" classname="PlayersWorlds.Maps.Areas.Evolving.AreaDistributorTest" runstate="Runnable" seed="854406806" result="Passed" start-time="2024-06-07T14:39:00.5055500Z" end-time="2024-06-07T14:39:00.5069600Z" duration="0.001410" asserts="2" />
                  <test-case id="1-1988" name="AreaDistributorTest_CanLayout(&quot;23x22: P11x10;S6x2 P-1x14;S5x1 P5x-3;S5x3 P11x22;S2x1&quot;)" fullname="PlayersWorlds.Maps.Areas.Evolving.AreaDistributorTest.AreaDistributorTest_CanLayout(&quot;23x22: P11x10;S6x2 P-1x14;S5x1 P5x-3;S5x3 P11x22;S2x1&quot;)" methodname="AreaDistributorTest_CanLayout" classname="PlayersWorlds.Maps.Areas.Evolving.AreaDistributorTest" runstate="Runnable" seed="1249958493" result="Passed" start-time="2024-06-07T14:39:00.5069810Z" end-time="2024-06-07T14:39:00.5259940Z" duration="0.019013" asserts="2" />
                  <test-case id="1-1989" name="AreaDistributorTest_CanLayout(&quot;18x23: P-3x-8;S5x5 P30x8;S3x6 P9x3;S4x4 P12x15;S1x3&quot;)" fullname="PlayersWorlds.Maps.Areas.Evolving.AreaDistributorTest.AreaDistributorTest_CanLayout(&quot;18x23: P-3x-8;S5x5 P30x8;S3x6 P9x3;S4x4 P12x15;S1x3&quot;)" methodname="AreaDistributorTest_CanLayout" classname="PlayersWorlds.Maps.Areas.Evolving.AreaDistributorTest" runstate="Runnable" seed="1163635219" result="Passed" start-time="2024-06-07T14:39:00.5260060Z" end-time="2024-06-07T14:39:00.5447290Z" duration="0.018724" asserts="2" />
                  <test-case id="1-1990" name="AreaDistributorTest_CanLayout(&quot;23x8: P4x7;S4x1 P2x-1;S1x1&quot;)" fullname="PlayersWorlds.Maps.Areas.Evolving.AreaDistributorTest.AreaDistributorTest_CanLayout(&quot;23x8: P4x7;S4x1 P2x-1;S1x1&quot;)" methodname="AreaDistributorTest_CanLayout" classname="PlayersWorlds.Maps.Areas.Evolving.AreaDistributorTest" runstate="Runnable" seed="1869097781" result="Passed" start-time="2024-06-07T14:39:00.5447410Z" end-time="2024-06-07T14:39:00.5501090Z" duration="0.005368" asserts="2" />
                  <test-case id="1-1991" name="AreaDistributorTest_CanLayout(&quot;21x13: P8x-3;S6x3 P8x4;S6x3 P7x2;S4x2&quot;)" fullname="PlayersWorlds.Maps.Areas.Evolving.AreaDistributorTest.AreaDistributorTest_CanLayout(&quot;21x13: P8x-3;S6x3 P8x4;S6x3 P7x2;S4x2&quot;)" methodname="AreaDistributorTest_CanLayout" classname="PlayersWorlds.Maps.Areas.Evolving.AreaDistributorTest" runstate="Runnable" seed="826283232" result="Passed" start-time="2024-06-07T14:39:00.5501200Z" end-time="2024-06-07T14:39:00.5553610Z" duration="0.005240" asserts="2" />
                  <test-case id="1-1992" name="AreaDistributorTest_CanLayout(&quot;16x14: P2x13;S3x1 P11x-1;S4x3&quot;)" fullname="PlayersWorlds.Maps.Areas.Evolving.AreaDistributorTest.AreaDistributorTest_CanLayout(&quot;16x14: P2x13;S3x1 P11x-1;S4x3&quot;)" methodname="AreaDistributorTest_CanLayout" classname="PlayersWorlds.Maps.Areas.Evolving.AreaDistributorTest" runstate="Runnable" seed="78253804" result="Passed" start-time="2024-06-07T14:39:00.5553720Z" end-time="2024-06-07T14:39:00.5584140Z" duration="0.003042" asserts="2" />
                  <test-case id="1-1993" name="AreaDistributorTest_CanLayout(&quot;24x12: P12x7;S2x1 P14x-1;S5x2 P16x11;S1x1&quot;)" fullname="PlayersWorlds.Maps.Areas.Evolving.AreaDistributorTest.AreaDistributorTest_CanLayout(&quot;24x12: P12x7;S2x1 P14x-1;S5x2 P16x11;S1x1&quot;)" methodname="AreaDistributorTest_CanLayout" classname="PlayersWorlds.Maps.Areas.Evolving.AreaDistributorTest" runstate="Runnable" seed="2132178368" result="Passed" start-time="2024-06-07T14:39:00.5584250Z" end-time="2024-06-07T14:39:00.5716380Z" duration="0.013214" asserts="2" />
                  <test-case id="1-1994" name="AreaDistributorTest_CanLayout(&quot;9x18: P2x10;S2x2 P2x8;S2x5&quot;)" fullname="PlayersWorlds.Maps.Areas.Evolving.AreaDistributorTest.AreaDistributorTest_CanLayout(&quot;9x18: P2x10;S2x2 P2x8;S2x5&quot;)" methodname="AreaDistributorTest_CanLayout" classname="PlayersWorlds.Maps.Areas.Evolving.AreaDistributorTest" runstate="Runnable" seed="1135471905" result="Passed" start-time="2024-06-07T14:39:00.5716500Z" end-time="2024-06-07T14:39:00.5740030Z" duration="0.002353" asserts="2" />
                  <test-case id="1-1995" name="AreaDistributorTest_CanLayout(&quot;9x18: P2x8;S2x5 P2x10;S2x2&quot;)" fullname="PlayersWorlds.Maps.Areas.Evolving.AreaDistributorTest.AreaDistributorTest_CanLayout(&quot;9x18: P2x8;S2x5 P2x10;S2x2&quot;)" methodname="AreaDistributorTest_CanLayout" classname="PlayersWorlds.Maps.Areas.Evolving.AreaDistributorTest" runstate="Runnable" seed="1620612684" result="Passed" start-time="2024-06-07T14:39:00.5740140Z" end-time="2024-06-07T14:39:00.5792660Z" duration="0.005252" asserts="2" />
                  <test-case id="1-1996" name="AreaDistributorTest_CanLayout(&quot;21x21: P-3x-3;S6x6 P6x10;S4x2 P9x16;S2x2 P3x14;S4x2&quot;)" fullname="PlayersWorlds.Maps.Areas.Evolving.AreaDistributorTest.AreaDistributorTest_CanLayout(&quot;21x21: P-3x-3;S6x6 P6x10;S4x2 P9x16;S2x2 P3x14;S4x2&quot;)" methodname="AreaDistributorTest_CanLayout" classname="PlayersWorlds.Maps.Areas.Evolving.AreaDistributorTest" runstate="Runnable" seed="465555305" result="Passed" start-time="2024-06-07T14:39:00.5792770Z" end-time="2024-06-07T14:39:00.5930920Z" duration="0.013815" asserts="2" />
                  <test-case id="1-1997" name="AreaDistributorTest_CanLayout(&quot;14x24: P-9x5;S2x7 P26x5;S1x7 P3x11;S3x7 P5x19;S3x2 P3x6;S2x5 P2x19;S2x2&quot;)" fullname="PlayersWorlds.Maps.Areas.Evolving.AreaDistributorTest.AreaDistributorTest_CanLayout(&quot;14x24: P-9x5;S2x7 P26x5;S1x7 P3x11;S3x7 P5x19;S3x2 P3x6;S2x5 P2x19;S2x2&quot;)" methodname="AreaDistributorTest_CanLayout" classname="PlayersWorlds.Maps.Areas.Evolving.AreaDistributorTest" runstate="Runnable" seed="1776112413" result="Passed" start-time="2024-06-07T14:39:00.5931030Z" end-time="2024-06-07T14:39:00.6639500Z" duration="0.070847" asserts="2" />
                  <test-case id="1-1998" name="AreaDistributorTest_CanLayout(&quot;33x10: P13x11;S10x1 P13x-1;S10x1 P19x3;S8x1 P4x6;S9x1 P9x3;S9x2 P2x3;S3x2&quot;)" fullname="PlayersWorlds.Maps.Areas.Evolving.AreaDistributorTest.AreaDistributorTest_CanLayout(&quot;33x10: P13x11;S10x1 P13x-1;S10x1 P19x3;S8x1 P4x6;S9x1 P9x3;S9x2 P2x3;S3x2&quot;)" methodname="AreaDistributorTest_CanLayout" classname="PlayersWorlds.Maps.Areas.Evolving.AreaDistributorTest" runstate="Runnable" seed="167673753" result="Passed" start-time="2024-06-07T14:39:00.6639610Z" end-time="2024-06-07T14:39:00.7360780Z" duration="0.072117" asserts="2" />
                  <test-case id="1-1999" name="AreaDistributorTest_CanLayout(&quot;6x49: P-1x5;S1x11 P5x17;S1x11 P2x23;S1x9 P2x14;S1x13 P0x12;S1x9&quot;)" fullname="PlayersWorlds.Maps.Areas.Evolving.AreaDistributorTest.AreaDistributorTest_CanLayout(&quot;6x49: P-1x5;S1x11 P5x17;S1x11 P2x23;S1x9 P2x14;S1x13 P0x12;S1x9&quot;)" methodname="AreaDistributorTest_CanLayout" classname="PlayersWorlds.Maps.Areas.Evolving.AreaDistributorTest" runstate="Runnable" seed="309704580" result="Passed" start-time="2024-06-07T14:39:00.7360900Z" end-time="2024-06-07T14:39:00.8097440Z" duration="0.073654" asserts="2" />
                  <test-case id="1-2000" name="AreaDistributorTest_CanLayout(&quot;35x5: P5x-1;S10x1 P23x4;S8x1 P4x2;S3x1 P12x2;S2x1&quot;)" fullname="PlayersWorlds.Maps.Areas.Evolving.AreaDistributorTest.AreaDistributorTest_CanLayout(&quot;35x5: P5x-1;S10x1 P23x4;S8x1 P4x2;S3x1 P12x2;S2x1&quot;)" methodname="AreaDistributorTest_CanLayout" classname="PlayersWorlds.Maps.Areas.Evolving.AreaDistributorTest" runstate="Runnable" seed="1649074372" result="Passed" start-time="2024-06-07T14:39:00.8097550Z" end-time="2024-06-07T14:39:00.8504770Z" duration="0.040722" asserts="2" />
                  <test-case id="1-2001" name="AreaDistributorTest_CanLayout(&quot;42x5: P4x5;S10x1 P30x1;S3x1 P10x1;S3x1 P2x2;S1x1&quot;)" fullname="PlayersWorlds.Maps.Areas.Evolving.AreaDistributorTest.AreaDistributorTest_CanLayout(&quot;42x5: P4x5;S10x1 P30x1;S3x1 P10x1;S3x1 P2x2;S1x1&quot;)" methodname="AreaDistributorTest_CanLayout" classname="PlayersWorlds.Maps.Areas.Evolving.AreaDistributorTest" runstate="Runnable" seed="190933149" result="Passed" start-time="2024-06-07T14:39:00.8504890Z" end-time="2024-06-07T14:39:00.8740250Z" duration="0.023536" asserts="2" />
                  <test-case id="1-2002" name="AreaDistributorTest_CanLayout(&quot;39x5: P14x5;S10x1 P5x-1;S9x1 P2x2;S1x1 P10x4;S8x1&quot;)" fullname="PlayersWorlds.Maps.Areas.Evolving.AreaDistributorTest.AreaDistributorTest_CanLayout(&quot;39x5: P14x5;S10x1 P5x-1;S9x1 P2x2;S1x1 P10x4;S8x1&quot;)" methodname="AreaDistributorTest_CanLayout" classname="PlayersWorlds.Maps.Areas.Evolving.AreaDistributorTest" runstate="Runnable" seed="1636784502" result="Passed" start-time="2024-06-07T14:39:00.8740370Z" end-time="2024-06-07T14:39:00.8975410Z" duration="0.023504" asserts="2" />
                  <test-case id="1-2003" name="AreaDistributorTest_CanLayout(&quot;6x47: P6x12;S1x12 P3x13;S1x5 P3x18;S1x4 P3x38;S1x6 P2x2;S1x2&quot;)" fullname="PlayersWorlds.Maps.Areas.Evolving.AreaDistributorTest.AreaDistributorTest_CanLayout(&quot;6x47: P6x12;S1x12 P3x13;S1x5 P3x18;S1x4 P3x38;S1x6 P2x2;S1x2&quot;)" methodname="AreaDistributorTest_CanLayout" classname="PlayersWorlds.Maps.Areas.Evolving.AreaDistributorTest" runstate="Runnable" seed="1379294140" result="Passed" start-time="2024-06-07T14:39:00.8975520Z" end-time="2024-06-07T14:39:00.9555210Z" duration="0.057969" asserts="2" />
                  <test-case id="1-2004" name="AreaDistributorTest_CanLayout(&quot;6x47: P-1x28;S1x11 P6x11;S1x11 P6x6;S1x11 P-1x6;S1x11 P1x35;S1x5&quot;)" fullname="PlayersWorlds.Maps.Areas.Evolving.AreaDistributorTest.AreaDistributorTest_CanLayout(&quot;6x47: P-1x28;S1x11 P6x11;S1x11 P6x6;S1x11 P-1x6;S1x11 P1x35;S1x5&quot;)" methodname="AreaDistributorTest_CanLayout" classname="PlayersWorlds.Maps.Areas.Evolving.AreaDistributorTest" runstate="Runnable" seed="155026993" result="Passed" start-time="2024-06-07T14:39:00.9555330Z" end-time="2024-06-07T14:39:01.0001080Z" duration="0.044575" asserts="2" />
                  <test-case id="1-2005" name="AreaDistributorTest_CanLayout(&quot;6x47: P7x10;S1x14 P2x41;S1x3 P3x4;S1x3 P3x10;S1x4 P0x25;S1x9&quot;)" fullname="PlayersWorlds.Maps.Areas.Evolving.AreaDistributorTest.AreaDistributorTest_CanLayout(&quot;6x47: P7x10;S1x14 P2x41;S1x3 P3x4;S1x3 P3x10;S1x4 P0x25;S1x9&quot;)" methodname="AreaDistributorTest_CanLayout" classname="PlayersWorlds.Maps.Areas.Evolving.AreaDistributorTest" runstate="Runnable" seed="1218035414" result="Passed" start-time="2024-06-07T14:39:01.0001190Z" end-time="2024-06-07T14:39:01.0726560Z" duration="0.072536" asserts="2" />
                  <test-case id="1-2006" name="AreaDistributorTest_CanLayout(&quot;5x45: P-1x5;S1x10 P-2x21;S1x12 P7x17;S1x14 P2x40;S1x1 P1x29;S1x4&quot;)" fullname="PlayersWorlds.Maps.Areas.Evolving.AreaDistributorTest.AreaDistributorTest_CanLayout(&quot;5x45: P-1x5;S1x10 P-2x21;S1x12 P7x17;S1x14 P2x40;S1x1 P1x29;S1x4&quot;)" methodname="AreaDistributorTest_CanLayout" classname="PlayersWorlds.Maps.Areas.Evolving.AreaDistributorTest" runstate="Runnable" seed="470543933" result="Passed" start-time="2024-06-07T14:39:01.0726680Z" end-time="2024-06-07T14:39:01.1377520Z" duration="0.065084" asserts="2" />
                  <test-case id="1-2007" name="AreaDistributorTest_CanLayout(&quot;46x5: P4x-1;S10x1 P29x0;S7x1 P29x2;S2x1 P32x2;S10x1 P17x0;S5x1&quot;)" fullname="PlayersWorlds.Maps.Areas.Evolving.AreaDistributorTest.AreaDistributorTest_CanLayout(&quot;46x5: P4x-1;S10x1 P29x0;S7x1 P29x2;S2x1 P32x2;S10x1 P17x0;S5x1&quot;)" methodname="AreaDistributorTest_CanLayout" classname="PlayersWorlds.Maps.Areas.Evolving.AreaDistributorTest" runstate="Runnable" seed="1478484831" result="Passed" start-time="2024-06-07T14:39:01.1377630Z" end-time="2024-06-07T14:39:01.1884100Z" duration="0.050647" asserts="2" />
                  <test-case id="1-2008" name="AreaDistributorTest_CanLayout(&quot;6x48: P-2x28;S1x14 P6x6;S1x12 P3x22;S1x2 P1x14;S1x7 P2x23;S1x12&quot;)" fullname="PlayersWorlds.Maps.Areas.Evolving.AreaDistributorTest.AreaDistributorTest_CanLayout(&quot;6x48: P-2x28;S1x14 P6x6;S1x12 P3x22;S1x2 P1x14;S1x7 P2x23;S1x12&quot;)" methodname="AreaDistributorTest_CanLayout" classname="PlayersWorlds.Maps.Areas.Evolving.AreaDistributorTest" runstate="Runnable" seed="886366804" result="Passed" start-time="2024-06-07T14:39:01.1884220Z" end-time="2024-06-07T14:39:01.2401840Z" duration="0.051762" asserts="2" />
                  <test-case id="1-2009" name="AreaDistributorTest_CanLayout(&quot;47x5: P30x-3;S13x1 P24x-2;S11x1 P17x7;S14x1 P27x2;S2x1 P4x1;S4x1&quot;)" fullname="PlayersWorlds.Maps.Areas.Evolving.AreaDistributorTest.AreaDistributorTest_CanLayout(&quot;47x5: P30x-3;S13x1 P24x-2;S11x1 P17x7;S14x1 P27x2;S2x1 P4x1;S4x1&quot;)" methodname="AreaDistributorTest_CanLayout" classname="PlayersWorlds.Maps.Areas.Evolving.AreaDistributorTest" runstate="Runnable" seed="1547755515" result="Passed" start-time="2024-06-07T14:39:01.2401960Z" end-time="2024-06-07T14:39:01.3125800Z" duration="0.072384" asserts="2" />
                  <test-case id="1-2010" name="AreaDistributorTest_CanLayout(&quot;5x45: P-2x13;S1x10 P-2x7;S1x12 P2x3;S1x2 P0x3;S1x8 P2x10;S1x1&quot;)" fullname="PlayersWorlds.Maps.Areas.Evolving.AreaDistributorTest.AreaDistributorTest_CanLayout(&quot;5x45: P-2x13;S1x10 P-2x7;S1x12 P2x3;S1x2 P0x3;S1x8 P2x10;S1x1&quot;)" methodname="AreaDistributorTest_CanLayout" classname="PlayersWorlds.Maps.Areas.Evolving.AreaDistributorTest" runstate="Runnable" seed="37005978" result="Passed" start-time="2024-06-07T14:39:01.3125920Z" end-time="2024-06-07T14:39:01.3688330Z" duration="0.056241" asserts="2" />
                  <test-case id="1-2011" name="AreaDistributorTest_CanLayout(&quot;5x47: P7x28;S1x13 P6x15;S1x11 P1x2;S1x3 P2x40;S1x2 P2x43;S1x1&quot;)" fullname="PlayersWorlds.Maps.Areas.Evolving.AreaDistributorTest.AreaDistributorTest_CanLayout(&quot;5x47: P7x28;S1x13 P6x15;S1x11 P1x2;S1x3 P2x40;S1x2 P2x43;S1x1&quot;)" methodname="AreaDistributorTest_CanLayout" classname="PlayersWorlds.Maps.Areas.Evolving.AreaDistributorTest" runstate="Runnable" seed="1604428272" result="Passed" start-time="2024-06-07T14:39:01.3688450Z" end-time="2024-06-07T14:39:01.4246960Z" duration="0.055851" asserts="2" />
                  <test-case id="1-2012" name="AreaDistributorTest_CanLayout(&quot;5x36: P-2x21;S1x11 P2x12;S1x1 P2x15;S1x2 P2x8;S1x3&quot;)" fullname="PlayersWorlds.Maps.Areas.Evolving.AreaDistributorTest.AreaDistributorTest_CanLayout(&quot;5x36: P-2x21;S1x11 P2x12;S1x1 P2x15;S1x2 P2x8;S1x3&quot;)" methodname="AreaDistributorTest_CanLayout" classname="PlayersWorlds.Maps.Areas.Evolving.AreaDistributorTest" runstate="Runnable" seed="118423991" result="Passed" start-time="2024-06-07T14:39:01.4247080Z" end-time="2024-06-07T14:39:01.4522180Z" duration="0.027510" asserts="2" />
                  <test-case id="1-2013" name="AreaDistributorTest_CanLayout(&quot;6x39: P-1x20;S1x11 P3x19;S1x2 P2x11;S1x11 P2x20;S1x5 P3x10;S1x5&quot;)" fullname="PlayersWorlds.Maps.Areas.Evolving.AreaDistributorTest.AreaDistributorTest_CanLayout(&quot;6x39: P-1x20;S1x11 P3x19;S1x2 P2x11;S1x11 P2x20;S1x5 P3x10;S1x5&quot;)" methodname="AreaDistributorTest_CanLayout" classname="PlayersWorlds.Maps.Areas.Evolving.AreaDistributorTest" runstate="Runnable" seed="221054823" result="Passed" start-time="2024-06-07T14:39:01.4522300Z" end-time="2024-06-07T14:39:01.4815650Z" duration="0.029335" asserts="2" />
                  <test-case id="1-2014" name="AreaDistributorTest_CanLayout(&quot;44x6: P23x-2;S13x1 P7x-2;S13x1 P6x2;S8x1 P37x3;S2x1 P29x2;S10x1&quot;)" fullname="PlayersWorlds.Maps.Areas.Evolving.AreaDistributorTest.AreaDistributorTest_CanLayout(&quot;44x6: P23x-2;S13x1 P7x-2;S13x1 P6x2;S8x1 P37x3;S2x1 P29x2;S10x1&quot;)" methodname="AreaDistributorTest_CanLayout" classname="PlayersWorlds.Maps.Areas.Evolving.AreaDistributorTest" runstate="Runnable" seed="1787956750" result="Passed" start-time="2024-06-07T14:39:01.4815770Z" end-time="2024-06-07T14:39:01.5264610Z" duration="0.044884" asserts="2" />
                  <test-case id="1-2015" name="AreaDistributorTest_CanLayout(&quot;6x42: P-1x6;S1x11 P-2x21;S1x13 P3x36;S1x3 P5x7;S1x9 P0x27;S1x10&quot;)" fullname="PlayersWorlds.Maps.Areas.Evolving.AreaDistributorTest.AreaDistributorTest_CanLayout(&quot;6x42: P-1x6;S1x11 P-2x21;S1x13 P3x36;S1x3 P5x7;S1x9 P0x27;S1x10&quot;)" methodname="AreaDistributorTest_CanLayout" classname="PlayersWorlds.Maps.Areas.Evolving.AreaDistributorTest" runstate="Runnable" seed="1764359864" result="Passed" start-time="2024-06-07T14:39:01.5264740Z" end-time="2024-06-07T14:39:01.5997340Z" duration="0.073261" asserts="2" />
                  <test-case id="1-2016" name="AreaDistributorTest_CanLayout(&quot;40x5: P8x6;S12x1 P24x-1;S9x1 P3x0;S8x1 P23x2;S2x1&quot;)" fullname="PlayersWorlds.Maps.Areas.Evolving.AreaDistributorTest.AreaDistributorTest_CanLayout(&quot;40x5: P8x6;S12x1 P24x-1;S9x1 P3x0;S8x1 P23x2;S2x1&quot;)" methodname="AreaDistributorTest_CanLayout" classname="PlayersWorlds.Maps.Areas.Evolving.AreaDistributorTest" runstate="Runnable" seed="146174738" result="Passed" start-time="2024-06-07T14:39:01.5997470Z" end-time="2024-06-07T14:39:01.6277530Z" duration="0.028006" asserts="2" />
                  <test-case id="1-2017" name="AreaDistributorTest_CanLayout(&quot;47x7: P19x7;S14x1 P9x2;S8x1 P7x4;S8x1 P14x2;S4x1 P28x5;S10x1 P35x3;S2x1&quot;)" fullname="PlayersWorlds.Maps.Areas.Evolving.AreaDistributorTest.AreaDistributorTest_CanLayout(&quot;47x7: P19x7;S14x1 P9x2;S8x1 P7x4;S8x1 P14x2;S4x1 P28x5;S10x1 P35x3;S2x1&quot;)" methodname="AreaDistributorTest_CanLayout" classname="PlayersWorlds.Maps.Areas.Evolving.AreaDistributorTest" runstate="Runnable" seed="860731589" result="Passed" start-time="2024-06-07T14:39:01.6277640Z" end-time="2024-06-07T14:39:01.7324810Z" duration="0.104717" asserts="2" />
                  <test-case id="1-2018" name="AreaDistributorTest_CanLayout(&quot;48x6: P32x-1;S11x1 P9x7;S14x1 P5x7;S13x1 P27x2;S15x1 P5x3;S3x1&quot;)" fullname="PlayersWorlds.Maps.Areas.Evolving.AreaDistributorTest.AreaDistributorTest_CanLayout(&quot;48x6: P32x-1;S11x1 P9x7;S14x1 P5x7;S13x1 P27x2;S15x1 P5x3;S3x1&quot;)" methodname="AreaDistributorTest_CanLayout" classname="PlayersWorlds.Maps.Areas.Evolving.AreaDistributorTest" runstate="Runnable" seed="1046389937" result="Passed" start-time="2024-06-07T14:39:01.7324950Z" end-time="2024-06-07T14:39:01.8060370Z" duration="0.073542" asserts="2" />
                  <test-case id="1-2019" name="AreaDistributorTest_CanLayout(&quot;46x6: P20x-2;S13x1 P10x7;S14x1 P22x2;S4x1 P35x3;S6x1 P17x3;S7x1&quot;)" fullname="PlayersWorlds.Maps.Areas.Evolving.AreaDistributorTest.AreaDistributorTest_CanLayout(&quot;46x6: P20x-2;S13x1 P10x7;S14x1 P22x2;S4x1 P35x3;S6x1 P17x3;S7x1&quot;)" methodname="AreaDistributorTest_CanLayout" classname="PlayersWorlds.Maps.Areas.Evolving.AreaDistributorTest" runstate="Runnable" seed="1373923467" result="Passed" start-time="2024-06-07T14:39:01.8060500Z" end-time="2024-06-07T14:39:01.8503440Z" duration="0.044294" asserts="2" />
                  <test-case id="1-2020" name="AreaDistributorTest_CanLayout(&quot;6x39: P-1x10;S1x11 P0x3;S1x7 P0x11;S1x10 P2x20;S1x7 P3x26;S1x6&quot;)" fullname="PlayersWorlds.Maps.Areas.Evolving.AreaDistributorTest.AreaDistributorTest_CanLayout(&quot;6x39: P-1x10;S1x11 P0x3;S1x7 P0x11;S1x10 P2x20;S1x7 P3x26;S1x6&quot;)" methodname="AreaDistributorTest_CanLayout" classname="PlayersWorlds.Maps.Areas.Evolving.AreaDistributorTest" runstate="Runnable" seed="202959665" result="Passed" start-time="2024-06-07T14:39:01.8503560Z" end-time="2024-06-07T14:39:01.9082390Z" duration="0.057883" asserts="2" />
                  <test-case id="1-2021" name="AreaDistributorTest_CanLayout(&quot;43x42: P3.20x34.43;S6.00x7.00 P10.77x25.44;S9.00x11.00&quot;)" fullname="PlayersWorlds.Maps.Areas.Evolving.AreaDistributorTest.AreaDistributorTest_CanLayout(&quot;43x42: P3.20x34.43;S6.00x7.00 P10.77x25.44;S9.00x11.00&quot;)" methodname="AreaDistributorTest_CanLayout" classname="PlayersWorlds.Maps.Areas.Evolving.AreaDistributorTest" runstate="Runnable" seed="1214687529" result="Passed" start-time="2024-06-07T14:39:01.9082510Z" end-time="2024-06-07T14:39:01.9122920Z" duration="0.004041" asserts="2" />
                  <test-case id="1-2022" name="AreaDistributorTest_CanLayout(&quot;43x42: P35x26;S2x11 P34x35;S12x2&quot;)" fullname="PlayersWorlds.Maps.Areas.Evolving.AreaDistributorTest.AreaDistributorTest_CanLayout(&quot;43x42: P35x26;S2x11 P34x35;S12x2&quot;)" methodname="AreaDistributorTest_CanLayout" classname="PlayersWorlds.Maps.Areas.Evolving.AreaDistributorTest" runstate="Runnable" seed="1087965325" result="Passed" start-time="2024-06-07T14:39:01.9123030Z" end-time="2024-06-07T14:39:01.9155430Z" duration="0.003240" asserts="2" />
                  <test-case id="1-2023" name="AreaDistributorTest_CanLayout(&quot;43x42: P32x32;S4x4 P34x34;S2x2&quot;)" fullname="PlayersWorlds.Maps.Areas.Evolving.AreaDistributorTest.AreaDistributorTest_CanLayout(&quot;43x42: P32x32;S4x4 P34x34;S2x2&quot;)" methodname="AreaDistributorTest_CanLayout" classname="PlayersWorlds.Maps.Areas.Evolving.AreaDistributorTest" runstate="Runnable" seed="1454951094" result="Passed" start-time="2024-06-07T14:39:01.9155550Z" end-time="2024-06-07T14:39:01.9196290Z" duration="0.004075" asserts="2" />
                  <test-case id="1-2024" name="AreaDistributorTest_CanLayout(&quot;43x42: P32x32;S4x4 P34x34;S4x2&quot;)" fullname="PlayersWorlds.Maps.Areas.Evolving.AreaDistributorTest.AreaDistributorTest_CanLayout(&quot;43x42: P32x32;S4x4 P34x34;S4x2&quot;)" methodname="AreaDistributorTest_CanLayout" classname="PlayersWorlds.Maps.Areas.Evolving.AreaDistributorTest" runstate="Runnable" seed="1988153856" result="Passed" start-time="2024-06-07T14:39:01.9196410Z" end-time="2024-06-07T14:39:01.9225850Z" duration="0.002944" asserts="2" />
                  <test-case id="1-2025" name="AreaDistributorTest_CanLayout(&quot;43x42: P32x26;S4x10 P34x34;S4x2&quot;)" fullname="PlayersWorlds.Maps.Areas.Evolving.AreaDistributorTest.AreaDistributorTest_CanLayout(&quot;43x42: P32x26;S4x10 P34x34;S4x2&quot;)" methodname="AreaDistributorTest_CanLayout" classname="PlayersWorlds.Maps.Areas.Evolving.AreaDistributorTest" runstate="Runnable" seed="295723610" result="Passed" start-time="2024-06-07T14:39:01.9225960Z" end-time="2024-06-07T14:39:01.9279350Z" duration="0.005339" asserts="2" />
                  <test-case id="1-2026" name="AreaDistributorTest_CanLayout(&quot;43x42: P30x26;S2x11 P29x35;S12x2&quot;)" fullname="PlayersWorlds.Maps.Areas.Evolving.AreaDistributorTest.AreaDistributorTest_CanLayout(&quot;43x42: P30x26;S2x11 P29x35;S12x2&quot;)" methodname="AreaDistributorTest_CanLayout" classname="PlayersWorlds.Maps.Areas.Evolving.AreaDistributorTest" runstate="Runnable" seed="370588031" result="Passed" start-time="2024-06-07T14:39:01.9279460Z" end-time="2024-06-07T14:39:01.9311510Z" duration="0.003205" asserts="2" />
                  <test-case id="1-2027" name="AreaDistributorTest_CanLayout(&quot;49x26: P37.95x4.74;S12.00x2.00 P0.62x11.59;S4.00x1.00 P20.55x10.45;S7.00x7.00 P19.55x3.18;S8.00x6.00 P29.30x-0.27;S12.00x4.00 P17.11x22.28;S15.00x3.00 P9.50x0.67;S9.00x2.00 P32.27x17.54;S3.00x5.00 P0.57x21.40;S7.00x4.00 P35.67x10.30;S13.00x7.00 P6.23x9.47;S10.00x7.00&quot;)" fullname="PlayersWorlds.Maps.Areas.Evolving.AreaDistributorTest.AreaDistributorTest_CanLayout(&quot;49x26: P37.95x4.74;S12.00x2.00 P0.62x11.59;S4.00x1.00 P20.55x10.45;S7.00x7.00 P19.55x3.18;S8.00x6.00 P29.30x-0.27;S12.00x4.00 P17.11x22.28;S15.00x3.00 P9.50x0.67;S9.00x2.00 P32.27x17.54;S3.00x5.00 P0.57x21.40;S7.00x4.00 P35.67x10.30;S13.00x7.00 P6.23x9.47;S10.00x7.00&quot;)" methodname="AreaDistributorTest_CanLayout" classname="PlayersWorlds.Maps.Areas.Evolving.AreaDistributorTest" runstate="Runnable" seed="901960648" result="Passed" start-time="2024-06-07T14:39:01.9311630Z" end-time="2024-06-07T14:39:02.2720950Z" duration="0.340933" asserts="2" />
                  <test-case id="1-2028" name="AreaDistributorTest_CanLayout(&quot;26x29: P10.00x15.00;S7.00x3.00 P20.00x0.00;S5.00x6.00 P17.00x5.00;S7.00x7.00 P5.00x4.00;S6.00x4.00 P21.00x18.00;S4.00x2.00 P20.00x8.00;S3.00x8.00 P10.00x11.00;S4.00x5.00 P0.00x5.00;S1.00x8.00 P21.00x9.00;S3.00x6.00&quot;)" fullname="PlayersWorlds.Maps.Areas.Evolving.AreaDistributorTest.AreaDistributorTest_CanLayout(&quot;26x29: P10.00x15.00;S7.00x3.00 P20.00x0.00;S5.00x6.00 P17.00x5.00;S7.00x7.00 P5.00x4.00;S6.00x4.00 P21.00x18.00;S4.00x2.00 P20.00x8.00;S3.00x8.00 P10.00x11.00;S4.00x5.00 P0.00x5.00;S1.00x8.00 P21.00x9.00;S3.00x6.00&quot;)" methodname="AreaDistributorTest_CanLayout" classname="PlayersWorlds.Maps.Areas.Evolving.AreaDistributorTest" runstate="Runnable" seed="4809805" result="Passed" start-time="2024-06-07T14:39:02.2721130Z" end-time="2024-06-07T14:39:02.3635570Z" duration="0.091444" asserts="2" />
                  <test-case id="1-2029" name="AreaDistributorTest_CanLayout(&quot;8x45: P2.00x9.00;S1.00x6.00 P2.00x22.00;S1.00x8.00 P5.00x32.00;S1.00x10.00 P6.00x14.00;S1.00x9.00 P4.00x3.00;S1.00x14.00 P2.00x36.00;S1.00x8.00&quot;)" fullname="PlayersWorlds.Maps.Areas.Evolving.AreaDistributorTest.AreaDistributorTest_CanLayout(&quot;8x45: P2.00x9.00;S1.00x6.00 P2.00x22.00;S1.00x8.00 P5.00x32.00;S1.00x10.00 P6.00x14.00;S1.00x9.00 P4.00x3.00;S1.00x14.00 P2.00x36.00;S1.00x8.00&quot;)" methodname="AreaDistributorTest_CanLayout" classname="PlayersWorlds.Maps.Areas.Evolving.AreaDistributorTest" runstate="Runnable" seed="122539875" result="Passed" start-time="2024-06-07T14:39:02.3635710Z" end-time="2024-06-07T14:39:02.4666900Z" duration="0.103119" asserts="2" />
                  <test-case id="1-2030" name="AreaDistributorTest_CanLayout(&quot;31x47: P2.00x15.00;S9.00x1.00 P3.00x11.00;S5.00x4.00 P2.00x11.00;S5.00x7.00 P13.00x14.00;S5.00x10.00 P8.00x37.00;S2.00x9.00 P27.00x19.00;S3.00x8.00 P20.00x12.00;S7.00x7.00 P4.00x13.00;S4.00x2.00 P20.00x31.00;S6.00x2.00 P9.00x3.00;S9.00x3.00 P6.00x34.00;S6.00x1.00 P23.00x6.00;S5.00x2.00&quot;)" fullname="PlayersWorlds.Maps.Areas.Evolving.AreaDistributorTest.AreaDistributorTest_CanLayout(&quot;31x47: P2.00x15.00;S9.00x1.00 P3.00x11.00;S5.00x4.00 P2.00x11.00;S5.00x7.00 P13.00x14.00;S5.00x10.00 P8.00x37.00;S2.00x9.00 P27.00x19.00;S3.00x8.00 P20.00x12.00;S7.00x7.00 P4.00x13.00;S4.00x2.00 P20.00x31.00;S6.00x2.00 P9.00x3.00;S9.00x3.00 P6.00x34.00;S6.00x1.00 P23.00x6.00;S5.00x2.00&quot;)" methodname="AreaDistributorTest_CanLayout" classname="PlayersWorlds.Maps.Areas.Evolving.AreaDistributorTest" runstate="Runnable" seed="1403975366" result="Passed" start-time="2024-06-07T14:39:02.4667040Z" end-time="2024-06-07T14:39:02.7080240Z" duration="0.241319" asserts="2" />
                  <test-case id="1-2031" name="AreaDistributorTest_CanLayout(&quot;7x47: P4.00x40.00;S1.00x5.00 P0.00x12.00;S1.00x7.00 P1.00x9.00;S1.00x3.00 P5.00x0.00;S1.00x14.00 P2.00x37.00;S1.00x9.00 P0.00x29.00;S1.00x6.00&quot;)" fullname="PlayersWorlds.Maps.Areas.Evolving.AreaDistributorTest.AreaDistributorTest_CanLayout(&quot;7x47: P4.00x40.00;S1.00x5.00 P0.00x12.00;S1.00x7.00 P1.00x9.00;S1.00x3.00 P5.00x0.00;S1.00x14.00 P2.00x37.00;S1.00x9.00 P0.00x29.00;S1.00x6.00&quot;)" methodname="AreaDistributorTest_CanLayout" classname="PlayersWorlds.Maps.Areas.Evolving.AreaDistributorTest" runstate="Runnable" seed="1858616659" result="Passed" start-time="2024-06-07T14:39:02.7080450Z" end-time="2024-06-07T14:39:02.8111560Z" duration="0.103111" asserts="2" />
                  <test-case id="1-2032" name="AreaDistributorTest_CanLayout(&quot;48x38: P8x15;S1x3 P45x11;S2x7 P6x8;S1x3 P4x7;S10x11 P4x9;S2x8 P26x13;S1x10 P18x13;S10x7 P35x22;S10x5 P31x10;S5x9 P32x10;S13x6 P22x22;S14x6 P26x1;S3x3 P28x14;S13x10 P24x4;S12x8&quot;)" fullname="PlayersWorlds.Maps.Areas.Evolving.AreaDistributorTest.AreaDistributorTest_CanLayout(&quot;48x38: P8x15;S1x3 P45x11;S2x7 P6x8;S1x3 P4x7;S10x11 P4x9;S2x8 P26x13;S1x10 P18x13;S10x7 P35x22;S10x5 P31x10;S5x9 P32x10;S13x6 P22x22;S14x6 P26x1;S3x3 P28x14;S13x10 P24x4;S12x8&quot;)" methodname="AreaDistributorTest_CanLayout" classname="PlayersWorlds.Maps.Areas.Evolving.AreaDistributorTest" runstate="Runnable" seed="945044835" result="Passed" start-time="2024-06-07T14:39:02.8111690Z" end-time="2024-06-07T14:39:03.3666530Z" duration="0.555484" asserts="2" />
                  <test-case id="1-2033" name="AreaDistributorTest_CanLayout(&quot;31x32: P24.45x15.67;S8.00x7.00 P14.09x8.51;S1.00x6.00 P16.22x5.85;S9.00x9.00 P18.23x27.41;S1.00x4.00 P13.75x0.80;S3.00x3.00 P8.52x18.43;S4.00x7.00 P1.71x14.65;S9.00x6.00 P0.38x4.06;S7.00x7.00 P25.06x24.29;S5.00x7.00 P11.40x19.76;S6.00x9.00&quot;)" fullname="PlayersWorlds.Maps.Areas.Evolving.AreaDistributorTest.AreaDistributorTest_CanLayout(&quot;31x32: P24.45x15.67;S8.00x7.00 P14.09x8.51;S1.00x6.00 P16.22x5.85;S9.00x9.00 P18.23x27.41;S1.00x4.00 P13.75x0.80;S3.00x3.00 P8.52x18.43;S4.00x7.00 P1.71x14.65;S9.00x6.00 P0.38x4.06;S7.00x7.00 P25.06x24.29;S5.00x7.00 P11.40x19.76;S6.00x9.00&quot;)" methodname="AreaDistributorTest_CanLayout" classname="PlayersWorlds.Maps.Areas.Evolving.AreaDistributorTest" runstate="Runnable" seed="358592785" result="Passed" start-time="2024-06-07T14:39:03.3666670Z" end-time="2024-06-07T14:39:03.6452070Z" duration="0.278541" asserts="2" />
                  <test-case id="1-2034" name="AreaDistributorTest_CanLayout(&quot;45x43: P38.00x15.09;S8.00x10.00 P0.42x0.08;S10.00x4.00 P17.64x33.27;S8.00x2.00 P-0.03x22.54;S1.00x12.00 P17.50x0.62;S12.00x7.00 P23.05x19.66;S14.00x7.00 P21.76x17.00;S1.00x7.00 P11.34x8.71;S8.00x9.00 P9.60x23.72;S12.00x7.00 P0.45x8.22;S8.00x5.00 P0.65x19.15;S12.00x3.00 P19.87x38.89;S7.00x2.00 P33.99x38.13;S10.00x4.00 P34.00x0.58;S11.00x12.00&quot;)" fullname="PlayersWorlds.Maps.Areas.Evolving.AreaDistributorTest.AreaDistributorTest_CanLayout(&quot;45x43: P38.00x15.09;S8.00x10.00 P0.42x0.08;S10.00x4.00 P17.64x33.27;S8.00x2.00 P-0.03x22.54;S1.00x12.00 P17.50x0.62;S12.00x7.00 P23.05x19.66;S14.00x7.00 P21.76x17.00;S1.00x7.00 P11.34x8.71;S8.00x9.00 P9.60x23.72;S12.00x7.00 P0.45x8.22;S8.00x5.00 P0.65x19.15;S12.00x3.00 P19.87x38.89;S7.00x2.00 P33.99x38.13;S10.00x4.00 P34.00x0.58;S11.00x12.00&quot;)" methodname="AreaDistributorTest_CanLayout" classname="PlayersWorlds.Maps.Areas.Evolving.AreaDistributorTest" runstate="Runnable" seed="25854513" result="Passed" start-time="2024-06-07T14:39:03.6452290Z" end-time="2024-06-07T14:39:04.2067990Z" duration="0.561569" asserts="2" />
                  <test-case id="1-2035" name="AreaDistributorTest_CanLayout(&quot;49x10: P4.00x1.00;S13.00x7.00 P8.00x1.00;S10.00x7.00&quot;)" fullname="PlayersWorlds.Maps.Areas.Evolving.AreaDistributorTest.AreaDistributorTest_CanLayout(&quot;49x10: P4.00x1.00;S13.00x7.00 P8.00x1.00;S10.00x7.00&quot;)" methodname="AreaDistributorTest_CanLayout" classname="PlayersWorlds.Maps.Areas.Evolving.AreaDistributorTest" runstate="Runnable" seed="2117752548" result="Passed" start-time="2024-06-07T14:39:04.2068130Z" end-time="2024-06-07T14:39:04.2096470Z" duration="0.002834" asserts="2" />
                  <test-case id="1-2036" name="AreaDistributorTest_CanLayout(&quot;49x16: P2x7;S12x4 P7x-1;S11x3 P19x4;S13x4 P27x11;S15x4 P17x10;S3x4 P14x3;S13x4 P24x9;S6x4 P1x13;S14x2 P9x4;S4x3&quot;)" fullname="PlayersWorlds.Maps.Areas.Evolving.AreaDistributorTest.AreaDistributorTest_CanLayout(&quot;49x16: P2x7;S12x4 P7x-1;S11x3 P19x4;S13x4 P27x11;S15x4 P17x10;S3x4 P14x3;S13x4 P24x9;S6x4 P1x13;S14x2 P9x4;S4x3&quot;)" methodname="AreaDistributorTest_CanLayout" classname="PlayersWorlds.Maps.Areas.Evolving.AreaDistributorTest" runstate="Runnable" seed="1956555437" result="Failed" start-time="2024-06-07T14:39:04.2096590Z" end-time="2024-06-07T14:39:04.4436060Z" duration="0.233947" asserts="2">
                    <failure>
                      <message><![CDATA[  Overlapping: P36x3;S12x4 (Random(209)), P26x2;S11x3 (Random(209)), P1x2;S15x4 (Random(209)), P15x5;S13x4 (Random(209))
Assert.That(, )
  Expected: <empty>
  But was:  < <Area:{12x4;36x3;False;Maze;;[Cell:{0x0;;},Cell:{1x0;;},Cell:{2x0;;},Cell:{3x0;;},Cell:{4x0;;},Cell:{5x0;;},Cell:{6x0;;},Cell:{7x0;;},Cell:{8x0;;},Cell:{9x0;;},Cell:{10x0;;},Cell:{11x0;;},Cell:{0x1;;},Cell:{1x1;;},Cell:{2x1;;},Cell:{3x1;;},Cell:{4x1;;},Cell:{5x1;;},Cell:{6x1;;},Cell:{7x1;;},Cell:{8x1;;},Cell:{9x1;;},Cell:{10x1;;},Cell:{11x1;;},Cell:{0x2;;},Cell:{1x2;;},Cell:{2x2;;},Cell:{3x2;;},Cell:{4x2;;},Cell:{5x2;;},Cell:{6x2;;},Cell:{7x2;;},Cell:{8x2;;},Cell:{9x2;;},Cell:{10x2;;},Cell:{11x2;;},Cell:{0x3;;},Cell:{1x3;;},Cell:{2x3;;},Cell:{3x3;;},Cell:{4x3;;},Cell:{5x3;;},Cell:{6x3;;},Cell:{7x3;;},Cell:{8x3;;},Cell:{9x3;;},Cell:{10x3;;},Cell:{11x3;;}];}>, <Area:{11x3;26x2;False;Maze;;[Cell:{0x0;;},Cell:{1x0;;},Cell:{2x0;;},Cell:{3x0;;},Cell:{4x0;;},Cell:{5x0;;},Cell:{6x0;;},Cell:{7x0;;},Cell:{8x0;;},Cell:{9x0;;},Cell:{10x0;;},Cell:{0x1;;},Cell:{1x1;;},Cell:{2x1;;},Cell:{3x1;;},Cell:{4x1;;},Cell:{5x1;;},Cell:{6x1;;},Cell:{7x1;;},Cell:{8x1;;},Cell:{9x1;;},Cell:{10x1;;},Cell:{0x2;;},Cell:{1x2;;},Cell:{2x2;;},Cell:{3x2;;},Cell:{4x2;;},Cell:{5x2;;},Cell:{6x2;;},Cell:{7x2;;},Cell:{8x2;;},Cell:{9x2;;},Cell:{10x2;;}];}>, <Area:{15x4;1x2;False;Maze;;[Cell:{0x0;;},Cell:{1x0;;},Cell:{2x0;;},Cell:{3x0;;},Cell:{4x0;;},Cell:{5x0;;},Cell:{6x0;;},Cell:{7x0;;},Cell:{8x0;;},Cell:{9x0;;},Cell:{10x0;;},Cell:{11x0;;},Cell:{12x0;;},Cell:{13x0;;},Cell:{14x0;;},Cell:{0x1;;},Cell:{1x1;;},Cell:{2x1;;},Cell:{3x1;;},Cell:{4x1;;},Cell:{5x1;;},Cell:{6x1;;},Cell:{7x1;;},Cell:{8x1;;},Cell:{9x1;;},Cell:{10x1;;},Cell:{11x1;;},Cell:{12x1;;},Cell:{13x1;;},Cell:{14x1;;},Cell:{0x2;;},Cell:{1x2;;},Cell:{2x2;;},Cell:{3x2;;},Cell:{4x2;;},Cell:{5x2;;},Cell:{6x2;;},Cell:{7x2;;},Cell:{8x2;;},Cell:{9x2;;},Cell:{10x2;;},Cell:{11x2;;},Cell:{12x2;;},Cell:{13x2;;},Cell:{14x2;;},Cell:{0x3;;},Cell:{1x3;;},Cell:{2x3;;},Cell:{3x3;;},Cell:{4x3;;},Cell:{5x3;;},Cell:{6x3;;},Cell:{7x3;;},Cell:{8x3;;},Cell:{9x3;;},Cell:{10x3;;},Cell:{11x3;;},Cell:{12x3;;},Cell:{13x3;;},Cell:{14x3;;}];}>, <Area:{13x4;15x5;False;Maze;;[Cell:{0x0;;},Cell:{1x0;;},Cell:{2x0;;},Cell:{3x0;;},Cell:{4x0;;},Cell:{5x0;;},Cell:{6x0;;},Cell:{7x0;;},Cell:{8x0;;},Cell:{9x0;;},Cell:{10x0;;},Cell:{11x0;;},Cell:{12x0;;},Cell:{0x1;;},Cell:{1x1;;},Cell:{2x1;;},Cell:{3x1;;},Cell:{4x1;;},Cell:{5x1;;},Cell:{6x1;;},Cell:{7x1;;},Cell:{8x1;;},Cell:{9x1;;},Cell:{10x1;;},Cell:{11x1;;},Cell:{12x1;;},Cell:{0x2;;},Cell:{1x2;;},Cell:{2x2;;},Cell:{3x2;;},Cell:{4x2;;},Cell:{5x2;;},Cell:{6x2;;},Cell:{7x2;;},Cell:{8x2;;},Cell:{9x2;;},Cell:{10x2;;},Cell:{11x2;;},Cell:{12x2;;},Cell:{0x3;;},Cell:{1x3;;},Cell:{2x3;;},Cell:{3x3;;},Cell:{4x3;;},Cell:{5x3;;},Cell:{6x3;;},Cell:{7x3;;},Cell:{8x3;;},Cell:{9x3;;},Cell:{10x3;;},Cell:{11x3;;},Cell:{12x3;;}];}> >
]]></message>
                      <stack-trace><![CDATA[  at PlayersWorlds.Maps.Areas.Evolving.AreaDistributorHelper+DistributeResult.AssertAllFit (PlayersWorlds.Maps.RandomSource random) [0x00095] in /home/data/repos/github.com/aynurin/maze-gen/tests/areas/evolving/AreaDistributorHelper.cs:97 
  at PlayersWorlds.Maps.Areas.Evolving.AreaDistributorTest.AreaDistributorTest_CanLayout (System.String layout) [0x00013] in /home/data/repos/github.com/aynurin/maze-gen/tests/areas/evolving/AreaDistributorTest.cs:119 
]]></stack-trace>
                    </failure>
                    <assertions>
                      <assertion result="Failed">
                        <message><![CDATA[  Overlapping: P36x3;S12x4 (Random(209)), P26x2;S11x3 (Random(209)), P1x2;S15x4 (Random(209)), P15x5;S13x4 (Random(209))
Assert.That(, )
  Expected: <empty>
  But was:  < <Area:{12x4;36x3;False;Maze;;[Cell:{0x0;;},Cell:{1x0;;},Cell:{2x0;;},Cell:{3x0;;},Cell:{4x0;;},Cell:{5x0;;},Cell:{6x0;;},Cell:{7x0;;},Cell:{8x0;;},Cell:{9x0;;},Cell:{10x0;;},Cell:{11x0;;},Cell:{0x1;;},Cell:{1x1;;},Cell:{2x1;;},Cell:{3x1;;},Cell:{4x1;;},Cell:{5x1;;},Cell:{6x1;;},Cell:{7x1;;},Cell:{8x1;;},Cell:{9x1;;},Cell:{10x1;;},Cell:{11x1;;},Cell:{0x2;;},Cell:{1x2;;},Cell:{2x2;;},Cell:{3x2;;},Cell:{4x2;;},Cell:{5x2;;},Cell:{6x2;;},Cell:{7x2;;},Cell:{8x2;;},Cell:{9x2;;},Cell:{10x2;;},Cell:{11x2;;},Cell:{0x3;;},Cell:{1x3;;},Cell:{2x3;;},Cell:{3x3;;},Cell:{4x3;;},Cell:{5x3;;},Cell:{6x3;;},Cell:{7x3;;},Cell:{8x3;;},Cell:{9x3;;},Cell:{10x3;;},Cell:{11x3;;}];}>, <Area:{11x3;26x2;False;Maze;;[Cell:{0x0;;},Cell:{1x0;;},Cell:{2x0;;},Cell:{3x0;;},Cell:{4x0;;},Cell:{5x0;;},Cell:{6x0;;},Cell:{7x0;;},Cell:{8x0;;},Cell:{9x0;;},Cell:{10x0;;},Cell:{0x1;;},Cell:{1x1;;},Cell:{2x1;;},Cell:{3x1;;},Cell:{4x1;;},Cell:{5x1;;},Cell:{6x1;;},Cell:{7x1;;},Cell:{8x1;;},Cell:{9x1;;},Cell:{10x1;;},Cell:{0x2;;},Cell:{1x2;;},Cell:{2x2;;},Cell:{3x2;;},Cell:{4x2;;},Cell:{5x2;;},Cell:{6x2;;},Cell:{7x2;;},Cell:{8x2;;},Cell:{9x2;;},Cell:{10x2;;}];}>, <Area:{15x4;1x2;False;Maze;;[Cell:{0x0;;},Cell:{1x0;;},Cell:{2x0;;},Cell:{3x0;;},Cell:{4x0;;},Cell:{5x0;;},Cell:{6x0;;},Cell:{7x0;;},Cell:{8x0;;},Cell:{9x0;;},Cell:{10x0;;},Cell:{11x0;;},Cell:{12x0;;},Cell:{13x0;;},Cell:{14x0;;},Cell:{0x1;;},Cell:{1x1;;},Cell:{2x1;;},Cell:{3x1;;},Cell:{4x1;;},Cell:{5x1;;},Cell:{6x1;;},Cell:{7x1;;},Cell:{8x1;;},Cell:{9x1;;},Cell:{10x1;;},Cell:{11x1;;},Cell:{12x1;;},Cell:{13x1;;},Cell:{14x1;;},Cell:{0x2;;},Cell:{1x2;;},Cell:{2x2;;},Cell:{3x2;;},Cell:{4x2;;},Cell:{5x2;;},Cell:{6x2;;},Cell:{7x2;;},Cell:{8x2;;},Cell:{9x2;;},Cell:{10x2;;},Cell:{11x2;;},Cell:{12x2;;},Cell:{13x2;;},Cell:{14x2;;},Cell:{0x3;;},Cell:{1x3;;},Cell:{2x3;;},Cell:{3x3;;},Cell:{4x3;;},Cell:{5x3;;},Cell:{6x3;;},Cell:{7x3;;},Cell:{8x3;;},Cell:{9x3;;},Cell:{10x3;;},Cell:{11x3;;},Cell:{12x3;;},Cell:{13x3;;},Cell:{14x3;;}];}>, <Area:{13x4;15x5;False;Maze;;[Cell:{0x0;;},Cell:{1x0;;},Cell:{2x0;;},Cell:{3x0;;},Cell:{4x0;;},Cell:{5x0;;},Cell:{6x0;;},Cell:{7x0;;},Cell:{8x0;;},Cell:{9x0;;},Cell:{10x0;;},Cell:{11x0;;},Cell:{12x0;;},Cell:{0x1;;},Cell:{1x1;;},Cell:{2x1;;},Cell:{3x1;;},Cell:{4x1;;},Cell:{5x1;;},Cell:{6x1;;},Cell:{7x1;;},Cell:{8x1;;},Cell:{9x1;;},Cell:{10x1;;},Cell:{11x1;;},Cell:{12x1;;},Cell:{0x2;;},Cell:{1x2;;},Cell:{2x2;;},Cell:{3x2;;},Cell:{4x2;;},Cell:{5x2;;},Cell:{6x2;;},Cell:{7x2;;},Cell:{8x2;;},Cell:{9x2;;},Cell:{10x2;;},Cell:{11x2;;},Cell:{12x2;;},Cell:{0x3;;},Cell:{1x3;;},Cell:{2x3;;},Cell:{3x3;;},Cell:{4x3;;},Cell:{5x3;;},Cell:{6x3;;},Cell:{7x3;;},Cell:{8x3;;},Cell:{9x3;;},Cell:{10x3;;},Cell:{11x3;;},Cell:{12x3;;}];}> >
]]></message>
                        <stack-trace><![CDATA[  at PlayersWorlds.Maps.Areas.Evolving.AreaDistributorHelper+DistributeResult.AssertAllFit (PlayersWorlds.Maps.RandomSource random) [0x00095] in /home/data/repos/github.com/aynurin/maze-gen/tests/areas/evolving/AreaDistributorHelper.cs:97 
  at PlayersWorlds.Maps.Areas.Evolving.AreaDistributorTest.AreaDistributorTest_CanLayout (System.String layout) [0x00013] in /home/data/repos/github.com/aynurin/maze-gen/tests/areas/evolving/AreaDistributorTest.cs:119 
]]></stack-trace>
                      </assertion>
                    </assertions>
                  </test-case>
                  <test-case id="1-2037" name="AreaDistributorTest_CanLayout(&quot;49x42: P19x1;S11x2 P34x31;S6x8 P15x29;S13x12 P15x11;S5x12 P23x5;S12x6 P3x17;S9x2 P16x6;S15x4 P15x29;S9x11 P39x37;S6x4 P28x22;S12x9 P31x8;S6x3 P27x23;S9x5 P0x27;S13x9 P11x17;S5x11 P4x2;S1x1&quot;)" fullname="PlayersWorlds.Maps.Areas.Evolving.AreaDistributorTest.AreaDistributorTest_CanLayout(&quot;49x42: P19x1;S11x2 P34x31;S6x8 P15x29;S13x12 P15x11;S5x12 P23x5;S12x6 P3x17;S9x2 P16x6;S15x4 P15x29;S9x11 P39x37;S6x4 P28x22;S12x9 P31x8;S6x3 P27x23;S9x5 P0x27;S13x9 P11x17;S5x11 P4x2;S1x1&quot;)" methodname="AreaDistributorTest_CanLayout" classname="PlayersWorlds.Maps.Areas.Evolving.AreaDistributorTest" runstate="Runnable" seed="713699027" result="Passed" start-time="2024-06-07T14:39:04.4436400Z" end-time="2024-06-07T14:39:04.9558950Z" duration="0.512256" asserts="2" />
                  <test-case id="1-2038" name="AreaDistributorTest_CanLayout(&quot;24x46: P11x20;S3x9 P5x15;S6x10 P5x14;S7x13 P10x26;S5x11 P10x18;S1x4 P11x13;S1x5 P10x29;S6x9 P13x8;S2x10 P3x17;S7x13 P5x28;S5x5 P18x8;S5x12&quot;)" fullname="PlayersWorlds.Maps.Areas.Evolving.AreaDistributorTest.AreaDistributorTest_CanLayout(&quot;24x46: P11x20;S3x9 P5x15;S6x10 P5x14;S7x13 P10x26;S5x11 P10x18;S1x4 P11x13;S1x5 P10x29;S6x9 P13x8;S2x10 P3x17;S7x13 P5x28;S5x5 P18x8;S5x12&quot;)" methodname="AreaDistributorTest_CanLayout" classname="PlayersWorlds.Maps.Areas.Evolving.AreaDistributorTest" runstate="Runnable" seed="825453967" result="Passed" start-time="2024-06-07T14:39:04.9559090Z" end-time="2024-06-07T14:39:05.2996990Z" duration="0.343789" asserts="2" />
                  <test-case id="1-2039" name="AreaDistributorTest_CanLayout(&quot;10x10: P7x9;S2x3 P7x2;S3x2 P3x9;S2x2 P0x5;S2x3 P7x1;S2x3 P0x0;S6x5&quot;)" fullname="PlayersWorlds.Maps.Areas.Evolving.AreaDistributorTest.AreaDistributorTest_CanLayout(&quot;10x10: P7x9;S2x3 P7x2;S3x2 P3x9;S2x2 P0x5;S2x3 P7x1;S2x3 P0x0;S6x5&quot;)" methodname="AreaDistributorTest_CanLayout" classname="PlayersWorlds.Maps.Areas.Evolving.AreaDistributorTest" runstate="Runnable" seed="970897857" result="Passed" start-time="2024-06-07T14:39:05.2997180Z" end-time="2024-06-07T14:39:05.4018400Z" duration="0.102123" asserts="2" />
                </test-suite>
                <test-case id="1-2041" name="AreaDistributorTest_CanLayout_Debug" fullname="PlayersWorlds.Maps.Areas.Evolving.AreaDistributorTest.AreaDistributorTest_CanLayout_Debug" methodname="AreaDistributorTest_CanLayout_Debug" classname="PlayersWorlds.Maps.Areas.Evolving.AreaDistributorTest" runstate="Ignored" seed="1131892020" result="Skipped" label="Ignored" start-time="2024-06-07T14:39:05.4018980Z" end-time="2024-06-07T14:39:05.4021070Z" duration="0.000208" asserts="0">
                  <properties>
                    <property name="_SKIPREASON" value="Debugging only" />
                  </properties>
                  <reason>
                    <message><![CDATA[Debugging only]]></message>
                  </reason>
                </test-case>
                <test-case id="1-1959" name="AreaDistributorTest_OneTest" fullname="PlayersWorlds.Maps.Areas.Evolving.AreaDistributorTest.AreaDistributorTest_OneTest" methodname="AreaDistributorTest_OneTest" classname="PlayersWorlds.Maps.Areas.Evolving.AreaDistributorTest" runstate="Runnable" seed="1527512364" result="Passed" start-time="2024-06-07T14:39:05.4021170Z" end-time="2024-06-07T14:39:05.4031920Z" duration="0.001075" asserts="2">
                  <properties>
                    <property name="Category" value="Integration" />
                  </properties>
                </test-case>
                <test-suite type="ParameterizedMethod" id="1-1972" name="AreaDistributorTest_OverlapTwo" fullname="PlayersWorlds.Maps.Areas.Evolving.AreaDistributorTest.AreaDistributorTest_OverlapTwo" classname="PlayersWorlds.Maps.Areas.Evolving.AreaDistributorTest" runstate="Runnable" testcasecount="10" result="Passed" start-time="2024-06-07T14:39:05.4032020Z" end-time="2024-06-07T14:39:05.4333680Z" duration="0.030165" total="10" passed="10" failed="0" warnings="0" inconclusive="0" skipped="0" asserts="20">
                  <properties>
                    <property name="Category" value="Integration" />
                  </properties>
                  <test-case id="1-1962" name="AreaDistributorTest_OverlapTwo(&quot;11x11: P3.5x3.5;S4x4 P3.5x3.5;S4x4&quot;)" fullname="PlayersWorlds.Maps.Areas.Evolving.AreaDistributorTest.AreaDistributorTest_OverlapTwo(&quot;11x11: P3.5x3.5;S4x4 P3.5x3.5;S4x4&quot;)" methodname="AreaDistributorTest_OverlapTwo" classname="PlayersWorlds.Maps.Areas.Evolving.AreaDistributorTest" runstate="Runnable" seed="1898138928" result="Passed" start-time="2024-06-07T14:39:05.4032230Z" end-time="2024-06-07T14:39:05.4064010Z" duration="0.003178" asserts="2" />
                  <test-case id="1-1963" name="AreaDistributorTest_OverlapTwo(&quot;16x16: P4x4;S8x8 P5x9;S2x2&quot;)" fullname="PlayersWorlds.Maps.Areas.Evolving.AreaDistributorTest.AreaDistributorTest_OverlapTwo(&quot;16x16: P4x4;S8x8 P5x9;S2x2&quot;)" methodname="AreaDistributorTest_OverlapTwo" classname="PlayersWorlds.Maps.Areas.Evolving.AreaDistributorTest" runstate="Runnable" seed="1170427643" result="Passed" start-time="2024-06-07T14:39:05.4064130Z" end-time="2024-06-07T14:39:05.4109310Z" duration="0.004519" asserts="2" />
                  <test-case id="1-1964" name="AreaDistributorTest_OverlapTwo(&quot;16x16: P4x4;S8x8 P5x7;S4x4&quot;)" fullname="PlayersWorlds.Maps.Areas.Evolving.AreaDistributorTest.AreaDistributorTest_OverlapTwo(&quot;16x16: P4x4;S8x8 P5x7;S4x4&quot;)" methodname="AreaDistributorTest_OverlapTwo" classname="PlayersWorlds.Maps.Areas.Evolving.AreaDistributorTest" runstate="Runnable" seed="603421668" result="Passed" start-time="2024-06-07T14:39:05.4109430Z" end-time="2024-06-07T14:39:05.4134920Z" duration="0.002549" asserts="2" />
                  <test-case id="1-1965" name="AreaDistributorTest_OverlapTwo(&quot;16x16: P5x5;S6x6 P6x6;S4x4&quot;)" fullname="PlayersWorlds.Maps.Areas.Evolving.AreaDistributorTest.AreaDistributorTest_OverlapTwo(&quot;16x16: P5x5;S6x6 P6x6;S4x4&quot;)" methodname="AreaDistributorTest_OverlapTwo" classname="PlayersWorlds.Maps.Areas.Evolving.AreaDistributorTest" runstate="Runnable" seed="2097725603" result="Passed" start-time="2024-06-07T14:39:05.4135030Z" end-time="2024-06-07T14:39:05.4167630Z" duration="0.003260" asserts="2" />
                  <test-case id="1-1966" name="AreaDistributorTest_OverlapTwo(&quot;11x11: P2x2;S4x4 P5x5;S4x4&quot;)" fullname="PlayersWorlds.Maps.Areas.Evolving.AreaDistributorTest.AreaDistributorTest_OverlapTwo(&quot;11x11: P2x2;S4x4 P5x5;S4x4&quot;)" methodname="AreaDistributorTest_OverlapTwo" classname="PlayersWorlds.Maps.Areas.Evolving.AreaDistributorTest" runstate="Runnable" seed="2056709622" result="Passed" start-time="2024-06-07T14:39:05.4167740Z" end-time="2024-06-07T14:39:05.4193540Z" duration="0.002581" asserts="2" />
                  <test-case id="1-1967" name="AreaDistributorTest_OverlapTwo(&quot;11x11: P5x2;S4x4 P2x5;S4x4&quot;)" fullname="PlayersWorlds.Maps.Areas.Evolving.AreaDistributorTest.AreaDistributorTest_OverlapTwo(&quot;11x11: P5x2;S4x4 P2x5;S4x4&quot;)" methodname="AreaDistributorTest_OverlapTwo" classname="PlayersWorlds.Maps.Areas.Evolving.AreaDistributorTest" runstate="Runnable" seed="1366578306" result="Passed" start-time="2024-06-07T14:39:05.4193660Z" end-time="2024-06-07T14:39:05.4219380Z" duration="0.002573" asserts="2" />
                  <test-case id="1-1968" name="AreaDistributorTest_OverlapTwo(&quot;11x11: P2x5;S4x4 P5x2;S4x4&quot;)" fullname="PlayersWorlds.Maps.Areas.Evolving.AreaDistributorTest.AreaDistributorTest_OverlapTwo(&quot;11x11: P2x5;S4x4 P5x2;S4x4&quot;)" methodname="AreaDistributorTest_OverlapTwo" classname="PlayersWorlds.Maps.Areas.Evolving.AreaDistributorTest" runstate="Runnable" seed="1430208751" result="Passed" start-time="2024-06-07T14:39:05.4219490Z" end-time="2024-06-07T14:39:05.4243940Z" duration="0.002446" asserts="2" />
                  <test-case id="1-1969" name="AreaDistributorTest_OverlapTwo(&quot;11x11: P5x5;S4x4 P2x2;S4x4&quot;)" fullname="PlayersWorlds.Maps.Areas.Evolving.AreaDistributorTest.AreaDistributorTest_OverlapTwo(&quot;11x11: P5x5;S4x4 P2x2;S4x4&quot;)" methodname="AreaDistributorTest_OverlapTwo" classname="PlayersWorlds.Maps.Areas.Evolving.AreaDistributorTest" runstate="Runnable" seed="266546966" result="Passed" start-time="2024-06-07T14:39:05.4244050Z" end-time="2024-06-07T14:39:05.4283070Z" duration="0.003902" asserts="2" />
                  <test-case id="1-1970" name="AreaDistributorTest_OverlapTwo(&quot;11x11: P4x4;S4x4 P3x3;S4x4&quot;)" fullname="PlayersWorlds.Maps.Areas.Evolving.AreaDistributorTest.AreaDistributorTest_OverlapTwo(&quot;11x11: P4x4;S4x4 P3x3;S4x4&quot;)" methodname="AreaDistributorTest_OverlapTwo" classname="PlayersWorlds.Maps.Areas.Evolving.AreaDistributorTest" runstate="Runnable" seed="1949040888" result="Passed" start-time="2024-06-07T14:39:05.4283190Z" end-time="2024-06-07T14:39:05.4307380Z" duration="0.002419" asserts="2" />
                  <test-case id="1-1971" name="AreaDistributorTest_OverlapTwo(&quot;11x11: P4x3;S4x4 P3x4;S4x4&quot;)" fullname="PlayersWorlds.Maps.Areas.Evolving.AreaDistributorTest.AreaDistributorTest_OverlapTwo(&quot;11x11: P4x3;S4x4 P3x4;S4x4&quot;)" methodname="AreaDistributorTest_OverlapTwo" classname="PlayersWorlds.Maps.Areas.Evolving.AreaDistributorTest" runstate="Runnable" seed="1839380518" result="Passed" start-time="2024-06-07T14:39:05.4307480Z" end-time="2024-06-07T14:39:05.4333550Z" duration="0.002607" asserts="2" />
                </test-suite>
                <test-case id="1-1960" name="AreaDistributorTest_SidePressure" fullname="PlayersWorlds.Maps.Areas.Evolving.AreaDistributorTest.AreaDistributorTest_SidePressure" methodname="AreaDistributorTest_SidePressure" classname="PlayersWorlds.Maps.Areas.Evolving.AreaDistributorTest" runstate="Runnable" seed="252071848" result="Passed" start-time="2024-06-07T14:39:05.4333770Z" end-time="2024-06-07T14:39:05.4653480Z" duration="0.031971" asserts="2">
                  <properties>
                    <property name="Category" value="Integration" />
                  </properties>
                </test-case>
                <test-suite type="ParameterizedMethod" id="1-1984" name="AreaDistributorTest_SingleMapForce" fullname="PlayersWorlds.Maps.Areas.Evolving.AreaDistributorTest.AreaDistributorTest_SingleMapForce" classname="PlayersWorlds.Maps.Areas.Evolving.AreaDistributorTest" runstate="Runnable" testcasecount="10" result="Passed" start-time="2024-06-07T14:39:05.4653690Z" end-time="2024-06-07T14:39:05.4750320Z" duration="0.009663" total="10" passed="10" failed="0" warnings="0" inconclusive="0" skipped="0" asserts="20">
                  <properties>
                    <property name="Category" value="Integration" />
                  </properties>
                  <test-case id="1-1974" name="AreaDistributorTest_SingleMapForce(&quot;6x12: P1x2;S2x2&quot;)" fullname="PlayersWorlds.Maps.Areas.Evolving.AreaDistributorTest.AreaDistributorTest_SingleMapForce(&quot;6x12: P1x2;S2x2&quot;)" methodname="AreaDistributorTest_SingleMapForce" classname="PlayersWorlds.Maps.Areas.Evolving.AreaDistributorTest" runstate="Runnable" seed="541452878" result="Passed" start-time="2024-06-07T14:39:05.4653880Z" end-time="2024-06-07T14:39:05.4664310Z" duration="0.001043" asserts="2" />
                  <test-case id="1-1975" name="AreaDistributorTest_SingleMapForce(&quot;6x12: P2x2;S2x2&quot;)" fullname="PlayersWorlds.Maps.Areas.Evolving.AreaDistributorTest.AreaDistributorTest_SingleMapForce(&quot;6x12: P2x2;S2x2&quot;)" methodname="AreaDistributorTest_SingleMapForce" classname="PlayersWorlds.Maps.Areas.Evolving.AreaDistributorTest" runstate="Runnable" seed="598203384" result="Passed" start-time="2024-06-07T14:39:05.4664410Z" end-time="2024-06-07T14:39:05.4672620Z" duration="0.000821" asserts="2" />
                  <test-case id="1-1976" name="AreaDistributorTest_SingleMapForce(&quot;6x12: P3x2;S2x2&quot;)" fullname="PlayersWorlds.Maps.Areas.Evolving.AreaDistributorTest.AreaDistributorTest_SingleMapForce(&quot;6x12: P3x2;S2x2&quot;)" methodname="AreaDistributorTest_SingleMapForce" classname="PlayersWorlds.Maps.Areas.Evolving.AreaDistributorTest" runstate="Runnable" seed="172893356" result="Passed" start-time="2024-06-07T14:39:05.4672730Z" end-time="2024-06-07T14:39:05.4680850Z" duration="0.000812" asserts="2" />
                  <test-case id="1-1977" name="AreaDistributorTest_SingleMapForce(&quot;6x12: P1x5;S2x2&quot;)" fullname="PlayersWorlds.Maps.Areas.Evolving.AreaDistributorTest.AreaDistributorTest_SingleMapForce(&quot;6x12: P1x5;S2x2&quot;)" methodname="AreaDistributorTest_SingleMapForce" classname="PlayersWorlds.Maps.Areas.Evolving.AreaDistributorTest" runstate="Runnable" seed="1992540816" result="Passed" start-time="2024-06-07T14:39:05.4680950Z" end-time="2024-06-07T14:39:05.4689140Z" duration="0.000819" asserts="2" />
[...]
              <test-case id="1-1141" name="CanDeserializeEmptyCell" fullname="PlayersWorlds.Maps.Serializer.CellSerializerTest.CanDeserializeEmptyCell" methodname="CanDeserializeEmptyCell" classname="PlayersWorlds.Maps.Serializer.CellSerializerTest" runstate="Runnable" seed="123118395" result="Passed" start-time="2024-06-07T14:45:02.9372800Z" end-time="2024-06-07T14:45:02.9374020Z" duration="0.000123" asserts="3" />
              <test-case id="1-1138" name="CanSerializeCellWithLinks" fullname="PlayersWorlds.Maps.Serializer.CellSerializerTest.CanSerializeCellWithLinks" methodname="CanSerializeCellWithLinks" classname="PlayersWorlds.Maps.Serializer.CellSerializerTest" runstate="Runnable" seed="577952046" result="Passed" start-time="2024-06-07T14:45:02.9374100Z" end-time="2024-06-07T14:45:02.9375690Z" duration="0.000160" asserts="1" />
              <test-case id="1-1140" name="CanSerializeCellWithLinksAndTags" fullname="PlayersWorlds.Maps.Serializer.CellSerializerTest.CanSerializeCellWithLinksAndTags" methodname="CanSerializeCellWithLinksAndTags" classname="PlayersWorlds.Maps.Serializer.CellSerializerTest" runstate="Runnable" seed="534982293" result="Passed" start-time="2024-06-07T14:45:02.9375760Z" end-time="2024-06-07T14:45:02.9378030Z" duration="0.000227" asserts="1" />
              <test-case id="1-1139" name="CanSerializeCellWithTags" fullname="PlayersWorlds.Maps.Serializer.CellSerializerTest.CanSerializeCellWithTags" methodname="CanSerializeCellWithTags" classname="PlayersWorlds.Maps.Serializer.CellSerializerTest" runstate="Runnable" seed="176722832" result="Passed" start-time="2024-06-07T14:45:02.9378110Z" end-time="2024-06-07T14:45:02.9379820Z" duration="0.000172" asserts="1" />
              <test-case id="1-1137" name="CanSerializeEmptyCell" fullname="PlayersWorlds.Maps.Serializer.CellSerializerTest.CanSerializeEmptyCell" methodname="CanSerializeEmptyCell" classname="PlayersWorlds.Maps.Serializer.CellSerializerTest" runstate="Runnable" seed="1304257923" result="Passed" start-time="2024-06-07T14:45:02.9379890Z" end-time="2024-06-07T14:45:02.9380930Z" duration="0.000104" asserts="1" />
            </test-suite>
          </test-suite>
          <test-suite type="TestFixture" id="1-1066" name="VectorDTest" fullname="PlayersWorlds.Maps.VectorDTest" classname="PlayersWorlds.Maps.VectorDTest" runstate="Runnable" testcasecount="11" result="Passed" start-time="2024-06-07T14:45:02.9381180Z" end-time="2024-06-07T14:45:02.9403620Z" duration="0.002244" total="11" passed="11" failed="0" warnings="0" inconclusive="0" skipped="0" asserts="33">
            <test-case id="1-1074" name="CanAddAndSubtract" fullname="PlayersWorlds.Maps.VectorDTest.CanAddAndSubtract" methodname="CanAddAndSubtract" classname="PlayersWorlds.Maps.VectorDTest" runstate="Runnable" seed="636929463" result="Passed" start-time="2024-06-07T14:45:02.9381720Z" end-time="2024-06-07T14:45:02.9384690Z" duration="0.000298" asserts="5" />
            <test-case id="1-1075" name="ConstructorChecksArguments" fullname="PlayersWorlds.Maps.VectorDTest.ConstructorChecksArguments" methodname="ConstructorChecksArguments" classname="PlayersWorlds.Maps.VectorDTest" runstate="Runnable" seed="2081034240" result="Passed" start-time="2024-06-07T14:45:02.9384770Z" end-time="2024-06-07T14:45:02.9385820Z" duration="0.000105" asserts="1" />
            <test-case id="1-1068" name="EqualityIsCheckedByValue" fullname="PlayersWorlds.Maps.VectorDTest.EqualityIsCheckedByValue" methodname="EqualityIsCheckedByValue" classname="PlayersWorlds.Maps.VectorDTest" runstate="Runnable" seed="590477454" result="Passed" start-time="2024-06-07T14:45:02.9385890Z" end-time="2024-06-07T14:45:02.9387890Z" duration="0.000201" asserts="4" />
            <test-case id="1-1069" name="GetHashCodeIsDerivedFromValue" fullname="PlayersWorlds.Maps.VectorDTest.GetHashCodeIsDerivedFromValue" methodname="GetHashCodeIsDerivedFromValue" classname="PlayersWorlds.Maps.VectorDTest" runstate="Runnable" seed="1495705802" result="Passed" start-time="2024-06-07T14:45:02.9387960Z" end-time="2024-06-07T14:45:02.9388710Z" duration="0.000074" asserts="1" />
            <test-case id="1-1072" name="InitializedAsNull" fullname="PlayersWorlds.Maps.VectorDTest.InitializedAsNull" methodname="InitializedAsNull" classname="PlayersWorlds.Maps.VectorDTest" runstate="Runnable" seed="594325261" result="Passed" start-time="2024-06-07T14:45:02.9388770Z" end-time="2024-06-07T14:45:02.9389830Z" duration="0.000106" asserts="1" />
            <test-case id="1-1071" name="InitializedEmpty" fullname="PlayersWorlds.Maps.VectorDTest.InitializedEmpty" methodname="InitializedEmpty" classname="PlayersWorlds.Maps.VectorDTest" runstate="Runnable" seed="295992988" result="Passed" start-time="2024-06-07T14:45:02.9389890Z" end-time="2024-06-07T14:45:02.9392380Z" duration="0.000249" asserts="4" />
            <test-case id="1-1067" name="IsInitialized" fullname="PlayersWorlds.Maps.VectorDTest.IsInitialized" methodname="IsInitialized" classname="PlayersWorlds.Maps.VectorDTest" runstate="Runnable" seed="1389392679" result="Passed" start-time="2024-06-07T14:45:02.9392450Z" end-time="2024-06-07T14:45:02.9393980Z" duration="0.000153" asserts="2" />
            <test-case id="1-1073" name="IsZero" fullname="PlayersWorlds.Maps.VectorDTest.IsZero" methodname="IsZero" classname="PlayersWorlds.Maps.VectorDTest" runstate="Runnable" seed="292391581" result="Passed" start-time="2024-06-07T14:45:02.9394050Z" end-time="2024-06-07T14:45:02.9395070Z" duration="0.000103" asserts="3" />
            <test-case id="1-1076" name="SnappedForce" fullname="PlayersWorlds.Maps.VectorDTest.SnappedForce" methodname="SnappedForce" classname="PlayersWorlds.Maps.VectorDTest" runstate="Runnable" seed="1014875805" result="Passed" start-time="2024-06-07T14:45:02.9395140Z" end-time="2024-06-07T14:45:02.9398780Z" duration="0.000365" asserts="9" />
            <test-case id="1-1070" name="ToStringFormat" fullname="PlayersWorlds.Maps.VectorDTest.ToStringFormat" methodname="ToStringFormat" classname="PlayersWorlds.Maps.VectorDTest" runstate="Runnable" seed="463386802" result="Passed" start-time="2024-06-07T14:45:02.9398850Z" end-time="2024-06-07T14:45:02.9399620Z" duration="0.000077" asserts="1" />
            <test-case id="1-1077" name="VectorD_Parse" fullname="PlayersWorlds.Maps.VectorDTest.VectorD_Parse" methodname="VectorD_Parse" classname="PlayersWorlds.Maps.VectorDTest" runstate="Runnable" seed="805521645" result="Passed" start-time="2024-06-07T14:45:02.9399690Z" end-time="2024-06-07T14:45:02.9403520Z" duration="0.000383" asserts="2" />
          </test-suite>
          <test-suite type="TestFixture" id="1-1078" name="VectorTest" fullname="PlayersWorlds.Maps.VectorTest" classname="PlayersWorlds.Maps.VectorTest" runstate="Runnable" testcasecount="29" result="Passed" start-time="2024-06-07T14:45:02.9403740Z" end-time="2024-06-07T14:45:02.9476310Z" duration="0.007257" total="29" passed="29" failed="0" warnings="0" inconclusive="0" skipped="0" asserts="229">
            <test-case id="1-1095" name="FitsInto" fullname="PlayersWorlds.Maps.VectorTest.FitsInto" methodname="FitsInto" classname="PlayersWorlds.Maps.VectorTest" runstate="Runnable" seed="69489401" result="Passed" start-time="2024-06-07T14:45:02.9404280Z" end-time="2024-06-07T14:45:02.9405620Z" duration="0.000134" asserts="3" />
            <test-case id="1-1098" name="FromIndex_Matches_FromIndex" fullname="PlayersWorlds.Maps.VectorTest.FromIndex_Matches_FromIndex" methodname="FromIndex_Matches_FromIndex" classname="PlayersWorlds.Maps.VectorTest" runstate="Runnable" seed="1097115677" result="Passed" start-time="2024-06-07T14:45:02.9405690Z" end-time="2024-06-07T14:45:02.9406670Z" duration="0.000098" asserts="1" />
            <test-case id="1-1106" name="FromIndex_ShouldThrowException_DimensionMismatch" fullname="PlayersWorlds.Maps.VectorTest.FromIndex_ShouldThrowException_DimensionMismatch" methodname="FromIndex_ShouldThrowException_DimensionMismatch" classname="PlayersWorlds.Maps.VectorTest" runstate="Runnable" seed="489105748" result="Passed" start-time="2024-06-07T14:45:02.9406740Z" end-time="2024-06-07T14:45:02.9408740Z" duration="0.000200" asserts="1" />
            <test-case id="1-1096" name="IsIn" fullname="PlayersWorlds.Maps.VectorTest.IsIn" methodname="IsIn" classname="PlayersWorlds.Maps.VectorTest" runstate="Runnable" seed="1389664589" result="Passed" start-time="2024-06-07T14:45:02.9408820Z" end-time="2024-06-07T14:45:02.9419640Z" duration="0.001083" asserts="7" />
            <test-case id="1-1107" name="NorthEastComparer_ComparesCorrectly" fullname="PlayersWorlds.Maps.VectorTest.NorthEastComparer_ComparesCorrectly" methodname="NorthEastComparer_ComparesCorrectly" classname="PlayersWorlds.Maps.VectorTest" runstate="Runnable" seed="1611656500" result="Passed" start-time="2024-06-07T14:45:02.9419730Z" end-time="2024-06-07T14:45:02.9426850Z" duration="0.000712" asserts="1" />
            <test-case id="1-1080" name="Size_NotInitialized" fullname="PlayersWorlds.Maps.VectorTest.Size_NotInitialized" methodname="Size_NotInitialized" classname="PlayersWorlds.Maps.VectorTest" runstate="Runnable" seed="1426569007" result="Passed" start-time="2024-06-07T14:45:02.9426930Z" end-time="2024-06-07T14:45:02.9428820Z" duration="0.000190" asserts="2" />
            <test-case id="1-1102" name="ToIndex_FromIndex_RoundTripConversion" fullname="PlayersWorlds.Maps.VectorTest.ToIndex_FromIndex_RoundTripConversion" methodname="ToIndex_FromIndex_RoundTripConversion" classname="PlayersWorlds.Maps.VectorTest" runstate="Runnable" seed="432988244" result="Passed" start-time="2024-06-07T14:45:02.9428890Z" end-time="2024-06-07T14:45:02.9435670Z" duration="0.000677" asserts="150" />
            <test-case id="1-1103" name="ToIndex_FromIndex_Valid5D" fullname="PlayersWorlds.Maps.VectorTest.ToIndex_FromIndex_Valid5D" methodname="ToIndex_FromIndex_Valid5D" classname="PlayersWorlds.Maps.VectorTest" runstate="Runnable" seed="1430104694" result="Passed" start-time="2024-06-07T14:45:02.9435740Z" end-time="2024-06-07T14:45:02.9438790Z" duration="0.000305" asserts="13" />
            <test-case id="1-1097" name="ToIndex_Matches_ToIndex" fullname="PlayersWorlds.Maps.VectorTest.ToIndex_Matches_ToIndex" methodname="ToIndex_Matches_ToIndex" classname="PlayersWorlds.Maps.VectorTest" runstate="Runnable" seed="1628732341" result="Passed" start-time="2024-06-07T14:45:02.9438860Z" end-time="2024-06-07T14:45:02.9439780Z" duration="0.000092" asserts="1" />
            <test-case id="1-1099" name="ToIndex_ShouldCalculateCorrectIndex_1D" fullname="PlayersWorlds.Maps.VectorTest.ToIndex_ShouldCalculateCorrectIndex_1D" methodname="ToIndex_ShouldCalculateCorrectIndex_1D" classname="PlayersWorlds.Maps.VectorTest" runstate="Runnable" seed="1011925637" result="Passed" start-time="2024-06-07T14:45:02.9439840Z" end-time="2024-06-07T14:45:02.9440790Z" duration="0.000094" asserts="2" />
            <test-case id="1-1100" name="ToIndex_ShouldCalculateCorrectIndex_2D" fullname="PlayersWorlds.Maps.VectorTest.ToIndex_ShouldCalculateCorrectIndex_2D" methodname="ToIndex_ShouldCalculateCorrectIndex_2D" classname="PlayersWorlds.Maps.VectorTest" runstate="Runnable" seed="954912494" result="Passed" start-time="2024-06-07T14:45:02.9440850Z" end-time="2024-06-07T14:45:02.9441750Z" duration="0.000090" asserts="2" />
            <test-case id="1-1101" name="ToIndex_ShouldCalculateCorrectIndex_3D" fullname="PlayersWorlds.Maps.VectorTest.ToIndex_ShouldCalculateCorrectIndex_3D" methodname="ToIndex_ShouldCalculateCorrectIndex_3D" classname="PlayersWorlds.Maps.VectorTest" runstate="Runnable" seed="2083753632" result="Passed" start-time="2024-06-07T14:45:02.9441810Z" end-time="2024-06-07T14:45:02.9442720Z" duration="0.000091" asserts="2" />
            <test-case id="1-1105" name="ToIndex_ShouldThrowException_DimensionMismatch" fullname="PlayersWorlds.Maps.VectorTest.ToIndex_ShouldThrowException_DimensionMismatch" methodname="ToIndex_ShouldThrowException_DimensionMismatch" classname="PlayersWorlds.Maps.VectorTest" runstate="Runnable" seed="1005146098" result="Passed" start-time="2024-06-07T14:45:02.9442780Z" end-time="2024-06-07T14:45:02.9444500Z" duration="0.000171" asserts="1" />
            <test-case id="1-1104" name="ToIndex_ShouldThrowException_DimensionOverflow" fullname="PlayersWorlds.Maps.VectorTest.ToIndex_ShouldThrowException_DimensionOverflow" methodname="ToIndex_ShouldThrowException_DimensionOverflow" classname="PlayersWorlds.Maps.VectorTest" runstate="Runnable" seed="2123589614" result="Passed" start-time="2024-06-07T14:45:02.9444570Z" end-time="2024-06-07T14:45:02.9446290Z" duration="0.000173" asserts="1" />
            <test-case id="1-1088" name="Vector_CanAddAndSubtract" fullname="PlayersWorlds.Maps.VectorTest.Vector_CanAddAndSubtract" methodname="Vector_CanAddAndSubtract" classname="PlayersWorlds.Maps.VectorTest" runstate="Runnable" seed="1359971093" result="Passed" start-time="2024-06-07T14:45:02.9446360Z" end-time="2024-06-07T14:45:02.9449920Z" duration="0.000356" asserts="6" />
            <test-case id="1-1089" name="Vector_ConstructorChecksArguments" fullname="PlayersWorlds.Maps.VectorTest.Vector_ConstructorChecksArguments" methodname="Vector_ConstructorChecksArguments" classname="PlayersWorlds.Maps.VectorTest" runstate="Runnable" seed="1186087029" result="Passed" start-time="2024-06-07T14:45:02.9449990Z" end-time="2024-06-07T14:45:02.9450950Z" duration="0.000096" asserts="1" />
            <test-case id="1-1086" name="Vector_EmptyIsEmpty" fullname="PlayersWorlds.Maps.VectorTest.Vector_EmptyIsEmpty" methodname="Vector_EmptyIsEmpty" classname="PlayersWorlds.Maps.VectorTest" runstate="Runnable" seed="63041445" result="Passed" start-time="2024-06-07T14:45:02.9451010Z" end-time="2024-06-07T14:45:02.9451660Z" duration="0.000065" asserts="1" />
            <test-case id="1-1085" name="Vector_EmptyVectorIsEmpty" fullname="PlayersWorlds.Maps.VectorTest.Vector_EmptyVectorIsEmpty" methodname="Vector_EmptyVectorIsEmpty" classname="PlayersWorlds.Maps.VectorTest" runstate="Runnable" seed="1763536765" result="Passed" start-time="2024-06-07T14:45:02.9451730Z" end-time="2024-06-07T14:45:02.9452350Z" duration="0.000062" asserts="1" />
            <test-case id="1-1081" name="Vector_EqualityIsCheckedByValue" fullname="PlayersWorlds.Maps.VectorTest.Vector_EqualityIsCheckedByValue" methodname="Vector_EqualityIsCheckedByValue" classname="PlayersWorlds.Maps.VectorTest" runstate="Runnable" seed="925866671" result="Passed" start-time="2024-06-07T14:45:02.9452410Z" end-time="2024-06-07T14:45:02.9454360Z" duration="0.000195" asserts="5" />
            <test-case id="1-1093" name="Vector_FromIndex" fullname="PlayersWorlds.Maps.VectorTest.Vector_FromIndex" methodname="Vector_FromIndex" classname="PlayersWorlds.Maps.VectorTest" runstate="Runnable" seed="1769637024" result="Passed" start-time="2024-06-07T14:45:02.9454430Z" end-time="2024-06-07T14:45:02.9455500Z" duration="0.000107" asserts="2" />
            <test-case id="1-1082" name="Vector_GetHashCodeIsDerivedFromValue" fullname="PlayersWorlds.Maps.VectorTest.Vector_GetHashCodeIsDerivedFromValue" methodname="Vector_GetHashCodeIsDerivedFromValue" classname="PlayersWorlds.Maps.VectorTest" runstate="Runnable" seed="843662897" result="Passed" start-time="2024-06-07T14:45:02.9455570Z" end-time="2024-06-07T14:45:02.9457620Z" duration="0.000205" asserts="2" />
            <test-case id="1-1079" name="Vector_IsInitialized" fullname="PlayersWorlds.Maps.VectorTest.Vector_IsInitialized" methodname="Vector_IsInitialized" classname="PlayersWorlds.Maps.VectorTest" runstate="Runnable" seed="760408411" result="Passed" start-time="2024-06-07T14:45:02.9457690Z" end-time="2024-06-07T14:45:02.9458500Z" duration="0.000081" asserts="2" />
            <test-case id="1-1087" name="Vector_NotEqualToNull" fullname="PlayersWorlds.Maps.VectorTest.Vector_NotEqualToNull" methodname="Vector_NotEqualToNull" classname="PlayersWorlds.Maps.VectorTest" runstate="Runnable" seed="450881737" result="Passed" start-time="2024-06-07T14:45:02.9458570Z" end-time="2024-06-07T14:45:02.9460250Z" duration="0.000169" asserts="3" />
            <test-case id="1-1091" name="Vector_SnappedForce" fullname="PlayersWorlds.Maps.VectorTest.Vector_SnappedForce" methodname="Vector_SnappedForce" classname="PlayersWorlds.Maps.VectorTest" runstate="Runnable" seed="177221439" result="Passed" start-time="2024-06-07T14:45:02.9460320Z" end-time="2024-06-07T14:45:02.9469380Z" duration="0.000906" asserts="9" />
            <test-case id="1-1090" name="Vector_ThrowsIfNotAValidSize" fullname="PlayersWorlds.Maps.VectorTest.Vector_ThrowsIfNotAValidSize" methodname="Vector_ThrowsIfNotAValidSize" classname="PlayersWorlds.Maps.VectorTest" runstate="Runnable" seed="1383650540" result="Passed" start-time="2024-06-07T14:45:02.9469450Z" end-time="2024-06-07T14:45:02.9471760Z" duration="0.000231" asserts="3" />
            <test-case id="1-1092" name="Vector_ToIndex" fullname="PlayersWorlds.Maps.VectorTest.Vector_ToIndex" methodname="Vector_ToIndex" classname="PlayersWorlds.Maps.VectorTest" runstate="Runnable" seed="2127825067" result="Passed" start-time="2024-06-07T14:45:02.9471830Z" end-time="2024-06-07T14:45:02.9473540Z" duration="0.000171" asserts="3" />
            <test-case id="1-1083" name="Vector_ToStringFormat" fullname="PlayersWorlds.Maps.VectorTest.Vector_ToStringFormat" methodname="Vector_ToStringFormat" classname="PlayersWorlds.Maps.VectorTest" runstate="Runnable" seed="1199008313" result="Passed" start-time="2024-06-07T14:45:02.9473610Z" end-time="2024-06-07T14:45:02.9474470Z" duration="0.000086" asserts="2" />
            <test-case id="1-1084" name="Vector_ZeroVectorIsNotEmpty" fullname="PlayersWorlds.Maps.VectorTest.Vector_ZeroVectorIsNotEmpty" methodname="Vector_ZeroVectorIsNotEmpty" classname="PlayersWorlds.Maps.VectorTest" runstate="Runnable" seed="1915717142" result="Passed" start-time="2024-06-07T14:45:02.9474540Z" end-time="2024-06-07T14:45:02.9475350Z" duration="0.000081" asserts="1" />
            <test-case id="1-1094" name="VectorD_Parse" fullname="PlayersWorlds.Maps.VectorTest.VectorD_Parse" methodname="VectorD_Parse" classname="PlayersWorlds.Maps.VectorTest" runstate="Runnable" seed="2134376590" result="Passed" start-time="2024-06-07T14:45:02.9475410Z" end-time="2024-06-07T14:45:02.9476200Z" duration="0.000078" asserts="1" />
          </test-suite>
        </test-suite>
      </test-suite>
      <test-suite type="TestFixture" id="1-1000" name="RandomAreaGeneratorTest" fullname="RandomAreaGeneratorTest" classname="RandomAreaGeneratorTest" runstate="Runnable" testcasecount="2" result="Passed" start-time="2024-06-07T14:45:02.9476540Z" end-time="2024-06-07T14:45:02.9623760Z" duration="0.014723" total="2" passed="2" failed="0" warnings="0" inconclusive="0" skipped="0" asserts="3042">
        <test-case id="1-1001" name="ZoneGenerator_CanGenerateZones" fullname="RandomAreaGeneratorTest.ZoneGenerator_CanGenerateZones" methodname="ZoneGenerator_CanGenerateZones" classname="RandomAreaGeneratorTest" runstate="Runnable" seed="886957845" result="Passed" start-time="2024-06-07T14:45:02.9477080Z" end-time="2024-06-07T14:45:02.9617190Z" duration="0.014012" asserts="3006">
          <properties>
            <property name="Category" value="Integration" />
          </properties>
        </test-case>
        <test-case id="1-1002" name="ZoneGenerator_CustomSettings" fullname="RandomAreaGeneratorTest.ZoneGenerator_CustomSettings" methodname="ZoneGenerator_CustomSettings" classname="RandomAreaGeneratorTest" runstate="Runnable" seed="660240405" result="Passed" start-time="2024-06-07T14:45:02.9617290Z" end-time="2024-06-07T14:45:02.9623650Z" duration="0.000636" asserts="36">
          <properties>
            <property name="Category" value="Integration" />
          </properties>
        </test-case>
      </test-suite>
    </test-suite>
  </test-suite>
</test-run>