<?xml version="1.0" encoding="utf-8" standalone="no"?>
<test-run id="0" runstate="Runnable" testcasecount="1051" result="Failed" total="243" passed="238" failed="3" warnings="0" inconclusive="0" skipped="2" asserts="9143" engine-version="3.17.0.0" clr-version="4.0.30319.42000" start-time="2024-06-06 14:08:19Z" end-time="2024-06-06 14:08:21Z" duration="2.277538">
  <command-line><![CDATA[/home/data/repos/github.com/aynurin/maze-gen/packages/NUnit.ConsoleRunner.3.17.0/tools/nunit3-console.exe build/Debug/tests/PlayersWorlds.Maps.Tests.dll --framework=mono-4.0 "--where=Category!=Load AND Category!=Integration"]]></command-line>
  <filter>
    <and>
      <not>
        <prop name="Category">Load</prop>
      </not>
      <not>
        <prop name="Category">Integration</prop>
      </not>
    </and>
  </filter>
  <test-suite type="Assembly" id="1-2102" name="PlayersWorlds.Maps.Tests.dll" fullname="/home/data/repos/github.com/aynurin/maze-gen/build/Debug/tests/PlayersWorlds.Maps.Tests.dll" runstate="Runnable" testcasecount="1051" result="Failed" site="Child" start-time="2024-06-06T14:08:19.5111600Z" end-time="2024-06-06T14:08:21.2861750Z" duration="1.774934" total="243" passed="238" failed="3" warnings="0" inconclusive="0" skipped="2" asserts="9143">
    <environment framework-version="4.0.1.0" clr-version="4.0.30319.42000" os-version="Unix 6.1.84.1" platform="Unix" cwd="/home/data/repos/github.com/aynurin/maze-gen" machine-name="lightview" user="shav" user-domain="lightview" culture="en-US" uiculture="en-US" os-architecture="x64" />
    <settings>
      <setting name="RequestedRuntimeFramework" value="mono-4.0" />
      <setting name="DisposeRunners" value="True" />
      <setting name="WorkDirectory" value="/home/data/repos/github.com/aynurin/maze-gen" />
      <setting name="ImageRuntimeVersion" value="4.0.30319" />
      <setting name="ImageTargetFrameworkName" value=".NETFramework,Version=v4.7" />
      <setting name="ImageRequiresX86" value="False" />
      <setting name="ImageRequiresDefaultAppDomainAssemblyResolver" value="False" />
      <setting name="TargetRuntimeFramework" value="mono-4.0" />
      <setting name="NumberOfTestWorkers" value="24" />
    </settings>
    <properties>
      <property name="_PID" value="608347" />
      <property name="_APPDOMAIN" value="domain-" />
    </properties>
    <failure>
      <message><![CDATA[One or more child tests had errors]]></message>
    </failure>
    <test-suite type="SetUpFixture" id="1-1003" name="[default namespace]" fullname="TestsSetup" classname="TestsSetup" runstate="Runnable" testcasecount="1051" result="Failed" site="Child" start-time="2024-06-06T14:08:19.5161300Z" end-time="2024-06-06T14:08:21.2861650Z" duration="1.770035" total="243" passed="238" failed="3" warnings="0" inconclusive="0" skipped="2" asserts="9143">
      <failure>
        <message><![CDATA[One or more child tests had errors]]></message>
      </failure>
      <test-suite type="TestSuite" id="1-2103" name="PlayersWorlds" fullname="PlayersWorlds" runstate="Runnable" testcasecount="1049" result="Failed" site="Child" start-time="2024-06-06T14:08:19.5189940Z" end-time="2024-06-06T14:08:21.2860060Z" duration="1.767013" total="243" passed="238" failed="3" warnings="0" inconclusive="0" skipped="2" asserts="9143">
        <failure>
          <message><![CDATA[One or more child tests had errors]]></message>
        </failure>
        <test-suite type="TestSuite" id="1-2104" name="Maps" fullname="PlayersWorlds.Maps" runstate="Runnable" testcasecount="1049" result="Failed" site="Child" start-time="2024-06-06T14:08:19.5190850Z" end-time="2024-06-06T14:08:21.2860010Z" duration="1.766916" total="243" passed="238" failed="3" warnings="0" inconclusive="0" skipped="2" asserts="9143">
          <failure>
            <message><![CDATA[One or more child tests had errors]]></message>
          </failure>
          <test-suite type="TestSuite" id="1-2110" name="Areas" fullname="PlayersWorlds.Maps.Areas" runstate="Runnable" testcasecount="140" result="Failed" site="Child" start-time="2024-06-06T14:08:19.5190950Z" end-time="2024-06-06T14:08:19.6731250Z" duration="0.154030" total="45" passed="43" failed="1" warnings="0" inconclusive="0" skipped="1" asserts="163">
            <failure>
              <message><![CDATA[One or more child tests had errors]]></message>
            </failure>
            <test-suite type="TestSuite" id="1-2111" name="Evolving" fullname="PlayersWorlds.Maps.Areas.Evolving" runstate="Runnable" testcasecount="134" result="Skipped" label="Ignored" site="Child" start-time="2024-06-06T14:08:19.5191000Z" end-time="2024-06-06T14:08:19.6607500Z" duration="0.141650" total="39" passed="38" failed="0" warnings="0" inconclusive="0" skipped="1" asserts="136">
              <reason>
                <message><![CDATA[One or more child tests were ignored]]></message>
              </reason>
              <test-suite type="TestFixture" id="1-1958" name="AreaDistributorTest" fullname="PlayersWorlds.Maps.Areas.Evolving.AreaDistributorTest" classname="PlayersWorlds.Maps.Areas.Evolving.AreaDistributorTest" runstate="Runnable" testcasecount="79" result="Skipped" label="Ignored" site="Child" start-time="2024-06-06T14:08:19.5191480Z" end-time="2024-06-06T14:08:19.5227790Z" duration="0.003631" total="1" passed="0" failed="0" warnings="0" inconclusive="0" skipped="1" asserts="0">
                <reason>
                  <message><![CDATA[One or more child tests were ignored]]></message>
                </reason>
                <test-case id="1-2041" name="AreaDistributorTest_CanLayout_Debug" fullname="PlayersWorlds.Maps.Areas.Evolving.AreaDistributorTest.AreaDistributorTest_CanLayout_Debug" methodname="AreaDistributorTest_CanLayout_Debug" classname="PlayersWorlds.Maps.Areas.Evolving.AreaDistributorTest" runstate="Ignored" seed="1247050331" result="Skipped" label="Ignored" start-time="2024-06-06T14:08:19.5192870Z" end-time="2024-06-06T14:08:19.5205210Z" duration="0.001303" asserts="0">
                  <properties>
                    <property name="_SKIPREASON" value="Debugging only" />
                  </properties>
                  <reason>
                    <message><![CDATA[Debugging only]]></message>
                  </reason>
                </test-case>
              </test-suite>
              <test-suite type="TestFixture" id="1-2043" name="EvolvingSimulatorTest" fullname="PlayersWorlds.Maps.Areas.Evolving.EvolvingSimulatorTest" classname="PlayersWorlds.Maps.Areas.Evolving.EvolvingSimulatorTest" runstate="Runnable" testcasecount="2" result="Passed" start-time="2024-06-06T14:08:19.5240410Z" end-time="2024-06-06T14:08:19.6449920Z" duration="0.120950" total="2" passed="2" failed="0" warnings="0" inconclusive="0" skipped="0" asserts="2">
                <test-case id="1-2045" name="EvolvingSimulator_ReturnsEpochsIfEvolitionIsNotComplete" fullname="PlayersWorlds.Maps.Areas.Evolving.EvolvingSimulatorTest.EvolvingSimulator_ReturnsEpochsIfEvolitionIsNotComplete" methodname="EvolvingSimulator_ReturnsEpochsIfEvolitionIsNotComplete" classname="PlayersWorlds.Maps.Areas.Evolving.EvolvingSimulatorTest" runstate="Runnable" seed="159236177" result="Passed" start-time="2024-06-06T14:08:19.5241220Z" end-time="2024-06-06T14:08:19.6424420Z" duration="0.118320" asserts="1" />
                <test-case id="1-2044" name="EvolvingSimulator_ThrowsIfMaxEpochsIsZero" fullname="PlayersWorlds.Maps.Areas.Evolving.EvolvingSimulatorTest.EvolvingSimulator_ThrowsIfMaxEpochsIsZero" methodname="EvolvingSimulator_ThrowsIfMaxEpochsIsZero" classname="PlayersWorlds.Maps.Areas.Evolving.EvolvingSimulatorTest" runstate="Runnable" seed="1794271921" result="Passed" start-time="2024-06-06T14:08:19.6424630Z" end-time="2024-06-06T14:08:19.6449730Z" duration="0.002510" asserts="1" />
              </test-suite>
              <test-suite type="TestFixture" id="1-2046" name="FloatingAreaTest" fullname="PlayersWorlds.Maps.Areas.Evolving.FloatingAreaTest" classname="PlayersWorlds.Maps.Areas.Evolving.FloatingAreaTest" runstate="Runnable" testcasecount="22" result="Passed" start-time="2024-06-06T14:08:19.6450130Z" end-time="2024-06-06T14:08:19.6528570Z" duration="0.007843" total="6" passed="6" failed="0" warnings="0" inconclusive="0" skipped="0" asserts="13">
                <test-case id="1-2051" name="CenterIsValid" fullname="PlayersWorlds.Maps.Areas.Evolving.FloatingAreaTest.CenterIsValid" methodname="CenterIsValid" classname="PlayersWorlds.Maps.Areas.Evolving.FloatingAreaTest" runstate="Runnable" seed="732152145" result="Passed" start-time="2024-06-06T14:08:19.6450860Z" end-time="2024-06-06T14:08:19.6491550Z" duration="0.004069" asserts="4" />
                <test-case id="1-2050" name="Contains" fullname="PlayersWorlds.Maps.Areas.Evolving.FloatingAreaTest.Contains" methodname="Contains" classname="PlayersWorlds.Maps.Areas.Evolving.FloatingAreaTest" runstate="Runnable" seed="1313828023" result="Passed" start-time="2024-06-06T14:08:19.6491680Z" end-time="2024-06-06T14:08:19.6504540Z" duration="0.001287" asserts="2" />
                <test-case id="1-2069" name="DistanceToDebug" fullname="PlayersWorlds.Maps.Areas.Evolving.FloatingAreaTest.DistanceToDebug" methodname="DistanceToDebug" classname="PlayersWorlds.Maps.Areas.Evolving.FloatingAreaTest" runstate="Runnable" seed="1118107430" result="Passed" start-time="2024-06-06T14:08:19.6504680Z" end-time="2024-06-06T14:08:19.6515140Z" duration="0.001046" asserts="2" />
                <test-case id="1-2049" name="Overlaps" fullname="PlayersWorlds.Maps.Areas.Evolving.FloatingAreaTest.Overlaps" methodname="Overlaps" classname="PlayersWorlds.Maps.Areas.Evolving.FloatingAreaTest" runstate="Runnable" seed="888398691" result="Passed" start-time="2024-06-06T14:08:19.6515620Z" end-time="2024-06-06T14:08:19.6523100Z" duration="0.000748" asserts="2" />
                <test-case id="1-2047" name="Parse" fullname="PlayersWorlds.Maps.Areas.Evolving.FloatingAreaTest.Parse" methodname="Parse" classname="PlayersWorlds.Maps.Areas.Evolving.FloatingAreaTest" runstate="Runnable" seed="1145806849" result="Passed" start-time="2024-06-06T14:08:19.6523220Z" end-time="2024-06-06T14:08:19.6525040Z" duration="0.000182" asserts="2" />
                <test-case id="1-2048" name="ToStringIsValid" fullname="PlayersWorlds.Maps.Areas.Evolving.FloatingAreaTest.ToStringIsValid" methodname="ToStringIsValid" classname="PlayersWorlds.Maps.Areas.Evolving.FloatingAreaTest" runstate="Runnable" seed="993915014" result="Passed" start-time="2024-06-06T14:08:19.6525120Z" end-time="2024-06-06T14:08:19.6528430Z" duration="0.000331" asserts="1" />
              </test-suite>
              <test-suite type="TestFixture" id="1-2070" name="ForceFormulaTestTest" fullname="PlayersWorlds.Maps.Areas.Evolving.ForceFormulaTestTest" classname="PlayersWorlds.Maps.Areas.Evolving.ForceFormulaTestTest" runstate="Runnable" testcasecount="8" result="Passed" start-time="2024-06-06T14:08:19.6528730Z" end-time="2024-06-06T14:08:19.6558120Z" duration="0.002939" total="8" passed="8" failed="0" warnings="0" inconclusive="0" skipped="0" asserts="42">
                <test-case id="1-2076" name="CollideForce_Negative" fullname="PlayersWorlds.Maps.Areas.Evolving.ForceFormulaTestTest.CollideForce_Negative" methodname="CollideForce_Negative" classname="PlayersWorlds.Maps.Areas.Evolving.ForceFormulaTestTest" runstate="Runnable" seed="820519393" result="Passed" start-time="2024-06-06T14:08:19.6529520Z" end-time="2024-06-06T14:08:19.6540250Z" duration="0.001073" asserts="9" />
                <test-case id="1-2075" name="CollideForce_Positive" fullname="PlayersWorlds.Maps.Areas.Evolving.ForceFormulaTestTest.CollideForce_Positive" methodname="CollideForce_Positive" classname="PlayersWorlds.Maps.Areas.Evolving.ForceFormulaTestTest" runstate="Runnable" seed="670488050" result="Passed" start-time="2024-06-06T14:08:19.6540330Z" end-time="2024-06-06T14:08:19.6543540Z" duration="0.000321" asserts="9" />
                <test-case id="1-2072" name="NormalForce_Negative" fullname="PlayersWorlds.Maps.Areas.Evolving.ForceFormulaTestTest.NormalForce_Negative" methodname="NormalForce_Negative" classname="PlayersWorlds.Maps.Areas.Evolving.ForceFormulaTestTest" runstate="Runnable" seed="805717974" result="Passed" start-time="2024-06-06T14:08:19.6543610Z" end-time="2024-06-06T14:08:19.6548020Z" duration="0.000441" asserts="3" />
                <test-case id="1-2074" name="NormalForce_NegativeCapped" fullname="PlayersWorlds.Maps.Areas.Evolving.ForceFormulaTestTest.NormalForce_NegativeCapped" methodname="NormalForce_NegativeCapped" classname="PlayersWorlds.Maps.Areas.Evolving.ForceFormulaTestTest" runstate="Runnable" seed="916507200" result="Passed" start-time="2024-06-06T14:08:19.6548100Z" end-time="2024-06-06T14:08:19.6549780Z" duration="0.000168" asserts="5" />
                <test-case id="1-2071" name="NormalForce_Positive" fullname="PlayersWorlds.Maps.Areas.Evolving.ForceFormulaTestTest.NormalForce_Positive" methodname="NormalForce_Positive" classname="PlayersWorlds.Maps.Areas.Evolving.ForceFormulaTestTest" runstate="Runnable" seed="83646133" result="Passed" start-time="2024-06-06T14:08:19.6549850Z" end-time="2024-06-06T14:08:19.6551050Z" duration="0.000120" asserts="3" />
                <test-case id="1-2073" name="NormalForce_PositiveCapped" fullname="PlayersWorlds.Maps.Areas.Evolving.ForceFormulaTestTest.NormalForce_PositiveCapped" methodname="NormalForce_PositiveCapped" classname="PlayersWorlds.Maps.Areas.Evolving.ForceFormulaTestTest" runstate="Runnable" seed="1574090265" result="Passed" start-time="2024-06-06T14:08:19.6551120Z" end-time="2024-06-06T14:08:19.6552600Z" duration="0.000148" asserts="5" />
                <test-case id="1-2078" name="OverlapForce_Negative" fullname="PlayersWorlds.Maps.Areas.Evolving.ForceFormulaTestTest.OverlapForce_Negative" methodname="OverlapForce_Negative" classname="PlayersWorlds.Maps.Areas.Evolving.ForceFormulaTestTest" runstate="Runnable" seed="1625662615" result="Passed" start-time="2024-06-06T14:08:19.6552670Z" end-time="2024-06-06T14:08:19.6555440Z" duration="0.000277" asserts="4" />
                <test-case id="1-2077" name="OverlapForce_Positive" fullname="PlayersWorlds.Maps.Areas.Evolving.ForceFormulaTestTest.OverlapForce_Positive" methodname="OverlapForce_Positive" classname="PlayersWorlds.Maps.Areas.Evolving.ForceFormulaTestTest" runstate="Runnable" seed="1740306740" result="Passed" start-time="2024-06-06T14:08:19.6555520Z" end-time="2024-06-06T14:08:19.6558010Z" duration="0.000249" asserts="4" />
              </test-suite>
              <test-suite type="TestFixture" id="1-2079" name="SideToSideForceProducerTest" fullname="PlayersWorlds.Maps.Areas.Evolving.SideToSideForceProducerTest" classname="PlayersWorlds.Maps.Areas.Evolving.SideToSideForceProducerTest" runstate="Runnable" testcasecount="22" result="Passed" start-time="2024-06-06T14:08:19.6558240Z" end-time="2024-06-06T14:08:19.6607360Z" duration="0.004912" total="22" passed="22" failed="0" warnings="0" inconclusive="0" skipped="0" asserts="79">
                <test-case id="1-2097" name="GetAxisDistance_Collide" fullname="PlayersWorlds.Maps.Areas.Evolving.SideToSideForceProducerTest.GetAxisDistance_Collide" methodname="GetAxisDistance_Collide" classname="PlayersWorlds.Maps.Areas.Evolving.SideToSideForceProducerTest" runstate="Runnable" seed="1448827131" result="Passed" start-time="2024-06-06T14:08:19.6558900Z" end-time="2024-06-06T14:08:19.6575980Z" duration="0.001708" asserts="6" />
                <test-case id="1-2100" name="GetAxisDistance_Contain1" fullname="PlayersWorlds.Maps.Areas.Evolving.SideToSideForceProducerTest.GetAxisDistance_Contain1" methodname="GetAxisDistance_Contain1" classname="PlayersWorlds.Maps.Areas.Evolving.SideToSideForceProducerTest" runstate="Runnable" seed="2001171795" result="Passed" start-time="2024-06-06T14:08:19.6576070Z" end-time="2024-06-06T14:08:19.6578740Z" duration="0.000267" asserts="6" />
                <test-case id="1-2101" name="GetAxisDistance_Contain2" fullname="PlayersWorlds.Maps.Areas.Evolving.SideToSideForceProducerTest.GetAxisDistance_Contain2" methodname="GetAxisDistance_Contain2" classname="PlayersWorlds.Maps.Areas.Evolving.SideToSideForceProducerTest" runstate="Runnable" seed="1615491510" result="Passed" start-time="2024-06-06T14:08:19.6578820Z" end-time="2024-06-06T14:08:19.6581210Z" duration="0.000239" asserts="6" />
                <test-case id="1-2095" name="GetAxisDistance_Normal1" fullname="PlayersWorlds.Maps.Areas.Evolving.SideToSideForceProducerTest.GetAxisDistance_Normal1" methodname="GetAxisDistance_Normal1" classname="PlayersWorlds.Maps.Areas.Evolving.SideToSideForceProducerTest" runstate="Runnable" seed="597531502" result="Passed" start-time="2024-06-06T14:08:19.6581280Z" end-time="2024-06-06T14:08:19.6583520Z" duration="0.000224" asserts="6" />
                <test-case id="1-2096" name="GetAxisDistance_Normal2" fullname="PlayersWorlds.Maps.Areas.Evolving.SideToSideForceProducerTest.GetAxisDistance_Normal2" methodname="GetAxisDistance_Normal2" classname="PlayersWorlds.Maps.Areas.Evolving.SideToSideForceProducerTest" runstate="Runnable" seed="2097597699" result="Passed" start-time="2024-06-06T14:08:19.6583600Z" end-time="2024-06-06T14:08:19.6585860Z" duration="0.000227" asserts="6" />
                <test-case id="1-2098" name="GetAxisDistance_Overlap1" fullname="PlayersWorlds.Maps.Areas.Evolving.SideToSideForceProducerTest.GetAxisDistance_Overlap1" methodname="GetAxisDistance_Overlap1" classname="PlayersWorlds.Maps.Areas.Evolving.SideToSideForceProducerTest" runstate="Runnable" seed="121573719" result="Passed" start-time="2024-06-06T14:08:19.6585930Z" end-time="2024-06-06T14:08:19.6588170Z" duration="0.000223" asserts="6" />
                <test-case id="1-2099" name="GetAxisDistance_Overlap2" fullname="PlayersWorlds.Maps.Areas.Evolving.SideToSideForceProducerTest.GetAxisDistance_Overlap2" methodname="GetAxisDistance_Overlap2" classname="PlayersWorlds.Maps.Areas.Evolving.SideToSideForceProducerTest" runstate="Runnable" seed="2088029407" result="Passed" start-time="2024-06-06T14:08:19.6588240Z" end-time="2024-06-06T14:08:19.6590470Z" duration="0.000223" asserts="6" />
                <test-case id="1-2089" name="GetOpposingForce_CentersInside_NoOpposingForce" fullname="PlayersWorlds.Maps.Areas.Evolving.SideToSideForceProducerTest.GetOpposingForce_CentersInside_NoOpposingForce" methodname="GetOpposingForce_CentersInside_NoOpposingForce" classname="PlayersWorlds.Maps.Areas.Evolving.SideToSideForceProducerTest" runstate="Runnable" seed="733716264" result="Passed" start-time="2024-06-06T14:08:19.6590540Z" end-time="2024-06-06T14:08:19.6592440Z" duration="0.000190" asserts="2" />
                <test-case id="1-2090" name="GetOpposingForce_CentersInside_WithOpposingForce" fullname="PlayersWorlds.Maps.Areas.Evolving.SideToSideForceProducerTest.GetOpposingForce_CentersInside_WithOpposingForce" methodname="GetOpposingForce_CentersInside_WithOpposingForce" classname="PlayersWorlds.Maps.Areas.Evolving.SideToSideForceProducerTest" runstate="Runnable" seed="1973137138" result="Passed" start-time="2024-06-06T14:08:19.6592510Z" end-time="2024-06-06T14:08:19.6593370Z" duration="0.000085" asserts="2" />
                <test-case id="1-2091" name="GetOpposingForce_CentersOutside_NoOpposingForce" fullname="PlayersWorlds.Maps.Areas.Evolving.SideToSideForceProducerTest.GetOpposingForce_CentersOutside_NoOpposingForce" methodname="GetOpposingForce_CentersOutside_NoOpposingForce" classname="PlayersWorlds.Maps.Areas.Evolving.SideToSideForceProducerTest" runstate="Runnable" seed="1097913388" result="Passed" start-time="2024-06-06T14:08:19.6593440Z" end-time="2024-06-06T14:08:19.6594240Z" duration="0.000080" asserts="2" />
                <test-case id="1-2092" name="GetOpposingForce_CentersOutside_WithOpposingForce" fullname="PlayersWorlds.Maps.Areas.Evolving.SideToSideForceProducerTest.GetOpposingForce_CentersOutside_WithOpposingForce" methodname="GetOpposingForce_CentersOutside_WithOpposingForce" classname="PlayersWorlds.Maps.Areas.Evolving.SideToSideForceProducerTest" runstate="Runnable" seed="1649216904" result="Passed" start-time="2024-06-06T14:08:19.6594310Z" end-time="2024-06-06T14:08:19.6595130Z" duration="0.000082" asserts="2" />
                <test-case id="1-2093" name="GetOpposingForce_NoIntersection_NoOpposingForce" fullname="PlayersWorlds.Maps.Areas.Evolving.SideToSideForceProducerTest.GetOpposingForce_NoIntersection_NoOpposingForce" methodname="GetOpposingForce_NoIntersection_NoOpposingForce" classname="PlayersWorlds.Maps.Areas.Evolving.SideToSideForceProducerTest" runstate="Runnable" seed="946591193" result="Passed" start-time="2024-06-06T14:08:19.6595190Z" end-time="2024-06-06T14:08:19.6595940Z" duration="0.000075" asserts="2" />
                <test-case id="1-2094" name="GetOpposingForce_NoIntersection_WithOpposingForce" fullname="PlayersWorlds.Maps.Areas.Evolving.SideToSideForceProducerTest.GetOpposingForce_NoIntersection_WithOpposingForce" methodname="GetOpposingForce_NoIntersection_WithOpposingForce" classname="PlayersWorlds.Maps.Areas.Evolving.SideToSideForceProducerTest" runstate="Runnable" seed="228341288" result="Passed" start-time="2024-06-06T14:08:19.6596000Z" end-time="2024-06-06T14:08:19.6596760Z" duration="0.000076" asserts="2" />
                <test-case id="1-2087" name="GetOpposingForce_WhenCenterMatches_NoOpposingForce" fullname="PlayersWorlds.Maps.Areas.Evolving.SideToSideForceProducerTest.GetOpposingForce_WhenCenterMatches_NoOpposingForce" methodname="GetOpposingForce_WhenCenterMatches_NoOpposingForce" classname="PlayersWorlds.Maps.Areas.Evolving.SideToSideForceProducerTest" runstate="Runnable" seed="1631770286" result="Passed" start-time="2024-06-06T14:08:19.6596820Z" end-time="2024-06-06T14:08:19.6597530Z" duration="0.000071" asserts="2" />
                <test-case id="1-2088" name="GetOpposingForce_WhenCenterMatches_WithOpposingForce" fullname="PlayersWorlds.Maps.Areas.Evolving.SideToSideForceProducerTest.GetOpposingForce_WhenCenterMatches_WithOpposingForce" methodname="GetOpposingForce_WhenCenterMatches_WithOpposingForce" classname="PlayersWorlds.Maps.Areas.Evolving.SideToSideForceProducerTest" runstate="Runnable" seed="888414204" result="Passed" start-time="2024-06-06T14:08:19.6597590Z" end-time="2024-06-06T14:08:19.6598350Z" duration="0.000076" asserts="2" />
                <test-case id="1-2083" name="MapAreaSystemTest_DistanceCentersMatch" fullname="PlayersWorlds.Maps.Areas.Evolving.SideToSideForceProducerTest.MapAreaSystemTest_DistanceCentersMatch" methodname="MapAreaSystemTest_DistanceCentersMatch" classname="PlayersWorlds.Maps.Areas.Evolving.SideToSideForceProducerTest" runstate="Runnable" seed="364141725" result="Passed" start-time="2024-06-06T14:08:19.6598410Z" end-time="2024-06-06T14:08:19.6599540Z" duration="0.000113" asserts="3" />
                <test-case id="1-2086" name="MapAreaSystemTest_DistanceNegativeCollide" fullname="PlayersWorlds.Maps.Areas.Evolving.SideToSideForceProducerTest.MapAreaSystemTest_DistanceNegativeCollide" methodname="MapAreaSystemTest_DistanceNegativeCollide" classname="PlayersWorlds.Maps.Areas.Evolving.SideToSideForceProducerTest" runstate="Runnable" seed="1075186730" result="Passed" start-time="2024-06-06T14:08:19.6599600Z" end-time="2024-06-06T14:08:19.6600660Z" duration="0.000106" asserts="3" />
                <test-case id="1-2084" name="MapAreaSystemTest_DistanceNegativeNormal" fullname="PlayersWorlds.Maps.Areas.Evolving.SideToSideForceProducerTest.MapAreaSystemTest_DistanceNegativeNormal" methodname="MapAreaSystemTest_DistanceNegativeNormal" classname="PlayersWorlds.Maps.Areas.Evolving.SideToSideForceProducerTest" runstate="Runnable" seed="1518194301" result="Passed" start-time="2024-06-06T14:08:19.6600730Z" end-time="2024-06-06T14:08:19.6601800Z" duration="0.000107" asserts="3" />
                <test-case id="1-2085" name="MapAreaSystemTest_DistanceNegativeOverlap" fullname="PlayersWorlds.Maps.Areas.Evolving.SideToSideForceProducerTest.MapAreaSystemTest_DistanceNegativeOverlap" methodname="MapAreaSystemTest_DistanceNegativeOverlap" classname="PlayersWorlds.Maps.Areas.Evolving.SideToSideForceProducerTest" runstate="Runnable" seed="721560606" result="Passed" start-time="2024-06-06T14:08:19.6601870Z" end-time="2024-06-06T14:08:19.6602880Z" duration="0.000101" asserts="3" />
                <test-case id="1-2082" name="MapAreaSystemTest_DistancePositiveCollide" fullname="PlayersWorlds.Maps.Areas.Evolving.SideToSideForceProducerTest.MapAreaSystemTest_DistancePositiveCollide" methodname="MapAreaSystemTest_DistancePositiveCollide" classname="PlayersWorlds.Maps.Areas.Evolving.SideToSideForceProducerTest" runstate="Runnable" seed="1702695919" result="Passed" start-time="2024-06-06T14:08:19.6602940Z" end-time="2024-06-06T14:08:19.6603960Z" duration="0.000102" asserts="3" />
                <test-case id="1-2080" name="MapAreaSystemTest_DistancePositiveNormal" fullname="PlayersWorlds.Maps.Areas.Evolving.SideToSideForceProducerTest.MapAreaSystemTest_DistancePositiveNormal" methodname="MapAreaSystemTest_DistancePositiveNormal" classname="PlayersWorlds.Maps.Areas.Evolving.SideToSideForceProducerTest" runstate="Runnable" seed="2100409084" result="Passed" start-time="2024-06-06T14:08:19.6604030Z" end-time="2024-06-06T14:08:19.6605030Z" duration="0.000101" asserts="3" />
                <test-case id="1-2081" name="MapAreaSystemTest_DistancePositiveOverlap" fullname="PlayersWorlds.Maps.Areas.Evolving.SideToSideForceProducerTest.MapAreaSystemTest_DistancePositiveOverlap" methodname="MapAreaSystemTest_DistancePositiveOverlap" classname="PlayersWorlds.Maps.Areas.Evolving.SideToSideForceProducerTest" runstate="Runnable" seed="689172550" result="Passed" start-time="2024-06-06T14:08:19.6605100Z" end-time="2024-06-06T14:08:19.6606090Z" duration="0.000099" asserts="3" />
              </test-suite>
            </test-suite>
            <test-suite type="TestFixture" id="1-1949" name="MapAreaTest" fullname="PlayersWorlds.Maps.Areas.MapAreaTest" classname="PlayersWorlds.Maps.Areas.MapAreaTest" runstate="Runnable" testcasecount="6" result="Failed" site="Child" start-time="2024-06-06T14:08:19.6607660Z" end-time="2024-06-06T14:08:19.6731180Z" duration="0.012353" total="6" passed="5" failed="1" warnings="0" inconclusive="0" skipped="0" asserts="27">
              <failure>
                <message><![CDATA[One or more child tests had errors]]></message>
              </failure>
              <test-case id="1-1952" name="Overlaps_ReturnsFalseIfDoesNotOverlap" fullname="PlayersWorlds.Maps.Areas.MapAreaTest.Overlaps_ReturnsFalseIfDoesNotOverlap" methodname="Overlaps_ReturnsFalseIfDoesNotOverlap" classname="PlayersWorlds.Maps.Areas.MapAreaTest" runstate="Runnable" seed="1286921497" result="Passed" start-time="2024-06-06T14:08:19.6608250Z" end-time="2024-06-06T14:08:19.6632940Z" duration="0.002468" asserts="15" />
              <test-case id="1-1951" name="Overlaps_ReturnsTrueIfOverlaps" fullname="PlayersWorlds.Maps.Areas.MapAreaTest.Overlaps_ReturnsTrueIfOverlaps" methodname="Overlaps_ReturnsTrueIfOverlaps" classname="PlayersWorlds.Maps.Areas.MapAreaTest" runstate="Runnable" seed="1086550945" result="Passed" start-time="2024-06-06T14:08:19.6633020Z" end-time="2024-06-06T14:08:19.6643560Z" duration="0.001054" asserts="7" />
              <test-case id="1-1950" name="Overlaps_ThrowsIfSame" fullname="PlayersWorlds.Maps.Areas.MapAreaTest.Overlaps_ThrowsIfSame" methodname="Overlaps_ThrowsIfSame" classname="PlayersWorlds.Maps.Areas.MapAreaTest" runstate="Runnable" seed="1808549621" result="Passed" start-time="2024-06-06T14:08:19.6643630Z" end-time="2024-06-06T14:08:19.6652430Z" duration="0.000880" asserts="2" />
              <test-case id="1-1954" name="Position_DoesNotThrowIfInitialized" fullname="PlayersWorlds.Maps.Areas.MapAreaTest.Position_DoesNotThrowIfInitialized" methodname="Position_DoesNotThrowIfInitialized" classname="PlayersWorlds.Maps.Areas.MapAreaTest" runstate="Runnable" seed="1995986729" result="Passed" start-time="2024-06-06T14:08:19.6652510Z" end-time="2024-06-06T14:08:19.6654860Z" duration="0.000236" asserts="1" />
              <test-case id="1-1953" name="Position_UnpositionedThrowsIfNotInitialized" fullname="PlayersWorlds.Maps.Areas.MapAreaTest.Position_UnpositionedThrowsIfNotInitialized" methodname="Position_UnpositionedThrowsIfNotInitialized" classname="PlayersWorlds.Maps.Areas.MapAreaTest" runstate="Runnable" seed="1398512506" result="Failed" start-time="2024-06-06T14:08:19.6654930Z" end-time="2024-06-06T14:08:19.6723720Z" duration="0.006879" asserts="1">
                <failure>
                  <message><![CDATA[  Assert.That(, )
  Expected: <System.InvalidOperationException>
  But was:  no exception thrown
]]></message>
                  <stack-trace><![CDATA[  at PlayersWorlds.Maps.Areas.MapAreaTest.Position_UnpositionedThrowsIfNotInitialized () [0x00026] in /home/data/repos/github.com/aynurin/maze-gen/tests/areas/MapAreaTest.cs:62 
]]></stack-trace>
                </failure>
                <assertions>
                  <assertion result="Failed">
                    <message><![CDATA[  Assert.That(, )
  Expected: <System.InvalidOperationException>
  But was:  no exception thrown
]]></message>
                    <stack-trace><![CDATA[  at PlayersWorlds.Maps.Areas.MapAreaTest.Position_UnpositionedThrowsIfNotInitialized () [0x00026] in /home/data/repos/github.com/aynurin/maze-gen/tests/areas/MapAreaTest.cs:62 
]]></stack-trace>
                  </assertion>
                </assertions>
              </test-case>
              <test-case id="1-1955" name="ThrowsIfWrongParameters" fullname="PlayersWorlds.Maps.Areas.MapAreaTest.ThrowsIfWrongParameters" methodname="ThrowsIfWrongParameters" classname="PlayersWorlds.Maps.Areas.MapAreaTest" runstate="Runnable" seed="451206017" result="Passed" start-time="2024-06-06T14:08:19.6723820Z" end-time="2024-06-06T14:08:19.6731060Z" duration="0.000724" asserts="1" />
            </test-suite>
          </test-suite>
          <test-suite type="TestFixture" id="1-1004" name="AssemblyInfoTest" fullname="PlayersWorlds.Maps.AssemblyInfoTest" classname="PlayersWorlds.Maps.AssemblyInfoTest" runstate="Runnable" testcasecount="2" result="Passed" start-time="2024-06-06T14:08:19.6731370Z" end-time="2024-06-06T14:08:19.6739450Z" duration="0.000808" total="2" passed="2" failed="0" warnings="0" inconclusive="0" skipped="0" asserts="4">
            <test-case id="1-1006" name="TestAssemblyCompany" fullname="PlayersWorlds.Maps.AssemblyInfoTest.TestAssemblyCompany" methodname="TestAssemblyCompany" classname="PlayersWorlds.Maps.AssemblyInfoTest" runstate="Runnable" seed="2049760585" result="Passed" start-time="2024-06-06T14:08:19.6731990Z" end-time="2024-06-06T14:08:19.6736910Z" duration="0.000492" asserts="2" />
            <test-case id="1-1005" name="TestAssemblyTitle" fullname="PlayersWorlds.Maps.AssemblyInfoTest.TestAssemblyTitle" methodname="TestAssemblyTitle" classname="PlayersWorlds.Maps.AssemblyInfoTest" runstate="Runnable" seed="102324215" result="Passed" start-time="2024-06-06T14:08:19.6736990Z" end-time="2024-06-06T14:08:19.6739340Z" duration="0.000235" asserts="2" />
          </test-suite>
          <test-suite type="TestFixture" id="1-1007" name="CellTest" fullname="PlayersWorlds.Maps.CellTest" classname="PlayersWorlds.Maps.CellTest" runstate="Runnable" testcasecount="2" result="Passed" start-time="2024-06-06T14:08:19.6739580Z" end-time="2024-06-06T14:08:19.6762670Z" duration="0.002309" total="2" passed="2" failed="0" warnings="0" inconclusive="0" skipped="0" asserts="4">
            <test-case id="1-1008" name="CellTagEqualityTest" fullname="PlayersWorlds.Maps.CellTest.CellTagEqualityTest" methodname="CellTagEqualityTest" classname="PlayersWorlds.Maps.CellTest" runstate="Runnable" seed="1831147660" result="Passed" start-time="2024-06-06T14:08:19.6740630Z" end-time="2024-06-06T14:08:19.6744460Z" duration="0.000382" asserts="3" />
            <test-case id="1-1009" name="Serialize" fullname="PlayersWorlds.Maps.CellTest.Serialize" methodname="Serialize" classname="PlayersWorlds.Maps.CellTest" runstate="Runnable" seed="476050735" result="Passed" start-time="2024-06-06T14:08:19.6744540Z" end-time="2024-06-06T14:08:19.6762560Z" duration="0.001803" asserts="1" />
          </test-suite>
          <test-suite type="TestFixture" id="1-1010" name="ExtensionsTest" fullname="PlayersWorlds.Maps.ExtensionsTest" classname="PlayersWorlds.Maps.ExtensionsTest" runstate="Runnable" testcasecount="7" result="Passed" start-time="2024-06-06T14:08:19.6762790Z" end-time="2024-06-06T14:08:19.6835320Z" duration="0.007253" total="7" passed="7" failed="0" warnings="0" inconclusive="0" skipped="0" asserts="12">
            <test-case id="1-1013" name="DebugString" fullname="PlayersWorlds.Maps.ExtensionsTest.DebugString" methodname="DebugString" classname="PlayersWorlds.Maps.ExtensionsTest" runstate="Runnable" seed="835063869" result="Passed" start-time="2024-06-06T14:08:19.6763370Z" end-time="2024-06-06T14:08:19.6782060Z" duration="0.001869" asserts="1" />
            <test-case id="1-1016" name="GetAllDictionaryItems" fullname="PlayersWorlds.Maps.ExtensionsTest.GetAllDictionaryItems" methodname="GetAllDictionaryItems" classname="PlayersWorlds.Maps.ExtensionsTest" runstate="Runnable" seed="2134862362" result="Passed" start-time="2024-06-06T14:08:19.6782140Z" end-time="2024-06-06T14:08:19.6799330Z" duration="0.001720" asserts="1" />
            <test-case id="1-1017" name="GetAllHashSetKeys" fullname="PlayersWorlds.Maps.ExtensionsTest.GetAllHashSetKeys" methodname="GetAllHashSetKeys" classname="PlayersWorlds.Maps.ExtensionsTest" runstate="Runnable" seed="1647973689" result="Passed" start-time="2024-06-06T14:08:19.6799430Z" end-time="2024-06-06T14:08:19.6807950Z" duration="0.000853" asserts="1" />
            <test-case id="1-1014" name="Set" fullname="PlayersWorlds.Maps.ExtensionsTest.Set" methodname="Set" classname="PlayersWorlds.Maps.ExtensionsTest" runstate="Runnable" seed="597823818" result="Passed" start-time="2024-06-06T14:08:19.6808070Z" end-time="2024-06-06T14:08:19.6816310Z" duration="0.000824" asserts="3" />
            <test-case id="1-1015" name="SetList" fullname="PlayersWorlds.Maps.ExtensionsTest.SetList" methodname="SetList" classname="PlayersWorlds.Maps.ExtensionsTest" runstate="Runnable" seed="1564872264" result="Passed" start-time="2024-06-06T14:08:19.6816430Z" end-time="2024-06-06T14:08:19.6829940Z" duration="0.001351" asserts="3" />
            <test-case id="1-1012" name="TryDequeue_Dequeues" fullname="PlayersWorlds.Maps.ExtensionsTest.TryDequeue_Dequeues" methodname="TryDequeue_Dequeues" classname="PlayersWorlds.Maps.ExtensionsTest" runstate="Runnable" seed="2105947688" result="Passed" start-time="2024-06-06T14:08:19.6830060Z" end-time="2024-06-06T14:08:19.6833940Z" duration="0.000388" asserts="2" />
            <test-case id="1-1011" name="TryDequeue_DoesNotThrow" fullname="PlayersWorlds.Maps.ExtensionsTest.TryDequeue_DoesNotThrow" methodname="TryDequeue_DoesNotThrow" classname="PlayersWorlds.Maps.ExtensionsTest" runstate="Runnable" seed="1546744880" result="Passed" start-time="2024-06-06T14:08:19.6834020Z" end-time="2024-06-06T14:08:19.6835220Z" duration="0.000120" asserts="1" />
          </test-suite>
          <test-suite type="TestFixture" id="1-1018" name="GlobalRandomTest" fullname="PlayersWorlds.Maps.GlobalRandomTest" classname="PlayersWorlds.Maps.GlobalRandomTest" runstate="Runnable" testcasecount="3" result="Passed" start-time="2024-06-06T14:08:19.6835450Z" end-time="2024-06-06T14:08:19.6932880Z" duration="0.009743" total="3" passed="3" failed="0" warnings="0" inconclusive="0" skipped="0" asserts="1002">
            <test-case id="1-1019" name="RandomCollectionItem" fullname="PlayersWorlds.Maps.GlobalRandomTest.RandomCollectionItem" methodname="RandomCollectionItem" classname="PlayersWorlds.Maps.GlobalRandomTest" runstate="Runnable" seed="638447054" result="Passed" start-time="2024-06-06T14:08:19.6836100Z" end-time="2024-06-06T14:08:19.6909630Z" duration="0.007353" asserts="1" />
            <test-case id="1-1021" name="RandomInRange" fullname="PlayersWorlds.Maps.GlobalRandomTest.RandomInRange" methodname="RandomInRange" classname="PlayersWorlds.Maps.GlobalRandomTest" runstate="Runnable" seed="338891854" result="Passed" start-time="2024-06-06T14:08:19.6909770Z" end-time="2024-06-06T14:08:19.6930670Z" duration="0.002090" asserts="1000" />
            <test-case id="1-1020" name="ThrowsIfEmptyCollection" fullname="PlayersWorlds.Maps.GlobalRandomTest.ThrowsIfEmptyCollection" methodname="ThrowsIfEmptyCollection" classname="PlayersWorlds.Maps.GlobalRandomTest" runstate="Runnable" seed="147001849" result="Passed" start-time="2024-06-06T14:08:19.6930780Z" end-time="2024-06-06T14:08:19.6932780Z" duration="0.000200" asserts="1" />
          </test-suite>
          <test-suite type="TestFixture" id="1-1022" name="Map2DTest" fullname="PlayersWorlds.Maps.Map2DTest" classname="PlayersWorlds.Maps.Map2DTest" runstate="Runnable" testcasecount="1" result="Passed" start-time="2024-06-06T14:08:19.6933010Z" end-time="2024-06-06T14:08:19.6958490Z" duration="0.002548" total="1" passed="1" failed="0" warnings="0" inconclusive="0" skipped="0" asserts="6">
            <test-case id="1-1023" name="ParseMap" fullname="PlayersWorlds.Maps.Map2DTest.ParseMap" methodname="ParseMap" classname="PlayersWorlds.Maps.Map2DTest" runstate="Runnable" seed="308843125" result="Passed" start-time="2024-06-06T14:08:19.6941240Z" end-time="2024-06-06T14:08:19.6958300Z" duration="0.001706" asserts="6" />
          </test-suite>
          <test-suite type="TestSuite" id="1-2109" name="MapFilters" fullname="PlayersWorlds.Maps.MapFilters" runstate="Runnable" testcasecount="5" result="Passed" start-time="2024-06-06T14:08:19.5191130Z" end-time="2024-06-06T14:08:19.7038590Z" duration="0.184746" total="5" passed="5" failed="0" warnings="0" inconclusive="0" skipped="0" asserts="10">
            <test-suite type="TestFixture" id="1-1943" name="Map2DEraseSpotsTest" fullname="PlayersWorlds.Maps.MapFilters.Map2DEraseSpotsTest" classname="PlayersWorlds.Maps.MapFilters.Map2DEraseSpotsTest" runstate="Runnable" testcasecount="5" result="Passed" start-time="2024-06-06T14:08:19.6958630Z" end-time="2024-06-06T14:08:19.7038530Z" duration="0.007990" total="5" passed="5" failed="0" warnings="0" inconclusive="0" skipped="0" asserts="10">
              <test-case id="1-1944" name="BackslashEraseSpots" fullname="PlayersWorlds.Maps.MapFilters.Map2DEraseSpotsTest.BackslashEraseSpots" methodname="BackslashEraseSpots" classname="PlayersWorlds.Maps.MapFilters.Map2DEraseSpotsTest" runstate="Runnable" seed="1927492809" result="Passed" start-time="2024-06-06T14:08:19.6959320Z" end-time="2024-06-06T14:08:19.7014180Z" duration="0.005486" asserts="1" />
              <test-case id="1-1948" name="SmoothBoxEraseSpots" fullname="PlayersWorlds.Maps.MapFilters.Map2DEraseSpotsTest.SmoothBoxEraseSpots" methodname="SmoothBoxEraseSpots" classname="PlayersWorlds.Maps.MapFilters.Map2DEraseSpotsTest" runstate="Runnable" seed="1389260352" result="Passed" start-time="2024-06-06T14:08:19.7014300Z" end-time="2024-06-06T14:08:19.7020280Z" duration="0.000598" asserts="1" />
              <test-case id="1-1947" name="SmoothBoxVoidBgEraseSpots" fullname="PlayersWorlds.Maps.MapFilters.Map2DEraseSpotsTest.SmoothBoxVoidBgEraseSpots" methodname="SmoothBoxVoidBgEraseSpots" classname="PlayersWorlds.Maps.MapFilters.Map2DEraseSpotsTest" runstate="Runnable" seed="1870991040" result="Passed" start-time="2024-06-06T14:08:19.7020360Z" end-time="2024-06-06T14:08:19.7024090Z" duration="0.000373" asserts="1" />
              <test-case id="1-1946" name="Spot1x3SpotsEraseSpots" fullname="PlayersWorlds.Maps.MapFilters.Map2DEraseSpotsTest.Spot1x3SpotsEraseSpots" methodname="Spot1x3SpotsEraseSpots" classname="PlayersWorlds.Maps.MapFilters.Map2DEraseSpotsTest" runstate="Runnable" seed="1032895589" result="Passed" start-time="2024-06-06T14:08:19.7024160Z" end-time="2024-06-06T14:08:19.7027780Z" duration="0.000362" asserts="1" />
              <test-case id="1-1945" name="VariousSpotsEraseSpots" fullname="PlayersWorlds.Maps.MapFilters.Map2DEraseSpotsTest.VariousSpotsEraseSpots" methodname="VariousSpotsEraseSpots" classname="PlayersWorlds.Maps.MapFilters.Map2DEraseSpotsTest" runstate="Runnable" seed="1206442789" result="Passed" start-time="2024-06-06T14:08:19.7027850Z" end-time="2024-06-06T14:08:19.7038430Z" duration="0.001058" asserts="6" />
            </test-suite>
          </test-suite>
          <test-suite type="TestSuite" id="1-2107" name="Maze" fullname="PlayersWorlds.Maps.Maze" runstate="Runnable" testcasecount="775" result="Skipped" label="Ignored" site="Child" start-time="2024-06-06T14:08:19.5191180Z" end-time="2024-06-06T14:08:21.2240360Z" duration="1.704918" total="64" passed="63" failed="0" warnings="0" inconclusive="0" skipped="1" asserts="7373">
            <reason>
              <message><![CDATA[One or more child tests were ignored]]></message>
            </reason>
            <test-suite type="TestFixture" id="1-1148" name="Maze2DBuilderTest" fullname="PlayersWorlds.Maps.Maze.Maze2DBuilderTest" classname="PlayersWorlds.Maps.Maze.Maze2DBuilderTest" runstate="Runnable" testcasecount="21" result="Passed" start-time="2024-06-06T14:08:19.7038690Z" end-time="2024-06-06T14:08:19.7854110Z" duration="0.081542" total="21" passed="21" failed="0" warnings="0" inconclusive="0" skipped="0" asserts="7096">
              <test-case id="1-1167" name="ApplyAreas" fullname="PlayersWorlds.Maps.Maze.Maze2DBuilderTest.ApplyAreas" methodname="ApplyAreas" classname="PlayersWorlds.Maps.Maze.Maze2DBuilderTest" runstate="Runnable" seed="402442225" result="Passed" start-time="2024-06-06T14:08:19.7039290Z" end-time="2024-06-06T14:08:19.7166940Z" duration="0.012765" asserts="4" />
              <test-case id="1-1149" name="BuildsCorrectCellsCollections" fullname="PlayersWorlds.Maps.Maze.Maze2DBuilderTest.BuildsCorrectCellsCollections" methodname="BuildsCorrectCellsCollections" classname="PlayersWorlds.Maps.Maze.Maze2DBuilderTest" runstate="Runnable" seed="1173285867" result="Passed" start-time="2024-06-06T14:08:19.7167060Z" end-time="2024-06-06T14:08:19.7185230Z" duration="0.001818" asserts="2" />
              <test-case id="1-1150" name="BuildsCorrectCellsCollectionsWithHallAreas" fullname="PlayersWorlds.Maps.Maze.Maze2DBuilderTest.BuildsCorrectCellsCollectionsWithHallAreas" methodname="BuildsCorrectCellsCollectionsWithHallAreas" classname="PlayersWorlds.Maps.Maze.Maze2DBuilderTest" runstate="Runnable" seed="1232086877" result="Passed" start-time="2024-06-06T14:08:19.7185370Z" end-time="2024-06-06T14:08:19.7211990Z" duration="0.002663" asserts="4" />
              <test-case id="1-1151" name="BuildsCorrectCellsCollectionsWithHallAreasAtTheEdge" fullname="PlayersWorlds.Maps.Maze.Maze2DBuilderTest.BuildsCorrectCellsCollectionsWithHallAreasAtTheEdge" methodname="BuildsCorrectCellsCollectionsWithHallAreasAtTheEdge" classname="PlayersWorlds.Maps.Maze.Maze2DBuilderTest" runstate="Runnable" seed="1587185391" result="Passed" start-time="2024-06-06T14:08:19.7212110Z" end-time="2024-06-06T14:08:19.7224140Z" duration="0.001204" asserts="4" />
              <test-case id="1-1169" name="CanConnect" fullname="PlayersWorlds.Maps.Maze.Maze2DBuilderTest.CanConnect" methodname="CanConnect" classname="PlayersWorlds.Maps.Maze.Maze2DBuilderTest" runstate="Runnable" seed="1577730553" result="Passed" start-time="2024-06-06T14:08:19.7224260Z" end-time="2024-06-06T14:08:19.7286120Z" duration="0.006186" asserts="11" />
              <test-case id="1-1157" name="IsFillComplete_Full" fullname="PlayersWorlds.Maps.Maze.Maze2DBuilderTest.IsFillComplete_Full" methodname="IsFillComplete_Full" classname="PlayersWorlds.Maps.Maze.Maze2DBuilderTest" runstate="Runnable" seed="1983810740" result="Passed" start-time="2024-06-06T14:08:19.7286230Z" end-time="2024-06-06T14:08:19.7292050Z" duration="0.000583" asserts="4" />
              <test-case id="1-1160" name="IsFillComplete_Full_WithCave" fullname="PlayersWorlds.Maps.Maze.Maze2DBuilderTest.IsFillComplete_Full_WithCave" methodname="IsFillComplete_Full_WithCave" classname="PlayersWorlds.Maps.Maze.Maze2DBuilderTest" runstate="Runnable" seed="1615016588" result="Passed" start-time="2024-06-06T14:08:19.7292130Z" end-time="2024-06-06T14:08:19.7303410Z" duration="0.001128" asserts="3" />
              <test-case id="1-1159" name="IsFillComplete_Full_WithFill" fullname="PlayersWorlds.Maps.Maze.Maze2DBuilderTest.IsFillComplete_Full_WithFill" methodname="IsFillComplete_Full_WithFill" classname="PlayersWorlds.Maps.Maze.Maze2DBuilderTest" runstate="Runnable" seed="1228548152" result="Passed" start-time="2024-06-06T14:08:19.7303520Z" end-time="2024-06-06T14:08:19.7315470Z" duration="0.001195" asserts="2" />
              <test-case id="1-1158" name="IsFillComplete_Full_WithHall" fullname="PlayersWorlds.Maps.Maze.Maze2DBuilderTest.IsFillComplete_Full_WithHall" methodname="IsFillComplete_Full_WithHall" classname="PlayersWorlds.Maps.Maze.Maze2DBuilderTest" runstate="Runnable" seed="156210563" result="Passed" start-time="2024-06-06T14:08:19.7315590Z" end-time="2024-06-06T14:08:19.7325770Z" duration="0.001018" asserts="2" />
              <test-case id="1-1162" name="IsFillComplete_FullHeight" fullname="PlayersWorlds.Maps.Maze.Maze2DBuilderTest.IsFillComplete_FullHeight" methodname="IsFillComplete_FullHeight" classname="PlayersWorlds.Maps.Maze.Maze2DBuilderTest" runstate="Runnable" seed="1072242174" result="Passed" start-time="2024-06-06T14:08:19.7325880Z" end-time="2024-06-06T14:08:19.7330900Z" duration="0.000502" asserts="3" />
              <test-case id="1-1161" name="IsFillComplete_FullWidth" fullname="PlayersWorlds.Maps.Maze.Maze2DBuilderTest.IsFillComplete_FullWidth" methodname="IsFillComplete_FullWidth" classname="PlayersWorlds.Maps.Maze.Maze2DBuilderTest" runstate="Runnable" seed="85872906" result="Passed" start-time="2024-06-06T14:08:19.7330980Z" end-time="2024-06-06T14:08:19.7333790Z" duration="0.000281" asserts="3" />
              <test-case id="1-1164" name="IsFillComplete_Half" fullname="PlayersWorlds.Maps.Maze.Maze2DBuilderTest.IsFillComplete_Half" methodname="IsFillComplete_Half" classname="PlayersWorlds.Maps.Maze.Maze2DBuilderTest" runstate="Runnable" seed="2130620884" result="Passed" start-time="2024-06-06T14:08:19.7333870Z" end-time="2024-06-06T14:08:19.7335720Z" duration="0.000186" asserts="2" />
              <test-case id="1-1166" name="IsFillComplete_NinetyPercent" fullname="PlayersWorlds.Maps.Maze.Maze2DBuilderTest.IsFillComplete_NinetyPercent" methodname="IsFillComplete_NinetyPercent" classname="PlayersWorlds.Maps.Maze.Maze2DBuilderTest" runstate="Runnable" seed="1466277441" result="Passed" start-time="2024-06-06T14:08:19.7335790Z" end-time="2024-06-06T14:08:19.7338120Z" duration="0.000232" asserts="4" />
              <test-case id="1-1156" name="IsFillComplete_NoCells" fullname="PlayersWorlds.Maps.Maze.Maze2DBuilderTest.IsFillComplete_NoCells" methodname="IsFillComplete_NoCells" classname="PlayersWorlds.Maps.Maze.Maze2DBuilderTest" runstate="Runnable" seed="1528799945" result="Passed" start-time="2024-06-06T14:08:19.7338190Z" end-time="2024-06-06T14:08:19.7340110Z" duration="0.000192" asserts="1" />
              <test-case id="1-1163" name="IsFillComplete_Quarter" fullname="PlayersWorlds.Maps.Maze.Maze2DBuilderTest.IsFillComplete_Quarter" methodname="IsFillComplete_Quarter" classname="PlayersWorlds.Maps.Maze.Maze2DBuilderTest" runstate="Runnable" seed="408718158" result="Passed" start-time="2024-06-06T14:08:19.7340180Z" end-time="2024-06-06T14:08:19.7341840Z" duration="0.000166" asserts="2" />
              <test-case id="1-1165" name="IsFillComplete_ThreeQuarters" fullname="PlayersWorlds.Maps.Maze.Maze2DBuilderTest.IsFillComplete_ThreeQuarters" methodname="IsFillComplete_ThreeQuarters" classname="PlayersWorlds.Maps.Maze.Maze2DBuilderTest" runstate="Runnable" seed="1530991968" result="Passed" start-time="2024-06-06T14:08:19.7341910Z" end-time="2024-06-06T14:08:19.7343750Z" duration="0.000185" asserts="3" />
              <test-case id="1-1155" name="IterateUnlinkedCells_IteratesAllAvailableCells" fullname="PlayersWorlds.Maps.Maze.Maze2DBuilderTest.IterateUnlinkedCells_IteratesAllAvailableCells" methodname="IterateUnlinkedCells_IteratesAllAvailableCells" classname="PlayersWorlds.Maps.Maze.Maze2DBuilderTest" runstate="Runnable" seed="1287080315" result="Passed" start-time="2024-06-06T14:08:19.7343820Z" end-time="2024-06-06T14:08:19.7380340Z" duration="0.003652" asserts="28" />
              <test-case id="1-1154" name="MarkConnected" fullname="PlayersWorlds.Maps.Maze.Maze2DBuilderTest.MarkConnected" methodname="MarkConnected" classname="PlayersWorlds.Maps.Maze.Maze2DBuilderTest" runstate="Runnable" seed="1164328322" result="Passed" start-time="2024-06-06T14:08:19.7380470Z" end-time="2024-06-06T14:08:19.7386440Z" duration="0.000597" asserts="7" />
              <test-case id="1-1168" name="OverlappingAreas_ProduceValidPriorityCells" fullname="PlayersWorlds.Maps.Maze.Maze2DBuilderTest.OverlappingAreas_ProduceValidPriorityCells" methodname="OverlappingAreas_ProduceValidPriorityCells" classname="PlayersWorlds.Maps.Maze.Maze2DBuilderTest" runstate="Runnable" seed="2107680276" result="Passed" start-time="2024-06-06T14:08:19.7386520Z" end-time="2024-06-06T14:08:19.7596680Z" duration="0.021017" asserts="4" />
              <test-case id="1-1153" name="PickRandomNeighborToLink" fullname="PlayersWorlds.Maps.Maze.Maze2DBuilderTest.PickRandomNeighborToLink" methodname="PickRandomNeighborToLink" classname="PlayersWorlds.Maps.Maze.Maze2DBuilderTest" runstate="Runnable" seed="1007984626" result="Passed" start-time="2024-06-06T14:08:19.7596820Z" end-time="2024-06-06T14:08:19.7711160Z" duration="0.011434" asserts="5000" />
              <test-case id="1-1152" name="PicksPriorityCellsWhenAvailable" fullname="PlayersWorlds.Maps.Maze.Maze2DBuilderTest.PicksPriorityCellsWhenAvailable" methodname="PicksPriorityCellsWhenAvailable" classname="PlayersWorlds.Maps.Maze.Maze2DBuilderTest" runstate="Runnable" seed="874776441" result="Passed" start-time="2024-06-06T14:08:19.7711270Z" end-time="2024-06-06T14:08:19.7853890Z" duration="0.014263" asserts="2003" />
            </test-suite>
            <test-suite type="TestFixture" id="1-1170" name="Maze2DRendererTest" fullname="PlayersWorlds.Maps.Maze.Maze2DRendererTest" classname="PlayersWorlds.Maps.Maze.Maze2DRendererTest" runstate="Runnable" testcasecount="1" result="Passed" start-time="2024-06-06T14:08:19.7854310Z" end-time="2024-06-06T14:08:19.7876170Z" duration="0.002186" total="1" passed="1" failed="0" warnings="0" inconclusive="0" skipped="0" asserts="1">
              <test-case id="1-1171" name="ThrowsIfCantFit" fullname="PlayersWorlds.Maps.Maze.Maze2DRendererTest.ThrowsIfCantFit" methodname="ThrowsIfCantFit" classname="PlayersWorlds.Maps.Maze.Maze2DRendererTest" runstate="Runnable" seed="1226170716" result="Passed" start-time="2024-06-06T14:08:19.7855150Z" end-time="2024-06-06T14:08:19.7876030Z" duration="0.002088" asserts="1" />
            </test-suite>
            <test-suite type="TestFixture" id="1-1172" name="Maze2DTest" fullname="PlayersWorlds.Maps.Maze.Maze2DTest" classname="PlayersWorlds.Maps.Maze.Maze2DTest" runstate="Runnable" testcasecount="13" result="Passed" start-time="2024-06-06T14:08:19.7876310Z" end-time="2024-06-06T14:08:19.8650990Z" duration="0.077468" total="13" passed="13" failed="0" warnings="0" inconclusive="0" skipped="0" asserts="184">
              <test-case id="1-1179" name="Maze2D_AddsNoRoomsToASmallMaze" fullname="PlayersWorlds.Maps.Maze.Maze2DTest.Maze2D_AddsNoRoomsToASmallMaze" methodname="Maze2D_AddsNoRoomsToASmallMaze" classname="PlayersWorlds.Maps.Maze.Maze2DTest" runstate="Runnable" seed="1213467311" result="Passed" start-time="2024-06-06T14:08:19.7876900Z" end-time="2024-06-06T14:08:19.8014840Z" duration="0.013794" asserts="2" />
              <test-case id="1-1178" name="Maze2D_AddsNoRoomsWhenNoneRequested" fullname="PlayersWorlds.Maps.Maze.Maze2DTest.Maze2D_AddsNoRoomsWhenNoneRequested" methodname="Maze2D_AddsNoRoomsWhenNoneRequested" classname="PlayersWorlds.Maps.Maze.Maze2DTest" runstate="Runnable" seed="1746193773" result="Passed" start-time="2024-06-06T14:08:19.8014970Z" end-time="2024-06-06T14:08:19.8220490Z" duration="0.020553" asserts="2" />
              <test-case id="1-1182" name="Maze2D_AddsOneFill" fullname="PlayersWorlds.Maps.Maze.Maze2DTest.Maze2D_AddsOneFill" methodname="Maze2D_AddsOneFill" classname="PlayersWorlds.Maps.Maze.Maze2DTest" runstate="Runnable" seed="1536158205" result="Passed" start-time="2024-06-06T14:08:19.8220650Z" end-time="2024-06-06T14:08:19.8389770Z" duration="0.016913" asserts="2" />
              <test-case id="1-1181" name="Maze2D_AddsOneHall" fullname="PlayersWorlds.Maps.Maze.Maze2DTest.Maze2D_AddsOneHall" methodname="Maze2D_AddsOneHall" classname="PlayersWorlds.Maps.Maze.Maze2DTest" runstate="Runnable" seed="598672252" result="Passed" start-time="2024-06-06T14:08:19.8389900Z" end-time="2024-06-06T14:08:19.8433810Z" duration="0.004391" asserts="2" />
              <test-case id="1-1180" name="Maze2D_AddsRooms" fullname="PlayersWorlds.Maps.Maze.Maze2DTest.Maze2D_AddsRooms" methodname="Maze2D_AddsRooms" classname="PlayersWorlds.Maps.Maze.Maze2DTest" runstate="Runnable" seed="1941793370" result="Passed" start-time="2024-06-06T14:08:19.8433920Z" end-time="2024-06-06T14:08:19.8490980Z" duration="0.005706" asserts="2" />
              <test-case id="1-1184" name="Maze2D_CanParse" fullname="PlayersWorlds.Maps.Maze.Maze2DTest.Maze2D_CanParse" methodname="Maze2D_CanParse" classname="PlayersWorlds.Maps.Maze.Maze2DTest" runstate="Runnable" seed="1188801251" result="Passed" start-time="2024-06-06T14:08:19.8491090Z" end-time="2024-06-06T14:08:19.8512730Z" duration="0.002164" asserts="16" />
              <test-case id="1-1185" name="Maze2D_CanParse2" fullname="PlayersWorlds.Maps.Maze.Maze2DTest.Maze2D_CanParse2" methodname="Maze2D_CanParse2" classname="PlayersWorlds.Maps.Maze.Maze2DTest" runstate="Runnable" seed="1778651959" result="Passed" start-time="2024-06-06T14:08:19.8512880Z" end-time="2024-06-06T14:08:19.8514390Z" duration="0.000151" asserts="1" />
              <test-case id="1-1177" name="Maze2D_CanRenderMap" fullname="PlayersWorlds.Maps.Maze.Maze2DTest.Maze2D_CanRenderMap" methodname="Maze2D_CanRenderMap" classname="PlayersWorlds.Maps.Maze.Maze2DTest" runstate="Runnable" seed="1485293861" result="Passed" start-time="2024-06-06T14:08:19.8514460Z" end-time="2024-06-06T14:08:19.8567620Z" duration="0.005316" asserts="2" />
              <test-case id="1-1176" name="Maze2D_CellsNeighborsAreValid" fullname="PlayersWorlds.Maps.Maze.Maze2DTest.Maze2D_CellsNeighborsAreValid" methodname="Maze2D_CellsNeighborsAreValid" classname="PlayersWorlds.Maps.Maze.Maze2DTest" runstate="Runnable" seed="479396641" result="Passed" start-time="2024-06-06T14:08:19.8567740Z" end-time="2024-06-06T14:08:19.8592200Z" duration="0.002447" asserts="136" />
              <test-case id="1-1183" name="Maze2D_HasExtensionsSet" fullname="PlayersWorlds.Maps.Maze.Maze2DTest.Maze2D_HasExtensionsSet" methodname="Maze2D_HasExtensionsSet" classname="PlayersWorlds.Maps.Maze.Maze2DTest" runstate="Runnable" seed="1227754042" result="Passed" start-time="2024-06-06T14:08:19.8592310Z" end-time="2024-06-06T14:08:19.8598840Z" duration="0.000653" asserts="3" />
              <test-case id="1-1173" name="Maze2D_IsInitialized" fullname="PlayersWorlds.Maps.Maze.Maze2DTest.Maze2D_IsInitialized" methodname="Maze2D_IsInitialized" classname="PlayersWorlds.Maps.Maze.Maze2DTest" runstate="Runnable" seed="871423031" result="Passed" start-time="2024-06-06T14:08:19.8598920Z" end-time="2024-06-06T14:08:19.8600550Z" duration="0.000163" asserts="4" />
              <test-case id="1-1175" name="Maze2D_ToMapWrongOptions" fullname="PlayersWorlds.Maps.Maze.Maze2DTest.Maze2D_ToMapWrongOptions" methodname="Maze2D_ToMapWrongOptions" classname="PlayersWorlds.Maps.Maze.Maze2DTest" runstate="Runnable" seed="1840464012" result="Passed" start-time="2024-06-06T14:08:19.8600610Z" end-time="2024-06-06T14:08:19.8646150Z" duration="0.004554" asserts="7" />
              <test-case id="1-1174" name="Maze2D_WrongSize" fullname="PlayersWorlds.Maps.Maze.Maze2DTest.Maze2D_WrongSize" methodname="Maze2D_WrongSize" classname="PlayersWorlds.Maps.Maze.Maze2DTest" runstate="Runnable" seed="357332856" result="Passed" start-time="2024-06-06T14:08:19.8646260Z" end-time="2024-06-06T14:08:19.8650850Z" duration="0.000459" asserts="5" />
            </test-suite>
            <test-suite type="TestFixture" id="1-1186" name="MazeCellTest" fullname="PlayersWorlds.Maps.Maze.MazeCellTest" classname="PlayersWorlds.Maps.Maze.MazeCellTest" runstate="Runnable" testcasecount="4" result="Passed" start-time="2024-06-06T14:08:19.8651180Z" end-time="2024-06-06T14:08:19.8673830Z" duration="0.002265" total="4" passed="4" failed="0" warnings="0" inconclusive="0" skipped="0" asserts="17">
              <test-case id="1-1190" name="DoubleLinkingThrowsError" fullname="PlayersWorlds.Maps.Maze.MazeCellTest.DoubleLinkingThrowsError" methodname="DoubleLinkingThrowsError" classname="PlayersWorlds.Maps.Maze.MazeCellTest" runstate="Runnable" seed="623174620" result="Passed" start-time="2024-06-06T14:08:19.8651840Z" end-time="2024-06-06T14:08:19.8655750Z" duration="0.000391" asserts="1" />
              <test-case id="1-1187" name="LinksAreMutual" fullname="PlayersWorlds.Maps.Maze.MazeCellTest.LinksAreMutual" methodname="LinksAreMutual" classname="PlayersWorlds.Maps.Maze.MazeCellTest" runstate="Runnable" seed="431018351" result="Passed" start-time="2024-06-06T14:08:19.8655830Z" end-time="2024-06-06T14:08:19.8666620Z" duration="0.001080" asserts="10" />
              <test-case id="1-1188" name="LinksOnlyWithNeighbors" fullname="PlayersWorlds.Maps.Maze.MazeCellTest.LinksOnlyWithNeighbors" methodname="LinksOnlyWithNeighbors" classname="PlayersWorlds.Maps.Maze.MazeCellTest" runstate="Runnable" seed="1221291405" result="Passed" start-time="2024-06-06T14:08:19.8666700Z" end-time="2024-06-06T14:08:19.8670730Z" duration="0.000402" asserts="1" />
              <test-case id="1-1189" name="ToStringTest" fullname="PlayersWorlds.Maps.Maze.MazeCellTest.ToStringTest" methodname="ToStringTest" classname="PlayersWorlds.Maps.Maze.MazeCellTest" runstate="Runnable" seed="1948441418" result="Passed" start-time="2024-06-06T14:08:19.8670800Z" end-time="2024-06-06T14:08:19.8673730Z" duration="0.000293" asserts="5" />
            </test-suite>
            <test-suite type="TestFixture" id="1-1399" name="MazeGeneratorTest" fullname="PlayersWorlds.Maps.Maze.MazeGeneratorTest" classname="PlayersWorlds.Maps.Maze.MazeGeneratorTest" runstate="Runnable" testcasecount="528" result="Skipped" label="Ignored" site="Child" start-time="2024-06-06T14:08:19.8673930Z" end-time="2024-06-06T14:08:21.1765870Z" duration="1.309195" total="18" passed="17" failed="0" warnings="0" inconclusive="0" skipped="1" asserts="53">
              <reason>
                <message><![CDATA[One or more child tests were ignored]]></message>
              </reason>
              <test-suite type="ParameterizedMethod" id="1-1407" name="CanGenerateMazes" fullname="PlayersWorlds.Maps.Maze.MazeGeneratorTest.CanGenerateMazes" classname="PlayersWorlds.Maps.Maze.MazeGeneratorTest" runstate="Runnable" testcasecount="6" result="Passed" start-time="2024-06-06T14:08:19.8674480Z" end-time="2024-06-06T14:08:20.8556090Z" duration="0.988162" total="6" passed="6" failed="0" warnings="0" inconclusive="0" skipped="0" asserts="18">
                <test-case id="1-1401" name="CanGenerateMazes(PlayersWorlds.Maps.Maze.AldousBroderMazeGenerator)" fullname="PlayersWorlds.Maps.Maze.MazeGeneratorTest.CanGenerateMazes(PlayersWorlds.Maps.Maze.AldousBroderMazeGenerator)" methodname="CanGenerateMazes" classname="PlayersWorlds.Maps.Maze.MazeGeneratorTest" runstate="Runnable" seed="218522311" result="Passed" start-time="2024-06-06T14:08:19.8675220Z" end-time="2024-06-06T14:08:20.0670700Z" duration="0.199549" asserts="3" />
                <test-case id="1-1402" name="CanGenerateMazes(PlayersWorlds.Maps.Maze.BinaryTreeMazeGenerator)" fullname="PlayersWorlds.Maps.Maze.MazeGeneratorTest.CanGenerateMazes(PlayersWorlds.Maps.Maze.BinaryTreeMazeGenerator)" methodname="CanGenerateMazes" classname="PlayersWorlds.Maps.Maze.MazeGeneratorTest" runstate="Runnable" seed="1828545542" result="Passed" start-time="2024-06-06T14:08:20.0670950Z" end-time="2024-06-06T14:08:20.2230540Z" duration="0.155959" asserts="3" />
                <test-case id="1-1403" name="CanGenerateMazes(PlayersWorlds.Maps.Maze.HuntAndKillMazeGenerator)" fullname="PlayersWorlds.Maps.Maze.MazeGeneratorTest.CanGenerateMazes(PlayersWorlds.Maps.Maze.HuntAndKillMazeGenerator)" methodname="CanGenerateMazes" classname="PlayersWorlds.Maps.Maze.MazeGeneratorTest" runstate="Runnable" seed="651234164" result="Passed" start-time="2024-06-06T14:08:20.2230800Z" end-time="2024-06-06T14:08:20.3807880Z" duration="0.157709" asserts="3" />
                <test-case id="1-1404" name="CanGenerateMazes(PlayersWorlds.Maps.Maze.RecursiveBacktrackerMazeGenerator)" fullname="PlayersWorlds.Maps.Maze.MazeGeneratorTest.CanGenerateMazes(PlayersWorlds.Maps.Maze.RecursiveBacktrackerMazeGenerator)" methodname="CanGenerateMazes" classname="PlayersWorlds.Maps.Maze.MazeGeneratorTest" runstate="Runnable" seed="221920937" result="Passed" start-time="2024-06-06T14:08:20.3808060Z" end-time="2024-06-06T14:08:20.5388770Z" duration="0.158071" asserts="3" />
                <test-case id="1-1405" name="CanGenerateMazes(PlayersWorlds.Maps.Maze.SidewinderMazeGenerator)" fullname="PlayersWorlds.Maps.Maze.MazeGeneratorTest.CanGenerateMazes(PlayersWorlds.Maps.Maze.SidewinderMazeGenerator)" methodname="CanGenerateMazes" classname="PlayersWorlds.Maps.Maze.MazeGeneratorTest" runstate="Runnable" seed="2042700349" result="Passed" start-time="2024-06-06T14:08:20.5388950Z" end-time="2024-06-06T14:08:20.6969890Z" duration="0.158095" asserts="3" />
                <test-case id="1-1406" name="CanGenerateMazes(PlayersWorlds.Maps.Maze.WilsonsMazeGenerator)" fullname="PlayersWorlds.Maps.Maze.MazeGeneratorTest.CanGenerateMazes(PlayersWorlds.Maps.Maze.WilsonsMazeGenerator)" methodname="CanGenerateMazes" classname="PlayersWorlds.Maps.Maze.MazeGeneratorTest" runstate="Runnable" seed="207482255" result="Passed" start-time="2024-06-06T14:08:20.6970150Z" end-time="2024-06-06T14:08:20.8555910Z" duration="0.158576" asserts="3" />
              </test-suite>
              <test-case id="1-1408" name="CanGenerateMazes_Debug" fullname="PlayersWorlds.Maps.Maze.MazeGeneratorTest.CanGenerateMazes_Debug" methodname="CanGenerateMazes_Debug" classname="PlayersWorlds.Maps.Maze.MazeGeneratorTest" runstate="Runnable" seed="1433281649" result="Passed" start-time="2024-06-06T14:08:20.8556390Z" end-time="2024-06-06T14:08:21.0121980Z" duration="0.156558" asserts="3" />
              <test-case id="1-1400" name="CanUseCustomAreaGenerator" fullname="PlayersWorlds.Maps.Maze.MazeGeneratorTest.CanUseCustomAreaGenerator" methodname="CanUseCustomAreaGenerator" classname="PlayersWorlds.Maps.Maze.MazeGeneratorTest" runstate="Runnable" seed="991318399" result="Passed" start-time="2024-06-06T14:08:21.0122140Z" end-time="2024-06-06T14:08:21.0730500Z" duration="0.060836" asserts="5" />
              <test-case id="1-1922" name="IsFillComplete_Debug" fullname="PlayersWorlds.Maps.Maze.MazeGeneratorTest.IsFillComplete_Debug" methodname="IsFillComplete_Debug" classname="PlayersWorlds.Maps.Maze.MazeGeneratorTest" runstate="Ignored" seed="1153803635" result="Skipped" label="Ignored" start-time="2024-06-06T14:08:21.0730680Z" end-time="2024-06-06T14:08:21.0730760Z" duration="0.000008" asserts="0">
                <properties>
                  <property name="_SKIPREASON" value="Debugging only" />
                </properties>
                <reason>
                  <message><![CDATA[Debugging only]]></message>
                </reason>
              </test-case>
              <test-case id="1-1411" name="IsFillComplete_Full" fullname="PlayersWorlds.Maps.Maze.MazeGeneratorTest.IsFillComplete_Full" methodname="IsFillComplete_Full" classname="PlayersWorlds.Maps.Maze.MazeGeneratorTest" runstate="Runnable" seed="1357347901" result="Passed" start-time="2024-06-06T14:08:21.0730800Z" end-time="2024-06-06T14:08:21.0915610Z" duration="0.018482" asserts="3" />
              <test-case id="1-1416" name="IsFillComplete_FullHeight" fullname="PlayersWorlds.Maps.Maze.MazeGeneratorTest.IsFillComplete_FullHeight" methodname="IsFillComplete_FullHeight" classname="PlayersWorlds.Maps.Maze.MazeGeneratorTest" runstate="Runnable" seed="198085039" result="Passed" start-time="2024-06-06T14:08:21.0915750Z" end-time="2024-06-06T14:08:21.1029810Z" duration="0.011406" asserts="3" />
              <test-case id="1-1415" name="IsFillComplete_FullWidth" fullname="PlayersWorlds.Maps.Maze.MazeGeneratorTest.IsFillComplete_FullWidth" methodname="IsFillComplete_FullWidth" classname="PlayersWorlds.Maps.Maze.MazeGeneratorTest" runstate="Runnable" seed="1463594651" result="Passed" start-time="2024-06-06T14:08:21.1029920Z" end-time="2024-06-06T14:08:21.1141670Z" duration="0.011176" asserts="3" />
              <test-case id="1-1410" name="IsFillComplete_Half" fullname="PlayersWorlds.Maps.Maze.MazeGeneratorTest.IsFillComplete_Half" methodname="IsFillComplete_Half" classname="PlayersWorlds.Maps.Maze.MazeGeneratorTest" runstate="Runnable" seed="1823598002" result="Passed" start-time="2024-06-06T14:08:21.1141880Z" end-time="2024-06-06T14:08:21.1246610Z" duration="0.010473" asserts="3" />
              <test-case id="1-1414" name="IsFillComplete_NinetyPercent" fullname="PlayersWorlds.Maps.Maze.MazeGeneratorTest.IsFillComplete_NinetyPercent" methodname="IsFillComplete_NinetyPercent" classname="PlayersWorlds.Maps.Maze.MazeGeneratorTest" runstate="Runnable" seed="49223456" result="Passed" start-time="2024-06-06T14:08:21.1246720Z" end-time="2024-06-06T14:08:21.1378390Z" duration="0.013167" asserts="3" />
              <test-case id="1-1412" name="IsFillComplete_Quarter" fullname="PlayersWorlds.Maps.Maze.MazeGeneratorTest.IsFillComplete_Quarter" methodname="IsFillComplete_Quarter" classname="PlayersWorlds.Maps.Maze.MazeGeneratorTest" runstate="Runnable" seed="2404590" result="Passed" start-time="2024-06-06T14:08:21.1378500Z" end-time="2024-06-06T14:08:21.1475350Z" duration="0.009685" asserts="3" />
              <test-case id="1-1413" name="IsFillComplete_ThreeQuarters" fullname="PlayersWorlds.Maps.Maze.MazeGeneratorTest.IsFillComplete_ThreeQuarters" methodname="IsFillComplete_ThreeQuarters" classname="PlayersWorlds.Maps.Maze.MazeGeneratorTest" runstate="Runnable" seed="1511026476" result="Passed" start-time="2024-06-06T14:08:21.1475460Z" end-time="2024-06-06T14:08:21.1588330Z" duration="0.011287" asserts="3" />
              <test-case id="1-1409" name="OnlyFullGenerators" fullname="PlayersWorlds.Maps.Maze.MazeGeneratorTest.OnlyFullGenerators" methodname="OnlyFullGenerators" classname="PlayersWorlds.Maps.Maze.MazeGeneratorTest" runstate="Runnable" seed="1607973836" result="Passed" start-time="2024-06-06T14:08:21.1588450Z" end-time="2024-06-06T14:08:21.1752300Z" duration="0.016385" asserts="2" />
              <test-case id="1-1923" name="WrongGeneratorOptions" fullname="PlayersWorlds.Maps.Maze.MazeGeneratorTest.WrongGeneratorOptions" methodname="WrongGeneratorOptions" classname="PlayersWorlds.Maps.Maze.MazeGeneratorTest" runstate="Runnable" seed="1847995763" result="Passed" start-time="2024-06-06T14:08:21.1752410Z" end-time="2024-06-06T14:08:21.1765680Z" duration="0.001327" asserts="4" />
            </test-suite>
            <test-suite type="TestSuite" id="1-2108" name="PostProcessing" fullname="PlayersWorlds.Maps.Maze.PostProcessing" runstate="Runnable" testcasecount="5" result="Passed" start-time="2024-06-06T14:08:19.5191250Z" end-time="2024-06-06T14:08:21.1964160Z" duration="1.677291" total="5" passed="5" failed="0" warnings="0" inconclusive="0" skipped="0" asserts="19">
              <test-suite type="TestFixture" id="1-1936" name="DeadEndTest" fullname="PlayersWorlds.Maps.Maze.PostProcessing.DeadEndTest" classname="PlayersWorlds.Maps.Maze.PostProcessing.DeadEndTest" runstate="Runnable" testcasecount="1" result="Passed" start-time="2024-06-06T14:08:21.1766060Z" end-time="2024-06-06T14:08:21.1774540Z" duration="0.000848" total="1" passed="1" failed="0" warnings="0" inconclusive="0" skipped="0" asserts="7">
                <test-case id="1-1937" name="DeadEnd_CanFindDeadEnds" fullname="PlayersWorlds.Maps.Maze.PostProcessing.DeadEndTest.DeadEnd_CanFindDeadEnds" methodname="DeadEnd_CanFindDeadEnds" classname="PlayersWorlds.Maps.Maze.PostProcessing.DeadEndTest" runstate="Runnable" seed="641448105" result="Passed" start-time="2024-06-06T14:08:21.1766790Z" end-time="2024-06-06T14:08:21.1774430Z" duration="0.000764" asserts="7" />
              </test-suite>
              <test-suite type="TestFixture" id="1-1938" name="DijkstraDistanceTest" fullname="PlayersWorlds.Maps.Maze.PostProcessing.DijkstraDistanceTest" classname="PlayersWorlds.Maps.Maze.PostProcessing.DijkstraDistanceTest" runstate="Runnable" testcasecount="4" result="Passed" start-time="2024-06-06T14:08:21.1774660Z" end-time="2024-06-06T14:08:21.1964100Z" duration="0.018944" total="4" passed="4" failed="0" warnings="0" inconclusive="0" skipped="0" asserts="12">
                <test-case id="1-1942" name="DijkstraDistance_CanFindLongestTrail" fullname="PlayersWorlds.Maps.Maze.PostProcessing.DijkstraDistanceTest.DijkstraDistance_CanFindLongestTrail" methodname="DijkstraDistance_CanFindLongestTrail" classname="PlayersWorlds.Maps.Maze.PostProcessing.DijkstraDistanceTest" runstate="Runnable" seed="951159004" result="Passed" start-time="2024-06-06T14:08:21.1775210Z" end-time="2024-06-06T14:08:21.1783980Z" duration="0.000877" asserts="4" />
                <test-case id="1-1940" name="DijkstraDistance_CanSolveAMaze" fullname="PlayersWorlds.Maps.Maze.PostProcessing.DijkstraDistanceTest.DijkstraDistance_CanSolveAMaze" methodname="DijkstraDistance_CanSolveAMaze" classname="PlayersWorlds.Maps.Maze.PostProcessing.DijkstraDistanceTest" runstate="Runnable" seed="1405638818" result="Passed" start-time="2024-06-06T14:08:21.1784070Z" end-time="2024-06-06T14:08:21.1787300Z" duration="0.000323" asserts="4" />
                <test-case id="1-1939" name="DijkstraDistance_FindsAllDistances" fullname="PlayersWorlds.Maps.Maze.PostProcessing.DijkstraDistanceTest.DijkstraDistance_FindsAllDistances" methodname="DijkstraDistance_FindsAllDistances" classname="PlayersWorlds.Maps.Maze.PostProcessing.DijkstraDistanceTest" runstate="Runnable" seed="1217274912" result="Passed" start-time="2024-06-06T14:08:21.1787370Z" end-time="2024-06-06T14:08:21.1961960Z" duration="0.017459" asserts="3" />
                <test-case id="1-1941" name="DijkstraDistance_ReturnsEmptyIfNoSolutionFound" fullname="PlayersWorlds.Maps.Maze.PostProcessing.DijkstraDistanceTest.DijkstraDistance_ReturnsEmptyIfNoSolutionFound" methodname="DijkstraDistance_ReturnsEmptyIfNoSolutionFound" classname="PlayersWorlds.Maps.Maze.PostProcessing.DijkstraDistanceTest" runstate="Runnable" seed="1332463921" result="Passed" start-time="2024-06-06T14:08:21.1962080Z" end-time="2024-06-06T14:08:21.1964000Z" duration="0.000192" asserts="1" />
              </test-suite>
            </test-suite>
            <test-suite type="TestFixture" id="1-1931" name="SidewinderMazeGeneratorTest" fullname="PlayersWorlds.Maps.Maze.SidewinderMazeGeneratorTest" classname="PlayersWorlds.Maps.Maze.SidewinderMazeGeneratorTest" runstate="Runnable" testcasecount="2" result="Passed" start-time="2024-06-06T14:08:21.1964260Z" end-time="2024-06-06T14:08:21.2068880Z" duration="0.010462" total="1" passed="1" failed="0" warnings="0" inconclusive="0" skipped="0" asserts="2">
              <test-case id="1-1932" name="ArchShapedAreas" fullname="PlayersWorlds.Maps.Maze.SidewinderMazeGeneratorTest.ArchShapedAreas" methodname="ArchShapedAreas" classname="PlayersWorlds.Maps.Maze.SidewinderMazeGeneratorTest" runstate="Runnable" seed="110945260" result="Passed" start-time="2024-06-06T14:08:21.1964800Z" end-time="2024-06-06T14:08:21.2068740Z" duration="0.010394" asserts="2" />
            </test-suite>
            <test-suite type="TestFixture" id="1-1934" name="WilsonsMazeGeneratorTest" fullname="PlayersWorlds.Maps.Maze.WilsonsMazeGeneratorTest" classname="PlayersWorlds.Maps.Maze.WilsonsMazeGeneratorTest" runstate="Runnable" testcasecount="1" result="Passed" start-time="2024-06-06T14:08:21.2069090Z" end-time="2024-06-06T14:08:21.2240280Z" duration="0.017119" total="1" passed="1" failed="0" warnings="0" inconclusive="0" skipped="0" asserts="1">
              <test-case id="1-1935" name="DuplicateRandom" fullname="PlayersWorlds.Maps.Maze.WilsonsMazeGeneratorTest.DuplicateRandom" methodname="DuplicateRandom" classname="PlayersWorlds.Maps.Maze.WilsonsMazeGeneratorTest" runstate="Runnable" seed="1049006072" result="Passed" start-time="2024-06-06T14:08:21.2069670Z" end-time="2024-06-06T14:08:21.2240140Z" duration="0.017047" asserts="1">
                <properties>
                  <property name="Timeout" value="1000" />
                </properties>
              </test-case>
            </test-suite>
          </test-suite>
          <test-suite type="TestFixture" id="1-1057" name="Maze2DRendererTest" fullname="PlayersWorlds.Maps.Maze2DRendererTest" classname="PlayersWorlds.Maps.Maze2DRendererTest" runstate="Runnable" testcasecount="8" result="Passed" start-time="2024-06-06T14:08:21.2240470Z" end-time="2024-06-06T14:08:21.2454510Z" duration="0.021404" total="8" passed="8" failed="0" warnings="0" inconclusive="0" skipped="0" asserts="57">
            <test-case id="1-1060" name="CanRenderAMapWithFilledAreas" fullname="PlayersWorlds.Maps.Maze2DRendererTest.CanRenderAMapWithFilledAreas" methodname="CanRenderAMapWithFilledAreas" classname="PlayersWorlds.Maps.Maze2DRendererTest" runstate="Runnable" seed="566146724" result="Passed" start-time="2024-06-06T14:08:21.2241050Z" end-time="2024-06-06T14:08:21.2286400Z" duration="0.004535" asserts="1" />
            <test-case id="1-1061" name="CanRenderAMapWithHallAreas" fullname="PlayersWorlds.Maps.Maze2DRendererTest.CanRenderAMapWithHallAreas" methodname="CanRenderAMapWithHallAreas" classname="PlayersWorlds.Maps.Maze2DRendererTest" runstate="Runnable" seed="1966387931" result="Passed" start-time="2024-06-06T14:08:21.2286510Z" end-time="2024-06-06T14:08:21.2320650Z" duration="0.003414" asserts="1" />
            <test-case id="1-1058" name="CanRenderAMapWithSmoothCorners" fullname="PlayersWorlds.Maps.Maze2DRendererTest.CanRenderAMapWithSmoothCorners" methodname="CanRenderAMapWithSmoothCorners" classname="PlayersWorlds.Maps.Maze2DRendererTest" runstate="Runnable" seed="398354161" result="Passed" start-time="2024-06-06T14:08:21.2320760Z" end-time="2024-06-06T14:08:21.2351440Z" duration="0.003068" asserts="1" />
            <test-case id="1-1059" name="CanRenderAMapWithVoids" fullname="PlayersWorlds.Maps.Maze2DRendererTest.CanRenderAMapWithVoids" methodname="CanRenderAMapWithVoids" classname="PlayersWorlds.Maps.Maze2DRendererTest" runstate="Runnable" seed="576733822" result="Passed" start-time="2024-06-06T14:08:21.2351540Z" end-time="2024-06-06T14:08:21.2384770Z" duration="0.003322" asserts="1" />
            <test-case id="1-1065" name="CellsMapping_ValidMapping" fullname="PlayersWorlds.Maps.Maze2DRendererTest.CellsMapping_ValidMapping" methodname="CellsMapping_ValidMapping" classname="PlayersWorlds.Maps.Maze2DRendererTest" runstate="Runnable" seed="161617831" result="Passed" start-time="2024-06-06T14:08:21.2384870Z" end-time="2024-06-06T14:08:21.2434530Z" duration="0.004965" asserts="45" />
            <test-case id="1-1062" name="Maze2DStringBoxRenderer_CanConvertToAscii" fullname="PlayersWorlds.Maps.Maze2DRendererTest.Maze2DStringBoxRenderer_CanConvertToAscii" methodname="Maze2DStringBoxRenderer_CanConvertToAscii" classname="PlayersWorlds.Maps.Maze2DRendererTest" runstate="Runnable" seed="176110144" result="Passed" start-time="2024-06-06T14:08:21.2434640Z" end-time="2024-06-06T14:08:21.2440310Z" duration="0.000568" asserts="1" />
            <test-case id="1-1063" name="Maze2DStringBoxRenderer_CanConvertToAsciiWithData" fullname="PlayersWorlds.Maps.Maze2DRendererTest.Maze2DStringBoxRenderer_CanConvertToAsciiWithData" methodname="Maze2DStringBoxRenderer_CanConvertToAsciiWithData" classname="PlayersWorlds.Maps.Maze2DRendererTest" runstate="Runnable" seed="1518211298" result="Passed" start-time="2024-06-06T14:08:21.2440390Z" end-time="2024-06-06T14:08:21.2448110Z" duration="0.000772" asserts="1" />
            <test-case id="1-1064" name="Maze2DToMap2DConverter_ThrowsIfInvalidOptions" fullname="PlayersWorlds.Maps.Maze2DRendererTest.Maze2DToMap2DConverter_ThrowsIfInvalidOptions" methodname="Maze2DToMap2DConverter_ThrowsIfInvalidOptions" classname="PlayersWorlds.Maps.Maze2DRendererTest" runstate="Runnable" seed="1940226950" result="Passed" start-time="2024-06-06T14:08:21.2448180Z" end-time="2024-06-06T14:08:21.2454400Z" duration="0.000622" asserts="6" />
          </test-suite>
          <test-suite type="TestFixture" id="1-1024" name="NArrayTest" fullname="PlayersWorlds.Maps.NArrayTest" classname="PlayersWorlds.Maps.NArrayTest" runstate="Runnable" testcasecount="24" result="Passed" start-time="2024-06-06T14:08:21.2454630Z" end-time="2024-06-06T14:08:21.2593360Z" duration="0.013873" total="24" passed="24" failed="0" warnings="0" inconclusive="0" skipped="0" asserts="83">
            <test-case id="1-1044" name="CellsAt_AnyCellAt2x2" fullname="PlayersWorlds.Maps.NArrayTest.CellsAt_AnyCellAt2x2" methodname="CellsAt_AnyCellAt2x2" classname="PlayersWorlds.Maps.NArrayTest" runstate="Runnable" seed="1987794692" result="Passed" start-time="2024-06-06T14:08:21.2455200Z" end-time="2024-06-06T14:08:21.2473880Z" duration="0.001867" asserts="5" />
            <test-case id="1-1047" name="CellsAt_AnyCellAtCloseEdge2x2" fullname="PlayersWorlds.Maps.NArrayTest.CellsAt_AnyCellAtCloseEdge2x2" methodname="CellsAt_AnyCellAtCloseEdge2x2" classname="PlayersWorlds.Maps.NArrayTest" runstate="Runnable" seed="145088040" result="Passed" start-time="2024-06-06T14:08:21.2473970Z" end-time="2024-06-06T14:08:21.2477220Z" duration="0.000326" asserts="5" />
            <test-case id="1-1048" name="CellsAt_AnyCellAtZeroSize" fullname="PlayersWorlds.Maps.NArrayTest.CellsAt_AnyCellAtZeroSize" methodname="CellsAt_AnyCellAtZeroSize" classname="PlayersWorlds.Maps.NArrayTest" runstate="Runnable" seed="1320428961" result="Passed" start-time="2024-06-06T14:08:21.2477290Z" end-time="2024-06-06T14:08:21.2484300Z" duration="0.000701" asserts="1" />
            <test-case id="1-1025" name="NArray_Constructor_CreatesCorrectSize" fullname="PlayersWorlds.Maps.NArrayTest.NArray_Constructor_CreatesCorrectSize" methodname="NArray_Constructor_CreatesCorrectSize" classname="PlayersWorlds.Maps.NArrayTest" runstate="Runnable" seed="450904584" result="Passed" start-time="2024-06-06T14:08:21.2484380Z" end-time="2024-06-06T14:08:21.2487870Z" duration="0.000349" asserts="2" />
            <test-case id="1-1026" name="NArray_Constructor_SetsInitialValues" fullname="PlayersWorlds.Maps.NArrayTest.NArray_Constructor_SetsInitialValues" methodname="NArray_Constructor_SetsInitialValues" classname="PlayersWorlds.Maps.NArrayTest" runstate="Runnable" seed="1709029096" result="Passed" start-time="2024-06-06T14:08:21.2487950Z" end-time="2024-06-06T14:08:21.2496160Z" duration="0.000821" asserts="4" />
[...]
              <test-case id="1-1144" name="CanDeserializeCellWithLinksAndTags" fullname="PlayersWorlds.Maps.Serializer.CellSerializerTest.CanDeserializeCellWithLinksAndTags" methodname="CanDeserializeCellWithLinksAndTags" classname="PlayersWorlds.Maps.Serializer.CellSerializerTest" runstate="Runnable" seed="177362880" result="Passed" start-time="2024-06-06T14:08:21.2740590Z" end-time="2024-06-06T14:08:21.2743510Z" duration="0.000291" asserts="7" />
              <test-case id="1-1143" name="CanDeserializeCellWithTags" fullname="PlayersWorlds.Maps.Serializer.CellSerializerTest.CanDeserializeCellWithTags" methodname="CanDeserializeCellWithTags" classname="PlayersWorlds.Maps.Serializer.CellSerializerTest" runstate="Runnable" seed="661848750" result="Passed" start-time="2024-06-06T14:08:21.2743590Z" end-time="2024-06-06T14:08:21.2745750Z" duration="0.000216" asserts="5" />
              <test-case id="1-1141" name="CanDeserializeEmptyCell" fullname="PlayersWorlds.Maps.Serializer.CellSerializerTest.CanDeserializeEmptyCell" methodname="CanDeserializeEmptyCell" classname="PlayersWorlds.Maps.Serializer.CellSerializerTest" runstate="Runnable" seed="1602535258" result="Passed" start-time="2024-06-06T14:08:21.2745810Z" end-time="2024-06-06T14:08:21.2747430Z" duration="0.000162" asserts="3" />
              <test-case id="1-1138" name="CanSerializeCellWithLinks" fullname="PlayersWorlds.Maps.Serializer.CellSerializerTest.CanSerializeCellWithLinks" methodname="CanSerializeCellWithLinks" classname="PlayersWorlds.Maps.Serializer.CellSerializerTest" runstate="Runnable" seed="1632008669" result="Passed" start-time="2024-06-06T14:08:21.2747500Z" end-time="2024-06-06T14:08:21.2757670Z" duration="0.001017" asserts="1" />
              <test-case id="1-1140" name="CanSerializeCellWithLinksAndTags" fullname="PlayersWorlds.Maps.Serializer.CellSerializerTest.CanSerializeCellWithLinksAndTags" methodname="CanSerializeCellWithLinksAndTags" classname="PlayersWorlds.Maps.Serializer.CellSerializerTest" runstate="Runnable" seed="1179632210" result="Passed" start-time="2024-06-06T14:08:21.2757760Z" end-time="2024-06-06T14:08:21.2760020Z" duration="0.000226" asserts="1" />
              <test-case id="1-1139" name="CanSerializeCellWithTags" fullname="PlayersWorlds.Maps.Serializer.CellSerializerTest.CanSerializeCellWithTags" methodname="CanSerializeCellWithTags" classname="PlayersWorlds.Maps.Serializer.CellSerializerTest" runstate="Runnable" seed="1904261149" result="Passed" start-time="2024-06-06T14:08:21.2760090Z" end-time="2024-06-06T14:08:21.2761800Z" duration="0.000170" asserts="1" />
              <test-case id="1-1137" name="CanSerializeEmptyCell" fullname="PlayersWorlds.Maps.Serializer.CellSerializerTest.CanSerializeEmptyCell" methodname="CanSerializeEmptyCell" classname="PlayersWorlds.Maps.Serializer.CellSerializerTest" runstate="Runnable" seed="1001626604" result="Passed" start-time="2024-06-06T14:08:21.2761860Z" end-time="2024-06-06T14:08:21.2762870Z" duration="0.000101" asserts="1" />
              <test-case id="1-1145" name="ThrowsIfDeserializingAWrongCell" fullname="PlayersWorlds.Maps.Serializer.CellSerializerTest.ThrowsIfDeserializingAWrongCell" methodname="ThrowsIfDeserializingAWrongCell" classname="PlayersWorlds.Maps.Serializer.CellSerializerTest" runstate="Runnable" seed="1068656101" result="Passed" start-time="2024-06-06T14:08:21.2762940Z" end-time="2024-06-06T14:08:21.2765170Z" duration="0.000223" asserts="1" />
            </test-suite>
          </test-suite>
          <test-suite type="TestFixture" id="1-1066" name="VectorDTest" fullname="PlayersWorlds.Maps.VectorDTest" classname="PlayersWorlds.Maps.VectorDTest" runstate="Runnable" testcasecount="11" result="Passed" start-time="2024-06-06T14:08:21.2765490Z" end-time="2024-06-06T14:08:21.2787700Z" duration="0.002221" total="11" passed="11" failed="0" warnings="0" inconclusive="0" skipped="0" asserts="33">
            <test-case id="1-1074" name="CanAddAndSubtract" fullname="PlayersWorlds.Maps.VectorDTest.CanAddAndSubtract" methodname="CanAddAndSubtract" classname="PlayersWorlds.Maps.VectorDTest" runstate="Runnable" seed="997433453" result="Passed" start-time="2024-06-06T14:08:21.2766030Z" end-time="2024-06-06T14:08:21.2769030Z" duration="0.000300" asserts="5" />
            <test-case id="1-1075" name="ConstructorChecksArguments" fullname="PlayersWorlds.Maps.VectorDTest.ConstructorChecksArguments" methodname="ConstructorChecksArguments" classname="PlayersWorlds.Maps.VectorDTest" runstate="Runnable" seed="847888640" result="Passed" start-time="2024-06-06T14:08:21.2769100Z" end-time="2024-06-06T14:08:21.2770140Z" duration="0.000104" asserts="1" />
            <test-case id="1-1068" name="EqualityIsCheckedByValue" fullname="PlayersWorlds.Maps.VectorDTest.EqualityIsCheckedByValue" methodname="EqualityIsCheckedByValue" classname="PlayersWorlds.Maps.VectorDTest" runstate="Runnable" seed="144629050" result="Passed" start-time="2024-06-06T14:08:21.2770200Z" end-time="2024-06-06T14:08:21.2772180Z" duration="0.000197" asserts="4" />
            <test-case id="1-1069" name="GetHashCodeIsDerivedFromValue" fullname="PlayersWorlds.Maps.VectorDTest.GetHashCodeIsDerivedFromValue" methodname="GetHashCodeIsDerivedFromValue" classname="PlayersWorlds.Maps.VectorDTest" runstate="Runnable" seed="2123952309" result="Passed" start-time="2024-06-06T14:08:21.2772250Z" end-time="2024-06-06T14:08:21.2772990Z" duration="0.000074" asserts="1" />
            <test-case id="1-1072" name="InitializedAsNull" fullname="PlayersWorlds.Maps.VectorDTest.InitializedAsNull" methodname="InitializedAsNull" classname="PlayersWorlds.Maps.VectorDTest" runstate="Runnable" seed="1781438791" result="Passed" start-time="2024-06-06T14:08:21.2773050Z" end-time="2024-06-06T14:08:21.2774030Z" duration="0.000098" asserts="1" />
            <test-case id="1-1071" name="InitializedEmpty" fullname="PlayersWorlds.Maps.VectorDTest.InitializedEmpty" methodname="InitializedEmpty" classname="PlayersWorlds.Maps.VectorDTest" runstate="Runnable" seed="22472531" result="Passed" start-time="2024-06-06T14:08:21.2774100Z" end-time="2024-06-06T14:08:21.2776490Z" duration="0.000240" asserts="4" />
            <test-case id="1-1067" name="IsInitialized" fullname="PlayersWorlds.Maps.VectorDTest.IsInitialized" methodname="IsInitialized" classname="PlayersWorlds.Maps.VectorDTest" runstate="Runnable" seed="1164589416" result="Passed" start-time="2024-06-06T14:08:21.2776560Z" end-time="2024-06-06T14:08:21.2778060Z" duration="0.000150" asserts="2" />
            <test-case id="1-1073" name="IsZero" fullname="PlayersWorlds.Maps.VectorDTest.IsZero" methodname="IsZero" classname="PlayersWorlds.Maps.VectorDTest" runstate="Runnable" seed="573385096" result="Passed" start-time="2024-06-06T14:08:21.2778130Z" end-time="2024-06-06T14:08:21.2779240Z" duration="0.000111" asserts="3" />
            <test-case id="1-1076" name="SnappedForce" fullname="PlayersWorlds.Maps.VectorDTest.SnappedForce" methodname="SnappedForce" classname="PlayersWorlds.Maps.VectorDTest" runstate="Runnable" seed="2036951011" result="Passed" start-time="2024-06-06T14:08:21.2779300Z" end-time="2024-06-06T14:08:21.2782850Z" duration="0.000354" asserts="9" />
            <test-case id="1-1070" name="ToStringFormat" fullname="PlayersWorlds.Maps.VectorDTest.ToStringFormat" methodname="ToStringFormat" classname="PlayersWorlds.Maps.VectorDTest" runstate="Runnable" seed="1142540468" result="Passed" start-time="2024-06-06T14:08:21.2782920Z" end-time="2024-06-06T14:08:21.2783690Z" duration="0.000077" asserts="1" />
            <test-case id="1-1077" name="VectorD_Parse" fullname="PlayersWorlds.Maps.VectorDTest.VectorD_Parse" methodname="VectorD_Parse" classname="PlayersWorlds.Maps.VectorDTest" runstate="Runnable" seed="1828111857" result="Passed" start-time="2024-06-06T14:08:21.2783750Z" end-time="2024-06-06T14:08:21.2787590Z" duration="0.000384" asserts="2" />
          </test-suite>
          <test-suite type="TestFixture" id="1-1078" name="VectorTest" fullname="PlayersWorlds.Maps.VectorTest" classname="PlayersWorlds.Maps.VectorTest" runstate="Runnable" testcasecount="29" result="Passed" start-time="2024-06-06T14:08:21.2787820Z" end-time="2024-06-06T14:08:21.2859930Z" duration="0.007211" total="29" passed="29" failed="0" warnings="0" inconclusive="0" skipped="0" asserts="229">
            <test-case id="1-1095" name="FitsInto" fullname="PlayersWorlds.Maps.VectorTest.FitsInto" methodname="FitsInto" classname="PlayersWorlds.Maps.VectorTest" runstate="Runnable" seed="974444754" result="Passed" start-time="2024-06-06T14:08:21.2788370Z" end-time="2024-06-06T14:08:21.2789690Z" duration="0.000132" asserts="3" />
            <test-case id="1-1098" name="FromIndex_Matches_FromIndex" fullname="PlayersWorlds.Maps.VectorTest.FromIndex_Matches_FromIndex" methodname="FromIndex_Matches_FromIndex" classname="PlayersWorlds.Maps.VectorTest" runstate="Runnable" seed="37746022" result="Passed" start-time="2024-06-06T14:08:21.2789760Z" end-time="2024-06-06T14:08:21.2790700Z" duration="0.000095" asserts="1" />
            <test-case id="1-1106" name="FromIndex_ShouldThrowException_DimensionMismatch" fullname="PlayersWorlds.Maps.VectorTest.FromIndex_ShouldThrowException_DimensionMismatch" methodname="FromIndex_ShouldThrowException_DimensionMismatch" classname="PlayersWorlds.Maps.VectorTest" runstate="Runnable" seed="1723241937" result="Passed" start-time="2024-06-06T14:08:21.2790770Z" end-time="2024-06-06T14:08:21.2794320Z" duration="0.000355" asserts="1" />
            <test-case id="1-1096" name="IsIn" fullname="PlayersWorlds.Maps.VectorTest.IsIn" methodname="IsIn" classname="PlayersWorlds.Maps.VectorTest" runstate="Runnable" seed="1067712234" result="Passed" start-time="2024-06-06T14:08:21.2794390Z" end-time="2024-06-06T14:08:21.2805060Z" duration="0.001067" asserts="7" />
            <test-case id="1-1107" name="NorthEastComparer_ComparesCorrectly" fullname="PlayersWorlds.Maps.VectorTest.NorthEastComparer_ComparesCorrectly" methodname="NorthEastComparer_ComparesCorrectly" classname="PlayersWorlds.Maps.VectorTest" runstate="Runnable" seed="831063579" result="Passed" start-time="2024-06-06T14:08:21.2805140Z" end-time="2024-06-06T14:08:21.2812700Z" duration="0.000756" asserts="1" />
            <test-case id="1-1080" name="Size_NotInitialized" fullname="PlayersWorlds.Maps.VectorTest.Size_NotInitialized" methodname="Size_NotInitialized" classname="PlayersWorlds.Maps.VectorTest" runstate="Runnable" seed="2058378538" result="Passed" start-time="2024-06-06T14:08:21.2812780Z" end-time="2024-06-06T14:08:21.2814550Z" duration="0.000177" asserts="2" />
            <test-case id="1-1102" name="ToIndex_FromIndex_RoundTripConversion" fullname="PlayersWorlds.Maps.VectorTest.ToIndex_FromIndex_RoundTripConversion" methodname="ToIndex_FromIndex_RoundTripConversion" classname="PlayersWorlds.Maps.VectorTest" runstate="Runnable" seed="1568769913" result="Passed" start-time="2024-06-06T14:08:21.2814620Z" end-time="2024-06-06T14:08:21.2821340Z" duration="0.000672" asserts="150" />
            <test-case id="1-1103" name="ToIndex_FromIndex_Valid5D" fullname="PlayersWorlds.Maps.VectorTest.ToIndex_FromIndex_Valid5D" methodname="ToIndex_FromIndex_Valid5D" classname="PlayersWorlds.Maps.VectorTest" runstate="Runnable" seed="400803226" result="Passed" start-time="2024-06-06T14:08:21.2821420Z" end-time="2024-06-06T14:08:21.2827760Z" duration="0.000634" asserts="13" />
            <test-case id="1-1097" name="ToIndex_Matches_ToIndex" fullname="PlayersWorlds.Maps.VectorTest.ToIndex_Matches_ToIndex" methodname="ToIndex_Matches_ToIndex" classname="PlayersWorlds.Maps.VectorTest" runstate="Runnable" seed="1625169317" result="Passed" start-time="2024-06-06T14:08:21.2827830Z" end-time="2024-06-06T14:08:21.2828760Z" duration="0.000093" asserts="1" />
            <test-case id="1-1099" name="ToIndex_ShouldCalculateCorrectIndex_1D" fullname="PlayersWorlds.Maps.VectorTest.ToIndex_ShouldCalculateCorrectIndex_1D" methodname="ToIndex_ShouldCalculateCorrectIndex_1D" classname="PlayersWorlds.Maps.VectorTest" runstate="Runnable" seed="629305282" result="Passed" start-time="2024-06-06T14:08:21.2828830Z" end-time="2024-06-06T14:08:21.2829810Z" duration="0.000099" asserts="2" />
            <test-case id="1-1100" name="ToIndex_ShouldCalculateCorrectIndex_2D" fullname="PlayersWorlds.Maps.VectorTest.ToIndex_ShouldCalculateCorrectIndex_2D" methodname="ToIndex_ShouldCalculateCorrectIndex_2D" classname="PlayersWorlds.Maps.VectorTest" runstate="Runnable" seed="1716509599" result="Passed" start-time="2024-06-06T14:08:21.2829880Z" end-time="2024-06-06T14:08:21.2830780Z" duration="0.000090" asserts="2" />
            <test-case id="1-1101" name="ToIndex_ShouldCalculateCorrectIndex_3D" fullname="PlayersWorlds.Maps.VectorTest.ToIndex_ShouldCalculateCorrectIndex_3D" methodname="ToIndex_ShouldCalculateCorrectIndex_3D" classname="PlayersWorlds.Maps.VectorTest" runstate="Runnable" seed="1855777355" result="Passed" start-time="2024-06-06T14:08:21.2830840Z" end-time="2024-06-06T14:08:21.2831750Z" duration="0.000091" asserts="2" />
            <test-case id="1-1105" name="ToIndex_ShouldThrowException_DimensionMismatch" fullname="PlayersWorlds.Maps.VectorTest.ToIndex_ShouldThrowException_DimensionMismatch" methodname="ToIndex_ShouldThrowException_DimensionMismatch" classname="PlayersWorlds.Maps.VectorTest" runstate="Runnable" seed="1299047664" result="Passed" start-time="2024-06-06T14:08:21.2831820Z" end-time="2024-06-06T14:08:21.2833460Z" duration="0.000165" asserts="1" />
            <test-case id="1-1104" name="ToIndex_ShouldThrowException_DimensionOverflow" fullname="PlayersWorlds.Maps.VectorTest.ToIndex_ShouldThrowException_DimensionOverflow" methodname="ToIndex_ShouldThrowException_DimensionOverflow" classname="PlayersWorlds.Maps.VectorTest" runstate="Runnable" seed="1659003952" result="Passed" start-time="2024-06-06T14:08:21.2833530Z" end-time="2024-06-06T14:08:21.2835250Z" duration="0.000172" asserts="1" />
            <test-case id="1-1088" name="Vector_CanAddAndSubtract" fullname="PlayersWorlds.Maps.VectorTest.Vector_CanAddAndSubtract" methodname="Vector_CanAddAndSubtract" classname="PlayersWorlds.Maps.VectorTest" runstate="Runnable" seed="2088659739" result="Passed" start-time="2024-06-06T14:08:21.2835320Z" end-time="2024-06-06T14:08:21.2838860Z" duration="0.000354" asserts="6" />
            <test-case id="1-1089" name="Vector_ConstructorChecksArguments" fullname="PlayersWorlds.Maps.VectorTest.Vector_ConstructorChecksArguments" methodname="Vector_ConstructorChecksArguments" classname="PlayersWorlds.Maps.VectorTest" runstate="Runnable" seed="1718345398" result="Passed" start-time="2024-06-06T14:08:21.2838930Z" end-time="2024-06-06T14:08:21.2839840Z" duration="0.000091" asserts="1" />
            <test-case id="1-1086" name="Vector_EmptyIsEmpty" fullname="PlayersWorlds.Maps.VectorTest.Vector_EmptyIsEmpty" methodname="Vector_EmptyIsEmpty" classname="PlayersWorlds.Maps.VectorTest" runstate="Runnable" seed="2006680960" result="Passed" start-time="2024-06-06T14:08:21.2839910Z" end-time="2024-06-06T14:08:21.2840560Z" duration="0.000065" asserts="1" />
            <test-case id="1-1085" name="Vector_EmptyVectorIsEmpty" fullname="PlayersWorlds.Maps.VectorTest.Vector_EmptyVectorIsEmpty" methodname="Vector_EmptyVectorIsEmpty" classname="PlayersWorlds.Maps.VectorTest" runstate="Runnable" seed="988259086" result="Passed" start-time="2024-06-06T14:08:21.2840630Z" end-time="2024-06-06T14:08:21.2841220Z" duration="0.000059" asserts="1" />
            <test-case id="1-1081" name="Vector_EqualityIsCheckedByValue" fullname="PlayersWorlds.Maps.VectorTest.Vector_EqualityIsCheckedByValue" methodname="Vector_EqualityIsCheckedByValue" classname="PlayersWorlds.Maps.VectorTest" runstate="Runnable" seed="516906345" result="Passed" start-time="2024-06-06T14:08:21.2841280Z" end-time="2024-06-06T14:08:21.2843720Z" duration="0.000245" asserts="5" />
            <test-case id="1-1093" name="Vector_FromIndex" fullname="PlayersWorlds.Maps.VectorTest.Vector_FromIndex" methodname="Vector_FromIndex" classname="PlayersWorlds.Maps.VectorTest" runstate="Runnable" seed="1714800295" result="Passed" start-time="2024-06-06T14:08:21.2843800Z" end-time="2024-06-06T14:08:21.2844920Z" duration="0.000113" asserts="2" />
            <test-case id="1-1082" name="Vector_GetHashCodeIsDerivedFromValue" fullname="PlayersWorlds.Maps.VectorTest.Vector_GetHashCodeIsDerivedFromValue" methodname="Vector_GetHashCodeIsDerivedFromValue" classname="PlayersWorlds.Maps.VectorTest" runstate="Runnable" seed="952762795" result="Passed" start-time="2024-06-06T14:08:21.2844990Z" end-time="2024-06-06T14:08:21.2847010Z" duration="0.000202" asserts="2" />
            <test-case id="1-1079" name="Vector_IsInitialized" fullname="PlayersWorlds.Maps.VectorTest.Vector_IsInitialized" methodname="Vector_IsInitialized" classname="PlayersWorlds.Maps.VectorTest" runstate="Runnable" seed="636512362" result="Passed" start-time="2024-06-06T14:08:21.2847080Z" end-time="2024-06-06T14:08:21.2847820Z" duration="0.000074" asserts="2" />
            <test-case id="1-1087" name="Vector_NotEqualToNull" fullname="PlayersWorlds.Maps.VectorTest.Vector_NotEqualToNull" methodname="Vector_NotEqualToNull" classname="PlayersWorlds.Maps.VectorTest" runstate="Runnable" seed="1937542605" result="Passed" start-time="2024-06-06T14:08:21.2847880Z" end-time="2024-06-06T14:08:21.2849520Z" duration="0.000163" asserts="3" />
            <test-case id="1-1091" name="Vector_SnappedForce" fullname="PlayersWorlds.Maps.VectorTest.Vector_SnappedForce" methodname="Vector_SnappedForce" classname="PlayersWorlds.Maps.VectorTest" runstate="Runnable" seed="1528140102" result="Passed" start-time="2024-06-06T14:08:21.2849580Z" end-time="2024-06-06T14:08:21.2853090Z" duration="0.000350" asserts="9" />
            <test-case id="1-1090" name="Vector_ThrowsIfNotAValidSize" fullname="PlayersWorlds.Maps.VectorTest.Vector_ThrowsIfNotAValidSize" methodname="Vector_ThrowsIfNotAValidSize" classname="PlayersWorlds.Maps.VectorTest" runstate="Runnable" seed="2055219688" result="Passed" start-time="2024-06-06T14:08:21.2853150Z" end-time="2024-06-06T14:08:21.2855490Z" duration="0.000234" asserts="3" />
            <test-case id="1-1092" name="Vector_ToIndex" fullname="PlayersWorlds.Maps.VectorTest.Vector_ToIndex" methodname="Vector_ToIndex" classname="PlayersWorlds.Maps.VectorTest" runstate="Runnable" seed="1951982722" result="Passed" start-time="2024-06-06T14:08:21.2855560Z" end-time="2024-06-06T14:08:21.2857210Z" duration="0.000166" asserts="3" />
            <test-case id="1-1083" name="Vector_ToStringFormat" fullname="PlayersWorlds.Maps.VectorTest.Vector_ToStringFormat" methodname="Vector_ToStringFormat" classname="PlayersWorlds.Maps.VectorTest" runstate="Runnable" seed="1624524738" result="Passed" start-time="2024-06-06T14:08:21.2857280Z" end-time="2024-06-06T14:08:21.2858100Z" duration="0.000082" asserts="2" />
            <test-case id="1-1084" name="Vector_ZeroVectorIsNotEmpty" fullname="PlayersWorlds.Maps.VectorTest.Vector_ZeroVectorIsNotEmpty" methodname="Vector_ZeroVectorIsNotEmpty" classname="PlayersWorlds.Maps.VectorTest" runstate="Runnable" seed="277203287" result="Passed" start-time="2024-06-06T14:08:21.2858170Z" end-time="2024-06-06T14:08:21.2858990Z" duration="0.000082" asserts="1" />
            <test-case id="1-1094" name="VectorD_Parse" fullname="PlayersWorlds.Maps.VectorTest.VectorD_Parse" methodname="VectorD_Parse" classname="PlayersWorlds.Maps.VectorTest" runstate="Runnable" seed="1846786527" result="Passed" start-time="2024-06-06T14:08:21.2859050Z" end-time="2024-06-06T14:08:21.2859830Z" duration="0.000078" asserts="1" />
          </test-suite>
        </test-suite>
      </test-suite>
    </test-suite>
  </test-suite>
</test-run>