<?xml version="1.0" encoding="utf-8" standalone="no"?>
<test-run id="0" runstate="Runnable" testcasecount="1015" result="Passed" total="206" passed="206" failed="0" warnings="0" inconclusive="0" skipped="0" asserts="8986" engine-version="3.17.0.0" clr-version="4.0.30319.42000" start-time="2024-05-21 00:18:05Z" end-time="2024-05-21 00:18:06Z" duration="1.024554">
  <command-line><![CDATA[/home/data/repos/github.com/aynurin/maze-gen/packages/NUnit.ConsoleRunner.3.17.0/tools/nunit3-console.exe build/Debug/tests/PlayersWorlds.Maps.Tests.dll --framework=mono-4.0 "--where=Category!=Load AND Category!=Integration"]]></command-line>
  <filter>
    <and>
      <not>
        <prop name="Category">Load</prop>
      </not>
      <not>
        <prop name="Category">Integration</prop>
      </not>
    </and>
  </filter>
  <test-suite type="Assembly" id="1-2062" name="PlayersWorlds.Maps.Tests.dll" fullname="/home/data/repos/github.com/aynurin/maze-gen/build/Debug/tests/PlayersWorlds.Maps.Tests.dll" runstate="Runnable" testcasecount="1015" result="Passed" start-time="2024-05-21T00:18:05.7396930Z" end-time="2024-05-21T00:18:06.3164250Z" duration="0.576680" total="206" passed="206" failed="0" warnings="0" inconclusive="0" skipped="0" asserts="8986">
    <environment framework-version="4.0.1.0" clr-version="4.0.30319.42000" os-version="Unix 6.1.84.1" platform="Unix" cwd="/home/data/repos/github.com/aynurin/maze-gen" machine-name="lightview" user="shav" user-domain="lightview" culture="en-US" uiculture="en-US" os-architecture="x64" />
    <settings>
      <setting name="RequestedRuntimeFramework" value="mono-4.0" />
      <setting name="DisposeRunners" value="True" />
      <setting name="WorkDirectory" value="/home/data/repos/github.com/aynurin/maze-gen" />
      <setting name="ImageRuntimeVersion" value="4.0.30319" />
      <setting name="ImageTargetFrameworkName" value=".NETFramework,Version=v4.7" />
      <setting name="ImageRequiresX86" value="False" />
      <setting name="ImageRequiresDefaultAppDomainAssemblyResolver" value="False" />
      <setting name="TargetRuntimeFramework" value="mono-4.0" />
      <setting name="NumberOfTestWorkers" value="24" />
    </settings>
    <properties>
      <property name="_PID" value="4084190" />
      <property name="_APPDOMAIN" value="domain-" />
    </properties>
    <test-suite type="SetUpFixture" id="1-1003" name="[default namespace]" fullname="TestsSetup" classname="TestsSetup" runstate="Runnable" testcasecount="1015" result="Passed" start-time="2024-05-21T00:18:05.7443930Z" end-time="2024-05-21T00:18:06.3164150Z" duration="0.572022" total="206" passed="206" failed="0" warnings="0" inconclusive="0" skipped="0" asserts="8986">
      <test-suite type="TestSuite" id="1-2063" name="PlayersWorlds" fullname="PlayersWorlds" runstate="Runnable" testcasecount="1013" result="Passed" start-time="2024-05-21T00:18:05.7471340Z" end-time="2024-05-21T00:18:06.3162400Z" duration="0.569107" total="206" passed="206" failed="0" warnings="0" inconclusive="0" skipped="0" asserts="8986">
        <test-suite type="TestSuite" id="1-2064" name="Maps" fullname="PlayersWorlds.Maps" runstate="Runnable" testcasecount="1013" result="Passed" start-time="2024-05-21T00:18:05.7472010Z" end-time="2024-05-21T00:18:06.3162360Z" duration="0.569034" total="206" passed="206" failed="0" warnings="0" inconclusive="0" skipped="0" asserts="8986">
          <test-suite type="TestSuite" id="1-2069" name="Areas" fullname="PlayersWorlds.Maps.Areas" runstate="Runnable" testcasecount="138" result="Passed" start-time="2024-05-21T00:18:05.7472120Z" end-time="2024-05-21T00:18:05.8929680Z" duration="0.145757" total="43" passed="43" failed="0" warnings="0" inconclusive="0" skipped="0" asserts="163">
            <test-suite type="TestSuite" id="1-2070" name="Evolving" fullname="PlayersWorlds.Maps.Areas.Evolving" runstate="Runnable" testcasecount="133" result="Passed" start-time="2024-05-21T00:18:05.7472180Z" end-time="2024-05-21T00:18:05.8877990Z" duration="0.140582" total="38" passed="38" failed="0" warnings="0" inconclusive="0" skipped="0" asserts="136">
              <test-suite type="TestFixture" id="1-2003" name="EvolvingSimulatorTest" fullname="PlayersWorlds.Maps.Areas.Evolving.EvolvingSimulatorTest" classname="PlayersWorlds.Maps.Areas.Evolving.EvolvingSimulatorTest" runstate="Runnable" testcasecount="2" result="Passed" start-time="2024-05-21T00:18:05.7472620Z" end-time="2024-05-21T00:18:05.8713480Z" duration="0.124087" total="2" passed="2" failed="0" warnings="0" inconclusive="0" skipped="0" asserts="2">
                <test-case id="1-2005" name="EvolvingSimulator_ReturnsEpochsIfEvolitionIsNotComplete" fullname="PlayersWorlds.Maps.Areas.Evolving.EvolvingSimulatorTest.EvolvingSimulator_ReturnsEpochsIfEvolitionIsNotComplete" methodname="EvolvingSimulator_ReturnsEpochsIfEvolitionIsNotComplete" classname="PlayersWorlds.Maps.Areas.Evolving.EvolvingSimulatorTest" runstate="Runnable" seed="901598743" result="Passed" start-time="2024-05-21T00:18:05.7473980Z" end-time="2024-05-21T00:18:05.8643240Z" duration="0.116994" asserts="1" />
                <test-case id="1-2004" name="EvolvingSimulator_ThrowsIfMaxEpochsIsZero" fullname="PlayersWorlds.Maps.Areas.Evolving.EvolvingSimulatorTest.EvolvingSimulator_ThrowsIfMaxEpochsIsZero" methodname="EvolvingSimulator_ThrowsIfMaxEpochsIsZero" classname="PlayersWorlds.Maps.Areas.Evolving.EvolvingSimulatorTest" runstate="Runnable" seed="1455056761" result="Passed" start-time="2024-05-21T00:18:05.8656380Z" end-time="2024-05-21T00:18:05.8684620Z" duration="0.002824" asserts="1" />
              </test-suite>
              <test-suite type="TestFixture" id="1-2006" name="FloatingAreaTest" fullname="PlayersWorlds.Maps.Areas.Evolving.FloatingAreaTest" classname="PlayersWorlds.Maps.Areas.Evolving.FloatingAreaTest" runstate="Runnable" testcasecount="22" result="Passed" start-time="2024-05-21T00:18:05.8724270Z" end-time="2024-05-21T00:18:05.8797450Z" duration="0.007318" total="6" passed="6" failed="0" warnings="0" inconclusive="0" skipped="0" asserts="13">
                <test-case id="1-2011" name="CenterIsValid" fullname="PlayersWorlds.Maps.Areas.Evolving.FloatingAreaTest.CenterIsValid" methodname="CenterIsValid" classname="PlayersWorlds.Maps.Areas.Evolving.FloatingAreaTest" runstate="Runnable" seed="1011649644" result="Passed" start-time="2024-05-21T00:18:05.8724960Z" end-time="2024-05-21T00:18:05.8764380Z" duration="0.003942" asserts="4" />
                <test-case id="1-2010" name="Contains" fullname="PlayersWorlds.Maps.Areas.Evolving.FloatingAreaTest.Contains" methodname="Contains" classname="PlayersWorlds.Maps.Areas.Evolving.FloatingAreaTest" runstate="Runnable" seed="856211088" result="Passed" start-time="2024-05-21T00:18:05.8764470Z" end-time="2024-05-21T00:18:05.8776640Z" duration="0.001217" asserts="2" />
                <test-case id="1-2029" name="DistanceToDebug" fullname="PlayersWorlds.Maps.Areas.Evolving.FloatingAreaTest.DistanceToDebug" methodname="DistanceToDebug" classname="PlayersWorlds.Maps.Areas.Evolving.FloatingAreaTest" runstate="Runnable" seed="757291310" result="Passed" start-time="2024-05-21T00:18:05.8776730Z" end-time="2024-05-21T00:18:05.8785740Z" duration="0.000901" asserts="2" />
                <test-case id="1-2009" name="Overlaps" fullname="PlayersWorlds.Maps.Areas.Evolving.FloatingAreaTest.Overlaps" methodname="Overlaps" classname="PlayersWorlds.Maps.Areas.Evolving.FloatingAreaTest" runstate="Runnable" seed="609722648" result="Passed" start-time="2024-05-21T00:18:05.8785820Z" end-time="2024-05-21T00:18:05.8792050Z" duration="0.000623" asserts="2" />
                <test-case id="1-2007" name="Parse" fullname="PlayersWorlds.Maps.Areas.Evolving.FloatingAreaTest.Parse" methodname="Parse" classname="PlayersWorlds.Maps.Areas.Evolving.FloatingAreaTest" runstate="Runnable" seed="26484491" result="Passed" start-time="2024-05-21T00:18:05.8792130Z" end-time="2024-05-21T00:18:05.8794130Z" duration="0.000200" asserts="2" />
                <test-case id="1-2008" name="ToStringIsValid" fullname="PlayersWorlds.Maps.Areas.Evolving.FloatingAreaTest.ToStringIsValid" methodname="ToStringIsValid" classname="PlayersWorlds.Maps.Areas.Evolving.FloatingAreaTest" runstate="Runnable" seed="612178527" result="Passed" start-time="2024-05-21T00:18:05.8794210Z" end-time="2024-05-21T00:18:05.8797340Z" duration="0.000313" asserts="1" />
              </test-suite>
              <test-suite type="TestFixture" id="1-2030" name="ForceFormulaTestTest" fullname="PlayersWorlds.Maps.Areas.Evolving.ForceFormulaTestTest" classname="PlayersWorlds.Maps.Areas.Evolving.ForceFormulaTestTest" runstate="Runnable" testcasecount="8" result="Passed" start-time="2024-05-21T00:18:05.8797590Z" end-time="2024-05-21T00:18:05.8829660Z" duration="0.003207" total="8" passed="8" failed="0" warnings="0" inconclusive="0" skipped="0" asserts="42">
                <test-case id="1-2036" name="CollideForce_Negative" fullname="PlayersWorlds.Maps.Areas.Evolving.ForceFormulaTestTest.CollideForce_Negative" methodname="CollideForce_Negative" classname="PlayersWorlds.Maps.Areas.Evolving.ForceFormulaTestTest" runstate="Runnable" seed="1921627097" result="Passed" start-time="2024-05-21T00:18:05.8798210Z" end-time="2024-05-21T00:18:05.8811890Z" duration="0.001368" asserts="9" />
                <test-case id="1-2035" name="CollideForce_Positive" fullname="PlayersWorlds.Maps.Areas.Evolving.ForceFormulaTestTest.CollideForce_Positive" methodname="CollideForce_Positive" classname="PlayersWorlds.Maps.Areas.Evolving.ForceFormulaTestTest" runstate="Runnable" seed="1452604206" result="Passed" start-time="2024-05-21T00:18:05.8811990Z" end-time="2024-05-21T00:18:05.8815170Z" duration="0.000318" asserts="9" />
                <test-case id="1-2032" name="NormalForce_Negative" fullname="PlayersWorlds.Maps.Areas.Evolving.ForceFormulaTestTest.NormalForce_Negative" methodname="NormalForce_Negative" classname="PlayersWorlds.Maps.Areas.Evolving.ForceFormulaTestTest" runstate="Runnable" seed="1152137554" result="Passed" start-time="2024-05-21T00:18:05.8815250Z" end-time="2024-05-21T00:18:05.8819620Z" duration="0.000437" asserts="3" />
                <test-case id="1-2034" name="NormalForce_NegativeCapped" fullname="PlayersWorlds.Maps.Areas.Evolving.ForceFormulaTestTest.NormalForce_NegativeCapped" methodname="NormalForce_NegativeCapped" classname="PlayersWorlds.Maps.Areas.Evolving.ForceFormulaTestTest" runstate="Runnable" seed="24862824" result="Passed" start-time="2024-05-21T00:18:05.8819710Z" end-time="2024-05-21T00:18:05.8821460Z" duration="0.000176" asserts="5" />
                <test-case id="1-2031" name="NormalForce_Positive" fullname="PlayersWorlds.Maps.Areas.Evolving.ForceFormulaTestTest.NormalForce_Positive" methodname="NormalForce_Positive" classname="PlayersWorlds.Maps.Areas.Evolving.ForceFormulaTestTest" runstate="Runnable" seed="35485090" result="Passed" start-time="2024-05-21T00:18:05.8821540Z" end-time="2024-05-21T00:18:05.8822700Z" duration="0.000116" asserts="3" />
                <test-case id="1-2033" name="NormalForce_PositiveCapped" fullname="PlayersWorlds.Maps.Areas.Evolving.ForceFormulaTestTest.NormalForce_PositiveCapped" methodname="NormalForce_PositiveCapped" classname="PlayersWorlds.Maps.Areas.Evolving.ForceFormulaTestTest" runstate="Runnable" seed="2015096165" result="Passed" start-time="2024-05-21T00:18:05.8822760Z" end-time="2024-05-21T00:18:05.8824250Z" duration="0.000148" asserts="5" />
                <test-case id="1-2038" name="OverlapForce_Negative" fullname="PlayersWorlds.Maps.Areas.Evolving.ForceFormulaTestTest.OverlapForce_Negative" methodname="OverlapForce_Negative" classname="PlayersWorlds.Maps.Areas.Evolving.ForceFormulaTestTest" runstate="Runnable" seed="1076920773" result="Passed" start-time="2024-05-21T00:18:05.8824310Z" end-time="2024-05-21T00:18:05.8827000Z" duration="0.000269" asserts="4" />
                <test-case id="1-2037" name="OverlapForce_Positive" fullname="PlayersWorlds.Maps.Areas.Evolving.ForceFormulaTestTest.OverlapForce_Positive" methodname="OverlapForce_Positive" classname="PlayersWorlds.Maps.Areas.Evolving.ForceFormulaTestTest" runstate="Runnable" seed="761853031" result="Passed" start-time="2024-05-21T00:18:05.8827080Z" end-time="2024-05-21T00:18:05.8829550Z" duration="0.000248" asserts="4" />
              </test-suite>
              <test-suite type="TestFixture" id="1-2039" name="SideToSideForceProducerTest" fullname="PlayersWorlds.Maps.Areas.Evolving.SideToSideForceProducerTest" classname="PlayersWorlds.Maps.Areas.Evolving.SideToSideForceProducerTest" runstate="Runnable" testcasecount="22" result="Passed" start-time="2024-05-21T00:18:05.8829790Z" end-time="2024-05-21T00:18:05.8877930Z" duration="0.004814" total="22" passed="22" failed="0" warnings="0" inconclusive="0" skipped="0" asserts="79">
                <test-case id="1-2057" name="GetAxisDistance_Collide" fullname="PlayersWorlds.Maps.Areas.Evolving.SideToSideForceProducerTest.GetAxisDistance_Collide" methodname="GetAxisDistance_Collide" classname="PlayersWorlds.Maps.Areas.Evolving.SideToSideForceProducerTest" runstate="Runnable" seed="2130188008" result="Passed" start-time="2024-05-21T00:18:05.8830520Z" end-time="2024-05-21T00:18:05.8845670Z" duration="0.001515" asserts="6" />
                <test-case id="1-2060" name="GetAxisDistance_Contain1" fullname="PlayersWorlds.Maps.Areas.Evolving.SideToSideForceProducerTest.GetAxisDistance_Contain1" methodname="GetAxisDistance_Contain1" classname="PlayersWorlds.Maps.Areas.Evolving.SideToSideForceProducerTest" runstate="Runnable" seed="371628838" result="Passed" start-time="2024-05-21T00:18:05.8845770Z" end-time="2024-05-21T00:18:05.8848370Z" duration="0.000260" asserts="6" />
                <test-case id="1-2061" name="GetAxisDistance_Contain2" fullname="PlayersWorlds.Maps.Areas.Evolving.SideToSideForceProducerTest.GetAxisDistance_Contain2" methodname="GetAxisDistance_Contain2" classname="PlayersWorlds.Maps.Areas.Evolving.SideToSideForceProducerTest" runstate="Runnable" seed="1661254169" result="Passed" start-time="2024-05-21T00:18:05.8848450Z" end-time="2024-05-21T00:18:05.8850790Z" duration="0.000234" asserts="6" />
                <test-case id="1-2055" name="GetAxisDistance_Normal1" fullname="PlayersWorlds.Maps.Areas.Evolving.SideToSideForceProducerTest.GetAxisDistance_Normal1" methodname="GetAxisDistance_Normal1" classname="PlayersWorlds.Maps.Areas.Evolving.SideToSideForceProducerTest" runstate="Runnable" seed="2060080281" result="Passed" start-time="2024-05-21T00:18:05.8850860Z" end-time="2024-05-21T00:18:05.8853070Z" duration="0.000222" asserts="6" />
                <test-case id="1-2056" name="GetAxisDistance_Normal2" fullname="PlayersWorlds.Maps.Areas.Evolving.SideToSideForceProducerTest.GetAxisDistance_Normal2" methodname="GetAxisDistance_Normal2" classname="PlayersWorlds.Maps.Areas.Evolving.SideToSideForceProducerTest" runstate="Runnable" seed="1876205506" result="Passed" start-time="2024-05-21T00:18:05.8853150Z" end-time="2024-05-21T00:18:05.8855490Z" duration="0.000234" asserts="6" />
                <test-case id="1-2058" name="GetAxisDistance_Overlap1" fullname="PlayersWorlds.Maps.Areas.Evolving.SideToSideForceProducerTest.GetAxisDistance_Overlap1" methodname="GetAxisDistance_Overlap1" classname="PlayersWorlds.Maps.Areas.Evolving.SideToSideForceProducerTest" runstate="Runnable" seed="357489011" result="Passed" start-time="2024-05-21T00:18:05.8855570Z" end-time="2024-05-21T00:18:05.8857740Z" duration="0.000216" asserts="6" />
                <test-case id="1-2059" name="GetAxisDistance_Overlap2" fullname="PlayersWorlds.Maps.Areas.Evolving.SideToSideForceProducerTest.GetAxisDistance_Overlap2" methodname="GetAxisDistance_Overlap2" classname="PlayersWorlds.Maps.Areas.Evolving.SideToSideForceProducerTest" runstate="Runnable" seed="168962213" result="Passed" start-time="2024-05-21T00:18:05.8857810Z" end-time="2024-05-21T00:18:05.8860000Z" duration="0.000219" asserts="6" />
                <test-case id="1-2049" name="GetOpposingForce_CentersInside_NoOpposingForce" fullname="PlayersWorlds.Maps.Areas.Evolving.SideToSideForceProducerTest.GetOpposingForce_CentersInside_NoOpposingForce" methodname="GetOpposingForce_CentersInside_NoOpposingForce" classname="PlayersWorlds.Maps.Areas.Evolving.SideToSideForceProducerTest" runstate="Runnable" seed="1469628646" result="Passed" start-time="2024-05-21T00:18:05.8860070Z" end-time="2024-05-21T00:18:05.8861920Z" duration="0.000186" asserts="2" />
                <test-case id="1-2050" name="GetOpposingForce_CentersInside_WithOpposingForce" fullname="PlayersWorlds.Maps.Areas.Evolving.SideToSideForceProducerTest.GetOpposingForce_CentersInside_WithOpposingForce" methodname="GetOpposingForce_CentersInside_WithOpposingForce" classname="PlayersWorlds.Maps.Areas.Evolving.SideToSideForceProducerTest" runstate="Runnable" seed="1995826000" result="Passed" start-time="2024-05-21T00:18:05.8863040Z" end-time="2024-05-21T00:18:05.8863960Z" duration="0.000092" asserts="2" />
                <test-case id="1-2051" name="GetOpposingForce_CentersOutside_NoOpposingForce" fullname="PlayersWorlds.Maps.Areas.Evolving.SideToSideForceProducerTest.GetOpposingForce_CentersOutside_NoOpposingForce" methodname="GetOpposingForce_CentersOutside_NoOpposingForce" classname="PlayersWorlds.Maps.Areas.Evolving.SideToSideForceProducerTest" runstate="Runnable" seed="1461810122" result="Passed" start-time="2024-05-21T00:18:05.8864090Z" end-time="2024-05-21T00:18:05.8864890Z" duration="0.000080" asserts="2" />
                <test-case id="1-2052" name="GetOpposingForce_CentersOutside_WithOpposingForce" fullname="PlayersWorlds.Maps.Areas.Evolving.SideToSideForceProducerTest.GetOpposingForce_CentersOutside_WithOpposingForce" methodname="GetOpposingForce_CentersOutside_WithOpposingForce" classname="PlayersWorlds.Maps.Areas.Evolving.SideToSideForceProducerTest" runstate="Runnable" seed="260811525" result="Passed" start-time="2024-05-21T00:18:05.8864960Z" end-time="2024-05-21T00:18:05.8865720Z" duration="0.000076" asserts="2" />
                <test-case id="1-2053" name="GetOpposingForce_NoIntersection_NoOpposingForce" fullname="PlayersWorlds.Maps.Areas.Evolving.SideToSideForceProducerTest.GetOpposingForce_NoIntersection_NoOpposingForce" methodname="GetOpposingForce_NoIntersection_NoOpposingForce" classname="PlayersWorlds.Maps.Areas.Evolving.SideToSideForceProducerTest" runstate="Runnable" seed="722959020" result="Passed" start-time="2024-05-21T00:18:05.8865790Z" end-time="2024-05-21T00:18:05.8866570Z" duration="0.000079" asserts="2" />
                <test-case id="1-2054" name="GetOpposingForce_NoIntersection_WithOpposingForce" fullname="PlayersWorlds.Maps.Areas.Evolving.SideToSideForceProducerTest.GetOpposingForce_NoIntersection_WithOpposingForce" methodname="GetOpposingForce_NoIntersection_WithOpposingForce" classname="PlayersWorlds.Maps.Areas.Evolving.SideToSideForceProducerTest" runstate="Runnable" seed="5121524" result="Passed" start-time="2024-05-21T00:18:05.8866640Z" end-time="2024-05-21T00:18:05.8867360Z" duration="0.000072" asserts="2" />
                <test-case id="1-2047" name="GetOpposingForce_WhenCenterMatches_NoOpposingForce" fullname="PlayersWorlds.Maps.Areas.Evolving.SideToSideForceProducerTest.GetOpposingForce_WhenCenterMatches_NoOpposingForce" methodname="GetOpposingForce_WhenCenterMatches_NoOpposingForce" classname="PlayersWorlds.Maps.Areas.Evolving.SideToSideForceProducerTest" runstate="Runnable" seed="157548810" result="Passed" start-time="2024-05-21T00:18:05.8867420Z" end-time="2024-05-21T00:18:05.8869500Z" duration="0.000208" asserts="2" />
                <test-case id="1-2048" name="GetOpposingForce_WhenCenterMatches_WithOpposingForce" fullname="PlayersWorlds.Maps.Areas.Evolving.SideToSideForceProducerTest.GetOpposingForce_WhenCenterMatches_WithOpposingForce" methodname="GetOpposingForce_WhenCenterMatches_WithOpposingForce" classname="PlayersWorlds.Maps.Areas.Evolving.SideToSideForceProducerTest" runstate="Runnable" seed="1933586788" result="Passed" start-time="2024-05-21T00:18:05.8869560Z" end-time="2024-05-21T00:18:05.8870280Z" duration="0.000073" asserts="2" />
                <test-case id="1-2043" name="MapAreaSystemTest_DistanceCentersMatch" fullname="PlayersWorlds.Maps.Areas.Evolving.SideToSideForceProducerTest.MapAreaSystemTest_DistanceCentersMatch" methodname="MapAreaSystemTest_DistanceCentersMatch" classname="PlayersWorlds.Maps.Areas.Evolving.SideToSideForceProducerTest" runstate="Runnable" seed="192620615" result="Passed" start-time="2024-05-21T00:18:05.8870350Z" end-time="2024-05-21T00:18:05.8871460Z" duration="0.000111" asserts="3" />
                <test-case id="1-2046" name="MapAreaSystemTest_DistanceNegativeCollide" fullname="PlayersWorlds.Maps.Areas.Evolving.SideToSideForceProducerTest.MapAreaSystemTest_DistanceNegativeCollide" methodname="MapAreaSystemTest_DistanceNegativeCollide" classname="PlayersWorlds.Maps.Areas.Evolving.SideToSideForceProducerTest" runstate="Runnable" seed="14741301" result="Passed" start-time="2024-05-21T00:18:05.8871530Z" end-time="2024-05-21T00:18:05.8872580Z" duration="0.000105" asserts="3" />
                <test-case id="1-2044" name="MapAreaSystemTest_DistanceNegativeNormal" fullname="PlayersWorlds.Maps.Areas.Evolving.SideToSideForceProducerTest.MapAreaSystemTest_DistanceNegativeNormal" methodname="MapAreaSystemTest_DistanceNegativeNormal" classname="PlayersWorlds.Maps.Areas.Evolving.SideToSideForceProducerTest" runstate="Runnable" seed="1913437542" result="Passed" start-time="2024-05-21T00:18:05.8872640Z" end-time="2024-05-21T00:18:05.8873640Z" duration="0.000100" asserts="3" />
                <test-case id="1-2045" name="MapAreaSystemTest_DistanceNegativeOverlap" fullname="PlayersWorlds.Maps.Areas.Evolving.SideToSideForceProducerTest.MapAreaSystemTest_DistanceNegativeOverlap" methodname="MapAreaSystemTest_DistanceNegativeOverlap" classname="PlayersWorlds.Maps.Areas.Evolving.SideToSideForceProducerTest" runstate="Runnable" seed="500761897" result="Passed" start-time="2024-05-21T00:18:05.8873700Z" end-time="2024-05-21T00:18:05.8874700Z" duration="0.000100" asserts="3" />
                <test-case id="1-2042" name="MapAreaSystemTest_DistancePositiveCollide" fullname="PlayersWorlds.Maps.Areas.Evolving.SideToSideForceProducerTest.MapAreaSystemTest_DistancePositiveCollide" methodname="MapAreaSystemTest_DistancePositiveCollide" classname="PlayersWorlds.Maps.Areas.Evolving.SideToSideForceProducerTest" runstate="Runnable" seed="1426118423" result="Passed" start-time="2024-05-21T00:18:05.8874770Z" end-time="2024-05-21T00:18:05.8875770Z" duration="0.000100" asserts="3" />
                <test-case id="1-2040" name="MapAreaSystemTest_DistancePositiveNormal" fullname="PlayersWorlds.Maps.Areas.Evolving.SideToSideForceProducerTest.MapAreaSystemTest_DistancePositiveNormal" methodname="MapAreaSystemTest_DistancePositiveNormal" classname="PlayersWorlds.Maps.Areas.Evolving.SideToSideForceProducerTest" runstate="Runnable" seed="1186971033" result="Passed" start-time="2024-05-21T00:18:05.8875830Z" end-time="2024-05-21T00:18:05.8876820Z" duration="0.000099" asserts="3" />
                <test-case id="1-2041" name="MapAreaSystemTest_DistancePositiveOverlap" fullname="PlayersWorlds.Maps.Areas.Evolving.SideToSideForceProducerTest.MapAreaSystemTest_DistancePositiveOverlap" methodname="MapAreaSystemTest_DistancePositiveOverlap" classname="PlayersWorlds.Maps.Areas.Evolving.SideToSideForceProducerTest" runstate="Runnable" seed="80339715" result="Passed" start-time="2024-05-21T00:18:05.8876880Z" end-time="2024-05-21T00:18:05.8877830Z" duration="0.000094" asserts="3" />
              </test-suite>
            </test-suite>
            <test-suite type="TestFixture" id="1-1911" name="MapAreaTest" fullname="PlayersWorlds.Maps.Areas.MapAreaTest" classname="PlayersWorlds.Maps.Areas.MapAreaTest" runstate="Runnable" testcasecount="5" result="Passed" start-time="2024-05-21T00:18:05.8878150Z" end-time="2024-05-21T00:18:05.8929620Z" duration="0.005148" total="5" passed="5" failed="0" warnings="0" inconclusive="0" skipped="0" asserts="27">
              <test-case id="1-1914" name="Overlaps_ReturnsFalseIfDoesNotOverlap" fullname="PlayersWorlds.Maps.Areas.MapAreaTest.Overlaps_ReturnsFalseIfDoesNotOverlap" methodname="Overlaps_ReturnsFalseIfDoesNotOverlap" classname="PlayersWorlds.Maps.Areas.MapAreaTest" runstate="Runnable" seed="1647910299" result="Passed" start-time="2024-05-21T00:18:05.8878740Z" end-time="2024-05-21T00:18:05.8904170Z" duration="0.002543" asserts="15" />
              <test-case id="1-1913" name="Overlaps_ReturnsTrueIfOverlaps" fullname="PlayersWorlds.Maps.Areas.MapAreaTest.Overlaps_ReturnsTrueIfOverlaps" methodname="Overlaps_ReturnsTrueIfOverlaps" classname="PlayersWorlds.Maps.Areas.MapAreaTest" runstate="Runnable" seed="565566920" result="Passed" start-time="2024-05-21T00:18:05.8904260Z" end-time="2024-05-21T00:18:05.8906470Z" duration="0.000221" asserts="7" />
              <test-case id="1-1912" name="Overlaps_ThrowsIfSame" fullname="PlayersWorlds.Maps.Areas.MapAreaTest.Overlaps_ThrowsIfSame" methodname="Overlaps_ThrowsIfSame" classname="PlayersWorlds.Maps.Areas.MapAreaTest" runstate="Runnable" seed="1665553703" result="Passed" start-time="2024-05-21T00:18:05.8906550Z" end-time="2024-05-21T00:18:05.8913910Z" duration="0.000736" asserts="2" />
              <test-case id="1-1915" name="Position_ThrowsIfNotInitialized" fullname="PlayersWorlds.Maps.Areas.MapAreaTest.Position_ThrowsIfNotInitialized" methodname="Position_ThrowsIfNotInitialized" classname="PlayersWorlds.Maps.Areas.MapAreaTest" runstate="Runnable" seed="1864759772" result="Passed" start-time="2024-05-21T00:18:05.8913990Z" end-time="2024-05-21T00:18:05.8925270Z" duration="0.001128" asserts="2" />
              <test-case id="1-1916" name="ThrowsIfWrongParameters" fullname="PlayersWorlds.Maps.Areas.MapAreaTest.ThrowsIfWrongParameters" methodname="ThrowsIfWrongParameters" classname="PlayersWorlds.Maps.Areas.MapAreaTest" runstate="Runnable" seed="465348542" result="Passed" start-time="2024-05-21T00:18:05.8925360Z" end-time="2024-05-21T00:18:05.8929510Z" duration="0.000415" asserts="1" />
            </test-suite>
          </test-suite>
          <test-suite type="TestFixture" id="1-1004" name="AssemblyInfoTest" fullname="PlayersWorlds.Maps.AssemblyInfoTest" classname="PlayersWorlds.Maps.AssemblyInfoTest" runstate="Runnable" testcasecount="2" result="Passed" start-time="2024-05-21T00:18:05.8929800Z" end-time="2024-05-21T00:18:05.8937380Z" duration="0.000758" total="2" passed="2" failed="0" warnings="0" inconclusive="0" skipped="0" asserts="4">
            <test-case id="1-1006" name="TestAssemblyCompany" fullname="PlayersWorlds.Maps.AssemblyInfoTest.TestAssemblyCompany" methodname="TestAssemblyCompany" classname="PlayersWorlds.Maps.AssemblyInfoTest" runstate="Runnable" seed="1328083472" result="Passed" start-time="2024-05-21T00:18:05.8930390Z" end-time="2024-05-21T00:18:05.8934920Z" duration="0.000454" asserts="2" />
            <test-case id="1-1005" name="TestAssemblyTitle" fullname="PlayersWorlds.Maps.AssemblyInfoTest.TestAssemblyTitle" methodname="TestAssemblyTitle" classname="PlayersWorlds.Maps.AssemblyInfoTest" runstate="Runnable" seed="466442868" result="Passed" start-time="2024-05-21T00:18:05.8935000Z" end-time="2024-05-21T00:18:05.8937280Z" duration="0.000227" asserts="2" />
          </test-suite>
          <test-suite type="TestFixture" id="1-1007" name="CellTest" fullname="PlayersWorlds.Maps.CellTest" classname="PlayersWorlds.Maps.CellTest" runstate="Runnable" testcasecount="1" result="Passed" start-time="2024-05-21T00:18:05.8937510Z" end-time="2024-05-21T00:18:05.8941870Z" duration="0.000435" total="1" passed="1" failed="0" warnings="0" inconclusive="0" skipped="0" asserts="3">
            <test-case id="1-1008" name="CellTagEqualityTest" fullname="PlayersWorlds.Maps.CellTest.CellTagEqualityTest" methodname="CellTagEqualityTest" classname="PlayersWorlds.Maps.CellTest" runstate="Runnable" seed="1197819715" result="Passed" start-time="2024-05-21T00:18:05.8938070Z" end-time="2024-05-21T00:18:05.8941770Z" duration="0.000370" asserts="3" />
          </test-suite>
          <test-suite type="TestFixture" id="1-1009" name="ExtensionsTest" fullname="PlayersWorlds.Maps.ExtensionsTest" classname="PlayersWorlds.Maps.ExtensionsTest" runstate="Runnable" testcasecount="7" result="Passed" start-time="2024-05-21T00:18:05.8941990Z" end-time="2024-05-21T00:18:05.9015350Z" duration="0.007336" total="7" passed="7" failed="0" warnings="0" inconclusive="0" skipped="0" asserts="12">
            <test-case id="1-1012" name="DebugString" fullname="PlayersWorlds.Maps.ExtensionsTest.DebugString" methodname="DebugString" classname="PlayersWorlds.Maps.ExtensionsTest" runstate="Runnable" seed="1693854209" result="Passed" start-time="2024-05-21T00:18:05.8942560Z" end-time="2024-05-21T00:18:05.8960110Z" duration="0.001756" asserts="1" />
            <test-case id="1-1015" name="GetAllDictionaryItems" fullname="PlayersWorlds.Maps.ExtensionsTest.GetAllDictionaryItems" methodname="GetAllDictionaryItems" classname="PlayersWorlds.Maps.ExtensionsTest" runstate="Runnable" seed="1407597475" result="Passed" start-time="2024-05-21T00:18:05.8960200Z" end-time="2024-05-21T00:18:05.8980060Z" duration="0.001987" asserts="1" />
            <test-case id="1-1016" name="GetAllHashSetKeys" fullname="PlayersWorlds.Maps.ExtensionsTest.GetAllHashSetKeys" methodname="GetAllHashSetKeys" classname="PlayersWorlds.Maps.ExtensionsTest" runstate="Runnable" seed="581901987" result="Passed" start-time="2024-05-21T00:18:05.8980160Z" end-time="2024-05-21T00:18:05.8988680Z" duration="0.000852" asserts="1" />
            <test-case id="1-1013" name="Set" fullname="PlayersWorlds.Maps.ExtensionsTest.Set" methodname="Set" classname="PlayersWorlds.Maps.ExtensionsTest" runstate="Runnable" seed="2140237919" result="Passed" start-time="2024-05-21T00:18:05.8988770Z" end-time="2024-05-21T00:18:05.8997120Z" duration="0.000835" asserts="3" />
            <test-case id="1-1014" name="SetList" fullname="PlayersWorlds.Maps.ExtensionsTest.SetList" methodname="SetList" classname="PlayersWorlds.Maps.ExtensionsTest" runstate="Runnable" seed="1765755096" result="Passed" start-time="2024-05-21T00:18:05.8997200Z" end-time="2024-05-21T00:18:05.9009880Z" duration="0.001268" asserts="3" />
            <test-case id="1-1011" name="TryDequeue_Dequeues" fullname="PlayersWorlds.Maps.ExtensionsTest.TryDequeue_Dequeues" methodname="TryDequeue_Dequeues" classname="PlayersWorlds.Maps.ExtensionsTest" runstate="Runnable" seed="1744584034" result="Passed" start-time="2024-05-21T00:18:05.9009980Z" end-time="2024-05-21T00:18:05.9013980Z" duration="0.000400" asserts="2" />
            <test-case id="1-1010" name="TryDequeue_DoesNotThrow" fullname="PlayersWorlds.Maps.ExtensionsTest.TryDequeue_DoesNotThrow" methodname="TryDequeue_DoesNotThrow" classname="PlayersWorlds.Maps.ExtensionsTest" runstate="Runnable" seed="2057292749" result="Passed" start-time="2024-05-21T00:18:05.9014060Z" end-time="2024-05-21T00:18:05.9015240Z" duration="0.000118" asserts="1" />
          </test-suite>
          <test-suite type="TestFixture" id="1-1017" name="GlobalRandomTest" fullname="PlayersWorlds.Maps.GlobalRandomTest" classname="PlayersWorlds.Maps.GlobalRandomTest" runstate="Runnable" testcasecount="3" result="Passed" start-time="2024-05-21T00:18:05.9015480Z" end-time="2024-05-21T00:18:05.9112330Z" duration="0.009685" total="3" passed="3" failed="0" warnings="0" inconclusive="0" skipped="0" asserts="1002">
            <test-case id="1-1018" name="RandomCollectionItem" fullname="PlayersWorlds.Maps.GlobalRandomTest.RandomCollectionItem" methodname="RandomCollectionItem" classname="PlayersWorlds.Maps.GlobalRandomTest" runstate="Runnable" seed="1636025417" result="Passed" start-time="2024-05-21T00:18:05.9016060Z" end-time="2024-05-21T00:18:05.9093570Z" duration="0.007751" asserts="1" />
            <test-case id="1-1020" name="RandomInRange" fullname="PlayersWorlds.Maps.GlobalRandomTest.RandomInRange" methodname="RandomInRange" classname="PlayersWorlds.Maps.GlobalRandomTest" runstate="Runnable" seed="1993685459" result="Passed" start-time="2024-05-21T00:18:05.9093670Z" end-time="2024-05-21T00:18:05.9110310Z" duration="0.001664" asserts="1000" />
            <test-case id="1-1019" name="ThrowsIfEmptyCollection" fullname="PlayersWorlds.Maps.GlobalRandomTest.ThrowsIfEmptyCollection" methodname="ThrowsIfEmptyCollection" classname="PlayersWorlds.Maps.GlobalRandomTest" runstate="Runnable" seed="113402" result="Passed" start-time="2024-05-21T00:18:05.9110390Z" end-time="2024-05-21T00:18:05.9112200Z" duration="0.000181" asserts="1" />
          </test-suite>
          <test-suite type="TestFixture" id="1-1021" name="Map2DTest" fullname="PlayersWorlds.Maps.Map2DTest" classname="PlayersWorlds.Maps.Map2DTest" runstate="Runnable" testcasecount="1" result="Passed" start-time="2024-05-21T00:18:05.9112470Z" end-time="2024-05-21T00:18:05.9144550Z" duration="0.003208" total="1" passed="1" failed="0" warnings="0" inconclusive="0" skipped="0" asserts="6">
            <test-case id="1-1022" name="ParseMap" fullname="PlayersWorlds.Maps.Map2DTest.ParseMap" methodname="ParseMap" classname="PlayersWorlds.Maps.Map2DTest" runstate="Runnable" seed="439085836" result="Passed" start-time="2024-05-21T00:18:05.9120550Z" end-time="2024-05-21T00:18:05.9144430Z" duration="0.002388" asserts="6" />
          </test-suite>
          <test-suite type="TestSuite" id="1-2068" name="MapFilters" fullname="PlayersWorlds.Maps.MapFilters" runstate="Runnable" testcasecount="5" result="Passed" start-time="2024-05-21T00:18:05.7472290Z" end-time="2024-05-21T00:18:05.9226990Z" duration="0.175469" total="5" passed="5" failed="0" warnings="0" inconclusive="0" skipped="0" asserts="10">
            <test-suite type="TestFixture" id="1-1905" name="Map2DEraseSpotsTest" fullname="PlayersWorlds.Maps.MapFilters.Map2DEraseSpotsTest" classname="PlayersWorlds.Maps.MapFilters.Map2DEraseSpotsTest" runstate="Runnable" testcasecount="5" result="Passed" start-time="2024-05-21T00:18:05.9144690Z" end-time="2024-05-21T00:18:05.9226920Z" duration="0.008223" total="5" passed="5" failed="0" warnings="0" inconclusive="0" skipped="0" asserts="10">
              <test-case id="1-1906" name="BackslashEraseSpots" fullname="PlayersWorlds.Maps.MapFilters.Map2DEraseSpotsTest.BackslashEraseSpots" methodname="BackslashEraseSpots" classname="PlayersWorlds.Maps.MapFilters.Map2DEraseSpotsTest" runstate="Runnable" seed="424436086" result="Passed" start-time="2024-05-21T00:18:05.9145240Z" end-time="2024-05-21T00:18:05.9198250Z" duration="0.005301" asserts="1" />
              <test-case id="1-1910" name="SmoothBoxEraseSpots" fullname="PlayersWorlds.Maps.MapFilters.Map2DEraseSpotsTest.SmoothBoxEraseSpots" methodname="SmoothBoxEraseSpots" classname="PlayersWorlds.Maps.MapFilters.Map2DEraseSpotsTest" runstate="Runnable" seed="944261252" result="Passed" start-time="2024-05-21T00:18:05.9198350Z" end-time="2024-05-21T00:18:05.9204000Z" duration="0.000565" asserts="1" />
              <test-case id="1-1909" name="SmoothBoxVoidBgEraseSpots" fullname="PlayersWorlds.Maps.MapFilters.Map2DEraseSpotsTest.SmoothBoxVoidBgEraseSpots" methodname="SmoothBoxVoidBgEraseSpots" classname="PlayersWorlds.Maps.MapFilters.Map2DEraseSpotsTest" runstate="Runnable" seed="727924036" result="Passed" start-time="2024-05-21T00:18:05.9204080Z" end-time="2024-05-21T00:18:05.9212320Z" duration="0.000824" asserts="1" />
              <test-case id="1-1908" name="Spot1x3SpotsEraseSpots" fullname="PlayersWorlds.Maps.MapFilters.Map2DEraseSpotsTest.Spot1x3SpotsEraseSpots" methodname="Spot1x3SpotsEraseSpots" classname="PlayersWorlds.Maps.MapFilters.Map2DEraseSpotsTest" runstate="Runnable" seed="754086577" result="Passed" start-time="2024-05-21T00:18:05.9212400Z" end-time="2024-05-21T00:18:05.9216040Z" duration="0.000365" asserts="1" />
              <test-case id="1-1907" name="VariousSpotsEraseSpots" fullname="PlayersWorlds.Maps.MapFilters.Map2DEraseSpotsTest.VariousSpotsEraseSpots" methodname="VariousSpotsEraseSpots" classname="PlayersWorlds.Maps.MapFilters.Map2DEraseSpotsTest" runstate="Runnable" seed="1582915986" result="Passed" start-time="2024-05-21T00:18:05.9216120Z" end-time="2024-05-21T00:18:05.9226800Z" duration="0.001069" asserts="6" />
            </test-suite>
          </test-suite>
          <test-suite type="TestSuite" id="1-2066" name="Maze" fullname="PlayersWorlds.Maps.Maze" runstate="Runnable" testcasecount="776" result="Passed" start-time="2024-05-21T00:18:05.7472350Z" end-time="2024-05-21T00:18:06.2692310Z" duration="0.521995" total="64" passed="64" failed="0" warnings="0" inconclusive="0" skipped="0" asserts="7358">
            <test-suite type="TestFixture" id="1-1109" name="Maze2DBuilderTest" fullname="PlayersWorlds.Maps.Maze.Maze2DBuilderTest" classname="PlayersWorlds.Maps.Maze.Maze2DBuilderTest" runstate="Runnable" testcasecount="21" result="Passed" start-time="2024-05-21T00:18:05.9227110Z" end-time="2024-05-21T00:18:05.9983900Z" duration="0.075679" total="21" passed="21" failed="0" warnings="0" inconclusive="0" skipped="0" asserts="7097">
              <test-case id="1-1128" name="ApplyAreas" fullname="PlayersWorlds.Maps.Maze.Maze2DBuilderTest.ApplyAreas" methodname="ApplyAreas" classname="PlayersWorlds.Maps.Maze.Maze2DBuilderTest" runstate="Runnable" seed="1408721012" result="Passed" start-time="2024-05-21T00:18:05.9227670Z" end-time="2024-05-21T00:18:05.9372400Z" duration="0.014473" asserts="5" />
              <test-case id="1-1110" name="BuildsCorrectCellsCollections" fullname="PlayersWorlds.Maps.Maze.Maze2DBuilderTest.BuildsCorrectCellsCollections" methodname="BuildsCorrectCellsCollections" classname="PlayersWorlds.Maps.Maze.Maze2DBuilderTest" runstate="Runnable" seed="694023459" result="Passed" start-time="2024-05-21T00:18:05.9372540Z" end-time="2024-05-21T00:18:05.9382000Z" duration="0.000946" asserts="2" />
              <test-case id="1-1111" name="BuildsCorrectCellsCollectionsWithHallAreas" fullname="PlayersWorlds.Maps.Maze.Maze2DBuilderTest.BuildsCorrectCellsCollectionsWithHallAreas" methodname="BuildsCorrectCellsCollectionsWithHallAreas" classname="PlayersWorlds.Maps.Maze.Maze2DBuilderTest" runstate="Runnable" seed="29279683" result="Passed" start-time="2024-05-21T00:18:05.9382120Z" end-time="2024-05-21T00:18:05.9402820Z" duration="0.002071" asserts="4" />
              <test-case id="1-1112" name="BuildsCorrectCellsCollectionsWithHallAreasAtTheEdge" fullname="PlayersWorlds.Maps.Maze.Maze2DBuilderTest.BuildsCorrectCellsCollectionsWithHallAreasAtTheEdge" methodname="BuildsCorrectCellsCollectionsWithHallAreasAtTheEdge" classname="PlayersWorlds.Maps.Maze.Maze2DBuilderTest" runstate="Runnable" seed="1116709431" result="Passed" start-time="2024-05-21T00:18:05.9402940Z" end-time="2024-05-21T00:18:05.9408860Z" duration="0.000591" asserts="4" />
              <test-case id="1-1130" name="CanConnect" fullname="PlayersWorlds.Maps.Maze.Maze2DBuilderTest.CanConnect" methodname="CanConnect" classname="PlayersWorlds.Maps.Maze.Maze2DBuilderTest" runstate="Runnable" seed="710983579" result="Passed" start-time="2024-05-21T00:18:05.9408940Z" end-time="2024-05-21T00:18:05.9423290Z" duration="0.001435" asserts="11" />
              <test-case id="1-1118" name="IsFillComplete_Full" fullname="PlayersWorlds.Maps.Maze.Maze2DBuilderTest.IsFillComplete_Full" methodname="IsFillComplete_Full" classname="PlayersWorlds.Maps.Maze.Maze2DBuilderTest" runstate="Runnable" seed="1727955354" result="Passed" start-time="2024-05-21T00:18:05.9423410Z" end-time="2024-05-21T00:18:05.9428970Z" duration="0.000556" asserts="4" />
              <test-case id="1-1121" name="IsFillComplete_Full_WithCave" fullname="PlayersWorlds.Maps.Maze.Maze2DBuilderTest.IsFillComplete_Full_WithCave" methodname="IsFillComplete_Full_WithCave" classname="PlayersWorlds.Maps.Maze.Maze2DBuilderTest" runstate="Runnable" seed="578140087" result="Passed" start-time="2024-05-21T00:18:05.9429050Z" end-time="2024-05-21T00:18:05.9436820Z" duration="0.000777" asserts="3" />
              <test-case id="1-1120" name="IsFillComplete_Full_WithFill" fullname="PlayersWorlds.Maps.Maze.Maze2DBuilderTest.IsFillComplete_Full_WithFill" methodname="IsFillComplete_Full_WithFill" classname="PlayersWorlds.Maps.Maze.Maze2DBuilderTest" runstate="Runnable" seed="367385648" result="Passed" start-time="2024-05-21T00:18:05.9436900Z" end-time="2024-05-21T00:18:05.9445130Z" duration="0.000823" asserts="2" />
              <test-case id="1-1119" name="IsFillComplete_Full_WithHall" fullname="PlayersWorlds.Maps.Maze.Maze2DBuilderTest.IsFillComplete_Full_WithHall" methodname="IsFillComplete_Full_WithHall" classname="PlayersWorlds.Maps.Maze.Maze2DBuilderTest" runstate="Runnable" seed="1295199203" result="Passed" start-time="2024-05-21T00:18:05.9445220Z" end-time="2024-05-21T00:18:05.9451330Z" duration="0.000611" asserts="2" />
              <test-case id="1-1123" name="IsFillComplete_FullHeight" fullname="PlayersWorlds.Maps.Maze.Maze2DBuilderTest.IsFillComplete_FullHeight" methodname="IsFillComplete_FullHeight" classname="PlayersWorlds.Maps.Maze.Maze2DBuilderTest" runstate="Runnable" seed="1829461424" result="Passed" start-time="2024-05-21T00:18:05.9451410Z" end-time="2024-05-21T00:18:05.9456590Z" duration="0.000517" asserts="3" />
              <test-case id="1-1122" name="IsFillComplete_FullWidth" fullname="PlayersWorlds.Maps.Maze.Maze2DBuilderTest.IsFillComplete_FullWidth" methodname="IsFillComplete_FullWidth" classname="PlayersWorlds.Maps.Maze.Maze2DBuilderTest" runstate="Runnable" seed="1622615726" result="Passed" start-time="2024-05-21T00:18:05.9456670Z" end-time="2024-05-21T00:18:05.9459420Z" duration="0.000275" asserts="3" />
              <test-case id="1-1125" name="IsFillComplete_Half" fullname="PlayersWorlds.Maps.Maze.Maze2DBuilderTest.IsFillComplete_Half" methodname="IsFillComplete_Half" classname="PlayersWorlds.Maps.Maze.Maze2DBuilderTest" runstate="Runnable" seed="2114117231" result="Passed" start-time="2024-05-21T00:18:05.9459500Z" end-time="2024-05-21T00:18:05.9465240Z" duration="0.000575" asserts="2" />
              <test-case id="1-1127" name="IsFillComplete_NinetyPercent" fullname="PlayersWorlds.Maps.Maze.Maze2DBuilderTest.IsFillComplete_NinetyPercent" methodname="IsFillComplete_NinetyPercent" classname="PlayersWorlds.Maps.Maze.Maze2DBuilderTest" runstate="Runnable" seed="1580532606" result="Passed" start-time="2024-05-21T00:18:05.9465330Z" end-time="2024-05-21T00:18:05.9469110Z" duration="0.000379" asserts="4" />
              <test-case id="1-1117" name="IsFillComplete_NoCells" fullname="PlayersWorlds.Maps.Maze.Maze2DBuilderTest.IsFillComplete_NoCells" methodname="IsFillComplete_NoCells" classname="PlayersWorlds.Maps.Maze.Maze2DBuilderTest" runstate="Runnable" seed="1752464118" result="Passed" start-time="2024-05-21T00:18:05.9469230Z" end-time="2024-05-21T00:18:05.9472280Z" duration="0.000305" asserts="1" />
              <test-case id="1-1124" name="IsFillComplete_Quarter" fullname="PlayersWorlds.Maps.Maze.Maze2DBuilderTest.IsFillComplete_Quarter" methodname="IsFillComplete_Quarter" classname="PlayersWorlds.Maps.Maze.Maze2DBuilderTest" runstate="Runnable" seed="1633541985" result="Passed" start-time="2024-05-21T00:18:05.9472380Z" end-time="2024-05-21T00:18:05.9474530Z" duration="0.000215" asserts="2" />
              <test-case id="1-1126" name="IsFillComplete_ThreeQuarters" fullname="PlayersWorlds.Maps.Maze.Maze2DBuilderTest.IsFillComplete_ThreeQuarters" methodname="IsFillComplete_ThreeQuarters" classname="PlayersWorlds.Maps.Maze.Maze2DBuilderTest" runstate="Runnable" seed="1805330943" result="Passed" start-time="2024-05-21T00:18:05.9474610Z" end-time="2024-05-21T00:18:05.9476730Z" duration="0.000212" asserts="3" />
              <test-case id="1-1116" name="IterateUnlinkedCells_IteratesAllAvailableCells" fullname="PlayersWorlds.Maps.Maze.Maze2DBuilderTest.IterateUnlinkedCells_IteratesAllAvailableCells" methodname="IterateUnlinkedCells_IteratesAllAvailableCells" classname="PlayersWorlds.Maps.Maze.Maze2DBuilderTest" runstate="Runnable" seed="335002337" result="Passed" start-time="2024-05-21T00:18:05.9476810Z" end-time="2024-05-21T00:18:05.9510980Z" duration="0.003417" asserts="28" />
              <test-case id="1-1115" name="MarkConnected" fullname="PlayersWorlds.Maps.Maze.Maze2DBuilderTest.MarkConnected" methodname="MarkConnected" classname="PlayersWorlds.Maps.Maze.Maze2DBuilderTest" runstate="Runnable" seed="1172024463" result="Passed" start-time="2024-05-21T00:18:05.9511110Z" end-time="2024-05-21T00:18:05.9516150Z" duration="0.000504" asserts="7" />
              <test-case id="1-1129" name="OverlappingAreas_ProduceValidPriorityCells" fullname="PlayersWorlds.Maps.Maze.Maze2DBuilderTest.OverlappingAreas_ProduceValidPriorityCells" methodname="OverlappingAreas_ProduceValidPriorityCells" classname="PlayersWorlds.Maps.Maze.Maze2DBuilderTest" runstate="Runnable" seed="956595167" result="Passed" start-time="2024-05-21T00:18:05.9516240Z" end-time="2024-05-21T00:18:05.9548150Z" duration="0.003192" asserts="4" />
              <test-case id="1-1114" name="PickRandomNeighborToLink" fullname="PlayersWorlds.Maps.Maze.Maze2DBuilderTest.PickRandomNeighborToLink" methodname="PickRandomNeighborToLink" classname="PlayersWorlds.Maps.Maze.Maze2DBuilderTest" runstate="Runnable" seed="706806149" result="Passed" start-time="2024-05-21T00:18:05.9548310Z" end-time="2024-05-21T00:18:05.9629120Z" duration="0.008082" asserts="5000" />
              <test-case id="1-1113" name="PicksPriorityCellsWhenAvailable" fullname="PlayersWorlds.Maps.Maze.Maze2DBuilderTest.PicksPriorityCellsWhenAvailable" methodname="PicksPriorityCellsWhenAvailable" classname="PlayersWorlds.Maps.Maze.Maze2DBuilderTest" runstate="Runnable" seed="545297350" result="Passed" start-time="2024-05-21T00:18:05.9629320Z" end-time="2024-05-21T00:18:05.9983670Z" duration="0.035435" asserts="2003" />
            </test-suite>
            <test-suite type="TestFixture" id="1-1131" name="Maze2DRendererTest" fullname="PlayersWorlds.Maps.Maze.Maze2DRendererTest" classname="PlayersWorlds.Maps.Maze.Maze2DRendererTest" runstate="Runnable" testcasecount="1" result="Passed" start-time="2024-05-21T00:18:05.9984120Z" end-time="2024-05-21T00:18:06.0007820Z" duration="0.002370" total="1" passed="1" failed="0" warnings="0" inconclusive="0" skipped="0" asserts="1">
              <test-case id="1-1132" name="ThrowsIfCantFit" fullname="PlayersWorlds.Maps.Maze.Maze2DRendererTest.ThrowsIfCantFit" methodname="ThrowsIfCantFit" classname="PlayersWorlds.Maps.Maze.Maze2DRendererTest" runstate="Runnable" seed="1968610105" result="Passed" start-time="2024-05-21T00:18:05.9985820Z" end-time="2024-05-21T00:18:06.0007680Z" duration="0.002186" asserts="1" />
            </test-suite>
            <test-suite type="TestFixture" id="1-1133" name="Maze2DTest" fullname="PlayersWorlds.Maps.Maze.Maze2DTest" classname="PlayersWorlds.Maps.Maze.Maze2DTest" runstate="Runnable" testcasecount="14" result="Passed" start-time="2024-05-21T00:18:06.0007950Z" end-time="2024-05-21T00:18:06.0480990Z" duration="0.047304" total="14" passed="14" failed="0" warnings="0" inconclusive="0" skipped="0" asserts="180">
              <test-case id="1-1141" name="Maze2D_AddsNoRoomsToASmallMaze" fullname="PlayersWorlds.Maps.Maze.Maze2DTest.Maze2D_AddsNoRoomsToASmallMaze" methodname="Maze2D_AddsNoRoomsToASmallMaze" classname="PlayersWorlds.Maps.Maze.Maze2DTest" runstate="Runnable" seed="530487756" result="Passed" start-time="2024-05-21T00:18:06.0008530Z" end-time="2024-05-21T00:18:06.0176040Z" duration="0.016750" asserts="1" />
              <test-case id="1-1140" name="Maze2D_AddsNoRoomsWhenNoneRequested" fullname="PlayersWorlds.Maps.Maze.Maze2DTest.Maze2D_AddsNoRoomsWhenNoneRequested" methodname="Maze2D_AddsNoRoomsWhenNoneRequested" classname="PlayersWorlds.Maps.Maze.Maze2DTest" runstate="Runnable" seed="1886496076" result="Passed" start-time="2024-05-21T00:18:06.0176160Z" end-time="2024-05-21T00:18:06.0206190Z" duration="0.003003" asserts="1" />
              <test-case id="1-1144" name="Maze2D_AddsOneFill" fullname="PlayersWorlds.Maps.Maze.Maze2DTest.Maze2D_AddsOneFill" methodname="Maze2D_AddsOneFill" classname="PlayersWorlds.Maps.Maze.Maze2DTest" runstate="Runnable" seed="683821106" result="Passed" start-time="2024-05-21T00:18:06.0206310Z" end-time="2024-05-21T00:18:06.0268130Z" duration="0.006183" asserts="2" />
              <test-case id="1-1143" name="Maze2D_AddsOneHall" fullname="PlayersWorlds.Maps.Maze.Maze2DTest.Maze2D_AddsOneHall" methodname="Maze2D_AddsOneHall" classname="PlayersWorlds.Maps.Maze.Maze2DTest" runstate="Runnable" seed="878122672" result="Passed" start-time="2024-05-21T00:18:06.0268250Z" end-time="2024-05-21T00:18:06.0282360Z" duration="0.001411" asserts="2" />
              <test-case id="1-1142" name="Maze2D_AddsRooms" fullname="PlayersWorlds.Maps.Maze.Maze2DTest.Maze2D_AddsRooms" methodname="Maze2D_AddsRooms" classname="PlayersWorlds.Maps.Maze.Maze2DTest" runstate="Runnable" seed="188785608" result="Passed" start-time="2024-05-21T00:18:06.0282470Z" end-time="2024-05-21T00:18:06.0343690Z" duration="0.006121" asserts="1" />
              <test-case id="1-1136" name="Maze2D_AllowsOnly2D" fullname="PlayersWorlds.Maps.Maze.Maze2DTest.Maze2D_AllowsOnly2D" methodname="Maze2D_AllowsOnly2D" classname="PlayersWorlds.Maps.Maze.Maze2DTest" runstate="Runnable" seed="2078778946" result="Passed" start-time="2024-05-21T00:18:06.0343810Z" end-time="2024-05-21T00:18:06.0346180Z" duration="0.000237" asserts="1" />
              <test-case id="1-1146" name="Maze2D_CanParse" fullname="PlayersWorlds.Maps.Maze.Maze2DTest.Maze2D_CanParse" methodname="Maze2D_CanParse" classname="PlayersWorlds.Maps.Maze.Maze2DTest" runstate="Runnable" seed="494399896" result="Passed" start-time="2024-05-21T00:18:06.0346260Z" end-time="2024-05-21T00:18:06.0362580Z" duration="0.001632" asserts="16" />
              <test-case id="1-1147" name="Maze2D_CanParse2" fullname="PlayersWorlds.Maps.Maze.Maze2DTest.Maze2D_CanParse2" methodname="Maze2D_CanParse2" classname="PlayersWorlds.Maps.Maze.Maze2DTest" runstate="Runnable" seed="1214921805" result="Passed" start-time="2024-05-21T00:18:06.0362700Z" end-time="2024-05-21T00:18:06.0364080Z" duration="0.000138" asserts="1" />
              <test-case id="1-1139" name="Maze2D_CanRenderMap" fullname="PlayersWorlds.Maps.Maze.Maze2DTest.Maze2D_CanRenderMap" methodname="Maze2D_CanRenderMap" classname="PlayersWorlds.Maps.Maze.Maze2DTest" runstate="Runnable" seed="1695501877" result="Passed" start-time="2024-05-21T00:18:06.0364160Z" end-time="2024-05-21T00:18:06.0416340Z" duration="0.005219" asserts="1" />
              <test-case id="1-1138" name="Maze2D_CellsNeighborsAreValid" fullname="PlayersWorlds.Maps.Maze.Maze2DTest.Maze2D_CellsNeighborsAreValid" methodname="Maze2D_CellsNeighborsAreValid" classname="PlayersWorlds.Maps.Maze.Maze2DTest" runstate="Runnable" seed="798475952" result="Passed" start-time="2024-05-21T00:18:06.0416460Z" end-time="2024-05-21T00:18:06.0427170Z" duration="0.001071" asserts="136" />
              <test-case id="1-1145" name="Maze2D_HasAttributesSet" fullname="PlayersWorlds.Maps.Maze.Maze2DTest.Maze2D_HasAttributesSet" methodname="Maze2D_HasAttributesSet" classname="PlayersWorlds.Maps.Maze.Maze2DTest" runstate="Runnable" seed="1934300647" result="Passed" start-time="2024-05-21T00:18:06.0427300Z" end-time="2024-05-21T00:18:06.0431120Z" duration="0.000383" asserts="2" />
              <test-case id="1-1134" name="Maze2D_IsInitialized" fullname="PlayersWorlds.Maps.Maze.Maze2DTest.Maze2D_IsInitialized" methodname="Maze2D_IsInitialized" classname="PlayersWorlds.Maps.Maze.Maze2DTest" runstate="Runnable" seed="1525329515" result="Passed" start-time="2024-05-21T00:18:06.0431200Z" end-time="2024-05-21T00:18:06.0432890Z" duration="0.000169" asserts="4" />
              <test-case id="1-1137" name="Maze2D_ToMapWrongOptions" fullname="PlayersWorlds.Maps.Maze.Maze2DTest.Maze2D_ToMapWrongOptions" methodname="Maze2D_ToMapWrongOptions" classname="PlayersWorlds.Maps.Maze.Maze2DTest" runstate="Runnable" seed="2044656357" result="Passed" start-time="2024-05-21T00:18:06.0432960Z" end-time="2024-05-21T00:18:06.0477010Z" duration="0.004405" asserts="7" />
              <test-case id="1-1135" name="Maze2D_WrongSize" fullname="PlayersWorlds.Maps.Maze.Maze2DTest.Maze2D_WrongSize" methodname="Maze2D_WrongSize" classname="PlayersWorlds.Maps.Maze.Maze2DTest" runstate="Runnable" seed="1428951383" result="Passed" start-time="2024-05-21T00:18:06.0477140Z" end-time="2024-05-21T00:18:06.0480860Z" duration="0.000372" asserts="5" />
            </test-suite>
            <test-suite type="TestFixture" id="1-1148" name="MazeCellTest" fullname="PlayersWorlds.Maps.Maze.MazeCellTest" classname="PlayersWorlds.Maps.Maze.MazeCellTest" runstate="Runnable" testcasecount="5" result="Passed" start-time="2024-05-21T00:18:06.0481130Z" end-time="2024-05-21T00:18:06.0512340Z" duration="0.003122" total="5" passed="5" failed="0" warnings="0" inconclusive="0" skipped="0" asserts="23">
              <test-case id="1-1151" name="CanAssignMapAreaOnce" fullname="PlayersWorlds.Maps.Maze.MazeCellTest.CanAssignMapAreaOnce" methodname="CanAssignMapAreaOnce" classname="PlayersWorlds.Maps.Maze.MazeCellTest" runstate="Runnable" seed="1409583840" result="Passed" start-time="2024-05-21T00:18:06.0481690Z" end-time="2024-05-21T00:18:06.0492920Z" duration="0.001123" asserts="4" />
              <test-case id="1-1153" name="DoubleLinkingThrowsError" fullname="PlayersWorlds.Maps.Maze.MazeCellTest.DoubleLinkingThrowsError" methodname="DoubleLinkingThrowsError" classname="PlayersWorlds.Maps.Maze.MazeCellTest" runstate="Runnable" seed="1047071572" result="Passed" start-time="2024-05-21T00:18:06.0493010Z" end-time="2024-05-21T00:18:06.0494690Z" duration="0.000168" asserts="1" />
              <test-case id="1-1149" name="LinksAreMutual" fullname="PlayersWorlds.Maps.Maze.MazeCellTest.LinksAreMutual" methodname="LinksAreMutual" classname="PlayersWorlds.Maps.Maze.MazeCellTest" runstate="Runnable" seed="773719347" result="Passed" start-time="2024-05-21T00:18:06.0494760Z" end-time="2024-05-21T00:18:06.0504910Z" duration="0.001015" asserts="10" />
              <test-case id="1-1150" name="LinksOnlyWithNeighbors" fullname="PlayersWorlds.Maps.Maze.MazeCellTest.LinksOnlyWithNeighbors" methodname="LinksOnlyWithNeighbors" classname="PlayersWorlds.Maps.Maze.MazeCellTest" runstate="Runnable" seed="169125528" result="Passed" start-time="2024-05-21T00:18:06.0505000Z" end-time="2024-05-21T00:18:06.0508490Z" duration="0.000349" asserts="1" />
              <test-case id="1-1152" name="ToStringTest" fullname="PlayersWorlds.Maps.Maze.MazeCellTest.ToStringTest" methodname="ToStringTest" classname="PlayersWorlds.Maps.Maze.MazeCellTest" runstate="Runnable" seed="1466933823" result="Passed" start-time="2024-05-21T00:18:06.0508570Z" end-time="2024-05-21T00:18:06.0512240Z" duration="0.000367" asserts="7" />
            </test-suite>
            <test-suite type="TestFixture" id="1-1362" name="MazeGeneratorTest" fullname="PlayersWorlds.Maps.Maze.MazeGeneratorTest" classname="PlayersWorlds.Maps.Maze.MazeGeneratorTest" runstate="Runnable" testcasecount="527" result="Passed" start-time="2024-05-21T00:18:06.0512470Z" end-time="2024-05-21T00:18:06.2370230Z" duration="0.185776" total="16" passed="16" failed="0" warnings="0" inconclusive="0" skipped="0" asserts="36">
              <test-suite type="ParameterizedMethod" id="1-1370" name="CanGenerateMazes" fullname="PlayersWorlds.Maps.Maze.MazeGeneratorTest.CanGenerateMazes" classname="PlayersWorlds.Maps.Maze.MazeGeneratorTest" runstate="Runnable" testcasecount="6" result="Passed" start-time="2024-05-21T00:18:06.0512990Z" end-time="2024-05-21T00:18:06.1967760Z" duration="0.145477" total="6" passed="6" failed="0" warnings="0" inconclusive="0" skipped="0" asserts="12">
                <test-case id="1-1364" name="CanGenerateMazes(PlayersWorlds.Maps.Maze.AldousBroderMazeGenerator)" fullname="PlayersWorlds.Maps.Maze.MazeGeneratorTest.CanGenerateMazes(PlayersWorlds.Maps.Maze.AldousBroderMazeGenerator)" methodname="CanGenerateMazes" classname="PlayersWorlds.Maps.Maze.MazeGeneratorTest" runstate="Runnable" seed="1422954173" result="Passed" start-time="2024-05-21T00:18:06.0513710Z" end-time="2024-05-21T00:18:06.0813060Z" duration="0.029936" asserts="2" />
                <test-case id="1-1365" name="CanGenerateMazes(PlayersWorlds.Maps.Maze.BinaryTreeMazeGenerator)" fullname="PlayersWorlds.Maps.Maze.MazeGeneratorTest.CanGenerateMazes(PlayersWorlds.Maps.Maze.BinaryTreeMazeGenerator)" methodname="CanGenerateMazes" classname="PlayersWorlds.Maps.Maze.MazeGeneratorTest" runstate="Runnable" seed="1473772806" result="Passed" start-time="2024-05-21T00:18:06.0813240Z" end-time="2024-05-21T00:18:06.1050510Z" duration="0.023727" asserts="2" />
                <test-case id="1-1366" name="CanGenerateMazes(PlayersWorlds.Maps.Maze.HuntAndKillMazeGenerator)" fullname="PlayersWorlds.Maps.Maze.MazeGeneratorTest.CanGenerateMazes(PlayersWorlds.Maps.Maze.HuntAndKillMazeGenerator)" methodname="CanGenerateMazes" classname="PlayersWorlds.Maps.Maze.MazeGeneratorTest" runstate="Runnable" seed="238497104" result="Passed" start-time="2024-05-21T00:18:06.1051080Z" end-time="2024-05-21T00:18:06.1267620Z" duration="0.021653" asserts="2" />
                <test-case id="1-1367" name="CanGenerateMazes(PlayersWorlds.Maps.Maze.RecursiveBacktrackerMazeGenerator)" fullname="PlayersWorlds.Maps.Maze.MazeGeneratorTest.CanGenerateMazes(PlayersWorlds.Maps.Maze.RecursiveBacktrackerMazeGenerator)" methodname="CanGenerateMazes" classname="PlayersWorlds.Maps.Maze.MazeGeneratorTest" runstate="Runnable" seed="600801529" result="Passed" start-time="2024-05-21T00:18:06.1267740Z" end-time="2024-05-21T00:18:06.1477890Z" duration="0.021016" asserts="2" />
                <test-case id="1-1368" name="CanGenerateMazes(PlayersWorlds.Maps.Maze.SidewinderMazeGenerator)" fullname="PlayersWorlds.Maps.Maze.MazeGeneratorTest.CanGenerateMazes(PlayersWorlds.Maps.Maze.SidewinderMazeGenerator)" methodname="CanGenerateMazes" classname="PlayersWorlds.Maps.Maze.MazeGeneratorTest" runstate="Runnable" seed="1894654562" result="Passed" start-time="2024-05-21T00:18:06.1478010Z" end-time="2024-05-21T00:18:06.1729800Z" duration="0.025179" asserts="2" />
                <test-case id="1-1369" name="CanGenerateMazes(PlayersWorlds.Maps.Maze.WilsonsMazeGenerator)" fullname="PlayersWorlds.Maps.Maze.MazeGeneratorTest.CanGenerateMazes(PlayersWorlds.Maps.Maze.WilsonsMazeGenerator)" methodname="CanGenerateMazes" classname="PlayersWorlds.Maps.Maze.MazeGeneratorTest" runstate="Runnable" seed="1747796148" result="Passed" start-time="2024-05-21T00:18:06.1729920Z" end-time="2024-05-21T00:18:06.1967620Z" duration="0.023770" asserts="2" />
              </test-suite>
              <test-case id="1-1363" name="CanUseCustomAreaGenerator" fullname="PlayersWorlds.Maps.Maze.MazeGeneratorTest.CanUseCustomAreaGenerator" methodname="CanUseCustomAreaGenerator" classname="PlayersWorlds.Maps.Maze.MazeGeneratorTest" runstate="Runnable" seed="965513001" result="Passed" start-time="2024-05-21T00:18:06.1968000Z" end-time="2024-05-21T00:18:06.2096450Z" duration="0.012844" asserts="4" />
              <test-case id="1-1373" name="IsFillComplete_Full" fullname="PlayersWorlds.Maps.Maze.MazeGeneratorTest.IsFillComplete_Full" methodname="IsFillComplete_Full" classname="PlayersWorlds.Maps.Maze.MazeGeneratorTest" runstate="Runnable" seed="2036507782" result="Passed" start-time="2024-05-21T00:18:06.2096570Z" end-time="2024-05-21T00:18:06.2126830Z" duration="0.003026" asserts="2" />
              <test-case id="1-1378" name="IsFillComplete_FullHeight" fullname="PlayersWorlds.Maps.Maze.MazeGeneratorTest.IsFillComplete_FullHeight" methodname="IsFillComplete_FullHeight" classname="PlayersWorlds.Maps.Maze.MazeGeneratorTest" runstate="Runnable" seed="147370372" result="Passed" start-time="2024-05-21T00:18:06.2126950Z" end-time="2024-05-21T00:18:06.2179750Z" duration="0.005280" asserts="2" />
              <test-case id="1-1377" name="IsFillComplete_FullWidth" fullname="PlayersWorlds.Maps.Maze.MazeGeneratorTest.IsFillComplete_FullWidth" methodname="IsFillComplete_FullWidth" classname="PlayersWorlds.Maps.Maze.MazeGeneratorTest" runstate="Runnable" seed="1326164381" result="Passed" start-time="2024-05-21T00:18:06.2179860Z" end-time="2024-05-21T00:18:06.2205860Z" duration="0.002600" asserts="2" />
              <test-case id="1-1372" name="IsFillComplete_Half" fullname="PlayersWorlds.Maps.Maze.MazeGeneratorTest.IsFillComplete_Half" methodname="IsFillComplete_Half" classname="PlayersWorlds.Maps.Maze.MazeGeneratorTest" runstate="Runnable" seed="938488248" result="Passed" start-time="2024-05-21T00:18:06.2205980Z" end-time="2024-05-21T00:18:06.2237910Z" duration="0.003194" asserts="2" />
              <test-case id="1-1376" name="IsFillComplete_NinetyPercent" fullname="PlayersWorlds.Maps.Maze.MazeGeneratorTest.IsFillComplete_NinetyPercent" methodname="IsFillComplete_NinetyPercent" classname="PlayersWorlds.Maps.Maze.MazeGeneratorTest" runstate="Runnable" seed="1876377181" result="Passed" start-time="2024-05-21T00:18:06.2238020Z" end-time="2024-05-21T00:18:06.2275230Z" duration="0.003722" asserts="2" />
              <test-case id="1-1374" name="IsFillComplete_Quarter" fullname="PlayersWorlds.Maps.Maze.MazeGeneratorTest.IsFillComplete_Quarter" methodname="IsFillComplete_Quarter" classname="PlayersWorlds.Maps.Maze.MazeGeneratorTest" runstate="Runnable" seed="623149479" result="Passed" start-time="2024-05-21T00:18:06.2275350Z" end-time="2024-05-21T00:18:06.2303010Z" duration="0.002767" asserts="2" />
              <test-case id="1-1375" name="IsFillComplete_ThreeQuarters" fullname="PlayersWorlds.Maps.Maze.MazeGeneratorTest.IsFillComplete_ThreeQuarters" methodname="IsFillComplete_ThreeQuarters" classname="PlayersWorlds.Maps.Maze.MazeGeneratorTest" runstate="Runnable" seed="701309582" result="Passed" start-time="2024-05-21T00:18:06.2303130Z" end-time="2024-05-21T00:18:06.2335270Z" duration="0.003214" asserts="2" />
              <test-case id="1-1371" name="OnlyFullGenerators" fullname="PlayersWorlds.Maps.Maze.MazeGeneratorTest.OnlyFullGenerators" methodname="OnlyFullGenerators" classname="PlayersWorlds.Maps.Maze.MazeGeneratorTest" runstate="Runnable" seed="1584352151" result="Passed" start-time="2024-05-21T00:18:06.2335380Z" end-time="2024-05-21T00:18:06.2355550Z" duration="0.002017" asserts="2" />
              <test-case id="1-1885" name="WrongGeneratorOptions" fullname="PlayersWorlds.Maps.Maze.MazeGeneratorTest.WrongGeneratorOptions" methodname="WrongGeneratorOptions" classname="PlayersWorlds.Maps.Maze.MazeGeneratorTest" runstate="Runnable" seed="745522692" result="Passed" start-time="2024-05-21T00:18:06.2355660Z" end-time="2024-05-21T00:18:06.2370050Z" duration="0.001439" asserts="4" />
            </test-suite>
            <test-suite type="TestSuite" id="1-2067" name="PostProcessing" fullname="PlayersWorlds.Maps.Maze.PostProcessing" runstate="Runnable" testcasecount="5" result="Passed" start-time="2024-05-21T00:18:05.7472430Z" end-time="2024-05-21T00:18:06.2428850Z" duration="0.495641" total="5" passed="5" failed="0" warnings="0" inconclusive="0" skipped="0" asserts="18">
              <test-suite type="TestFixture" id="1-1898" name="DeadEndTest" fullname="PlayersWorlds.Maps.Maze.PostProcessing.DeadEndTest" classname="PlayersWorlds.Maps.Maze.PostProcessing.DeadEndTest" runstate="Runnable" testcasecount="1" result="Passed" start-time="2024-05-21T00:18:06.2370400Z" end-time="2024-05-21T00:18:06.2376450Z" duration="0.000605" total="1" passed="1" failed="0" warnings="0" inconclusive="0" skipped="0" asserts="7">
                <test-case id="1-1899" name="DeadEnd_CanFindDeadEnds" fullname="PlayersWorlds.Maps.Maze.PostProcessing.DeadEndTest.DeadEnd_CanFindDeadEnds" methodname="DeadEnd_CanFindDeadEnds" classname="PlayersWorlds.Maps.Maze.PostProcessing.DeadEndTest" runstate="Runnable" seed="160663652" result="Passed" start-time="2024-05-21T00:18:06.2371130Z" end-time="2024-05-21T00:18:06.2376340Z" duration="0.000521" asserts="7" />
              </test-suite>
              <test-suite type="TestFixture" id="1-1900" name="DijkstraDistanceTest" fullname="PlayersWorlds.Maps.Maze.PostProcessing.DijkstraDistanceTest" classname="PlayersWorlds.Maps.Maze.PostProcessing.DijkstraDistanceTest" runstate="Runnable" testcasecount="4" result="Passed" start-time="2024-05-21T00:18:06.2376560Z" end-time="2024-05-21T00:18:06.2428780Z" duration="0.005222" total="4" passed="4" failed="0" warnings="0" inconclusive="0" skipped="0" asserts="11">
                <test-case id="1-1904" name="DijkstraDistance_CanFindLongestTrail" fullname="PlayersWorlds.Maps.Maze.PostProcessing.DijkstraDistanceTest.DijkstraDistance_CanFindLongestTrail" methodname="DijkstraDistance_CanFindLongestTrail" classname="PlayersWorlds.Maps.Maze.PostProcessing.DijkstraDistanceTest" runstate="Runnable" seed="1234874102" result="Passed" start-time="2024-05-21T00:18:06.2377090Z" end-time="2024-05-21T00:18:06.2384330Z" duration="0.000725" asserts="4" />
                <test-case id="1-1902" name="DijkstraDistance_CanSolveAMaze" fullname="PlayersWorlds.Maps.Maze.PostProcessing.DijkstraDistanceTest.DijkstraDistance_CanSolveAMaze" methodname="DijkstraDistance_CanSolveAMaze" classname="PlayersWorlds.Maps.Maze.PostProcessing.DijkstraDistanceTest" runstate="Runnable" seed="1958360290" result="Passed" start-time="2024-05-21T00:18:06.2384420Z" end-time="2024-05-21T00:18:06.2387180Z" duration="0.000277" asserts="4" />
                <test-case id="1-1901" name="DijkstraDistance_FindsAllDistances" fullname="PlayersWorlds.Maps.Maze.PostProcessing.DijkstraDistanceTest.DijkstraDistance_FindsAllDistances" methodname="DijkstraDistance_FindsAllDistances" classname="PlayersWorlds.Maps.Maze.PostProcessing.DijkstraDistanceTest" runstate="Runnable" seed="1993722736" result="Passed" start-time="2024-05-21T00:18:06.2387260Z" end-time="2024-05-21T00:18:06.2426920Z" duration="0.003966" asserts="2" />
                <test-case id="1-1903" name="DijkstraDistance_ReturnsEmptyIfNoSolutionFound" fullname="PlayersWorlds.Maps.Maze.PostProcessing.DijkstraDistanceTest.DijkstraDistance_ReturnsEmptyIfNoSolutionFound" methodname="DijkstraDistance_ReturnsEmptyIfNoSolutionFound" classname="PlayersWorlds.Maps.Maze.PostProcessing.DijkstraDistanceTest" runstate="Runnable" seed="491567229" result="Passed" start-time="2024-05-21T00:18:06.2427040Z" end-time="2024-05-21T00:18:06.2428670Z" duration="0.000163" asserts="1" />
              </test-suite>
            </test-suite>
            <test-suite type="TestFixture" id="1-1893" name="SidewinderMazeGeneratorTest" fullname="PlayersWorlds.Maps.Maze.SidewinderMazeGeneratorTest" classname="PlayersWorlds.Maps.Maze.SidewinderMazeGeneratorTest" runstate="Runnable" testcasecount="2" result="Passed" start-time="2024-05-21T00:18:06.2428950Z" end-time="2024-05-21T00:18:06.2512570Z" duration="0.008362" total="1" passed="1" failed="0" warnings="0" inconclusive="0" skipped="0" asserts="2">
              <test-case id="1-1894" name="ArchShapedAreas" fullname="PlayersWorlds.Maps.Maze.SidewinderMazeGeneratorTest.ArchShapedAreas" methodname="ArchShapedAreas" classname="PlayersWorlds.Maps.Maze.SidewinderMazeGeneratorTest" runstate="Runnable" seed="320777514" result="Passed" start-time="2024-05-21T00:18:06.2429510Z" end-time="2024-05-21T00:18:06.2512420Z" duration="0.008291" asserts="2" />
            </test-suite>
            <test-suite type="TestFixture" id="1-1896" name="WilsonsMazeGeneratorTest" fullname="PlayersWorlds.Maps.Maze.WilsonsMazeGeneratorTest" classname="PlayersWorlds.Maps.Maze.WilsonsMazeGeneratorTest" runstate="Runnable" testcasecount="1" result="Passed" start-time="2024-05-21T00:18:06.2512700Z" end-time="2024-05-21T00:18:06.2692210Z" duration="0.017951" total="1" passed="1" failed="0" warnings="0" inconclusive="0" skipped="0" asserts="1">
              <test-case id="1-1897" name="DuplicateRandom" fullname="PlayersWorlds.Maps.Maze.WilsonsMazeGeneratorTest.DuplicateRandom" methodname="DuplicateRandom" classname="PlayersWorlds.Maps.Maze.WilsonsMazeGeneratorTest" runstate="Runnable" seed="431419547" result="Passed" start-time="2024-05-21T00:18:06.2513340Z" end-time="2024-05-21T00:18:06.2692030Z" duration="0.017869" asserts="1">
                <properties>
                  <property name="Timeout" value="1000" />
                </properties>
              </test-case>
            </test-suite>
          </test-suite>
          <test-suite type="TestFixture" id="1-1056" name="Maze2DRendererTest" fullname="PlayersWorlds.Maps.Maze2DRendererTest" classname="PlayersWorlds.Maps.Maze2DRendererTest" runstate="Runnable" testcasecount="8" result="Passed" start-time="2024-05-21T00:18:06.2692450Z" end-time="2024-05-21T00:18:06.2898090Z" duration="0.020564" total="8" passed="8" failed="0" warnings="0" inconclusive="0" skipped="0" asserts="57">
            <test-case id="1-1059" name="CanRenderAMapWithFilledAreas" fullname="PlayersWorlds.Maps.Maze2DRendererTest.CanRenderAMapWithFilledAreas" methodname="CanRenderAMapWithFilledAreas" classname="PlayersWorlds.Maps.Maze2DRendererTest" runstate="Runnable" seed="931039855" result="Passed" start-time="2024-05-21T00:18:06.2693080Z" end-time="2024-05-21T00:18:06.2730610Z" duration="0.003753" asserts="1" />
            <test-case id="1-1060" name="CanRenderAMapWithHallAreas" fullname="PlayersWorlds.Maps.Maze2DRendererTest.CanRenderAMapWithHallAreas" methodname="CanRenderAMapWithHallAreas" classname="PlayersWorlds.Maps.Maze2DRendererTest" runstate="Runnable" seed="561760738" result="Passed" start-time="2024-05-21T00:18:06.2730730Z" end-time="2024-05-21T00:18:06.2766740Z" duration="0.003600" asserts="1" />
            <test-case id="1-1057" name="CanRenderAMapWithSmoothCorners" fullname="PlayersWorlds.Maps.Maze2DRendererTest.CanRenderAMapWithSmoothCorners" methodname="CanRenderAMapWithSmoothCorners" classname="PlayersWorlds.Maps.Maze2DRendererTest" runstate="Runnable" seed="2124143513" result="Passed" start-time="2024-05-21T00:18:06.2766850Z" end-time="2024-05-21T00:18:06.2793190Z" duration="0.002634" asserts="1" />
            <test-case id="1-1058" name="CanRenderAMapWithVoids" fullname="PlayersWorlds.Maps.Maze2DRendererTest.CanRenderAMapWithVoids" methodname="CanRenderAMapWithVoids" classname="PlayersWorlds.Maps.Maze2DRendererTest" runstate="Runnable" seed="1328857450" result="Passed" start-time="2024-05-21T00:18:06.2793300Z" end-time="2024-05-21T00:18:06.2828610Z" duration="0.003531" asserts="1" />
            <test-case id="1-1064" name="CellsMapping_ValidMapping" fullname="PlayersWorlds.Maps.Maze2DRendererTest.CellsMapping_ValidMapping" methodname="CellsMapping_ValidMapping" classname="PlayersWorlds.Maps.Maze2DRendererTest" runstate="Runnable" seed="27455750" result="Passed" start-time="2024-05-21T00:18:06.2828740Z" end-time="2024-05-21T00:18:06.2879500Z" duration="0.005076" asserts="45" />
            <test-case id="1-1061" name="Maze2DStringBoxRenderer_CanConvertToAscii" fullname="PlayersWorlds.Maps.Maze2DRendererTest.Maze2DStringBoxRenderer_CanConvertToAscii" methodname="Maze2DStringBoxRenderer_CanConvertToAscii" classname="PlayersWorlds.Maps.Maze2DRendererTest" runstate="Runnable" seed="653918233" result="Passed" start-time="2024-05-21T00:18:06.2879620Z" end-time="2024-05-21T00:18:06.2885480Z" duration="0.000586" asserts="1" />
            <test-case id="1-1062" name="Maze2DStringBoxRenderer_CanConvertToAsciiWithData" fullname="PlayersWorlds.Maps.Maze2DRendererTest.Maze2DStringBoxRenderer_CanConvertToAsciiWithData" methodname="Maze2DStringBoxRenderer_CanConvertToAsciiWithData" classname="PlayersWorlds.Maps.Maze2DRendererTest" runstate="Runnable" seed="420795700" result="Passed" start-time="2024-05-21T00:18:06.2885570Z" end-time="2024-05-21T00:18:06.2892230Z" duration="0.000667" asserts="1" />
            <test-case id="1-1063" name="Maze2DToMap2DConverter_ThrowsIfInvalidOptions" fullname="PlayersWorlds.Maps.Maze2DRendererTest.Maze2DToMap2DConverter_ThrowsIfInvalidOptions" methodname="Maze2DToMap2DConverter_ThrowsIfInvalidOptions" classname="PlayersWorlds.Maps.Maze2DRendererTest" runstate="Runnable" seed="1550925362" result="Passed" start-time="2024-05-21T00:18:06.2892340Z" end-time="2024-05-21T00:18:06.2897940Z" duration="0.000560" asserts="6" />
          </test-suite>
          <test-suite type="TestFixture" id="1-1023" name="NArrayTest" fullname="PlayersWorlds.Maps.NArrayTest" classname="PlayersWorlds.Maps.NArrayTest" runstate="Runnable" testcasecount="24" result="Passed" start-time="2024-05-21T00:18:06.2898230Z" end-time="2024-05-21T00:18:06.3037220Z" duration="0.013899" total="24" passed="24" failed="0" warnings="0" inconclusive="0" skipped="0" asserts="83">
            <test-case id="1-1043" name="CellsAt_AnyCellAt2x2" fullname="PlayersWorlds.Maps.NArrayTest.CellsAt_AnyCellAt2x2" methodname="CellsAt_AnyCellAt2x2" classname="PlayersWorlds.Maps.NArrayTest" runstate="Runnable" seed="92136563" result="Passed" start-time="2024-05-21T00:18:06.2898830Z" end-time="2024-05-21T00:18:06.2908850Z" duration="0.001002" asserts="5" />
            <test-case id="1-1046" name="CellsAt_AnyCellAtCloseEdge2x2" fullname="PlayersWorlds.Maps.NArrayTest.CellsAt_AnyCellAtCloseEdge2x2" methodname="CellsAt_AnyCellAtCloseEdge2x2" classname="PlayersWorlds.Maps.NArrayTest" runstate="Runnable" seed="1530685628" result="Passed" start-time="2024-05-21T00:18:06.2908970Z" end-time="2024-05-21T00:18:06.2912210Z" duration="0.000324" asserts="5" />
            <test-case id="1-1047" name="CellsAt_AnyCellAtZeroSize" fullname="PlayersWorlds.Maps.NArrayTest.CellsAt_AnyCellAtZeroSize" methodname="CellsAt_AnyCellAtZeroSize" classname="PlayersWorlds.Maps.NArrayTest" runstate="Runnable" seed="870995096" result="Passed" start-time="2024-05-21T00:18:06.2912290Z" end-time="2024-05-21T00:18:06.2919020Z" duration="0.000674" asserts="1" />
            <test-case id="1-1024" name="NArray_Constructor_CreatesCorrectSize" fullname="PlayersWorlds.Maps.NArrayTest.NArray_Constructor_CreatesCorrectSize" methodname="NArray_Constructor_CreatesCorrectSize" classname="PlayersWorlds.Maps.NArrayTest" runstate="Runnable" seed="87675928" result="Passed" start-time="2024-05-21T00:18:06.2919150Z" end-time="2024-05-21T00:18:06.2922840Z" duration="0.000369" asserts="2" />
            <test-case id="1-1025" name="NArray_Constructor_SetsInitialValues" fullname="PlayersWorlds.Maps.NArrayTest.NArray_Constructor_SetsInitialValues" methodname="NArray_Constructor_SetsInitialValues" classname="PlayersWorlds.Maps.NArrayTest" runstate="Runnable" seed="1216432113" result="Passed" start-time="2024-05-21T00:18:06.2922930Z" end-time="2024-05-21T00:18:06.2931250Z" duration="0.000832" asserts="4" />
            <test-case id="1-1026" name="NArray_Constructor_ThrowsOnInvalidSize" fullname="PlayersWorlds.Maps.NArrayTest.NArray_Constructor_ThrowsOnInvalidSize" methodname="NArray_Constructor_ThrowsOnInvalidSize" classname="PlayersWorlds.Maps.NArrayTest" runstate="Runnable" seed="1085730432" result="Passed" start-time="2024-05-21T00:18:06.2931360Z" end-time="2024-05-21T00:18:06.2933510Z" duration="0.000214" asserts="1" />
            <test-case id="1-1027" name="NArray_Indexing_GetValuesCorrectly" fullname="PlayersWorlds.Maps.NArrayTest.NArray_Indexing_GetValuesCorrectly" methodname="NArray_Indexing_GetValuesCorrectly" classname="PlayersWorlds.Maps.NArrayTest" runstate="Runnable" seed="1178137922" result="Passed" start-time="2024-05-21T00:18:06.2933580Z" end-time="2024-05-21T00:18:06.2935930Z" duration="0.000235" asserts="1" />
            <test-case id="1-1029" name="NArray_Indexing_SetsValuesCorrectly" fullname="PlayersWorlds.Maps.NArrayTest.NArray_Indexing_SetsValuesCorrectly" methodname="NArray_Indexing_SetsValuesCorrectly" classname="PlayersWorlds.Maps.NArrayTest" runstate="Runnable" seed="2055351776" result="Passed" start-time="2024-05-21T00:18:06.2936010Z" end-time="2024-05-21T00:18:06.2937510Z" duration="0.000150" asserts="1" />
            <test-case id="1-1028" name="NArray_Indexing_ThrowsOnOutOfBounds" fullname="PlayersWorlds.Maps.NArrayTest.NArray_Indexing_ThrowsOnOutOfBounds" methodname="NArray_Indexing_ThrowsOnOutOfBounds" classname="PlayersWorlds.Maps.NArrayTest" runstate="Runnable" seed="1482711943" result="Passed" start-time="2024-05-21T00:18:06.2937590Z" end-time="2024-05-21T00:18:06.2944510Z" duration="0.000692" asserts="4" />
            <test-case id="1-1040" name="NArray_Iterate_FourCellsFar" fullname="PlayersWorlds.Maps.NArrayTest.NArray_Iterate_FourCellsFar" methodname="NArray_Iterate_FourCellsFar" classname="PlayersWorlds.Maps.NArrayTest" runstate="Runnable" seed="1186829193" result="Passed" start-time="2024-05-21T00:18:06.2944590Z" end-time="2024-05-21T00:18:06.2956730Z" duration="0.001213" asserts="5" />
            <test-case id="1-1037" name="NArray_Iterate_OneCell" fullname="PlayersWorlds.Maps.NArrayTest.NArray_Iterate_OneCell" methodname="NArray_Iterate_OneCell" classname="PlayersWorlds.Maps.NArrayTest" runstate="Runnable" seed="1905486754" result="Passed" start-time="2024-05-21T00:18:06.2956850Z" end-time="2024-05-21T00:18:06.2959810Z" duration="0.000296" asserts="2" />
            <test-case id="1-1041" name="NArray_Iterate_OutOfBounds" fullname="PlayersWorlds.Maps.NArrayTest.NArray_Iterate_OutOfBounds" methodname="NArray_Iterate_OutOfBounds" classname="PlayersWorlds.Maps.NArrayTest" runstate="Runnable" seed="1018290180" result="Passed" start-time="2024-05-21T00:18:06.2959890Z" end-time="2024-05-21T00:18:06.2963850Z" duration="0.000397" asserts="4" />
            <test-case id="1-1030" name="NArray_Iterate_TraversesAllCells" fullname="PlayersWorlds.Maps.NArrayTest.NArray_Iterate_TraversesAllCells" methodname="NArray_Iterate_TraversesAllCells" classname="PlayersWorlds.Maps.NArrayTest" runstate="Runnable" seed="1074685897" result="Passed" start-time="2024-05-21T00:18:06.2963930Z" end-time="2024-05-21T00:18:06.2968870Z" duration="0.000493" asserts="13" />
            <test-case id="1-1039" name="NArray_Iterate_TreeByTwo" fullname="PlayersWorlds.Maps.NArrayTest.NArray_Iterate_TreeByTwo" methodname="NArray_Iterate_TreeByTwo" classname="PlayersWorlds.Maps.NArrayTest" runstate="Runnable" seed="740221475" result="Passed" start-time="2024-05-21T00:18:06.2968950Z" end-time="2024-05-21T00:18:06.2978090Z" duration="0.000914" asserts="7" />
            <test-case id="1-1038" name="NArray_Iterate_TwoCells" fullname="PlayersWorlds.Maps.NArrayTest.NArray_Iterate_TwoCells" methodname="NArray_Iterate_TwoCells" classname="PlayersWorlds.Maps.NArrayTest" runstate="Runnable" seed="120801977" result="Passed" start-time="2024-05-21T00:18:06.2978190Z" end-time="2024-05-21T00:18:06.2983560Z" duration="0.000538" asserts="3" />
            <test-case id="1-1035" name="NArray_IterateAdjacentCells_ReturnsCorrectNeighbors" fullname="PlayersWorlds.Maps.NArrayTest.NArray_IterateAdjacentCells_ReturnsCorrectNeighbors" methodname="NArray_IterateAdjacentCells_ReturnsCorrectNeighbors" classname="PlayersWorlds.Maps.NArrayTest" runstate="Runnable" seed="1752633159" result="Passed" start-time="2024-05-21T00:18:06.2983650Z" end-time="2024-05-21T00:18:06.3000840Z" duration="0.001719" asserts="6" />
[...]
            <test-case id="1-1049" name="Optional_Equality" fullname="PlayersWorlds.Maps.OptionalTest.Optional_Equality" methodname="Optional_Equality" classname="PlayersWorlds.Maps.OptionalTest" runstate="Runnable" seed="2067714461" result="Passed" start-time="2024-05-21T00:18:06.3039660Z" end-time="2024-05-21T00:18:06.3041640Z" duration="0.000199" asserts="3" />
            <test-case id="1-1051" name="Optional_Equals" fullname="PlayersWorlds.Maps.OptionalTest.Optional_Equals" methodname="Optional_Equals" classname="PlayersWorlds.Maps.OptionalTest" runstate="Runnable" seed="879207033" result="Passed" start-time="2024-05-21T00:18:06.3041730Z" end-time="2024-05-21T00:18:06.3044670Z" duration="0.000294" asserts="5" />
            <test-case id="1-1053" name="Optional_GetHashCode" fullname="PlayersWorlds.Maps.OptionalTest.Optional_GetHashCode" methodname="Optional_GetHashCode" classname="PlayersWorlds.Maps.OptionalTest" runstate="Runnable" seed="629998180" result="Passed" start-time="2024-05-21T00:18:06.3044750Z" end-time="2024-05-21T00:18:06.3046870Z" duration="0.000212" asserts="3" />
            <test-case id="1-1052" name="Optional_Null" fullname="PlayersWorlds.Maps.OptionalTest.Optional_Null" methodname="Optional_Null" classname="PlayersWorlds.Maps.OptionalTest" runstate="Runnable" seed="997156068" result="Passed" start-time="2024-05-21T00:18:06.3046950Z" end-time="2024-05-21T00:18:06.3050840Z" duration="0.000389" asserts="9" />
            <test-case id="1-1050" name="Optional_ThrowsIfNoValue" fullname="PlayersWorlds.Maps.OptionalTest.Optional_ThrowsIfNoValue" methodname="Optional_ThrowsIfNoValue" classname="PlayersWorlds.Maps.OptionalTest" runstate="Runnable" seed="954835822" result="Passed" start-time="2024-05-21T00:18:06.3050920Z" end-time="2024-05-21T00:18:06.3052350Z" duration="0.000144" asserts="2" />
            <test-case id="1-1055" name="Optional_ToStringShowsValue" fullname="PlayersWorlds.Maps.OptionalTest.Optional_ToStringShowsValue" methodname="Optional_ToStringShowsValue" classname="PlayersWorlds.Maps.OptionalTest" runstate="Runnable" seed="1018118163" result="Passed" start-time="2024-05-21T00:18:06.3052420Z" end-time="2024-05-21T00:18:06.3054110Z" duration="0.000169" asserts="2" />
          </test-suite>
          <test-suite type="TestSuite" id="1-2065" name="Renderers" fullname="PlayersWorlds.Maps.Renderers" runstate="Runnable" testcasecount="1" result="Passed" start-time="2024-05-21T00:18:05.7472530Z" end-time="2024-05-21T00:18:06.3063430Z" duration="0.559091" total="1" passed="1" failed="0" warnings="0" inconclusive="0" skipped="0" asserts="1">
            <test-suite type="TestFixture" id="1-1107" name="Map2DStringRendererTest" fullname="PlayersWorlds.Maps.Renderers.Map2DStringRendererTest" classname="PlayersWorlds.Maps.Renderers.Map2DStringRendererTest" runstate="Runnable" testcasecount="1" result="Passed" start-time="2024-05-21T00:18:06.3054350Z" end-time="2024-05-21T00:18:06.3063370Z" duration="0.000902" total="1" passed="1" failed="0" warnings="0" inconclusive="0" skipped="0" asserts="1">
              <test-case id="1-1108" name="TestRender" fullname="PlayersWorlds.Maps.Renderers.Map2DStringRendererTest.TestRender" methodname="TestRender" classname="PlayersWorlds.Maps.Renderers.Map2DStringRendererTest" runstate="Runnable" seed="1780260014" result="Passed" start-time="2024-05-21T00:18:06.3054900Z" end-time="2024-05-21T00:18:06.3063260Z" duration="0.000836" asserts="1" />
            </test-suite>
          </test-suite>
          <test-suite type="TestFixture" id="1-1065" name="VectorDTest" fullname="PlayersWorlds.Maps.VectorDTest" classname="PlayersWorlds.Maps.VectorDTest" runstate="Runnable" testcasecount="11" result="Passed" start-time="2024-05-21T00:18:06.3063540Z" end-time="2024-05-21T00:18:06.3086540Z" duration="0.002300" total="11" passed="11" failed="0" warnings="0" inconclusive="0" skipped="0" asserts="33">
            <test-case id="1-1073" name="CanAddAndSubtract" fullname="PlayersWorlds.Maps.VectorDTest.CanAddAndSubtract" methodname="CanAddAndSubtract" classname="PlayersWorlds.Maps.VectorDTest" runstate="Runnable" seed="183048835" result="Passed" start-time="2024-05-21T00:18:06.3064090Z" end-time="2024-05-21T00:18:06.3067200Z" duration="0.000311" asserts="5" />
            <test-case id="1-1074" name="ConstructorChecksArguments" fullname="PlayersWorlds.Maps.VectorDTest.ConstructorChecksArguments" methodname="ConstructorChecksArguments" classname="PlayersWorlds.Maps.VectorDTest" runstate="Runnable" seed="151365164" result="Passed" start-time="2024-05-21T00:18:06.3067280Z" end-time="2024-05-21T00:18:06.3068340Z" duration="0.000106" asserts="1" />
            <test-case id="1-1067" name="EqualityIsCheckedByValue" fullname="PlayersWorlds.Maps.VectorDTest.EqualityIsCheckedByValue" methodname="EqualityIsCheckedByValue" classname="PlayersWorlds.Maps.VectorDTest" runstate="Runnable" seed="1760166709" result="Passed" start-time="2024-05-21T00:18:06.3068420Z" end-time="2024-05-21T00:18:06.3070440Z" duration="0.000202" asserts="4" />
            <test-case id="1-1068" name="GetHashCodeIsDerivedFromValue" fullname="PlayersWorlds.Maps.VectorDTest.GetHashCodeIsDerivedFromValue" methodname="GetHashCodeIsDerivedFromValue" classname="PlayersWorlds.Maps.VectorDTest" runstate="Runnable" seed="1344981199" result="Passed" start-time="2024-05-21T00:18:06.3070520Z" end-time="2024-05-21T00:18:06.3071270Z" duration="0.000076" asserts="1" />
            <test-case id="1-1071" name="InitializedAsNull" fullname="PlayersWorlds.Maps.VectorDTest.InitializedAsNull" methodname="InitializedAsNull" classname="PlayersWorlds.Maps.VectorDTest" runstate="Runnable" seed="1265515071" result="Passed" start-time="2024-05-21T00:18:06.3071340Z" end-time="2024-05-21T00:18:06.3072320Z" duration="0.000097" asserts="1" />
            <test-case id="1-1070" name="InitializedEmpty" fullname="PlayersWorlds.Maps.VectorDTest.InitializedEmpty" methodname="InitializedEmpty" classname="PlayersWorlds.Maps.VectorDTest" runstate="Runnable" seed="1580729658" result="Passed" start-time="2024-05-21T00:18:06.3072390Z" end-time="2024-05-21T00:18:06.3074900Z" duration="0.000251" asserts="4" />
            <test-case id="1-1066" name="IsInitialized" fullname="PlayersWorlds.Maps.VectorDTest.IsInitialized" methodname="IsInitialized" classname="PlayersWorlds.Maps.VectorDTest" runstate="Runnable" seed="147624194" result="Passed" start-time="2024-05-21T00:18:06.3074980Z" end-time="2024-05-21T00:18:06.3076520Z" duration="0.000154" asserts="2" />
            <test-case id="1-1072" name="IsZero" fullname="PlayersWorlds.Maps.VectorDTest.IsZero" methodname="IsZero" classname="PlayersWorlds.Maps.VectorDTest" runstate="Runnable" seed="1040543852" result="Passed" start-time="2024-05-21T00:18:06.3076590Z" end-time="2024-05-21T00:18:06.3077620Z" duration="0.000102" asserts="3" />
            <test-case id="1-1075" name="SnappedForce" fullname="PlayersWorlds.Maps.VectorDTest.SnappedForce" methodname="SnappedForce" classname="PlayersWorlds.Maps.VectorDTest" runstate="Runnable" seed="726847839" result="Passed" start-time="2024-05-21T00:18:06.3077680Z" end-time="2024-05-21T00:18:06.3081370Z" duration="0.000368" asserts="9" />
            <test-case id="1-1069" name="ToStringFormat" fullname="PlayersWorlds.Maps.VectorDTest.ToStringFormat" methodname="ToStringFormat" classname="PlayersWorlds.Maps.VectorDTest" runstate="Runnable" seed="1867217706" result="Passed" start-time="2024-05-21T00:18:06.3081440Z" end-time="2024-05-21T00:18:06.3082220Z" duration="0.000078" asserts="1" />
            <test-case id="1-1076" name="VectorD_Parse" fullname="PlayersWorlds.Maps.VectorDTest.VectorD_Parse" methodname="VectorD_Parse" classname="PlayersWorlds.Maps.VectorDTest" runstate="Runnable" seed="929241501" result="Passed" start-time="2024-05-21T00:18:06.3082290Z" end-time="2024-05-21T00:18:06.3086430Z" duration="0.000414" asserts="2" />
          </test-suite>
          <test-suite type="TestFixture" id="1-1077" name="VectorTest" fullname="PlayersWorlds.Maps.VectorTest" classname="PlayersWorlds.Maps.VectorTest" runstate="Runnable" testcasecount="29" result="Passed" start-time="2024-05-21T00:18:06.3086680Z" end-time="2024-05-21T00:18:06.3162270Z" duration="0.007559" total="29" passed="29" failed="0" warnings="0" inconclusive="0" skipped="0" asserts="229">
            <test-case id="1-1094" name="FitsInto" fullname="PlayersWorlds.Maps.VectorTest.FitsInto" methodname="FitsInto" classname="PlayersWorlds.Maps.VectorTest" runstate="Runnable" seed="2056173237" result="Passed" start-time="2024-05-21T00:18:06.3087320Z" end-time="2024-05-21T00:18:06.3088670Z" duration="0.000135" asserts="3" />
            <test-case id="1-1097" name="FromIndex_Matches_FromIndex" fullname="PlayersWorlds.Maps.VectorTest.FromIndex_Matches_FromIndex" methodname="FromIndex_Matches_FromIndex" classname="PlayersWorlds.Maps.VectorTest" runstate="Runnable" seed="1408806373" result="Passed" start-time="2024-05-21T00:18:06.3088750Z" end-time="2024-05-21T00:18:06.3089750Z" duration="0.000100" asserts="1" />
            <test-case id="1-1105" name="FromIndex_ShouldThrowException_DimensionMismatch" fullname="PlayersWorlds.Maps.VectorTest.FromIndex_ShouldThrowException_DimensionMismatch" methodname="FromIndex_ShouldThrowException_DimensionMismatch" classname="PlayersWorlds.Maps.VectorTest" runstate="Runnable" seed="170281661" result="Passed" start-time="2024-05-21T00:18:06.3089810Z" end-time="2024-05-21T00:18:06.3093440Z" duration="0.000362" asserts="1" />
            <test-case id="1-1095" name="IsIn" fullname="PlayersWorlds.Maps.VectorTest.IsIn" methodname="IsIn" classname="PlayersWorlds.Maps.VectorTest" runstate="Runnable" seed="254212986" result="Passed" start-time="2024-05-21T00:18:06.3093530Z" end-time="2024-05-21T00:18:06.3096080Z" duration="0.000256" asserts="7" />
            <test-case id="1-1106" name="NorthEastComparer_ComparesCorrectly" fullname="PlayersWorlds.Maps.VectorTest.NorthEastComparer_ComparesCorrectly" methodname="NorthEastComparer_ComparesCorrectly" classname="PlayersWorlds.Maps.VectorTest" runstate="Runnable" seed="929995775" result="Passed" start-time="2024-05-21T00:18:06.3096160Z" end-time="2024-05-21T00:18:06.3104490Z" duration="0.000833" asserts="1" />
            <test-case id="1-1079" name="Size_NotInitialized" fullname="PlayersWorlds.Maps.VectorTest.Size_NotInitialized" methodname="Size_NotInitialized" classname="PlayersWorlds.Maps.VectorTest" runstate="Runnable" seed="1860513135" result="Passed" start-time="2024-05-21T00:18:06.3104570Z" end-time="2024-05-21T00:18:06.3106410Z" duration="0.000184" asserts="2" />
            <test-case id="1-1101" name="ToIndex_FromIndex_RoundTripConversion" fullname="PlayersWorlds.Maps.VectorTest.ToIndex_FromIndex_RoundTripConversion" methodname="ToIndex_FromIndex_RoundTripConversion" classname="PlayersWorlds.Maps.VectorTest" runstate="Runnable" seed="2061738754" result="Passed" start-time="2024-05-21T00:18:06.3106480Z" end-time="2024-05-21T00:18:06.3113280Z" duration="0.000680" asserts="150" />
            <test-case id="1-1102" name="ToIndex_FromIndex_Valid5D" fullname="PlayersWorlds.Maps.VectorTest.ToIndex_FromIndex_Valid5D" methodname="ToIndex_FromIndex_Valid5D" classname="PlayersWorlds.Maps.VectorTest" runstate="Runnable" seed="2003881995" result="Passed" start-time="2024-05-21T00:18:06.3113350Z" end-time="2024-05-21T00:18:06.3124910Z" duration="0.001156" asserts="13" />
            <test-case id="1-1096" name="ToIndex_Matches_ToIndex" fullname="PlayersWorlds.Maps.VectorTest.ToIndex_Matches_ToIndex" methodname="ToIndex_Matches_ToIndex" classname="PlayersWorlds.Maps.VectorTest" runstate="Runnable" seed="1044063610" result="Passed" start-time="2024-05-21T00:18:06.3125000Z" end-time="2024-05-21T00:18:06.3125960Z" duration="0.000096" asserts="1" />
            <test-case id="1-1098" name="ToIndex_ShouldCalculateCorrectIndex_1D" fullname="PlayersWorlds.Maps.VectorTest.ToIndex_ShouldCalculateCorrectIndex_1D" methodname="ToIndex_ShouldCalculateCorrectIndex_1D" classname="PlayersWorlds.Maps.VectorTest" runstate="Runnable" seed="2134498952" result="Passed" start-time="2024-05-21T00:18:06.3126030Z" end-time="2024-05-21T00:18:06.3126990Z" duration="0.000096" asserts="2" />
            <test-case id="1-1099" name="ToIndex_ShouldCalculateCorrectIndex_2D" fullname="PlayersWorlds.Maps.VectorTest.ToIndex_ShouldCalculateCorrectIndex_2D" methodname="ToIndex_ShouldCalculateCorrectIndex_2D" classname="PlayersWorlds.Maps.VectorTest" runstate="Runnable" seed="662972641" result="Passed" start-time="2024-05-21T00:18:06.3127060Z" end-time="2024-05-21T00:18:06.3127980Z" duration="0.000092" asserts="2" />
            <test-case id="1-1100" name="ToIndex_ShouldCalculateCorrectIndex_3D" fullname="PlayersWorlds.Maps.VectorTest.ToIndex_ShouldCalculateCorrectIndex_3D" methodname="ToIndex_ShouldCalculateCorrectIndex_3D" classname="PlayersWorlds.Maps.VectorTest" runstate="Runnable" seed="1004610119" result="Passed" start-time="2024-05-21T00:18:06.3128050Z" end-time="2024-05-21T00:18:06.3128980Z" duration="0.000093" asserts="2" />
            <test-case id="1-1104" name="ToIndex_ShouldThrowException_DimensionMismatch" fullname="PlayersWorlds.Maps.VectorTest.ToIndex_ShouldThrowException_DimensionMismatch" methodname="ToIndex_ShouldThrowException_DimensionMismatch" classname="PlayersWorlds.Maps.VectorTest" runstate="Runnable" seed="1142588389" result="Passed" start-time="2024-05-21T00:18:06.3129050Z" end-time="2024-05-21T00:18:06.3130780Z" duration="0.000174" asserts="1" />
            <test-case id="1-1103" name="ToIndex_ShouldThrowException_DimensionOverflow" fullname="PlayersWorlds.Maps.VectorTest.ToIndex_ShouldThrowException_DimensionOverflow" methodname="ToIndex_ShouldThrowException_DimensionOverflow" classname="PlayersWorlds.Maps.VectorTest" runstate="Runnable" seed="1841658916" result="Passed" start-time="2024-05-21T00:18:06.3130860Z" end-time="2024-05-21T00:18:06.3132640Z" duration="0.000178" asserts="1" />
            <test-case id="1-1087" name="Vector_CanAddAndSubtract" fullname="PlayersWorlds.Maps.VectorTest.Vector_CanAddAndSubtract" methodname="Vector_CanAddAndSubtract" classname="PlayersWorlds.Maps.VectorTest" runstate="Runnable" seed="1346248658" result="Passed" start-time="2024-05-21T00:18:06.3132710Z" end-time="2024-05-21T00:18:06.3136400Z" duration="0.000369" asserts="6" />
            <test-case id="1-1088" name="Vector_ConstructorChecksArguments" fullname="PlayersWorlds.Maps.VectorTest.Vector_ConstructorChecksArguments" methodname="Vector_ConstructorChecksArguments" classname="PlayersWorlds.Maps.VectorTest" runstate="Runnable" seed="1110602680" result="Passed" start-time="2024-05-21T00:18:06.3136480Z" end-time="2024-05-21T00:18:06.3137400Z" duration="0.000093" asserts="1" />
            <test-case id="1-1085" name="Vector_EmptyIsEmpty" fullname="PlayersWorlds.Maps.VectorTest.Vector_EmptyIsEmpty" methodname="Vector_EmptyIsEmpty" classname="PlayersWorlds.Maps.VectorTest" runstate="Runnable" seed="1854562362" result="Passed" start-time="2024-05-21T00:18:06.3137470Z" end-time="2024-05-21T00:18:06.3138140Z" duration="0.000067" asserts="1" />
            <test-case id="1-1084" name="Vector_EmptyVectorIsEmpty" fullname="PlayersWorlds.Maps.VectorTest.Vector_EmptyVectorIsEmpty" methodname="Vector_EmptyVectorIsEmpty" classname="PlayersWorlds.Maps.VectorTest" runstate="Runnable" seed="1828389274" result="Passed" start-time="2024-05-21T00:18:06.3138200Z" end-time="2024-05-21T00:18:06.3138810Z" duration="0.000061" asserts="1" />
            <test-case id="1-1080" name="Vector_EqualityIsCheckedByValue" fullname="PlayersWorlds.Maps.VectorTest.Vector_EqualityIsCheckedByValue" methodname="Vector_EqualityIsCheckedByValue" classname="PlayersWorlds.Maps.VectorTest" runstate="Runnable" seed="2018006879" result="Passed" start-time="2024-05-21T00:18:06.3138870Z" end-time="2024-05-21T00:18:06.3141460Z" duration="0.000259" asserts="5" />
            <test-case id="1-1092" name="Vector_FromIndex" fullname="PlayersWorlds.Maps.VectorTest.Vector_FromIndex" methodname="Vector_FromIndex" classname="PlayersWorlds.Maps.VectorTest" runstate="Runnable" seed="84942206" result="Passed" start-time="2024-05-21T00:18:06.3141540Z" end-time="2024-05-21T00:18:06.3142640Z" duration="0.000110" asserts="2" />
            <test-case id="1-1081" name="Vector_GetHashCodeIsDerivedFromValue" fullname="PlayersWorlds.Maps.VectorTest.Vector_GetHashCodeIsDerivedFromValue" methodname="Vector_GetHashCodeIsDerivedFromValue" classname="PlayersWorlds.Maps.VectorTest" runstate="Runnable" seed="1005826252" result="Passed" start-time="2024-05-21T00:18:06.3142710Z" end-time="2024-05-21T00:18:06.3144740Z" duration="0.000203" asserts="2" />
            <test-case id="1-1078" name="Vector_IsInitialized" fullname="PlayersWorlds.Maps.VectorTest.Vector_IsInitialized" methodname="Vector_IsInitialized" classname="PlayersWorlds.Maps.VectorTest" runstate="Runnable" seed="918065622" result="Passed" start-time="2024-05-21T00:18:06.3144810Z" end-time="2024-05-21T00:18:06.3145600Z" duration="0.000079" asserts="2" />
            <test-case id="1-1086" name="Vector_NotEqualToNull" fullname="PlayersWorlds.Maps.VectorTest.Vector_NotEqualToNull" methodname="Vector_NotEqualToNull" classname="PlayersWorlds.Maps.VectorTest" runstate="Runnable" seed="444784469" result="Passed" start-time="2024-05-21T00:18:06.3145670Z" end-time="2024-05-21T00:18:06.3147390Z" duration="0.000172" asserts="3" />
            <test-case id="1-1090" name="Vector_SnappedForce" fullname="PlayersWorlds.Maps.VectorTest.Vector_SnappedForce" methodname="Vector_SnappedForce" classname="PlayersWorlds.Maps.VectorTest" runstate="Runnable" seed="1713518579" result="Passed" start-time="2024-05-21T00:18:06.3147460Z" end-time="2024-05-21T00:18:06.3155130Z" duration="0.000767" asserts="9" />
            <test-case id="1-1089" name="Vector_ThrowsIfNotAValidSize" fullname="PlayersWorlds.Maps.VectorTest.Vector_ThrowsIfNotAValidSize" methodname="Vector_ThrowsIfNotAValidSize" classname="PlayersWorlds.Maps.VectorTest" runstate="Runnable" seed="809818612" result="Passed" start-time="2024-05-21T00:18:06.3155210Z" end-time="2024-05-21T00:18:06.3157600Z" duration="0.000239" asserts="3" />
            <test-case id="1-1091" name="Vector_ToIndex" fullname="PlayersWorlds.Maps.VectorTest.Vector_ToIndex" methodname="Vector_ToIndex" classname="PlayersWorlds.Maps.VectorTest" runstate="Runnable" seed="1127047116" result="Passed" start-time="2024-05-21T00:18:06.3157670Z" end-time="2024-05-21T00:18:06.3159420Z" duration="0.000175" asserts="3" />
            <test-case id="1-1082" name="Vector_ToStringFormat" fullname="PlayersWorlds.Maps.VectorTest.Vector_ToStringFormat" methodname="Vector_ToStringFormat" classname="PlayersWorlds.Maps.VectorTest" runstate="Runnable" seed="14654329" result="Passed" start-time="2024-05-21T00:18:06.3159500Z" end-time="2024-05-21T00:18:06.3160340Z" duration="0.000084" asserts="2" />
            <test-case id="1-1083" name="Vector_ZeroVectorIsNotEmpty" fullname="PlayersWorlds.Maps.VectorTest.Vector_ZeroVectorIsNotEmpty" methodname="Vector_ZeroVectorIsNotEmpty" classname="PlayersWorlds.Maps.VectorTest" runstate="Runnable" seed="1595529279" result="Passed" start-time="2024-05-21T00:18:06.3160410Z" end-time="2024-05-21T00:18:06.3161240Z" duration="0.000083" asserts="1" />
            <test-case id="1-1093" name="VectorD_Parse" fullname="PlayersWorlds.Maps.VectorTest.VectorD_Parse" methodname="VectorD_Parse" classname="PlayersWorlds.Maps.VectorTest" runstate="Runnable" seed="1808530512" result="Passed" start-time="2024-05-21T00:18:06.3161310Z" end-time="2024-05-21T00:18:06.3162130Z" duration="0.000082" asserts="1" />
          </test-suite>
        </test-suite>
      </test-suite>
    </test-suite>
  </test-suite>
</test-run>