<?xml version="1.0" encoding="utf-8" standalone="no"?>
<test-run id="2" testcasecount="712" result="Passed" total="157" passed="157" failed="0" inconclusive="0" skipped="0" asserts="4681" engine-version="3.4.1.0" clr-version="4.0.30319.42000" start-time="2024-01-05 19:32:38Z" end-time="2024-01-05 19:32:39Z" duration="0.441298">
  <command-line><![CDATA[/usr/lib/nunit3/nunit3-console.exe build/Debug/tests/tests.dll --where=Category!=Load]]></command-line>
  <filter>
    <not>
      <prop name="Category">Load</prop>
    </not>
  </filter>
  <test-suite type="Assembly" id="0-1740" name="tests.dll" fullname="/home/data/repos/github.com/aynurin/maze-gen/build/Debug/tests/tests.dll" runstate="Runnable" testcasecount="712" result="Passed" start-time="2024-01-05T19:32:38.9040430Z" end-time="2024-01-05T19:32:39.3148180Z" duration="0.410636" total="157" passed="157" failed="0" warnings="0" inconclusive="0" skipped="0" asserts="4681">
    <environment framework-version="3.14.0.0" clr-version="4.0.30319.42000" os-version="Unix 6.1.69.1" platform="Unix" cwd="/home/data/repos/github.com/aynurin/maze-gen" machine-name="lightview" user="shav" user-domain="lightview" culture="en-US" uiculture="en-US" os-architecture="x64" />
    <settings>
      <setting name="WorkDirectory" value="/home/data/repos/github.com/aynurin/maze-gen" />
      <setting name="ImageRuntimeVersion" value="4.0.30319" />
      <setting name="ImageTargetFrameworkName" value=".NETFramework,Version=v4.7" />
      <setting name="ImageRequiresX86" value="False" />
      <setting name="ImageRequiresDefaultAppDomainAssemblyResolver" value="False" />
      <setting name="NumberOfTestWorkers" value="24" />
    </settings>
    <properties>
      <property name="_PID" value="99241" />
      <property name="_APPDOMAIN" value="test-domain-" />
    </properties>
    <test-suite type="SetUpFixture" id="0-1003" name="[default namespace]" fullname="SetUpTests" classname="SetUpTests" runstate="Runnable" testcasecount="712" result="Passed" start-time="2024-01-05T19:32:38.9095630Z" end-time="2024-01-05T19:32:39.3148070Z" duration="0.405245" total="157" passed="157" failed="0" warnings="0" inconclusive="0" skipped="0" asserts="4681">
      <properties />
      <test-suite type="TestSuite" id="0-1741" name="PlayersWorlds" fullname="PlayersWorlds" runstate="Runnable" testcasecount="710" result="Passed" start-time="2024-01-05T19:32:38.9116120Z" end-time="2024-01-05T19:32:39.3051390Z" duration="0.393527" total="155" passed="155" failed="0" warnings="0" inconclusive="0" skipped="0" asserts="629">
        <properties />
        <test-suite type="TestSuite" id="0-1742" name="Maps" fullname="PlayersWorlds.Maps" runstate="Runnable" testcasecount="710" result="Passed" start-time="2024-01-05T19:32:38.9116690Z" end-time="2024-01-05T19:32:39.3051350Z" duration="0.393465" total="155" passed="155" failed="0" warnings="0" inconclusive="0" skipped="0" asserts="629">
          <properties />
          <test-suite type="TestSuite" id="0-1744" name="Areas" fullname="PlayersWorlds.Maps.Areas" runstate="Runnable" testcasecount="113" result="Passed" start-time="2024-01-05T19:32:38.9116770Z" end-time="2024-01-05T19:32:39.0932920Z" duration="0.181615" total="62" passed="62" failed="0" warnings="0" inconclusive="0" skipped="0" asserts="193">
            <properties />
            <test-suite type="TestSuite" id="0-1745" name="Evolving" fullname="PlayersWorlds.Maps.Areas.Evolving" runstate="Runnable" testcasecount="109" result="Passed" start-time="2024-01-05T19:32:38.9116830Z" end-time="2024-01-05T19:32:39.0913760Z" duration="0.179693" total="58" passed="58" failed="0" warnings="0" inconclusive="0" skipped="0" asserts="175">
              <properties />
              <test-suite type="TestFixture" id="0-1624" name="AreaDistributorTest" fullname="PlayersWorlds.Maps.Areas.Evolving.AreaDistributorTest" classname="PlayersWorlds.Maps.Areas.Evolving.AreaDistributorTest" runstate="Runnable" testcasecount="73" result="Passed" start-time="2024-01-05T19:32:38.9117050Z" end-time="2024-01-05T19:32:38.9821310Z" duration="0.070427" total="23" passed="23" failed="0" warnings="0" inconclusive="0" skipped="0" asserts="46">
                <properties />
                <test-case id="0-1625" name="AreaDistributorTest_OneTest" fullname="PlayersWorlds.Maps.Areas.Evolving.AreaDistributorTest.AreaDistributorTest_OneTest" methodname="AreaDistributorTest_OneTest" classname="PlayersWorlds.Maps.Areas.Evolving.AreaDistributorTest" runstate="Runnable" seed="751272692" result="Passed" start-time="2024-01-05T19:32:38.9117640Z" end-time="2024-01-05T19:32:38.9497420Z" duration="0.038046" asserts="2">
                  <properties />
                </test-case>
                <test-suite type="ParameterizedMethod" id="0-1638" name="AreaDistributorTest_OverlapTwo" fullname="PlayersWorlds.Maps.Areas.Evolving.AreaDistributorTest.AreaDistributorTest_OverlapTwo" classname="PlayersWorlds.Maps.Areas.Evolving.AreaDistributorTest" runstate="Runnable" testcasecount="10" result="Passed" start-time="2024-01-05T19:32:38.9510620Z" end-time="2024-01-05T19:32:38.9697970Z" duration="0.018735" total="10" passed="10" failed="0" warnings="0" inconclusive="0" skipped="0" asserts="20">
                  <properties />
                  <test-case id="0-1628" name="AreaDistributorTest_OverlapTwo(&quot;11x11: P2x2;S4x4 P5x5;S4x4&quot;)" fullname="PlayersWorlds.Maps.Areas.Evolving.AreaDistributorTest.AreaDistributorTest_OverlapTwo(&quot;11x11: P2x2;S4x4 P5x5;S4x4&quot;)" methodname="AreaDistributorTest_OverlapTwo" classname="PlayersWorlds.Maps.Areas.Evolving.AreaDistributorTest" runstate="Runnable" seed="1124840281" result="Passed" start-time="2024-01-05T19:32:38.9511440Z" end-time="2024-01-05T19:32:38.9570080Z" duration="0.005864" asserts="2">
                    <properties />
                  </test-case>
                  <test-case id="0-1629" name="AreaDistributorTest_OverlapTwo(&quot;11x11: P5x2;S4x4 P2x5;S4x4&quot;)" fullname="PlayersWorlds.Maps.Areas.Evolving.AreaDistributorTest.AreaDistributorTest_OverlapTwo(&quot;11x11: P5x2;S4x4 P2x5;S4x4&quot;)" methodname="AreaDistributorTest_OverlapTwo" classname="PlayersWorlds.Maps.Areas.Evolving.AreaDistributorTest" runstate="Runnable" seed="1305432062" result="Passed" start-time="2024-01-05T19:32:38.9570160Z" end-time="2024-01-05T19:32:38.9581060Z" duration="0.001090" asserts="2">
                    <properties />
                  </test-case>
                  <test-case id="0-1630" name="AreaDistributorTest_OverlapTwo(&quot;11x11: P2x5;S4x4 P5x2;S4x4&quot;)" fullname="PlayersWorlds.Maps.Areas.Evolving.AreaDistributorTest.AreaDistributorTest_OverlapTwo(&quot;11x11: P2x5;S4x4 P5x2;S4x4&quot;)" methodname="AreaDistributorTest_OverlapTwo" classname="PlayersWorlds.Maps.Areas.Evolving.AreaDistributorTest" runstate="Runnable" seed="1599377227" result="Passed" start-time="2024-01-05T19:32:38.9581120Z" end-time="2024-01-05T19:32:38.9591980Z" duration="0.001086" asserts="2">
                    <properties />
                  </test-case>
                  <test-case id="0-1631" name="AreaDistributorTest_OverlapTwo(&quot;11x11: P5x5;S4x4 P2x2;S4x4&quot;)" fullname="PlayersWorlds.Maps.Areas.Evolving.AreaDistributorTest.AreaDistributorTest_OverlapTwo(&quot;11x11: P5x5;S4x4 P2x2;S4x4&quot;)" methodname="AreaDistributorTest_OverlapTwo" classname="PlayersWorlds.Maps.Areas.Evolving.AreaDistributorTest" runstate="Runnable" seed="558939919" result="Passed" start-time="2024-01-05T19:32:38.9592050Z" end-time="2024-01-05T19:32:38.9610570Z" duration="0.001852" asserts="2">
                    <properties />
                  </test-case>
                  <test-case id="0-1632" name="AreaDistributorTest_OverlapTwo(&quot;11x11: P4x4;S4x4 P3x3;S4x4&quot;)" fullname="PlayersWorlds.Maps.Areas.Evolving.AreaDistributorTest.AreaDistributorTest_OverlapTwo(&quot;11x11: P4x4;S4x4 P3x3;S4x4&quot;)" methodname="AreaDistributorTest_OverlapTwo" classname="PlayersWorlds.Maps.Areas.Evolving.AreaDistributorTest" runstate="Runnable" seed="1118464676" result="Passed" start-time="2024-01-05T19:32:38.9610640Z" end-time="2024-01-05T19:32:38.9621810Z" duration="0.001117" asserts="2">
                    <properties />
                  </test-case>
                  <test-case id="0-1633" name="AreaDistributorTest_OverlapTwo(&quot;11x11: P4x3;S4x4 P3x4;S4x4&quot;)" fullname="PlayersWorlds.Maps.Areas.Evolving.AreaDistributorTest.AreaDistributorTest_OverlapTwo(&quot;11x11: P4x3;S4x4 P3x4;S4x4&quot;)" methodname="AreaDistributorTest_OverlapTwo" classname="PlayersWorlds.Maps.Areas.Evolving.AreaDistributorTest" runstate="Runnable" seed="1034302559" result="Passed" start-time="2024-01-05T19:32:38.9621880Z" end-time="2024-01-05T19:32:38.9632520Z" duration="0.001064" asserts="2">
                    <properties />
                  </test-case>
                  <test-case id="0-1634" name="AreaDistributorTest_OverlapTwo(&quot;11x11: P3.5x3.5;S4x4 P3.5x3.5;S4x4&quot;)" fullname="PlayersWorlds.Maps.Areas.Evolving.AreaDistributorTest.AreaDistributorTest_OverlapTwo(&quot;11x11: P3.5x3.5;S4x4 P3.5x3.5;S4x4&quot;)" methodname="AreaDistributorTest_OverlapTwo" classname="PlayersWorlds.Maps.Areas.Evolving.AreaDistributorTest" runstate="Runnable" seed="1999249027" result="Passed" start-time="2024-01-05T19:32:38.9632580Z" end-time="2024-01-05T19:32:38.9654150Z" duration="0.002157" asserts="2">
                    <properties />
                  </test-case>
                  <test-case id="0-1635" name="AreaDistributorTest_OverlapTwo(&quot;16x16: P4x4;S8x8 P5x9;S2x2&quot;)" fullname="PlayersWorlds.Maps.Areas.Evolving.AreaDistributorTest.AreaDistributorTest_OverlapTwo(&quot;16x16: P4x4;S8x8 P5x9;S2x2&quot;)" methodname="AreaDistributorTest_OverlapTwo" classname="PlayersWorlds.Maps.Areas.Evolving.AreaDistributorTest" runstate="Runnable" seed="114497372" result="Passed" start-time="2024-01-05T19:32:38.9654220Z" end-time="2024-01-05T19:32:38.9666070Z" duration="0.001185" asserts="2">
                    <properties />
                  </test-case>
                  <test-case id="0-1636" name="AreaDistributorTest_OverlapTwo(&quot;16x16: P4x4;S8x8 P5x7;S4x4&quot;)" fullname="PlayersWorlds.Maps.Areas.Evolving.AreaDistributorTest.AreaDistributorTest_OverlapTwo(&quot;16x16: P4x4;S8x8 P5x7;S4x4&quot;)" methodname="AreaDistributorTest_OverlapTwo" classname="PlayersWorlds.Maps.Areas.Evolving.AreaDistributorTest" runstate="Runnable" seed="403432530" result="Passed" start-time="2024-01-05T19:32:38.9666140Z" end-time="2024-01-05T19:32:38.9677670Z" duration="0.001154" asserts="2">
                    <properties />
                  </test-case>
                  <test-case id="0-1637" name="AreaDistributorTest_OverlapTwo(&quot;16x16: P5x5;S6x6 P6x6;S4x4&quot;)" fullname="PlayersWorlds.Maps.Areas.Evolving.AreaDistributorTest.AreaDistributorTest_OverlapTwo(&quot;16x16: P5x5;S6x6 P6x6;S4x4&quot;)" methodname="AreaDistributorTest_OverlapTwo" classname="PlayersWorlds.Maps.Areas.Evolving.AreaDistributorTest" runstate="Runnable" seed="1076011640" result="Passed" start-time="2024-01-05T19:32:38.9677740Z" end-time="2024-01-05T19:32:38.9688850Z" duration="0.001112" asserts="2">
                    <properties />
                  </test-case>
                </test-suite>
                <test-case id="0-1626" name="AreaDistributorTest_SidePressure" fullname="PlayersWorlds.Maps.Areas.Evolving.AreaDistributorTest.AreaDistributorTest_SidePressure" methodname="AreaDistributorTest_SidePressure" classname="PlayersWorlds.Maps.Areas.Evolving.AreaDistributorTest" runstate="Runnable" seed="788927063" result="Passed" start-time="2024-01-05T19:32:38.9705310Z" end-time="2024-01-05T19:32:38.9759320Z" duration="0.005401" asserts="2">
                  <properties />
                </test-case>
                <test-suite type="ParameterizedMethod" id="0-1649" name="AreaDistributorTest_SingleMapForce" fullname="PlayersWorlds.Maps.Areas.Evolving.AreaDistributorTest.AreaDistributorTest_SingleMapForce" classname="PlayersWorlds.Maps.Areas.Evolving.AreaDistributorTest" runstate="Runnable" testcasecount="10" result="Passed" start-time="2024-01-05T19:32:38.9759430Z" end-time="2024-01-05T19:32:38.9805460Z" duration="0.004603" total="10" passed="10" failed="0" warnings="0" inconclusive="0" skipped="0" asserts="20">
                  <properties />
                  <test-case id="0-1639" name="AreaDistributorTest_SingleMapForce(&quot;6x12: P1x2;S2x2&quot;)" fullname="PlayersWorlds.Maps.Areas.Evolving.AreaDistributorTest.AreaDistributorTest_SingleMapForce(&quot;6x12: P1x2;S2x2&quot;)" methodname="AreaDistributorTest_SingleMapForce" classname="PlayersWorlds.Maps.Areas.Evolving.AreaDistributorTest" runstate="Runnable" seed="1401757066" result="Passed" start-time="2024-01-05T19:32:38.9759570Z" end-time="2024-01-05T19:32:38.9765700Z" duration="0.000612" asserts="2">
                    <properties />
                  </test-case>
                  <test-case id="0-1640" name="AreaDistributorTest_SingleMapForce(&quot;6x12: P2x2;S2x2&quot;)" fullname="PlayersWorlds.Maps.Areas.Evolving.AreaDistributorTest.AreaDistributorTest_SingleMapForce(&quot;6x12: P2x2;S2x2&quot;)" methodname="AreaDistributorTest_SingleMapForce" classname="PlayersWorlds.Maps.Areas.Evolving.AreaDistributorTest" runstate="Runnable" seed="281714554" result="Passed" start-time="2024-01-05T19:32:38.9765770Z" end-time="2024-01-05T19:32:38.9770000Z" duration="0.000424" asserts="2">
                    <properties />
                  </test-case>
                  <test-case id="0-1641" name="AreaDistributorTest_SingleMapForce(&quot;6x12: P3x2;S2x2&quot;)" fullname="PlayersWorlds.Maps.Areas.Evolving.AreaDistributorTest.AreaDistributorTest_SingleMapForce(&quot;6x12: P3x2;S2x2&quot;)" methodname="AreaDistributorTest_SingleMapForce" classname="PlayersWorlds.Maps.Areas.Evolving.AreaDistributorTest" runstate="Runnable" seed="61372848" result="Passed" start-time="2024-01-05T19:32:38.9770070Z" end-time="2024-01-05T19:32:38.9774500Z" duration="0.000444" asserts="2">
                    <properties />
                  </test-case>
                  <test-case id="0-1642" name="AreaDistributorTest_SingleMapForce(&quot;6x12: P1x5;S2x2&quot;)" fullname="PlayersWorlds.Maps.Areas.Evolving.AreaDistributorTest.AreaDistributorTest_SingleMapForce(&quot;6x12: P1x5;S2x2&quot;)" methodname="AreaDistributorTest_SingleMapForce" classname="PlayersWorlds.Maps.Areas.Evolving.AreaDistributorTest" runstate="Runnable" seed="393936439" result="Passed" start-time="2024-01-05T19:32:38.9774560Z" end-time="2024-01-05T19:32:38.9778700Z" duration="0.000414" asserts="2">
                    <properties />
                  </test-case>
                  <test-case id="0-1643" name="AreaDistributorTest_SingleMapForce(&quot;6x12: P2x5;S2x2&quot;)" fullname="PlayersWorlds.Maps.Areas.Evolving.AreaDistributorTest.AreaDistributorTest_SingleMapForce(&quot;6x12: P2x5;S2x2&quot;)" methodname="AreaDistributorTest_SingleMapForce" classname="PlayersWorlds.Maps.Areas.Evolving.AreaDistributorTest" runstate="Runnable" seed="1066999958" result="Passed" start-time="2024-01-05T19:32:38.9778760Z" end-time="2024-01-05T19:32:38.9782720Z" duration="0.000396" asserts="2">
                    <properties />
                  </test-case>
                  <test-case id="0-1644" name="AreaDistributorTest_SingleMapForce(&quot;6x12: P3x5;S2x2&quot;)" fullname="PlayersWorlds.Maps.Areas.Evolving.AreaDistributorTest.AreaDistributorTest_SingleMapForce(&quot;6x12: P3x5;S2x2&quot;)" methodname="AreaDistributorTest_SingleMapForce" classname="PlayersWorlds.Maps.Areas.Evolving.AreaDistributorTest" runstate="Runnable" seed="665928235" result="Passed" start-time="2024-01-05T19:32:38.9782780Z" end-time="2024-01-05T19:32:38.9786960Z" duration="0.000419" asserts="2">
                    <properties />
                  </test-case>
                  <test-case id="0-1645" name="AreaDistributorTest_SingleMapForce(&quot;6x12: P1x8;S2x2&quot;)" fullname="PlayersWorlds.Maps.Areas.Evolving.AreaDistributorTest.AreaDistributorTest_SingleMapForce(&quot;6x12: P1x8;S2x2&quot;)" methodname="AreaDistributorTest_SingleMapForce" classname="PlayersWorlds.Maps.Areas.Evolving.AreaDistributorTest" runstate="Runnable" seed="570056083" result="Passed" start-time="2024-01-05T19:32:38.9787030Z" end-time="2024-01-05T19:32:38.9791320Z" duration="0.000430" asserts="2">
                    <properties />
                  </test-case>
                  <test-case id="0-1646" name="AreaDistributorTest_SingleMapForce(&quot;6x12: P2x8;S2x2&quot;)" fullname="PlayersWorlds.Maps.Areas.Evolving.AreaDistributorTest.AreaDistributorTest_SingleMapForce(&quot;6x12: P2x8;S2x2&quot;)" methodname="AreaDistributorTest_SingleMapForce" classname="PlayersWorlds.Maps.Areas.Evolving.AreaDistributorTest" runstate="Runnable" seed="1518125573" result="Passed" start-time="2024-01-05T19:32:38.9791380Z" end-time="2024-01-05T19:32:38.9795500Z" duration="0.000412" asserts="2">
                    <properties />
                  </test-case>
                  <test-case id="0-1647" name="AreaDistributorTest_SingleMapForce(&quot;6x12: P3x8;S2x2&quot;)" fullname="PlayersWorlds.Maps.Areas.Evolving.AreaDistributorTest.AreaDistributorTest_SingleMapForce(&quot;6x12: P3x8;S2x2&quot;)" methodname="AreaDistributorTest_SingleMapForce" classname="PlayersWorlds.Maps.Areas.Evolving.AreaDistributorTest" runstate="Runnable" seed="1109812931" result="Passed" start-time="2024-01-05T19:32:38.9795550Z" end-time="2024-01-05T19:32:38.9799760Z" duration="0.000420" asserts="2">
                    <properties />
                  </test-case>
                  <test-case id="0-1648" name="AreaDistributorTest_SingleMapForce(&quot;6x12: P-1x-4;S2x2&quot;)" fullname="PlayersWorlds.Maps.Areas.Evolving.AreaDistributorTest.AreaDistributorTest_SingleMapForce(&quot;6x12: P-1x-4;S2x2&quot;)" methodname="AreaDistributorTest_SingleMapForce" classname="PlayersWorlds.Maps.Areas.Evolving.AreaDistributorTest" runstate="Runnable" seed="1484434610" result="Passed" start-time="2024-01-05T19:32:38.9799810Z" end-time="2024-01-05T19:32:38.9805350Z" duration="0.000554" asserts="2">
                    <properties />
                  </test-case>
                </test-suite>
                <test-case id="0-1627" name="AreaDistributorTest_TwoTest" fullname="PlayersWorlds.Maps.Areas.Evolving.AreaDistributorTest.AreaDistributorTest_TwoTest" methodname="AreaDistributorTest_TwoTest" classname="PlayersWorlds.Maps.Areas.Evolving.AreaDistributorTest" runstate="Runnable" seed="1537060108" result="Passed" start-time="2024-01-05T19:32:38.9805530Z" end-time="2024-01-05T19:32:38.9820980Z" duration="0.001545" asserts="2">
                  <properties />
                </test-case>
              </test-suite>
              <test-suite type="TestFixture" id="0-1701" name="EvolvingSimulatorTest" fullname="PlayersWorlds.Maps.Areas.Evolving.EvolvingSimulatorTest" classname="PlayersWorlds.Maps.Areas.Evolving.EvolvingSimulatorTest" runstate="Runnable" testcasecount="2" result="Passed" start-time="2024-01-05T19:32:38.9825400Z" end-time="2024-01-05T19:32:39.0798510Z" duration="0.097311" total="2" passed="2" failed="0" warnings="0" inconclusive="0" skipped="0" asserts="2">
                <properties />
                <test-case id="0-1703" name="EvolvingSimulator_ReturnsEpochsIfEvolitionIsNotComplete" fullname="PlayersWorlds.Maps.Areas.Evolving.EvolvingSimulatorTest.EvolvingSimulator_ReturnsEpochsIfEvolitionIsNotComplete" methodname="EvolvingSimulator_ReturnsEpochsIfEvolitionIsNotComplete" classname="PlayersWorlds.Maps.Areas.Evolving.EvolvingSimulatorTest" runstate="Runnable" seed="59639580" result="Passed" start-time="2024-01-05T19:32:38.9825860Z" end-time="2024-01-05T19:32:39.0776120Z" duration="0.095026" asserts="1">
                  <properties />
                </test-case>
                <test-case id="0-1702" name="EvolvingSimulator_ThrowsIfMaxEpochsIsZero" fullname="PlayersWorlds.Maps.Areas.Evolving.EvolvingSimulatorTest.EvolvingSimulator_ThrowsIfMaxEpochsIsZero" methodname="EvolvingSimulator_ThrowsIfMaxEpochsIsZero" classname="PlayersWorlds.Maps.Areas.Evolving.EvolvingSimulatorTest" runstate="Runnable" seed="1173867506" result="Passed" start-time="2024-01-05T19:32:39.0776240Z" end-time="2024-01-05T19:32:39.0798360Z" duration="0.002212" asserts="1">
                  <properties />
                </test-case>
              </test-suite>
              <test-suite type="TestFixture" id="0-1704" name="FloatingAreaTest" fullname="PlayersWorlds.Maps.Areas.Evolving.FloatingAreaTest" classname="PlayersWorlds.Maps.Areas.Evolving.FloatingAreaTest" runstate="Runnable" testcasecount="3" result="Passed" start-time="2024-01-05T19:32:39.0798640Z" end-time="2024-01-05T19:32:39.0833990Z" duration="0.003535" total="3" passed="3" failed="0" warnings="0" inconclusive="0" skipped="0" asserts="6">
                <properties />
                <test-case id="0-1707" name="Contains" fullname="PlayersWorlds.Maps.Areas.Evolving.FloatingAreaTest.Contains" methodname="Contains" classname="PlayersWorlds.Maps.Areas.Evolving.FloatingAreaTest" runstate="Runnable" seed="1780783357" result="Passed" start-time="2024-01-05T19:32:39.0799090Z" end-time="2024-01-05T19:32:39.0803250Z" duration="0.000416" asserts="2">
                  <properties />
                </test-case>
                <test-case id="0-1706" name="Overlaps" fullname="PlayersWorlds.Maps.Areas.Evolving.FloatingAreaTest.Overlaps" methodname="Overlaps" classname="PlayersWorlds.Maps.Areas.Evolving.FloatingAreaTest" runstate="Runnable" seed="455380364" result="Passed" start-time="2024-01-05T19:32:39.0803330Z" end-time="2024-01-05T19:32:39.0805290Z" duration="0.000196" asserts="2">
                  <properties />
                </test-case>
                <test-case id="0-1705" name="Parse" fullname="PlayersWorlds.Maps.Areas.Evolving.FloatingAreaTest.Parse" methodname="Parse" classname="PlayersWorlds.Maps.Areas.Evolving.FloatingAreaTest" runstate="Runnable" seed="1118017516" result="Passed" start-time="2024-01-05T19:32:39.0805360Z" end-time="2024-01-05T19:32:39.0833830Z" duration="0.002847" asserts="2">
                  <properties />
                </test-case>
              </test-suite>
              <test-suite type="TestFixture" id="0-1708" name="ForceFormulaTestTest" fullname="PlayersWorlds.Maps.Areas.Evolving.ForceFormulaTestTest" classname="PlayersWorlds.Maps.Areas.Evolving.ForceFormulaTestTest" runstate="Runnable" testcasecount="8" result="Passed" start-time="2024-01-05T19:32:39.0834110Z" end-time="2024-01-05T19:32:39.0858760Z" duration="0.002465" total="8" passed="8" failed="0" warnings="0" inconclusive="0" skipped="0" asserts="42">
                <properties />
                <test-case id="0-1714" name="CollideForce_Negative" fullname="PlayersWorlds.Maps.Areas.Evolving.ForceFormulaTestTest.CollideForce_Negative" methodname="CollideForce_Negative" classname="PlayersWorlds.Maps.Areas.Evolving.ForceFormulaTestTest" runstate="Runnable" seed="510545337" result="Passed" start-time="2024-01-05T19:32:39.0834550Z" end-time="2024-01-05T19:32:39.0842510Z" duration="0.000796" asserts="9">
                  <properties />
                </test-case>
                <test-case id="0-1713" name="CollideForce_Positive" fullname="PlayersWorlds.Maps.Areas.Evolving.ForceFormulaTestTest.CollideForce_Positive" methodname="CollideForce_Positive" classname="PlayersWorlds.Maps.Areas.Evolving.ForceFormulaTestTest" runstate="Runnable" seed="1244059703" result="Passed" start-time="2024-01-05T19:32:39.0842580Z" end-time="2024-01-05T19:32:39.0845780Z" duration="0.000320" asserts="9">
                  <properties />
                </test-case>
                <test-case id="0-1710" name="NormalForce_Negative" fullname="PlayersWorlds.Maps.Areas.Evolving.ForceFormulaTestTest.NormalForce_Negative" methodname="NormalForce_Negative" classname="PlayersWorlds.Maps.Areas.Evolving.ForceFormulaTestTest" runstate="Runnable" seed="1641431449" result="Passed" start-time="2024-01-05T19:32:39.0845850Z" end-time="2024-01-05T19:32:39.0849490Z" duration="0.000364" asserts="3">
                  <properties />
                </test-case>
                <test-case id="0-1712" name="NormalForce_NegativeCapped" fullname="PlayersWorlds.Maps.Areas.Evolving.ForceFormulaTestTest.NormalForce_NegativeCapped" methodname="NormalForce_NegativeCapped" classname="PlayersWorlds.Maps.Areas.Evolving.ForceFormulaTestTest" runstate="Runnable" seed="84974454" result="Passed" start-time="2024-01-05T19:32:39.0849570Z" end-time="2024-01-05T19:32:39.0851140Z" duration="0.000158" asserts="5">
                  <properties />
                </test-case>
                <test-case id="0-1709" name="NormalForce_Positive" fullname="PlayersWorlds.Maps.Areas.Evolving.ForceFormulaTestTest.NormalForce_Positive" methodname="NormalForce_Positive" classname="PlayersWorlds.Maps.Areas.Evolving.ForceFormulaTestTest" runstate="Runnable" seed="272389721" result="Passed" start-time="2024-01-05T19:32:39.0851210Z" end-time="2024-01-05T19:32:39.0852310Z" duration="0.000111" asserts="3">
                  <properties />
                </test-case>
                <test-case id="0-1711" name="NormalForce_PositiveCapped" fullname="PlayersWorlds.Maps.Areas.Evolving.ForceFormulaTestTest.NormalForce_PositiveCapped" methodname="NormalForce_PositiveCapped" classname="PlayersWorlds.Maps.Areas.Evolving.ForceFormulaTestTest" runstate="Runnable" seed="952980154" result="Passed" start-time="2024-01-05T19:32:39.0852370Z" end-time="2024-01-05T19:32:39.0853880Z" duration="0.000151" asserts="5">
                  <properties />
                </test-case>
                <test-case id="0-1716" name="OverlapForce_Negative" fullname="PlayersWorlds.Maps.Areas.Evolving.ForceFormulaTestTest.OverlapForce_Negative" methodname="OverlapForce_Negative" classname="PlayersWorlds.Maps.Areas.Evolving.ForceFormulaTestTest" runstate="Runnable" seed="2059352276" result="Passed" start-time="2024-01-05T19:32:39.0853950Z" end-time="2024-01-05T19:32:39.0856320Z" duration="0.000237" asserts="4">
                  <properties />
                </test-case>
                <test-case id="0-1715" name="OverlapForce_Positive" fullname="PlayersWorlds.Maps.Areas.Evolving.ForceFormulaTestTest.OverlapForce_Positive" methodname="OverlapForce_Positive" classname="PlayersWorlds.Maps.Areas.Evolving.ForceFormulaTestTest" runstate="Runnable" seed="1769112972" result="Passed" start-time="2024-01-05T19:32:39.0856380Z" end-time="2024-01-05T19:32:39.0858640Z" duration="0.000226" asserts="4">
                  <properties />
                </test-case>
              </test-suite>
              <test-suite type="TestFixture" id="0-1717" name="SideToSideForceProducerTest" fullname="PlayersWorlds.Maps.Areas.Evolving.SideToSideForceProducerTest" classname="PlayersWorlds.Maps.Areas.Evolving.SideToSideForceProducerTest" runstate="Runnable" testcasecount="22" result="Passed" start-time="2024-01-05T19:32:39.0858860Z" end-time="2024-01-05T19:32:39.0913700Z" duration="0.005483" total="22" passed="22" failed="0" warnings="0" inconclusive="0" skipped="0" asserts="79">
                <properties />
                <test-case id="0-1735" name="GetAxisDistance_Collide" fullname="PlayersWorlds.Maps.Areas.Evolving.SideToSideForceProducerTest.GetAxisDistance_Collide" methodname="GetAxisDistance_Collide" classname="PlayersWorlds.Maps.Areas.Evolving.SideToSideForceProducerTest" runstate="Runnable" seed="1233862528" result="Passed" start-time="2024-01-05T19:32:39.0859320Z" end-time="2024-01-05T19:32:39.0868560Z" duration="0.000924" asserts="6">
                  <properties />
                </test-case>
                <test-case id="0-1738" name="GetAxisDistance_Contain1" fullname="PlayersWorlds.Maps.Areas.Evolving.SideToSideForceProducerTest.GetAxisDistance_Contain1" methodname="GetAxisDistance_Contain1" classname="PlayersWorlds.Maps.Areas.Evolving.SideToSideForceProducerTest" runstate="Runnable" seed="156068295" result="Passed" start-time="2024-01-05T19:32:39.0868640Z" end-time="2024-01-05T19:32:39.0871820Z" duration="0.000318" asserts="6">
                  <properties />
                </test-case>
                <test-case id="0-1739" name="GetAxisDistance_Contain2" fullname="PlayersWorlds.Maps.Areas.Evolving.SideToSideForceProducerTest.GetAxisDistance_Contain2" methodname="GetAxisDistance_Contain2" classname="PlayersWorlds.Maps.Areas.Evolving.SideToSideForceProducerTest" runstate="Runnable" seed="1327537760" result="Passed" start-time="2024-01-05T19:32:39.0871890Z" end-time="2024-01-05T19:32:39.0874770Z" duration="0.000288" asserts="6">
                  <properties />
                </test-case>
                <test-case id="0-1733" name="GetAxisDistance_Normal1" fullname="PlayersWorlds.Maps.Areas.Evolving.SideToSideForceProducerTest.GetAxisDistance_Normal1" methodname="GetAxisDistance_Normal1" classname="PlayersWorlds.Maps.Areas.Evolving.SideToSideForceProducerTest" runstate="Runnable" seed="1101878707" result="Passed" start-time="2024-01-05T19:32:39.0874840Z" end-time="2024-01-05T19:32:39.0877610Z" duration="0.000277" asserts="6">
                  <properties />
                </test-case>
                <test-case id="0-1734" name="GetAxisDistance_Normal2" fullname="PlayersWorlds.Maps.Areas.Evolving.SideToSideForceProducerTest.GetAxisDistance_Normal2" methodname="GetAxisDistance_Normal2" classname="PlayersWorlds.Maps.Areas.Evolving.SideToSideForceProducerTest" runstate="Runnable" seed="1507272369" result="Passed" start-time="2024-01-05T19:32:39.0877680Z" end-time="2024-01-05T19:32:39.0880400Z" duration="0.000272" asserts="6">
                  <properties />
                </test-case>
                <test-case id="0-1736" name="GetAxisDistance_Overlap1" fullname="PlayersWorlds.Maps.Areas.Evolving.SideToSideForceProducerTest.GetAxisDistance_Overlap1" methodname="GetAxisDistance_Overlap1" classname="PlayersWorlds.Maps.Areas.Evolving.SideToSideForceProducerTest" runstate="Runnable" seed="482464591" result="Passed" start-time="2024-01-05T19:32:39.0880470Z" end-time="2024-01-05T19:32:39.0883220Z" duration="0.000276" asserts="6">
                  <properties />
                </test-case>
                <test-case id="0-1737" name="GetAxisDistance_Overlap2" fullname="PlayersWorlds.Maps.Areas.Evolving.SideToSideForceProducerTest.GetAxisDistance_Overlap2" methodname="GetAxisDistance_Overlap2" classname="PlayersWorlds.Maps.Areas.Evolving.SideToSideForceProducerTest" runstate="Runnable" seed="1476915670" result="Passed" start-time="2024-01-05T19:32:39.0883290Z" end-time="2024-01-05T19:32:39.0886110Z" duration="0.000282" asserts="6">
                  <properties />
                </test-case>
                <test-case id="0-1727" name="GetOpposingForce_CentersInside_NoOpposingForce" fullname="PlayersWorlds.Maps.Areas.Evolving.SideToSideForceProducerTest.GetOpposingForce_CentersInside_NoOpposingForce" methodname="GetOpposingForce_CentersInside_NoOpposingForce" classname="PlayersWorlds.Maps.Areas.Evolving.SideToSideForceProducerTest" runstate="Runnable" seed="2131744492" result="Passed" start-time="2024-01-05T19:32:39.0886190Z" end-time="2024-01-05T19:32:39.0888380Z" duration="0.000219" asserts="2">
                  <properties />
                </test-case>
                <test-case id="0-1728" name="GetOpposingForce_CentersInside_WithOpposingForce" fullname="PlayersWorlds.Maps.Areas.Evolving.SideToSideForceProducerTest.GetOpposingForce_CentersInside_WithOpposingForce" methodname="GetOpposingForce_CentersInside_WithOpposingForce" classname="PlayersWorlds.Maps.Areas.Evolving.SideToSideForceProducerTest" runstate="Runnable" seed="1920116638" result="Passed" start-time="2024-01-05T19:32:39.0888450Z" end-time="2024-01-05T19:32:39.0890270Z" duration="0.000183" asserts="2">
                  <properties />
                </test-case>
                <test-case id="0-1729" name="GetOpposingForce_CentersOutside_NoOpposingForce" fullname="PlayersWorlds.Maps.Areas.Evolving.SideToSideForceProducerTest.GetOpposingForce_CentersOutside_NoOpposingForce" methodname="GetOpposingForce_CentersOutside_NoOpposingForce" classname="PlayersWorlds.Maps.Areas.Evolving.SideToSideForceProducerTest" runstate="Runnable" seed="1671736465" result="Passed" start-time="2024-01-05T19:32:39.0890330Z" end-time="2024-01-05T19:32:39.0892040Z" duration="0.000171" asserts="2">
                  <properties />
                </test-case>
                <test-case id="0-1730" name="GetOpposingForce_CentersOutside_WithOpposingForce" fullname="PlayersWorlds.Maps.Areas.Evolving.SideToSideForceProducerTest.GetOpposingForce_CentersOutside_WithOpposingForce" methodname="GetOpposingForce_CentersOutside_WithOpposingForce" classname="PlayersWorlds.Maps.Areas.Evolving.SideToSideForceProducerTest" runstate="Runnable" seed="2124659267" result="Passed" start-time="2024-01-05T19:32:39.0892100Z" end-time="2024-01-05T19:32:39.0893820Z" duration="0.000172" asserts="2">
                  <properties />
                </test-case>
                <test-case id="0-1731" name="GetOpposingForce_NoIntersection_NoOpposingForce" fullname="PlayersWorlds.Maps.Areas.Evolving.SideToSideForceProducerTest.GetOpposingForce_NoIntersection_NoOpposingForce" methodname="GetOpposingForce_NoIntersection_NoOpposingForce" classname="PlayersWorlds.Maps.Areas.Evolving.SideToSideForceProducerTest" runstate="Runnable" seed="2122168885" result="Passed" start-time="2024-01-05T19:32:39.0893880Z" end-time="2024-01-05T19:32:39.0895590Z" duration="0.000171" asserts="2">
                  <properties />
                </test-case>
                <test-case id="0-1732" name="GetOpposingForce_NoIntersection_WithOpposingForce" fullname="PlayersWorlds.Maps.Areas.Evolving.SideToSideForceProducerTest.GetOpposingForce_NoIntersection_WithOpposingForce" methodname="GetOpposingForce_NoIntersection_WithOpposingForce" classname="PlayersWorlds.Maps.Areas.Evolving.SideToSideForceProducerTest" runstate="Runnable" seed="107741654" result="Passed" start-time="2024-01-05T19:32:39.0895650Z" end-time="2024-01-05T19:32:39.0897300Z" duration="0.000166" asserts="2">
                  <properties />
                </test-case>
                <test-case id="0-1725" name="GetOpposingForce_WhenCenterMatches_NoOpposingForce" fullname="PlayersWorlds.Maps.Areas.Evolving.SideToSideForceProducerTest.GetOpposingForce_WhenCenterMatches_NoOpposingForce" methodname="GetOpposingForce_WhenCenterMatches_NoOpposingForce" classname="PlayersWorlds.Maps.Areas.Evolving.SideToSideForceProducerTest" runstate="Runnable" seed="1994332522" result="Passed" start-time="2024-01-05T19:32:39.0897360Z" end-time="2024-01-05T19:32:39.0899000Z" duration="0.000164" asserts="2">
                  <properties />
                </test-case>
                <test-case id="0-1726" name="GetOpposingForce_WhenCenterMatches_WithOpposingForce" fullname="PlayersWorlds.Maps.Areas.Evolving.SideToSideForceProducerTest.GetOpposingForce_WhenCenterMatches_WithOpposingForce" methodname="GetOpposingForce_WhenCenterMatches_WithOpposingForce" classname="PlayersWorlds.Maps.Areas.Evolving.SideToSideForceProducerTest" runstate="Runnable" seed="938838578" result="Passed" start-time="2024-01-05T19:32:39.0899050Z" end-time="2024-01-05T19:32:39.0900700Z" duration="0.000165" asserts="2">
                  <properties />
                </test-case>
                <test-case id="0-1721" name="MapAreaSystemTest_DistanceCentersMatch" fullname="PlayersWorlds.Maps.Areas.Evolving.SideToSideForceProducerTest.MapAreaSystemTest_DistanceCentersMatch" methodname="MapAreaSystemTest_DistanceCentersMatch" classname="PlayersWorlds.Maps.Areas.Evolving.SideToSideForceProducerTest" runstate="Runnable" seed="74542752" result="Passed" start-time="2024-01-05T19:32:39.0900760Z" end-time="2024-01-05T19:32:39.0902770Z" duration="0.000201" asserts="3">
                  <properties />
                </test-case>
                <test-case id="0-1724" name="MapAreaSystemTest_DistanceNegativeCollide" fullname="PlayersWorlds.Maps.Areas.Evolving.SideToSideForceProducerTest.MapAreaSystemTest_DistanceNegativeCollide" methodname="MapAreaSystemTest_DistanceNegativeCollide" classname="PlayersWorlds.Maps.Areas.Evolving.SideToSideForceProducerTest" runstate="Runnable" seed="1368290308" result="Passed" start-time="2024-01-05T19:32:39.0902830Z" end-time="2024-01-05T19:32:39.0904750Z" duration="0.000193" asserts="3">
                  <properties />
                </test-case>
                <test-case id="0-1722" name="MapAreaSystemTest_DistanceNegativeNormal" fullname="PlayersWorlds.Maps.Areas.Evolving.SideToSideForceProducerTest.MapAreaSystemTest_DistanceNegativeNormal" methodname="MapAreaSystemTest_DistanceNegativeNormal" classname="PlayersWorlds.Maps.Areas.Evolving.SideToSideForceProducerTest" runstate="Runnable" seed="1818040856" result="Passed" start-time="2024-01-05T19:32:39.0904810Z" end-time="2024-01-05T19:32:39.0906540Z" duration="0.000173" asserts="3">
                  <properties />
                </test-case>
                <test-case id="0-1723" name="MapAreaSystemTest_DistanceNegativeOverlap" fullname="PlayersWorlds.Maps.Areas.Evolving.SideToSideForceProducerTest.MapAreaSystemTest_DistanceNegativeOverlap" methodname="MapAreaSystemTest_DistanceNegativeOverlap" classname="PlayersWorlds.Maps.Areas.Evolving.SideToSideForceProducerTest" runstate="Runnable" seed="451463518" result="Passed" start-time="2024-01-05T19:32:39.0906590Z" end-time="2024-01-05T19:32:39.0908320Z" duration="0.000172" asserts="3">
                  <properties />
                </test-case>
                <test-case id="0-1720" name="MapAreaSystemTest_DistancePositiveCollide" fullname="PlayersWorlds.Maps.Areas.Evolving.SideToSideForceProducerTest.MapAreaSystemTest_DistancePositiveCollide" methodname="MapAreaSystemTest_DistancePositiveCollide" classname="PlayersWorlds.Maps.Areas.Evolving.SideToSideForceProducerTest" runstate="Runnable" seed="620090694" result="Passed" start-time="2024-01-05T19:32:39.0908380Z" end-time="2024-01-05T19:32:39.0910090Z" duration="0.000172" asserts="3">
                  <properties />
                </test-case>
                <test-case id="0-1718" name="MapAreaSystemTest_DistancePositiveNormal" fullname="PlayersWorlds.Maps.Areas.Evolving.SideToSideForceProducerTest.MapAreaSystemTest_DistancePositiveNormal" methodname="MapAreaSystemTest_DistancePositiveNormal" classname="PlayersWorlds.Maps.Areas.Evolving.SideToSideForceProducerTest" runstate="Runnable" seed="1417858975" result="Passed" start-time="2024-01-05T19:32:39.0910150Z" end-time="2024-01-05T19:32:39.0911850Z" duration="0.000170" asserts="3">
                  <properties />
                </test-case>
                <test-case id="0-1719" name="MapAreaSystemTest_DistancePositiveOverlap" fullname="PlayersWorlds.Maps.Areas.Evolving.SideToSideForceProducerTest.MapAreaSystemTest_DistancePositiveOverlap" methodname="MapAreaSystemTest_DistancePositiveOverlap" classname="PlayersWorlds.Maps.Areas.Evolving.SideToSideForceProducerTest" runstate="Runnable" seed="647163811" result="Passed" start-time="2024-01-05T19:32:39.0911900Z" end-time="2024-01-05T19:32:39.0913590Z" duration="0.000168" asserts="3">
                  <properties />
                </test-case>
              </test-suite>
            </test-suite>
            <test-suite type="TestFixture" id="0-1617" name="MapAreaTest" fullname="PlayersWorlds.Maps.Areas.MapAreaTest" classname="PlayersWorlds.Maps.Areas.MapAreaTest" runstate="Runnable" testcasecount="4" result="Passed" start-time="2024-01-05T19:32:39.0913880Z" end-time="2024-01-05T19:32:39.0932850Z" duration="0.001897" total="4" passed="4" failed="0" warnings="0" inconclusive="0" skipped="0" asserts="18">
              <properties />
              <test-case id="0-1620" name="Overlaps_ReturnsFalseIfDoesNotOverlap" fullname="PlayersWorlds.Maps.Areas.MapAreaTest.Overlaps_ReturnsFalseIfDoesNotOverlap" methodname="Overlaps_ReturnsFalseIfDoesNotOverlap" classname="PlayersWorlds.Maps.Areas.MapAreaTest" runstate="Runnable" seed="746129764" result="Passed" start-time="2024-01-05T19:32:39.0914310Z" end-time="2024-01-05T19:32:39.0915650Z" duration="0.000133" asserts="7">
                <properties />
              </test-case>
              <test-case id="0-1619" name="Overlaps_ReturnsTrueIfOverlaps" fullname="PlayersWorlds.Maps.Areas.MapAreaTest.Overlaps_ReturnsTrueIfOverlaps" methodname="Overlaps_ReturnsTrueIfOverlaps" classname="PlayersWorlds.Maps.Areas.MapAreaTest" runstate="Runnable" seed="1866143840" result="Passed" start-time="2024-01-05T19:32:39.0916750Z" end-time="2024-01-05T19:32:39.0917650Z" duration="0.000090" asserts="7">
                <properties />
              </test-case>
              <test-case id="0-1618" name="Overlaps_ThrowsIfSame" fullname="PlayersWorlds.Maps.Areas.MapAreaTest.Overlaps_ThrowsIfSame" methodname="Overlaps_ThrowsIfSame" classname="PlayersWorlds.Maps.Areas.MapAreaTest" runstate="Runnable" seed="948316472" result="Passed" start-time="2024-01-05T19:32:39.0917770Z" end-time="2024-01-05T19:32:39.0930420Z" duration="0.001265" asserts="2">
                <properties />
              </test-case>
              <test-case id="0-1621" name="Position_ThrowsIfNotInitialized" fullname="PlayersWorlds.Maps.Areas.MapAreaTest.Position_ThrowsIfNotInitialized" methodname="Position_ThrowsIfNotInitialized" classname="PlayersWorlds.Maps.Areas.MapAreaTest" runstate="Runnable" seed="581825675" result="Passed" start-time="2024-01-05T19:32:39.0930500Z" end-time="2024-01-05T19:32:39.0932740Z" duration="0.000224" asserts="2">
                <properties />
              </test-case>
            </test-suite>
          </test-suite>
          <test-suite type="TestFixture" id="0-1028" name="CellTest" fullname="PlayersWorlds.Maps.CellTest" classname="PlayersWorlds.Maps.CellTest" runstate="Runnable" testcasecount="4" result="Passed" start-time="2024-01-05T19:32:39.0933050Z" end-time="2024-01-05T19:32:39.0980640Z" duration="0.004758" total="4" passed="4" failed="0" warnings="0" inconclusive="0" skipped="0" asserts="21">
            <properties />
            <test-case id="0-1030" name="Map2D_CanAssignMapAreaOnce" fullname="PlayersWorlds.Maps.CellTest.Map2D_CanAssignMapAreaOnce" methodname="Map2D_CanAssignMapAreaOnce" classname="PlayersWorlds.Maps.CellTest" runstate="Runnable" seed="1317663524" result="Passed" start-time="2024-01-05T19:32:39.0933470Z" end-time="2024-01-05T19:32:39.0956180Z" duration="0.002271" asserts="3">
              <properties />
            </test-case>
            <test-case id="0-1032" name="Map2D_DoubleLinkingThrowsError" fullname="PlayersWorlds.Maps.CellTest.Map2D_DoubleLinkingThrowsError" methodname="Map2D_DoubleLinkingThrowsError" classname="PlayersWorlds.Maps.CellTest" runstate="Runnable" seed="768304737" result="Passed" start-time="2024-01-05T19:32:39.0956260Z" end-time="2024-01-05T19:32:39.0959860Z" duration="0.000360" asserts="1">
              <properties />
            </test-case>
            <test-case id="0-1029" name="Map2D_LinksAreMutual" fullname="PlayersWorlds.Maps.CellTest.Map2D_LinksAreMutual" methodname="Map2D_LinksAreMutual" classname="PlayersWorlds.Maps.CellTest" runstate="Runnable" seed="1830393781" result="Passed" start-time="2024-01-05T19:32:39.0959930Z" end-time="2024-01-05T19:32:39.0976790Z" duration="0.001686" asserts="10">
              <properties />
            </test-case>
            <test-case id="0-1031" name="Map2D_ToString" fullname="PlayersWorlds.Maps.CellTest.Map2D_ToString" methodname="Map2D_ToString" classname="PlayersWorlds.Maps.CellTest" runstate="Runnable" seed="1226178443" result="Passed" start-time="2024-01-05T19:32:39.0976870Z" end-time="2024-01-05T19:32:39.0980530Z" duration="0.000366" asserts="7">
              <properties />
            </test-case>
          </test-suite>
          <test-suite type="TestFixture" id="0-1562" name="DeadEndTest" fullname="PlayersWorlds.Maps.DeadEndTest" classname="PlayersWorlds.Maps.DeadEndTest" runstate="Runnable" testcasecount="1" result="Passed" start-time="2024-01-05T19:32:39.0980750Z" end-time="2024-01-05T19:32:39.1008440Z" duration="0.002769" total="1" passed="1" failed="0" warnings="0" inconclusive="0" skipped="0" asserts="7">
            <properties />
            <test-case id="0-1563" name="DeadEnd_CanFindDeadEnds" fullname="PlayersWorlds.Maps.DeadEndTest.DeadEnd_CanFindDeadEnds" methodname="DeadEnd_CanFindDeadEnds" classname="PlayersWorlds.Maps.DeadEndTest" runstate="Runnable" seed="23365610" result="Passed" start-time="2024-01-05T19:32:39.0981180Z" end-time="2024-01-05T19:32:39.1008320Z" duration="0.002714" asserts="7">
              <properties />
            </test-case>
          </test-suite>
          <test-suite type="TestFixture" id="0-1564" name="DijkstraDistanceTest" fullname="PlayersWorlds.Maps.DijkstraDistanceTest" classname="PlayersWorlds.Maps.DijkstraDistanceTest" runstate="Runnable" testcasecount="4" result="Passed" start-time="2024-01-05T19:32:39.1008560Z" end-time="2024-01-05T19:32:39.1375340Z" duration="0.036678" total="4" passed="4" failed="0" warnings="0" inconclusive="0" skipped="0" asserts="11">
            <properties />
            <test-case id="0-1568" name="DijkstraDistance_CanFindLongestTrail" fullname="PlayersWorlds.Maps.DijkstraDistanceTest.DijkstraDistance_CanFindLongestTrail" methodname="DijkstraDistance_CanFindLongestTrail" classname="PlayersWorlds.Maps.DijkstraDistanceTest" runstate="Runnable" seed="969358891" result="Passed" start-time="2024-01-05T19:32:39.1009270Z" end-time="2024-01-05T19:32:39.1042170Z" duration="0.003291" asserts="4">
              <properties />
            </test-case>
            <test-case id="0-1566" name="DijkstraDistance_CanSolveAMaze" fullname="PlayersWorlds.Maps.DijkstraDistanceTest.DijkstraDistance_CanSolveAMaze" methodname="DijkstraDistance_CanSolveAMaze" classname="PlayersWorlds.Maps.DijkstraDistanceTest" runstate="Runnable" seed="1872749787" result="Passed" start-time="2024-01-05T19:32:39.1042260Z" end-time="2024-01-05T19:32:39.1045690Z" duration="0.000343" asserts="4">
              <properties />
            </test-case>
            <test-case id="0-1565" name="DijkstraDistance_FindsAllDistances" fullname="PlayersWorlds.Maps.DijkstraDistanceTest.DijkstraDistance_FindsAllDistances" methodname="DijkstraDistance_FindsAllDistances" classname="PlayersWorlds.Maps.DijkstraDistanceTest" runstate="Runnable" seed="1399535210" result="Passed" start-time="2024-01-05T19:32:39.1045770Z" end-time="2024-01-05T19:32:39.1373410Z" duration="0.032764" asserts="2">
              <properties />
              <output><![CDATA[AldousBroderMazeGenerator: Generating maze 10x10 with PlayersWorlds.Maps.Maze.GeneratorOptions(Full, None, <null>, PlayersWorlds.Maps.Areas.RandomAreaGenerator+GeneratorSettings, <null>)
]]></output>
            </test-case>
            <test-case id="0-1567" name="DijkstraDistance_ReturnsEmptyIfNoSolutionFound" fullname="PlayersWorlds.Maps.DijkstraDistanceTest.DijkstraDistance_ReturnsEmptyIfNoSolutionFound" methodname="DijkstraDistance_ReturnsEmptyIfNoSolutionFound" classname="PlayersWorlds.Maps.DijkstraDistanceTest" runstate="Runnable" seed="1261139176" result="Passed" start-time="2024-01-05T19:32:39.1373530Z" end-time="2024-01-05T19:32:39.1375220Z" duration="0.000169" asserts="1">
              <properties />
            </test-case>
          </test-suite>
          <test-suite type="TestFixture" id="0-1005" name="ExtensionsTest" fullname="PlayersWorlds.Maps.ExtensionsTest" classname="PlayersWorlds.Maps.ExtensionsTest" runstate="Runnable" testcasecount="2" result="Passed" start-time="2024-01-05T19:32:39.1375460Z" end-time="2024-01-05T19:32:39.1380990Z" duration="0.000553" total="2" passed="2" failed="0" warnings="0" inconclusive="0" skipped="0" asserts="3">
            <properties />
            <test-case id="0-1007" name="TryDequeue_Dequeues" fullname="PlayersWorlds.Maps.ExtensionsTest.TryDequeue_Dequeues" methodname="TryDequeue_Dequeues" classname="PlayersWorlds.Maps.ExtensionsTest" runstate="Runnable" seed="1319200664" result="Passed" start-time="2024-01-05T19:32:39.1376120Z" end-time="2024-01-05T19:32:39.1380080Z" duration="0.000396" asserts="2">
              <properties />
            </test-case>
            <test-case id="0-1006" name="TryDequeue_DoesNotThrow" fullname="PlayersWorlds.Maps.ExtensionsTest.TryDequeue_DoesNotThrow" methodname="TryDequeue_DoesNotThrow" classname="PlayersWorlds.Maps.ExtensionsTest" runstate="Runnable" seed="470798832" result="Passed" start-time="2024-01-05T19:32:39.1380170Z" end-time="2024-01-05T19:32:39.1380890Z" duration="0.000072" asserts="1">
              <properties />
            </test-case>
          </test-suite>
          <test-suite type="TestFixture" id="0-1008" name="Map2DTest" fullname="PlayersWorlds.Maps.Map2DTest" classname="PlayersWorlds.Maps.Map2DTest" runstate="Runnable" testcasecount="5" result="Passed" start-time="2024-01-05T19:32:39.1381110Z" end-time="2024-01-05T19:32:39.1413140Z" duration="0.003204" total="5" passed="5" failed="0" warnings="0" inconclusive="0" skipped="0" asserts="21">
            <properties />
            <test-case id="0-1012" name="CellsAt_FourCellsFar" fullname="PlayersWorlds.Maps.Map2DTest.CellsAt_FourCellsFar" methodname="CellsAt_FourCellsFar" classname="PlayersWorlds.Maps.Map2DTest" runstate="Runnable" seed="660250945" result="Passed" start-time="2024-01-05T19:32:39.1381490Z" end-time="2024-01-05T19:32:39.1399220Z" duration="0.001774" asserts="5">
              <properties />
            </test-case>
            <test-case id="0-1009" name="CellsAt_OneCell" fullname="PlayersWorlds.Maps.Map2DTest.CellsAt_OneCell" methodname="CellsAt_OneCell" classname="PlayersWorlds.Maps.Map2DTest" runstate="Runnable" seed="763116856" result="Passed" start-time="2024-01-05T19:32:39.1399300Z" end-time="2024-01-05T19:32:39.1401570Z" duration="0.000227" asserts="2">
              <properties />
            </test-case>
            <test-case id="0-1013" name="CellsAt_OutOfBounds" fullname="PlayersWorlds.Maps.Map2DTest.CellsAt_OutOfBounds" methodname="CellsAt_OutOfBounds" classname="PlayersWorlds.Maps.Map2DTest" runstate="Runnable" seed="443312754" result="Passed" start-time="2024-01-05T19:32:39.1401650Z" end-time="2024-01-05T19:32:39.1405870Z" duration="0.000423" asserts="4">
              <properties />
            </test-case>
            <test-case id="0-1011" name="CellsAt_TreeByTwo" fullname="PlayersWorlds.Maps.Map2DTest.CellsAt_TreeByTwo" methodname="CellsAt_TreeByTwo" classname="PlayersWorlds.Maps.Map2DTest" runstate="Runnable" seed="1837278625" result="Passed" start-time="2024-01-05T19:32:39.1405940Z" end-time="2024-01-05T19:32:39.1410340Z" duration="0.000440" asserts="7">
              <properties />
            </test-case>
            <test-case id="0-1010" name="CellsAt_TwoCells" fullname="PlayersWorlds.Maps.Map2DTest.CellsAt_TwoCells" methodname="CellsAt_TwoCells" classname="PlayersWorlds.Maps.Map2DTest" runstate="Runnable" seed="1074827580" result="Passed" start-time="2024-01-05T19:32:39.1410410Z" end-time="2024-01-05T19:32:39.1413000Z" duration="0.000259" asserts="3">
              <properties />
            </test-case>
          </test-suite>
          <test-suite type="TestFixture" id="0-1577" name="Maze2DRendererTest" fullname="PlayersWorlds.Maps.Maze2DRendererTest" classname="PlayersWorlds.Maps.Maze2DRendererTest" runstate="Runnable" testcasecount="8" result="Passed" start-time="2024-01-05T19:32:39.1413260Z" end-time="2024-01-05T19:32:39.1601060Z" duration="0.018779" total="8" passed="8" failed="0" warnings="0" inconclusive="0" skipped="0" asserts="57">
            <properties />
            <test-case id="0-1578" name="CanRenderAMapWithAntiAliasing" fullname="PlayersWorlds.Maps.Maze2DRendererTest.CanRenderAMapWithAntiAliasing" methodname="CanRenderAMapWithAntiAliasing" classname="PlayersWorlds.Maps.Maze2DRendererTest" runstate="Runnable" seed="199437317" result="Passed" start-time="2024-01-05T19:32:39.1413670Z" end-time="2024-01-05T19:32:39.1466390Z" duration="0.005271" asserts="1">
              <properties />
              <output><![CDATA[0000000000000
▓▓▓▓▓▓▓▓▓0000
▓░░░░░░░▓▓000
▓░▒▓▓▓▒░▒▓▓▓▓
▓░▓▓▓▓▓░░░░░▓
▓░▓▓▓▓▓░░░░░▓
▓░▓▓▓▓▓▓▓▓▓▓▓
▓░▒▓▓▓▓▓▓▓▓▓▓
▓░░░░░▓▓▓▓░░▓
▓░░░░░▒▓▓▒░░▓
▓░░░░░░░░░░░▓
▓░░░░░░░░░░░▓
▓▓▓▓▓▓▓▓▓▓▓▓▓
0000000000000

]]></output>
            </test-case>
            <test-case id="0-1580" name="CanRenderAMapWithFilledAreas" fullname="PlayersWorlds.Maps.Maze2DRendererTest.CanRenderAMapWithFilledAreas" methodname="CanRenderAMapWithFilledAreas" classname="PlayersWorlds.Maps.Maze2DRendererTest" runstate="Runnable" seed="909334667" result="Passed" start-time="2024-01-05T19:32:39.1467780Z" end-time="2024-01-05T19:32:39.1480710Z" duration="0.001294" asserts="1">
              <properties />
              <output><![CDATA[0▓▓▓▓▓▓▓▓▓▓▓▓▓▓00000
0▓░░░░░░░░░░░░▓00000
0▓░░▒▓▓▓▓▓▒░░░▓▓0000
0▓░░▓▓000░▓░░░▒▓▓▓▓0
0▓░░▓00000▓░░░░░░░▓0
0▓░░▓00000▓▓▓▓▓▓▓▓▓0
0▓░░▓0000000000▓░░▓0
0▓░░▓0000000000▓░░▓0
0▓░░▓▓00000000▓▓░░▓0
0▓░░▒▓▓▓▓▓▓▓▓▓▓▒░░▓0
0▓░░░░░░░░░░░░░░░░▓0
0▓▓▓▓▓▓▓▓▓▓▓▓▓▓▓▓▓▓0

0▓▓▓▓▓▓▓▓▓▓▓▓▓▓00000
0▓░░░░░░░░░░░░▓00000
0▓░░▒▓▓▓▓▓▒░░░▓▓0000
0▓░░▓▓000░▓░░░▒▓▓▓▓0
0▓░░▓00000▓░░░░░░░▓0
0▓░░▓00000▓▓▓▓▓▓▓▓▓0
0▓░░▓0000000000▓░░▓0
0▓░░▓0000000000▓░░▓0
0▓░░▓▓00000000▓▓░░▓0
0▓░░▒▓▓▓▓▓▓▓▓▓▓▒░░▓0
0▓░░░░░░░░░░░░░░░░▓0
0▓▓▓▓▓▓▓▓▓▓▓▓▓▓▓▓▓▓0

]]></output>
            </test-case>
            <test-case id="0-1581" name="CanRenderAMapWithHallAreas" fullname="PlayersWorlds.Maps.Maze2DRendererTest.CanRenderAMapWithHallAreas" methodname="CanRenderAMapWithHallAreas" classname="PlayersWorlds.Maps.Maze2DRendererTest" runstate="Runnable" seed="1918128551" result="Passed" start-time="2024-01-05T19:32:39.1480810Z" end-time="2024-01-05T19:32:39.1495750Z" duration="0.001495" asserts="1">
              <properties />
              <output><![CDATA[0▓▓▓▓▓▓▓▓▓▓▓▓▓▓00000
0▓░░░░░░░░░░░░▓00000
0▓░░▒▓▓▓▓▓▒░░░▓▓0000
0▓░░▓▓▓▓▓▓▓░░░▒▓▓▓▓0
0▓░░▓▓▓▓▓▓▓░░░░░░░▓0
0▓░░▒▓▓▓▓▓▓▓▓▓▓▓▓▓▓0
0▓░░░░░░░░░░░░░░░░▓0
0▓░░░░░░░░░░░░░░░░▓0
0▓░░░░░░░░░░░░░░░░▓0
0▓░░░░░░░░░░░░░░░░▓0
0▓░░░░░░░░░░░░░░░░▓0
0▓▓▓▓▓▓▓▓▓▓▓▓▓▓▓▓▓▓0

0▓▓▓▓▓▓▓▓▓▓▓▓▓▓00000
0▓░░░░░░░░░░░░▓00000
0▓░░▒▓▓▓▓▓▒░░░▓▓0000
0▓░░▓▓▓▓▓▓▓░░░▒▓▓▓▓0
0▓░░▓▓▓▓▓▓▓░░░░░░░▓0
0▓░░▒▓▓▓▓▓▓▓▓▓▓▓▓▓▓0
0▓░░░░░░░░░░░░░░░░▓0
0▓░░░░░░░░░░░░░░░░▓0
0▓░░░░░░░░░░░░░░░░▓0
0▓░░░░░░░░░░░░░░░░▓0
0▓░░░░░░░░░░░░░░░░▓0
0▓▓▓▓▓▓▓▓▓▓▓▓▓▓▓▓▓▓0

]]></output>
            </test-case>
            <test-case id="0-1579" name="CanRenderAMapWithVoids" fullname="PlayersWorlds.Maps.Maze2DRendererTest.CanRenderAMapWithVoids" methodname="CanRenderAMapWithVoids" classname="PlayersWorlds.Maps.Maze2DRendererTest" runstate="Runnable" seed="1985762864" result="Passed" start-time="2024-01-05T19:32:39.1495860Z" end-time="2024-01-05T19:32:39.1505740Z" duration="0.000989" asserts="1">
              <properties />
              <output><![CDATA[0▓▓▓▓▓▓▓▓▓▓▓▓▓▓00000
0▓░░░░░░░░░░░░▓00000
0▓░░▒▓▓▓▓▓▒░░░▓▓0000
0▓░░▓▓▓▓▓▓▓░░░▒▓▓▓▓0
0▓░░▓▓▓▓▓▓▓░░░░░░░▓0
0▓░░▒▓▓▓▓▓▓▓▓▓▓▓▓▓▓0
0▓░░░░░░░▓00000▓░░▓0
0▓░░░░░░░▓00000▓░░▓0
0▓░░░░░░░▓▓▓▓▓▓▓░░▓0
0▓░░░░░░░▒▓▓▓▓▓▒░░▓0
0▓░░░░░░░░░░░░░░░░▓0
0▓▓▓▓▓▓▓▓▓▓▓▓▓▓▓▓▓▓0

0▓▓▓▓▓▓▓▓▓▓▓▓▓▓00000
0▓░░░░░░░░░░░░▓00000
0▓░░▒▓▓▓▓▓▒░░░▓▓0000
0▓░░▓▓▓▓▓▓▓░░░▒▓▓▓▓0
0▓░░▓▓▓▓▓▓▓░░░░░░░▓0
0▓░░▒▓▓▓▓▓▓▓▓▓▓▓▓▓▓0
0▓░░░░░░░▓00000▓░░▓0
0▓░░░░░░░▓00000▓░░▓0
0▓░░░░░░░▓▓▓▓▓▓▓░░▓0
0▓░░░░░░░▒▓▓▓▓▓▒░░▓0
0▓░░░░░░░░░░░░░░░░▓0
0▓▓▓▓▓▓▓▓▓▓▓▓▓▓▓▓▓▓0

]]></output>
            </test-case>
            <test-case id="0-1585" name="CellsMapping_ValidMapping" fullname="PlayersWorlds.Maps.Maze2DRendererTest.CellsMapping_ValidMapping" methodname="CellsMapping_ValidMapping" classname="PlayersWorlds.Maps.Maze2DRendererTest" runstate="Runnable" seed="643401972" result="Passed" start-time="2024-01-05T19:32:39.1505840Z" end-time="2024-01-05T19:32:39.1548340Z" duration="0.004250" asserts="45">
              <properties />
            </test-case>
            <test-case id="0-1582" name="Maze2DAsciiBoxRenderer_CanConvertToAscii" fullname="PlayersWorlds.Maps.Maze2DRendererTest.Maze2DAsciiBoxRenderer_CanConvertToAscii" methodname="Maze2DAsciiBoxRenderer_CanConvertToAscii" classname="PlayersWorlds.Maps.Maze2DRendererTest" runstate="Runnable" seed="632840367" result="Passed" start-time="2024-01-05T19:32:39.1548450Z" end-time="2024-01-05T19:32:39.1584220Z" duration="0.003577" asserts="1">
              <properties />
              <output><![CDATA[┌───────────┐    
│           │    
│   ┌───┐   └───┐
│   │   │       │
│   └───┼───┬───┤
│       │   │   │
│   ┼   └───┘   │
│               │
└───────────────┘

]]></output>
            </test-case>
            <test-case id="0-1583" name="Maze2DAsciiBoxRenderer_CanConvertToAsciiWithData" fullname="PlayersWorlds.Maps.Maze2DRendererTest.Maze2DAsciiBoxRenderer_CanConvertToAsciiWithData" methodname="Maze2DAsciiBoxRenderer_CanConvertToAsciiWithData" classname="PlayersWorlds.Maps.Maze2DRendererTest" runstate="Runnable" seed="1968688670" result="Passed" start-time="2024-01-05T19:32:39.1584330Z" end-time="2024-01-05T19:32:39.1594840Z" duration="0.001051" asserts="1">
              <properties />
              <output><![CDATA[┌───────────┐    
│ 4   3   2 │    
│   ┌───┐   └───┐
│ 5 │   │ 1   0 │
│   └───┼───┬───┤
│ 6     │   │ b │
│   ┼   └───┘   │
│ 7   8   9   a │
└───────────────┘

]]></output>
            </test-case>
            <test-case id="0-1584" name="Maze2DToMap2DConverter_ThrowsIfInvalidOptions" fullname="PlayersWorlds.Maps.Maze2DRendererTest.Maze2DToMap2DConverter_ThrowsIfInvalidOptions" methodname="Maze2DToMap2DConverter_ThrowsIfInvalidOptions" classname="PlayersWorlds.Maps.Maze2DRendererTest" runstate="Runnable" seed="673359306" result="Passed" start-time="2024-01-05T19:32:39.1594950Z" end-time="2024-01-05T19:32:39.1600910Z" duration="0.000596" asserts="6">
              <properties />
            </test-case>
          </test-suite>
          <test-suite type="TestFixture" id="0-1014" name="Maze2DTest" fullname="PlayersWorlds.Maps.Maze2DTest" classname="PlayersWorlds.Maps.Maze2DTest" runstate="Runnable" testcasecount="13" result="Passed" start-time="2024-01-05T19:32:39.1601180Z" end-time="2024-01-05T19:32:39.2042930Z" duration="0.044175" total="13" passed="13" failed="0" warnings="0" inconclusive="0" skipped="0" asserts="177">
            <properties />
            <test-case id="0-1021" name="Maze2D_AddsNoRoomsToASmallMaze" fullname="PlayersWorlds.Maps.Maze2DTest.Maze2D_AddsNoRoomsToASmallMaze" methodname="Maze2D_AddsNoRoomsToASmallMaze" classname="PlayersWorlds.Maps.Maze2DTest" runstate="Runnable" seed="1308363034" result="Passed" start-time="2024-01-05T19:32:39.1601550Z" end-time="2024-01-05T19:32:39.1633620Z" duration="0.003207" asserts="1">
              <properties />
              <output><![CDATA[AldousBroderMazeGenerator: Generating maze 3x3 with PlayersWorlds.Maps.Maze.GeneratorOptions(Full, Auto, <null>, PlayersWorlds.Maps.Areas.RandomAreaGenerator+GeneratorSettings, <null>)
]]></output>
            </test-case>
            <test-case id="0-1020" name="Maze2D_AddsNoRoomsWhenNoneRequested" fullname="PlayersWorlds.Maps.Maze2DTest.Maze2D_AddsNoRoomsWhenNoneRequested" methodname="Maze2D_AddsNoRoomsWhenNoneRequested" classname="PlayersWorlds.Maps.Maze2DTest" runstate="Runnable" seed="1222043451" result="Passed" start-time="2024-01-05T19:32:39.1633730Z" end-time="2024-01-05T19:32:39.1838420Z" duration="0.020469" asserts="1">
              <properties />
              <output><![CDATA[AldousBroderMazeGenerator: Generating maze 10x10 with PlayersWorlds.Maps.Maze.GeneratorOptions(Full, Manual, <null>, PlayersWorlds.Maps.Areas.RandomAreaGenerator+GeneratorSettings, <null>)
]]></output>
            </test-case>
            <test-case id="0-1024" name="Maze2D_AddsOneFill" fullname="PlayersWorlds.Maps.Maze2DTest.Maze2D_AddsOneFill" methodname="Maze2D_AddsOneFill" classname="PlayersWorlds.Maps.Maze2DTest" runstate="Runnable" seed="2101410707" result="Passed" start-time="2024-01-05T19:32:39.1838530Z" end-time="2024-01-05T19:32:39.1876340Z" duration="0.003781" asserts="1">
              <properties />
              <output><![CDATA[AldousBroderMazeGenerator: Generating maze 5x5 with PlayersWorlds.Maps.Maze.GeneratorOptions(Full, Manual, List`1<MapArea>(P2x1;S2x2;Fill), PlayersWorlds.Maps.Areas.RandomAreaGenerator+GeneratorSettings, <null>)
]]></output>
            </test-case>
            <test-case id="0-1023" name="Maze2D_AddsOneHall" fullname="PlayersWorlds.Maps.Maze2DTest.Maze2D_AddsOneHall" methodname="Maze2D_AddsOneHall" classname="PlayersWorlds.Maps.Maze2DTest" runstate="Runnable" seed="640028584" result="Passed" start-time="2024-01-05T19:32:39.1876440Z" end-time="2024-01-05T19:32:39.1907340Z" duration="0.003089" asserts="1">
              <properties />
              <output><![CDATA[AldousBroderMazeGenerator: Generating maze 5x5 with PlayersWorlds.Maps.Maze.GeneratorOptions(Full, Manual, List`1<MapArea>(P2x1;S2x2;Hall), PlayersWorlds.Maps.Areas.RandomAreaGenerator+GeneratorSettings, <null>)
]]></output>
            </test-case>
            <test-case id="0-1022" name="Maze2D_AddsRooms" fullname="PlayersWorlds.Maps.Maze2DTest.Maze2D_AddsRooms" methodname="Maze2D_AddsRooms" classname="PlayersWorlds.Maps.Maze2DTest" runstate="Runnable" seed="1964384133" result="Passed" start-time="2024-01-05T19:32:39.1907470Z" end-time="2024-01-05T19:32:39.1973680Z" duration="0.006622" asserts="1">
              <properties />
              <output><![CDATA[AldousBroderMazeGenerator: Generating maze 5x5 with PlayersWorlds.Maps.Maze.GeneratorOptions(Full, Auto, <null>, PlayersWorlds.Maps.Areas.RandomAreaGenerator+GeneratorSettings, <null>)
]]></output>
            </test-case>
            <test-case id="0-1026" name="Maze2D_CanParse" fullname="PlayersWorlds.Maps.Maze2DTest.Maze2D_CanParse" methodname="Maze2D_CanParse" classname="PlayersWorlds.Maps.Maze2DTest" runstate="Runnable" seed="1887317061" result="Passed" start-time="2024-01-05T19:32:39.1973790Z" end-time="2024-01-05T19:32:39.1979590Z" duration="0.000580" asserts="16">
              <properties />
              <output><![CDATA[┌───────────┐
│           │
├───╴   ┌───┤
│       │   │
│   ╷   ╵   │
│   │       │
└───┴───────┘

]]></output>
            </test-case>
            <test-case id="0-1027" name="Maze2D_CanParse2" fullname="PlayersWorlds.Maps.Maze2DTest.Maze2D_CanParse2" methodname="Maze2D_CanParse2" classname="PlayersWorlds.Maps.Maze2DTest" runstate="Runnable" seed="1799723575" result="Passed" start-time="2024-01-05T19:32:39.1979660Z" end-time="2024-01-05T19:32:39.1980420Z" duration="0.000076" asserts="1">
              <properties />
            </test-case>
            <test-case id="0-1019" name="Maze2D_CanRenderMap" fullname="PlayersWorlds.Maps.Maze2DTest.Maze2D_CanRenderMap" methodname="Maze2D_CanRenderMap" classname="PlayersWorlds.Maps.Maze2DTest" runstate="Runnable" seed="2126903492" result="Passed" start-time="2024-01-05T19:32:39.1980480Z" end-time="2024-01-05T19:32:39.1995920Z" duration="0.001544" asserts="1">
              <properties />
              <output><![CDATA[AldousBroderMazeGenerator: Generating maze 3x3 with PlayersWorlds.Maps.Maze.GeneratorOptions(Full, None, <null>, PlayersWorlds.Maps.Areas.RandomAreaGenerator+GeneratorSettings, <null>)
]]></output>
            </test-case>
            <test-case id="0-1018" name="Maze2D_CellsNeighborsAreValid" fullname="PlayersWorlds.Maps.Maze2DTest.Maze2D_CellsNeighborsAreValid" methodname="Maze2D_CellsNeighborsAreValid" classname="PlayersWorlds.Maps.Maze2DTest" runstate="Runnable" seed="894661237" result="Passed" start-time="2024-01-05T19:32:39.1996010Z" end-time="2024-01-05T19:32:39.2011080Z" duration="0.001507" asserts="136">
              <properties />
            </test-case>
            <test-case id="0-1025" name="Maze2D_HasAttributesSet" fullname="PlayersWorlds.Maps.Maze2DTest.Maze2D_HasAttributesSet" methodname="Maze2D_HasAttributesSet" classname="PlayersWorlds.Maps.Maze2DTest" runstate="Runnable" seed="1061277003" result="Passed" start-time="2024-01-05T19:32:39.2011170Z" end-time="2024-01-05T19:32:39.2020420Z" duration="0.000925" asserts="2">
              <properties />
              <output><![CDATA[AldousBroderMazeGenerator: Generating maze 3x3 with PlayersWorlds.Maps.Maze.GeneratorOptions(Full, None, <null>, PlayersWorlds.Maps.Areas.RandomAreaGenerator+GeneratorSettings, <null>)
]]></output>
            </test-case>
            <test-case id="0-1015" name="Maze2D_IsInitialized" fullname="PlayersWorlds.Maps.Maze2DTest.Maze2D_IsInitialized" methodname="Maze2D_IsInitialized" classname="PlayersWorlds.Maps.Maze2DTest" runstate="Runnable" seed="2107259362" result="Passed" start-time="2024-01-05T19:32:39.2020540Z" end-time="2024-01-05T19:32:39.2022110Z" duration="0.000158" asserts="4">
              <properties />
            </test-case>
            <test-case id="0-1017" name="Maze2D_ToMapWrongOptions" fullname="PlayersWorlds.Maps.Maze2DTest.Maze2D_ToMapWrongOptions" methodname="Maze2D_ToMapWrongOptions" classname="PlayersWorlds.Maps.Maze2DTest" runstate="Runnable" seed="418161965" result="Passed" start-time="2024-01-05T19:32:39.2022180Z" end-time="2024-01-05T19:32:39.2039650Z" duration="0.001747" asserts="7">
              <properties />
            </test-case>
            <test-case id="0-1016" name="Maze2D_WrongSize" fullname="PlayersWorlds.Maps.Maze2DTest.Maze2D_WrongSize" methodname="Maze2D_WrongSize" classname="PlayersWorlds.Maps.Maze2DTest" runstate="Runnable" seed="13333730" result="Passed" start-time="2024-01-05T19:32:39.2039740Z" end-time="2024-01-05T19:32:39.2042810Z" duration="0.000307" asserts="5">
              <properties />
            </test-case>
          </test-suite>
          <test-suite type="TestFixture" id="0-1033" name="MazeGeneratorTest" fullname="PlayersWorlds.Maps.MazeGeneratorTest" classname="PlayersWorlds.Maps.MazeGeneratorTest" runstate="Runnable" testcasecount="525" result="Passed" start-time="2024-01-05T19:32:39.2043100Z" end-time="2024-01-05T19:32:39.2979700Z" duration="0.093660" total="21" passed="21" failed="0" warnings="0" inconclusive="0" skipped="0" asserts="37">
            <properties />
            <test-suite type="ParameterizedMethod" id="0-1561" name="CanFindPaths" fullname="PlayersWorlds.Maps.MazeGeneratorTest.CanFindPaths" classname="PlayersWorlds.Maps.MazeGeneratorTest" runstate="Runnable" testcasecount="6" result="Passed" start-time="2024-01-05T19:32:39.2043500Z" end-time="2024-01-05T19:32:39.2136290Z" duration="0.009280" total="6" passed="6" failed="0" warnings="0" inconclusive="0" skipped="0" asserts="12">
              <properties />
              <test-case id="0-1555" name="CanFindPaths(PlayersWorlds.Maps.Maze.AldousBroderMazeGenerator)" fullname="PlayersWorlds.Maps.MazeGeneratorTest.CanFindPaths(PlayersWorlds.Maps.Maze.AldousBroderMazeGenerator)" methodname="CanFindPaths" classname="PlayersWorlds.Maps.MazeGeneratorTest" runstate="Runnable" seed="2065543215" result="Passed" start-time="2024-01-05T19:32:39.2043650Z" end-time="2024-01-05T19:32:39.2057510Z" duration="0.001387" asserts="2">
                <properties />
              </test-case>
              <test-case id="0-1556" name="CanFindPaths(PlayersWorlds.Maps.Maze.BinaryTreeMazeGenerator)" fullname="PlayersWorlds.Maps.MazeGeneratorTest.CanFindPaths(PlayersWorlds.Maps.Maze.BinaryTreeMazeGenerator)" methodname="CanFindPaths" classname="PlayersWorlds.Maps.MazeGeneratorTest" runstate="Runnable" seed="1343990026" result="Passed" start-time="2024-01-05T19:32:39.2057580Z" end-time="2024-01-05T19:32:39.2107130Z" duration="0.004955" asserts="2">
                <properties />
              </test-case>
              <test-case id="0-1557" name="CanFindPaths(PlayersWorlds.Maps.Maze.HuntAndKillMazeGenerator)" fullname="PlayersWorlds.Maps.MazeGeneratorTest.CanFindPaths(PlayersWorlds.Maps.Maze.HuntAndKillMazeGenerator)" methodname="CanFindPaths" classname="PlayersWorlds.Maps.MazeGeneratorTest" runstate="Runnable" seed="1260002978" result="Passed" start-time="2024-01-05T19:32:39.2107230Z" end-time="2024-01-05T19:32:39.2114670Z" duration="0.000744" asserts="2">
                <properties />
              </test-case>
              <test-case id="0-1558" name="CanFindPaths(PlayersWorlds.Maps.Maze.RecursiveBacktrackerMazeGenerator)" fullname="PlayersWorlds.Maps.MazeGeneratorTest.CanFindPaths(PlayersWorlds.Maps.Maze.RecursiveBacktrackerMazeGenerator)" methodname="CanFindPaths" classname="PlayersWorlds.Maps.MazeGeneratorTest" runstate="Runnable" seed="389455339" result="Passed" start-time="2024-01-05T19:32:39.2114760Z" end-time="2024-01-05T19:32:39.2124090Z" duration="0.000933" asserts="2">
                <properties />
              </test-case>
              <test-case id="0-1559" name="CanFindPaths(PlayersWorlds.Maps.Maze.SidewinderMazeGenerator)" fullname="PlayersWorlds.Maps.MazeGeneratorTest.CanFindPaths(PlayersWorlds.Maps.Maze.SidewinderMazeGenerator)" methodname="CanFindPaths" classname="PlayersWorlds.Maps.MazeGeneratorTest" runstate="Runnable" seed="958495883" result="Passed" start-time="2024-01-05T19:32:39.2124190Z" end-time="2024-01-05T19:32:39.2128450Z" duration="0.000426" asserts="2">
                <properties />
              </test-case>
              <test-case id="0-1560" name="CanFindPaths(PlayersWorlds.Maps.Maze.WilsonsMazeGenerator)" fullname="PlayersWorlds.Maps.MazeGeneratorTest.CanFindPaths(PlayersWorlds.Maps.Maze.WilsonsMazeGenerator)" methodname="CanFindPaths" classname="PlayersWorlds.Maps.MazeGeneratorTest" runstate="Runnable" seed="1199688258" result="Passed" start-time="2024-01-05T19:32:39.2128510Z" end-time="2024-01-05T19:32:39.2136180Z" duration="0.000767" asserts="2">
                <properties />
              </test-case>
            </test-suite>
            <test-suite type="ParameterizedMethod" id="0-1040" name="CanGenerateMazes" fullname="PlayersWorlds.Maps.MazeGeneratorTest.CanGenerateMazes" classname="PlayersWorlds.Maps.MazeGeneratorTest" runstate="Runnable" testcasecount="6" result="Passed" start-time="2024-01-05T19:32:39.2136370Z" end-time="2024-01-05T19:32:39.2178320Z" duration="0.004194" total="6" passed="6" failed="0" warnings="0" inconclusive="0" skipped="0" asserts="12">
              <properties />
              <test-case id="0-1034" name="CanGenerateMazes(PlayersWorlds.Maps.Maze.AldousBroderMazeGenerator)" fullname="PlayersWorlds.Maps.MazeGeneratorTest.CanGenerateMazes(PlayersWorlds.Maps.Maze.AldousBroderMazeGenerator)" methodname="CanGenerateMazes" classname="PlayersWorlds.Maps.MazeGeneratorTest" runstate="Runnable" seed="587857605" result="Passed" start-time="2024-01-05T19:32:39.2136500Z" end-time="2024-01-05T19:32:39.2151620Z" duration="0.001512" asserts="2">
                <properties />
                <output><![CDATA[AldousBroderMazeGenerator: Generating maze 3x4 with PlayersWorlds.Maps.Maze.GeneratorOptions(Full, None, <null>, PlayersWorlds.Maps.Areas.RandomAreaGenerator+GeneratorSettings, <null>)
]]></output>
              </test-case>
              <test-case id="0-1035" name="CanGenerateMazes(PlayersWorlds.Maps.Maze.BinaryTreeMazeGenerator)" fullname="PlayersWorlds.Maps.MazeGeneratorTest.CanGenerateMazes(PlayersWorlds.Maps.Maze.BinaryTreeMazeGenerator)" methodname="CanGenerateMazes" classname="PlayersWorlds.Maps.MazeGeneratorTest" runstate="Runnable" seed="1705439592" result="Passed" start-time="2024-01-05T19:32:39.2151720Z" end-time="2024-01-05T19:32:39.2153110Z" duration="0.000139" asserts="2">
                <properties />
                <output><![CDATA[BinaryTreeMazeGenerator: Generating maze 3x4 with PlayersWorlds.Maps.Maze.GeneratorOptions(Full, None, <null>, PlayersWorlds.Maps.Areas.RandomAreaGenerator+GeneratorSettings, <null>)
]]></output>
              </test-case>
              <test-case id="0-1036" name="CanGenerateMazes(PlayersWorlds.Maps.Maze.HuntAndKillMazeGenerator)" fullname="PlayersWorlds.Maps.MazeGeneratorTest.CanGenerateMazes(PlayersWorlds.Maps.Maze.HuntAndKillMazeGenerator)" methodname="CanGenerateMazes" classname="PlayersWorlds.Maps.MazeGeneratorTest" runstate="Runnable" seed="1505261968" result="Passed" start-time="2024-01-05T19:32:39.2153180Z" end-time="2024-01-05T19:32:39.2157200Z" duration="0.000403" asserts="2">
                <properties />
                <output><![CDATA[HuntAndKillMazeGenerator: Generating maze 3x4 with PlayersWorlds.Maps.Maze.GeneratorOptions(Full, None, <null>, PlayersWorlds.Maps.Areas.RandomAreaGenerator+GeneratorSettings, <null>)
]]></output>
              </test-case>
              <test-case id="0-1037" name="CanGenerateMazes(PlayersWorlds.Maps.Maze.RecursiveBacktrackerMazeGenerator)" fullname="PlayersWorlds.Maps.MazeGeneratorTest.CanGenerateMazes(PlayersWorlds.Maps.Maze.RecursiveBacktrackerMazeGenerator)" methodname="CanGenerateMazes" classname="PlayersWorlds.Maps.MazeGeneratorTest" runstate="Runnable" seed="1663243375" result="Passed" start-time="2024-01-05T19:32:39.2157280Z" end-time="2024-01-05T19:32:39.2161230Z" duration="0.000396" asserts="2">
                <properties />
                <output><![CDATA[RecursiveBacktrackerMazeGenerator: Generating maze 3x4 with PlayersWorlds.Maps.Maze.GeneratorOptions(Full, None, <null>, PlayersWorlds.Maps.Areas.RandomAreaGenerator+GeneratorSettings, <null>)
]]></output>
              </test-case>
              <test-case id="0-1038" name="CanGenerateMazes(PlayersWorlds.Maps.Maze.SidewinderMazeGenerator)" fullname="PlayersWorlds.Maps.MazeGeneratorTest.CanGenerateMazes(PlayersWorlds.Maps.Maze.SidewinderMazeGenerator)" methodname="CanGenerateMazes" classname="PlayersWorlds.Maps.MazeGeneratorTest" runstate="Runnable" seed="200113163" result="Passed" start-time="2024-01-05T19:32:39.2161300Z" end-time="2024-01-05T19:32:39.2162450Z" duration="0.000115" asserts="2">
                <properties />
                <output><![CDATA[SidewinderMazeGenerator: Generating maze 3x4 with PlayersWorlds.Maps.Maze.GeneratorOptions(Full, None, <null>, PlayersWorlds.Maps.Areas.RandomAreaGenerator+GeneratorSettings, <null>)
]]></output>
              </test-case>
              <test-case id="0-1039" name="CanGenerateMazes(PlayersWorlds.Maps.Maze.WilsonsMazeGenerator)" fullname="PlayersWorlds.Maps.MazeGeneratorTest.CanGenerateMazes(PlayersWorlds.Maps.Maze.WilsonsMazeGenerator)" methodname="CanGenerateMazes" classname="PlayersWorlds.Maps.MazeGeneratorTest" runstate="Runnable" seed="2006067105" result="Passed" start-time="2024-01-05T19:32:39.2162510Z" end-time="2024-01-05T19:32:39.2178220Z" duration="0.001571" asserts="2">
                <properties />
                <output><![CDATA[WilsonsMazeGenerator: Generating maze 3x4 with PlayersWorlds.Maps.Maze.GeneratorOptions(Full, None, <null>, PlayersWorlds.Maps.Areas.RandomAreaGenerator+GeneratorSettings, <null>)
]]></output>
              </test-case>
            </test-suite>
            <test-case id="0-1043" name="IsFillComplete_Full" fullname="PlayersWorlds.Maps.MazeGeneratorTest.IsFillComplete_Full" methodname="IsFillComplete_Full" classname="PlayersWorlds.Maps.MazeGeneratorTest" runstate="Runnable" seed="1280111847" result="Passed" start-time="2024-01-05T19:32:39.2178390Z" end-time="2024-01-05T19:32:39.2444530Z" duration="0.026614" asserts="1">
              <properties />
              <output><![CDATA[AldousBroderMazeGenerator: Generating maze 10x10 with PlayersWorlds.Maps.Maze.GeneratorOptions(Full, None, <null>, PlayersWorlds.Maps.Areas.RandomAreaGenerator+GeneratorSettings, <null>)
┌───────────────────────────┬───────────┐
│         11  10  f         │ 0   1   2 │
│   ┌───╴   ┌───╴   ┌───────┴───┬───╴   │
│   │     12│     e │           │     3 │
│   ├───╴   │   ╷   ╵   ╶───────┼───╴   │
│   │ 14  13│   │ d   c   b     │     4 │
│   │   ╶───┼───┴───┐   ╷   ╶───┼───┐   │
│   │ 15  16│       │   │ a     │   │ 5 │
│   ├───╴   ╵   ┌───┤   │   ╶───┘   ╵   │
│   │ 18  17    │   │   │ 9   8   7   6 │
│   │   ┌───┬───┘   └───┴───┬───────────┤
│   │ 19│   │               │ 2d  2e  2f│
├───┘   │   └───────╴   ╶───┤   ┌───┐   │
│     1a│         21  22  23│ 2c│   │ 30│
├───╴   │   ┌───╴   ╶───┐   │   ╵   │   │
│     1b│   │     20    │ 24│ 2b  2a│ 31│
├───╴   └───┴───╴   ┌───┤   └───┐   └───┤
│     1c  1d  1e  1f│   │ 25  26│ 29    │
├───╴   ╶───────────┘   ├───╴   ╵   ╷   │
│                       │     27  28│   │
└───────────────────────┴───────────┴───┘

]]></output>
            </test-case>
            <test-case id="0-1048" name="IsFillComplete_FullHeight" fullname="PlayersWorlds.Maps.MazeGeneratorTest.IsFillComplete_FullHeight" methodname="IsFillComplete_FullHeight" classname="PlayersWorlds.Maps.MazeGeneratorTest" runstate="Runnable" seed="1910446608" result="Passed" start-time="2024-01-05T19:32:39.2444630Z" end-time="2024-01-05T19:32:39.2491630Z" duration="0.004699" asserts="1">
              <properties />
              <output><![CDATA[AldousBroderMazeGenerator: Generating maze 10x10 with PlayersWorlds.Maps.Maze.GeneratorOptions(FullHeight, None, <null>, PlayersWorlds.Maps.Areas.RandomAreaGenerator+GeneratorSettings, <null>)
    ┌───┐           ┌───────┬───┬───────┐
    │ 0 │           │       │   │       │
┌───┘   │       ┌───┴───╴   ╵   └───╴   │
│     1 │       │ 6   7   8   9   a     │
└───┐   └───────┘   ┌───┬───────┐   ┌───┘
    │ 2   3   4   5 │   │ 15  14│ b │    
    └───────────────┘   └───┐   │   │    
                            │ 13│ c │    
                            │   │   └───┐
                            │ 12│ d   e │
                            │   └───╴   │
                            │ 11  10  f │
                            └───────┐   │
                                    │   │
                                    └───┘
                                         
                                         
                                         
                                         
                                         
                                         

]]></output>
            </test-case>
            <test-case id="0-1047" name="IsFillComplete_FullWidth" fullname="PlayersWorlds.Maps.MazeGeneratorTest.IsFillComplete_FullWidth" methodname="IsFillComplete_FullWidth" classname="PlayersWorlds.Maps.MazeGeneratorTest" runstate="Runnable" seed="6000647" result="Passed" start-time="2024-01-05T19:32:39.2491730Z" end-time="2024-01-05T19:32:39.2536230Z" duration="0.004450" asserts="1">
              <properties />
              <output><![CDATA[AldousBroderMazeGenerator: Generating maze 10x10 with PlayersWorlds.Maps.Maze.GeneratorOptions(FullWidth, None, <null>, PlayersWorlds.Maps.Areas.RandomAreaGenerator+GeneratorSettings, <null>)
            ┌───┐               ┌───┬───┐
            │   │               │   │   │
            │   └───┬───────┬───┤   ╵   │
            │       │       │   │       │
        ┌───┘   ╶───┘   ╶───┤   │   ╷   │
        │     4   5   6     │   │   │   │
        └───┐   ┌───┐   ╶───┘   └───┘   │
            │ 3 │ 0 │ 7   8   9   a   b │
        ┌───┘   ╵   │   ┌───────┐   ╷   │
        │     2   1 │   │       │   │ c │
        └───┐   ┌───┴───┘       ├───┘   │
            │   │               │ e   d │
            └───┘   ┌───────────┘   ╷   │
                    │     11  10  f │   │
                    │   ╷   ┌───────┴───┘
                    │   │ 12│            
                    └───┤   │            
                        │ 13│            
                        │   │            
                        │ 14│            
                        └───┘            

]]></output>
            </test-case>
[...]
              <properties />
              <output><![CDATA[BinaryTreeMazeGenerator: Generating maze 10x10 with PlayersWorlds.Maps.Maze.GeneratorOptions(Half, None, <null>, PlayersWorlds.Maps.Areas.RandomAreaGenerator+GeneratorSettings, <null>)
SidewinderMazeGenerator: Generating maze 10x10 with PlayersWorlds.Maps.Maze.GeneratorOptions(Half, None, <null>, PlayersWorlds.Maps.Areas.RandomAreaGenerator+GeneratorSettings, <null>)
]]></output>
            </test-case>
            <test-case id="0-1554" name="WrongGeneratorOptions" fullname="PlayersWorlds.Maps.MazeGeneratorTest.WrongGeneratorOptions" methodname="WrongGeneratorOptions" classname="PlayersWorlds.Maps.MazeGeneratorTest" runstate="Runnable" seed="1704517866" result="Passed" start-time="2024-01-05T19:32:39.2966180Z" end-time="2024-01-05T19:32:39.2979540Z" duration="0.001336" asserts="4">
              <properties />
              <output><![CDATA[TestGeneratorB: Generating maze 3x4 with PlayersWorlds.Maps.Maze.GeneratorOptions(Full, None, <null>, PlayersWorlds.Maps.Areas.RandomAreaGenerator+GeneratorSettings, PlayersWorlds.Maps.MazeGeneratorTest+TestGeneratorB)
]]></output>
            </test-case>
          </test-suite>
          <test-suite type="TestFixture" id="0-1569" name="OptionalTest" fullname="PlayersWorlds.Maps.OptionalTest" classname="PlayersWorlds.Maps.OptionalTest" runstate="Runnable" testcasecount="7" result="Passed" start-time="2024-01-05T19:32:39.2979860Z" end-time="2024-01-05T19:32:39.2993250Z" duration="0.001339" total="7" passed="7" failed="0" warnings="0" inconclusive="0" skipped="0" asserts="24">
            <properties />
            <test-case id="0-1575" name="Optional_CanBeCastToT" fullname="PlayersWorlds.Maps.OptionalTest.Optional_CanBeCastToT" methodname="Optional_CanBeCastToT" classname="PlayersWorlds.Maps.OptionalTest" runstate="Runnable" seed="1744901378" result="Passed" start-time="2024-01-05T19:32:39.2980300Z" end-time="2024-01-05T19:32:39.2981460Z" duration="0.000116" asserts="1">
              <properties />
            </test-case>
            <test-case id="0-1570" name="Optional_Equality" fullname="PlayersWorlds.Maps.OptionalTest.Optional_Equality" methodname="Optional_Equality" classname="PlayersWorlds.Maps.OptionalTest" runstate="Runnable" seed="844814747" result="Passed" start-time="2024-01-05T19:32:39.2981540Z" end-time="2024-01-05T19:32:39.2982880Z" duration="0.000135" asserts="2">
              <properties />
            </test-case>
            <test-case id="0-1572" name="Optional_Equals" fullname="PlayersWorlds.Maps.OptionalTest.Optional_Equals" methodname="Optional_Equals" classname="PlayersWorlds.Maps.OptionalTest" runstate="Runnable" seed="1259212063" result="Passed" start-time="2024-01-05T19:32:39.2982950Z" end-time="2024-01-05T19:32:39.2985280Z" duration="0.000233" asserts="5">
              <properties />
            </test-case>
            <test-case id="0-1574" name="Optional_GetHashCode" fullname="PlayersWorlds.Maps.OptionalTest.Optional_GetHashCode" methodname="Optional_GetHashCode" classname="PlayersWorlds.Maps.OptionalTest" runstate="Runnable" seed="924317529" result="Passed" start-time="2024-01-05T19:32:39.2985350Z" end-time="2024-01-05T19:32:39.2987560Z" duration="0.000221" asserts="3">
              <properties />
            </test-case>
            <test-case id="0-1573" name="Optional_Null" fullname="PlayersWorlds.Maps.OptionalTest.Optional_Null" methodname="Optional_Null" classname="PlayersWorlds.Maps.OptionalTest" runstate="Runnable" seed="134868803" result="Passed" start-time="2024-01-05T19:32:39.2987630Z" end-time="2024-01-05T19:32:39.2990460Z" duration="0.000283" asserts="9">
              <properties />
            </test-case>
            <test-case id="0-1571" name="Optional_ThrowsIfNoValue" fullname="PlayersWorlds.Maps.OptionalTest.Optional_ThrowsIfNoValue" methodname="Optional_ThrowsIfNoValue" classname="PlayersWorlds.Maps.OptionalTest" runstate="Runnable" seed="1856735212" result="Passed" start-time="2024-01-05T19:32:39.2990520Z" end-time="2024-01-05T19:32:39.2991720Z" duration="0.000120" asserts="2">
              <properties />
            </test-case>
            <test-case id="0-1576" name="Optional_ToStringShowsValue" fullname="PlayersWorlds.Maps.OptionalTest.Optional_ToStringShowsValue" methodname="Optional_ToStringShowsValue" classname="PlayersWorlds.Maps.OptionalTest" runstate="Runnable" seed="866099580" result="Passed" start-time="2024-01-05T19:32:39.2991780Z" end-time="2024-01-05T19:32:39.2993140Z" duration="0.000136" asserts="2">
              <properties />
            </test-case>
          </test-suite>
          <test-suite type="TestSuite" id="0-1743" name="Renderers" fullname="PlayersWorlds.Maps.Renderers" runstate="Runnable" testcasecount="1" result="Passed" start-time="2024-01-05T19:32:38.9116950Z" end-time="2024-01-05T19:32:39.2998920Z" duration="0.388197" total="1" passed="1" failed="0" warnings="0" inconclusive="0" skipped="0" asserts="1">
            <properties />
            <test-suite type="TestFixture" id="0-1615" name="Map2DAsciiRendererTest" fullname="PlayersWorlds.Maps.Renderers.Map2DAsciiRendererTest" classname="PlayersWorlds.Maps.Renderers.Map2DAsciiRendererTest" runstate="Runnable" testcasecount="1" result="Passed" start-time="2024-01-05T19:32:39.2993360Z" end-time="2024-01-05T19:32:39.2998860Z" duration="0.000550" total="1" passed="1" failed="0" warnings="0" inconclusive="0" skipped="0" asserts="1">
              <properties />
              <test-case id="0-1616" name="TestRender" fullname="PlayersWorlds.Maps.Renderers.Map2DAsciiRendererTest.TestRender" methodname="TestRender" classname="PlayersWorlds.Maps.Renderers.Map2DAsciiRendererTest" runstate="Runnable" seed="1602304634" result="Passed" start-time="2024-01-05T19:32:39.2993740Z" end-time="2024-01-05T19:32:39.2998750Z" duration="0.000501" asserts="1">
                <properties />
                <output><![CDATA[▓▓▓▓▓
▓░░░▓
▓░▒░▓
▓░░░▓
▓▓▓▓▓

]]></output>
              </test-case>
            </test-suite>
          </test-suite>
          <test-suite type="TestFixture" id="0-1586" name="VectorDTest" fullname="PlayersWorlds.Maps.VectorDTest" classname="PlayersWorlds.Maps.VectorDTest" runstate="Runnable" testcasecount="11" result="Passed" start-time="2024-01-05T19:32:39.2999020Z" end-time="2024-01-05T19:32:39.3026460Z" duration="0.002744" total="11" passed="11" failed="0" warnings="0" inconclusive="0" skipped="0" asserts="33">
            <properties />
            <test-case id="0-1594" name="CanAddAndSubtract" fullname="PlayersWorlds.Maps.VectorDTest.CanAddAndSubtract" methodname="CanAddAndSubtract" classname="PlayersWorlds.Maps.VectorDTest" runstate="Runnable" seed="309239728" result="Passed" start-time="2024-01-05T19:32:39.2999390Z" end-time="2024-01-05T19:32:39.3003590Z" duration="0.000420" asserts="5">
              <properties />
            </test-case>
            <test-case id="0-1595" name="ConstructorChecksArguments" fullname="PlayersWorlds.Maps.VectorDTest.ConstructorChecksArguments" methodname="ConstructorChecksArguments" classname="PlayersWorlds.Maps.VectorDTest" runstate="Runnable" seed="211446795" result="Passed" start-time="2024-01-05T19:32:39.3003660Z" end-time="2024-01-05T19:32:39.3004650Z" duration="0.000100" asserts="1">
              <properties />
            </test-case>
            <test-case id="0-1588" name="EqualityIsCheckedByValue" fullname="PlayersWorlds.Maps.VectorDTest.EqualityIsCheckedByValue" methodname="EqualityIsCheckedByValue" classname="PlayersWorlds.Maps.VectorDTest" runstate="Runnable" seed="931491646" result="Passed" start-time="2024-01-05T19:32:39.3004720Z" end-time="2024-01-05T19:32:39.3006210Z" duration="0.000149" asserts="4">
              <properties />
            </test-case>
            <test-case id="0-1589" name="GetHashCodeIsDerivedFromValue" fullname="PlayersWorlds.Maps.VectorDTest.GetHashCodeIsDerivedFromValue" methodname="GetHashCodeIsDerivedFromValue" classname="PlayersWorlds.Maps.VectorDTest" runstate="Runnable" seed="1640643426" result="Passed" start-time="2024-01-05T19:32:39.3006270Z" end-time="2024-01-05T19:32:39.3008560Z" duration="0.000229" asserts="1">
              <properties />
            </test-case>
            <test-case id="0-1592" name="InitializedAsNull" fullname="PlayersWorlds.Maps.VectorDTest.InitializedAsNull" methodname="InitializedAsNull" classname="PlayersWorlds.Maps.VectorDTest" runstate="Runnable" seed="1365354220" result="Passed" start-time="2024-01-05T19:32:39.3008630Z" end-time="2024-01-05T19:32:39.3009600Z" duration="0.000097" asserts="1">
              <properties />
            </test-case>
            <test-case id="0-1591" name="InitializedEmpty" fullname="PlayersWorlds.Maps.VectorDTest.InitializedEmpty" methodname="InitializedEmpty" classname="PlayersWorlds.Maps.VectorDTest" runstate="Runnable" seed="1376035173" result="Passed" start-time="2024-01-05T19:32:39.3009660Z" end-time="2024-01-05T19:32:39.3012070Z" duration="0.000242" asserts="4">
              <properties />
            </test-case>
            <test-case id="0-1587" name="IsInitialized" fullname="PlayersWorlds.Maps.VectorDTest.IsInitialized" methodname="IsInitialized" classname="PlayersWorlds.Maps.VectorDTest" runstate="Runnable" seed="111872648" result="Passed" start-time="2024-01-05T19:32:39.3012140Z" end-time="2024-01-05T19:32:39.3014800Z" duration="0.000266" asserts="2">
              <properties />
            </test-case>
            <test-case id="0-1593" name="IsZero" fullname="PlayersWorlds.Maps.VectorDTest.IsZero" methodname="IsZero" classname="PlayersWorlds.Maps.VectorDTest" runstate="Runnable" seed="776656522" result="Passed" start-time="2024-01-05T19:32:39.3014870Z" end-time="2024-01-05T19:32:39.3016950Z" duration="0.000208" asserts="3">
              <properties />
            </test-case>
            <test-case id="0-1596" name="SnappedForce" fullname="PlayersWorlds.Maps.VectorDTest.SnappedForce" methodname="SnappedForce" classname="PlayersWorlds.Maps.VectorDTest" runstate="Runnable" seed="1372184847" result="Passed" start-time="2024-01-05T19:32:39.3017020Z" end-time="2024-01-05T19:32:39.3021750Z" duration="0.000473" asserts="9">
              <properties />
            </test-case>
            <test-case id="0-1590" name="ToStringFormat" fullname="PlayersWorlds.Maps.VectorDTest.ToStringFormat" methodname="ToStringFormat" classname="PlayersWorlds.Maps.VectorDTest" runstate="Runnable" seed="1354127086" result="Passed" start-time="2024-01-05T19:32:39.3021810Z" end-time="2024-01-05T19:32:39.3022410Z" duration="0.000060" asserts="1">
              <properties />
            </test-case>
            <test-case id="0-1597" name="VectorD_Parse" fullname="PlayersWorlds.Maps.VectorDTest.VectorD_Parse" methodname="VectorD_Parse" classname="PlayersWorlds.Maps.VectorDTest" runstate="Runnable" seed="1115630891" result="Passed" start-time="2024-01-05T19:32:39.3022470Z" end-time="2024-01-05T19:32:39.3026350Z" duration="0.000388" asserts="2">
              <properties />
            </test-case>
          </test-suite>
          <test-suite type="TestFixture" id="0-1598" name="VectorTest" fullname="PlayersWorlds.Maps.VectorTest" classname="PlayersWorlds.Maps.VectorTest" runstate="Runnable" testcasecount="16" result="Passed" start-time="2024-01-05T19:32:39.3026560Z" end-time="2024-01-05T19:32:39.3051290Z" duration="0.002472" total="16" passed="16" failed="0" warnings="0" inconclusive="0" skipped="0" asserts="44">
            <properties />
            <test-case id="0-1600" name="Size_NotInitialized" fullname="PlayersWorlds.Maps.VectorTest.Size_NotInitialized" methodname="Size_NotInitialized" classname="PlayersWorlds.Maps.VectorTest" runstate="Runnable" seed="906063424" result="Passed" start-time="2024-01-05T19:32:39.3026940Z" end-time="2024-01-05T19:32:39.3029260Z" duration="0.000232" asserts="2">
              <properties />
            </test-case>
            <test-case id="0-1608" name="Vector_CanAddAndSubtract" fullname="PlayersWorlds.Maps.VectorTest.Vector_CanAddAndSubtract" methodname="Vector_CanAddAndSubtract" classname="PlayersWorlds.Maps.VectorTest" runstate="Runnable" seed="1828054125" result="Passed" start-time="2024-01-05T19:32:39.3029330Z" end-time="2024-01-05T19:32:39.3032770Z" duration="0.000344" asserts="6">
              <properties />
            </test-case>
            <test-case id="0-1609" name="Vector_ConstructorChecksArguments" fullname="PlayersWorlds.Maps.VectorTest.Vector_ConstructorChecksArguments" methodname="Vector_ConstructorChecksArguments" classname="PlayersWorlds.Maps.VectorTest" runstate="Runnable" seed="1798091741" result="Passed" start-time="2024-01-05T19:32:39.3032840Z" end-time="2024-01-05T19:32:39.3033720Z" duration="0.000089" asserts="1">
              <properties />
            </test-case>
            <test-case id="0-1606" name="Vector_EmptyIsEmpty" fullname="PlayersWorlds.Maps.VectorTest.Vector_EmptyIsEmpty" methodname="Vector_EmptyIsEmpty" classname="PlayersWorlds.Maps.VectorTest" runstate="Runnable" seed="1362228466" result="Passed" start-time="2024-01-05T19:32:39.3033780Z" end-time="2024-01-05T19:32:39.3034340Z" duration="0.000056" asserts="1">
              <properties />
            </test-case>
            <test-case id="0-1605" name="Vector_EmptyVectorIsEmpty" fullname="PlayersWorlds.Maps.VectorTest.Vector_EmptyVectorIsEmpty" methodname="Vector_EmptyVectorIsEmpty" classname="PlayersWorlds.Maps.VectorTest" runstate="Runnable" seed="127340315" result="Passed" start-time="2024-01-05T19:32:39.3034400Z" end-time="2024-01-05T19:32:39.3034910Z" duration="0.000051" asserts="1">
              <properties />
            </test-case>
            <test-case id="0-1601" name="Vector_EqualityIsCheckedByValue" fullname="PlayersWorlds.Maps.VectorTest.Vector_EqualityIsCheckedByValue" methodname="Vector_EqualityIsCheckedByValue" classname="PlayersWorlds.Maps.VectorTest" runstate="Runnable" seed="139325379" result="Passed" start-time="2024-01-05T19:32:39.3034960Z" end-time="2024-01-05T19:32:39.3036440Z" duration="0.000148" asserts="5">
              <properties />
            </test-case>
            <test-case id="0-1613" name="Vector_FromIndex" fullname="PlayersWorlds.Maps.VectorTest.Vector_FromIndex" methodname="Vector_FromIndex" classname="PlayersWorlds.Maps.VectorTest" runstate="Runnable" seed="1384763904" result="Passed" start-time="2024-01-05T19:32:39.3036510Z" end-time="2024-01-05T19:32:39.3037660Z" duration="0.000115" asserts="2">
              <properties />
            </test-case>
            <test-case id="0-1602" name="Vector_GetHashCodeIsDerivedFromValue" fullname="PlayersWorlds.Maps.VectorTest.Vector_GetHashCodeIsDerivedFromValue" methodname="Vector_GetHashCodeIsDerivedFromValue" classname="PlayersWorlds.Maps.VectorTest" runstate="Runnable" seed="1173199233" result="Passed" start-time="2024-01-05T19:32:39.3037720Z" end-time="2024-01-05T19:32:39.3039880Z" duration="0.000216" asserts="2">
              <properties />
            </test-case>
            <test-case id="0-1599" name="Vector_IsInitialized" fullname="PlayersWorlds.Maps.VectorTest.Vector_IsInitialized" methodname="Vector_IsInitialized" classname="PlayersWorlds.Maps.VectorTest" runstate="Runnable" seed="46608285" result="Passed" start-time="2024-01-05T19:32:39.3039940Z" end-time="2024-01-05T19:32:39.3040540Z" duration="0.000060" asserts="2">
              <properties />
            </test-case>
            <test-case id="0-1607" name="Vector_NotEqualToNull" fullname="PlayersWorlds.Maps.VectorTest.Vector_NotEqualToNull" methodname="Vector_NotEqualToNull" classname="PlayersWorlds.Maps.VectorTest" runstate="Runnable" seed="132156750" result="Passed" start-time="2024-01-05T19:32:39.3040600Z" end-time="2024-01-05T19:32:39.3041800Z" duration="0.000120" asserts="3">
              <properties />
            </test-case>
            <test-case id="0-1611" name="Vector_SnappedForce" fullname="PlayersWorlds.Maps.VectorTest.Vector_SnappedForce" methodname="Vector_SnappedForce" classname="PlayersWorlds.Maps.VectorTest" runstate="Runnable" seed="1257305733" result="Passed" start-time="2024-01-05T19:32:39.3041860Z" end-time="2024-01-05T19:32:39.3045100Z" duration="0.000325" asserts="9">
              <properties />
            </test-case>
            <test-case id="0-1610" name="Vector_ThrowsIfNotAValidSize" fullname="PlayersWorlds.Maps.VectorTest.Vector_ThrowsIfNotAValidSize" methodname="Vector_ThrowsIfNotAValidSize" classname="PlayersWorlds.Maps.VectorTest" runstate="Runnable" seed="1509829616" result="Passed" start-time="2024-01-05T19:32:39.3045160Z" end-time="2024-01-05T19:32:39.3047430Z" duration="0.000227" asserts="3">
              <properties />
            </test-case>
            <test-case id="0-1612" name="Vector_ToIndex" fullname="PlayersWorlds.Maps.VectorTest.Vector_ToIndex" methodname="Vector_ToIndex" classname="PlayersWorlds.Maps.VectorTest" runstate="Runnable" seed="898008798" result="Passed" start-time="2024-01-05T19:32:39.3047490Z" end-time="2024-01-05T19:32:39.3049110Z" duration="0.000161" asserts="3">
              <properties />
            </test-case>
            <test-case id="0-1603" name="Vector_ToStringFormat" fullname="PlayersWorlds.Maps.VectorTest.Vector_ToStringFormat" methodname="Vector_ToStringFormat" classname="PlayersWorlds.Maps.VectorTest" runstate="Runnable" seed="2111802685" result="Passed" start-time="2024-01-05T19:32:39.3049170Z" end-time="2024-01-05T19:32:39.3049830Z" duration="0.000066" asserts="2">
              <properties />
            </test-case>
            <test-case id="0-1604" name="Vector_ZeroVectorIsNotEmpty" fullname="PlayersWorlds.Maps.VectorTest.Vector_ZeroVectorIsNotEmpty" methodname="Vector_ZeroVectorIsNotEmpty" classname="PlayersWorlds.Maps.VectorTest" runstate="Runnable" seed="448982879" result="Passed" start-time="2024-01-05T19:32:39.3049890Z" end-time="2024-01-05T19:32:39.3050500Z" duration="0.000061" asserts="1">
              <properties />
            </test-case>
            <test-case id="0-1614" name="VectorD_Parse" fullname="PlayersWorlds.Maps.VectorTest.VectorD_Parse" methodname="VectorD_Parse" classname="PlayersWorlds.Maps.VectorTest" runstate="Runnable" seed="566912015" result="Passed" start-time="2024-01-05T19:32:39.3050550Z" end-time="2024-01-05T19:32:39.3051180Z" duration="0.000063" asserts="1">
              <properties />
            </test-case>
          </test-suite>
        </test-suite>
      </test-suite>
      <test-suite type="TestFixture" id="0-1000" name="RandomAreaGeneratorTest" fullname="RandomAreaGeneratorTest" classname="RandomAreaGeneratorTest" runstate="Runnable" testcasecount="2" result="Passed" start-time="2024-01-05T19:32:39.3051490Z" end-time="2024-01-05T19:32:39.3146250Z" duration="0.009476" total="2" passed="2" failed="0" warnings="0" inconclusive="0" skipped="0" asserts="4052">
        <properties />
        <test-case id="0-1001" name="ZoneGenerator_CanGenerateZones" fullname="RandomAreaGeneratorTest.ZoneGenerator_CanGenerateZones" methodname="ZoneGenerator_CanGenerateZones" classname="RandomAreaGeneratorTest" runstate="Runnable" seed="917711663" result="Passed" start-time="2024-01-05T19:32:39.3051840Z" end-time="2024-01-05T19:32:39.3140820Z" duration="0.008898" asserts="4006">
          <properties />
        </test-case>
        <test-case id="0-1002" name="ZoneGenerator_CustomSettings" fullname="RandomAreaGeneratorTest.ZoneGenerator_CustomSettings" methodname="ZoneGenerator_CustomSettings" classname="RandomAreaGeneratorTest" runstate="Runnable" seed="1202066106" result="Passed" start-time="2024-01-05T19:32:39.3140910Z" end-time="2024-01-05T19:32:39.3146130Z" duration="0.000523" asserts="46">
          <properties />
        </test-case>
      </test-suite>
    </test-suite>
  </test-suite>
</test-run>