<?xml version="1.0" encoding="utf-8" standalone="no"?>
<test-run id="0" runstate="Runnable" testcasecount="762" result="Passed" total="207" passed="207" failed="0" warnings="0" inconclusive="0" skipped="0" asserts="5087" engine-version="3.17.0.0" clr-version="4.0.30319.42000" start-time="2024-02-01 04:00:51Z" end-time="2024-02-01 04:00:52Z" duration="0.849627">
  <command-line><![CDATA[/home/data/repos/github.com/aynurin/maze-gen/packages/NUnit.ConsoleRunner.3.17.0/tools/nunit3-console.exe build/Debug/tests/PlayersWorlds.Maps.Tests.dll --where=Category!=Load --framework=mono-4.0]]></command-line>
  <filter>
    <not>
      <prop name="Category">Load</prop>
    </not>
  </filter>
  <test-suite type="Assembly" id="1-1796" name="PlayersWorlds.Maps.Tests.dll" fullname="/home/data/repos/github.com/aynurin/maze-gen/build/Debug/tests/PlayersWorlds.Maps.Tests.dll" runstate="Runnable" testcasecount="762" result="Passed" start-time="2024-02-01T04:00:52.2092830Z" end-time="2024-02-01T04:00:52.6249820Z" duration="0.415644" total="207" passed="207" failed="0" warnings="0" inconclusive="0" skipped="0" asserts="5087">
    <environment framework-version="4.0.1.0" clr-version="4.0.30319.42000" os-version="Unix 6.1.69.1" platform="Unix" cwd="/home/data/repos/github.com/aynurin/maze-gen" machine-name="lightview" user="shav" user-domain="lightview" culture="en-US" uiculture="en-US" os-architecture="x64" />
    <settings>
      <setting name="RequestedRuntimeFramework" value="mono-4.0" />
      <setting name="DisposeRunners" value="True" />
      <setting name="WorkDirectory" value="/home/data/repos/github.com/aynurin/maze-gen" />
      <setting name="ImageRuntimeVersion" value="4.0.30319" />
      <setting name="ImageTargetFrameworkName" value=".NETFramework,Version=v4.7" />
      <setting name="ImageRequiresX86" value="False" />
      <setting name="ImageRequiresDefaultAppDomainAssemblyResolver" value="False" />
      <setting name="TargetRuntimeFramework" value="mono-4.0" />
      <setting name="NumberOfTestWorkers" value="24" />
    </settings>
    <properties>
      <property name="_PID" value="351635" />
      <property name="_APPDOMAIN" value="domain-" />
    </properties>
    <test-suite type="SetUpFixture" id="1-1003" name="[default namespace]" fullname="SetUpTests" classname="SetUpTests" runstate="Runnable" testcasecount="762" result="Passed" start-time="2024-02-01T04:00:52.2142770Z" end-time="2024-02-01T04:00:52.6249710Z" duration="0.410695" total="207" passed="207" failed="0" warnings="0" inconclusive="0" skipped="0" asserts="5087">
      <test-suite type="TestSuite" id="1-1797" name="PlayersWorlds" fullname="PlayersWorlds" runstate="Runnable" testcasecount="760" result="Passed" start-time="2024-02-01T04:00:52.2170740Z" end-time="2024-02-01T04:00:52.6167560Z" duration="0.399683" total="205" passed="205" failed="0" warnings="0" inconclusive="0" skipped="0" asserts="2045">
        <test-suite type="TestSuite" id="1-1798" name="Maps" fullname="PlayersWorlds.Maps" runstate="Runnable" testcasecount="760" result="Passed" start-time="2024-02-01T04:00:52.2171230Z" end-time="2024-02-01T04:00:52.6167520Z" duration="0.399629" total="205" passed="205" failed="0" warnings="0" inconclusive="0" skipped="0" asserts="2045">
          <test-suite type="TestSuite" id="1-1803" name="Areas" fullname="PlayersWorlds.Maps.Areas" runstate="Runnable" testcasecount="113" result="Passed" start-time="2024-02-01T04:00:52.2171310Z" end-time="2024-02-01T04:00:52.3857440Z" duration="0.168612" total="62" passed="62" failed="0" warnings="0" inconclusive="0" skipped="0" asserts="201">
            <test-suite type="TestSuite" id="1-1804" name="Evolving" fullname="PlayersWorlds.Maps.Areas.Evolving" runstate="Runnable" testcasecount="109" result="Passed" start-time="2024-02-01T04:00:52.2171360Z" end-time="2024-02-01T04:00:52.3841170Z" duration="0.166981" total="58" passed="58" failed="0" warnings="0" inconclusive="0" skipped="0" asserts="175">
              <test-suite type="TestFixture" id="1-1680" name="AreaDistributorTest" fullname="PlayersWorlds.Maps.Areas.Evolving.AreaDistributorTest" classname="PlayersWorlds.Maps.Areas.Evolving.AreaDistributorTest" runstate="Runnable" testcasecount="73" result="Passed" start-time="2024-02-01T04:00:52.2171770Z" end-time="2024-02-01T04:00:52.2684720Z" duration="0.051295" total="23" passed="23" failed="0" warnings="0" inconclusive="0" skipped="0" asserts="46">
                <test-case id="1-1681" name="AreaDistributorTest_OneTest" fullname="PlayersWorlds.Maps.Areas.Evolving.AreaDistributorTest.AreaDistributorTest_OneTest" methodname="AreaDistributorTest_OneTest" classname="PlayersWorlds.Maps.Areas.Evolving.AreaDistributorTest" runstate="Runnable" seed="863914677" result="Passed" start-time="2024-02-01T04:00:52.2172400Z" end-time="2024-02-01T04:00:52.2504420Z" duration="0.033270" asserts="2" />
                <test-suite type="ParameterizedMethod" id="1-1694" name="AreaDistributorTest_OverlapTwo" fullname="PlayersWorlds.Maps.Areas.Evolving.AreaDistributorTest.AreaDistributorTest_OverlapTwo" classname="PlayersWorlds.Maps.Areas.Evolving.AreaDistributorTest" runstate="Runnable" testcasecount="10" result="Passed" start-time="2024-02-01T04:00:52.2516750Z" end-time="2024-02-01T04:00:52.2630640Z" duration="0.011389" total="10" passed="10" failed="0" warnings="0" inconclusive="0" skipped="0" asserts="20">
                  <test-case id="1-1684" name="AreaDistributorTest_OverlapTwo(&quot;11x11: P2x2;S4x4 P5x5;S4x4&quot;)" fullname="PlayersWorlds.Maps.Areas.Evolving.AreaDistributorTest.AreaDistributorTest_OverlapTwo(&quot;11x11: P2x2;S4x4 P5x5;S4x4&quot;)" methodname="AreaDistributorTest_OverlapTwo" classname="PlayersWorlds.Maps.Areas.Evolving.AreaDistributorTest" runstate="Runnable" seed="523491127" result="Passed" start-time="2024-02-01T04:00:52.2517410Z" end-time="2024-02-01T04:00:52.2569880Z" duration="0.005247" asserts="2" />
                  <test-case id="1-1685" name="AreaDistributorTest_OverlapTwo(&quot;11x11: P5x2;S4x4 P2x5;S4x4&quot;)" fullname="PlayersWorlds.Maps.Areas.Evolving.AreaDistributorTest.AreaDistributorTest_OverlapTwo(&quot;11x11: P5x2;S4x4 P2x5;S4x4&quot;)" methodname="AreaDistributorTest_OverlapTwo" classname="PlayersWorlds.Maps.Areas.Evolving.AreaDistributorTest" runstate="Runnable" seed="363159714" result="Passed" start-time="2024-02-01T04:00:52.2569980Z" end-time="2024-02-01T04:00:52.2575260Z" duration="0.000528" asserts="2" />
                  <test-case id="1-1686" name="AreaDistributorTest_OverlapTwo(&quot;11x11: P2x5;S4x4 P5x2;S4x4&quot;)" fullname="PlayersWorlds.Maps.Areas.Evolving.AreaDistributorTest.AreaDistributorTest_OverlapTwo(&quot;11x11: P2x5;S4x4 P5x2;S4x4&quot;)" methodname="AreaDistributorTest_OverlapTwo" classname="PlayersWorlds.Maps.Areas.Evolving.AreaDistributorTest" runstate="Runnable" seed="1751685467" result="Passed" start-time="2024-02-01T04:00:52.2575330Z" end-time="2024-02-01T04:00:52.2578880Z" duration="0.000355" asserts="2" />
                  <test-case id="1-1687" name="AreaDistributorTest_OverlapTwo(&quot;11x11: P5x5;S4x4 P2x2;S4x4&quot;)" fullname="PlayersWorlds.Maps.Areas.Evolving.AreaDistributorTest.AreaDistributorTest_OverlapTwo(&quot;11x11: P5x5;S4x4 P2x2;S4x4&quot;)" methodname="AreaDistributorTest_OverlapTwo" classname="PlayersWorlds.Maps.Areas.Evolving.AreaDistributorTest" runstate="Runnable" seed="813517189" result="Passed" start-time="2024-02-01T04:00:52.2578940Z" end-time="2024-02-01T04:00:52.2582350Z" duration="0.000341" asserts="2" />
                  <test-case id="1-1688" name="AreaDistributorTest_OverlapTwo(&quot;11x11: P4x4;S4x4 P3x3;S4x4&quot;)" fullname="PlayersWorlds.Maps.Areas.Evolving.AreaDistributorTest.AreaDistributorTest_OverlapTwo(&quot;11x11: P4x4;S4x4 P3x3;S4x4&quot;)" methodname="AreaDistributorTest_OverlapTwo" classname="PlayersWorlds.Maps.Areas.Evolving.AreaDistributorTest" runstate="Runnable" seed="1678953851" result="Passed" start-time="2024-02-01T04:00:52.2582410Z" end-time="2024-02-01T04:00:52.2585670Z" duration="0.000326" asserts="2" />
                  <test-case id="1-1689" name="AreaDistributorTest_OverlapTwo(&quot;11x11: P4x3;S4x4 P3x4;S4x4&quot;)" fullname="PlayersWorlds.Maps.Areas.Evolving.AreaDistributorTest.AreaDistributorTest_OverlapTwo(&quot;11x11: P4x3;S4x4 P3x4;S4x4&quot;)" methodname="AreaDistributorTest_OverlapTwo" classname="PlayersWorlds.Maps.Areas.Evolving.AreaDistributorTest" runstate="Runnable" seed="1899601908" result="Passed" start-time="2024-02-01T04:00:52.2585730Z" end-time="2024-02-01T04:00:52.2588890Z" duration="0.000316" asserts="2" />
                  <test-case id="1-1690" name="AreaDistributorTest_OverlapTwo(&quot;11x11: P3.5x3.5;S4x4 P3.5x3.5;S4x4&quot;)" fullname="PlayersWorlds.Maps.Areas.Evolving.AreaDistributorTest.AreaDistributorTest_OverlapTwo(&quot;11x11: P3.5x3.5;S4x4 P3.5x3.5;S4x4&quot;)" methodname="AreaDistributorTest_OverlapTwo" classname="PlayersWorlds.Maps.Areas.Evolving.AreaDistributorTest" runstate="Runnable" seed="994854112" result="Passed" start-time="2024-02-01T04:00:52.2588940Z" end-time="2024-02-01T04:00:52.2601740Z" duration="0.001280" asserts="2" />
                  <test-case id="1-1691" name="AreaDistributorTest_OverlapTwo(&quot;16x16: P4x4;S8x8 P5x9;S2x2&quot;)" fullname="PlayersWorlds.Maps.Areas.Evolving.AreaDistributorTest.AreaDistributorTest_OverlapTwo(&quot;16x16: P4x4;S8x8 P5x9;S2x2&quot;)" methodname="AreaDistributorTest_OverlapTwo" classname="PlayersWorlds.Maps.Areas.Evolving.AreaDistributorTest" runstate="Runnable" seed="821705403" result="Passed" start-time="2024-02-01T04:00:52.2601820Z" end-time="2024-02-01T04:00:52.2614510Z" duration="0.001269" asserts="2" />
                  <test-case id="1-1692" name="AreaDistributorTest_OverlapTwo(&quot;16x16: P4x4;S8x8 P5x7;S4x4&quot;)" fullname="PlayersWorlds.Maps.Areas.Evolving.AreaDistributorTest.AreaDistributorTest_OverlapTwo(&quot;16x16: P4x4;S8x8 P5x7;S4x4&quot;)" methodname="AreaDistributorTest_OverlapTwo" classname="PlayersWorlds.Maps.Areas.Evolving.AreaDistributorTest" runstate="Runnable" seed="1229043298" result="Passed" start-time="2024-02-01T04:00:52.2614590Z" end-time="2024-02-01T04:00:52.2618420Z" duration="0.000383" asserts="2" />
                  <test-case id="1-1693" name="AreaDistributorTest_OverlapTwo(&quot;16x16: P5x5;S6x6 P6x6;S4x4&quot;)" fullname="PlayersWorlds.Maps.Areas.Evolving.AreaDistributorTest.AreaDistributorTest_OverlapTwo(&quot;16x16: P5x5;S6x6 P6x6;S4x4&quot;)" methodname="AreaDistributorTest_OverlapTwo" classname="PlayersWorlds.Maps.Areas.Evolving.AreaDistributorTest" runstate="Runnable" seed="1215569526" result="Passed" start-time="2024-02-01T04:00:52.2618480Z" end-time="2024-02-01T04:00:52.2621500Z" duration="0.000302" asserts="2" />
                </test-suite>
                <test-case id="1-1682" name="AreaDistributorTest_SidePressure" fullname="PlayersWorlds.Maps.Areas.Evolving.AreaDistributorTest.AreaDistributorTest_SidePressure" methodname="AreaDistributorTest_SidePressure" classname="PlayersWorlds.Maps.Areas.Evolving.AreaDistributorTest" runstate="Runnable" seed="284501104" result="Passed" start-time="2024-02-01T04:00:52.2638420Z" end-time="2024-02-01T04:00:52.2647510Z" duration="0.000908" asserts="2" />
                <test-suite type="ParameterizedMethod" id="1-1705" name="AreaDistributorTest_SingleMapForce" fullname="PlayersWorlds.Maps.Areas.Evolving.AreaDistributorTest.AreaDistributorTest_SingleMapForce" classname="PlayersWorlds.Maps.Areas.Evolving.AreaDistributorTest" runstate="Runnable" testcasecount="10" result="Passed" start-time="2024-02-01T04:00:52.2647590Z" end-time="2024-02-01T04:00:52.2681000Z" duration="0.003341" total="10" passed="10" failed="0" warnings="0" inconclusive="0" skipped="0" asserts="20">
                  <test-case id="1-1695" name="AreaDistributorTest_SingleMapForce(&quot;6x12: P1x2;S2x2&quot;)" fullname="PlayersWorlds.Maps.Areas.Evolving.AreaDistributorTest.AreaDistributorTest_SingleMapForce(&quot;6x12: P1x2;S2x2&quot;)" methodname="AreaDistributorTest_SingleMapForce" classname="PlayersWorlds.Maps.Areas.Evolving.AreaDistributorTest" runstate="Runnable" seed="193591362" result="Passed" start-time="2024-02-01T04:00:52.2647740Z" end-time="2024-02-01T04:00:52.2653060Z" duration="0.000532" asserts="2" />
                  <test-case id="1-1696" name="AreaDistributorTest_SingleMapForce(&quot;6x12: P2x2;S2x2&quot;)" fullname="PlayersWorlds.Maps.Areas.Evolving.AreaDistributorTest.AreaDistributorTest_SingleMapForce(&quot;6x12: P2x2;S2x2&quot;)" methodname="AreaDistributorTest_SingleMapForce" classname="PlayersWorlds.Maps.Areas.Evolving.AreaDistributorTest" runstate="Runnable" seed="1444272661" result="Passed" start-time="2024-02-01T04:00:52.2653130Z" end-time="2024-02-01T04:00:52.2655170Z" duration="0.000204" asserts="2" />
                  <test-case id="1-1697" name="AreaDistributorTest_SingleMapForce(&quot;6x12: P3x2;S2x2&quot;)" fullname="PlayersWorlds.Maps.Areas.Evolving.AreaDistributorTest.AreaDistributorTest_SingleMapForce(&quot;6x12: P3x2;S2x2&quot;)" methodname="AreaDistributorTest_SingleMapForce" classname="PlayersWorlds.Maps.Areas.Evolving.AreaDistributorTest" runstate="Runnable" seed="23614242" result="Passed" start-time="2024-02-01T04:00:52.2655220Z" end-time="2024-02-01T04:00:52.2657400Z" duration="0.000218" asserts="2" />
                  <test-case id="1-1698" name="AreaDistributorTest_SingleMapForce(&quot;6x12: P1x5;S2x2&quot;)" fullname="PlayersWorlds.Maps.Areas.Evolving.AreaDistributorTest.AreaDistributorTest_SingleMapForce(&quot;6x12: P1x5;S2x2&quot;)" methodname="AreaDistributorTest_SingleMapForce" classname="PlayersWorlds.Maps.Areas.Evolving.AreaDistributorTest" runstate="Runnable" seed="1474729747" result="Passed" start-time="2024-02-01T04:00:52.2657460Z" end-time="2024-02-01T04:00:52.2661000Z" duration="0.000354" asserts="2" />
                  <test-case id="1-1699" name="AreaDistributorTest_SingleMapForce(&quot;6x12: P2x5;S2x2&quot;)" fullname="PlayersWorlds.Maps.Areas.Evolving.AreaDistributorTest.AreaDistributorTest_SingleMapForce(&quot;6x12: P2x5;S2x2&quot;)" methodname="AreaDistributorTest_SingleMapForce" classname="PlayersWorlds.Maps.Areas.Evolving.AreaDistributorTest" runstate="Runnable" seed="1457296446" result="Passed" start-time="2024-02-01T04:00:52.2661050Z" end-time="2024-02-01T04:00:52.2663190Z" duration="0.000214" asserts="2" />
                  <test-case id="1-1700" name="AreaDistributorTest_SingleMapForce(&quot;6x12: P3x5;S2x2&quot;)" fullname="PlayersWorlds.Maps.Areas.Evolving.AreaDistributorTest.AreaDistributorTest_SingleMapForce(&quot;6x12: P3x5;S2x2&quot;)" methodname="AreaDistributorTest_SingleMapForce" classname="PlayersWorlds.Maps.Areas.Evolving.AreaDistributorTest" runstate="Runnable" seed="803517621" result="Passed" start-time="2024-02-01T04:00:52.2663250Z" end-time="2024-02-01T04:00:52.2665270Z" duration="0.000202" asserts="2" />
                  <test-case id="1-1701" name="AreaDistributorTest_SingleMapForce(&quot;6x12: P1x8;S2x2&quot;)" fullname="PlayersWorlds.Maps.Areas.Evolving.AreaDistributorTest.AreaDistributorTest_SingleMapForce(&quot;6x12: P1x8;S2x2&quot;)" methodname="AreaDistributorTest_SingleMapForce" classname="PlayersWorlds.Maps.Areas.Evolving.AreaDistributorTest" runstate="Runnable" seed="1476559816" result="Passed" start-time="2024-02-01T04:00:52.2665320Z" end-time="2024-02-01T04:00:52.2672680Z" duration="0.000736" asserts="2" />
                  <test-case id="1-1702" name="AreaDistributorTest_SingleMapForce(&quot;6x12: P2x8;S2x2&quot;)" fullname="PlayersWorlds.Maps.Areas.Evolving.AreaDistributorTest.AreaDistributorTest_SingleMapForce(&quot;6x12: P2x8;S2x2&quot;)" methodname="AreaDistributorTest_SingleMapForce" classname="PlayersWorlds.Maps.Areas.Evolving.AreaDistributorTest" runstate="Runnable" seed="750710563" result="Passed" start-time="2024-02-01T04:00:52.2672770Z" end-time="2024-02-01T04:00:52.2675130Z" duration="0.000236" asserts="2" />
                  <test-case id="1-1703" name="AreaDistributorTest_SingleMapForce(&quot;6x12: P3x8;S2x2&quot;)" fullname="PlayersWorlds.Maps.Areas.Evolving.AreaDistributorTest.AreaDistributorTest_SingleMapForce(&quot;6x12: P3x8;S2x2&quot;)" methodname="AreaDistributorTest_SingleMapForce" classname="PlayersWorlds.Maps.Areas.Evolving.AreaDistributorTest" runstate="Runnable" seed="2113500766" result="Passed" start-time="2024-02-01T04:00:52.2675190Z" end-time="2024-02-01T04:00:52.2677380Z" duration="0.000219" asserts="2" />
                  <test-case id="1-1704" name="AreaDistributorTest_SingleMapForce(&quot;6x12: P-1x-4;S2x2&quot;)" fullname="PlayersWorlds.Maps.Areas.Evolving.AreaDistributorTest.AreaDistributorTest_SingleMapForce(&quot;6x12: P-1x-4;S2x2&quot;)" methodname="AreaDistributorTest_SingleMapForce" classname="PlayersWorlds.Maps.Areas.Evolving.AreaDistributorTest" runstate="Runnable" seed="549509927" result="Passed" start-time="2024-02-01T04:00:52.2677440Z" end-time="2024-02-01T04:00:52.2680920Z" duration="0.000348" asserts="2" />
                </test-suite>
                <test-case id="1-1683" name="AreaDistributorTest_TwoTest" fullname="PlayersWorlds.Maps.Areas.Evolving.AreaDistributorTest.AreaDistributorTest_TwoTest" methodname="AreaDistributorTest_TwoTest" classname="PlayersWorlds.Maps.Areas.Evolving.AreaDistributorTest" runstate="Runnable" seed="381181242" result="Passed" start-time="2024-02-01T04:00:52.2681070Z" end-time="2024-02-01T04:00:52.2684450Z" duration="0.000338" asserts="2" />
              </test-suite>
              <test-suite type="TestFixture" id="1-1757" name="EvolvingSimulatorTest" fullname="PlayersWorlds.Maps.Areas.Evolving.EvolvingSimulatorTest" classname="PlayersWorlds.Maps.Areas.Evolving.EvolvingSimulatorTest" runstate="Runnable" testcasecount="2" result="Passed" start-time="2024-02-01T04:00:52.2688510Z" end-time="2024-02-01T04:00:52.3735730Z" duration="0.104722" total="2" passed="2" failed="0" warnings="0" inconclusive="0" skipped="0" asserts="2">
                <test-case id="1-1759" name="EvolvingSimulator_ReturnsEpochsIfEvolitionIsNotComplete" fullname="PlayersWorlds.Maps.Areas.Evolving.EvolvingSimulatorTest.EvolvingSimulator_ReturnsEpochsIfEvolitionIsNotComplete" methodname="EvolvingSimulator_ReturnsEpochsIfEvolitionIsNotComplete" classname="PlayersWorlds.Maps.Areas.Evolving.EvolvingSimulatorTest" runstate="Runnable" seed="619952991" result="Passed" start-time="2024-02-01T04:00:52.2689050Z" end-time="2024-02-01T04:00:52.3708290Z" duration="0.101924" asserts="1" />
                <test-case id="1-1758" name="EvolvingSimulator_ThrowsIfMaxEpochsIsZero" fullname="PlayersWorlds.Maps.Areas.Evolving.EvolvingSimulatorTest.EvolvingSimulator_ThrowsIfMaxEpochsIsZero" methodname="EvolvingSimulator_ThrowsIfMaxEpochsIsZero" classname="PlayersWorlds.Maps.Areas.Evolving.EvolvingSimulatorTest" runstate="Runnable" seed="1873444323" result="Passed" start-time="2024-02-01T04:00:52.3708490Z" end-time="2024-02-01T04:00:52.3735530Z" duration="0.002704" asserts="1" />
              </test-suite>
              <test-suite type="TestFixture" id="1-1760" name="FloatingAreaTest" fullname="PlayersWorlds.Maps.Areas.Evolving.FloatingAreaTest" classname="PlayersWorlds.Maps.Areas.Evolving.FloatingAreaTest" runstate="Runnable" testcasecount="3" result="Passed" start-time="2024-02-01T04:00:52.3735920Z" end-time="2024-02-01T04:00:52.3773530Z" duration="0.003760" total="3" passed="3" failed="0" warnings="0" inconclusive="0" skipped="0" asserts="6">
                <test-case id="1-1763" name="Contains" fullname="PlayersWorlds.Maps.Areas.Evolving.FloatingAreaTest.Contains" methodname="Contains" classname="PlayersWorlds.Maps.Areas.Evolving.FloatingAreaTest" runstate="Runnable" seed="1650582374" result="Passed" start-time="2024-02-01T04:00:52.3736540Z" end-time="2024-02-01T04:00:52.3741240Z" duration="0.000470" asserts="2" />
                <test-case id="1-1762" name="Overlaps" fullname="PlayersWorlds.Maps.Areas.Evolving.FloatingAreaTest.Overlaps" methodname="Overlaps" classname="PlayersWorlds.Maps.Areas.Evolving.FloatingAreaTest" runstate="Runnable" seed="1716490226" result="Passed" start-time="2024-02-01T04:00:52.3741320Z" end-time="2024-02-01T04:00:52.3743690Z" duration="0.000236" asserts="2" />
                <test-case id="1-1761" name="Parse" fullname="PlayersWorlds.Maps.Areas.Evolving.FloatingAreaTest.Parse" methodname="Parse" classname="PlayersWorlds.Maps.Areas.Evolving.FloatingAreaTest" runstate="Runnable" seed="2123323359" result="Passed" start-time="2024-02-01T04:00:52.3743760Z" end-time="2024-02-01T04:00:52.3773390Z" duration="0.002963" asserts="2" />
              </test-suite>
              <test-suite type="TestFixture" id="1-1764" name="ForceFormulaTestTest" fullname="PlayersWorlds.Maps.Areas.Evolving.ForceFormulaTestTest" classname="PlayersWorlds.Maps.Areas.Evolving.ForceFormulaTestTest" runstate="Runnable" testcasecount="8" result="Passed" start-time="2024-02-01T04:00:52.3773680Z" end-time="2024-02-01T04:00:52.3805930Z" duration="0.003226" total="8" passed="8" failed="0" warnings="0" inconclusive="0" skipped="0" asserts="42">
                <test-case id="1-1770" name="CollideForce_Negative" fullname="PlayersWorlds.Maps.Areas.Evolving.ForceFormulaTestTest.CollideForce_Negative" methodname="CollideForce_Negative" classname="PlayersWorlds.Maps.Areas.Evolving.ForceFormulaTestTest" runstate="Runnable" seed="850376155" result="Passed" start-time="2024-02-01T04:00:52.3774190Z" end-time="2024-02-01T04:00:52.3783730Z" duration="0.000954" asserts="9" />
                <test-case id="1-1769" name="CollideForce_Positive" fullname="PlayersWorlds.Maps.Areas.Evolving.ForceFormulaTestTest.CollideForce_Positive" methodname="CollideForce_Positive" classname="PlayersWorlds.Maps.Areas.Evolving.ForceFormulaTestTest" runstate="Runnable" seed="961722589" result="Passed" start-time="2024-02-01T04:00:52.3783830Z" end-time="2024-02-01T04:00:52.3786910Z" duration="0.000308" asserts="9" />
                <test-case id="1-1766" name="NormalForce_Negative" fullname="PlayersWorlds.Maps.Areas.Evolving.ForceFormulaTestTest.NormalForce_Negative" methodname="NormalForce_Negative" classname="PlayersWorlds.Maps.Areas.Evolving.ForceFormulaTestTest" runstate="Runnable" seed="1222761385" result="Passed" start-time="2024-02-01T04:00:52.3786980Z" end-time="2024-02-01T04:00:52.3790560Z" duration="0.000359" asserts="3" />
                <test-case id="1-1768" name="NormalForce_NegativeCapped" fullname="PlayersWorlds.Maps.Areas.Evolving.ForceFormulaTestTest.NormalForce_NegativeCapped" methodname="NormalForce_NegativeCapped" classname="PlayersWorlds.Maps.Areas.Evolving.ForceFormulaTestTest" runstate="Runnable" seed="1234824835" result="Passed" start-time="2024-02-01T04:00:52.3790640Z" end-time="2024-02-01T04:00:52.3792150Z" duration="0.000152" asserts="5" />
                <test-case id="1-1765" name="NormalForce_Positive" fullname="PlayersWorlds.Maps.Areas.Evolving.ForceFormulaTestTest.NormalForce_Positive" methodname="NormalForce_Positive" classname="PlayersWorlds.Maps.Areas.Evolving.ForceFormulaTestTest" runstate="Runnable" seed="1001230142" result="Passed" start-time="2024-02-01T04:00:52.3792210Z" end-time="2024-02-01T04:00:52.3793260Z" duration="0.000105" asserts="3" />
                <test-case id="1-1767" name="NormalForce_PositiveCapped" fullname="PlayersWorlds.Maps.Areas.Evolving.ForceFormulaTestTest.NormalForce_PositiveCapped" methodname="NormalForce_PositiveCapped" classname="PlayersWorlds.Maps.Areas.Evolving.ForceFormulaTestTest" runstate="Runnable" seed="739343171" result="Passed" start-time="2024-02-01T04:00:52.3793330Z" end-time="2024-02-01T04:00:52.3794640Z" duration="0.000131" asserts="5" />
                <test-case id="1-1772" name="OverlapForce_Negative" fullname="PlayersWorlds.Maps.Areas.Evolving.ForceFormulaTestTest.OverlapForce_Negative" methodname="OverlapForce_Negative" classname="PlayersWorlds.Maps.Areas.Evolving.ForceFormulaTestTest" runstate="Runnable" seed="68927193" result="Passed" start-time="2024-02-01T04:00:52.3794690Z" end-time="2024-02-01T04:00:52.3803370Z" duration="0.000867" asserts="4" />
                <test-case id="1-1771" name="OverlapForce_Positive" fullname="PlayersWorlds.Maps.Areas.Evolving.ForceFormulaTestTest.OverlapForce_Positive" methodname="OverlapForce_Positive" classname="PlayersWorlds.Maps.Areas.Evolving.ForceFormulaTestTest" runstate="Runnable" seed="2025061808" result="Passed" start-time="2024-02-01T04:00:52.3803430Z" end-time="2024-02-01T04:00:52.3805840Z" duration="0.000241" asserts="4" />
              </test-suite>
              <test-suite type="TestFixture" id="1-1773" name="SideToSideForceProducerTest" fullname="PlayersWorlds.Maps.Areas.Evolving.SideToSideForceProducerTest" classname="PlayersWorlds.Maps.Areas.Evolving.SideToSideForceProducerTest" runstate="Runnable" testcasecount="22" result="Passed" start-time="2024-02-01T04:00:52.3806050Z" end-time="2024-02-01T04:00:52.3841120Z" duration="0.003507" total="22" passed="22" failed="0" warnings="0" inconclusive="0" skipped="0" asserts="79">
                <test-case id="1-1791" name="GetAxisDistance_Collide" fullname="PlayersWorlds.Maps.Areas.Evolving.SideToSideForceProducerTest.GetAxisDistance_Collide" methodname="GetAxisDistance_Collide" classname="PlayersWorlds.Maps.Areas.Evolving.SideToSideForceProducerTest" runstate="Runnable" seed="794223829" result="Passed" start-time="2024-02-01T04:00:52.3806590Z" end-time="2024-02-01T04:00:52.3813080Z" duration="0.000650" asserts="6" />
                <test-case id="1-1794" name="GetAxisDistance_Contain1" fullname="PlayersWorlds.Maps.Areas.Evolving.SideToSideForceProducerTest.GetAxisDistance_Contain1" methodname="GetAxisDistance_Contain1" classname="PlayersWorlds.Maps.Areas.Evolving.SideToSideForceProducerTest" runstate="Runnable" seed="1813973915" result="Passed" start-time="2024-02-01T04:00:52.3813160Z" end-time="2024-02-01T04:00:52.3815830Z" duration="0.000267" asserts="6" />
                <test-case id="1-1795" name="GetAxisDistance_Contain2" fullname="PlayersWorlds.Maps.Areas.Evolving.SideToSideForceProducerTest.GetAxisDistance_Contain2" methodname="GetAxisDistance_Contain2" classname="PlayersWorlds.Maps.Areas.Evolving.SideToSideForceProducerTest" runstate="Runnable" seed="1819755753" result="Passed" start-time="2024-02-01T04:00:52.3815900Z" end-time="2024-02-01T04:00:52.3818330Z" duration="0.000243" asserts="6" />
                <test-case id="1-1789" name="GetAxisDistance_Normal1" fullname="PlayersWorlds.Maps.Areas.Evolving.SideToSideForceProducerTest.GetAxisDistance_Normal1" methodname="GetAxisDistance_Normal1" classname="PlayersWorlds.Maps.Areas.Evolving.SideToSideForceProducerTest" runstate="Runnable" seed="1154473203" result="Passed" start-time="2024-02-01T04:00:52.3818390Z" end-time="2024-02-01T04:00:52.3820420Z" duration="0.000203" asserts="6" />
                <test-case id="1-1790" name="GetAxisDistance_Normal2" fullname="PlayersWorlds.Maps.Areas.Evolving.SideToSideForceProducerTest.GetAxisDistance_Normal2" methodname="GetAxisDistance_Normal2" classname="PlayersWorlds.Maps.Areas.Evolving.SideToSideForceProducerTest" runstate="Runnable" seed="1597637637" result="Passed" start-time="2024-02-01T04:00:52.3820490Z" end-time="2024-02-01T04:00:52.3822520Z" duration="0.000203" asserts="6" />
                <test-case id="1-1792" name="GetAxisDistance_Overlap1" fullname="PlayersWorlds.Maps.Areas.Evolving.SideToSideForceProducerTest.GetAxisDistance_Overlap1" methodname="GetAxisDistance_Overlap1" classname="PlayersWorlds.Maps.Areas.Evolving.SideToSideForceProducerTest" runstate="Runnable" seed="1237460146" result="Passed" start-time="2024-02-01T04:00:52.3822580Z" end-time="2024-02-01T04:00:52.3824550Z" duration="0.000197" asserts="6" />
                <test-case id="1-1793" name="GetAxisDistance_Overlap2" fullname="PlayersWorlds.Maps.Areas.Evolving.SideToSideForceProducerTest.GetAxisDistance_Overlap2" methodname="GetAxisDistance_Overlap2" classname="PlayersWorlds.Maps.Areas.Evolving.SideToSideForceProducerTest" runstate="Runnable" seed="15263256" result="Passed" start-time="2024-02-01T04:00:52.3824610Z" end-time="2024-02-01T04:00:52.3826620Z" duration="0.000201" asserts="6" />
                <test-case id="1-1783" name="GetOpposingForce_CentersInside_NoOpposingForce" fullname="PlayersWorlds.Maps.Areas.Evolving.SideToSideForceProducerTest.GetOpposingForce_CentersInside_NoOpposingForce" methodname="GetOpposingForce_CentersInside_NoOpposingForce" classname="PlayersWorlds.Maps.Areas.Evolving.SideToSideForceProducerTest" runstate="Runnable" seed="1177468027" result="Passed" start-time="2024-02-01T04:00:52.3826680Z" end-time="2024-02-01T04:00:52.3827880Z" duration="0.000120" asserts="2" />
                <test-case id="1-1784" name="GetOpposingForce_CentersInside_WithOpposingForce" fullname="PlayersWorlds.Maps.Areas.Evolving.SideToSideForceProducerTest.GetOpposingForce_CentersInside_WithOpposingForce" methodname="GetOpposingForce_CentersInside_WithOpposingForce" classname="PlayersWorlds.Maps.Areas.Evolving.SideToSideForceProducerTest" runstate="Runnable" seed="1804397567" result="Passed" start-time="2024-02-01T04:00:52.3827940Z" end-time="2024-02-01T04:00:52.3828750Z" duration="0.000081" asserts="2" />
                <test-case id="1-1785" name="GetOpposingForce_CentersOutside_NoOpposingForce" fullname="PlayersWorlds.Maps.Areas.Evolving.SideToSideForceProducerTest.GetOpposingForce_CentersOutside_NoOpposingForce" methodname="GetOpposingForce_CentersOutside_NoOpposingForce" classname="PlayersWorlds.Maps.Areas.Evolving.SideToSideForceProducerTest" runstate="Runnable" seed="1720458040" result="Passed" start-time="2024-02-01T04:00:52.3828810Z" end-time="2024-02-01T04:00:52.3829500Z" duration="0.000069" asserts="2" />
                <test-case id="1-1786" name="GetOpposingForce_CentersOutside_WithOpposingForce" fullname="PlayersWorlds.Maps.Areas.Evolving.SideToSideForceProducerTest.GetOpposingForce_CentersOutside_WithOpposingForce" methodname="GetOpposingForce_CentersOutside_WithOpposingForce" classname="PlayersWorlds.Maps.Areas.Evolving.SideToSideForceProducerTest" runstate="Runnable" seed="1313720849" result="Passed" start-time="2024-02-01T04:00:52.3829550Z" end-time="2024-02-01T04:00:52.3830240Z" duration="0.000069" asserts="2" />
                <test-case id="1-1787" name="GetOpposingForce_NoIntersection_NoOpposingForce" fullname="PlayersWorlds.Maps.Areas.Evolving.SideToSideForceProducerTest.GetOpposingForce_NoIntersection_NoOpposingForce" methodname="GetOpposingForce_NoIntersection_NoOpposingForce" classname="PlayersWorlds.Maps.Areas.Evolving.SideToSideForceProducerTest" runstate="Runnable" seed="411606461" result="Passed" start-time="2024-02-01T04:00:52.3830300Z" end-time="2024-02-01T04:00:52.3830970Z" duration="0.000067" asserts="2" />
                <test-case id="1-1788" name="GetOpposingForce_NoIntersection_WithOpposingForce" fullname="PlayersWorlds.Maps.Areas.Evolving.SideToSideForceProducerTest.GetOpposingForce_NoIntersection_WithOpposingForce" methodname="GetOpposingForce_NoIntersection_WithOpposingForce" classname="PlayersWorlds.Maps.Areas.Evolving.SideToSideForceProducerTest" runstate="Runnable" seed="1419365205" result="Passed" start-time="2024-02-01T04:00:52.3831020Z" end-time="2024-02-01T04:00:52.3831670Z" duration="0.000065" asserts="2" />
                <test-case id="1-1781" name="GetOpposingForce_WhenCenterMatches_NoOpposingForce" fullname="PlayersWorlds.Maps.Areas.Evolving.SideToSideForceProducerTest.GetOpposingForce_WhenCenterMatches_NoOpposingForce" methodname="GetOpposingForce_WhenCenterMatches_NoOpposingForce" classname="PlayersWorlds.Maps.Areas.Evolving.SideToSideForceProducerTest" runstate="Runnable" seed="1538032367" result="Passed" start-time="2024-02-01T04:00:52.3831720Z" end-time="2024-02-01T04:00:52.3832360Z" duration="0.000063" asserts="2" />
                <test-case id="1-1782" name="GetOpposingForce_WhenCenterMatches_WithOpposingForce" fullname="PlayersWorlds.Maps.Areas.Evolving.SideToSideForceProducerTest.GetOpposingForce_WhenCenterMatches_WithOpposingForce" methodname="GetOpposingForce_WhenCenterMatches_WithOpposingForce" classname="PlayersWorlds.Maps.Areas.Evolving.SideToSideForceProducerTest" runstate="Runnable" seed="145971926" result="Passed" start-time="2024-02-01T04:00:52.3832420Z" end-time="2024-02-01T04:00:52.3833090Z" duration="0.000067" asserts="2" />
                <test-case id="1-1777" name="MapAreaSystemTest_DistanceCentersMatch" fullname="PlayersWorlds.Maps.Areas.Evolving.SideToSideForceProducerTest.MapAreaSystemTest_DistanceCentersMatch" methodname="MapAreaSystemTest_DistanceCentersMatch" classname="PlayersWorlds.Maps.Areas.Evolving.SideToSideForceProducerTest" runstate="Runnable" seed="968383016" result="Passed" start-time="2024-02-01T04:00:52.3833140Z" end-time="2024-02-01T04:00:52.3834090Z" duration="0.000095" asserts="3" />
                <test-case id="1-1780" name="MapAreaSystemTest_DistanceNegativeCollide" fullname="PlayersWorlds.Maps.Areas.Evolving.SideToSideForceProducerTest.MapAreaSystemTest_DistanceNegativeCollide" methodname="MapAreaSystemTest_DistanceNegativeCollide" classname="PlayersWorlds.Maps.Areas.Evolving.SideToSideForceProducerTest" runstate="Runnable" seed="427025" result="Passed" start-time="2024-02-01T04:00:52.3834140Z" end-time="2024-02-01T04:00:52.3835030Z" duration="0.000089" asserts="3" />
                <test-case id="1-1778" name="MapAreaSystemTest_DistanceNegativeNormal" fullname="PlayersWorlds.Maps.Areas.Evolving.SideToSideForceProducerTest.MapAreaSystemTest_DistanceNegativeNormal" methodname="MapAreaSystemTest_DistanceNegativeNormal" classname="PlayersWorlds.Maps.Areas.Evolving.SideToSideForceProducerTest" runstate="Runnable" seed="479182964" result="Passed" start-time="2024-02-01T04:00:52.3835090Z" end-time="2024-02-01T04:00:52.3836000Z" duration="0.000091" asserts="3" />
                <test-case id="1-1779" name="MapAreaSystemTest_DistanceNegativeOverlap" fullname="PlayersWorlds.Maps.Areas.Evolving.SideToSideForceProducerTest.MapAreaSystemTest_DistanceNegativeOverlap" methodname="MapAreaSystemTest_DistanceNegativeOverlap" classname="PlayersWorlds.Maps.Areas.Evolving.SideToSideForceProducerTest" runstate="Runnable" seed="11725498" result="Passed" start-time="2024-02-01T04:00:52.3837240Z" end-time="2024-02-01T04:00:52.3838220Z" duration="0.000097" asserts="3" />
                <test-case id="1-1776" name="MapAreaSystemTest_DistancePositiveCollide" fullname="PlayersWorlds.Maps.Areas.Evolving.SideToSideForceProducerTest.MapAreaSystemTest_DistancePositiveCollide" methodname="MapAreaSystemTest_DistancePositiveCollide" classname="PlayersWorlds.Maps.Areas.Evolving.SideToSideForceProducerTest" runstate="Runnable" seed="398078785" result="Passed" start-time="2024-02-01T04:00:52.3838280Z" end-time="2024-02-01T04:00:52.3839180Z" duration="0.000090" asserts="3" />
                <test-case id="1-1774" name="MapAreaSystemTest_DistancePositiveNormal" fullname="PlayersWorlds.Maps.Areas.Evolving.SideToSideForceProducerTest.MapAreaSystemTest_DistancePositiveNormal" methodname="MapAreaSystemTest_DistancePositiveNormal" classname="PlayersWorlds.Maps.Areas.Evolving.SideToSideForceProducerTest" runstate="Runnable" seed="1694218147" result="Passed" start-time="2024-02-01T04:00:52.3839240Z" end-time="2024-02-01T04:00:52.3840130Z" duration="0.000089" asserts="3" />
                <test-case id="1-1775" name="MapAreaSystemTest_DistancePositiveOverlap" fullname="PlayersWorlds.Maps.Areas.Evolving.SideToSideForceProducerTest.MapAreaSystemTest_DistancePositiveOverlap" methodname="MapAreaSystemTest_DistancePositiveOverlap" classname="PlayersWorlds.Maps.Areas.Evolving.SideToSideForceProducerTest" runstate="Runnable" seed="1733547417" result="Passed" start-time="2024-02-01T04:00:52.3840180Z" end-time="2024-02-01T04:00:52.3841020Z" duration="0.000084" asserts="3" />
              </test-suite>
            </test-suite>
            <test-suite type="TestFixture" id="1-1673" name="MapAreaTest" fullname="PlayersWorlds.Maps.Areas.MapAreaTest" classname="PlayersWorlds.Maps.Areas.MapAreaTest" runstate="Runnable" testcasecount="4" result="Passed" start-time="2024-02-01T04:00:52.3841290Z" end-time="2024-02-01T04:00:52.3857380Z" duration="0.001608" total="4" passed="4" failed="0" warnings="0" inconclusive="0" skipped="0" asserts="26">
              <test-case id="1-1676" name="Overlaps_ReturnsFalseIfDoesNotOverlap" fullname="PlayersWorlds.Maps.Areas.MapAreaTest.Overlaps_ReturnsFalseIfDoesNotOverlap" methodname="Overlaps_ReturnsFalseIfDoesNotOverlap" classname="PlayersWorlds.Maps.Areas.MapAreaTest" runstate="Runnable" seed="2026668511" result="Passed" start-time="2024-02-01T04:00:52.3841750Z" end-time="2024-02-01T04:00:52.3846070Z" duration="0.000432" asserts="15" />
              <test-case id="1-1675" name="Overlaps_ReturnsTrueIfOverlaps" fullname="PlayersWorlds.Maps.Areas.MapAreaTest.Overlaps_ReturnsTrueIfOverlaps" methodname="Overlaps_ReturnsTrueIfOverlaps" classname="PlayersWorlds.Maps.Areas.MapAreaTest" runstate="Runnable" seed="153161781" result="Passed" start-time="2024-02-01T04:00:52.3846130Z" end-time="2024-02-01T04:00:52.3847640Z" duration="0.000151" asserts="7" />
              <test-case id="1-1674" name="Overlaps_ThrowsIfSame" fullname="PlayersWorlds.Maps.Areas.MapAreaTest.Overlaps_ThrowsIfSame" methodname="Overlaps_ThrowsIfSame" classname="PlayersWorlds.Maps.Areas.MapAreaTest" runstate="Runnable" seed="2120782282" result="Passed" start-time="2024-02-01T04:00:52.3847700Z" end-time="2024-02-01T04:00:52.3855060Z" duration="0.000736" asserts="2" />
              <test-case id="1-1677" name="Position_ThrowsIfNotInitialized" fullname="PlayersWorlds.Maps.Areas.MapAreaTest.Position_ThrowsIfNotInitialized" methodname="Position_ThrowsIfNotInitialized" classname="PlayersWorlds.Maps.Areas.MapAreaTest" runstate="Runnable" seed="596934265" result="Passed" start-time="2024-02-01T04:00:52.3855130Z" end-time="2024-02-01T04:00:52.3857280Z" duration="0.000215" asserts="2" />
            </test-suite>
          </test-suite>
          <test-suite type="TestFixture" id="1-1004" name="AssemblyInfoTest" fullname="PlayersWorlds.Maps.AssemblyInfoTest" classname="PlayersWorlds.Maps.AssemblyInfoTest" runstate="Runnable" testcasecount="2" result="Passed" start-time="2024-02-01T04:00:52.3857550Z" end-time="2024-02-01T04:00:52.3865280Z" duration="0.000774" total="2" passed="2" failed="0" warnings="0" inconclusive="0" skipped="0" asserts="4">
            <test-case id="1-1006" name="TestAssemblyCompany" fullname="PlayersWorlds.Maps.AssemblyInfoTest.TestAssemblyCompany" methodname="TestAssemblyCompany" classname="PlayersWorlds.Maps.AssemblyInfoTest" runstate="Runnable" seed="1260897723" result="Passed" start-time="2024-02-01T04:00:52.3857990Z" end-time="2024-02-01T04:00:52.3862730Z" duration="0.000474" asserts="2" />
            <test-case id="1-1005" name="TestAssemblyTitle" fullname="PlayersWorlds.Maps.AssemblyInfoTest.TestAssemblyTitle" methodname="TestAssemblyTitle" classname="PlayersWorlds.Maps.AssemblyInfoTest" runstate="Runnable" seed="1693097243" result="Passed" start-time="2024-02-01T04:00:52.3862810Z" end-time="2024-02-01T04:00:52.3865180Z" duration="0.000237" asserts="2" />
          </test-suite>
          <test-suite type="TestFixture" id="1-1007" name="CellTest" fullname="PlayersWorlds.Maps.CellTest" classname="PlayersWorlds.Maps.CellTest" runstate="Runnable" testcasecount="1" result="Passed" start-time="2024-02-01T04:00:52.3865410Z" end-time="2024-02-01T04:00:52.3869700Z" duration="0.000429" total="1" passed="1" failed="0" warnings="0" inconclusive="0" skipped="0" asserts="3">
            <test-case id="1-1008" name="CellTagEqualityTest" fullname="PlayersWorlds.Maps.CellTest.CellTagEqualityTest" methodname="CellTagEqualityTest" classname="PlayersWorlds.Maps.CellTest" runstate="Runnable" seed="1431293480" result="Passed" start-time="2024-02-01T04:00:52.3865860Z" end-time="2024-02-01T04:00:52.3869590Z" duration="0.000374" asserts="3" />
          </test-suite>
          <test-suite type="TestFixture" id="1-1009" name="ExtensionsTest" fullname="PlayersWorlds.Maps.ExtensionsTest" classname="PlayersWorlds.Maps.ExtensionsTest" runstate="Runnable" testcasecount="2" result="Passed" start-time="2024-02-01T04:00:52.3869810Z" end-time="2024-02-01T04:00:52.3876540Z" duration="0.000673" total="2" passed="2" failed="0" warnings="0" inconclusive="0" skipped="0" asserts="3">
            <test-case id="1-1011" name="TryDequeue_Dequeues" fullname="PlayersWorlds.Maps.ExtensionsTest.TryDequeue_Dequeues" methodname="TryDequeue_Dequeues" classname="PlayersWorlds.Maps.ExtensionsTest" runstate="Runnable" seed="223172143" result="Passed" start-time="2024-02-01T04:00:52.3870740Z" end-time="2024-02-01T04:00:52.3875220Z" duration="0.000449" asserts="2" />
            <test-case id="1-1010" name="TryDequeue_DoesNotThrow" fullname="PlayersWorlds.Maps.ExtensionsTest.TryDequeue_DoesNotThrow" methodname="TryDequeue_DoesNotThrow" classname="PlayersWorlds.Maps.ExtensionsTest" runstate="Runnable" seed="1272413520" result="Passed" start-time="2024-02-01T04:00:52.3875300Z" end-time="2024-02-01T04:00:52.3876450Z" duration="0.000115" asserts="1" />
          </test-suite>
          <test-suite type="TestFixture" id="1-1012" name="GlobalRandomTest" fullname="PlayersWorlds.Maps.GlobalRandomTest" classname="PlayersWorlds.Maps.GlobalRandomTest" runstate="Runnable" testcasecount="3" result="Passed" start-time="2024-02-01T04:00:52.3876660Z" end-time="2024-02-01T04:00:52.3919940Z" duration="0.004328" total="3" passed="3" failed="0" warnings="0" inconclusive="0" skipped="0" asserts="1002">
            <test-case id="1-1013" name="RandomCollectionItem" fullname="PlayersWorlds.Maps.GlobalRandomTest.RandomCollectionItem" methodname="RandomCollectionItem" classname="PlayersWorlds.Maps.GlobalRandomTest" runstate="Runnable" seed="1773108480" result="Passed" start-time="2024-02-01T04:00:52.3877270Z" end-time="2024-02-01T04:00:52.3884930Z" duration="0.000767" asserts="1" />
            <test-case id="1-1015" name="RandomInRange" fullname="PlayersWorlds.Maps.GlobalRandomTest.RandomInRange" methodname="RandomInRange" classname="PlayersWorlds.Maps.GlobalRandomTest" runstate="Runnable" seed="1313308475" result="Passed" start-time="2024-02-01T04:00:52.3885010Z" end-time="2024-02-01T04:00:52.3909630Z" duration="0.002462" asserts="1000" />
            <test-case id="1-1014" name="ThrowsIfEmptyCollection" fullname="PlayersWorlds.Maps.GlobalRandomTest.ThrowsIfEmptyCollection" methodname="ThrowsIfEmptyCollection" classname="PlayersWorlds.Maps.GlobalRandomTest" runstate="Runnable" seed="1120632756" result="Passed" start-time="2024-02-01T04:00:52.3909710Z" end-time="2024-02-01T04:00:52.3919830Z" duration="0.001013" asserts="1" />
          </test-suite>
          <test-suite type="TestFixture" id="1-1016" name="Map2DTest" fullname="PlayersWorlds.Maps.Map2DTest" classname="PlayersWorlds.Maps.Map2DTest" runstate="Runnable" testcasecount="1" result="Passed" start-time="2024-02-01T04:00:52.3920060Z" end-time="2024-02-01T04:00:52.3949450Z" duration="0.002939" total="1" passed="1" failed="0" warnings="0" inconclusive="0" skipped="0" asserts="6">
            <test-case id="1-1017" name="ParseMap" fullname="PlayersWorlds.Maps.Map2DTest.ParseMap" methodname="ParseMap" classname="PlayersWorlds.Maps.Map2DTest" runstate="Runnable" seed="1583648441" result="Passed" start-time="2024-02-01T04:00:52.3932070Z" end-time="2024-02-01T04:00:52.3949340Z" duration="0.001728" asserts="6" />
          </test-suite>
          <test-suite type="TestSuite" id="1-1802" name="MapFilters" fullname="PlayersWorlds.Maps.MapFilters" runstate="Runnable" testcasecount="5" result="Passed" start-time="2024-02-01T04:00:52.2171480Z" end-time="2024-02-01T04:00:52.3993910Z" duration="0.182243" total="5" passed="5" failed="0" warnings="0" inconclusive="0" skipped="0" asserts="10">
            <test-suite type="TestFixture" id="1-1667" name="Map2DEraseSpotsTest" fullname="PlayersWorlds.Maps.MapFilters.Map2DEraseSpotsTest" classname="PlayersWorlds.Maps.MapFilters.Map2DEraseSpotsTest" runstate="Runnable" testcasecount="5" result="Passed" start-time="2024-02-01T04:00:52.3949550Z" end-time="2024-02-01T04:00:52.3993850Z" duration="0.004430" total="5" passed="5" failed="0" warnings="0" inconclusive="0" skipped="0" asserts="10">
              <test-case id="1-1668" name="BackslashEraseSpots" fullname="PlayersWorlds.Maps.MapFilters.Map2DEraseSpotsTest.BackslashEraseSpots" methodname="BackslashEraseSpots" classname="PlayersWorlds.Maps.MapFilters.Map2DEraseSpotsTest" runstate="Runnable" seed="691066913" result="Passed" start-time="2024-02-01T04:00:52.3949940Z" end-time="2024-02-01T04:00:52.3983830Z" duration="0.003390" asserts="1">
                <output><![CDATA[▓▓░░░
░▓▓░░
░░▓▓░
░░░▓▓
░░░░▓

▓▓░░░
░▓▓░░
░░▓▓░
░░░▓▓
░░░░▓

▓▓░░░
░▓▓░░
░░▓▓░
░░░▓▓
░░░░▓

]]></output>
              </test-case>
              <test-case id="1-1672" name="SmoothBoxEraseSpots" fullname="PlayersWorlds.Maps.MapFilters.Map2DEraseSpotsTest.SmoothBoxEraseSpots" methodname="SmoothBoxEraseSpots" classname="PlayersWorlds.Maps.MapFilters.Map2DEraseSpotsTest" runstate="Runnable" seed="539023923" result="Passed" start-time="2024-02-01T04:00:52.3983910Z" end-time="2024-02-01T04:00:52.3987280Z" duration="0.000337" asserts="1">
                <output><![CDATA[▒▓▓▓▒
▓▓░▓▓
▓░░░▓
▓▓░░▓
▒▓▓▓▓

▒▓▓▓▒
▓▓▓▓▓
▓▓▓▓▓
▓▓▓▓▓
▒▓▓▓▓

▒▓▓▓▒
▓▓▓▓▓
▓▓▓▓▓
▓▓▓▓▓
▒▓▓▓▓

]]></output>
              </test-case>
              <test-case id="1-1671" name="SmoothBoxVoidBgEraseSpots" fullname="PlayersWorlds.Maps.MapFilters.Map2DEraseSpotsTest.SmoothBoxVoidBgEraseSpots" methodname="SmoothBoxVoidBgEraseSpots" classname="PlayersWorlds.Maps.MapFilters.Map2DEraseSpotsTest" runstate="Runnable" seed="373700639" result="Passed" start-time="2024-02-01T04:00:52.3987350Z" end-time="2024-02-01T04:00:52.3988700Z" duration="0.000135" asserts="1">
                <output><![CDATA[▒▓▓▓▒
▓▓0▓▓
▓000▓
▓▓00▓
▒▓▓▓▓

▒▓▓▓▒
▓▓▓▓▓
▓▓▓▓▓
▓▓▓▓▓
▒▓▓▓▓

▒▓▓▓▒
▓▓▓▓▓
▓▓▓▓▓
▓▓▓▓▓
▒▓▓▓▓

]]></output>
              </test-case>
              <test-case id="1-1670" name="Spot1x3SpotsEraseSpots" fullname="PlayersWorlds.Maps.MapFilters.Map2DEraseSpotsTest.Spot1x3SpotsEraseSpots" methodname="Spot1x3SpotsEraseSpots" classname="PlayersWorlds.Maps.MapFilters.Map2DEraseSpotsTest" runstate="Runnable" seed="1632572537" result="Passed" start-time="2024-02-01T04:00:52.3988760Z" end-time="2024-02-01T04:00:52.3990030Z" duration="0.000127" asserts="1">
                <output><![CDATA[░░░░░
░░▓░░
░░▓░░
░░▓░░
░░░░░

░░░░░
░░▓░░
░░▓░░
░░▓░░
░░░░░

░░░░░
░░▓░░
░░▓░░
░░▓░░
░░░░░

]]></output>
              </test-case>
              <test-case id="1-1669" name="VariousSpotsEraseSpots" fullname="PlayersWorlds.Maps.MapFilters.Map2DEraseSpotsTest.VariousSpotsEraseSpots" methodname="VariousSpotsEraseSpots" classname="PlayersWorlds.Maps.MapFilters.Map2DEraseSpotsTest" runstate="Runnable" seed="178268892" result="Passed" start-time="2024-02-01T04:00:52.3990080Z" end-time="2024-02-01T04:00:52.3993760Z" duration="0.000367" asserts="6">
                <output><![CDATA[░░░░░
░░░▓░
░░▓▓░
░░░░░
░░░░░

░░░░░
░░░░░
░░░░░
░░░░░
░░░░░

░░░░░
░░░░░
░░░░░
░░░░░
░░░░░

░░░░░
░░▓░░
░░▓▓░
░░░░░
░░░░░

░░░░░
░░░░░
░░░░░
░░░░░
░░░░░

░░░░░
░░░░░
░░░░░
░░░░░
░░░░░

░░░░░
░░▓▓░
░░▓░░
░░░░░
░░░░░

░░░░░
░░░░░
░░░░░
░░░░░
░░░░░

░░░░░
░░░░░
░░░░░
░░░░░
░░░░░

░░░░░
░░▓▓░
░░▓░░
░░░░░
░░░░░

░░░░░
░░░░░
░░░░░
░░░░░
░░░░░

░░░░░
░░░░░
░░░░░
░░░░░
░░░░░

░░░░░
░░▓▓░
░░▓▓░
░░░░░
░░░░░

░░░░░
░░░░░
░░░░░
░░░░░
░░░░░

░░░░░
░░░░░
░░░░░
░░░░░
░░░░░

░░░░░
░░▓░░
░░░▓░
░░░░░
░░░░░

░░░░░
░░░░░
░░░░░
░░░░░
░░░░░

░░░░░
░░░░░
░░░░░
░░░░░
░░░░░

]]></output>
              </test-case>
            </test-suite>
          </test-suite>
          <test-suite type="TestSuite" id="1-1800" name="Maze" fullname="PlayersWorlds.Maps.Maze" runstate="Runnable" testcasecount="555" result="Passed" start-time="2024-02-01T04:00:52.2171530Z" end-time="2024-02-01T04:00:52.5786940Z" duration="0.361541" total="51" passed="51" failed="0" warnings="0" inconclusive="0" skipped="0" asserts="397">
            <test-suite type="TestFixture" id="1-1102" name="Maze2DRendererTest" fullname="PlayersWorlds.Maps.Maze.Maze2DRendererTest" classname="PlayersWorlds.Maps.Maze.Maze2DRendererTest" runstate="Runnable" testcasecount="1" result="Passed" start-time="2024-02-01T04:00:52.3994000Z" end-time="2024-02-01T04:00:52.4019830Z" duration="0.002583" total="1" passed="1" failed="0" warnings="0" inconclusive="0" skipped="0" asserts="1">
              <test-case id="1-1103" name="ThrowsIfCantFit" fullname="PlayersWorlds.Maps.Maze.Maze2DRendererTest.ThrowsIfCantFit" methodname="ThrowsIfCantFit" classname="PlayersWorlds.Maps.Maze.Maze2DRendererTest" runstate="Runnable" seed="1326559591" result="Passed" start-time="2024-02-01T04:00:52.3994380Z" end-time="2024-02-01T04:00:52.4019740Z" duration="0.002535" asserts="1">
                <output><![CDATA[42x42
]]></output>
              </test-case>
            </test-suite>
            <test-suite type="TestFixture" id="1-1104" name="Maze2DTest" fullname="PlayersWorlds.Maps.Maze.Maze2DTest" classname="PlayersWorlds.Maps.Maze.Maze2DTest" runstate="Runnable" testcasecount="13" result="Passed" start-time="2024-02-01T04:00:52.4019950Z" end-time="2024-02-01T04:00:52.4329460Z" duration="0.030951" total="13" passed="13" failed="0" warnings="0" inconclusive="0" skipped="0" asserts="177">
              <test-case id="1-1111" name="Maze2D_AddsNoRoomsToASmallMaze" fullname="PlayersWorlds.Maps.Maze.Maze2DTest.Maze2D_AddsNoRoomsToASmallMaze" methodname="Maze2D_AddsNoRoomsToASmallMaze" classname="PlayersWorlds.Maps.Maze.Maze2DTest" runstate="Runnable" seed="2021558029" result="Passed" start-time="2024-02-01T04:00:52.4020340Z" end-time="2024-02-01T04:00:52.4133900Z" duration="0.011356" asserts="1">
                <output><![CDATA[AldousBroderMazeGenerator: Generating maze 3x3 with PlayersWorlds.Maps.Maze.GeneratorOptions(Full, Auto, <null>, PlayersWorlds.Maps.Areas.RandomAreaGenerator, PlayersWorlds.Maps.Maze.AldousBroderMazeGenerator)
]]></output>
              </test-case>
              <test-case id="1-1110" name="Maze2D_AddsNoRoomsWhenNoneRequested" fullname="PlayersWorlds.Maps.Maze.Maze2DTest.Maze2D_AddsNoRoomsWhenNoneRequested" methodname="Maze2D_AddsNoRoomsWhenNoneRequested" classname="PlayersWorlds.Maps.Maze.Maze2DTest" runstate="Runnable" seed="2081652749" result="Passed" start-time="2024-02-01T04:00:52.4134030Z" end-time="2024-02-01T04:00:52.4154720Z" duration="0.002069" asserts="1">
                <output><![CDATA[AldousBroderMazeGenerator: Generating maze 10x10 with PlayersWorlds.Maps.Maze.GeneratorOptions(Full, Manual, <null>, PlayersWorlds.Maps.Areas.RandomAreaGenerator, PlayersWorlds.Maps.Maze.AldousBroderMazeGenerator)
]]></output>
              </test-case>
              <test-case id="1-1114" name="Maze2D_AddsOneFill" fullname="PlayersWorlds.Maps.Maze.Maze2DTest.Maze2D_AddsOneFill" methodname="Maze2D_AddsOneFill" classname="PlayersWorlds.Maps.Maze.Maze2DTest" runstate="Runnable" seed="2007361544" result="Passed" start-time="2024-02-01T04:00:52.4154820Z" end-time="2024-02-01T04:00:52.4173960Z" duration="0.001914" asserts="1">
                <output><![CDATA[AldousBroderMazeGenerator: Generating maze 5x5 with PlayersWorlds.Maps.Maze.GeneratorOptions(Full, Manual, List`1<MapArea>(P2x2;S2x1;Fill;), PlayersWorlds.Maps.Areas.RandomAreaGenerator, PlayersWorlds.Maps.Maze.AldousBroderMazeGenerator)
]]></output>
              </test-case>
              <test-case id="1-1113" name="Maze2D_AddsOneHall" fullname="PlayersWorlds.Maps.Maze.Maze2DTest.Maze2D_AddsOneHall" methodname="Maze2D_AddsOneHall" classname="PlayersWorlds.Maps.Maze.Maze2DTest" runstate="Runnable" seed="1758900506" result="Passed" start-time="2024-02-01T04:00:52.4174060Z" end-time="2024-02-01T04:00:52.4179840Z" duration="0.000578" asserts="1">
                <output><![CDATA[AldousBroderMazeGenerator: Generating maze 5x5 with PlayersWorlds.Maps.Maze.GeneratorOptions(Full, Manual, List`1<MapArea>(P2x2;S2x1;Hall;), PlayersWorlds.Maps.Areas.RandomAreaGenerator, PlayersWorlds.Maps.Maze.AldousBroderMazeGenerator)
]]></output>
              </test-case>
              <test-case id="1-1112" name="Maze2D_AddsRooms" fullname="PlayersWorlds.Maps.Maze.Maze2DTest.Maze2D_AddsRooms" methodname="Maze2D_AddsRooms" classname="PlayersWorlds.Maps.Maze.Maze2DTest" runstate="Runnable" seed="2122106488" result="Passed" start-time="2024-02-01T04:00:52.4179940Z" end-time="2024-02-01T04:00:52.4199200Z" duration="0.001927" asserts="1">
                <output><![CDATA[AldousBroderMazeGenerator: Generating maze 5x5 with PlayersWorlds.Maps.Maze.GeneratorOptions(Full, Auto, <null>, PlayersWorlds.Maps.Areas.RandomAreaGenerator, PlayersWorlds.Maps.Maze.AldousBroderMazeGenerator)
]]></output>
              </test-case>
              <test-case id="1-1116" name="Maze2D_CanParse" fullname="PlayersWorlds.Maps.Maze.Maze2DTest.Maze2D_CanParse" methodname="Maze2D_CanParse" classname="PlayersWorlds.Maps.Maze.Maze2DTest" runstate="Runnable" seed="2585776" result="Passed" start-time="2024-02-01T04:00:52.4199310Z" end-time="2024-02-01T04:00:52.4246090Z" duration="0.004678" asserts="16">
                <output><![CDATA[┌───────────┐
│           │
├───╴   ┌───┤
│       │   │
│   ╷   ╵   │
│   │       │
└───┴───────┘

]]></output>
              </test-case>
              <test-case id="1-1117" name="Maze2D_CanParse2" fullname="PlayersWorlds.Maps.Maze.Maze2DTest.Maze2D_CanParse2" methodname="Maze2D_CanParse2" classname="PlayersWorlds.Maps.Maze.Maze2DTest" runstate="Runnable" seed="1915424618" result="Passed" start-time="2024-02-01T04:00:52.4246200Z" end-time="2024-02-01T04:00:52.4247230Z" duration="0.000103" asserts="1" />
              <test-case id="1-1109" name="Maze2D_CanRenderMap" fullname="PlayersWorlds.Maps.Maze.Maze2DTest.Maze2D_CanRenderMap" methodname="Maze2D_CanRenderMap" classname="PlayersWorlds.Maps.Maze.Maze2DTest" runstate="Runnable" seed="1940708336" result="Passed" start-time="2024-02-01T04:00:52.4247290Z" end-time="2024-02-01T04:00:52.4288590Z" duration="0.004130" asserts="1">
                <output><![CDATA[AldousBroderMazeGenerator: Generating maze 3x3 with PlayersWorlds.Maps.Maze.GeneratorOptions(Full, None, <null>, PlayersWorlds.Maps.Areas.RandomAreaGenerator, PlayersWorlds.Maps.Maze.AldousBroderMazeGenerator)
]]></output>
              </test-case>
              <test-case id="1-1108" name="Maze2D_CellsNeighborsAreValid" fullname="PlayersWorlds.Maps.Maze.Maze2DTest.Maze2D_CellsNeighborsAreValid" methodname="Maze2D_CellsNeighborsAreValid" classname="PlayersWorlds.Maps.Maze.Maze2DTest" runstate="Runnable" seed="1966945250" result="Passed" start-time="2024-02-01T04:00:52.4288680Z" end-time="2024-02-01T04:00:52.4301100Z" duration="0.001242" asserts="136" />
              <test-case id="1-1115" name="Maze2D_HasAttributesSet" fullname="PlayersWorlds.Maps.Maze.Maze2DTest.Maze2D_HasAttributesSet" methodname="Maze2D_HasAttributesSet" classname="PlayersWorlds.Maps.Maze.Maze2DTest" runstate="Runnable" seed="1152838211" result="Passed" start-time="2024-02-01T04:00:52.4301200Z" end-time="2024-02-01T04:00:52.4306000Z" duration="0.000481" asserts="2">
                <output><![CDATA[AldousBroderMazeGenerator: Generating maze 3x3 with PlayersWorlds.Maps.Maze.GeneratorOptions(Full, None, <null>, PlayersWorlds.Maps.Areas.RandomAreaGenerator, PlayersWorlds.Maps.Maze.AldousBroderMazeGenerator)
]]></output>
              </test-case>
              <test-case id="1-1105" name="Maze2D_IsInitialized" fullname="PlayersWorlds.Maps.Maze.Maze2DTest.Maze2D_IsInitialized" methodname="Maze2D_IsInitialized" classname="PlayersWorlds.Maps.Maze.Maze2DTest" runstate="Runnable" seed="1687732553" result="Passed" start-time="2024-02-01T04:00:52.4306080Z" end-time="2024-02-01T04:00:52.4307480Z" duration="0.000141" asserts="4" />
              <test-case id="1-1107" name="Maze2D_ToMapWrongOptions" fullname="PlayersWorlds.Maps.Maze.Maze2DTest.Maze2D_ToMapWrongOptions" methodname="Maze2D_ToMapWrongOptions" classname="PlayersWorlds.Maps.Maze.Maze2DTest" runstate="Runnable" seed="1477267076" result="Passed" start-time="2024-02-01T04:00:52.4307540Z" end-time="2024-02-01T04:00:52.4326680Z" duration="0.001914" asserts="7" />
              <test-case id="1-1106" name="Maze2D_WrongSize" fullname="PlayersWorlds.Maps.Maze.Maze2DTest.Maze2D_WrongSize" methodname="Maze2D_WrongSize" classname="PlayersWorlds.Maps.Maze.Maze2DTest" runstate="Runnable" seed="701787568" result="Passed" start-time="2024-02-01T04:00:52.4326770Z" end-time="2024-02-01T04:00:52.4329350Z" duration="0.000258" asserts="5" />
            </test-suite>
            <test-suite type="TestFixture" id="1-1118" name="MazeCellTest" fullname="PlayersWorlds.Maps.Maze.MazeCellTest" classname="PlayersWorlds.Maps.Maze.MazeCellTest" runstate="Runnable" testcasecount="4" result="Passed" start-time="2024-02-01T04:00:52.4329620Z" end-time="2024-02-01T04:00:52.4370440Z" duration="0.004082" total="4" passed="4" failed="0" warnings="0" inconclusive="0" skipped="0" asserts="22">
              <test-case id="1-1120" name="CanAssignMapAreaOnce" fullname="PlayersWorlds.Maps.Maze.MazeCellTest.CanAssignMapAreaOnce" methodname="CanAssignMapAreaOnce" classname="PlayersWorlds.Maps.Maze.MazeCellTest" runstate="Runnable" seed="769655841" result="Passed" start-time="2024-02-01T04:00:52.4330050Z" end-time="2024-02-01T04:00:52.4355190Z" duration="0.002514" asserts="4" />
              <test-case id="1-1122" name="DoubleLinkingThrowsError" fullname="PlayersWorlds.Maps.Maze.MazeCellTest.DoubleLinkingThrowsError" methodname="DoubleLinkingThrowsError" classname="PlayersWorlds.Maps.Maze.MazeCellTest" runstate="Runnable" seed="1369384465" result="Passed" start-time="2024-02-01T04:00:52.4355290Z" end-time="2024-02-01T04:00:52.4357080Z" duration="0.000178" asserts="1" />
              <test-case id="1-1119" name="LinksAreMutual" fullname="PlayersWorlds.Maps.Maze.MazeCellTest.LinksAreMutual" methodname="LinksAreMutual" classname="PlayersWorlds.Maps.Maze.MazeCellTest" runstate="Runnable" seed="1816957023" result="Passed" start-time="2024-02-01T04:00:52.4357150Z" end-time="2024-02-01T04:00:52.4367150Z" duration="0.001000" asserts="10" />
              <test-case id="1-1121" name="ToStringTest" fullname="PlayersWorlds.Maps.Maze.MazeCellTest.ToStringTest" methodname="ToStringTest" classname="PlayersWorlds.Maps.Maze.MazeCellTest" runstate="Runnable" seed="1401775831" result="Passed" start-time="2024-02-01T04:00:52.4367250Z" end-time="2024-02-01T04:00:52.4370330Z" duration="0.000308" asserts="7" />
            </test-suite>
            <test-suite type="TestFixture" id="1-1123" name="MazeGeneratorTest" fullname="PlayersWorlds.Maps.Maze.MazeGeneratorTest" classname="PlayersWorlds.Maps.Maze.MazeGeneratorTest" runstate="Runnable" testcasecount="532" result="Passed" start-time="2024-02-01T04:00:52.4370570Z" end-time="2024-02-01T04:00:52.5732870Z" duration="0.136230" total="28" passed="28" failed="0" warnings="0" inconclusive="0" skipped="0" asserts="179">
              <test-suite type="ParameterizedMethod" id="1-1659" name="AreasAreAppliedProperly" fullname="PlayersWorlds.Maps.Maze.MazeGeneratorTest.AreasAreAppliedProperly" classname="PlayersWorlds.Maps.Maze.MazeGeneratorTest" runstate="Runnable" testcasecount="6" result="Passed" start-time="2024-02-01T04:00:52.4370970Z" end-time="2024-02-01T04:00:52.4716390Z" duration="0.034542" total="6" passed="6" failed="0" warnings="0" inconclusive="0" skipped="0" asserts="138">
                <test-case id="1-1653" name="AreasAreAppliedProperly(PlayersWorlds.Maps.Maze.AldousBroderMazeGenerator)" fullname="PlayersWorlds.Maps.Maze.MazeGeneratorTest.AreasAreAppliedProperly(PlayersWorlds.Maps.Maze.AldousBroderMazeGenerator)" methodname="AreasAreAppliedProperly" classname="PlayersWorlds.Maps.Maze.MazeGeneratorTest" runstate="Runnable" seed="2108581340" result="Passed" start-time="2024-02-01T04:00:52.4371120Z" end-time="2024-02-01T04:00:52.4460910Z" duration="0.008979" asserts="23">
                  <output><![CDATA[AldousBroderMazeGenerator: Generating maze 10x10 with PlayersWorlds.Maps.Maze.GeneratorOptions(Full, Manual, List`1<MapArea>(P2x1;S2x3;Fill;, P1x5;S3x4;Fill;, P5x6;S3x2;Hall;, P5x1;S4x3;Hall;), PlayersWorlds.Maps.Areas.RandomAreaGenerator, PlayersWorlds.Maps.Maze.AldousBroderMazeGenerator)
]]></output>
                </test-case>
                <test-case id="1-1654" name="AreasAreAppliedProperly(PlayersWorlds.Maps.Maze.BinaryTreeMazeGenerator)" fullname="PlayersWorlds.Maps.Maze.MazeGeneratorTest.AreasAreAppliedProperly(PlayersWorlds.Maps.Maze.BinaryTreeMazeGenerator)" methodname="AreasAreAppliedProperly" classname="PlayersWorlds.Maps.Maze.MazeGeneratorTest" runstate="Runnable" seed="460038203" result="Passed" start-time="2024-02-01T04:00:52.4461020Z" end-time="2024-02-01T04:00:52.4549650Z" duration="0.008864" asserts="23">
                  <output><![CDATA[BinaryTreeMazeGenerator: Generating maze 10x10 with PlayersWorlds.Maps.Maze.GeneratorOptions(Full, Manual, List`1<MapArea>(P2x1;S2x3;Fill;, P1x5;S3x4;Fill;, P5x6;S3x2;Hall;, P5x1;S4x3;Hall;), PlayersWorlds.Maps.Areas.RandomAreaGenerator, PlayersWorlds.Maps.Maze.BinaryTreeMazeGenerator)
]]></output>
                </test-case>
                <test-case id="1-1655" name="AreasAreAppliedProperly(PlayersWorlds.Maps.Maze.HuntAndKillMazeGenerator)" fullname="PlayersWorlds.Maps.Maze.MazeGeneratorTest.AreasAreAppliedProperly(PlayersWorlds.Maps.Maze.HuntAndKillMazeGenerator)" methodname="AreasAreAppliedProperly" classname="PlayersWorlds.Maps.Maze.MazeGeneratorTest" runstate="Runnable" seed="1523687941" result="Passed" start-time="2024-02-01T04:00:52.4549750Z" end-time="2024-02-01T04:00:52.4587740Z" duration="0.003800" asserts="23">
                  <output><![CDATA[HuntAndKillMazeGenerator: Generating maze 10x10 with PlayersWorlds.Maps.Maze.GeneratorOptions(Full, Manual, List`1<MapArea>(P2x1;S2x3;Fill;, P1x5;S3x4;Fill;, P5x6;S3x2;Hall;, P5x1;S4x3;Hall;), PlayersWorlds.Maps.Areas.RandomAreaGenerator, PlayersWorlds.Maps.Maze.HuntAndKillMazeGenerator)
]]></output>
                </test-case>
                <test-case id="1-1656" name="AreasAreAppliedProperly(PlayersWorlds.Maps.Maze.RecursiveBacktrackerMazeGenerator)" fullname="PlayersWorlds.Maps.Maze.MazeGeneratorTest.AreasAreAppliedProperly(PlayersWorlds.Maps.Maze.RecursiveBacktrackerMazeGenerator)" methodname="AreasAreAppliedProperly" classname="PlayersWorlds.Maps.Maze.MazeGeneratorTest" runstate="Runnable" seed="858561722" result="Passed" start-time="2024-02-01T04:00:52.4587850Z" end-time="2024-02-01T04:00:52.4631940Z" duration="0.004409" asserts="23">
                  <output><![CDATA[RecursiveBacktrackerMazeGenerator: Generating maze 10x10 with PlayersWorlds.Maps.Maze.GeneratorOptions(Full, Manual, List`1<MapArea>(P2x1;S2x3;Fill;, P1x5;S3x4;Fill;, P5x6;S3x2;Hall;, P5x1;S4x3;Hall;), PlayersWorlds.Maps.Areas.RandomAreaGenerator, PlayersWorlds.Maps.Maze.RecursiveBacktrackerMazeGenerator)
]]></output>
                </test-case>
                <test-case id="1-1657" name="AreasAreAppliedProperly(PlayersWorlds.Maps.Maze.SidewinderMazeGenerator)" fullname="PlayersWorlds.Maps.Maze.MazeGeneratorTest.AreasAreAppliedProperly(PlayersWorlds.Maps.Maze.SidewinderMazeGenerator)" methodname="AreasAreAppliedProperly" classname="PlayersWorlds.Maps.Maze.MazeGeneratorTest" runstate="Runnable" seed="1128701222" result="Passed" start-time="2024-02-01T04:00:52.4632030Z" end-time="2024-02-01T04:00:52.4670060Z" duration="0.003803" asserts="23">
                  <output><![CDATA[SidewinderMazeGenerator: Generating maze 10x10 with PlayersWorlds.Maps.Maze.GeneratorOptions(Full, Manual, List`1<MapArea>(P2x1;S2x3;Fill;, P1x5;S3x4;Fill;, P5x6;S3x2;Hall;, P5x1;S4x3;Hall;), PlayersWorlds.Maps.Areas.RandomAreaGenerator, PlayersWorlds.Maps.Maze.SidewinderMazeGenerator)
]]></output>
                </test-case>
                <test-case id="1-1658" name="AreasAreAppliedProperly(PlayersWorlds.Maps.Maze.WilsonsMazeGenerator)" fullname="PlayersWorlds.Maps.Maze.MazeGeneratorTest.AreasAreAppliedProperly(PlayersWorlds.Maps.Maze.WilsonsMazeGenerator)" methodname="AreasAreAppliedProperly" classname="PlayersWorlds.Maps.Maze.MazeGeneratorTest" runstate="Runnable" seed="386436644" result="Passed" start-time="2024-02-01T04:00:52.4670160Z" end-time="2024-02-01T04:00:52.4716270Z" duration="0.004611" asserts="23">
                  <output><![CDATA[WilsonsMazeGenerator: Generating maze 10x10 with PlayersWorlds.Maps.Maze.GeneratorOptions(Full, Manual, List`1<MapArea>(P2x1;S2x3;Fill;, P1x5;S3x4;Fill;, P5x6;S3x2;Hall;, P5x1;S4x3;Hall;), PlayersWorlds.Maps.Areas.RandomAreaGenerator, PlayersWorlds.Maps.Maze.WilsonsMazeGenerator)
]]></output>
                </test-case>
              </test-suite>
              <test-suite type="ParameterizedMethod" id="1-1652" name="CanFindPaths" fullname="PlayersWorlds.Maps.Maze.MazeGeneratorTest.CanFindPaths" classname="PlayersWorlds.Maps.Maze.MazeGeneratorTest" runstate="Runnable" testcasecount="6" result="Passed" start-time="2024-02-01T04:00:52.4716480Z" end-time="2024-02-01T04:00:52.4726480Z" duration="0.000999" total="6" passed="6" failed="0" warnings="0" inconclusive="0" skipped="0" asserts="12">
                <test-case id="1-1646" name="CanFindPaths(PlayersWorlds.Maps.Maze.AldousBroderMazeGenerator)" fullname="PlayersWorlds.Maps.Maze.MazeGeneratorTest.CanFindPaths(PlayersWorlds.Maps.Maze.AldousBroderMazeGenerator)" methodname="CanFindPaths" classname="PlayersWorlds.Maps.Maze.MazeGeneratorTest" runstate="Runnable" seed="692929982" result="Passed" start-time="2024-02-01T04:00:52.4716650Z" end-time="2024-02-01T04:00:52.4722260Z" duration="0.000562" asserts="2" />
                <test-case id="1-1647" name="CanFindPaths(PlayersWorlds.Maps.Maze.BinaryTreeMazeGenerator)" fullname="PlayersWorlds.Maps.Maze.MazeGeneratorTest.CanFindPaths(PlayersWorlds.Maps.Maze.BinaryTreeMazeGenerator)" methodname="CanFindPaths" classname="PlayersWorlds.Maps.Maze.MazeGeneratorTest" runstate="Runnable" seed="427522674" result="Passed" start-time="2024-02-01T04:00:52.4722340Z" end-time="2024-02-01T04:00:52.4723460Z" duration="0.000113" asserts="2" />
                <test-case id="1-1648" name="CanFindPaths(PlayersWorlds.Maps.Maze.HuntAndKillMazeGenerator)" fullname="PlayersWorlds.Maps.Maze.MazeGeneratorTest.CanFindPaths(PlayersWorlds.Maps.Maze.HuntAndKillMazeGenerator)" methodname="CanFindPaths" classname="PlayersWorlds.Maps.Maze.MazeGeneratorTest" runstate="Runnable" seed="1498496011" result="Passed" start-time="2024-02-01T04:00:52.4723520Z" end-time="2024-02-01T04:00:52.4724130Z" duration="0.000061" asserts="2" />
                <test-case id="1-1649" name="CanFindPaths(PlayersWorlds.Maps.Maze.RecursiveBacktrackerMazeGenerator)" fullname="PlayersWorlds.Maps.Maze.MazeGeneratorTest.CanFindPaths(PlayersWorlds.Maps.Maze.RecursiveBacktrackerMazeGenerator)" methodname="CanFindPaths" classname="PlayersWorlds.Maps.Maze.MazeGeneratorTest" runstate="Runnable" seed="1062120050" result="Passed" start-time="2024-02-01T04:00:52.4724180Z" end-time="2024-02-01T04:00:52.4724780Z" duration="0.000060" asserts="2" />
                <test-case id="1-1650" name="CanFindPaths(PlayersWorlds.Maps.Maze.SidewinderMazeGenerator)" fullname="PlayersWorlds.Maps.Maze.MazeGeneratorTest.CanFindPaths(PlayersWorlds.Maps.Maze.SidewinderMazeGenerator)" methodname="CanFindPaths" classname="PlayersWorlds.Maps.Maze.MazeGeneratorTest" runstate="Runnable" seed="1763068427" result="Passed" start-time="2024-02-01T04:00:52.4724820Z" end-time="2024-02-01T04:00:52.4725730Z" duration="0.000091" asserts="2" />
                <test-case id="1-1651" name="CanFindPaths(PlayersWorlds.Maps.Maze.WilsonsMazeGenerator)" fullname="PlayersWorlds.Maps.Maze.MazeGeneratorTest.CanFindPaths(PlayersWorlds.Maps.Maze.WilsonsMazeGenerator)" methodname="CanFindPaths" classname="PlayersWorlds.Maps.Maze.MazeGeneratorTest" runstate="Runnable" seed="1088150568" result="Passed" start-time="2024-02-01T04:00:52.4725780Z" end-time="2024-02-01T04:00:52.4726410Z" duration="0.000064" asserts="2" />
              </test-suite>
              <test-suite type="ParameterizedMethod" id="1-1131" name="CanGenerateMazes" fullname="PlayersWorlds.Maps.Maze.MazeGeneratorTest.CanGenerateMazes" classname="PlayersWorlds.Maps.Maze.MazeGeneratorTest" runstate="Runnable" testcasecount="6" result="Passed" start-time="2024-02-01T04:00:52.4726540Z" end-time="2024-02-01T04:00:52.5441170Z" duration="0.071463" total="6" passed="6" failed="0" warnings="0" inconclusive="0" skipped="0" asserts="12">
                <test-case id="1-1125" name="CanGenerateMazes(PlayersWorlds.Maps.Maze.AldousBroderMazeGenerator)" fullname="PlayersWorlds.Maps.Maze.MazeGeneratorTest.CanGenerateMazes(PlayersWorlds.Maps.Maze.AldousBroderMazeGenerator)" methodname="CanGenerateMazes" classname="PlayersWorlds.Maps.Maze.MazeGeneratorTest" runstate="Runnable" seed="1279918876" result="Passed" start-time="2024-02-01T04:00:52.4726660Z" end-time="2024-02-01T04:00:52.5145180Z" duration="0.041853" asserts="2">
                  <output><![CDATA[AldousBroderMazeGenerator: Generating maze 20x20 with PlayersWorlds.Maps.Maze.GeneratorOptions(Full, None, <null>, PlayersWorlds.Maps.Areas.RandomAreaGenerator, PlayersWorlds.Maps.Maze.AldousBroderMazeGenerator)
]]></output>
                </test-case>
                <test-case id="1-1126" name="CanGenerateMazes(PlayersWorlds.Maps.Maze.BinaryTreeMazeGenerator)" fullname="PlayersWorlds.Maps.Maze.MazeGeneratorTest.CanGenerateMazes(PlayersWorlds.Maps.Maze.BinaryTreeMazeGenerator)" methodname="CanGenerateMazes" classname="PlayersWorlds.Maps.Maze.MazeGeneratorTest" runstate="Runnable" seed="150582711" result="Passed" start-time="2024-02-01T04:00:52.5145290Z" end-time="2024-02-01T04:00:52.5165080Z" duration="0.001979" asserts="2">
                  <output><![CDATA[BinaryTreeMazeGenerator: Generating maze 20x20 with PlayersWorlds.Maps.Maze.GeneratorOptions(Full, None, <null>, PlayersWorlds.Maps.Areas.RandomAreaGenerator, PlayersWorlds.Maps.Maze.BinaryTreeMazeGenerator)
]]></output>
                </test-case>
                <test-case id="1-1127" name="CanGenerateMazes(PlayersWorlds.Maps.Maze.HuntAndKillMazeGenerator)" fullname="PlayersWorlds.Maps.Maze.MazeGeneratorTest.CanGenerateMazes(PlayersWorlds.Maps.Maze.HuntAndKillMazeGenerator)" methodname="CanGenerateMazes" classname="PlayersWorlds.Maps.Maze.MazeGeneratorTest" runstate="Runnable" seed="1216450908" result="Passed" start-time="2024-02-01T04:00:52.5165170Z" end-time="2024-02-01T04:00:52.5194700Z" duration="0.002953" asserts="2">
                  <output><![CDATA[HuntAndKillMazeGenerator: Generating maze 20x20 with PlayersWorlds.Maps.Maze.GeneratorOptions(Full, None, <null>, PlayersWorlds.Maps.Areas.RandomAreaGenerator, PlayersWorlds.Maps.Maze.HuntAndKillMazeGenerator)
]]></output>
                </test-case>
                <test-case id="1-1128" name="CanGenerateMazes(PlayersWorlds.Maps.Maze.RecursiveBacktrackerMazeGenerator)" fullname="PlayersWorlds.Maps.Maze.MazeGeneratorTest.CanGenerateMazes(PlayersWorlds.Maps.Maze.RecursiveBacktrackerMazeGenerator)" methodname="CanGenerateMazes" classname="PlayersWorlds.Maps.Maze.MazeGeneratorTest" runstate="Runnable" seed="827917947" result="Passed" start-time="2024-02-01T04:00:52.5194790Z" end-time="2024-02-01T04:00:52.5243450Z" duration="0.004867" asserts="2">
                  <output><![CDATA[RecursiveBacktrackerMazeGenerator: Generating maze 20x20 with PlayersWorlds.Maps.Maze.GeneratorOptions(Full, None, <null>, PlayersWorlds.Maps.Areas.RandomAreaGenerator, PlayersWorlds.Maps.Maze.RecursiveBacktrackerMazeGenerator)
]]></output>
                </test-case>
                <test-case id="1-1129" name="CanGenerateMazes(PlayersWorlds.Maps.Maze.SidewinderMazeGenerator)" fullname="PlayersWorlds.Maps.Maze.MazeGeneratorTest.CanGenerateMazes(PlayersWorlds.Maps.Maze.SidewinderMazeGenerator)" methodname="CanGenerateMazes" classname="PlayersWorlds.Maps.Maze.MazeGeneratorTest" runstate="Runnable" seed="1927945606" result="Passed" start-time="2024-02-01T04:00:52.5243550Z" end-time="2024-02-01T04:00:52.5264300Z" duration="0.002075" asserts="2">
                  <output><![CDATA[SidewinderMazeGenerator: Generating maze 20x20 with PlayersWorlds.Maps.Maze.GeneratorOptions(Full, None, <null>, PlayersWorlds.Maps.Areas.RandomAreaGenerator, PlayersWorlds.Maps.Maze.SidewinderMazeGenerator)
]]></output>
                </test-case>
                <test-case id="1-1130" name="CanGenerateMazes(PlayersWorlds.Maps.Maze.WilsonsMazeGenerator)" fullname="PlayersWorlds.Maps.Maze.MazeGeneratorTest.CanGenerateMazes(PlayersWorlds.Maps.Maze.WilsonsMazeGenerator)" methodname="CanGenerateMazes" classname="PlayersWorlds.Maps.Maze.MazeGeneratorTest" runstate="Runnable" seed="1576980353" result="Passed" start-time="2024-02-01T04:00:52.5264410Z" end-time="2024-02-01T04:00:52.5440890Z" duration="0.017649" asserts="2">
                  <output><![CDATA[WilsonsMazeGenerator: Generating maze 20x20 with PlayersWorlds.Maps.Maze.GeneratorOptions(Full, None, <null>, PlayersWorlds.Maps.Areas.RandomAreaGenerator, PlayersWorlds.Maps.Maze.WilsonsMazeGenerator)
]]></output>
                </test-case>
              </test-suite>
              <test-case id="1-1124" name="CanUseCustomAreaGenerator" fullname="PlayersWorlds.Maps.Maze.MazeGeneratorTest.CanUseCustomAreaGenerator" methodname="CanUseCustomAreaGenerator" classname="PlayersWorlds.Maps.Maze.MazeGeneratorTest" runstate="Runnable" seed="1832729775" result="Passed" start-time="2024-02-01T04:00:52.5441330Z" end-time="2024-02-01T04:00:52.5612480Z" duration="0.017115" asserts="4">
                <output><![CDATA[AldousBroderMazeGenerator: Generating maze 15x15 with PlayersWorlds.Maps.Maze.GeneratorOptions(Full, Auto, <null>, PlayersWorlds.Maps.Maze.MazeGeneratorTest+CustomAreaGenerator, PlayersWorlds.Maps.Maze.AldousBroderMazeGenerator)
┌───────────────────┬───────────────────┬───────────────────┐
│                   │ 5   4   3   2     │ 30  31  32  33  34│
├───┐   ╶───────────┘   ┌───┬───╴   ┌───┘   ╶───┬───┐   ╷   │
│   │             7   6 │   │ 0   1 │ 2e  2f    │   │   │ 35│
│   └───────┬───┐   ╶───┤   └───┬───┘   ╶───────┘   └───┤   │
│           │   │ 8     │       │ 2c  2d                │ 36│
├───┐   ╶───┘   ╵   ╷   └───┐   ╵   ╷   ┌───────┬───────┼───┤
│   │     b   a   9 │       │ 2a  2b│   │       │       │   │
│   ├───╴   ╶───┬───┴───┬───┘   ╶───┴───┤   ╶───┼───╴   ╵   │
│   │ d   c     │       │     29  28    │       │           │
│   ╵   ╷   ╶───┤   ╶───┤   ╶───┐   ╷   │   ╶───┤   ╶───────┤
│     e │       │       │       │ 27│   │       │           │
├───╴   ├───┬───┘   ╶───┼───┬───┘   ├───┘   ╶───┘   ╶───────┤
│     f │   │           │   │ 25  26│                       │
│   ╷   │   │   ╶───────┤   ╵   ╶───┴───┐   ┌───┬───╴   ╷   │
│   │ 10│   │ 14  15  16│     24  23  22│   │   │       │   │
│   │   ╵   ╵   ┌───┐   └───┬───┬───┐   └───┤   └───╴   ├───┤
│   │ 11  12  13│   │ 17  18│   │   │ 21    │           │   │
├───┤   ╶───┐   │   ╵   ╷   │   ╵   │   ╷   ╵   ╷   ╷   ╵   │
│   │       │   │       │ 19│       │ 20│       │   │       │
│   └───┬───┴───┼───────┤   ╵   ┌───┘   ├───┬───┼───┤   ╷   │
│       │       │       │ 1a    │ 1e  1f│   │   │   │   │   │
│   ╶───┴───╴   └───╴   │   ╶───┘   ╶───┤   ╵   ╵   ├───┴───┤
│                       │ 1b  1c  1d    │           │       │
├───────┐   ╷   ╶───────┤   ╶───┬───╴   └───╴   ╶───┘   ╷   │
│       │   │           │       │                       │   │
│   ┼   ╵   ├───────╴   └───┐   └───┐   ╷   ╶───────┐   └───┤
│           │               │       │   │           │       │
│   ┼   ╶───┤   ╶───┐   ╷   └───╴   │   │   ╶───┬───┴───╴   │
│           │       │   │           │   │       │           │
└───────────┴───────┴───┴───────────┴───┴───────┴───────────┘

]]></output>
              </test-case>
              <test-case id="1-1134" name="IsFillComplete_Full" fullname="PlayersWorlds.Maps.Maze.MazeGeneratorTest.IsFillComplete_Full" methodname="IsFillComplete_Full" classname="PlayersWorlds.Maps.Maze.MazeGeneratorTest" runstate="Runnable" seed="837198623" result="Passed" start-time="2024-02-01T04:00:52.5612680Z" end-time="2024-02-01T04:00:52.5635540Z" duration="0.002287" asserts="1">
                <output><![CDATA[AldousBroderMazeGenerator: Generating maze 10x10 with PlayersWorlds.Maps.Maze.GeneratorOptions(Full, None, <null>, PlayersWorlds.Maps.Areas.RandomAreaGenerator, PlayersWorlds.Maps.Maze.AldousBroderMazeGenerator)
┌───┬───────┬───────────┬───┬───────┬───┐
│   │       │           │   │ 8   7 │   │
│   └───╴   ├───╴   ╶───┘   ╵   ╷   ╵   │
│           │ d   c   b   a   9 │ 6     │
│   ╶───────┘   ╷   ┌───┐   ┌───┘   ╷   │
│     10  f   e │   │   │   │     5 │   │
├───╴   ╶───────┴───┤   ╵   │   ╷   └───┤
│     11            │       │   │ 4   3 │
├───╴   ╶───────┬───┤   ┌───┼───┴───╴   │
│     12  13    │   │   │   │ 0   1   2 │
├───────┐   ╶───┘   └───┘   └───────┐   │
│       │ 14  15  16  17            │   │
│   ┌───┤   ┌───┬───╴   ╷   ┌───╴   └───┤
│   │   │   │   │     18│   │           │
│   ╵   └───┤   ├───╴   │   │   ╶───┬───┤
│ 20  1f  1e│   │ 1a  19│   │       │   │
│   ╶───┐   ╵   ╵   ╷   ├───┤   ╶───┘   │
│ 21  22│ 1d  1c  1b│   │   │           │
├───╴   └───┬───╴   └───┘   └───┬───╴   │
│     23  24│                   │       │
└───────────┴───────────────────┴───────┘

]]></output>
              </test-case>
              <test-case id="1-1139" name="IsFillComplete_FullHeight" fullname="PlayersWorlds.Maps.Maze.MazeGeneratorTest.IsFillComplete_FullHeight" methodname="IsFillComplete_FullHeight" classname="PlayersWorlds.Maps.Maze.MazeGeneratorTest" runstate="Runnable" seed="808197729" result="Passed" start-time="2024-02-01T04:00:52.5635660Z" end-time="2024-02-01T04:00:52.5652570Z" duration="0.001690" asserts="1">
                <output><![CDATA[AldousBroderMazeGenerator: Generating maze 10x10 with PlayersWorlds.Maps.Maze.GeneratorOptions(FullHeight, None, <null>, PlayersWorlds.Maps.Areas.RandomAreaGenerator, PlayersWorlds.Maps.Maze.AldousBroderMazeGenerator)
                        ┌───────────┐    
                        │ 7   6   5 │    
                ┌───┐   │   ┌───╴   └───┐
                │   │   │ 8 │ 3   4     │
            ┌───┤   └───┘   │   ╶───┬───┘
            │   │ b   a   9 │ 2   1 │    
    ┌───────┘   │   ╷   ╶───┴───┐   │    
    │           │ c │           │ 0 │    
    │   ┌───┐   │   ├───────────┼───┴───┐
    │   │   │   │ d │ 12  13  14│ 17  18│
    │   │   ├───┘   │   ┌───╴   ╵   ╷   │
    │   │   │     e │ 11│     15  16│ 19│
    │   └───┴───╴   ╵   └───┬───────┘   │
    │             f   10    │ 1c  1b  1a│
    └───────────────┐   ┌───┘   ╷   ┌───┘
                    │   │ 1e  1d│   │    
┌───────────┐       └───┤   ┌───┴───┘    
│ 27  26  25│           │ 1f│            
└───────┐   └───────────┘   │            
        │ 24  23  22  21  20│            
        └───────────────────┘            

]]></output>
              </test-case>
              <test-case id="1-1138" name="IsFillComplete_FullWidth" fullname="PlayersWorlds.Maps.Maze.MazeGeneratorTest.IsFillComplete_FullWidth" methodname="IsFillComplete_FullWidth" classname="PlayersWorlds.Maps.Maze.MazeGeneratorTest" runstate="Runnable" seed="878793593" result="Passed" start-time="2024-02-01T04:00:52.5652680Z" end-time="2024-02-01T04:00:52.5662230Z" duration="0.000955" asserts="1">
                <output><![CDATA[AldousBroderMazeGenerator: Generating maze 10x10 with PlayersWorlds.Maps.Maze.GeneratorOptions(FullWidth, None, <null>, PlayersWorlds.Maps.Areas.RandomAreaGenerator, PlayersWorlds.Maps.Maze.AldousBroderMazeGenerator)
                            ┌───┐        
                            │ 0 │        
[...]
            <test-case id="1-1048" name="Optional_GetHashCode" fullname="PlayersWorlds.Maps.OptionalTest.Optional_GetHashCode" methodname="Optional_GetHashCode" classname="PlayersWorlds.Maps.OptionalTest" runstate="Runnable" seed="1229333440" result="Passed" start-time="2024-02-01T04:00:52.6045460Z" end-time="2024-02-01T04:00:52.6047910Z" duration="0.000246" asserts="3" />
            <test-case id="1-1047" name="Optional_Null" fullname="PlayersWorlds.Maps.OptionalTest.Optional_Null" methodname="Optional_Null" classname="PlayersWorlds.Maps.OptionalTest" runstate="Runnable" seed="1688493636" result="Passed" start-time="2024-02-01T04:00:52.6047980Z" end-time="2024-02-01T04:00:52.6051820Z" duration="0.000384" asserts="9" />
            <test-case id="1-1045" name="Optional_ThrowsIfNoValue" fullname="PlayersWorlds.Maps.OptionalTest.Optional_ThrowsIfNoValue" methodname="Optional_ThrowsIfNoValue" classname="PlayersWorlds.Maps.OptionalTest" runstate="Runnable" seed="119438481" result="Passed" start-time="2024-02-01T04:00:52.6051890Z" end-time="2024-02-01T04:00:52.6053240Z" duration="0.000135" asserts="2" />
            <test-case id="1-1050" name="Optional_ToStringShowsValue" fullname="PlayersWorlds.Maps.OptionalTest.Optional_ToStringShowsValue" methodname="Optional_ToStringShowsValue" classname="PlayersWorlds.Maps.OptionalTest" runstate="Runnable" seed="1131320892" result="Passed" start-time="2024-02-01T04:00:52.6053300Z" end-time="2024-02-01T04:00:52.6054770Z" duration="0.000148" asserts="2" />
          </test-suite>
          <test-suite type="TestSuite" id="1-1799" name="Renderers" fullname="PlayersWorlds.Maps.Renderers" runstate="Runnable" testcasecount="1" result="Passed" start-time="2024-02-01T04:00:52.2171670Z" end-time="2024-02-01T04:00:52.6062310Z" duration="0.389064" total="1" passed="1" failed="0" warnings="0" inconclusive="0" skipped="0" asserts="1">
            <test-suite type="TestFixture" id="1-1100" name="Map2DStringRendererTest" fullname="PlayersWorlds.Maps.Renderers.Map2DStringRendererTest" classname="PlayersWorlds.Maps.Renderers.Map2DStringRendererTest" runstate="Runnable" testcasecount="1" result="Passed" start-time="2024-02-01T04:00:52.6055030Z" end-time="2024-02-01T04:00:52.6062240Z" duration="0.000721" total="1" passed="1" failed="0" warnings="0" inconclusive="0" skipped="0" asserts="1">
              <test-case id="1-1101" name="TestRender" fullname="PlayersWorlds.Maps.Renderers.Map2DStringRendererTest.TestRender" methodname="TestRender" classname="PlayersWorlds.Maps.Renderers.Map2DStringRendererTest" runstate="Runnable" seed="649348929" result="Passed" start-time="2024-02-01T04:00:52.6055510Z" end-time="2024-02-01T04:00:52.6062130Z" duration="0.000663" asserts="1">
                <output><![CDATA[▓▓▓▓▓
▓░░░▓
▓░▒░▓
▓░░░▓
▓▓▓▓▓

]]></output>
              </test-case>
            </test-suite>
          </test-suite>
          <test-suite type="TestFixture" id="1-1060" name="VectorDTest" fullname="PlayersWorlds.Maps.VectorDTest" classname="PlayersWorlds.Maps.VectorDTest" runstate="Runnable" testcasecount="11" result="Passed" start-time="2024-02-01T04:00:52.6062420Z" end-time="2024-02-01T04:00:52.6100030Z" duration="0.003762" total="11" passed="11" failed="0" warnings="0" inconclusive="0" skipped="0" asserts="33">
            <test-case id="1-1068" name="CanAddAndSubtract" fullname="PlayersWorlds.Maps.VectorDTest.CanAddAndSubtract" methodname="CanAddAndSubtract" classname="PlayersWorlds.Maps.VectorDTest" runstate="Runnable" seed="1883689958" result="Passed" start-time="2024-02-01T04:00:52.6062820Z" end-time="2024-02-01T04:00:52.6067000Z" duration="0.000418" asserts="5" />
            <test-case id="1-1069" name="ConstructorChecksArguments" fullname="PlayersWorlds.Maps.VectorDTest.ConstructorChecksArguments" methodname="ConstructorChecksArguments" classname="PlayersWorlds.Maps.VectorDTest" runstate="Runnable" seed="520832254" result="Passed" start-time="2024-02-01T04:00:52.6067070Z" end-time="2024-02-01T04:00:52.6068040Z" duration="0.000097" asserts="1" />
            <test-case id="1-1062" name="EqualityIsCheckedByValue" fullname="PlayersWorlds.Maps.VectorDTest.EqualityIsCheckedByValue" methodname="EqualityIsCheckedByValue" classname="PlayersWorlds.Maps.VectorDTest" runstate="Runnable" seed="1353254333" result="Passed" start-time="2024-02-01T04:00:52.6068100Z" end-time="2024-02-01T04:00:52.6069920Z" duration="0.000182" asserts="4" />
            <test-case id="1-1063" name="GetHashCodeIsDerivedFromValue" fullname="PlayersWorlds.Maps.VectorDTest.GetHashCodeIsDerivedFromValue" methodname="GetHashCodeIsDerivedFromValue" classname="PlayersWorlds.Maps.VectorDTest" runstate="Runnable" seed="2105324764" result="Passed" start-time="2024-02-01T04:00:52.6069980Z" end-time="2024-02-01T04:00:52.6072320Z" duration="0.000234" asserts="1" />
            <test-case id="1-1066" name="InitializedAsNull" fullname="PlayersWorlds.Maps.VectorDTest.InitializedAsNull" methodname="InitializedAsNull" classname="PlayersWorlds.Maps.VectorDTest" runstate="Runnable" seed="1489197672" result="Passed" start-time="2024-02-01T04:00:52.6072390Z" end-time="2024-02-01T04:00:52.6073310Z" duration="0.000092" asserts="1" />
            <test-case id="1-1065" name="InitializedEmpty" fullname="PlayersWorlds.Maps.VectorDTest.InitializedEmpty" methodname="InitializedEmpty" classname="PlayersWorlds.Maps.VectorDTest" runstate="Runnable" seed="950066833" result="Passed" start-time="2024-02-01T04:00:52.6073370Z" end-time="2024-02-01T04:00:52.6075770Z" duration="0.000240" asserts="4" />
            <test-case id="1-1061" name="IsInitialized" fullname="PlayersWorlds.Maps.VectorDTest.IsInitialized" methodname="IsInitialized" classname="PlayersWorlds.Maps.VectorDTest" runstate="Runnable" seed="1459641505" result="Passed" start-time="2024-02-01T04:00:52.6075830Z" end-time="2024-02-01T04:00:52.6077170Z" duration="0.000133" asserts="2" />
            <test-case id="1-1067" name="IsZero" fullname="PlayersWorlds.Maps.VectorDTest.IsZero" methodname="IsZero" classname="PlayersWorlds.Maps.VectorDTest" runstate="Runnable" seed="233139456" result="Passed" start-time="2024-02-01T04:00:52.6077230Z" end-time="2024-02-01T04:00:52.6079540Z" duration="0.000232" asserts="3" />
            <test-case id="1-1070" name="SnappedForce" fullname="PlayersWorlds.Maps.VectorDTest.SnappedForce" methodname="SnappedForce" classname="PlayersWorlds.Maps.VectorDTest" runstate="Runnable" seed="1490457359" result="Passed" start-time="2024-02-01T04:00:52.6079610Z" end-time="2024-02-01T04:00:52.6084380Z" duration="0.000477" asserts="9" />
            <test-case id="1-1064" name="ToStringFormat" fullname="PlayersWorlds.Maps.VectorDTest.ToStringFormat" methodname="ToStringFormat" classname="PlayersWorlds.Maps.VectorDTest" runstate="Runnable" seed="549568873" result="Passed" start-time="2024-02-01T04:00:52.6084450Z" end-time="2024-02-01T04:00:52.6095710Z" duration="0.001126" asserts="1" />
            <test-case id="1-1071" name="VectorD_Parse" fullname="PlayersWorlds.Maps.VectorDTest.VectorD_Parse" methodname="VectorD_Parse" classname="PlayersWorlds.Maps.VectorDTest" runstate="Runnable" seed="1856751492" result="Passed" start-time="2024-02-01T04:00:52.6095780Z" end-time="2024-02-01T04:00:52.6099910Z" duration="0.000413" asserts="2" />
          </test-suite>
          <test-suite type="TestFixture" id="1-1072" name="VectorTest" fullname="PlayersWorlds.Maps.VectorTest" classname="PlayersWorlds.Maps.VectorTest" runstate="Runnable" testcasecount="27" result="Passed" start-time="2024-02-01T04:00:52.6100210Z" end-time="2024-02-01T04:00:52.6167430Z" duration="0.006722" total="27" passed="27" failed="0" warnings="0" inconclusive="0" skipped="0" asserts="221">
            <test-case id="1-1089" name="FitsInto" fullname="PlayersWorlds.Maps.VectorTest.FitsInto" methodname="FitsInto" classname="PlayersWorlds.Maps.VectorTest" runstate="Runnable" seed="82572564" result="Passed" start-time="2024-02-01T04:00:52.6100640Z" end-time="2024-02-01T04:00:52.6101890Z" duration="0.000126" asserts="3" />
            <test-case id="1-1091" name="FromIndex_Matches_FromIndex" fullname="PlayersWorlds.Maps.VectorTest.FromIndex_Matches_FromIndex" methodname="FromIndex_Matches_FromIndex" classname="PlayersWorlds.Maps.VectorTest" runstate="Runnable" seed="1124963039" result="Passed" start-time="2024-02-01T04:00:52.6101970Z" end-time="2024-02-01T04:00:52.6102900Z" duration="0.000094" asserts="1" />
            <test-case id="1-1099" name="FromIndex_ShouldThrowException_DimensionMismatch" fullname="PlayersWorlds.Maps.VectorTest.FromIndex_ShouldThrowException_DimensionMismatch" methodname="FromIndex_ShouldThrowException_DimensionMismatch" classname="PlayersWorlds.Maps.VectorTest" runstate="Runnable" seed="595671595" result="Passed" start-time="2024-02-01T04:00:52.6102980Z" end-time="2024-02-01T04:00:52.6106670Z" duration="0.000370" asserts="1" />
            <test-case id="1-1074" name="Size_NotInitialized" fullname="PlayersWorlds.Maps.VectorTest.Size_NotInitialized" methodname="Size_NotInitialized" classname="PlayersWorlds.Maps.VectorTest" runstate="Runnable" seed="392473624" result="Passed" start-time="2024-02-01T04:00:52.6106740Z" end-time="2024-02-01T04:00:52.6108430Z" duration="0.000169" asserts="2" />
            <test-case id="1-1095" name="ToIndex_FromIndex_RoundTripConversion" fullname="PlayersWorlds.Maps.VectorTest.ToIndex_FromIndex_RoundTripConversion" methodname="ToIndex_FromIndex_RoundTripConversion" classname="PlayersWorlds.Maps.VectorTest" runstate="Runnable" seed="1197590406" result="Passed" start-time="2024-02-01T04:00:52.6108500Z" end-time="2024-02-01T04:00:52.6113200Z" duration="0.000470" asserts="150" />
            <test-case id="1-1096" name="ToIndex_FromIndex_Valid5D" fullname="PlayersWorlds.Maps.VectorTest.ToIndex_FromIndex_Valid5D" methodname="ToIndex_FromIndex_Valid5D" classname="PlayersWorlds.Maps.VectorTest" runstate="Runnable" seed="792807740" result="Passed" start-time="2024-02-01T04:00:52.6113290Z" end-time="2024-02-01T04:00:52.6129680Z" duration="0.001639" asserts="13" />
            <test-case id="1-1090" name="ToIndex_Matches_ToIndex" fullname="PlayersWorlds.Maps.VectorTest.ToIndex_Matches_ToIndex" methodname="ToIndex_Matches_ToIndex" classname="PlayersWorlds.Maps.VectorTest" runstate="Runnable" seed="430040094" result="Passed" start-time="2024-02-01T04:00:52.6129790Z" end-time="2024-02-01T04:00:52.6130670Z" duration="0.000088" asserts="1" />
            <test-case id="1-1092" name="ToIndex_ShouldCalculateCorrectIndex_1D" fullname="PlayersWorlds.Maps.VectorTest.ToIndex_ShouldCalculateCorrectIndex_1D" methodname="ToIndex_ShouldCalculateCorrectIndex_1D" classname="PlayersWorlds.Maps.VectorTest" runstate="Runnable" seed="726351984" result="Passed" start-time="2024-02-01T04:00:52.6130730Z" end-time="2024-02-01T04:00:52.6131580Z" duration="0.000085" asserts="2" />
            <test-case id="1-1093" name="ToIndex_ShouldCalculateCorrectIndex_2D" fullname="PlayersWorlds.Maps.VectorTest.ToIndex_ShouldCalculateCorrectIndex_2D" methodname="ToIndex_ShouldCalculateCorrectIndex_2D" classname="PlayersWorlds.Maps.VectorTest" runstate="Runnable" seed="1375909462" result="Passed" start-time="2024-02-01T04:00:52.6131630Z" end-time="2024-02-01T04:00:52.6132440Z" duration="0.000081" asserts="2" />
            <test-case id="1-1094" name="ToIndex_ShouldCalculateCorrectIndex_3D" fullname="PlayersWorlds.Maps.VectorTest.ToIndex_ShouldCalculateCorrectIndex_3D" methodname="ToIndex_ShouldCalculateCorrectIndex_3D" classname="PlayersWorlds.Maps.VectorTest" runstate="Runnable" seed="974921797" result="Passed" start-time="2024-02-01T04:00:52.6132500Z" end-time="2024-02-01T04:00:52.6133300Z" duration="0.000081" asserts="2" />
            <test-case id="1-1098" name="ToIndex_ShouldThrowException_DimensionMismatch" fullname="PlayersWorlds.Maps.VectorTest.ToIndex_ShouldThrowException_DimensionMismatch" methodname="ToIndex_ShouldThrowException_DimensionMismatch" classname="PlayersWorlds.Maps.VectorTest" runstate="Runnable" seed="1359255826" result="Passed" start-time="2024-02-01T04:00:52.6133360Z" end-time="2024-02-01T04:00:52.6135190Z" duration="0.000183" asserts="1" />
            <test-case id="1-1097" name="ToIndex_ShouldThrowException_DimensionOverflow" fullname="PlayersWorlds.Maps.VectorTest.ToIndex_ShouldThrowException_DimensionOverflow" methodname="ToIndex_ShouldThrowException_DimensionOverflow" classname="PlayersWorlds.Maps.VectorTest" runstate="Runnable" seed="2127618596" result="Passed" start-time="2024-02-01T04:00:52.6135260Z" end-time="2024-02-01T04:00:52.6136960Z" duration="0.000170" asserts="1" />
            <test-case id="1-1082" name="Vector_CanAddAndSubtract" fullname="PlayersWorlds.Maps.VectorTest.Vector_CanAddAndSubtract" methodname="Vector_CanAddAndSubtract" classname="PlayersWorlds.Maps.VectorTest" runstate="Runnable" seed="673191796" result="Passed" start-time="2024-02-01T04:00:52.6137020Z" end-time="2024-02-01T04:00:52.6140610Z" duration="0.000359" asserts="6" />
            <test-case id="1-1083" name="Vector_ConstructorChecksArguments" fullname="PlayersWorlds.Maps.VectorTest.Vector_ConstructorChecksArguments" methodname="Vector_ConstructorChecksArguments" classname="PlayersWorlds.Maps.VectorTest" runstate="Runnable" seed="1078218770" result="Passed" start-time="2024-02-01T04:00:52.6140680Z" end-time="2024-02-01T04:00:52.6141640Z" duration="0.000096" asserts="1" />
            <test-case id="1-1080" name="Vector_EmptyIsEmpty" fullname="PlayersWorlds.Maps.VectorTest.Vector_EmptyIsEmpty" methodname="Vector_EmptyIsEmpty" classname="PlayersWorlds.Maps.VectorTest" runstate="Runnable" seed="2100292851" result="Passed" start-time="2024-02-01T04:00:52.6141700Z" end-time="2024-02-01T04:00:52.6142280Z" duration="0.000058" asserts="1" />
            <test-case id="1-1079" name="Vector_EmptyVectorIsEmpty" fullname="PlayersWorlds.Maps.VectorTest.Vector_EmptyVectorIsEmpty" methodname="Vector_EmptyVectorIsEmpty" classname="PlayersWorlds.Maps.VectorTest" runstate="Runnable" seed="502994117" result="Passed" start-time="2024-02-01T04:00:52.6142330Z" end-time="2024-02-01T04:00:52.6142860Z" duration="0.000053" asserts="1" />
            <test-case id="1-1075" name="Vector_EqualityIsCheckedByValue" fullname="PlayersWorlds.Maps.VectorTest.Vector_EqualityIsCheckedByValue" methodname="Vector_EqualityIsCheckedByValue" classname="PlayersWorlds.Maps.VectorTest" runstate="Runnable" seed="1382812435" result="Passed" start-time="2024-02-01T04:00:52.6142920Z" end-time="2024-02-01T04:00:52.6151700Z" duration="0.000878" asserts="5" />
            <test-case id="1-1087" name="Vector_FromIndex" fullname="PlayersWorlds.Maps.VectorTest.Vector_FromIndex" methodname="Vector_FromIndex" classname="PlayersWorlds.Maps.VectorTest" runstate="Runnable" seed="133018265" result="Passed" start-time="2024-02-01T04:00:52.6151770Z" end-time="2024-02-01T04:00:52.6152750Z" duration="0.000098" asserts="2" />
            <test-case id="1-1076" name="Vector_GetHashCodeIsDerivedFromValue" fullname="PlayersWorlds.Maps.VectorTest.Vector_GetHashCodeIsDerivedFromValue" methodname="Vector_GetHashCodeIsDerivedFromValue" classname="PlayersWorlds.Maps.VectorTest" runstate="Runnable" seed="1133752917" result="Passed" start-time="2024-02-01T04:00:52.6152810Z" end-time="2024-02-01T04:00:52.6155060Z" duration="0.000225" asserts="2" />
            <test-case id="1-1073" name="Vector_IsInitialized" fullname="PlayersWorlds.Maps.VectorTest.Vector_IsInitialized" methodname="Vector_IsInitialized" classname="PlayersWorlds.Maps.VectorTest" runstate="Runnable" seed="335326138" result="Passed" start-time="2024-02-01T04:00:52.6155120Z" end-time="2024-02-01T04:00:52.6155840Z" duration="0.000071" asserts="2" />
            <test-case id="1-1081" name="Vector_NotEqualToNull" fullname="PlayersWorlds.Maps.VectorTest.Vector_NotEqualToNull" methodname="Vector_NotEqualToNull" classname="PlayersWorlds.Maps.VectorTest" runstate="Runnable" seed="1690797079" result="Passed" start-time="2024-02-01T04:00:52.6155890Z" end-time="2024-02-01T04:00:52.6157140Z" duration="0.000125" asserts="3" />
            <test-case id="1-1085" name="Vector_SnappedForce" fullname="PlayersWorlds.Maps.VectorTest.Vector_SnappedForce" methodname="Vector_SnappedForce" classname="PlayersWorlds.Maps.VectorTest" runstate="Runnable" seed="694072665" result="Passed" start-time="2024-02-01T04:00:52.6157200Z" end-time="2024-02-01T04:00:52.6160670Z" duration="0.000346" asserts="9" />
            <test-case id="1-1084" name="Vector_ThrowsIfNotAValidSize" fullname="PlayersWorlds.Maps.VectorTest.Vector_ThrowsIfNotAValidSize" methodname="Vector_ThrowsIfNotAValidSize" classname="PlayersWorlds.Maps.VectorTest" runstate="Runnable" seed="446846789" result="Passed" start-time="2024-02-01T04:00:52.6160730Z" end-time="2024-02-01T04:00:52.6162980Z" duration="0.000226" asserts="3" />
            <test-case id="1-1086" name="Vector_ToIndex" fullname="PlayersWorlds.Maps.VectorTest.Vector_ToIndex" methodname="Vector_ToIndex" classname="PlayersWorlds.Maps.VectorTest" runstate="Runnable" seed="982597766" result="Passed" start-time="2024-02-01T04:00:52.6163050Z" end-time="2024-02-01T04:00:52.6164800Z" duration="0.000175" asserts="3" />
            <test-case id="1-1077" name="Vector_ToStringFormat" fullname="PlayersWorlds.Maps.VectorTest.Vector_ToStringFormat" methodname="Vector_ToStringFormat" classname="PlayersWorlds.Maps.VectorTest" runstate="Runnable" seed="2073871421" result="Passed" start-time="2024-02-01T04:00:52.6164860Z" end-time="2024-02-01T04:00:52.6165650Z" duration="0.000079" asserts="2" />
            <test-case id="1-1078" name="Vector_ZeroVectorIsNotEmpty" fullname="PlayersWorlds.Maps.VectorTest.Vector_ZeroVectorIsNotEmpty" methodname="Vector_ZeroVectorIsNotEmpty" classname="PlayersWorlds.Maps.VectorTest" runstate="Runnable" seed="595144596" result="Passed" start-time="2024-02-01T04:00:52.6165710Z" end-time="2024-02-01T04:00:52.6166470Z" duration="0.000076" asserts="1" />
            <test-case id="1-1088" name="VectorD_Parse" fullname="PlayersWorlds.Maps.VectorTest.VectorD_Parse" methodname="VectorD_Parse" classname="PlayersWorlds.Maps.VectorTest" runstate="Runnable" seed="1343653060" result="Passed" start-time="2024-02-01T04:00:52.6166520Z" end-time="2024-02-01T04:00:52.6167300Z" duration="0.000078" asserts="1" />
          </test-suite>
        </test-suite>
      </test-suite>
      <test-suite type="TestFixture" id="1-1000" name="RandomAreaGeneratorTest" fullname="RandomAreaGeneratorTest" classname="RandomAreaGeneratorTest" runstate="Runnable" testcasecount="2" result="Passed" start-time="2024-02-01T04:00:52.6167700Z" end-time="2024-02-01T04:00:52.6247450Z" duration="0.007974" total="2" passed="2" failed="0" warnings="0" inconclusive="0" skipped="0" asserts="3042">
        <test-case id="1-1001" name="ZoneGenerator_CanGenerateZones" fullname="RandomAreaGeneratorTest.ZoneGenerator_CanGenerateZones" methodname="ZoneGenerator_CanGenerateZones" classname="RandomAreaGeneratorTest" runstate="Runnable" seed="1533047610" result="Passed" start-time="2024-02-01T04:00:52.6168170Z" end-time="2024-02-01T04:00:52.6241330Z" duration="0.007315" asserts="3006" />
        <test-case id="1-1002" name="ZoneGenerator_CustomSettings" fullname="RandomAreaGeneratorTest.ZoneGenerator_CustomSettings" methodname="ZoneGenerator_CustomSettings" classname="RandomAreaGeneratorTest" runstate="Runnable" seed="1255073142" result="Passed" start-time="2024-02-01T04:00:52.6241410Z" end-time="2024-02-01T04:00:52.6247340Z" duration="0.000593" asserts="36" />
      </test-suite>
    </test-suite>
  </test-suite>
</test-run>