<?xml version="1.0" encoding="utf-8" standalone="no"?>
<test-run id="0" runstate="Runnable" testcasecount="767" result="Passed" total="212" passed="212" failed="0" warnings="0" inconclusive="0" skipped="0" asserts="5097" engine-version="3.17.0.0" clr-version="4.0.30319.42000" start-time="2024-02-01 05:18:44Z" end-time="2024-02-01 05:18:45Z" duration="0.907016">
  <command-line><![CDATA[/home/data/repos/github.com/aynurin/maze-gen/packages/NUnit.ConsoleRunner.3.17.0/tools/nunit3-console.exe build/Debug/tests/PlayersWorlds.Maps.Tests.dll --framework=mono-4.0 --where=Category!=Load]]></command-line>
  <filter>
    <not>
      <prop name="Category">Load</prop>
    </not>
  </filter>
  <test-suite type="Assembly" id="1-1801" name="PlayersWorlds.Maps.Tests.dll" fullname="/home/data/repos/github.com/aynurin/maze-gen/build/Debug/tests/PlayersWorlds.Maps.Tests.dll" runstate="Runnable" testcasecount="767" result="Passed" start-time="2024-02-01T05:18:45.1740890Z" end-time="2024-02-01T05:18:45.6418770Z" duration="0.467718" total="212" passed="212" failed="0" warnings="0" inconclusive="0" skipped="0" asserts="5097">
    <environment framework-version="4.0.1.0" clr-version="4.0.30319.42000" os-version="Unix 6.1.69.1" platform="Unix" cwd="/home/data/repos/github.com/aynurin/maze-gen" machine-name="lightview" user="shav" user-domain="lightview" culture="en-US" uiculture="en-US" os-architecture="x64" />
    <settings>
      <setting name="RequestedRuntimeFramework" value="mono-4.0" />
      <setting name="DisposeRunners" value="True" />
      <setting name="WorkDirectory" value="/home/data/repos/github.com/aynurin/maze-gen" />
      <setting name="ImageRuntimeVersion" value="4.0.30319" />
      <setting name="ImageTargetFrameworkName" value=".NETFramework,Version=v4.7" />
      <setting name="ImageRequiresX86" value="False" />
      <setting name="ImageRequiresDefaultAppDomainAssemblyResolver" value="False" />
      <setting name="TargetRuntimeFramework" value="mono-4.0" />
      <setting name="NumberOfTestWorkers" value="24" />
    </settings>
    <properties>
      <property name="_PID" value="364359" />
      <property name="_APPDOMAIN" value="domain-" />
    </properties>
    <test-suite type="SetUpFixture" id="1-1003" name="[default namespace]" fullname="SetUpTests" classname="SetUpTests" runstate="Runnable" testcasecount="767" result="Passed" start-time="2024-02-01T05:18:45.1790880Z" end-time="2024-02-01T05:18:45.6418660Z" duration="0.462778" total="212" passed="212" failed="0" warnings="0" inconclusive="0" skipped="0" asserts="5097">
      <test-suite type="TestSuite" id="1-1802" name="PlayersWorlds" fullname="PlayersWorlds" runstate="Runnable" testcasecount="765" result="Passed" start-time="2024-02-01T05:18:45.1819030Z" end-time="2024-02-01T05:18:45.6320940Z" duration="0.450191" total="210" passed="210" failed="0" warnings="0" inconclusive="0" skipped="0" asserts="2055">
        <test-suite type="TestSuite" id="1-1803" name="Maps" fullname="PlayersWorlds.Maps" runstate="Runnable" testcasecount="765" result="Passed" start-time="2024-02-01T05:18:45.1819700Z" end-time="2024-02-01T05:18:45.6320900Z" duration="0.450120" total="210" passed="210" failed="0" warnings="0" inconclusive="0" skipped="0" asserts="2055">
          <test-suite type="TestSuite" id="1-1808" name="Areas" fullname="PlayersWorlds.Maps.Areas" runstate="Runnable" testcasecount="115" result="Passed" start-time="2024-02-01T05:18:45.1819790Z" end-time="2024-02-01T05:18:45.3529920Z" duration="0.171013" total="64" passed="64" failed="0" warnings="0" inconclusive="0" skipped="0" asserts="206">
            <test-suite type="TestSuite" id="1-1809" name="Evolving" fullname="PlayersWorlds.Maps.Areas.Evolving" runstate="Runnable" testcasecount="110" result="Passed" start-time="2024-02-01T05:18:45.1819840Z" end-time="2024-02-01T05:18:45.3493890Z" duration="0.167405" total="59" passed="59" failed="0" warnings="0" inconclusive="0" skipped="0" asserts="179">
              <test-suite type="TestFixture" id="1-1684" name="AreaDistributorTest" fullname="PlayersWorlds.Maps.Areas.Evolving.AreaDistributorTest" classname="PlayersWorlds.Maps.Areas.Evolving.AreaDistributorTest" runstate="Runnable" testcasecount="73" result="Passed" start-time="2024-02-01T05:18:45.1820250Z" end-time="2024-02-01T05:18:45.2341240Z" duration="0.052099" total="23" passed="23" failed="0" warnings="0" inconclusive="0" skipped="0" asserts="46">
                <test-case id="1-1685" name="AreaDistributorTest_OneTest" fullname="PlayersWorlds.Maps.Areas.Evolving.AreaDistributorTest.AreaDistributorTest_OneTest" methodname="AreaDistributorTest_OneTest" classname="PlayersWorlds.Maps.Areas.Evolving.AreaDistributorTest" runstate="Runnable" seed="1950508449" result="Passed" start-time="2024-02-01T05:18:45.1820880Z" end-time="2024-02-01T05:18:45.2150810Z" duration="0.033063" asserts="2" />
                <test-suite type="ParameterizedMethod" id="1-1698" name="AreaDistributorTest_OverlapTwo" fullname="PlayersWorlds.Maps.Areas.Evolving.AreaDistributorTest.AreaDistributorTest_OverlapTwo" classname="PlayersWorlds.Maps.Areas.Evolving.AreaDistributorTest" runstate="Runnable" testcasecount="10" result="Passed" start-time="2024-02-01T05:18:45.2164400Z" end-time="2024-02-01T05:18:45.2284880Z" duration="0.012048" total="10" passed="10" failed="0" warnings="0" inconclusive="0" skipped="0" asserts="20">
                  <test-case id="1-1688" name="AreaDistributorTest_OverlapTwo(&quot;11x11: P2x2;S4x4 P5x5;S4x4&quot;)" fullname="PlayersWorlds.Maps.Areas.Evolving.AreaDistributorTest.AreaDistributorTest_OverlapTwo(&quot;11x11: P2x2;S4x4 P5x5;S4x4&quot;)" methodname="AreaDistributorTest_OverlapTwo" classname="PlayersWorlds.Maps.Areas.Evolving.AreaDistributorTest" runstate="Runnable" seed="501480242" result="Passed" start-time="2024-02-01T05:18:45.2165160Z" end-time="2024-02-01T05:18:45.2222170Z" duration="0.005701" asserts="2" />
                  <test-case id="1-1689" name="AreaDistributorTest_OverlapTwo(&quot;11x11: P5x2;S4x4 P2x5;S4x4&quot;)" fullname="PlayersWorlds.Maps.Areas.Evolving.AreaDistributorTest.AreaDistributorTest_OverlapTwo(&quot;11x11: P5x2;S4x4 P2x5;S4x4&quot;)" methodname="AreaDistributorTest_OverlapTwo" classname="PlayersWorlds.Maps.Areas.Evolving.AreaDistributorTest" runstate="Runnable" seed="1355944023" result="Passed" start-time="2024-02-01T05:18:45.2222280Z" end-time="2024-02-01T05:18:45.2226750Z" duration="0.000447" asserts="2" />
                  <test-case id="1-1690" name="AreaDistributorTest_OverlapTwo(&quot;11x11: P2x5;S4x4 P5x2;S4x4&quot;)" fullname="PlayersWorlds.Maps.Areas.Evolving.AreaDistributorTest.AreaDistributorTest_OverlapTwo(&quot;11x11: P2x5;S4x4 P5x2;S4x4&quot;)" methodname="AreaDistributorTest_OverlapTwo" classname="PlayersWorlds.Maps.Areas.Evolving.AreaDistributorTest" runstate="Runnable" seed="346823198" result="Passed" start-time="2024-02-01T05:18:45.2226830Z" end-time="2024-02-01T05:18:45.2231580Z" duration="0.000475" asserts="2" />
                  <test-case id="1-1691" name="AreaDistributorTest_OverlapTwo(&quot;11x11: P5x5;S4x4 P2x2;S4x4&quot;)" fullname="PlayersWorlds.Maps.Areas.Evolving.AreaDistributorTest.AreaDistributorTest_OverlapTwo(&quot;11x11: P5x5;S4x4 P2x2;S4x4&quot;)" methodname="AreaDistributorTest_OverlapTwo" classname="PlayersWorlds.Maps.Areas.Evolving.AreaDistributorTest" runstate="Runnable" seed="611569548" result="Passed" start-time="2024-02-01T05:18:45.2231650Z" end-time="2024-02-01T05:18:45.2234940Z" duration="0.000330" asserts="2" />
                  <test-case id="1-1692" name="AreaDistributorTest_OverlapTwo(&quot;11x11: P4x4;S4x4 P3x3;S4x4&quot;)" fullname="PlayersWorlds.Maps.Areas.Evolving.AreaDistributorTest.AreaDistributorTest_OverlapTwo(&quot;11x11: P4x4;S4x4 P3x3;S4x4&quot;)" methodname="AreaDistributorTest_OverlapTwo" classname="PlayersWorlds.Maps.Areas.Evolving.AreaDistributorTest" runstate="Runnable" seed="1075644101" result="Passed" start-time="2024-02-01T05:18:45.2235000Z" end-time="2024-02-01T05:18:45.2238190Z" duration="0.000319" asserts="2" />
                  <test-case id="1-1693" name="AreaDistributorTest_OverlapTwo(&quot;11x11: P4x3;S4x4 P3x4;S4x4&quot;)" fullname="PlayersWorlds.Maps.Areas.Evolving.AreaDistributorTest.AreaDistributorTest_OverlapTwo(&quot;11x11: P4x3;S4x4 P3x4;S4x4&quot;)" methodname="AreaDistributorTest_OverlapTwo" classname="PlayersWorlds.Maps.Areas.Evolving.AreaDistributorTest" runstate="Runnable" seed="1415911669" result="Passed" start-time="2024-02-01T05:18:45.2238250Z" end-time="2024-02-01T05:18:45.2241370Z" duration="0.000312" asserts="2" />
                  <test-case id="1-1694" name="AreaDistributorTest_OverlapTwo(&quot;11x11: P3.5x3.5;S4x4 P3.5x3.5;S4x4&quot;)" fullname="PlayersWorlds.Maps.Areas.Evolving.AreaDistributorTest.AreaDistributorTest_OverlapTwo(&quot;11x11: P3.5x3.5;S4x4 P3.5x3.5;S4x4&quot;)" methodname="AreaDistributorTest_OverlapTwo" classname="PlayersWorlds.Maps.Areas.Evolving.AreaDistributorTest" runstate="Runnable" seed="1684746054" result="Passed" start-time="2024-02-01T05:18:45.2241420Z" end-time="2024-02-01T05:18:45.2264860Z" duration="0.002344" asserts="2" />
                  <test-case id="1-1695" name="AreaDistributorTest_OverlapTwo(&quot;16x16: P4x4;S8x8 P5x9;S2x2&quot;)" fullname="PlayersWorlds.Maps.Areas.Evolving.AreaDistributorTest.AreaDistributorTest_OverlapTwo(&quot;16x16: P4x4;S8x8 P5x9;S2x2&quot;)" methodname="AreaDistributorTest_OverlapTwo" classname="PlayersWorlds.Maps.Areas.Evolving.AreaDistributorTest" runstate="Runnable" seed="1957921649" result="Passed" start-time="2024-02-01T05:18:45.2264930Z" end-time="2024-02-01T05:18:45.2268210Z" duration="0.000329" asserts="2" />
                  <test-case id="1-1696" name="AreaDistributorTest_OverlapTwo(&quot;16x16: P4x4;S8x8 P5x7;S4x4&quot;)" fullname="PlayersWorlds.Maps.Areas.Evolving.AreaDistributorTest.AreaDistributorTest_OverlapTwo(&quot;16x16: P4x4;S8x8 P5x7;S4x4&quot;)" methodname="AreaDistributorTest_OverlapTwo" classname="PlayersWorlds.Maps.Areas.Evolving.AreaDistributorTest" runstate="Runnable" seed="1488219374" result="Passed" start-time="2024-02-01T05:18:45.2268270Z" end-time="2024-02-01T05:18:45.2271910Z" duration="0.000364" asserts="2" />
                  <test-case id="1-1697" name="AreaDistributorTest_OverlapTwo(&quot;16x16: P5x5;S6x6 P6x6;S4x4&quot;)" fullname="PlayersWorlds.Maps.Areas.Evolving.AreaDistributorTest.AreaDistributorTest_OverlapTwo(&quot;16x16: P5x5;S6x6 P6x6;S4x4&quot;)" methodname="AreaDistributorTest_OverlapTwo" classname="PlayersWorlds.Maps.Areas.Evolving.AreaDistributorTest" runstate="Runnable" seed="258440627" result="Passed" start-time="2024-02-01T05:18:45.2271970Z" end-time="2024-02-01T05:18:45.2275030Z" duration="0.000306" asserts="2" />
                </test-suite>
                <test-case id="1-1686" name="AreaDistributorTest_SidePressure" fullname="PlayersWorlds.Maps.Areas.Evolving.AreaDistributorTest.AreaDistributorTest_SidePressure" methodname="AreaDistributorTest_SidePressure" classname="PlayersWorlds.Maps.Areas.Evolving.AreaDistributorTest" runstate="Runnable" seed="819197635" result="Passed" start-time="2024-02-01T05:18:45.2292950Z" end-time="2024-02-01T05:18:45.2302680Z" duration="0.000972" asserts="2" />
                <test-suite type="ParameterizedMethod" id="1-1709" name="AreaDistributorTest_SingleMapForce" fullname="PlayersWorlds.Maps.Areas.Evolving.AreaDistributorTest.AreaDistributorTest_SingleMapForce" classname="PlayersWorlds.Maps.Areas.Evolving.AreaDistributorTest" runstate="Runnable" testcasecount="10" result="Passed" start-time="2024-02-01T05:18:45.2302760Z" end-time="2024-02-01T05:18:45.2337230Z" duration="0.003447" total="10" passed="10" failed="0" warnings="0" inconclusive="0" skipped="0" asserts="20">
                  <test-case id="1-1699" name="AreaDistributorTest_SingleMapForce(&quot;6x12: P1x2;S2x2&quot;)" fullname="PlayersWorlds.Maps.Areas.Evolving.AreaDistributorTest.AreaDistributorTest_SingleMapForce(&quot;6x12: P1x2;S2x2&quot;)" methodname="AreaDistributorTest_SingleMapForce" classname="PlayersWorlds.Maps.Areas.Evolving.AreaDistributorTest" runstate="Runnable" seed="1365639617" result="Passed" start-time="2024-02-01T05:18:45.2302930Z" end-time="2024-02-01T05:18:45.2308400Z" duration="0.000548" asserts="2" />
                  <test-case id="1-1700" name="AreaDistributorTest_SingleMapForce(&quot;6x12: P2x2;S2x2&quot;)" fullname="PlayersWorlds.Maps.Areas.Evolving.AreaDistributorTest.AreaDistributorTest_SingleMapForce(&quot;6x12: P2x2;S2x2&quot;)" methodname="AreaDistributorTest_SingleMapForce" classname="PlayersWorlds.Maps.Areas.Evolving.AreaDistributorTest" runstate="Runnable" seed="1106195379" result="Passed" start-time="2024-02-01T05:18:45.2308480Z" end-time="2024-02-01T05:18:45.2310790Z" duration="0.000232" asserts="2" />
                  <test-case id="1-1701" name="AreaDistributorTest_SingleMapForce(&quot;6x12: P3x2;S2x2&quot;)" fullname="PlayersWorlds.Maps.Areas.Evolving.AreaDistributorTest.AreaDistributorTest_SingleMapForce(&quot;6x12: P3x2;S2x2&quot;)" methodname="AreaDistributorTest_SingleMapForce" classname="PlayersWorlds.Maps.Areas.Evolving.AreaDistributorTest" runstate="Runnable" seed="72989381" result="Passed" start-time="2024-02-01T05:18:45.2310850Z" end-time="2024-02-01T05:18:45.2313020Z" duration="0.000217" asserts="2" />
                  <test-case id="1-1702" name="AreaDistributorTest_SingleMapForce(&quot;6x12: P1x5;S2x2&quot;)" fullname="PlayersWorlds.Maps.Areas.Evolving.AreaDistributorTest.AreaDistributorTest_SingleMapForce(&quot;6x12: P1x5;S2x2&quot;)" methodname="AreaDistributorTest_SingleMapForce" classname="PlayersWorlds.Maps.Areas.Evolving.AreaDistributorTest" runstate="Runnable" seed="845825619" result="Passed" start-time="2024-02-01T05:18:45.2313070Z" end-time="2024-02-01T05:18:45.2316990Z" duration="0.000393" asserts="2" />
                  <test-case id="1-1703" name="AreaDistributorTest_SingleMapForce(&quot;6x12: P2x5;S2x2&quot;)" fullname="PlayersWorlds.Maps.Areas.Evolving.AreaDistributorTest.AreaDistributorTest_SingleMapForce(&quot;6x12: P2x5;S2x2&quot;)" methodname="AreaDistributorTest_SingleMapForce" classname="PlayersWorlds.Maps.Areas.Evolving.AreaDistributorTest" runstate="Runnable" seed="1053830324" result="Passed" start-time="2024-02-01T05:18:45.2317050Z" end-time="2024-02-01T05:18:45.2319180Z" duration="0.000214" asserts="2" />
                  <test-case id="1-1704" name="AreaDistributorTest_SingleMapForce(&quot;6x12: P3x5;S2x2&quot;)" fullname="PlayersWorlds.Maps.Areas.Evolving.AreaDistributorTest.AreaDistributorTest_SingleMapForce(&quot;6x12: P3x5;S2x2&quot;)" methodname="AreaDistributorTest_SingleMapForce" classname="PlayersWorlds.Maps.Areas.Evolving.AreaDistributorTest" runstate="Runnable" seed="1907300835" result="Passed" start-time="2024-02-01T05:18:45.2319230Z" end-time="2024-02-01T05:18:45.2321400Z" duration="0.000217" asserts="2" />
                  <test-case id="1-1705" name="AreaDistributorTest_SingleMapForce(&quot;6x12: P1x8;S2x2&quot;)" fullname="PlayersWorlds.Maps.Areas.Evolving.AreaDistributorTest.AreaDistributorTest_SingleMapForce(&quot;6x12: P1x8;S2x2&quot;)" methodname="AreaDistributorTest_SingleMapForce" classname="PlayersWorlds.Maps.Areas.Evolving.AreaDistributorTest" runstate="Runnable" seed="2131941472" result="Passed" start-time="2024-02-01T05:18:45.2321450Z" end-time="2024-02-01T05:18:45.2328200Z" duration="0.000674" asserts="2" />
                  <test-case id="1-1706" name="AreaDistributorTest_SingleMapForce(&quot;6x12: P2x8;S2x2&quot;)" fullname="PlayersWorlds.Maps.Areas.Evolving.AreaDistributorTest.AreaDistributorTest_SingleMapForce(&quot;6x12: P2x8;S2x2&quot;)" methodname="AreaDistributorTest_SingleMapForce" classname="PlayersWorlds.Maps.Areas.Evolving.AreaDistributorTest" runstate="Runnable" seed="1370155502" result="Passed" start-time="2024-02-01T05:18:45.2328260Z" end-time="2024-02-01T05:18:45.2330220Z" duration="0.000196" asserts="2" />
                  <test-case id="1-1707" name="AreaDistributorTest_SingleMapForce(&quot;6x12: P3x8;S2x2&quot;)" fullname="PlayersWorlds.Maps.Areas.Evolving.AreaDistributorTest.AreaDistributorTest_SingleMapForce(&quot;6x12: P3x8;S2x2&quot;)" methodname="AreaDistributorTest_SingleMapForce" classname="PlayersWorlds.Maps.Areas.Evolving.AreaDistributorTest" runstate="Runnable" seed="1217745282" result="Passed" start-time="2024-02-01T05:18:45.2331470Z" end-time="2024-02-01T05:18:45.2333570Z" duration="0.000210" asserts="2" />
                  <test-case id="1-1708" name="AreaDistributorTest_SingleMapForce(&quot;6x12: P-1x-4;S2x2&quot;)" fullname="PlayersWorlds.Maps.Areas.Evolving.AreaDistributorTest.AreaDistributorTest_SingleMapForce(&quot;6x12: P-1x-4;S2x2&quot;)" methodname="AreaDistributorTest_SingleMapForce" classname="PlayersWorlds.Maps.Areas.Evolving.AreaDistributorTest" runstate="Runnable" seed="118745796" result="Passed" start-time="2024-02-01T05:18:45.2333710Z" end-time="2024-02-01T05:18:45.2337130Z" duration="0.000341" asserts="2" />
                </test-suite>
                <test-case id="1-1687" name="AreaDistributorTest_TwoTest" fullname="PlayersWorlds.Maps.Areas.Evolving.AreaDistributorTest.AreaDistributorTest_TwoTest" methodname="AreaDistributorTest_TwoTest" classname="PlayersWorlds.Maps.Areas.Evolving.AreaDistributorTest" runstate="Runnable" seed="2087340987" result="Passed" start-time="2024-02-01T05:18:45.2337300Z" end-time="2024-02-01T05:18:45.2340930Z" duration="0.000362" asserts="2" />
              </test-suite>
              <test-suite type="TestFixture" id="1-1761" name="EvolvingSimulatorTest" fullname="PlayersWorlds.Maps.Areas.Evolving.EvolvingSimulatorTest" classname="PlayersWorlds.Maps.Areas.Evolving.EvolvingSimulatorTest" runstate="Runnable" testcasecount="2" result="Passed" start-time="2024-02-01T05:18:45.2345370Z" end-time="2024-02-01T05:18:45.3380670Z" duration="0.103529" total="2" passed="2" failed="0" warnings="0" inconclusive="0" skipped="0" asserts="2">
                <test-case id="1-1763" name="EvolvingSimulator_ReturnsEpochsIfEvolitionIsNotComplete" fullname="PlayersWorlds.Maps.Areas.Evolving.EvolvingSimulatorTest.EvolvingSimulator_ReturnsEpochsIfEvolitionIsNotComplete" methodname="EvolvingSimulator_ReturnsEpochsIfEvolitionIsNotComplete" classname="PlayersWorlds.Maps.Areas.Evolving.EvolvingSimulatorTest" runstate="Runnable" seed="986782791" result="Passed" start-time="2024-02-01T05:18:45.2345970Z" end-time="2024-02-01T05:18:45.3355640Z" duration="0.100967" asserts="1" />
                <test-case id="1-1762" name="EvolvingSimulator_ThrowsIfMaxEpochsIsZero" fullname="PlayersWorlds.Maps.Areas.Evolving.EvolvingSimulatorTest.EvolvingSimulator_ThrowsIfMaxEpochsIsZero" methodname="EvolvingSimulator_ThrowsIfMaxEpochsIsZero" classname="PlayersWorlds.Maps.Areas.Evolving.EvolvingSimulatorTest" runstate="Runnable" seed="1922543826" result="Passed" start-time="2024-02-01T05:18:45.3355780Z" end-time="2024-02-01T05:18:45.3380500Z" duration="0.002472" asserts="1" />
              </test-suite>
              <test-suite type="TestFixture" id="1-1764" name="FloatingAreaTest" fullname="PlayersWorlds.Maps.Areas.Evolving.FloatingAreaTest" classname="PlayersWorlds.Maps.Areas.Evolving.FloatingAreaTest" runstate="Runnable" testcasecount="4" result="Passed" start-time="2024-02-01T05:18:45.3380810Z" end-time="2024-02-01T05:18:45.3420690Z" duration="0.003987" total="4" passed="4" failed="0" warnings="0" inconclusive="0" skipped="0" asserts="10">
                <test-case id="1-1768" name="CenterIsValid" fullname="PlayersWorlds.Maps.Areas.Evolving.FloatingAreaTest.CenterIsValid" methodname="CenterIsValid" classname="PlayersWorlds.Maps.Areas.Evolving.FloatingAreaTest" runstate="Runnable" seed="2055880520" result="Passed" start-time="2024-02-01T05:18:45.3381330Z" end-time="2024-02-01T05:18:45.3406160Z" duration="0.002484" asserts="4" />
                <test-case id="1-1767" name="Contains" fullname="PlayersWorlds.Maps.Areas.Evolving.FloatingAreaTest.Contains" methodname="Contains" classname="PlayersWorlds.Maps.Areas.Evolving.FloatingAreaTest" runstate="Runnable" seed="1798474911" result="Passed" start-time="2024-02-01T05:18:45.3406620Z" end-time="2024-02-01T05:18:45.3411050Z" duration="0.000443" asserts="2" />
                <test-case id="1-1766" name="Overlaps" fullname="PlayersWorlds.Maps.Areas.Evolving.FloatingAreaTest.Overlaps" methodname="Overlaps" classname="PlayersWorlds.Maps.Areas.Evolving.FloatingAreaTest" runstate="Runnable" seed="929883294" result="Passed" start-time="2024-02-01T05:18:45.3411120Z" end-time="2024-02-01T05:18:45.3413220Z" duration="0.000210" asserts="2" />
                <test-case id="1-1765" name="Parse" fullname="PlayersWorlds.Maps.Areas.Evolving.FloatingAreaTest.Parse" methodname="Parse" classname="PlayersWorlds.Maps.Areas.Evolving.FloatingAreaTest" runstate="Runnable" seed="609039849" result="Passed" start-time="2024-02-01T05:18:45.3413290Z" end-time="2024-02-01T05:18:45.3420570Z" duration="0.000728" asserts="2" />
              </test-suite>
              <test-suite type="TestFixture" id="1-1769" name="ForceFormulaTestTest" fullname="PlayersWorlds.Maps.Areas.Evolving.ForceFormulaTestTest" classname="PlayersWorlds.Maps.Areas.Evolving.ForceFormulaTestTest" runstate="Runnable" testcasecount="8" result="Passed" start-time="2024-02-01T05:18:45.3420790Z" end-time="2024-02-01T05:18:45.3459260Z" duration="0.003847" total="8" passed="8" failed="0" warnings="0" inconclusive="0" skipped="0" asserts="42">
                <test-case id="1-1775" name="CollideForce_Negative" fullname="PlayersWorlds.Maps.Areas.Evolving.ForceFormulaTestTest.CollideForce_Negative" methodname="CollideForce_Negative" classname="PlayersWorlds.Maps.Areas.Evolving.ForceFormulaTestTest" runstate="Runnable" seed="1709928658" result="Passed" start-time="2024-02-01T05:18:45.3421240Z" end-time="2024-02-01T05:18:45.3430970Z" duration="0.000973" asserts="9" />
                <test-case id="1-1774" name="CollideForce_Positive" fullname="PlayersWorlds.Maps.Areas.Evolving.ForceFormulaTestTest.CollideForce_Positive" methodname="CollideForce_Positive" classname="PlayersWorlds.Maps.Areas.Evolving.ForceFormulaTestTest" runstate="Runnable" seed="800026368" result="Passed" start-time="2024-02-01T05:18:45.3431090Z" end-time="2024-02-01T05:18:45.3434320Z" duration="0.000324" asserts="9" />
                <test-case id="1-1771" name="NormalForce_Negative" fullname="PlayersWorlds.Maps.Areas.Evolving.ForceFormulaTestTest.NormalForce_Negative" methodname="NormalForce_Negative" classname="PlayersWorlds.Maps.Areas.Evolving.ForceFormulaTestTest" runstate="Runnable" seed="1942832550" result="Passed" start-time="2024-02-01T05:18:45.3434390Z" end-time="2024-02-01T05:18:45.3438150Z" duration="0.000376" asserts="3" />
                <test-case id="1-1773" name="NormalForce_NegativeCapped" fullname="PlayersWorlds.Maps.Areas.Evolving.ForceFormulaTestTest.NormalForce_NegativeCapped" methodname="NormalForce_NegativeCapped" classname="PlayersWorlds.Maps.Areas.Evolving.ForceFormulaTestTest" runstate="Runnable" seed="86814533" result="Passed" start-time="2024-02-01T05:18:45.3438230Z" end-time="2024-02-01T05:18:45.3450780Z" duration="0.001255" asserts="5" />
                <test-case id="1-1770" name="NormalForce_Positive" fullname="PlayersWorlds.Maps.Areas.Evolving.ForceFormulaTestTest.NormalForce_Positive" methodname="NormalForce_Positive" classname="PlayersWorlds.Maps.Areas.Evolving.ForceFormulaTestTest" runstate="Runnable" seed="2085397118" result="Passed" start-time="2024-02-01T05:18:45.3450870Z" end-time="2024-02-01T05:18:45.3452150Z" duration="0.000128" asserts="3" />
                <test-case id="1-1772" name="NormalForce_PositiveCapped" fullname="PlayersWorlds.Maps.Areas.Evolving.ForceFormulaTestTest.NormalForce_PositiveCapped" methodname="NormalForce_PositiveCapped" classname="PlayersWorlds.Maps.Areas.Evolving.ForceFormulaTestTest" runstate="Runnable" seed="973611082" result="Passed" start-time="2024-02-01T05:18:45.3452220Z" end-time="2024-02-01T05:18:45.3453670Z" duration="0.000145" asserts="5" />
                <test-case id="1-1777" name="OverlapForce_Negative" fullname="PlayersWorlds.Maps.Areas.Evolving.ForceFormulaTestTest.OverlapForce_Negative" methodname="OverlapForce_Negative" classname="PlayersWorlds.Maps.Areas.Evolving.ForceFormulaTestTest" runstate="Runnable" seed="701572676" result="Passed" start-time="2024-02-01T05:18:45.3453740Z" end-time="2024-02-01T05:18:45.3456530Z" duration="0.000280" asserts="4" />
                <test-case id="1-1776" name="OverlapForce_Positive" fullname="PlayersWorlds.Maps.Areas.Evolving.ForceFormulaTestTest.OverlapForce_Positive" methodname="OverlapForce_Positive" classname="PlayersWorlds.Maps.Areas.Evolving.ForceFormulaTestTest" runstate="Runnable" seed="1053802766" result="Passed" start-time="2024-02-01T05:18:45.3456610Z" end-time="2024-02-01T05:18:45.3459140Z" duration="0.000253" asserts="4" />
              </test-suite>
              <test-suite type="TestFixture" id="1-1778" name="SideToSideForceProducerTest" fullname="PlayersWorlds.Maps.Areas.Evolving.SideToSideForceProducerTest" classname="PlayersWorlds.Maps.Areas.Evolving.SideToSideForceProducerTest" runstate="Runnable" testcasecount="22" result="Passed" start-time="2024-02-01T05:18:45.3459410Z" end-time="2024-02-01T05:18:45.3493830Z" duration="0.003442" total="22" passed="22" failed="0" warnings="0" inconclusive="0" skipped="0" asserts="79">
                <test-case id="1-1796" name="GetAxisDistance_Collide" fullname="PlayersWorlds.Maps.Areas.Evolving.SideToSideForceProducerTest.GetAxisDistance_Collide" methodname="GetAxisDistance_Collide" classname="PlayersWorlds.Maps.Areas.Evolving.SideToSideForceProducerTest" runstate="Runnable" seed="613503223" result="Passed" start-time="2024-02-01T05:18:45.3459950Z" end-time="2024-02-01T05:18:45.3466260Z" duration="0.000631" asserts="6" />
                <test-case id="1-1799" name="GetAxisDistance_Contain1" fullname="PlayersWorlds.Maps.Areas.Evolving.SideToSideForceProducerTest.GetAxisDistance_Contain1" methodname="GetAxisDistance_Contain1" classname="PlayersWorlds.Maps.Areas.Evolving.SideToSideForceProducerTest" runstate="Runnable" seed="595036569" result="Passed" start-time="2024-02-01T05:18:45.3466350Z" end-time="2024-02-01T05:18:45.3468750Z" duration="0.000240" asserts="6" />
                <test-case id="1-1800" name="GetAxisDistance_Contain2" fullname="PlayersWorlds.Maps.Areas.Evolving.SideToSideForceProducerTest.GetAxisDistance_Contain2" methodname="GetAxisDistance_Contain2" classname="PlayersWorlds.Maps.Areas.Evolving.SideToSideForceProducerTest" runstate="Runnable" seed="2110132750" result="Passed" start-time="2024-02-01T05:18:45.3468820Z" end-time="2024-02-01T05:18:45.3471010Z" duration="0.000219" asserts="6" />
                <test-case id="1-1794" name="GetAxisDistance_Normal1" fullname="PlayersWorlds.Maps.Areas.Evolving.SideToSideForceProducerTest.GetAxisDistance_Normal1" methodname="GetAxisDistance_Normal1" classname="PlayersWorlds.Maps.Areas.Evolving.SideToSideForceProducerTest" runstate="Runnable" seed="1463757055" result="Passed" start-time="2024-02-01T05:18:45.3471080Z" end-time="2024-02-01T05:18:45.3473280Z" duration="0.000221" asserts="6" />
                <test-case id="1-1795" name="GetAxisDistance_Normal2" fullname="PlayersWorlds.Maps.Areas.Evolving.SideToSideForceProducerTest.GetAxisDistance_Normal2" methodname="GetAxisDistance_Normal2" classname="PlayersWorlds.Maps.Areas.Evolving.SideToSideForceProducerTest" runstate="Runnable" seed="1158852677" result="Passed" start-time="2024-02-01T05:18:45.3473350Z" end-time="2024-02-01T05:18:45.3475460Z" duration="0.000211" asserts="6" />
                <test-case id="1-1797" name="GetAxisDistance_Overlap1" fullname="PlayersWorlds.Maps.Areas.Evolving.SideToSideForceProducerTest.GetAxisDistance_Overlap1" methodname="GetAxisDistance_Overlap1" classname="PlayersWorlds.Maps.Areas.Evolving.SideToSideForceProducerTest" runstate="Runnable" seed="2009709839" result="Passed" start-time="2024-02-01T05:18:45.3475540Z" end-time="2024-02-01T05:18:45.3477810Z" duration="0.000227" asserts="6" />
                <test-case id="1-1798" name="GetAxisDistance_Overlap2" fullname="PlayersWorlds.Maps.Areas.Evolving.SideToSideForceProducerTest.GetAxisDistance_Overlap2" methodname="GetAxisDistance_Overlap2" classname="PlayersWorlds.Maps.Areas.Evolving.SideToSideForceProducerTest" runstate="Runnable" seed="1329224196" result="Passed" start-time="2024-02-01T05:18:45.3477880Z" end-time="2024-02-01T05:18:45.3480050Z" duration="0.000217" asserts="6" />
                <test-case id="1-1788" name="GetOpposingForce_CentersInside_NoOpposingForce" fullname="PlayersWorlds.Maps.Areas.Evolving.SideToSideForceProducerTest.GetOpposingForce_CentersInside_NoOpposingForce" methodname="GetOpposingForce_CentersInside_NoOpposingForce" classname="PlayersWorlds.Maps.Areas.Evolving.SideToSideForceProducerTest" runstate="Runnable" seed="1396304418" result="Passed" start-time="2024-02-01T05:18:45.3480110Z" end-time="2024-02-01T05:18:45.3481300Z" duration="0.000118" asserts="2" />
                <test-case id="1-1789" name="GetOpposingForce_CentersInside_WithOpposingForce" fullname="PlayersWorlds.Maps.Areas.Evolving.SideToSideForceProducerTest.GetOpposingForce_CentersInside_WithOpposingForce" methodname="GetOpposingForce_CentersInside_WithOpposingForce" classname="PlayersWorlds.Maps.Areas.Evolving.SideToSideForceProducerTest" runstate="Runnable" seed="1470210812" result="Passed" start-time="2024-02-01T05:18:45.3481360Z" end-time="2024-02-01T05:18:45.3482200Z" duration="0.000084" asserts="2" />
                <test-case id="1-1790" name="GetOpposingForce_CentersOutside_NoOpposingForce" fullname="PlayersWorlds.Maps.Areas.Evolving.SideToSideForceProducerTest.GetOpposingForce_CentersOutside_NoOpposingForce" methodname="GetOpposingForce_CentersOutside_NoOpposingForce" classname="PlayersWorlds.Maps.Areas.Evolving.SideToSideForceProducerTest" runstate="Runnable" seed="1573595038" result="Passed" start-time="2024-02-01T05:18:45.3482260Z" end-time="2024-02-01T05:18:45.3482990Z" duration="0.000074" asserts="2" />
                <test-case id="1-1791" name="GetOpposingForce_CentersOutside_WithOpposingForce" fullname="PlayersWorlds.Maps.Areas.Evolving.SideToSideForceProducerTest.GetOpposingForce_CentersOutside_WithOpposingForce" methodname="GetOpposingForce_CentersOutside_WithOpposingForce" classname="PlayersWorlds.Maps.Areas.Evolving.SideToSideForceProducerTest" runstate="Runnable" seed="1487139511" result="Passed" start-time="2024-02-01T05:18:45.3483050Z" end-time="2024-02-01T05:18:45.3483760Z" duration="0.000072" asserts="2" />
                <test-case id="1-1792" name="GetOpposingForce_NoIntersection_NoOpposingForce" fullname="PlayersWorlds.Maps.Areas.Evolving.SideToSideForceProducerTest.GetOpposingForce_NoIntersection_NoOpposingForce" methodname="GetOpposingForce_NoIntersection_NoOpposingForce" classname="PlayersWorlds.Maps.Areas.Evolving.SideToSideForceProducerTest" runstate="Runnable" seed="1785915625" result="Passed" start-time="2024-02-01T05:18:45.3483820Z" end-time="2024-02-01T05:18:45.3484530Z" duration="0.000071" asserts="2" />
                <test-case id="1-1793" name="GetOpposingForce_NoIntersection_WithOpposingForce" fullname="PlayersWorlds.Maps.Areas.Evolving.SideToSideForceProducerTest.GetOpposingForce_NoIntersection_WithOpposingForce" methodname="GetOpposingForce_NoIntersection_WithOpposingForce" classname="PlayersWorlds.Maps.Areas.Evolving.SideToSideForceProducerTest" runstate="Runnable" seed="777371599" result="Passed" start-time="2024-02-01T05:18:45.3484590Z" end-time="2024-02-01T05:18:45.3485290Z" duration="0.000070" asserts="2" />
                <test-case id="1-1786" name="GetOpposingForce_WhenCenterMatches_NoOpposingForce" fullname="PlayersWorlds.Maps.Areas.Evolving.SideToSideForceProducerTest.GetOpposingForce_WhenCenterMatches_NoOpposingForce" methodname="GetOpposingForce_WhenCenterMatches_NoOpposingForce" classname="PlayersWorlds.Maps.Areas.Evolving.SideToSideForceProducerTest" runstate="Runnable" seed="1022297793" result="Passed" start-time="2024-02-01T05:18:45.3485350Z" end-time="2024-02-01T05:18:45.3486010Z" duration="0.000066" asserts="2" />
                <test-case id="1-1787" name="GetOpposingForce_WhenCenterMatches_WithOpposingForce" fullname="PlayersWorlds.Maps.Areas.Evolving.SideToSideForceProducerTest.GetOpposingForce_WhenCenterMatches_WithOpposingForce" methodname="GetOpposingForce_WhenCenterMatches_WithOpposingForce" classname="PlayersWorlds.Maps.Areas.Evolving.SideToSideForceProducerTest" runstate="Runnable" seed="72205881" result="Passed" start-time="2024-02-01T05:18:45.3486070Z" end-time="2024-02-01T05:18:45.3486800Z" duration="0.000074" asserts="2" />
                <test-case id="1-1782" name="MapAreaSystemTest_DistanceCentersMatch" fullname="PlayersWorlds.Maps.Areas.Evolving.SideToSideForceProducerTest.MapAreaSystemTest_DistanceCentersMatch" methodname="MapAreaSystemTest_DistanceCentersMatch" classname="PlayersWorlds.Maps.Areas.Evolving.SideToSideForceProducerTest" runstate="Runnable" seed="759907880" result="Passed" start-time="2024-02-01T05:18:45.3486860Z" end-time="2024-02-01T05:18:45.3487890Z" duration="0.000103" asserts="3" />
                <test-case id="1-1785" name="MapAreaSystemTest_DistanceNegativeCollide" fullname="PlayersWorlds.Maps.Areas.Evolving.SideToSideForceProducerTest.MapAreaSystemTest_DistanceNegativeCollide" methodname="MapAreaSystemTest_DistanceNegativeCollide" classname="PlayersWorlds.Maps.Areas.Evolving.SideToSideForceProducerTest" runstate="Runnable" seed="47702647" result="Passed" start-time="2024-02-01T05:18:45.3487950Z" end-time="2024-02-01T05:18:45.3488900Z" duration="0.000095" asserts="3" />
                <test-case id="1-1783" name="MapAreaSystemTest_DistanceNegativeNormal" fullname="PlayersWorlds.Maps.Areas.Evolving.SideToSideForceProducerTest.MapAreaSystemTest_DistanceNegativeNormal" methodname="MapAreaSystemTest_DistanceNegativeNormal" classname="PlayersWorlds.Maps.Areas.Evolving.SideToSideForceProducerTest" runstate="Runnable" seed="423073878" result="Passed" start-time="2024-02-01T05:18:45.3488970Z" end-time="2024-02-01T05:18:45.3489880Z" duration="0.000091" asserts="3" />
                <test-case id="1-1784" name="MapAreaSystemTest_DistanceNegativeOverlap" fullname="PlayersWorlds.Maps.Areas.Evolving.SideToSideForceProducerTest.MapAreaSystemTest_DistanceNegativeOverlap" methodname="MapAreaSystemTest_DistanceNegativeOverlap" classname="PlayersWorlds.Maps.Areas.Evolving.SideToSideForceProducerTest" runstate="Runnable" seed="264095646" result="Passed" start-time="2024-02-01T05:18:45.3489940Z" end-time="2024-02-01T05:18:45.3490820Z" duration="0.000088" asserts="3" />
                <test-case id="1-1781" name="MapAreaSystemTest_DistancePositiveCollide" fullname="PlayersWorlds.Maps.Areas.Evolving.SideToSideForceProducerTest.MapAreaSystemTest_DistancePositiveCollide" methodname="MapAreaSystemTest_DistancePositiveCollide" classname="PlayersWorlds.Maps.Areas.Evolving.SideToSideForceProducerTest" runstate="Runnable" seed="168284821" result="Passed" start-time="2024-02-01T05:18:45.3490880Z" end-time="2024-02-01T05:18:45.3491780Z" duration="0.000090" asserts="3" />
                <test-case id="1-1779" name="MapAreaSystemTest_DistancePositiveNormal" fullname="PlayersWorlds.Maps.Areas.Evolving.SideToSideForceProducerTest.MapAreaSystemTest_DistancePositiveNormal" methodname="MapAreaSystemTest_DistancePositiveNormal" classname="PlayersWorlds.Maps.Areas.Evolving.SideToSideForceProducerTest" runstate="Runnable" seed="1758309336" result="Passed" start-time="2024-02-01T05:18:45.3491850Z" end-time="2024-02-01T05:18:45.3492800Z" duration="0.000095" asserts="3" />
                <test-case id="1-1780" name="MapAreaSystemTest_DistancePositiveOverlap" fullname="PlayersWorlds.Maps.Areas.Evolving.SideToSideForceProducerTest.MapAreaSystemTest_DistancePositiveOverlap" methodname="MapAreaSystemTest_DistancePositiveOverlap" classname="PlayersWorlds.Maps.Areas.Evolving.SideToSideForceProducerTest" runstate="Runnable" seed="212695939" result="Passed" start-time="2024-02-01T05:18:45.3492860Z" end-time="2024-02-01T05:18:45.3493730Z" duration="0.000087" asserts="3" />
              </test-suite>
            </test-suite>
            <test-suite type="TestFixture" id="1-1676" name="MapAreaTest" fullname="PlayersWorlds.Maps.Areas.MapAreaTest" classname="PlayersWorlds.Maps.Areas.MapAreaTest" runstate="Runnable" testcasecount="5" result="Passed" start-time="2024-02-01T05:18:45.3494030Z" end-time="2024-02-01T05:18:45.3529870Z" duration="0.003584" total="5" passed="5" failed="0" warnings="0" inconclusive="0" skipped="0" asserts="27">
              <test-case id="1-1679" name="Overlaps_ReturnsFalseIfDoesNotOverlap" fullname="PlayersWorlds.Maps.Areas.MapAreaTest.Overlaps_ReturnsFalseIfDoesNotOverlap" methodname="Overlaps_ReturnsFalseIfDoesNotOverlap" classname="PlayersWorlds.Maps.Areas.MapAreaTest" runstate="Runnable" seed="804693278" result="Passed" start-time="2024-02-01T05:18:45.3494550Z" end-time="2024-02-01T05:18:45.3499240Z" duration="0.000469" asserts="15" />
              <test-case id="1-1678" name="Overlaps_ReturnsTrueIfOverlaps" fullname="PlayersWorlds.Maps.Areas.MapAreaTest.Overlaps_ReturnsTrueIfOverlaps" methodname="Overlaps_ReturnsTrueIfOverlaps" classname="PlayersWorlds.Maps.Areas.MapAreaTest" runstate="Runnable" seed="228933327" result="Passed" start-time="2024-02-01T05:18:45.3499310Z" end-time="2024-02-01T05:18:45.3500940Z" duration="0.000163" asserts="7" />
              <test-case id="1-1677" name="Overlaps_ThrowsIfSame" fullname="PlayersWorlds.Maps.Areas.MapAreaTest.Overlaps_ThrowsIfSame" methodname="Overlaps_ThrowsIfSame" classname="PlayersWorlds.Maps.Areas.MapAreaTest" runstate="Runnable" seed="395345638" result="Passed" start-time="2024-02-01T05:18:45.3501000Z" end-time="2024-02-01T05:18:45.3508050Z" duration="0.000705" asserts="2" />
              <test-case id="1-1680" name="Position_ThrowsIfNotInitialized" fullname="PlayersWorlds.Maps.Areas.MapAreaTest.Position_ThrowsIfNotInitialized" methodname="Position_ThrowsIfNotInitialized" classname="PlayersWorlds.Maps.Areas.MapAreaTest" runstate="Runnable" seed="1860163490" result="Passed" start-time="2024-02-01T05:18:45.3508120Z" end-time="2024-02-01T05:18:45.3525710Z" duration="0.001759" asserts="2" />
              <test-case id="1-1681" name="ThrowsIfWrongParameters" fullname="PlayersWorlds.Maps.Areas.MapAreaTest.ThrowsIfWrongParameters" methodname="ThrowsIfWrongParameters" classname="PlayersWorlds.Maps.Areas.MapAreaTest" runstate="Runnable" seed="587468409" result="Passed" start-time="2024-02-01T05:18:45.3525790Z" end-time="2024-02-01T05:18:45.3529760Z" duration="0.000397" asserts="1" />
            </test-suite>
          </test-suite>
          <test-suite type="TestFixture" id="1-1004" name="AssemblyInfoTest" fullname="PlayersWorlds.Maps.AssemblyInfoTest" classname="PlayersWorlds.Maps.AssemblyInfoTest" runstate="Runnable" testcasecount="2" result="Passed" start-time="2024-02-01T05:18:45.3530030Z" end-time="2024-02-01T05:18:45.3537460Z" duration="0.000743" total="2" passed="2" failed="0" warnings="0" inconclusive="0" skipped="0" asserts="4">
            <test-case id="1-1006" name="TestAssemblyCompany" fullname="PlayersWorlds.Maps.AssemblyInfoTest.TestAssemblyCompany" methodname="TestAssemblyCompany" classname="PlayersWorlds.Maps.AssemblyInfoTest" runstate="Runnable" seed="1106877611" result="Passed" start-time="2024-02-01T05:18:45.3530480Z" end-time="2024-02-01T05:18:45.3534910Z" duration="0.000443" asserts="2" />
            <test-case id="1-1005" name="TestAssemblyTitle" fullname="PlayersWorlds.Maps.AssemblyInfoTest.TestAssemblyTitle" methodname="TestAssemblyTitle" classname="PlayersWorlds.Maps.AssemblyInfoTest" runstate="Runnable" seed="591351457" result="Passed" start-time="2024-02-01T05:18:45.3535000Z" end-time="2024-02-01T05:18:45.3537350Z" duration="0.000236" asserts="2" />
          </test-suite>
          <test-suite type="TestFixture" id="1-1007" name="CellTest" fullname="PlayersWorlds.Maps.CellTest" classname="PlayersWorlds.Maps.CellTest" runstate="Runnable" testcasecount="1" result="Passed" start-time="2024-02-01T05:18:45.3537570Z" end-time="2024-02-01T05:18:45.3541650Z" duration="0.000409" total="1" passed="1" failed="0" warnings="0" inconclusive="0" skipped="0" asserts="3">
            <test-case id="1-1008" name="CellTagEqualityTest" fullname="PlayersWorlds.Maps.CellTest.CellTagEqualityTest" methodname="CellTagEqualityTest" classname="PlayersWorlds.Maps.CellTest" runstate="Runnable" seed="335879333" result="Passed" start-time="2024-02-01T05:18:45.3538050Z" end-time="2024-02-01T05:18:45.3541540Z" duration="0.000348" asserts="3" />
          </test-suite>
          <test-suite type="TestFixture" id="1-1009" name="ExtensionsTest" fullname="PlayersWorlds.Maps.ExtensionsTest" classname="PlayersWorlds.Maps.ExtensionsTest" runstate="Runnable" testcasecount="3" result="Passed" start-time="2024-02-01T05:18:45.3541770Z" end-time="2024-02-01T05:18:45.3564640Z" duration="0.002287" total="3" passed="3" failed="0" warnings="0" inconclusive="0" skipped="0" asserts="5">
            <test-case id="1-1012" name="DebugString" fullname="PlayersWorlds.Maps.ExtensionsTest.DebugString" methodname="DebugString" classname="PlayersWorlds.Maps.ExtensionsTest" runstate="Runnable" seed="1485112066" result="Passed" start-time="2024-02-01T05:18:45.3542220Z" end-time="2024-02-01T05:18:45.3558650Z" duration="0.001644" asserts="2" />
            <test-case id="1-1011" name="TryDequeue_Dequeues" fullname="PlayersWorlds.Maps.ExtensionsTest.TryDequeue_Dequeues" methodname="TryDequeue_Dequeues" classname="PlayersWorlds.Maps.ExtensionsTest" runstate="Runnable" seed="1265805520" result="Passed" start-time="2024-02-01T05:18:45.3558740Z" end-time="2024-02-01T05:18:45.3563330Z" duration="0.000459" asserts="2" />
            <test-case id="1-1010" name="TryDequeue_DoesNotThrow" fullname="PlayersWorlds.Maps.ExtensionsTest.TryDequeue_DoesNotThrow" methodname="TryDequeue_DoesNotThrow" classname="PlayersWorlds.Maps.ExtensionsTest" runstate="Runnable" seed="664861543" result="Passed" start-time="2024-02-01T05:18:45.3563410Z" end-time="2024-02-01T05:18:45.3564540Z" duration="0.000114" asserts="1" />
          </test-suite>
          <test-suite type="TestFixture" id="1-1013" name="GlobalRandomTest" fullname="PlayersWorlds.Maps.GlobalRandomTest" classname="PlayersWorlds.Maps.GlobalRandomTest" runstate="Runnable" testcasecount="3" result="Passed" start-time="2024-02-01T05:18:45.3564760Z" end-time="2024-02-01T05:18:45.3595600Z" duration="0.003084" total="3" passed="3" failed="0" warnings="0" inconclusive="0" skipped="0" asserts="1002">
            <test-case id="1-1014" name="RandomCollectionItem" fullname="PlayersWorlds.Maps.GlobalRandomTest.RandomCollectionItem" methodname="RandomCollectionItem" classname="PlayersWorlds.Maps.GlobalRandomTest" runstate="Runnable" seed="502667467" result="Passed" start-time="2024-02-01T05:18:45.3565330Z" end-time="2024-02-01T05:18:45.3573170Z" duration="0.000784" asserts="1" />
            <test-case id="1-1016" name="RandomInRange" fullname="PlayersWorlds.Maps.GlobalRandomTest.RandomInRange" methodname="RandomInRange" classname="PlayersWorlds.Maps.GlobalRandomTest" runstate="Runnable" seed="98030887" result="Passed" start-time="2024-02-01T05:18:45.3573260Z" end-time="2024-02-01T05:18:45.3593770Z" duration="0.002051" asserts="1000" />
            <test-case id="1-1015" name="ThrowsIfEmptyCollection" fullname="PlayersWorlds.Maps.GlobalRandomTest.ThrowsIfEmptyCollection" methodname="ThrowsIfEmptyCollection" classname="PlayersWorlds.Maps.GlobalRandomTest" runstate="Runnable" seed="1934301070" result="Passed" start-time="2024-02-01T05:18:45.3593850Z" end-time="2024-02-01T05:18:45.3595500Z" duration="0.000165" asserts="1" />
          </test-suite>
          <test-suite type="TestFixture" id="1-1017" name="Map2DTest" fullname="PlayersWorlds.Maps.Map2DTest" classname="PlayersWorlds.Maps.Map2DTest" runstate="Runnable" testcasecount="1" result="Passed" start-time="2024-02-01T05:18:45.3595730Z" end-time="2024-02-01T05:18:45.3624770Z" duration="0.002904" total="1" passed="1" failed="0" warnings="0" inconclusive="0" skipped="0" asserts="6">
            <test-case id="1-1018" name="ParseMap" fullname="PlayersWorlds.Maps.Map2DTest.ParseMap" methodname="ParseMap" classname="PlayersWorlds.Maps.Map2DTest" runstate="Runnable" seed="1455452022" result="Passed" start-time="2024-02-01T05:18:45.3607140Z" end-time="2024-02-01T05:18:45.3624650Z" duration="0.001751" asserts="6" />
          </test-suite>
          <test-suite type="TestSuite" id="1-1807" name="MapFilters" fullname="PlayersWorlds.Maps.MapFilters" runstate="Runnable" testcasecount="5" result="Passed" start-time="2024-02-01T05:18:45.1819960Z" end-time="2024-02-01T05:18:45.3670210Z" duration="0.185025" total="5" passed="5" failed="0" warnings="0" inconclusive="0" skipped="0" asserts="10">
            <test-suite type="TestFixture" id="1-1670" name="Map2DEraseSpotsTest" fullname="PlayersWorlds.Maps.MapFilters.Map2DEraseSpotsTest" classname="PlayersWorlds.Maps.MapFilters.Map2DEraseSpotsTest" runstate="Runnable" testcasecount="5" result="Passed" start-time="2024-02-01T05:18:45.3624920Z" end-time="2024-02-01T05:18:45.3670140Z" duration="0.004523" total="5" passed="5" failed="0" warnings="0" inconclusive="0" skipped="0" asserts="10">
              <test-case id="1-1671" name="BackslashEraseSpots" fullname="PlayersWorlds.Maps.MapFilters.Map2DEraseSpotsTest.BackslashEraseSpots" methodname="BackslashEraseSpots" classname="PlayersWorlds.Maps.MapFilters.Map2DEraseSpotsTest" runstate="Runnable" seed="1213578061" result="Passed" start-time="2024-02-01T05:18:45.3625310Z" end-time="2024-02-01T05:18:45.3659140Z" duration="0.003382" asserts="1">
                <output><![CDATA[▓▓░░░
░▓▓░░
░░▓▓░
░░░▓▓
░░░░▓

▓▓░░░
░▓▓░░
░░▓▓░
░░░▓▓
░░░░▓

▓▓░░░
░▓▓░░
░░▓▓░
░░░▓▓
░░░░▓

]]></output>
              </test-case>
              <test-case id="1-1675" name="SmoothBoxEraseSpots" fullname="PlayersWorlds.Maps.MapFilters.Map2DEraseSpotsTest.SmoothBoxEraseSpots" methodname="SmoothBoxEraseSpots" classname="PlayersWorlds.Maps.MapFilters.Map2DEraseSpotsTest" runstate="Runnable" seed="1654033144" result="Passed" start-time="2024-02-01T05:18:45.3659230Z" end-time="2024-02-01T05:18:45.3662720Z" duration="0.000350" asserts="1">
                <output><![CDATA[▒▓▓▓▒
▓▓░▓▓
▓░░░▓
▓▓░░▓
▒▓▓▓▓

▒▓▓▓▒
▓▓▓▓▓
▓▓▓▓▓
▓▓▓▓▓
▒▓▓▓▓

▒▓▓▓▒
▓▓▓▓▓
▓▓▓▓▓
▓▓▓▓▓
▒▓▓▓▓

]]></output>
              </test-case>
              <test-case id="1-1674" name="SmoothBoxVoidBgEraseSpots" fullname="PlayersWorlds.Maps.MapFilters.Map2DEraseSpotsTest.SmoothBoxVoidBgEraseSpots" methodname="SmoothBoxVoidBgEraseSpots" classname="PlayersWorlds.Maps.MapFilters.Map2DEraseSpotsTest" runstate="Runnable" seed="20064801" result="Passed" start-time="2024-02-01T05:18:45.3662800Z" end-time="2024-02-01T05:18:45.3664270Z" duration="0.000147" asserts="1">
                <output><![CDATA[▒▓▓▓▒
▓▓0▓▓
▓000▓
▓▓00▓
▒▓▓▓▓

▒▓▓▓▒
▓▓▓▓▓
▓▓▓▓▓
▓▓▓▓▓
▒▓▓▓▓

▒▓▓▓▒
▓▓▓▓▓
▓▓▓▓▓
▓▓▓▓▓
▒▓▓▓▓

]]></output>
              </test-case>
              <test-case id="1-1673" name="Spot1x3SpotsEraseSpots" fullname="PlayersWorlds.Maps.MapFilters.Map2DEraseSpotsTest.Spot1x3SpotsEraseSpots" methodname="Spot1x3SpotsEraseSpots" classname="PlayersWorlds.Maps.MapFilters.Map2DEraseSpotsTest" runstate="Runnable" seed="238429117" result="Passed" start-time="2024-02-01T05:18:45.3664340Z" end-time="2024-02-01T05:18:45.3665740Z" duration="0.000141" asserts="1">
                <output><![CDATA[░░░░░
░░▓░░
░░▓░░
░░▓░░
░░░░░

░░░░░
░░▓░░
░░▓░░
░░▓░░
░░░░░

░░░░░
░░▓░░
░░▓░░
░░▓░░
░░░░░

]]></output>
              </test-case>
              <test-case id="1-1672" name="VariousSpotsEraseSpots" fullname="PlayersWorlds.Maps.MapFilters.Map2DEraseSpotsTest.VariousSpotsEraseSpots" methodname="VariousSpotsEraseSpots" classname="PlayersWorlds.Maps.MapFilters.Map2DEraseSpotsTest" runstate="Runnable" seed="1873411383" result="Passed" start-time="2024-02-01T05:18:45.3665800Z" end-time="2024-02-01T05:18:45.3670050Z" duration="0.000424" asserts="6">
                <output><![CDATA[░░░░░
░░░▓░
░░▓▓░
░░░░░
░░░░░

░░░░░
░░░░░
░░░░░
░░░░░
░░░░░

░░░░░
░░░░░
░░░░░
░░░░░
░░░░░

░░░░░
░░▓░░
░░▓▓░
░░░░░
░░░░░

░░░░░
░░░░░
░░░░░
░░░░░
░░░░░

░░░░░
░░░░░
░░░░░
░░░░░
░░░░░

░░░░░
░░▓▓░
░░▓░░
░░░░░
░░░░░

░░░░░
░░░░░
░░░░░
░░░░░
░░░░░

░░░░░
░░░░░
░░░░░
░░░░░
░░░░░

░░░░░
░░▓▓░
░░▓░░
░░░░░
░░░░░

░░░░░
░░░░░
░░░░░
░░░░░
░░░░░

░░░░░
░░░░░
░░░░░
░░░░░
░░░░░

░░░░░
░░▓▓░
░░▓▓░
░░░░░
░░░░░

░░░░░
░░░░░
░░░░░
░░░░░
░░░░░

░░░░░
░░░░░
░░░░░
░░░░░
░░░░░

░░░░░
░░▓░░
░░░▓░
░░░░░
░░░░░

░░░░░
░░░░░
░░░░░
░░░░░
░░░░░

░░░░░
░░░░░
░░░░░
░░░░░
░░░░░

]]></output>
              </test-case>
            </test-suite>
          </test-suite>
          <test-suite type="TestSuite" id="1-1805" name="Maze" fullname="PlayersWorlds.Maps.Maze" runstate="Runnable" testcasecount="557" result="Passed" start-time="2024-02-01T05:18:45.1820020Z" end-time="2024-02-01T05:18:45.5913890Z" duration="0.409387" total="53" passed="53" failed="0" warnings="0" inconclusive="0" skipped="0" asserts="399">
            <test-suite type="TestFixture" id="1-1103" name="Maze2DRendererTest" fullname="PlayersWorlds.Maps.Maze.Maze2DRendererTest" classname="PlayersWorlds.Maps.Maze.Maze2DRendererTest" runstate="Runnable" testcasecount="1" result="Passed" start-time="2024-02-01T05:18:45.3670320Z" end-time="2024-02-01T05:18:45.3700280Z" duration="0.002997" total="1" passed="1" failed="0" warnings="0" inconclusive="0" skipped="0" asserts="1">
              <test-case id="1-1104" name="ThrowsIfCantFit" fullname="PlayersWorlds.Maps.Maze.Maze2DRendererTest.ThrowsIfCantFit" methodname="ThrowsIfCantFit" classname="PlayersWorlds.Maps.Maze.Maze2DRendererTest" runstate="Runnable" seed="622139717" result="Passed" start-time="2024-02-01T05:18:45.3670710Z" end-time="2024-02-01T05:18:45.3700170Z" duration="0.002946" asserts="1">
                <output><![CDATA[42x42
]]></output>
              </test-case>
            </test-suite>
            <test-suite type="TestFixture" id="1-1105" name="Maze2DTest" fullname="PlayersWorlds.Maps.Maze.Maze2DTest" classname="PlayersWorlds.Maps.Maze.Maze2DTest" runstate="Runnable" testcasecount="14" result="Passed" start-time="2024-02-01T05:18:45.3700390Z" end-time="2024-02-01T05:18:45.4021460Z" duration="0.032106" total="14" passed="14" failed="0" warnings="0" inconclusive="0" skipped="0" asserts="178">
              <test-case id="1-1113" name="Maze2D_AddsNoRoomsToASmallMaze" fullname="PlayersWorlds.Maps.Maze.Maze2DTest.Maze2D_AddsNoRoomsToASmallMaze" methodname="Maze2D_AddsNoRoomsToASmallMaze" classname="PlayersWorlds.Maps.Maze.Maze2DTest" runstate="Runnable" seed="1559157539" result="Passed" start-time="2024-02-01T05:18:45.3701250Z" end-time="2024-02-01T05:18:45.3808450Z" duration="0.010720" asserts="1">
                <output><![CDATA[AldousBroderMazeGenerator: Generating maze 3x3 with PlayersWorlds.Maps.Maze.GeneratorOptions(Full, Auto, <null>, PlayersWorlds.Maps.Areas.RandomAreaGenerator, PlayersWorlds.Maps.Maze.AldousBroderMazeGenerator)
]]></output>
              </test-case>
              <test-case id="1-1112" name="Maze2D_AddsNoRoomsWhenNoneRequested" fullname="PlayersWorlds.Maps.Maze.Maze2DTest.Maze2D_AddsNoRoomsWhenNoneRequested" methodname="Maze2D_AddsNoRoomsWhenNoneRequested" classname="PlayersWorlds.Maps.Maze.Maze2DTest" runstate="Runnable" seed="1971645103" result="Passed" start-time="2024-02-01T05:18:45.3808570Z" end-time="2024-02-01T05:18:45.3831860Z" duration="0.002329" asserts="1">
                <output><![CDATA[AldousBroderMazeGenerator: Generating maze 10x10 with PlayersWorlds.Maps.Maze.GeneratorOptions(Full, Manual, <null>, PlayersWorlds.Maps.Areas.RandomAreaGenerator, PlayersWorlds.Maps.Maze.AldousBroderMazeGenerator)
]]></output>
              </test-case>
              <test-case id="1-1116" name="Maze2D_AddsOneFill" fullname="PlayersWorlds.Maps.Maze.Maze2DTest.Maze2D_AddsOneFill" methodname="Maze2D_AddsOneFill" classname="PlayersWorlds.Maps.Maze.Maze2DTest" runstate="Runnable" seed="1654483211" result="Passed" start-time="2024-02-01T05:18:45.3831970Z" end-time="2024-02-01T05:18:45.3856210Z" duration="0.002424" asserts="1">
                <output><![CDATA[AldousBroderMazeGenerator: Generating maze 5x5 with PlayersWorlds.Maps.Maze.GeneratorOptions(Full, Manual, List`1<MapArea>(P2x2;S2x1;Fill;), PlayersWorlds.Maps.Areas.RandomAreaGenerator, PlayersWorlds.Maps.Maze.AldousBroderMazeGenerator)
]]></output>
              </test-case>
              <test-case id="1-1115" name="Maze2D_AddsOneHall" fullname="PlayersWorlds.Maps.Maze.Maze2DTest.Maze2D_AddsOneHall" methodname="Maze2D_AddsOneHall" classname="PlayersWorlds.Maps.Maze.Maze2DTest" runstate="Runnable" seed="839452458" result="Passed" start-time="2024-02-01T05:18:45.3856330Z" end-time="2024-02-01T05:18:45.3863350Z" duration="0.000702" asserts="1">
                <output><![CDATA[AldousBroderMazeGenerator: Generating maze 5x5 with PlayersWorlds.Maps.Maze.GeneratorOptions(Full, Manual, List`1<MapArea>(P2x2;S2x1;Hall;), PlayersWorlds.Maps.Areas.RandomAreaGenerator, PlayersWorlds.Maps.Maze.AldousBroderMazeGenerator)
]]></output>
              </test-case>
              <test-case id="1-1114" name="Maze2D_AddsRooms" fullname="PlayersWorlds.Maps.Maze.Maze2DTest.Maze2D_AddsRooms" methodname="Maze2D_AddsRooms" classname="PlayersWorlds.Maps.Maze.Maze2DTest" runstate="Runnable" seed="1475060687" result="Passed" start-time="2024-02-01T05:18:45.3863460Z" end-time="2024-02-01T05:18:45.3885730Z" duration="0.002227" asserts="1">
                <output><![CDATA[AldousBroderMazeGenerator: Generating maze 5x5 with PlayersWorlds.Maps.Maze.GeneratorOptions(Full, Auto, <null>, PlayersWorlds.Maps.Areas.RandomAreaGenerator, PlayersWorlds.Maps.Maze.AldousBroderMazeGenerator)
]]></output>
              </test-case>
              <test-case id="1-1108" name="Maze2D_AllowsOnly2D" fullname="PlayersWorlds.Maps.Maze.Maze2DTest.Maze2D_AllowsOnly2D" methodname="Maze2D_AllowsOnly2D" classname="PlayersWorlds.Maps.Maze.Maze2DTest" runstate="Runnable" seed="1814526816" result="Passed" start-time="2024-02-01T05:18:45.3885850Z" end-time="2024-02-01T05:18:45.3887830Z" duration="0.000198" asserts="1" />
              <test-case id="1-1118" name="Maze2D_CanParse" fullname="PlayersWorlds.Maps.Maze.Maze2DTest.Maze2D_CanParse" methodname="Maze2D_CanParse" classname="PlayersWorlds.Maps.Maze.Maze2DTest" runstate="Runnable" seed="1655029156" result="Passed" start-time="2024-02-01T05:18:45.3887910Z" end-time="2024-02-01T05:18:45.3939240Z" duration="0.005133" asserts="16">
                <output><![CDATA[┌───────────┐
│           │
├───╴   ┌───┤
│       │   │
│   ╷   ╵   │
│   │       │
└───┴───────┘

]]></output>
              </test-case>
              <test-case id="1-1119" name="Maze2D_CanParse2" fullname="PlayersWorlds.Maps.Maze.Maze2DTest.Maze2D_CanParse2" methodname="Maze2D_CanParse2" classname="PlayersWorlds.Maps.Maze.Maze2DTest" runstate="Runnable" seed="1903729474" result="Passed" start-time="2024-02-01T05:18:45.3939360Z" end-time="2024-02-01T05:18:45.3940720Z" duration="0.000137" asserts="1" />
              <test-case id="1-1111" name="Maze2D_CanRenderMap" fullname="PlayersWorlds.Maps.Maze.Maze2DTest.Maze2D_CanRenderMap" methodname="Maze2D_CanRenderMap" classname="PlayersWorlds.Maps.Maze.Maze2DTest" runstate="Runnable" seed="188037805" result="Passed" start-time="2024-02-01T05:18:45.3940790Z" end-time="2024-02-01T05:18:45.3979450Z" duration="0.003866" asserts="1">
                <output><![CDATA[AldousBroderMazeGenerator: Generating maze 3x3 with PlayersWorlds.Maps.Maze.GeneratorOptions(Full, None, <null>, PlayersWorlds.Maps.Areas.RandomAreaGenerator, PlayersWorlds.Maps.Maze.AldousBroderMazeGenerator)
]]></output>
              </test-case>
              <test-case id="1-1110" name="Maze2D_CellsNeighborsAreValid" fullname="PlayersWorlds.Maps.Maze.Maze2DTest.Maze2D_CellsNeighborsAreValid" methodname="Maze2D_CellsNeighborsAreValid" classname="PlayersWorlds.Maps.Maze.Maze2DTest" runstate="Runnable" seed="322463208" result="Passed" start-time="2024-02-01T05:18:45.3979570Z" end-time="2024-02-01T05:18:45.3990540Z" duration="0.001098" asserts="136" />
              <test-case id="1-1117" name="Maze2D_HasAttributesSet" fullname="PlayersWorlds.Maps.Maze.Maze2DTest.Maze2D_HasAttributesSet" methodname="Maze2D_HasAttributesSet" classname="PlayersWorlds.Maps.Maze.Maze2DTest" runstate="Runnable" seed="1122726625" result="Passed" start-time="2024-02-01T05:18:45.3990660Z" end-time="2024-02-01T05:18:45.3995990Z" duration="0.000534" asserts="2">
                <output><![CDATA[AldousBroderMazeGenerator: Generating maze 3x3 with PlayersWorlds.Maps.Maze.GeneratorOptions(Full, None, <null>, PlayersWorlds.Maps.Areas.RandomAreaGenerator, PlayersWorlds.Maps.Maze.AldousBroderMazeGenerator)
]]></output>
              </test-case>
              <test-case id="1-1106" name="Maze2D_IsInitialized" fullname="PlayersWorlds.Maps.Maze.Maze2DTest.Maze2D_IsInitialized" methodname="Maze2D_IsInitialized" classname="PlayersWorlds.Maps.Maze.Maze2DTest" runstate="Runnable" seed="2049904178" result="Passed" start-time="2024-02-01T05:18:45.3996110Z" end-time="2024-02-01T05:18:45.3997750Z" duration="0.000164" asserts="4" />
              <test-case id="1-1109" name="Maze2D_ToMapWrongOptions" fullname="PlayersWorlds.Maps.Maze.Maze2DTest.Maze2D_ToMapWrongOptions" methodname="Maze2D_ToMapWrongOptions" classname="PlayersWorlds.Maps.Maze.Maze2DTest" runstate="Runnable" seed="1563451365" result="Passed" start-time="2024-02-01T05:18:45.3997820Z" end-time="2024-02-01T05:18:45.4018540Z" duration="0.002072" asserts="7" />
              <test-case id="1-1107" name="Maze2D_WrongSize" fullname="PlayersWorlds.Maps.Maze.Maze2DTest.Maze2D_WrongSize" methodname="Maze2D_WrongSize" classname="PlayersWorlds.Maps.Maze.Maze2DTest" runstate="Runnable" seed="547799254" result="Passed" start-time="2024-02-01T05:18:45.4018650Z" end-time="2024-02-01T05:18:45.4021330Z" duration="0.000269" asserts="5" />
            </test-suite>
            <test-suite type="TestFixture" id="1-1120" name="MazeCellTest" fullname="PlayersWorlds.Maps.Maze.MazeCellTest" classname="PlayersWorlds.Maps.Maze.MazeCellTest" runstate="Runnable" testcasecount="5" result="Passed" start-time="2024-02-01T05:18:45.4021600Z" end-time="2024-02-01T05:18:45.4066780Z" duration="0.004518" total="5" passed="5" failed="0" warnings="0" inconclusive="0" skipped="0" asserts="23">
              <test-case id="1-1123" name="CanAssignMapAreaOnce" fullname="PlayersWorlds.Maps.Maze.MazeCellTest.CanAssignMapAreaOnce" methodname="CanAssignMapAreaOnce" classname="PlayersWorlds.Maps.Maze.MazeCellTest" runstate="Runnable" seed="1369285806" result="Passed" start-time="2024-02-01T05:18:45.4022010Z" end-time="2024-02-01T05:18:45.4043730Z" duration="0.002172" asserts="4" />
              <test-case id="1-1125" name="DoubleLinkingThrowsError" fullname="PlayersWorlds.Maps.Maze.MazeCellTest.DoubleLinkingThrowsError" methodname="DoubleLinkingThrowsError" classname="PlayersWorlds.Maps.Maze.MazeCellTest" runstate="Runnable" seed="1121539200" result="Passed" start-time="2024-02-01T05:18:45.4043850Z" end-time="2024-02-01T05:18:45.4045780Z" duration="0.000193" asserts="1" />
              <test-case id="1-1121" name="LinksAreMutual" fullname="PlayersWorlds.Maps.Maze.MazeCellTest.LinksAreMutual" methodname="LinksAreMutual" classname="PlayersWorlds.Maps.Maze.MazeCellTest" runstate="Runnable" seed="884879010" result="Passed" start-time="2024-02-01T05:18:45.4045850Z" end-time="2024-02-01T05:18:45.4059700Z" duration="0.001385" asserts="10" />
              <test-case id="1-1122" name="LinksOnlyWithNeighbors" fullname="PlayersWorlds.Maps.Maze.MazeCellTest.LinksOnlyWithNeighbors" methodname="LinksOnlyWithNeighbors" classname="PlayersWorlds.Maps.Maze.MazeCellTest" runstate="Runnable" seed="1457183740" result="Passed" start-time="2024-02-01T05:18:45.4059820Z" end-time="2024-02-01T05:18:45.4063270Z" duration="0.000346" asserts="1" />
              <test-case id="1-1124" name="ToStringTest" fullname="PlayersWorlds.Maps.Maze.MazeCellTest.ToStringTest" methodname="ToStringTest" classname="PlayersWorlds.Maps.Maze.MazeCellTest" runstate="Runnable" seed="287715047" result="Passed" start-time="2024-02-01T05:18:45.4063360Z" end-time="2024-02-01T05:18:45.4066660Z" duration="0.000330" asserts="7" />
            </test-suite>
            <test-suite type="TestFixture" id="1-1126" name="MazeGeneratorTest" fullname="PlayersWorlds.Maps.Maze.MazeGeneratorTest" classname="PlayersWorlds.Maps.Maze.MazeGeneratorTest" runstate="Runnable" testcasecount="532" result="Passed" start-time="2024-02-01T05:18:45.4066910Z" end-time="2024-02-01T05:18:45.5843460Z" duration="0.177656" total="28" passed="28" failed="0" warnings="0" inconclusive="0" skipped="0" asserts="179">
              <test-suite type="ParameterizedMethod" id="1-1662" name="AreasAreAppliedProperly" fullname="PlayersWorlds.Maps.Maze.MazeGeneratorTest.AreasAreAppliedProperly" classname="PlayersWorlds.Maps.Maze.MazeGeneratorTest" runstate="Runnable" testcasecount="6" result="Passed" start-time="2024-02-01T05:18:45.4067280Z" end-time="2024-02-01T05:18:45.4487040Z" duration="0.041976" total="6" passed="6" failed="0" warnings="0" inconclusive="0" skipped="0" asserts="138">
                <test-case id="1-1656" name="AreasAreAppliedProperly(PlayersWorlds.Maps.Maze.AldousBroderMazeGenerator)" fullname="PlayersWorlds.Maps.Maze.MazeGeneratorTest.AreasAreAppliedProperly(PlayersWorlds.Maps.Maze.AldousBroderMazeGenerator)" methodname="AreasAreAppliedProperly" classname="PlayersWorlds.Maps.Maze.MazeGeneratorTest" runstate="Runnable" seed="1594735693" result="Passed" start-time="2024-02-01T05:18:45.4067410Z" end-time="2024-02-01T05:18:45.4196390Z" duration="0.012898" asserts="23">
                  <output><![CDATA[AldousBroderMazeGenerator: Generating maze 10x10 with PlayersWorlds.Maps.Maze.GeneratorOptions(Full, Manual, List`1<MapArea>(P2x1;S2x3;Fill;, P1x5;S3x4;Fill;, P5x6;S3x2;Hall;, P5x1;S4x3;Hall;), PlayersWorlds.Maps.Areas.RandomAreaGenerator, PlayersWorlds.Maps.Maze.AldousBroderMazeGenerator)
]]></output>
                </test-case>
                <test-case id="1-1657" name="AreasAreAppliedProperly(PlayersWorlds.Maps.Maze.BinaryTreeMazeGenerator)" fullname="PlayersWorlds.Maps.Maze.MazeGeneratorTest.AreasAreAppliedProperly(PlayersWorlds.Maps.Maze.BinaryTreeMazeGenerator)" methodname="AreasAreAppliedProperly" classname="PlayersWorlds.Maps.Maze.MazeGeneratorTest" runstate="Runnable" seed="501598807" result="Passed" start-time="2024-02-01T05:18:45.4196630Z" end-time="2024-02-01T05:18:45.4291620Z" duration="0.009499" asserts="23">
                  <output><![CDATA[BinaryTreeMazeGenerator: Generating maze 10x10 with PlayersWorlds.Maps.Maze.GeneratorOptions(Full, Manual, List`1<MapArea>(P2x1;S2x3;Fill;, P1x5;S3x4;Fill;, P5x6;S3x2;Hall;, P5x1;S4x3;Hall;), PlayersWorlds.Maps.Areas.RandomAreaGenerator, PlayersWorlds.Maps.Maze.BinaryTreeMazeGenerator)
]]></output>
                </test-case>
                <test-case id="1-1658" name="AreasAreAppliedProperly(PlayersWorlds.Maps.Maze.HuntAndKillMazeGenerator)" fullname="PlayersWorlds.Maps.Maze.MazeGeneratorTest.AreasAreAppliedProperly(PlayersWorlds.Maps.Maze.HuntAndKillMazeGenerator)" methodname="AreasAreAppliedProperly" classname="PlayersWorlds.Maps.Maze.MazeGeneratorTest" runstate="Runnable" seed="41917850" result="Passed" start-time="2024-02-01T05:18:45.4291810Z" end-time="2024-02-01T05:18:45.4335190Z" duration="0.004338" asserts="23">
                  <output><![CDATA[HuntAndKillMazeGenerator: Generating maze 10x10 with PlayersWorlds.Maps.Maze.GeneratorOptions(Full, Manual, List`1<MapArea>(P2x1;S2x3;Fill;, P1x5;S3x4;Fill;, P5x6;S3x2;Hall;, P5x1;S4x3;Hall;), PlayersWorlds.Maps.Areas.RandomAreaGenerator, PlayersWorlds.Maps.Maze.HuntAndKillMazeGenerator)
]]></output>
                </test-case>
                <test-case id="1-1659" name="AreasAreAppliedProperly(PlayersWorlds.Maps.Maze.RecursiveBacktrackerMazeGenerator)" fullname="PlayersWorlds.Maps.Maze.MazeGeneratorTest.AreasAreAppliedProperly(PlayersWorlds.Maps.Maze.RecursiveBacktrackerMazeGenerator)" methodname="AreasAreAppliedProperly" classname="PlayersWorlds.Maps.Maze.MazeGeneratorTest" runstate="Runnable" seed="337199628" result="Passed" start-time="2024-02-01T05:18:45.4335330Z" end-time="2024-02-01T05:18:45.4388940Z" duration="0.005361" asserts="23">
                  <output><![CDATA[RecursiveBacktrackerMazeGenerator: Generating maze 10x10 with PlayersWorlds.Maps.Maze.GeneratorOptions(Full, Manual, List`1<MapArea>(P2x1;S2x3;Fill;, P1x5;S3x4;Fill;, P5x6;S3x2;Hall;, P5x1;S4x3;Hall;), PlayersWorlds.Maps.Areas.RandomAreaGenerator, PlayersWorlds.Maps.Maze.RecursiveBacktrackerMazeGenerator)
]]></output>
                </test-case>
                <test-case id="1-1660" name="AreasAreAppliedProperly(PlayersWorlds.Maps.Maze.SidewinderMazeGenerator)" fullname="PlayersWorlds.Maps.Maze.MazeGeneratorTest.AreasAreAppliedProperly(PlayersWorlds.Maps.Maze.SidewinderMazeGenerator)" methodname="AreasAreAppliedProperly" classname="PlayersWorlds.Maps.Maze.MazeGeneratorTest" runstate="Runnable" seed="568782665" result="Passed" start-time="2024-02-01T05:18:45.4389190Z" end-time="2024-02-01T05:18:45.4433210Z" duration="0.004402" asserts="23">
                  <output><![CDATA[SidewinderMazeGenerator: Generating maze 10x10 with PlayersWorlds.Maps.Maze.GeneratorOptions(Full, Manual, List`1<MapArea>(P2x1;S2x3;Fill;, P1x5;S3x4;Fill;, P5x6;S3x2;Hall;, P5x1;S4x3;Hall;), PlayersWorlds.Maps.Areas.RandomAreaGenerator, PlayersWorlds.Maps.Maze.SidewinderMazeGenerator)
]]></output>
                </test-case>
                <test-case id="1-1661" name="AreasAreAppliedProperly(PlayersWorlds.Maps.Maze.WilsonsMazeGenerator)" fullname="PlayersWorlds.Maps.Maze.MazeGeneratorTest.AreasAreAppliedProperly(PlayersWorlds.Maps.Maze.WilsonsMazeGenerator)" methodname="AreasAreAppliedProperly" classname="PlayersWorlds.Maps.Maze.MazeGeneratorTest" runstate="Runnable" seed="1115597561" result="Passed" start-time="2024-02-01T05:18:45.4433350Z" end-time="2024-02-01T05:18:45.4486820Z" duration="0.005348" asserts="23">
                  <output><![CDATA[WilsonsMazeGenerator: Generating maze 10x10 with PlayersWorlds.Maps.Maze.GeneratorOptions(Full, Manual, List`1<MapArea>(P2x1;S2x3;Fill;, P1x5;S3x4;Fill;, P5x6;S3x2;Hall;, P5x1;S4x3;Hall;), PlayersWorlds.Maps.Areas.RandomAreaGenerator, PlayersWorlds.Maps.Maze.WilsonsMazeGenerator)
]]></output>
                </test-case>
              </test-suite>
              <test-suite type="ParameterizedMethod" id="1-1655" name="CanFindPaths" fullname="PlayersWorlds.Maps.Maze.MazeGeneratorTest.CanFindPaths" classname="PlayersWorlds.Maps.Maze.MazeGeneratorTest" runstate="Runnable" testcasecount="6" result="Passed" start-time="2024-02-01T05:18:45.4487200Z" end-time="2024-02-01T05:18:45.4501610Z" duration="0.001441" total="6" passed="6" failed="0" warnings="0" inconclusive="0" skipped="0" asserts="12">
                <test-case id="1-1649" name="CanFindPaths(PlayersWorlds.Maps.Maze.AldousBroderMazeGenerator)" fullname="PlayersWorlds.Maps.Maze.MazeGeneratorTest.CanFindPaths(PlayersWorlds.Maps.Maze.AldousBroderMazeGenerator)" methodname="CanFindPaths" classname="PlayersWorlds.Maps.Maze.MazeGeneratorTest" runstate="Runnable" seed="601377397" result="Passed" start-time="2024-02-01T05:18:45.4487500Z" end-time="2024-02-01T05:18:45.4495790Z" duration="0.000829" asserts="2" />
                <test-case id="1-1650" name="CanFindPaths(PlayersWorlds.Maps.Maze.BinaryTreeMazeGenerator)" fullname="PlayersWorlds.Maps.Maze.MazeGeneratorTest.CanFindPaths(PlayersWorlds.Maps.Maze.BinaryTreeMazeGenerator)" methodname="CanFindPaths" classname="PlayersWorlds.Maps.Maze.MazeGeneratorTest" runstate="Runnable" seed="1380151114" result="Passed" start-time="2024-02-01T05:18:45.4495890Z" end-time="2024-02-01T05:18:45.4497590Z" duration="0.000169" asserts="2" />
                <test-case id="1-1651" name="CanFindPaths(PlayersWorlds.Maps.Maze.HuntAndKillMazeGenerator)" fullname="PlayersWorlds.Maps.Maze.MazeGeneratorTest.CanFindPaths(PlayersWorlds.Maps.Maze.HuntAndKillMazeGenerator)" methodname="CanFindPaths" classname="PlayersWorlds.Maps.Maze.MazeGeneratorTest" runstate="Runnable" seed="48293234" result="Passed" start-time="2024-02-01T05:18:45.4497650Z" end-time="2024-02-01T05:18:45.4498490Z" duration="0.000084" asserts="2" />
                <test-case id="1-1652" name="CanFindPaths(PlayersWorlds.Maps.Maze.RecursiveBacktrackerMazeGenerator)" fullname="PlayersWorlds.Maps.Maze.MazeGeneratorTest.CanFindPaths(PlayersWorlds.Maps.Maze.RecursiveBacktrackerMazeGenerator)" methodname="CanFindPaths" classname="PlayersWorlds.Maps.Maze.MazeGeneratorTest" runstate="Runnable" seed="691222123" result="Passed" start-time="2024-02-01T05:18:45.4498540Z" end-time="2024-02-01T05:18:45.4499370Z" duration="0.000083" asserts="2" />
                <test-case id="1-1653" name="CanFindPaths(PlayersWorlds.Maps.Maze.SidewinderMazeGenerator)" fullname="PlayersWorlds.Maps.Maze.MazeGeneratorTest.CanFindPaths(PlayersWorlds.Maps.Maze.SidewinderMazeGenerator)" methodname="CanFindPaths" classname="PlayersWorlds.Maps.Maze.MazeGeneratorTest" runstate="Runnable" seed="1842348495" result="Passed" start-time="2024-02-01T05:18:45.4499430Z" end-time="2024-02-01T05:18:45.4500620Z" duration="0.000119" asserts="2" />
                <test-case id="1-1654" name="CanFindPaths(PlayersWorlds.Maps.Maze.WilsonsMazeGenerator)" fullname="PlayersWorlds.Maps.Maze.MazeGeneratorTest.CanFindPaths(PlayersWorlds.Maps.Maze.WilsonsMazeGenerator)" methodname="CanFindPaths" classname="PlayersWorlds.Maps.Maze.MazeGeneratorTest" runstate="Runnable" seed="1787899483" result="Passed" start-time="2024-02-01T05:18:45.4500680Z" end-time="2024-02-01T05:18:45.4501550Z" duration="0.000087" asserts="2" />
              </test-suite>
              <test-suite type="ParameterizedMethod" id="1-1134" name="CanGenerateMazes" fullname="PlayersWorlds.Maps.Maze.MazeGeneratorTest.CanGenerateMazes" classname="PlayersWorlds.Maps.Maze.MazeGeneratorTest" runstate="Runnable" testcasecount="6" result="Passed" start-time="2024-02-01T05:18:45.4501690Z" end-time="2024-02-01T05:18:45.5387550Z" duration="0.088586" total="6" passed="6" failed="0" warnings="0" inconclusive="0" skipped="0" asserts="12">
                <test-case id="1-1128" name="CanGenerateMazes(PlayersWorlds.Maps.Maze.AldousBroderMazeGenerator)" fullname="PlayersWorlds.Maps.Maze.MazeGeneratorTest.CanGenerateMazes(PlayersWorlds.Maps.Maze.AldousBroderMazeGenerator)" methodname="CanGenerateMazes" classname="PlayersWorlds.Maps.Maze.MazeGeneratorTest" runstate="Runnable" seed="338373853" result="Passed" start-time="2024-02-01T05:18:45.4501810Z" end-time="2024-02-01T05:18:45.5031980Z" duration="0.053017" asserts="2">
                  <output><![CDATA[AldousBroderMazeGenerator: Generating maze 20x20 with PlayersWorlds.Maps.Maze.GeneratorOptions(Full, None, <null>, PlayersWorlds.Maps.Areas.RandomAreaGenerator, PlayersWorlds.Maps.Maze.AldousBroderMazeGenerator)
]]></output>
                </test-case>
                <test-case id="1-1129" name="CanGenerateMazes(PlayersWorlds.Maps.Maze.BinaryTreeMazeGenerator)" fullname="PlayersWorlds.Maps.Maze.MazeGeneratorTest.CanGenerateMazes(PlayersWorlds.Maps.Maze.BinaryTreeMazeGenerator)" methodname="CanGenerateMazes" classname="PlayersWorlds.Maps.Maze.MazeGeneratorTest" runstate="Runnable" seed="1639089680" result="Passed" start-time="2024-02-01T05:18:45.5032220Z" end-time="2024-02-01T05:18:45.5052520Z" duration="0.002031" asserts="2">
                  <output><![CDATA[BinaryTreeMazeGenerator: Generating maze 20x20 with PlayersWorlds.Maps.Maze.GeneratorOptions(Full, None, <null>, PlayersWorlds.Maps.Areas.RandomAreaGenerator, PlayersWorlds.Maps.Maze.BinaryTreeMazeGenerator)
]]></output>
                </test-case>
                <test-case id="1-1130" name="CanGenerateMazes(PlayersWorlds.Maps.Maze.HuntAndKillMazeGenerator)" fullname="PlayersWorlds.Maps.Maze.MazeGeneratorTest.CanGenerateMazes(PlayersWorlds.Maps.Maze.HuntAndKillMazeGenerator)" methodname="CanGenerateMazes" classname="PlayersWorlds.Maps.Maze.MazeGeneratorTest" runstate="Runnable" seed="197549216" result="Passed" start-time="2024-02-01T05:18:45.5052660Z" end-time="2024-02-01T05:18:45.5097380Z" duration="0.004473" asserts="2">
                  <output><![CDATA[HuntAndKillMazeGenerator: Generating maze 20x20 with PlayersWorlds.Maps.Maze.GeneratorOptions(Full, None, <null>, PlayersWorlds.Maps.Areas.RandomAreaGenerator, PlayersWorlds.Maps.Maze.HuntAndKillMazeGenerator)
]]></output>
                </test-case>
                <test-case id="1-1131" name="CanGenerateMazes(PlayersWorlds.Maps.Maze.RecursiveBacktrackerMazeGenerator)" fullname="PlayersWorlds.Maps.Maze.MazeGeneratorTest.CanGenerateMazes(PlayersWorlds.Maps.Maze.RecursiveBacktrackerMazeGenerator)" methodname="CanGenerateMazes" classname="PlayersWorlds.Maps.Maze.MazeGeneratorTest" runstate="Runnable" seed="1741049591" result="Passed" start-time="2024-02-01T05:18:45.5097660Z" end-time="2024-02-01T05:18:45.5174150Z" duration="0.007649" asserts="2">
                  <output><![CDATA[RecursiveBacktrackerMazeGenerator: Generating maze 20x20 with PlayersWorlds.Maps.Maze.GeneratorOptions(Full, None, <null>, PlayersWorlds.Maps.Areas.RandomAreaGenerator, PlayersWorlds.Maps.Maze.RecursiveBacktrackerMazeGenerator)
]]></output>
                </test-case>
                <test-case id="1-1132" name="CanGenerateMazes(PlayersWorlds.Maps.Maze.SidewinderMazeGenerator)" fullname="PlayersWorlds.Maps.Maze.MazeGeneratorTest.CanGenerateMazes(PlayersWorlds.Maps.Maze.SidewinderMazeGenerator)" methodname="CanGenerateMazes" classname="PlayersWorlds.Maps.Maze.MazeGeneratorTest" runstate="Runnable" seed="722306813" result="Passed" start-time="2024-02-01T05:18:45.5174440Z" end-time="2024-02-01T05:18:45.5195040Z" duration="0.002060" asserts="2">
                  <output><![CDATA[SidewinderMazeGenerator: Generating maze 20x20 with PlayersWorlds.Maps.Maze.GeneratorOptions(Full, None, <null>, PlayersWorlds.Maps.Areas.RandomAreaGenerator, PlayersWorlds.Maps.Maze.SidewinderMazeGenerator)
]]></output>
                </test-case>
                <test-case id="1-1133" name="CanGenerateMazes(PlayersWorlds.Maps.Maze.WilsonsMazeGenerator)" fullname="PlayersWorlds.Maps.Maze.MazeGeneratorTest.CanGenerateMazes(PlayersWorlds.Maps.Maze.WilsonsMazeGenerator)" methodname="CanGenerateMazes" classname="PlayersWorlds.Maps.Maze.MazeGeneratorTest" runstate="Runnable" seed="2053847275" result="Passed" start-time="2024-02-01T05:18:45.5195140Z" end-time="2024-02-01T05:18:45.5385990Z" duration="0.019085" asserts="2">
                  <output><![CDATA[WilsonsMazeGenerator: Generating maze 20x20 with PlayersWorlds.Maps.Maze.GeneratorOptions(Full, None, <null>, PlayersWorlds.Maps.Areas.RandomAreaGenerator, PlayersWorlds.Maps.Maze.WilsonsMazeGenerator)
]]></output>
                </test-case>
              </test-suite>
              <test-case id="1-1127" name="CanUseCustomAreaGenerator" fullname="PlayersWorlds.Maps.Maze.MazeGeneratorTest.CanUseCustomAreaGenerator" methodname="CanUseCustomAreaGenerator" classname="PlayersWorlds.Maps.Maze.MazeGeneratorTest" runstate="Runnable" seed="679057972" result="Passed" start-time="2024-02-01T05:18:45.5387710Z" end-time="2024-02-01T05:18:45.5672700Z" duration="0.028499" asserts="4">
                <output><![CDATA[AldousBroderMazeGenerator: Generating maze 15x15 with PlayersWorlds.Maps.Maze.GeneratorOptions(Full, Auto, <null>, PlayersWorlds.Maps.Maze.MazeGeneratorTest+CustomAreaGenerator, PlayersWorlds.Maps.Maze.AldousBroderMazeGenerator)
┌───────┬───┬───┬───────────────────────────┬───────────┬───┐
│       │   │   │         c   b   a   9   8 │ 5   4     │ 0 │
│   ╷   │   ╵   ├───┬───┐   ┌───┬───┬───╴   ╵   ╷   ╶───┘   │
│   │   │       │   │   │ d │   │   │     7   6 │ 3   2   1 │
├───┘   ╵   ╶───┘   ╵   │   │   │   ├───────┬───┤   ╶───┬───┤
│                       │ e │   │   │ 15  16│   │       │   │
│   ╷   ┌───╴   ╷   ┌───┘   ╵   │   ╵   ╷   ╵   └───┬───┤   │
│   │   │       │   │     f   10│ 13  14│ 17        │   │   │
│   │   ├───┐   │   └───────┐   ╵   ┌───┘   ┌───╴   ╵   ╵   │
│   │   │ 3a│   │           │ 11  12│     18│               │
├───┼───┘   ├───┴───────╴   │   ╶───┼───╴   ├───╴   ╷   ╷   │
│   │ 38  39│               │       │ 1a  19│       │   │   │
│   │   ┌───┤   ╶───────┐   └───┬───┘   ╷   │   ┌───┤   └───┤
│   │ 37│   │           │       │     1b│   │   │   │       │
│   ╵   │   └───┬───────┤   ╷   └───╴   ├───┴───┘   └───┐   │
│     36│       │       │   │     1d  1c│               │   │
│   ╷   │   ╷   └───╴   │   └───┐   ┌───┤   ┌───┐   ┌───┘   │
│   │ 35│   │           │       │ 1e│   │   │   │   │       │
├───┘   ├───┤   ┌───┬───┴───┬───┤   │   ╵   │   ╵   ├───────┤
│     34│   │   │   │ 24  23│   │ 1f│       │       │       │
├───╴   │   │   ╵   ╵   ╷   ╵   ╵   ├───────┼───┐   ╵   ╷   │
│ 32  33│   │     26  25│ 22  21  20│       │   │       │   │
│   ┌───┤   ├───╴   ┌───┴───┐   ╶───┴───╴   ╵   ╵   ╷   │   │
│ 31│   │   │ 28  27│       │                       │   │   │
│   ╵   ╵   │   ╶───┴───┐   ╵   ╶───────────────────┤   └───┤
│ 30        │ 29  2a    │                           │       │
│   ┼   ┼   └───╴   ╶───┤   ╷   ╷   ╷   ╶───┐   ╶───┤   ╷   │
│ 2f  2e  2d  2c  2b    │   │   │   │       │       │   │   │
│   ┼   ┌───────╴   ╶───┼───┘   ├───┘   ╶───┴───┐   │   │   │
│       │               │       │               │   │   │   │
└───────┴───────────────┴───────┴───────────────┴───┴───┴───┘

]]></output>
              </test-case>
              <test-case id="1-1137" name="IsFillComplete_Full" fullname="PlayersWorlds.Maps.Maze.MazeGeneratorTest.IsFillComplete_Full" methodname="IsFillComplete_Full" classname="PlayersWorlds.Maps.Maze.MazeGeneratorTest" runstate="Runnable" seed="743960673" result="Passed" start-time="2024-02-01T05:18:45.5672980Z" end-time="2024-02-01T05:18:45.5693860Z" duration="0.002089" asserts="1">
                <output><![CDATA[AldousBroderMazeGenerator: Generating maze 10x10 with PlayersWorlds.Maps.Maze.GeneratorOptions(Full, None, <null>, PlayersWorlds.Maps.Areas.RandomAreaGenerator, PlayersWorlds.Maps.Maze.AldousBroderMazeGenerator)
┌───────────────────────┬───────────┬───┐
│             b   a   9 │           │   │
│   ╶───┐   ╷   ╷   ╷   ╵   ╶───────┘   │
│       │   │ c │   │ 8   7             │
│   ┌───┴───┤   └───┴───┐   ╶───────┬───┤
│   │       │ d   e     │ 6         │   │
├───┤   ┌───┴───┐   ╶───┤   ╶───────┘   │
│   │   │       │ f     │ 5   4   3     │
│   ╵   └───┐   ╵   ┌───┘   ╷   ╷   ╶───┤
│ 18  17  16│     10│       │   │ 2   1 │
│   ╶───┐   ├───┐   └───┬───┴───┼───┐   │
│ 19  1a│ 15│   │ 11    │       │   │ 0 │
│   ╷   │   ╵   ╵   ╷   ╵   ╶───┘   └───┤
│   │ 1b│ 14  13  12│                   │
│   │   │   ╷   ┌───┼───┐   ╷   ┌───╴   │
│   │ 1c│   │   │   │   │   │   │       │
├───┼───┴───┘   │   ╵   ╵   │   │   ╶───┤
│   │           │           │   │       │
│   ╵   ╷   ┌───┴───╴   ┌───┘   │   ╷   │
│       │   │           │       │   │   │
└───────┴───┴───────────┴───────┴───┴───┘

]]></output>
              </test-case>
              <test-case id="1-1142" name="IsFillComplete_FullHeight" fullname="PlayersWorlds.Maps.Maze.MazeGeneratorTest.IsFillComplete_FullHeight" methodname="IsFillComplete_FullHeight" classname="PlayersWorlds.Maps.Maze.MazeGeneratorTest" runstate="Runnable" seed="138305461" result="Passed" start-time="2024-02-01T05:18:45.5693980Z" end-time="2024-02-01T05:18:45.5717460Z" duration="0.002348" asserts="1">
[...]
            <test-case id="1-1049" name="Optional_GetHashCode" fullname="PlayersWorlds.Maps.OptionalTest.Optional_GetHashCode" methodname="Optional_GetHashCode" classname="PlayersWorlds.Maps.OptionalTest" runstate="Runnable" seed="1512325664" result="Passed" start-time="2024-02-01T05:18:45.6193550Z" end-time="2024-02-01T05:18:45.6196090Z" duration="0.000255" asserts="3" />
            <test-case id="1-1048" name="Optional_Null" fullname="PlayersWorlds.Maps.OptionalTest.Optional_Null" methodname="Optional_Null" classname="PlayersWorlds.Maps.OptionalTest" runstate="Runnable" seed="585527420" result="Passed" start-time="2024-02-01T05:18:45.6196170Z" end-time="2024-02-01T05:18:45.6200050Z" duration="0.000387" asserts="9" />
            <test-case id="1-1046" name="Optional_ThrowsIfNoValue" fullname="PlayersWorlds.Maps.OptionalTest.Optional_ThrowsIfNoValue" methodname="Optional_ThrowsIfNoValue" classname="PlayersWorlds.Maps.OptionalTest" runstate="Runnable" seed="1796590641" result="Passed" start-time="2024-02-01T05:18:45.6200120Z" end-time="2024-02-01T05:18:45.6201510Z" duration="0.000139" asserts="2" />
            <test-case id="1-1051" name="Optional_ToStringShowsValue" fullname="PlayersWorlds.Maps.OptionalTest.Optional_ToStringShowsValue" methodname="Optional_ToStringShowsValue" classname="PlayersWorlds.Maps.OptionalTest" runstate="Runnable" seed="1967158735" result="Passed" start-time="2024-02-01T05:18:45.6201580Z" end-time="2024-02-01T05:18:45.6203060Z" duration="0.000148" asserts="2" />
          </test-suite>
          <test-suite type="TestSuite" id="1-1804" name="Renderers" fullname="PlayersWorlds.Maps.Renderers" runstate="Runnable" testcasecount="1" result="Passed" start-time="2024-02-01T05:18:45.1820150Z" end-time="2024-02-01T05:18:45.6210950Z" duration="0.439080" total="1" passed="1" failed="0" warnings="0" inconclusive="0" skipped="0" asserts="1">
            <test-suite type="TestFixture" id="1-1101" name="Map2DStringRendererTest" fullname="PlayersWorlds.Maps.Renderers.Map2DStringRendererTest" classname="PlayersWorlds.Maps.Renderers.Map2DStringRendererTest" runstate="Runnable" testcasecount="1" result="Passed" start-time="2024-02-01T05:18:45.6203280Z" end-time="2024-02-01T05:18:45.6210890Z" duration="0.000761" total="1" passed="1" failed="0" warnings="0" inconclusive="0" skipped="0" asserts="1">
              <test-case id="1-1102" name="TestRender" fullname="PlayersWorlds.Maps.Renderers.Map2DStringRendererTest.TestRender" methodname="TestRender" classname="PlayersWorlds.Maps.Renderers.Map2DStringRendererTest" runstate="Runnable" seed="955288417" result="Passed" start-time="2024-02-01T05:18:45.6203700Z" end-time="2024-02-01T05:18:45.6210780Z" duration="0.000709" asserts="1">
                <output><![CDATA[▓▓▓▓▓
▓░░░▓
▓░▒░▓
▓░░░▓
▓▓▓▓▓

]]></output>
              </test-case>
            </test-suite>
          </test-suite>
          <test-suite type="TestFixture" id="1-1061" name="VectorDTest" fullname="PlayersWorlds.Maps.VectorDTest" classname="PlayersWorlds.Maps.VectorDTest" runstate="Runnable" testcasecount="11" result="Passed" start-time="2024-02-01T05:18:45.6211050Z" end-time="2024-02-01T05:18:45.6257520Z" duration="0.004647" total="11" passed="11" failed="0" warnings="0" inconclusive="0" skipped="0" asserts="33">
            <test-case id="1-1069" name="CanAddAndSubtract" fullname="PlayersWorlds.Maps.VectorDTest.CanAddAndSubtract" methodname="CanAddAndSubtract" classname="PlayersWorlds.Maps.VectorDTest" runstate="Runnable" seed="676967322" result="Passed" start-time="2024-02-01T05:18:45.6211470Z" end-time="2024-02-01T05:18:45.6216410Z" duration="0.000495" asserts="5" />
            <test-case id="1-1070" name="ConstructorChecksArguments" fullname="PlayersWorlds.Maps.VectorDTest.ConstructorChecksArguments" methodname="ConstructorChecksArguments" classname="PlayersWorlds.Maps.VectorDTest" runstate="Runnable" seed="1975618058" result="Passed" start-time="2024-02-01T05:18:45.6216510Z" end-time="2024-02-01T05:18:45.6217860Z" duration="0.000135" asserts="1" />
            <test-case id="1-1063" name="EqualityIsCheckedByValue" fullname="PlayersWorlds.Maps.VectorDTest.EqualityIsCheckedByValue" methodname="EqualityIsCheckedByValue" classname="PlayersWorlds.Maps.VectorDTest" runstate="Runnable" seed="714603727" result="Passed" start-time="2024-02-01T05:18:45.6217970Z" end-time="2024-02-01T05:18:45.6220830Z" duration="0.000287" asserts="4" />
            <test-case id="1-1064" name="GetHashCodeIsDerivedFromValue" fullname="PlayersWorlds.Maps.VectorDTest.GetHashCodeIsDerivedFromValue" methodname="GetHashCodeIsDerivedFromValue" classname="PlayersWorlds.Maps.VectorDTest" runstate="Runnable" seed="664282793" result="Passed" start-time="2024-02-01T05:18:45.6220920Z" end-time="2024-02-01T05:18:45.6224130Z" duration="0.000321" asserts="1" />
            <test-case id="1-1067" name="InitializedAsNull" fullname="PlayersWorlds.Maps.VectorDTest.InitializedAsNull" methodname="InitializedAsNull" classname="PlayersWorlds.Maps.VectorDTest" runstate="Runnable" seed="229210396" result="Passed" start-time="2024-02-01T05:18:45.6224230Z" end-time="2024-02-01T05:18:45.6225480Z" duration="0.000126" asserts="1" />
            <test-case id="1-1066" name="InitializedEmpty" fullname="PlayersWorlds.Maps.VectorDTest.InitializedEmpty" methodname="InitializedEmpty" classname="PlayersWorlds.Maps.VectorDTest" runstate="Runnable" seed="666605009" result="Passed" start-time="2024-02-01T05:18:45.6225560Z" end-time="2024-02-01T05:18:45.6229090Z" duration="0.000353" asserts="4" />
            <test-case id="1-1062" name="IsInitialized" fullname="PlayersWorlds.Maps.VectorDTest.IsInitialized" methodname="IsInitialized" classname="PlayersWorlds.Maps.VectorDTest" runstate="Runnable" seed="972392986" result="Passed" start-time="2024-02-01T05:18:45.6229180Z" end-time="2024-02-01T05:18:45.6231200Z" duration="0.000202" asserts="2" />
            <test-case id="1-1068" name="IsZero" fullname="PlayersWorlds.Maps.VectorDTest.IsZero" methodname="IsZero" classname="PlayersWorlds.Maps.VectorDTest" runstate="Runnable" seed="1600027991" result="Passed" start-time="2024-02-01T05:18:45.6231290Z" end-time="2024-02-01T05:18:45.6234770Z" duration="0.000348" asserts="3" />
            <test-case id="1-1071" name="SnappedForce" fullname="PlayersWorlds.Maps.VectorDTest.SnappedForce" methodname="SnappedForce" classname="PlayersWorlds.Maps.VectorDTest" runstate="Runnable" seed="174559840" result="Passed" start-time="2024-02-01T05:18:45.6234870Z" end-time="2024-02-01T05:18:45.6241920Z" duration="0.000705" asserts="9" />
            <test-case id="1-1065" name="ToStringFormat" fullname="PlayersWorlds.Maps.VectorDTest.ToStringFormat" methodname="ToStringFormat" classname="PlayersWorlds.Maps.VectorDTest" runstate="Runnable" seed="64986822" result="Passed" start-time="2024-02-01T05:18:45.6242000Z" end-time="2024-02-01T05:18:45.6253330Z" duration="0.001133" asserts="1" />
            <test-case id="1-1072" name="VectorD_Parse" fullname="PlayersWorlds.Maps.VectorDTest.VectorD_Parse" methodname="VectorD_Parse" classname="PlayersWorlds.Maps.VectorDTest" runstate="Runnable" seed="136869460" result="Passed" start-time="2024-02-01T05:18:45.6253410Z" end-time="2024-02-01T05:18:45.6257400Z" duration="0.000399" asserts="2" />
          </test-suite>
          <test-suite type="TestFixture" id="1-1073" name="VectorTest" fullname="PlayersWorlds.Maps.VectorTest" classname="PlayersWorlds.Maps.VectorTest" runstate="Runnable" testcasecount="27" result="Passed" start-time="2024-02-01T05:18:45.6257640Z" end-time="2024-02-01T05:18:45.6320810Z" duration="0.006316" total="27" passed="27" failed="0" warnings="0" inconclusive="0" skipped="0" asserts="221">
            <test-case id="1-1090" name="FitsInto" fullname="PlayersWorlds.Maps.VectorTest.FitsInto" methodname="FitsInto" classname="PlayersWorlds.Maps.VectorTest" runstate="Runnable" seed="539378529" result="Passed" start-time="2024-02-01T05:18:45.6258060Z" end-time="2024-02-01T05:18:45.6259350Z" duration="0.000130" asserts="3" />
            <test-case id="1-1092" name="FromIndex_Matches_FromIndex" fullname="PlayersWorlds.Maps.VectorTest.FromIndex_Matches_FromIndex" methodname="FromIndex_Matches_FromIndex" classname="PlayersWorlds.Maps.VectorTest" runstate="Runnable" seed="995094092" result="Passed" start-time="2024-02-01T05:18:45.6259420Z" end-time="2024-02-01T05:18:45.6260340Z" duration="0.000093" asserts="1" />
            <test-case id="1-1100" name="FromIndex_ShouldThrowException_DimensionMismatch" fullname="PlayersWorlds.Maps.VectorTest.FromIndex_ShouldThrowException_DimensionMismatch" methodname="FromIndex_ShouldThrowException_DimensionMismatch" classname="PlayersWorlds.Maps.VectorTest" runstate="Runnable" seed="119872051" result="Passed" start-time="2024-02-01T05:18:45.6260400Z" end-time="2024-02-01T05:18:45.6264150Z" duration="0.000375" asserts="1" />
            <test-case id="1-1075" name="Size_NotInitialized" fullname="PlayersWorlds.Maps.VectorTest.Size_NotInitialized" methodname="Size_NotInitialized" classname="PlayersWorlds.Maps.VectorTest" runstate="Runnable" seed="1228784247" result="Passed" start-time="2024-02-01T05:18:45.6264230Z" end-time="2024-02-01T05:18:45.6265980Z" duration="0.000175" asserts="2" />
            <test-case id="1-1096" name="ToIndex_FromIndex_RoundTripConversion" fullname="PlayersWorlds.Maps.VectorTest.ToIndex_FromIndex_RoundTripConversion" methodname="ToIndex_FromIndex_RoundTripConversion" classname="PlayersWorlds.Maps.VectorTest" runstate="Runnable" seed="265037672" result="Passed" start-time="2024-02-01T05:18:45.6266040Z" end-time="2024-02-01T05:18:45.6271230Z" duration="0.000519" asserts="150" />
            <test-case id="1-1097" name="ToIndex_FromIndex_Valid5D" fullname="PlayersWorlds.Maps.VectorTest.ToIndex_FromIndex_Valid5D" methodname="ToIndex_FromIndex_Valid5D" classname="PlayersWorlds.Maps.VectorTest" runstate="Runnable" seed="682913791" result="Passed" start-time="2024-02-01T05:18:45.6271300Z" end-time="2024-02-01T05:18:45.6283550Z" duration="0.001225" asserts="13" />
            <test-case id="1-1091" name="ToIndex_Matches_ToIndex" fullname="PlayersWorlds.Maps.VectorTest.ToIndex_Matches_ToIndex" methodname="ToIndex_Matches_ToIndex" classname="PlayersWorlds.Maps.VectorTest" runstate="Runnable" seed="974349471" result="Passed" start-time="2024-02-01T05:18:45.6283630Z" end-time="2024-02-01T05:18:45.6284510Z" duration="0.000088" asserts="1" />
            <test-case id="1-1093" name="ToIndex_ShouldCalculateCorrectIndex_1D" fullname="PlayersWorlds.Maps.VectorTest.ToIndex_ShouldCalculateCorrectIndex_1D" methodname="ToIndex_ShouldCalculateCorrectIndex_1D" classname="PlayersWorlds.Maps.VectorTest" runstate="Runnable" seed="1624678344" result="Passed" start-time="2024-02-01T05:18:45.6284580Z" end-time="2024-02-01T05:18:45.6285550Z" duration="0.000097" asserts="2" />
            <test-case id="1-1094" name="ToIndex_ShouldCalculateCorrectIndex_2D" fullname="PlayersWorlds.Maps.VectorTest.ToIndex_ShouldCalculateCorrectIndex_2D" methodname="ToIndex_ShouldCalculateCorrectIndex_2D" classname="PlayersWorlds.Maps.VectorTest" runstate="Runnable" seed="1116496012" result="Passed" start-time="2024-02-01T05:18:45.6285620Z" end-time="2024-02-01T05:18:45.6286450Z" duration="0.000084" asserts="2" />
            <test-case id="1-1095" name="ToIndex_ShouldCalculateCorrectIndex_3D" fullname="PlayersWorlds.Maps.VectorTest.ToIndex_ShouldCalculateCorrectIndex_3D" methodname="ToIndex_ShouldCalculateCorrectIndex_3D" classname="PlayersWorlds.Maps.VectorTest" runstate="Runnable" seed="66225630" result="Passed" start-time="2024-02-01T05:18:45.6286530Z" end-time="2024-02-01T05:18:45.6287360Z" duration="0.000084" asserts="2" />
            <test-case id="1-1099" name="ToIndex_ShouldThrowException_DimensionMismatch" fullname="PlayersWorlds.Maps.VectorTest.ToIndex_ShouldThrowException_DimensionMismatch" methodname="ToIndex_ShouldThrowException_DimensionMismatch" classname="PlayersWorlds.Maps.VectorTest" runstate="Runnable" seed="438501569" result="Passed" start-time="2024-02-01T05:18:45.6287420Z" end-time="2024-02-01T05:18:45.6289070Z" duration="0.000164" asserts="1" />
            <test-case id="1-1098" name="ToIndex_ShouldThrowException_DimensionOverflow" fullname="PlayersWorlds.Maps.VectorTest.ToIndex_ShouldThrowException_DimensionOverflow" methodname="ToIndex_ShouldThrowException_DimensionOverflow" classname="PlayersWorlds.Maps.VectorTest" runstate="Runnable" seed="1248725162" result="Passed" start-time="2024-02-01T05:18:45.6289140Z" end-time="2024-02-01T05:18:45.6290850Z" duration="0.000171" asserts="1" />
            <test-case id="1-1083" name="Vector_CanAddAndSubtract" fullname="PlayersWorlds.Maps.VectorTest.Vector_CanAddAndSubtract" methodname="Vector_CanAddAndSubtract" classname="PlayersWorlds.Maps.VectorTest" runstate="Runnable" seed="1576592955" result="Passed" start-time="2024-02-01T05:18:45.6290910Z" end-time="2024-02-01T05:18:45.6294520Z" duration="0.000361" asserts="6" />
            <test-case id="1-1084" name="Vector_ConstructorChecksArguments" fullname="PlayersWorlds.Maps.VectorTest.Vector_ConstructorChecksArguments" methodname="Vector_ConstructorChecksArguments" classname="PlayersWorlds.Maps.VectorTest" runstate="Runnable" seed="651496725" result="Passed" start-time="2024-02-01T05:18:45.6294590Z" end-time="2024-02-01T05:18:45.6295460Z" duration="0.000087" asserts="1" />
            <test-case id="1-1081" name="Vector_EmptyIsEmpty" fullname="PlayersWorlds.Maps.VectorTest.Vector_EmptyIsEmpty" methodname="Vector_EmptyIsEmpty" classname="PlayersWorlds.Maps.VectorTest" runstate="Runnable" seed="139004795" result="Passed" start-time="2024-02-01T05:18:45.6295530Z" end-time="2024-02-01T05:18:45.6296130Z" duration="0.000061" asserts="1" />
            <test-case id="1-1080" name="Vector_EmptyVectorIsEmpty" fullname="PlayersWorlds.Maps.VectorTest.Vector_EmptyVectorIsEmpty" methodname="Vector_EmptyVectorIsEmpty" classname="PlayersWorlds.Maps.VectorTest" runstate="Runnable" seed="1553649077" result="Passed" start-time="2024-02-01T05:18:45.6296200Z" end-time="2024-02-01T05:18:45.6296740Z" duration="0.000054" asserts="1" />
            <test-case id="1-1076" name="Vector_EqualityIsCheckedByValue" fullname="PlayersWorlds.Maps.VectorTest.Vector_EqualityIsCheckedByValue" methodname="Vector_EqualityIsCheckedByValue" classname="PlayersWorlds.Maps.VectorTest" runstate="Runnable" seed="2147387671" result="Passed" start-time="2024-02-01T05:18:45.6296800Z" end-time="2024-02-01T05:18:45.6299280Z" duration="0.000248" asserts="5" />
            <test-case id="1-1088" name="Vector_FromIndex" fullname="PlayersWorlds.Maps.VectorTest.Vector_FromIndex" methodname="Vector_FromIndex" classname="PlayersWorlds.Maps.VectorTest" runstate="Runnable" seed="1948025712" result="Passed" start-time="2024-02-01T05:18:45.6299350Z" end-time="2024-02-01T05:18:45.6300360Z" duration="0.000101" asserts="2" />
            <test-case id="1-1077" name="Vector_GetHashCodeIsDerivedFromValue" fullname="PlayersWorlds.Maps.VectorTest.Vector_GetHashCodeIsDerivedFromValue" methodname="Vector_GetHashCodeIsDerivedFromValue" classname="PlayersWorlds.Maps.VectorTest" runstate="Runnable" seed="1109704543" result="Passed" start-time="2024-02-01T05:18:45.6300420Z" end-time="2024-02-01T05:18:45.6302670Z" duration="0.000225" asserts="2" />
            <test-case id="1-1074" name="Vector_IsInitialized" fullname="PlayersWorlds.Maps.VectorTest.Vector_IsInitialized" methodname="Vector_IsInitialized" classname="PlayersWorlds.Maps.VectorTest" runstate="Runnable" seed="1299849802" result="Passed" start-time="2024-02-01T05:18:45.6302740Z" end-time="2024-02-01T05:18:45.6303450Z" duration="0.000071" asserts="2" />
            <test-case id="1-1082" name="Vector_NotEqualToNull" fullname="PlayersWorlds.Maps.VectorTest.Vector_NotEqualToNull" methodname="Vector_NotEqualToNull" classname="PlayersWorlds.Maps.VectorTest" runstate="Runnable" seed="1295653817" result="Passed" start-time="2024-02-01T05:18:45.6303510Z" end-time="2024-02-01T05:18:45.6310030Z" duration="0.000652" asserts="3" />
            <test-case id="1-1086" name="Vector_SnappedForce" fullname="PlayersWorlds.Maps.VectorTest.Vector_SnappedForce" methodname="Vector_SnappedForce" classname="PlayersWorlds.Maps.VectorTest" runstate="Runnable" seed="1110044490" result="Passed" start-time="2024-02-01T05:18:45.6310110Z" end-time="2024-02-01T05:18:45.6313920Z" duration="0.000381" asserts="9" />
            <test-case id="1-1085" name="Vector_ThrowsIfNotAValidSize" fullname="PlayersWorlds.Maps.VectorTest.Vector_ThrowsIfNotAValidSize" methodname="Vector_ThrowsIfNotAValidSize" classname="PlayersWorlds.Maps.VectorTest" runstate="Runnable" seed="1858631513" result="Passed" start-time="2024-02-01T05:18:45.6313990Z" end-time="2024-02-01T05:18:45.6316420Z" duration="0.000243" asserts="3" />
            <test-case id="1-1087" name="Vector_ToIndex" fullname="PlayersWorlds.Maps.VectorTest.Vector_ToIndex" methodname="Vector_ToIndex" classname="PlayersWorlds.Maps.VectorTest" runstate="Runnable" seed="987972804" result="Passed" start-time="2024-02-01T05:18:45.6316510Z" end-time="2024-02-01T05:18:45.6318200Z" duration="0.000170" asserts="3" />
            <test-case id="1-1078" name="Vector_ToStringFormat" fullname="PlayersWorlds.Maps.VectorTest.Vector_ToStringFormat" methodname="Vector_ToStringFormat" classname="PlayersWorlds.Maps.VectorTest" runstate="Runnable" seed="1722580312" result="Passed" start-time="2024-02-01T05:18:45.6318270Z" end-time="2024-02-01T05:18:45.6319040Z" duration="0.000077" asserts="2" />
            <test-case id="1-1079" name="Vector_ZeroVectorIsNotEmpty" fullname="PlayersWorlds.Maps.VectorTest.Vector_ZeroVectorIsNotEmpty" methodname="Vector_ZeroVectorIsNotEmpty" classname="PlayersWorlds.Maps.VectorTest" runstate="Runnable" seed="747102218" result="Passed" start-time="2024-02-01T05:18:45.6319100Z" end-time="2024-02-01T05:18:45.6319890Z" duration="0.000080" asserts="1" />
            <test-case id="1-1089" name="VectorD_Parse" fullname="PlayersWorlds.Maps.VectorTest.VectorD_Parse" methodname="VectorD_Parse" classname="PlayersWorlds.Maps.VectorTest" runstate="Runnable" seed="1942719617" result="Passed" start-time="2024-02-01T05:18:45.6319950Z" end-time="2024-02-01T05:18:45.6320700Z" duration="0.000075" asserts="1" />
          </test-suite>
        </test-suite>
      </test-suite>
      <test-suite type="TestFixture" id="1-1000" name="RandomAreaGeneratorTest" fullname="RandomAreaGeneratorTest" classname="RandomAreaGeneratorTest" runstate="Runnable" testcasecount="2" result="Passed" start-time="2024-02-01T05:18:45.6321050Z" end-time="2024-02-01T05:18:45.6416460Z" duration="0.009541" total="2" passed="2" failed="0" warnings="0" inconclusive="0" skipped="0" asserts="3042">
        <test-case id="1-1001" name="ZoneGenerator_CanGenerateZones" fullname="RandomAreaGeneratorTest.ZoneGenerator_CanGenerateZones" methodname="ZoneGenerator_CanGenerateZones" classname="RandomAreaGeneratorTest" runstate="Runnable" seed="854457867" result="Passed" start-time="2024-02-01T05:18:45.6321460Z" end-time="2024-02-01T05:18:45.6409740Z" duration="0.008828" asserts="3006" />
        <test-case id="1-1002" name="ZoneGenerator_CustomSettings" fullname="RandomAreaGeneratorTest.ZoneGenerator_CustomSettings" methodname="ZoneGenerator_CustomSettings" classname="RandomAreaGeneratorTest" runstate="Runnable" seed="212732076" result="Passed" start-time="2024-02-01T05:18:45.6409860Z" end-time="2024-02-01T05:18:45.6416340Z" duration="0.000648" asserts="36" />
      </test-suite>
    </test-suite>
  </test-suite>
</test-run>