<?xml version="1.0" encoding="utf-8" standalone="no"?>
<test-run id="0" runstate="Runnable" testcasecount="1050" result="Skipped" label="Ignored" total="242" passed="240" failed="0" warnings="0" inconclusive="0" skipped="2" asserts="9152" engine-version="3.17.0.0" clr-version="4.0.30319.42000" start-time="2024-06-05 12:23:33Z" end-time="2024-06-05 12:23:35Z" duration="2.252205">
  <command-line><![CDATA[/home/data/repos/github.com/aynurin/maze-gen/packages/NUnit.ConsoleRunner.3.17.0/tools/nunit3-console.exe build/Debug/tests/PlayersWorlds.Maps.Tests.dll --framework=mono-4.0 "--where=Category!=Load AND Category!=Integration"]]></command-line>
  <filter>
    <and>
      <not>
        <prop name="Category">Load</prop>
      </not>
      <not>
        <prop name="Category">Integration</prop>
      </not>
    </and>
  </filter>
  <test-suite type="Assembly" id="1-2101" name="PlayersWorlds.Maps.Tests.dll" fullname="/home/data/repos/github.com/aynurin/maze-gen/build/Debug/tests/PlayersWorlds.Maps.Tests.dll" runstate="Runnable" testcasecount="1050" result="Skipped" label="Ignored" site="Child" start-time="2024-06-05T12:23:33.6720460Z" end-time="2024-06-05T12:23:35.4589860Z" duration="1.786854" total="242" passed="240" failed="0" warnings="0" inconclusive="0" skipped="2" asserts="9152">
    <environment framework-version="4.0.1.0" clr-version="4.0.30319.42000" os-version="Unix 6.1.84.1" platform="Unix" cwd="/home/data/repos/github.com/aynurin/maze-gen" machine-name="lightview" user="shav" user-domain="lightview" culture="en-US" uiculture="en-US" os-architecture="x64" />
    <settings>
      <setting name="RequestedRuntimeFramework" value="mono-4.0" />
      <setting name="DisposeRunners" value="True" />
      <setting name="WorkDirectory" value="/home/data/repos/github.com/aynurin/maze-gen" />
      <setting name="ImageRuntimeVersion" value="4.0.30319" />
      <setting name="ImageTargetFrameworkName" value=".NETFramework,Version=v4.7" />
      <setting name="ImageRequiresX86" value="False" />
      <setting name="ImageRequiresDefaultAppDomainAssemblyResolver" value="False" />
      <setting name="TargetRuntimeFramework" value="mono-4.0" />
      <setting name="NumberOfTestWorkers" value="24" />
    </settings>
    <properties>
      <property name="_PID" value="491432" />
      <property name="_APPDOMAIN" value="domain-" />
    </properties>
    <reason>
      <message><![CDATA[One or more child tests were ignored]]></message>
    </reason>
    <test-suite type="SetUpFixture" id="1-1003" name="[default namespace]" fullname="TestsSetup" classname="TestsSetup" runstate="Runnable" testcasecount="1050" result="Skipped" label="Ignored" site="Child" start-time="2024-06-05T12:23:33.6769820Z" end-time="2024-06-05T12:23:35.4589750Z" duration="1.781993" total="242" passed="240" failed="0" warnings="0" inconclusive="0" skipped="2" asserts="9152">
      <reason>
        <message><![CDATA[One or more child tests were ignored]]></message>
      </reason>
      <test-suite type="TestSuite" id="1-2102" name="PlayersWorlds" fullname="PlayersWorlds" runstate="Runnable" testcasecount="1048" result="Skipped" label="Ignored" site="Child" start-time="2024-06-05T12:23:33.6796860Z" end-time="2024-06-05T12:23:35.4588130Z" duration="1.779127" total="242" passed="240" failed="0" warnings="0" inconclusive="0" skipped="2" asserts="9152">
        <reason>
          <message><![CDATA[One or more child tests were ignored]]></message>
        </reason>
        <test-suite type="TestSuite" id="1-2103" name="Maps" fullname="PlayersWorlds.Maps" runstate="Runnable" testcasecount="1048" result="Skipped" label="Ignored" site="Child" start-time="2024-06-05T12:23:33.6797690Z" end-time="2024-06-05T12:23:35.4588080Z" duration="1.779039" total="242" passed="240" failed="0" warnings="0" inconclusive="0" skipped="2" asserts="9152">
          <reason>
            <message><![CDATA[One or more child tests were ignored]]></message>
          </reason>
          <test-suite type="TestSuite" id="1-2109" name="Areas" fullname="PlayersWorlds.Maps.Areas" runstate="Runnable" testcasecount="140" result="Skipped" label="Ignored" site="Child" start-time="2024-06-05T12:23:33.6797790Z" end-time="2024-06-05T12:23:33.8202770Z" duration="0.140498" total="45" passed="44" failed="0" warnings="0" inconclusive="0" skipped="1" asserts="163">
            <reason>
              <message><![CDATA[One or more child tests were ignored]]></message>
            </reason>
            <test-suite type="TestSuite" id="1-2110" name="Evolving" fullname="PlayersWorlds.Maps.Areas.Evolving" runstate="Runnable" testcasecount="134" result="Skipped" label="Ignored" site="Child" start-time="2024-06-05T12:23:33.6797840Z" end-time="2024-06-05T12:23:33.8150440Z" duration="0.135260" total="39" passed="38" failed="0" warnings="0" inconclusive="0" skipped="1" asserts="136">
              <reason>
                <message><![CDATA[One or more child tests were ignored]]></message>
              </reason>
              <test-suite type="TestFixture" id="1-1957" name="AreaDistributorTest" fullname="PlayersWorlds.Maps.Areas.Evolving.AreaDistributorTest" classname="PlayersWorlds.Maps.Areas.Evolving.AreaDistributorTest" runstate="Runnable" testcasecount="79" result="Skipped" label="Ignored" site="Child" start-time="2024-06-05T12:23:33.6798340Z" end-time="2024-06-05T12:23:33.6832950Z" duration="0.003461" total="1" passed="0" failed="0" warnings="0" inconclusive="0" skipped="1" asserts="0">
                <reason>
                  <message><![CDATA[One or more child tests were ignored]]></message>
                </reason>
                <test-case id="1-2040" name="AreaDistributorTest_CanLayout_Debug" fullname="PlayersWorlds.Maps.Areas.Evolving.AreaDistributorTest.AreaDistributorTest_CanLayout_Debug" methodname="AreaDistributorTest_CanLayout_Debug" classname="PlayersWorlds.Maps.Areas.Evolving.AreaDistributorTest" runstate="Ignored" seed="736574994" result="Skipped" label="Ignored" start-time="2024-06-05T12:23:33.6799610Z" end-time="2024-06-05T12:23:33.6811170Z" duration="0.001224" asserts="0">
                  <properties>
                    <property name="_SKIPREASON" value="Debugging only" />
                  </properties>
                  <reason>
                    <message><![CDATA[Debugging only]]></message>
                  </reason>
                </test-case>
              </test-suite>
              <test-suite type="TestFixture" id="1-2042" name="EvolvingSimulatorTest" fullname="PlayersWorlds.Maps.Areas.Evolving.EvolvingSimulatorTest" classname="PlayersWorlds.Maps.Areas.Evolving.EvolvingSimulatorTest" runstate="Runnable" testcasecount="2" result="Passed" start-time="2024-06-05T12:23:33.6845330Z" end-time="2024-06-05T12:23:33.8000560Z" duration="0.115523" total="2" passed="2" failed="0" warnings="0" inconclusive="0" skipped="0" asserts="2">
                <test-case id="1-2044" name="EvolvingSimulator_ReturnsEpochsIfEvolitionIsNotComplete" fullname="PlayersWorlds.Maps.Areas.Evolving.EvolvingSimulatorTest.EvolvingSimulator_ReturnsEpochsIfEvolitionIsNotComplete" methodname="EvolvingSimulator_ReturnsEpochsIfEvolitionIsNotComplete" classname="PlayersWorlds.Maps.Areas.Evolving.EvolvingSimulatorTest" runstate="Runnable" seed="401880490" result="Passed" start-time="2024-06-05T12:23:33.6846230Z" end-time="2024-06-05T12:23:33.7977000Z" duration="0.113077" asserts="1" />
                <test-case id="1-2043" name="EvolvingSimulator_ThrowsIfMaxEpochsIsZero" fullname="PlayersWorlds.Maps.Areas.Evolving.EvolvingSimulatorTest.EvolvingSimulator_ThrowsIfMaxEpochsIsZero" methodname="EvolvingSimulator_ThrowsIfMaxEpochsIsZero" classname="PlayersWorlds.Maps.Areas.Evolving.EvolvingSimulatorTest" runstate="Runnable" seed="1536326385" result="Passed" start-time="2024-06-05T12:23:33.7977150Z" end-time="2024-06-05T12:23:33.8000400Z" duration="0.002325" asserts="1" />
              </test-suite>
              <test-suite type="TestFixture" id="1-2045" name="FloatingAreaTest" fullname="PlayersWorlds.Maps.Areas.Evolving.FloatingAreaTest" classname="PlayersWorlds.Maps.Areas.Evolving.FloatingAreaTest" runstate="Runnable" testcasecount="22" result="Passed" start-time="2024-06-05T12:23:33.8000700Z" end-time="2024-06-05T12:23:33.8074690Z" duration="0.007399" total="6" passed="6" failed="0" warnings="0" inconclusive="0" skipped="0" asserts="13">
                <test-case id="1-2050" name="CenterIsValid" fullname="PlayersWorlds.Maps.Areas.Evolving.FloatingAreaTest.CenterIsValid" methodname="CenterIsValid" classname="PlayersWorlds.Maps.Areas.Evolving.FloatingAreaTest" runstate="Runnable" seed="1963440829" result="Passed" start-time="2024-06-05T12:23:33.8001320Z" end-time="2024-06-05T12:23:33.8040610Z" duration="0.003928" asserts="4" />
                <test-case id="1-2049" name="Contains" fullname="PlayersWorlds.Maps.Areas.Evolving.FloatingAreaTest.Contains" methodname="Contains" classname="PlayersWorlds.Maps.Areas.Evolving.FloatingAreaTest" runstate="Runnable" seed="353580708" result="Passed" start-time="2024-06-05T12:23:33.8040720Z" end-time="2024-06-05T12:23:33.8053280Z" duration="0.001256" asserts="2" />
                <test-case id="1-2068" name="DistanceToDebug" fullname="PlayersWorlds.Maps.Areas.Evolving.FloatingAreaTest.DistanceToDebug" methodname="DistanceToDebug" classname="PlayersWorlds.Maps.Areas.Evolving.FloatingAreaTest" runstate="Runnable" seed="1823363189" result="Passed" start-time="2024-06-05T12:23:33.8053400Z" end-time="2024-06-05T12:23:33.8062520Z" duration="0.000912" asserts="2" />
                <test-case id="1-2048" name="Overlaps" fullname="PlayersWorlds.Maps.Areas.Evolving.FloatingAreaTest.Overlaps" methodname="Overlaps" classname="PlayersWorlds.Maps.Areas.Evolving.FloatingAreaTest" runstate="Runnable" seed="470305395" result="Passed" start-time="2024-06-05T12:23:33.8062600Z" end-time="2024-06-05T12:23:33.8069640Z" duration="0.000704" asserts="2" />
                <test-case id="1-2046" name="Parse" fullname="PlayersWorlds.Maps.Areas.Evolving.FloatingAreaTest.Parse" methodname="Parse" classname="PlayersWorlds.Maps.Areas.Evolving.FloatingAreaTest" runstate="Runnable" seed="2115640111" result="Passed" start-time="2024-06-05T12:23:33.8069730Z" end-time="2024-06-05T12:23:33.8071400Z" duration="0.000167" asserts="2" />
                <test-case id="1-2047" name="ToStringIsValid" fullname="PlayersWorlds.Maps.Areas.Evolving.FloatingAreaTest.ToStringIsValid" methodname="ToStringIsValid" classname="PlayersWorlds.Maps.Areas.Evolving.FloatingAreaTest" runstate="Runnable" seed="747399237" result="Passed" start-time="2024-06-05T12:23:33.8071470Z" end-time="2024-06-05T12:23:33.8074570Z" duration="0.000310" asserts="1" />
              </test-suite>
              <test-suite type="TestFixture" id="1-2069" name="ForceFormulaTestTest" fullname="PlayersWorlds.Maps.Areas.Evolving.ForceFormulaTestTest" classname="PlayersWorlds.Maps.Areas.Evolving.ForceFormulaTestTest" runstate="Runnable" testcasecount="8" result="Passed" start-time="2024-06-05T12:23:33.8074810Z" end-time="2024-06-05T12:23:33.8102770Z" duration="0.002797" total="8" passed="8" failed="0" warnings="0" inconclusive="0" skipped="0" asserts="42">
                <test-case id="1-2075" name="CollideForce_Negative" fullname="PlayersWorlds.Maps.Areas.Evolving.ForceFormulaTestTest.CollideForce_Negative" methodname="CollideForce_Negative" classname="PlayersWorlds.Maps.Areas.Evolving.ForceFormulaTestTest" runstate="Runnable" seed="355637443" result="Passed" start-time="2024-06-05T12:23:33.8075450Z" end-time="2024-06-05T12:23:33.8085600Z" duration="0.001015" asserts="9" />
                <test-case id="1-2074" name="CollideForce_Positive" fullname="PlayersWorlds.Maps.Areas.Evolving.ForceFormulaTestTest.CollideForce_Positive" methodname="CollideForce_Positive" classname="PlayersWorlds.Maps.Areas.Evolving.ForceFormulaTestTest" runstate="Runnable" seed="1992537456" result="Passed" start-time="2024-06-05T12:23:33.8085680Z" end-time="2024-06-05T12:23:33.8088760Z" duration="0.000308" asserts="9" />
                <test-case id="1-2071" name="NormalForce_Negative" fullname="PlayersWorlds.Maps.Areas.Evolving.ForceFormulaTestTest.NormalForce_Negative" methodname="NormalForce_Negative" classname="PlayersWorlds.Maps.Areas.Evolving.ForceFormulaTestTest" runstate="Runnable" seed="771878110" result="Passed" start-time="2024-06-05T12:23:33.8088830Z" end-time="2024-06-05T12:23:33.8092950Z" duration="0.000412" asserts="3" />
                <test-case id="1-2073" name="NormalForce_NegativeCapped" fullname="PlayersWorlds.Maps.Areas.Evolving.ForceFormulaTestTest.NormalForce_NegativeCapped" methodname="NormalForce_NegativeCapped" classname="PlayersWorlds.Maps.Areas.Evolving.ForceFormulaTestTest" runstate="Runnable" seed="1612873914" result="Passed" start-time="2024-06-05T12:23:33.8093020Z" end-time="2024-06-05T12:23:33.8094660Z" duration="0.000164" asserts="5" />
                <test-case id="1-2070" name="NormalForce_Positive" fullname="PlayersWorlds.Maps.Areas.Evolving.ForceFormulaTestTest.NormalForce_Positive" methodname="NormalForce_Positive" classname="PlayersWorlds.Maps.Areas.Evolving.ForceFormulaTestTest" runstate="Runnable" seed="878010844" result="Passed" start-time="2024-06-05T12:23:33.8094730Z" end-time="2024-06-05T12:23:33.8095880Z" duration="0.000115" asserts="3" />
                <test-case id="1-2072" name="NormalForce_PositiveCapped" fullname="PlayersWorlds.Maps.Areas.Evolving.ForceFormulaTestTest.NormalForce_PositiveCapped" methodname="NormalForce_PositiveCapped" classname="PlayersWorlds.Maps.Areas.Evolving.ForceFormulaTestTest" runstate="Runnable" seed="1379431181" result="Passed" start-time="2024-06-05T12:23:33.8095940Z" end-time="2024-06-05T12:23:33.8097360Z" duration="0.000141" asserts="5" />
                <test-case id="1-2077" name="OverlapForce_Negative" fullname="PlayersWorlds.Maps.Areas.Evolving.ForceFormulaTestTest.OverlapForce_Negative" methodname="OverlapForce_Negative" classname="PlayersWorlds.Maps.Areas.Evolving.ForceFormulaTestTest" runstate="Runnable" seed="2040506989" result="Passed" start-time="2024-06-05T12:23:33.8097420Z" end-time="2024-06-05T12:23:33.8100120Z" duration="0.000271" asserts="4" />
                <test-case id="1-2076" name="OverlapForce_Positive" fullname="PlayersWorlds.Maps.Areas.Evolving.ForceFormulaTestTest.OverlapForce_Positive" methodname="OverlapForce_Positive" classname="PlayersWorlds.Maps.Areas.Evolving.ForceFormulaTestTest" runstate="Runnable" seed="2039379499" result="Passed" start-time="2024-06-05T12:23:33.8100200Z" end-time="2024-06-05T12:23:33.8102670Z" duration="0.000247" asserts="4" />
              </test-suite>
              <test-suite type="TestFixture" id="1-2078" name="SideToSideForceProducerTest" fullname="PlayersWorlds.Maps.Areas.Evolving.SideToSideForceProducerTest" classname="PlayersWorlds.Maps.Areas.Evolving.SideToSideForceProducerTest" runstate="Runnable" testcasecount="22" result="Passed" start-time="2024-06-05T12:23:33.8102890Z" end-time="2024-06-05T12:23:33.8150370Z" duration="0.004748" total="22" passed="22" failed="0" warnings="0" inconclusive="0" skipped="0" asserts="79">
                <test-case id="1-2096" name="GetAxisDistance_Collide" fullname="PlayersWorlds.Maps.Areas.Evolving.SideToSideForceProducerTest.GetAxisDistance_Collide" methodname="GetAxisDistance_Collide" classname="PlayersWorlds.Maps.Areas.Evolving.SideToSideForceProducerTest" runstate="Runnable" seed="1188246508" result="Passed" start-time="2024-06-05T12:23:33.8103500Z" end-time="2024-06-05T12:23:33.8119430Z" duration="0.001593" asserts="6" />
                <test-case id="1-2099" name="GetAxisDistance_Contain1" fullname="PlayersWorlds.Maps.Areas.Evolving.SideToSideForceProducerTest.GetAxisDistance_Contain1" methodname="GetAxisDistance_Contain1" classname="PlayersWorlds.Maps.Areas.Evolving.SideToSideForceProducerTest" runstate="Runnable" seed="1772838806" result="Passed" start-time="2024-06-05T12:23:33.8119530Z" end-time="2024-06-05T12:23:33.8122000Z" duration="0.000247" asserts="6" />
                <test-case id="1-2100" name="GetAxisDistance_Contain2" fullname="PlayersWorlds.Maps.Areas.Evolving.SideToSideForceProducerTest.GetAxisDistance_Contain2" methodname="GetAxisDistance_Contain2" classname="PlayersWorlds.Maps.Areas.Evolving.SideToSideForceProducerTest" runstate="Runnable" seed="2645467" result="Passed" start-time="2024-06-05T12:23:33.8122070Z" end-time="2024-06-05T12:23:33.8124440Z" duration="0.000237" asserts="6" />
                <test-case id="1-2094" name="GetAxisDistance_Normal1" fullname="PlayersWorlds.Maps.Areas.Evolving.SideToSideForceProducerTest.GetAxisDistance_Normal1" methodname="GetAxisDistance_Normal1" classname="PlayersWorlds.Maps.Areas.Evolving.SideToSideForceProducerTest" runstate="Runnable" seed="992221045" result="Passed" start-time="2024-06-05T12:23:33.8124510Z" end-time="2024-06-05T12:23:33.8126750Z" duration="0.000224" asserts="6" />
                <test-case id="1-2095" name="GetAxisDistance_Normal2" fullname="PlayersWorlds.Maps.Areas.Evolving.SideToSideForceProducerTest.GetAxisDistance_Normal2" methodname="GetAxisDistance_Normal2" classname="PlayersWorlds.Maps.Areas.Evolving.SideToSideForceProducerTest" runstate="Runnable" seed="771050812" result="Passed" start-time="2024-06-05T12:23:33.8126820Z" end-time="2024-06-05T12:23:33.8129080Z" duration="0.000226" asserts="6" />
                <test-case id="1-2097" name="GetAxisDistance_Overlap1" fullname="PlayersWorlds.Maps.Areas.Evolving.SideToSideForceProducerTest.GetAxisDistance_Overlap1" methodname="GetAxisDistance_Overlap1" classname="PlayersWorlds.Maps.Areas.Evolving.SideToSideForceProducerTest" runstate="Runnable" seed="104369107" result="Passed" start-time="2024-06-05T12:23:33.8129150Z" end-time="2024-06-05T12:23:33.8131300Z" duration="0.000215" asserts="6" />
                <test-case id="1-2098" name="GetAxisDistance_Overlap2" fullname="PlayersWorlds.Maps.Areas.Evolving.SideToSideForceProducerTest.GetAxisDistance_Overlap2" methodname="GetAxisDistance_Overlap2" classname="PlayersWorlds.Maps.Areas.Evolving.SideToSideForceProducerTest" runstate="Runnable" seed="1993137725" result="Passed" start-time="2024-06-05T12:23:33.8131360Z" end-time="2024-06-05T12:23:33.8133530Z" duration="0.000216" asserts="6" />
                <test-case id="1-2088" name="GetOpposingForce_CentersInside_NoOpposingForce" fullname="PlayersWorlds.Maps.Areas.Evolving.SideToSideForceProducerTest.GetOpposingForce_CentersInside_NoOpposingForce" methodname="GetOpposingForce_CentersInside_NoOpposingForce" classname="PlayersWorlds.Maps.Areas.Evolving.SideToSideForceProducerTest" runstate="Runnable" seed="1560416986" result="Passed" start-time="2024-06-05T12:23:33.8133610Z" end-time="2024-06-05T12:23:33.8135510Z" duration="0.000190" asserts="2" />
                <test-case id="1-2089" name="GetOpposingForce_CentersInside_WithOpposingForce" fullname="PlayersWorlds.Maps.Areas.Evolving.SideToSideForceProducerTest.GetOpposingForce_CentersInside_WithOpposingForce" methodname="GetOpposingForce_CentersInside_WithOpposingForce" classname="PlayersWorlds.Maps.Areas.Evolving.SideToSideForceProducerTest" runstate="Runnable" seed="86666565" result="Passed" start-time="2024-06-05T12:23:33.8135580Z" end-time="2024-06-05T12:23:33.8136400Z" duration="0.000083" asserts="2" />
                <test-case id="1-2090" name="GetOpposingForce_CentersOutside_NoOpposingForce" fullname="PlayersWorlds.Maps.Areas.Evolving.SideToSideForceProducerTest.GetOpposingForce_CentersOutside_NoOpposingForce" methodname="GetOpposingForce_CentersOutside_NoOpposingForce" classname="PlayersWorlds.Maps.Areas.Evolving.SideToSideForceProducerTest" runstate="Runnable" seed="1042902304" result="Passed" start-time="2024-06-05T12:23:33.8136470Z" end-time="2024-06-05T12:23:33.8137220Z" duration="0.000075" asserts="2" />
                <test-case id="1-2091" name="GetOpposingForce_CentersOutside_WithOpposingForce" fullname="PlayersWorlds.Maps.Areas.Evolving.SideToSideForceProducerTest.GetOpposingForce_CentersOutside_WithOpposingForce" methodname="GetOpposingForce_CentersOutside_WithOpposingForce" classname="PlayersWorlds.Maps.Areas.Evolving.SideToSideForceProducerTest" runstate="Runnable" seed="226012134" result="Passed" start-time="2024-06-05T12:23:33.8137290Z" end-time="2024-06-05T12:23:33.8138060Z" duration="0.000077" asserts="2" />
                <test-case id="1-2092" name="GetOpposingForce_NoIntersection_NoOpposingForce" fullname="PlayersWorlds.Maps.Areas.Evolving.SideToSideForceProducerTest.GetOpposingForce_NoIntersection_NoOpposingForce" methodname="GetOpposingForce_NoIntersection_NoOpposingForce" classname="PlayersWorlds.Maps.Areas.Evolving.SideToSideForceProducerTest" runstate="Runnable" seed="1692273270" result="Passed" start-time="2024-06-05T12:23:33.8139220Z" end-time="2024-06-05T12:23:33.8140090Z" duration="0.000087" asserts="2" />
                <test-case id="1-2093" name="GetOpposingForce_NoIntersection_WithOpposingForce" fullname="PlayersWorlds.Maps.Areas.Evolving.SideToSideForceProducerTest.GetOpposingForce_NoIntersection_WithOpposingForce" methodname="GetOpposingForce_NoIntersection_WithOpposingForce" classname="PlayersWorlds.Maps.Areas.Evolving.SideToSideForceProducerTest" runstate="Runnable" seed="1656980536" result="Passed" start-time="2024-06-05T12:23:33.8140160Z" end-time="2024-06-05T12:23:33.8140910Z" duration="0.000076" asserts="2" />
                <test-case id="1-2086" name="GetOpposingForce_WhenCenterMatches_NoOpposingForce" fullname="PlayersWorlds.Maps.Areas.Evolving.SideToSideForceProducerTest.GetOpposingForce_WhenCenterMatches_NoOpposingForce" methodname="GetOpposingForce_WhenCenterMatches_NoOpposingForce" classname="PlayersWorlds.Maps.Areas.Evolving.SideToSideForceProducerTest" runstate="Runnable" seed="879348349" result="Passed" start-time="2024-06-05T12:23:33.8140970Z" end-time="2024-06-05T12:23:33.8141700Z" duration="0.000073" asserts="2" />
                <test-case id="1-2087" name="GetOpposingForce_WhenCenterMatches_WithOpposingForce" fullname="PlayersWorlds.Maps.Areas.Evolving.SideToSideForceProducerTest.GetOpposingForce_WhenCenterMatches_WithOpposingForce" methodname="GetOpposingForce_WhenCenterMatches_WithOpposingForce" classname="PlayersWorlds.Maps.Areas.Evolving.SideToSideForceProducerTest" runstate="Runnable" seed="772322554" result="Passed" start-time="2024-06-05T12:23:33.8141760Z" end-time="2024-06-05T12:23:33.8142520Z" duration="0.000076" asserts="2" />
                <test-case id="1-2082" name="MapAreaSystemTest_DistanceCentersMatch" fullname="PlayersWorlds.Maps.Areas.Evolving.SideToSideForceProducerTest.MapAreaSystemTest_DistanceCentersMatch" methodname="MapAreaSystemTest_DistanceCentersMatch" classname="PlayersWorlds.Maps.Areas.Evolving.SideToSideForceProducerTest" runstate="Runnable" seed="558634850" result="Passed" start-time="2024-06-05T12:23:33.8142570Z" end-time="2024-06-05T12:23:33.8143700Z" duration="0.000113" asserts="3" />
                <test-case id="1-2085" name="MapAreaSystemTest_DistanceNegativeCollide" fullname="PlayersWorlds.Maps.Areas.Evolving.SideToSideForceProducerTest.MapAreaSystemTest_DistanceNegativeCollide" methodname="MapAreaSystemTest_DistanceNegativeCollide" classname="PlayersWorlds.Maps.Areas.Evolving.SideToSideForceProducerTest" runstate="Runnable" seed="1923354545" result="Passed" start-time="2024-06-05T12:23:33.8143760Z" end-time="2024-06-05T12:23:33.8144840Z" duration="0.000108" asserts="3" />
                <test-case id="1-2083" name="MapAreaSystemTest_DistanceNegativeNormal" fullname="PlayersWorlds.Maps.Areas.Evolving.SideToSideForceProducerTest.MapAreaSystemTest_DistanceNegativeNormal" methodname="MapAreaSystemTest_DistanceNegativeNormal" classname="PlayersWorlds.Maps.Areas.Evolving.SideToSideForceProducerTest" runstate="Runnable" seed="788897613" result="Passed" start-time="2024-06-05T12:23:33.8144900Z" end-time="2024-06-05T12:23:33.8145920Z" duration="0.000103" asserts="3" />
                <test-case id="1-2084" name="MapAreaSystemTest_DistanceNegativeOverlap" fullname="PlayersWorlds.Maps.Areas.Evolving.SideToSideForceProducerTest.MapAreaSystemTest_DistanceNegativeOverlap" methodname="MapAreaSystemTest_DistanceNegativeOverlap" classname="PlayersWorlds.Maps.Areas.Evolving.SideToSideForceProducerTest" runstate="Runnable" seed="107240705" result="Passed" start-time="2024-06-05T12:23:33.8145990Z" end-time="2024-06-05T12:23:33.8147030Z" duration="0.000104" asserts="3" />
                <test-case id="1-2081" name="MapAreaSystemTest_DistancePositiveCollide" fullname="PlayersWorlds.Maps.Areas.Evolving.SideToSideForceProducerTest.MapAreaSystemTest_DistancePositiveCollide" methodname="MapAreaSystemTest_DistancePositiveCollide" classname="PlayersWorlds.Maps.Areas.Evolving.SideToSideForceProducerTest" runstate="Runnable" seed="444468665" result="Passed" start-time="2024-06-05T12:23:33.8147100Z" end-time="2024-06-05T12:23:33.8148220Z" duration="0.000112" asserts="3" />
                <test-case id="1-2079" name="MapAreaSystemTest_DistancePositiveNormal" fullname="PlayersWorlds.Maps.Areas.Evolving.SideToSideForceProducerTest.MapAreaSystemTest_DistancePositiveNormal" methodname="MapAreaSystemTest_DistancePositiveNormal" classname="PlayersWorlds.Maps.Areas.Evolving.SideToSideForceProducerTest" runstate="Runnable" seed="803491041" result="Passed" start-time="2024-06-05T12:23:33.8148280Z" end-time="2024-06-05T12:23:33.8149270Z" duration="0.000099" asserts="3" />
                <test-case id="1-2080" name="MapAreaSystemTest_DistancePositiveOverlap" fullname="PlayersWorlds.Maps.Areas.Evolving.SideToSideForceProducerTest.MapAreaSystemTest_DistancePositiveOverlap" methodname="MapAreaSystemTest_DistancePositiveOverlap" classname="PlayersWorlds.Maps.Areas.Evolving.SideToSideForceProducerTest" runstate="Runnable" seed="1026147649" result="Passed" start-time="2024-06-05T12:23:33.8149330Z" end-time="2024-06-05T12:23:33.8150270Z" duration="0.000094" asserts="3" />
              </test-suite>
            </test-suite>
            <test-suite type="TestFixture" id="1-1948" name="MapAreaTest" fullname="PlayersWorlds.Maps.Areas.MapAreaTest" classname="PlayersWorlds.Maps.Areas.MapAreaTest" runstate="Runnable" testcasecount="6" result="Passed" start-time="2024-06-05T12:23:33.8150580Z" end-time="2024-06-05T12:23:33.8202700Z" duration="0.005212" total="6" passed="6" failed="0" warnings="0" inconclusive="0" skipped="0" asserts="27">
              <test-case id="1-1951" name="Overlaps_ReturnsFalseIfDoesNotOverlap" fullname="PlayersWorlds.Maps.Areas.MapAreaTest.Overlaps_ReturnsFalseIfDoesNotOverlap" methodname="Overlaps_ReturnsFalseIfDoesNotOverlap" classname="PlayersWorlds.Maps.Areas.MapAreaTest" runstate="Runnable" seed="1550202057" result="Passed" start-time="2024-06-05T12:23:33.8151150Z" end-time="2024-06-05T12:23:33.8174540Z" duration="0.002339" asserts="15" />
              <test-case id="1-1950" name="Overlaps_ReturnsTrueIfOverlaps" fullname="PlayersWorlds.Maps.Areas.MapAreaTest.Overlaps_ReturnsTrueIfOverlaps" methodname="Overlaps_ReturnsTrueIfOverlaps" classname="PlayersWorlds.Maps.Areas.MapAreaTest" runstate="Runnable" seed="829110910" result="Passed" start-time="2024-06-05T12:23:33.8174620Z" end-time="2024-06-05T12:23:33.8177730Z" duration="0.000311" asserts="7" />
              <test-case id="1-1949" name="Overlaps_ThrowsIfSame" fullname="PlayersWorlds.Maps.Areas.MapAreaTest.Overlaps_ThrowsIfSame" methodname="Overlaps_ThrowsIfSame" classname="PlayersWorlds.Maps.Areas.MapAreaTest" runstate="Runnable" seed="1098171301" result="Passed" start-time="2024-06-05T12:23:33.8177810Z" end-time="2024-06-05T12:23:33.8185450Z" duration="0.000764" asserts="2" />
              <test-case id="1-1953" name="Position_DoesNotThrowIfInitialized" fullname="PlayersWorlds.Maps.Areas.MapAreaTest.Position_DoesNotThrowIfInitialized" methodname="Position_DoesNotThrowIfInitialized" classname="PlayersWorlds.Maps.Areas.MapAreaTest" runstate="Runnable" seed="476736905" result="Passed" start-time="2024-06-05T12:23:33.8185540Z" end-time="2024-06-05T12:23:33.8187850Z" duration="0.000231" asserts="1" />
              <test-case id="1-1952" name="Position_UnpositionedThrowsIfNotInitialized" fullname="PlayersWorlds.Maps.Areas.MapAreaTest.Position_UnpositionedThrowsIfNotInitialized" methodname="Position_UnpositionedThrowsIfNotInitialized" classname="PlayersWorlds.Maps.Areas.MapAreaTest" runstate="Runnable" seed="564364356" result="Passed" start-time="2024-06-05T12:23:33.8187920Z" end-time="2024-06-05T12:23:33.8198140Z" duration="0.001022" asserts="1" />
              <test-case id="1-1954" name="ThrowsIfWrongParameters" fullname="PlayersWorlds.Maps.Areas.MapAreaTest.ThrowsIfWrongParameters" methodname="ThrowsIfWrongParameters" classname="PlayersWorlds.Maps.Areas.MapAreaTest" runstate="Runnable" seed="2086641536" result="Passed" start-time="2024-06-05T12:23:33.8198220Z" end-time="2024-06-05T12:23:33.8202600Z" duration="0.000438" asserts="1" />
            </test-suite>
          </test-suite>
          <test-suite type="TestFixture" id="1-1004" name="AssemblyInfoTest" fullname="PlayersWorlds.Maps.AssemblyInfoTest" classname="PlayersWorlds.Maps.AssemblyInfoTest" runstate="Runnable" testcasecount="2" result="Passed" start-time="2024-06-05T12:23:33.8202870Z" end-time="2024-06-05T12:23:33.8210270Z" duration="0.000740" total="2" passed="2" failed="0" warnings="0" inconclusive="0" skipped="0" asserts="4">
            <test-case id="1-1006" name="TestAssemblyCompany" fullname="PlayersWorlds.Maps.AssemblyInfoTest.TestAssemblyCompany" methodname="TestAssemblyCompany" classname="PlayersWorlds.Maps.AssemblyInfoTest" runstate="Runnable" seed="2055207481" result="Passed" start-time="2024-06-05T12:23:33.8203440Z" end-time="2024-06-05T12:23:33.8207830Z" duration="0.000439" asserts="2" />
            <test-case id="1-1005" name="TestAssemblyTitle" fullname="PlayersWorlds.Maps.AssemblyInfoTest.TestAssemblyTitle" methodname="TestAssemblyTitle" classname="PlayersWorlds.Maps.AssemblyInfoTest" runstate="Runnable" seed="2131480489" result="Passed" start-time="2024-06-05T12:23:33.8207920Z" end-time="2024-06-05T12:23:33.8210170Z" duration="0.000226" asserts="2" />
          </test-suite>
          <test-suite type="TestFixture" id="1-1007" name="CellTest" fullname="PlayersWorlds.Maps.CellTest" classname="PlayersWorlds.Maps.CellTest" runstate="Runnable" testcasecount="2" result="Passed" start-time="2024-06-05T12:23:33.8210400Z" end-time="2024-06-05T12:23:33.8258680Z" duration="0.004828" total="2" passed="2" failed="0" warnings="0" inconclusive="0" skipped="0" asserts="4">
            <test-case id="1-1008" name="CellTagEqualityTest" fullname="PlayersWorlds.Maps.CellTest.CellTagEqualityTest" methodname="CellTagEqualityTest" classname="PlayersWorlds.Maps.CellTest" runstate="Runnable" seed="414003362" result="Passed" start-time="2024-06-05T12:23:33.8210960Z" end-time="2024-06-05T12:23:33.8214600Z" duration="0.000365" asserts="3" />
            <test-case id="1-1009" name="Serialize" fullname="PlayersWorlds.Maps.CellTest.Serialize" methodname="Serialize" classname="PlayersWorlds.Maps.CellTest" runstate="Runnable" seed="453361955" result="Passed" start-time="2024-06-05T12:23:33.8214680Z" end-time="2024-06-05T12:23:33.8258570Z" duration="0.004389" asserts="1" />
          </test-suite>
          <test-suite type="TestFixture" id="1-1010" name="ExtensionsTest" fullname="PlayersWorlds.Maps.ExtensionsTest" classname="PlayersWorlds.Maps.ExtensionsTest" runstate="Runnable" testcasecount="7" result="Passed" start-time="2024-06-05T12:23:33.8258820Z" end-time="2024-06-05T12:23:33.8343470Z" duration="0.008465" total="7" passed="7" failed="0" warnings="0" inconclusive="0" skipped="0" asserts="12">
            <test-case id="1-1013" name="DebugString" fullname="PlayersWorlds.Maps.ExtensionsTest.DebugString" methodname="DebugString" classname="PlayersWorlds.Maps.ExtensionsTest" runstate="Runnable" seed="1110207127" result="Passed" start-time="2024-06-05T12:23:33.8259400Z" end-time="2024-06-05T12:23:33.8291690Z" duration="0.003230" asserts="1" />
            <test-case id="1-1016" name="GetAllDictionaryItems" fullname="PlayersWorlds.Maps.ExtensionsTest.GetAllDictionaryItems" methodname="GetAllDictionaryItems" classname="PlayersWorlds.Maps.ExtensionsTest" runstate="Runnable" seed="344181336" result="Passed" start-time="2024-06-05T12:23:33.8291790Z" end-time="2024-06-05T12:23:33.8309280Z" duration="0.001750" asserts="1" />
            <test-case id="1-1017" name="GetAllHashSetKeys" fullname="PlayersWorlds.Maps.ExtensionsTest.GetAllHashSetKeys" methodname="GetAllHashSetKeys" classname="PlayersWorlds.Maps.ExtensionsTest" runstate="Runnable" seed="49526905" result="Passed" start-time="2024-06-05T12:23:33.8309370Z" end-time="2024-06-05T12:23:33.8317510Z" duration="0.000815" asserts="1" />
            <test-case id="1-1014" name="Set" fullname="PlayersWorlds.Maps.ExtensionsTest.Set" methodname="Set" classname="PlayersWorlds.Maps.ExtensionsTest" runstate="Runnable" seed="558682127" result="Passed" start-time="2024-06-05T12:23:33.8317600Z" end-time="2024-06-05T12:23:33.8325680Z" duration="0.000808" asserts="3" />
            <test-case id="1-1015" name="SetList" fullname="PlayersWorlds.Maps.ExtensionsTest.SetList" methodname="SetList" classname="PlayersWorlds.Maps.ExtensionsTest" runstate="Runnable" seed="2036553982" result="Passed" start-time="2024-06-05T12:23:33.8325760Z" end-time="2024-06-05T12:23:33.8338310Z" duration="0.001255" asserts="3" />
            <test-case id="1-1012" name="TryDequeue_Dequeues" fullname="PlayersWorlds.Maps.ExtensionsTest.TryDequeue_Dequeues" methodname="TryDequeue_Dequeues" classname="PlayersWorlds.Maps.ExtensionsTest" runstate="Runnable" seed="1033984125" result="Passed" start-time="2024-06-05T12:23:33.8338390Z" end-time="2024-06-05T12:23:33.8342110Z" duration="0.000373" asserts="2" />
            <test-case id="1-1011" name="TryDequeue_DoesNotThrow" fullname="PlayersWorlds.Maps.ExtensionsTest.TryDequeue_DoesNotThrow" methodname="TryDequeue_DoesNotThrow" classname="PlayersWorlds.Maps.ExtensionsTest" runstate="Runnable" seed="1152781734" result="Passed" start-time="2024-06-05T12:23:33.8342190Z" end-time="2024-06-05T12:23:33.8343360Z" duration="0.000118" asserts="1" />
          </test-suite>
          <test-suite type="TestFixture" id="1-1018" name="GlobalRandomTest" fullname="PlayersWorlds.Maps.GlobalRandomTest" classname="PlayersWorlds.Maps.GlobalRandomTest" runstate="Runnable" testcasecount="3" result="Passed" start-time="2024-06-05T12:23:33.8343610Z" end-time="2024-06-05T12:23:33.8433900Z" duration="0.009029" total="3" passed="3" failed="0" warnings="0" inconclusive="0" skipped="0" asserts="1002">
            <test-case id="1-1019" name="RandomCollectionItem" fullname="PlayersWorlds.Maps.GlobalRandomTest.RandomCollectionItem" methodname="RandomCollectionItem" classname="PlayersWorlds.Maps.GlobalRandomTest" runstate="Runnable" seed="1475931068" result="Passed" start-time="2024-06-05T12:23:33.8344240Z" end-time="2024-06-05T12:23:33.8415400Z" duration="0.007116" asserts="1" />
            <test-case id="1-1021" name="RandomInRange" fullname="PlayersWorlds.Maps.GlobalRandomTest.RandomInRange" methodname="RandomInRange" classname="PlayersWorlds.Maps.GlobalRandomTest" runstate="Runnable" seed="688338489" result="Passed" start-time="2024-06-05T12:23:33.8415490Z" end-time="2024-06-05T12:23:33.8431900Z" duration="0.001642" asserts="1000" />
            <test-case id="1-1020" name="ThrowsIfEmptyCollection" fullname="PlayersWorlds.Maps.GlobalRandomTest.ThrowsIfEmptyCollection" methodname="ThrowsIfEmptyCollection" classname="PlayersWorlds.Maps.GlobalRandomTest" runstate="Runnable" seed="755130888" result="Passed" start-time="2024-06-05T12:23:33.8431980Z" end-time="2024-06-05T12:23:33.8433810Z" duration="0.000183" asserts="1" />
          </test-suite>
          <test-suite type="TestFixture" id="1-1022" name="Map2DTest" fullname="PlayersWorlds.Maps.Map2DTest" classname="PlayersWorlds.Maps.Map2DTest" runstate="Runnable" testcasecount="1" result="Passed" start-time="2024-06-05T12:23:33.8434010Z" end-time="2024-06-05T12:23:33.8456480Z" duration="0.002247" total="1" passed="1" failed="0" warnings="0" inconclusive="0" skipped="0" asserts="6">
            <test-case id="1-1023" name="ParseMap" fullname="PlayersWorlds.Maps.Map2DTest.ParseMap" methodname="ParseMap" classname="PlayersWorlds.Maps.Map2DTest" runstate="Runnable" seed="1102974578" result="Passed" start-time="2024-06-05T12:23:33.8441870Z" end-time="2024-06-05T12:23:33.8456380Z" duration="0.001451" asserts="6" />
          </test-suite>
          <test-suite type="TestSuite" id="1-2108" name="MapFilters" fullname="PlayersWorlds.Maps.MapFilters" runstate="Runnable" testcasecount="5" result="Passed" start-time="2024-06-05T12:23:33.6797990Z" end-time="2024-06-05T12:23:33.8542880Z" duration="0.174489" total="5" passed="5" failed="0" warnings="0" inconclusive="0" skipped="0" asserts="10">
            <test-suite type="TestFixture" id="1-1942" name="Map2DEraseSpotsTest" fullname="PlayersWorlds.Maps.MapFilters.Map2DEraseSpotsTest" classname="PlayersWorlds.Maps.MapFilters.Map2DEraseSpotsTest" runstate="Runnable" testcasecount="5" result="Passed" start-time="2024-06-05T12:23:33.8456590Z" end-time="2024-06-05T12:23:33.8542810Z" duration="0.008622" total="5" passed="5" failed="0" warnings="0" inconclusive="0" skipped="0" asserts="10">
              <test-case id="1-1943" name="BackslashEraseSpots" fullname="PlayersWorlds.Maps.MapFilters.Map2DEraseSpotsTest.BackslashEraseSpots" methodname="BackslashEraseSpots" classname="PlayersWorlds.Maps.MapFilters.Map2DEraseSpotsTest" runstate="Runnable" seed="997351385" result="Passed" start-time="2024-06-05T12:23:33.8457630Z" end-time="2024-06-05T12:23:33.8508240Z" duration="0.005060" asserts="1" />
              <test-case id="1-1947" name="SmoothBoxEraseSpots" fullname="PlayersWorlds.Maps.MapFilters.Map2DEraseSpotsTest.SmoothBoxEraseSpots" methodname="SmoothBoxEraseSpots" classname="PlayersWorlds.Maps.MapFilters.Map2DEraseSpotsTest" runstate="Runnable" seed="959528867" result="Passed" start-time="2024-06-05T12:23:33.8508330Z" end-time="2024-06-05T12:23:33.8515330Z" duration="0.000700" asserts="1" />
              <test-case id="1-1946" name="SmoothBoxVoidBgEraseSpots" fullname="PlayersWorlds.Maps.MapFilters.Map2DEraseSpotsTest.SmoothBoxVoidBgEraseSpots" methodname="SmoothBoxVoidBgEraseSpots" classname="PlayersWorlds.Maps.MapFilters.Map2DEraseSpotsTest" runstate="Runnable" seed="1875675730" result="Passed" start-time="2024-06-05T12:23:33.8515410Z" end-time="2024-06-05T12:23:33.8520320Z" duration="0.000491" asserts="1" />
              <test-case id="1-1945" name="Spot1x3SpotsEraseSpots" fullname="PlayersWorlds.Maps.MapFilters.Map2DEraseSpotsTest.Spot1x3SpotsEraseSpots" methodname="Spot1x3SpotsEraseSpots" classname="PlayersWorlds.Maps.MapFilters.Map2DEraseSpotsTest" runstate="Runnable" seed="273599464" result="Passed" start-time="2024-06-05T12:23:33.8520390Z" end-time="2024-06-05T12:23:33.8525200Z" duration="0.000480" asserts="1" />
              <test-case id="1-1944" name="VariousSpotsEraseSpots" fullname="PlayersWorlds.Maps.MapFilters.Map2DEraseSpotsTest.VariousSpotsEraseSpots" methodname="VariousSpotsEraseSpots" classname="PlayersWorlds.Maps.MapFilters.Map2DEraseSpotsTest" runstate="Runnable" seed="1742515034" result="Passed" start-time="2024-06-05T12:23:33.8525270Z" end-time="2024-06-05T12:23:33.8542710Z" duration="0.001744" asserts="6" />
            </test-suite>
          </test-suite>
          <test-suite type="TestSuite" id="1-2106" name="Maze" fullname="PlayersWorlds.Maps.Maze" runstate="Runnable" testcasecount="775" result="Skipped" label="Ignored" site="Child" start-time="2024-06-05T12:23:33.6798040Z" end-time="2024-06-05T12:23:35.3978740Z" duration="1.718070" total="64" passed="63" failed="0" warnings="0" inconclusive="0" skipped="1" asserts="7375">
            <reason>
              <message><![CDATA[One or more child tests were ignored]]></message>
            </reason>
            <test-suite type="TestFixture" id="1-1147" name="Maze2DBuilderTest" fullname="PlayersWorlds.Maps.Maze.Maze2DBuilderTest" classname="PlayersWorlds.Maps.Maze.Maze2DBuilderTest" runstate="Runnable" testcasecount="21" result="Passed" start-time="2024-06-05T12:23:33.8543020Z" end-time="2024-06-05T12:23:33.9358660Z" duration="0.081564" total="21" passed="21" failed="0" warnings="0" inconclusive="0" skipped="0" asserts="7096">
              <test-case id="1-1166" name="ApplyAreas" fullname="PlayersWorlds.Maps.Maze.Maze2DBuilderTest.ApplyAreas" methodname="ApplyAreas" classname="PlayersWorlds.Maps.Maze.Maze2DBuilderTest" runstate="Runnable" seed="870248283" result="Passed" start-time="2024-06-05T12:23:33.8543580Z" end-time="2024-06-05T12:23:33.8669210Z" duration="0.012564" asserts="4" />
              <test-case id="1-1148" name="BuildsCorrectCellsCollections" fullname="PlayersWorlds.Maps.Maze.Maze2DBuilderTest.BuildsCorrectCellsCollections" methodname="BuildsCorrectCellsCollections" classname="PlayersWorlds.Maps.Maze.Maze2DBuilderTest" runstate="Runnable" seed="467500482" result="Passed" start-time="2024-06-05T12:23:33.8669340Z" end-time="2024-06-05T12:23:33.8682850Z" duration="0.001351" asserts="2" />
              <test-case id="1-1149" name="BuildsCorrectCellsCollectionsWithHallAreas" fullname="PlayersWorlds.Maps.Maze.Maze2DBuilderTest.BuildsCorrectCellsCollectionsWithHallAreas" methodname="BuildsCorrectCellsCollectionsWithHallAreas" classname="PlayersWorlds.Maps.Maze.Maze2DBuilderTest" runstate="Runnable" seed="1735626175" result="Passed" start-time="2024-06-05T12:23:33.8682970Z" end-time="2024-06-05T12:23:33.8708120Z" duration="0.002515" asserts="4" />
              <test-case id="1-1150" name="BuildsCorrectCellsCollectionsWithHallAreasAtTheEdge" fullname="PlayersWorlds.Maps.Maze.Maze2DBuilderTest.BuildsCorrectCellsCollectionsWithHallAreasAtTheEdge" methodname="BuildsCorrectCellsCollectionsWithHallAreasAtTheEdge" classname="PlayersWorlds.Maps.Maze.Maze2DBuilderTest" runstate="Runnable" seed="56227195" result="Passed" start-time="2024-06-05T12:23:33.8708240Z" end-time="2024-06-05T12:23:33.8720210Z" duration="0.001197" asserts="4" />
              <test-case id="1-1168" name="CanConnect" fullname="PlayersWorlds.Maps.Maze.Maze2DBuilderTest.CanConnect" methodname="CanConnect" classname="PlayersWorlds.Maps.Maze.Maze2DBuilderTest" runstate="Runnable" seed="1160642455" result="Passed" start-time="2024-06-05T12:23:33.8720320Z" end-time="2024-06-05T12:23:33.8784670Z" duration="0.006435" asserts="11" />
              <test-case id="1-1156" name="IsFillComplete_Full" fullname="PlayersWorlds.Maps.Maze.Maze2DBuilderTest.IsFillComplete_Full" methodname="IsFillComplete_Full" classname="PlayersWorlds.Maps.Maze.Maze2DBuilderTest" runstate="Runnable" seed="617530918" result="Passed" start-time="2024-06-05T12:23:33.8784770Z" end-time="2024-06-05T12:23:33.8790540Z" duration="0.000577" asserts="4" />
              <test-case id="1-1159" name="IsFillComplete_Full_WithCave" fullname="PlayersWorlds.Maps.Maze.Maze2DBuilderTest.IsFillComplete_Full_WithCave" methodname="IsFillComplete_Full_WithCave" classname="PlayersWorlds.Maps.Maze.Maze2DBuilderTest" runstate="Runnable" seed="882328569" result="Passed" start-time="2024-06-05T12:23:33.8790620Z" end-time="2024-06-05T12:23:33.8801960Z" duration="0.001134" asserts="3" />
              <test-case id="1-1158" name="IsFillComplete_Full_WithFill" fullname="PlayersWorlds.Maps.Maze.Maze2DBuilderTest.IsFillComplete_Full_WithFill" methodname="IsFillComplete_Full_WithFill" classname="PlayersWorlds.Maps.Maze.Maze2DBuilderTest" runstate="Runnable" seed="325908571" result="Passed" start-time="2024-06-05T12:23:33.8802070Z" end-time="2024-06-05T12:23:33.8816290Z" duration="0.001422" asserts="2" />
              <test-case id="1-1157" name="IsFillComplete_Full_WithHall" fullname="PlayersWorlds.Maps.Maze.Maze2DBuilderTest.IsFillComplete_Full_WithHall" methodname="IsFillComplete_Full_WithHall" classname="PlayersWorlds.Maps.Maze.Maze2DBuilderTest" runstate="Runnable" seed="1505594352" result="Passed" start-time="2024-06-05T12:23:33.8816410Z" end-time="2024-06-05T12:23:33.8826610Z" duration="0.001020" asserts="2" />
              <test-case id="1-1161" name="IsFillComplete_FullHeight" fullname="PlayersWorlds.Maps.Maze.Maze2DBuilderTest.IsFillComplete_FullHeight" methodname="IsFillComplete_FullHeight" classname="PlayersWorlds.Maps.Maze.Maze2DBuilderTest" runstate="Runnable" seed="851037376" result="Passed" start-time="2024-06-05T12:23:33.8826720Z" end-time="2024-06-05T12:23:33.8831650Z" duration="0.000493" asserts="3" />
              <test-case id="1-1160" name="IsFillComplete_FullWidth" fullname="PlayersWorlds.Maps.Maze.Maze2DBuilderTest.IsFillComplete_FullWidth" methodname="IsFillComplete_FullWidth" classname="PlayersWorlds.Maps.Maze.Maze2DBuilderTest" runstate="Runnable" seed="315255643" result="Passed" start-time="2024-06-05T12:23:33.8831730Z" end-time="2024-06-05T12:23:33.8834380Z" duration="0.000265" asserts="3" />
              <test-case id="1-1163" name="IsFillComplete_Half" fullname="PlayersWorlds.Maps.Maze.Maze2DBuilderTest.IsFillComplete_Half" methodname="IsFillComplete_Half" classname="PlayersWorlds.Maps.Maze.Maze2DBuilderTest" runstate="Runnable" seed="4419332" result="Passed" start-time="2024-06-05T12:23:33.8834450Z" end-time="2024-06-05T12:23:33.8836220Z" duration="0.000177" asserts="2" />
              <test-case id="1-1165" name="IsFillComplete_NinetyPercent" fullname="PlayersWorlds.Maps.Maze.Maze2DBuilderTest.IsFillComplete_NinetyPercent" methodname="IsFillComplete_NinetyPercent" classname="PlayersWorlds.Maps.Maze.Maze2DBuilderTest" runstate="Runnable" seed="1207298649" result="Passed" start-time="2024-06-05T12:23:33.8836290Z" end-time="2024-06-05T12:23:33.8838480Z" duration="0.000220" asserts="4" />
              <test-case id="1-1155" name="IsFillComplete_NoCells" fullname="PlayersWorlds.Maps.Maze.Maze2DBuilderTest.IsFillComplete_NoCells" methodname="IsFillComplete_NoCells" classname="PlayersWorlds.Maps.Maze.Maze2DBuilderTest" runstate="Runnable" seed="297091721" result="Passed" start-time="2024-06-05T12:23:33.8838550Z" end-time="2024-06-05T12:23:33.8840730Z" duration="0.000218" asserts="1" />
              <test-case id="1-1162" name="IsFillComplete_Quarter" fullname="PlayersWorlds.Maps.Maze.Maze2DBuilderTest.IsFillComplete_Quarter" methodname="IsFillComplete_Quarter" classname="PlayersWorlds.Maps.Maze.Maze2DBuilderTest" runstate="Runnable" seed="1942630190" result="Passed" start-time="2024-06-05T12:23:33.8840800Z" end-time="2024-06-05T12:23:33.8842460Z" duration="0.000166" asserts="2" />
              <test-case id="1-1164" name="IsFillComplete_ThreeQuarters" fullname="PlayersWorlds.Maps.Maze.Maze2DBuilderTest.IsFillComplete_ThreeQuarters" methodname="IsFillComplete_ThreeQuarters" classname="PlayersWorlds.Maps.Maze.Maze2DBuilderTest" runstate="Runnable" seed="224492924" result="Passed" start-time="2024-06-05T12:23:33.8842530Z" end-time="2024-06-05T12:23:33.8844410Z" duration="0.000189" asserts="3" />
              <test-case id="1-1154" name="IterateUnlinkedCells_IteratesAllAvailableCells" fullname="PlayersWorlds.Maps.Maze.Maze2DBuilderTest.IterateUnlinkedCells_IteratesAllAvailableCells" methodname="IterateUnlinkedCells_IteratesAllAvailableCells" classname="PlayersWorlds.Maps.Maze.Maze2DBuilderTest" runstate="Runnable" seed="650136502" result="Passed" start-time="2024-06-05T12:23:33.8844480Z" end-time="2024-06-05T12:23:33.8875590Z" duration="0.003112" asserts="28" />
              <test-case id="1-1153" name="MarkConnected" fullname="PlayersWorlds.Maps.Maze.Maze2DBuilderTest.MarkConnected" methodname="MarkConnected" classname="PlayersWorlds.Maps.Maze.Maze2DBuilderTest" runstate="Runnable" seed="1780022850" result="Passed" start-time="2024-06-05T12:23:33.8875670Z" end-time="2024-06-05T12:23:33.8881470Z" duration="0.000580" asserts="7" />
              <test-case id="1-1167" name="OverlappingAreas_ProduceValidPriorityCells" fullname="PlayersWorlds.Maps.Maze.Maze2DBuilderTest.OverlappingAreas_ProduceValidPriorityCells" methodname="OverlappingAreas_ProduceValidPriorityCells" classname="PlayersWorlds.Maps.Maze.Maze2DBuilderTest" runstate="Runnable" seed="3466923" result="Passed" start-time="2024-06-05T12:23:33.8881550Z" end-time="2024-06-05T12:23:33.9092610Z" duration="0.021107" asserts="4" />
              <test-case id="1-1152" name="PickRandomNeighborToLink" fullname="PlayersWorlds.Maps.Maze.Maze2DBuilderTest.PickRandomNeighborToLink" methodname="PickRandomNeighborToLink" classname="PlayersWorlds.Maps.Maze.Maze2DBuilderTest" runstate="Runnable" seed="362541134" result="Passed" start-time="2024-06-05T12:23:33.9092730Z" end-time="2024-06-05T12:23:33.9206180Z" duration="0.011345" asserts="5000" />
              <test-case id="1-1151" name="PicksPriorityCellsWhenAvailable" fullname="PlayersWorlds.Maps.Maze.Maze2DBuilderTest.PicksPriorityCellsWhenAvailable" methodname="PicksPriorityCellsWhenAvailable" classname="PlayersWorlds.Maps.Maze.Maze2DBuilderTest" runstate="Runnable" seed="69907710" result="Passed" start-time="2024-06-05T12:23:33.9206290Z" end-time="2024-06-05T12:23:33.9358510Z" duration="0.015222" asserts="2003" />
            </test-suite>
            <test-suite type="TestFixture" id="1-1169" name="Maze2DRendererTest" fullname="PlayersWorlds.Maps.Maze.Maze2DRendererTest" classname="PlayersWorlds.Maps.Maze.Maze2DRendererTest" runstate="Runnable" testcasecount="1" result="Passed" start-time="2024-06-05T12:23:33.9358800Z" end-time="2024-06-05T12:23:33.9378840Z" duration="0.002004" total="1" passed="1" failed="0" warnings="0" inconclusive="0" skipped="0" asserts="1">
              <test-case id="1-1170" name="ThrowsIfCantFit" fullname="PlayersWorlds.Maps.Maze.Maze2DRendererTest.ThrowsIfCantFit" methodname="ThrowsIfCantFit" classname="PlayersWorlds.Maps.Maze.Maze2DRendererTest" runstate="Runnable" seed="748389492" result="Passed" start-time="2024-06-05T12:23:33.9359390Z" end-time="2024-06-05T12:23:33.9378700Z" duration="0.001932" asserts="1" />
            </test-suite>
            <test-suite type="TestFixture" id="1-1171" name="Maze2DTest" fullname="PlayersWorlds.Maps.Maze.Maze2DTest" classname="PlayersWorlds.Maps.Maze.Maze2DTest" runstate="Runnable" testcasecount="13" result="Passed" start-time="2024-06-05T12:23:33.9378960Z" end-time="2024-06-05T12:23:34.0071360Z" duration="0.069240" total="13" passed="13" failed="0" warnings="0" inconclusive="0" skipped="0" asserts="184">
              <test-case id="1-1178" name="Maze2D_AddsNoRoomsToASmallMaze" fullname="PlayersWorlds.Maps.Maze.Maze2DTest.Maze2D_AddsNoRoomsToASmallMaze" methodname="Maze2D_AddsNoRoomsToASmallMaze" classname="PlayersWorlds.Maps.Maze.Maze2DTest" runstate="Runnable" seed="614738758" result="Passed" start-time="2024-06-05T12:23:33.9379540Z" end-time="2024-06-05T12:23:33.9501500Z" duration="0.012196" asserts="2" />
              <test-case id="1-1177" name="Maze2D_AddsNoRoomsWhenNoneRequested" fullname="PlayersWorlds.Maps.Maze.Maze2DTest.Maze2D_AddsNoRoomsWhenNoneRequested" methodname="Maze2D_AddsNoRoomsWhenNoneRequested" classname="PlayersWorlds.Maps.Maze.Maze2DTest" runstate="Runnable" seed="1473536479" result="Passed" start-time="2024-06-05T12:23:33.9501620Z" end-time="2024-06-05T12:23:33.9647020Z" duration="0.014541" asserts="2" />
              <test-case id="1-1181" name="Maze2D_AddsOneFill" fullname="PlayersWorlds.Maps.Maze.Maze2DTest.Maze2D_AddsOneFill" methodname="Maze2D_AddsOneFill" classname="PlayersWorlds.Maps.Maze.Maze2DTest" runstate="Runnable" seed="929927832" result="Passed" start-time="2024-06-05T12:23:33.9647140Z" end-time="2024-06-05T12:23:33.9814340Z" duration="0.016719" asserts="2" />
              <test-case id="1-1180" name="Maze2D_AddsOneHall" fullname="PlayersWorlds.Maps.Maze.Maze2DTest.Maze2D_AddsOneHall" methodname="Maze2D_AddsOneHall" classname="PlayersWorlds.Maps.Maze.Maze2DTest" runstate="Runnable" seed="1250680312" result="Passed" start-time="2024-06-05T12:23:33.9814450Z" end-time="2024-06-05T12:23:33.9861250Z" duration="0.004679" asserts="2" />
              <test-case id="1-1179" name="Maze2D_AddsRooms" fullname="PlayersWorlds.Maps.Maze.Maze2DTest.Maze2D_AddsRooms" methodname="Maze2D_AddsRooms" classname="PlayersWorlds.Maps.Maze.Maze2DTest" runstate="Runnable" seed="1711575504" result="Passed" start-time="2024-06-05T12:23:33.9861350Z" end-time="2024-06-05T12:23:33.9915040Z" duration="0.005368" asserts="2" />
              <test-case id="1-1183" name="Maze2D_CanParse" fullname="PlayersWorlds.Maps.Maze.Maze2DTest.Maze2D_CanParse" methodname="Maze2D_CanParse" classname="PlayersWorlds.Maps.Maze.Maze2DTest" runstate="Runnable" seed="960105399" result="Passed" start-time="2024-06-05T12:23:33.9915150Z" end-time="2024-06-05T12:23:33.9936030Z" duration="0.002088" asserts="16" />
              <test-case id="1-1184" name="Maze2D_CanParse2" fullname="PlayersWorlds.Maps.Maze.Maze2DTest.Maze2D_CanParse2" methodname="Maze2D_CanParse2" classname="PlayersWorlds.Maps.Maze.Maze2DTest" runstate="Runnable" seed="768019813" result="Passed" start-time="2024-06-05T12:23:33.9936160Z" end-time="2024-06-05T12:23:33.9937360Z" duration="0.000121" asserts="1" />
              <test-case id="1-1176" name="Maze2D_CanRenderMap" fullname="PlayersWorlds.Maps.Maze.Maze2DTest.Maze2D_CanRenderMap" methodname="Maze2D_CanRenderMap" classname="PlayersWorlds.Maps.Maze.Maze2DTest" runstate="Runnable" seed="1134961240" result="Passed" start-time="2024-06-05T12:23:33.9937430Z" end-time="2024-06-05T12:23:33.9992360Z" duration="0.005493" asserts="2" />
              <test-case id="1-1175" name="Maze2D_CellsNeighborsAreValid" fullname="PlayersWorlds.Maps.Maze.Maze2DTest.Maze2D_CellsNeighborsAreValid" methodname="Maze2D_CellsNeighborsAreValid" classname="PlayersWorlds.Maps.Maze.Maze2DTest" runstate="Runnable" seed="1440783856" result="Passed" start-time="2024-06-05T12:23:33.9992470Z" end-time="2024-06-05T12:23:34.0013580Z" duration="0.002111" asserts="136" />
              <test-case id="1-1182" name="Maze2D_HasExtensionsSet" fullname="PlayersWorlds.Maps.Maze.Maze2DTest.Maze2D_HasExtensionsSet" methodname="Maze2D_HasExtensionsSet" classname="PlayersWorlds.Maps.Maze.Maze2DTest" runstate="Runnable" seed="2113697451" result="Passed" start-time="2024-06-05T12:23:34.0013700Z" end-time="2024-06-05T12:23:34.0019220Z" duration="0.000552" asserts="3" />
              <test-case id="1-1172" name="Maze2D_IsInitialized" fullname="PlayersWorlds.Maps.Maze.Maze2DTest.Maze2D_IsInitialized" methodname="Maze2D_IsInitialized" classname="PlayersWorlds.Maps.Maze.Maze2DTest" runstate="Runnable" seed="890835289" result="Passed" start-time="2024-06-05T12:23:34.0019300Z" end-time="2024-06-05T12:23:34.0020970Z" duration="0.000168" asserts="4" />
              <test-case id="1-1174" name="Maze2D_ToMapWrongOptions" fullname="PlayersWorlds.Maps.Maze.Maze2DTest.Maze2D_ToMapWrongOptions" methodname="Maze2D_ToMapWrongOptions" classname="PlayersWorlds.Maps.Maze.Maze2DTest" runstate="Runnable" seed="1993145392" result="Passed" start-time="2024-06-05T12:23:34.0021040Z" end-time="2024-06-05T12:23:34.0066620Z" duration="0.004558" asserts="7" />
              <test-case id="1-1173" name="Maze2D_WrongSize" fullname="PlayersWorlds.Maps.Maze.Maze2DTest.Maze2D_WrongSize" methodname="Maze2D_WrongSize" classname="PlayersWorlds.Maps.Maze.Maze2DTest" runstate="Runnable" seed="967385203" result="Passed" start-time="2024-06-05T12:23:34.0066740Z" end-time="2024-06-05T12:23:34.0071240Z" duration="0.000451" asserts="5" />
            </test-suite>
            <test-suite type="TestFixture" id="1-1185" name="MazeCellTest" fullname="PlayersWorlds.Maps.Maze.MazeCellTest" classname="PlayersWorlds.Maps.Maze.MazeCellTest" runstate="Runnable" testcasecount="4" result="Passed" start-time="2024-06-05T12:23:34.0071480Z" end-time="2024-06-05T12:23:34.0097130Z" duration="0.002565" total="4" passed="4" failed="0" warnings="0" inconclusive="0" skipped="0" asserts="19">
              <test-case id="1-1189" name="DoubleLinkingThrowsError" fullname="PlayersWorlds.Maps.Maze.MazeCellTest.DoubleLinkingThrowsError" methodname="DoubleLinkingThrowsError" classname="PlayersWorlds.Maps.Maze.MazeCellTest" runstate="Runnable" seed="361913798" result="Passed" start-time="2024-06-05T12:23:34.0072020Z" end-time="2024-06-05T12:23:34.0075730Z" duration="0.000371" asserts="1" />
              <test-case id="1-1186" name="LinksAreMutual" fullname="PlayersWorlds.Maps.Maze.MazeCellTest.LinksAreMutual" methodname="LinksAreMutual" classname="PlayersWorlds.Maps.Maze.MazeCellTest" runstate="Runnable" seed="426210002" result="Passed" start-time="2024-06-05T12:23:34.0075810Z" end-time="2024-06-05T12:23:34.0086230Z" duration="0.001043" asserts="10" />
              <test-case id="1-1187" name="LinksOnlyWithNeighbors" fullname="PlayersWorlds.Maps.Maze.MazeCellTest.LinksOnlyWithNeighbors" methodname="LinksOnlyWithNeighbors" classname="PlayersWorlds.Maps.Maze.MazeCellTest" runstate="Runnable" seed="1779379521" result="Passed" start-time="2024-06-05T12:23:34.0086320Z" end-time="2024-06-05T12:23:34.0090140Z" duration="0.000383" asserts="1" />
              <test-case id="1-1188" name="ToStringTest" fullname="PlayersWorlds.Maps.Maze.MazeCellTest.ToStringTest" methodname="ToStringTest" classname="PlayersWorlds.Maps.Maze.MazeCellTest" runstate="Runnable" seed="1693534623" result="Passed" start-time="2024-06-05T12:23:34.0090220Z" end-time="2024-06-05T12:23:34.0097030Z" duration="0.000681" asserts="7" />
            </test-suite>
            <test-suite type="TestFixture" id="1-1398" name="MazeGeneratorTest" fullname="PlayersWorlds.Maps.Maze.MazeGeneratorTest" classname="PlayersWorlds.Maps.Maze.MazeGeneratorTest" runstate="Runnable" testcasecount="528" result="Skipped" label="Ignored" site="Child" start-time="2024-06-05T12:23:34.0097250Z" end-time="2024-06-05T12:23:35.3511380Z" duration="1.341414" total="18" passed="17" failed="0" warnings="0" inconclusive="0" skipped="1" asserts="53">
              <reason>
                <message><![CDATA[One or more child tests were ignored]]></message>
              </reason>
              <test-suite type="ParameterizedMethod" id="1-1406" name="CanGenerateMazes" fullname="PlayersWorlds.Maps.Maze.MazeGeneratorTest.CanGenerateMazes" classname="PlayersWorlds.Maps.Maze.MazeGeneratorTest" runstate="Runnable" testcasecount="6" result="Passed" start-time="2024-06-05T12:23:34.0097760Z" end-time="2024-06-05T12:23:35.0076610Z" duration="0.997885" total="6" passed="6" failed="0" warnings="0" inconclusive="0" skipped="0" asserts="18">
                <test-case id="1-1400" name="CanGenerateMazes(PlayersWorlds.Maps.Maze.AldousBroderMazeGenerator)" fullname="PlayersWorlds.Maps.Maze.MazeGeneratorTest.CanGenerateMazes(PlayersWorlds.Maps.Maze.AldousBroderMazeGenerator)" methodname="CanGenerateMazes" classname="PlayersWorlds.Maps.Maze.MazeGeneratorTest" runstate="Runnable" seed="230641200" result="Passed" start-time="2024-06-05T12:23:34.0098440Z" end-time="2024-06-05T12:23:34.2113380Z" duration="0.201494" asserts="3" />
                <test-case id="1-1401" name="CanGenerateMazes(PlayersWorlds.Maps.Maze.BinaryTreeMazeGenerator)" fullname="PlayersWorlds.Maps.Maze.MazeGeneratorTest.CanGenerateMazes(PlayersWorlds.Maps.Maze.BinaryTreeMazeGenerator)" methodname="CanGenerateMazes" classname="PlayersWorlds.Maps.Maze.MazeGeneratorTest" runstate="Runnable" seed="376546985" result="Passed" start-time="2024-06-05T12:23:34.2113500Z" end-time="2024-06-05T12:23:34.3680950Z" duration="0.156745" asserts="3" />
                <test-case id="1-1402" name="CanGenerateMazes(PlayersWorlds.Maps.Maze.HuntAndKillMazeGenerator)" fullname="PlayersWorlds.Maps.Maze.MazeGeneratorTest.CanGenerateMazes(PlayersWorlds.Maps.Maze.HuntAndKillMazeGenerator)" methodname="CanGenerateMazes" classname="PlayersWorlds.Maps.Maze.MazeGeneratorTest" runstate="Runnable" seed="170957938" result="Passed" start-time="2024-06-05T12:23:34.3681060Z" end-time="2024-06-05T12:23:34.5274340Z" duration="0.159329" asserts="3" />
                <test-case id="1-1403" name="CanGenerateMazes(PlayersWorlds.Maps.Maze.RecursiveBacktrackerMazeGenerator)" fullname="PlayersWorlds.Maps.Maze.MazeGeneratorTest.CanGenerateMazes(PlayersWorlds.Maps.Maze.RecursiveBacktrackerMazeGenerator)" methodname="CanGenerateMazes" classname="PlayersWorlds.Maps.Maze.MazeGeneratorTest" runstate="Runnable" seed="1779193129" result="Passed" start-time="2024-06-05T12:23:34.5274500Z" end-time="2024-06-05T12:23:34.6870210Z" duration="0.159572" asserts="3" />
                <test-case id="1-1404" name="CanGenerateMazes(PlayersWorlds.Maps.Maze.SidewinderMazeGenerator)" fullname="PlayersWorlds.Maps.Maze.MazeGeneratorTest.CanGenerateMazes(PlayersWorlds.Maps.Maze.SidewinderMazeGenerator)" methodname="CanGenerateMazes" classname="PlayersWorlds.Maps.Maze.MazeGeneratorTest" runstate="Runnable" seed="1592780747" result="Passed" start-time="2024-06-05T12:23:34.6870370Z" end-time="2024-06-05T12:23:34.8472430Z" duration="0.160206" asserts="3" />
                <test-case id="1-1405" name="CanGenerateMazes(PlayersWorlds.Maps.Maze.WilsonsMazeGenerator)" fullname="PlayersWorlds.Maps.Maze.MazeGeneratorTest.CanGenerateMazes(PlayersWorlds.Maps.Maze.WilsonsMazeGenerator)" methodname="CanGenerateMazes" classname="PlayersWorlds.Maps.Maze.MazeGeneratorTest" runstate="Runnable" seed="1031700940" result="Passed" start-time="2024-06-05T12:23:34.8472620Z" end-time="2024-06-05T12:23:35.0076400Z" duration="0.160378" asserts="3" />
              </test-suite>
              <test-case id="1-1407" name="CanGenerateMazes_Debug" fullname="PlayersWorlds.Maps.Maze.MazeGeneratorTest.CanGenerateMazes_Debug" methodname="CanGenerateMazes_Debug" classname="PlayersWorlds.Maps.Maze.MazeGeneratorTest" runstate="Runnable" seed="931847948" result="Passed" start-time="2024-06-05T12:23:35.0076940Z" end-time="2024-06-05T12:23:35.1655810Z" duration="0.157887" asserts="3" />
              <test-case id="1-1399" name="CanUseCustomAreaGenerator" fullname="PlayersWorlds.Maps.Maze.MazeGeneratorTest.CanUseCustomAreaGenerator" methodname="CanUseCustomAreaGenerator" classname="PlayersWorlds.Maps.Maze.MazeGeneratorTest" runstate="Runnable" seed="846698260" result="Passed" start-time="2024-06-05T12:23:35.1655990Z" end-time="2024-06-05T12:23:35.2434330Z" duration="0.077834" asserts="5" />
              <test-case id="1-1921" name="IsFillComplete_Debug" fullname="PlayersWorlds.Maps.Maze.MazeGeneratorTest.IsFillComplete_Debug" methodname="IsFillComplete_Debug" classname="PlayersWorlds.Maps.Maze.MazeGeneratorTest" runstate="Ignored" seed="1269271351" result="Skipped" label="Ignored" start-time="2024-06-05T12:23:35.2434510Z" end-time="2024-06-05T12:23:35.2434590Z" duration="0.000008" asserts="0">
                <properties>
                  <property name="_SKIPREASON" value="Debugging only" />
                </properties>
                <reason>
                  <message><![CDATA[Debugging only]]></message>
                </reason>
              </test-case>
              <test-case id="1-1410" name="IsFillComplete_Full" fullname="PlayersWorlds.Maps.Maze.MazeGeneratorTest.IsFillComplete_Full" methodname="IsFillComplete_Full" classname="PlayersWorlds.Maps.Maze.MazeGeneratorTest" runstate="Runnable" seed="1339597402" result="Passed" start-time="2024-06-05T12:23:35.2434640Z" end-time="2024-06-05T12:23:35.2591760Z" duration="0.015712" asserts="3" />
              <test-case id="1-1415" name="IsFillComplete_FullHeight" fullname="PlayersWorlds.Maps.Maze.MazeGeneratorTest.IsFillComplete_FullHeight" methodname="IsFillComplete_FullHeight" classname="PlayersWorlds.Maps.Maze.MazeGeneratorTest" runstate="Runnable" seed="1902403825" result="Passed" start-time="2024-06-05T12:23:35.2592230Z" end-time="2024-06-05T12:23:35.2723950Z" duration="0.013172" asserts="3" />
              <test-case id="1-1414" name="IsFillComplete_FullWidth" fullname="PlayersWorlds.Maps.Maze.MazeGeneratorTest.IsFillComplete_FullWidth" methodname="IsFillComplete_FullWidth" classname="PlayersWorlds.Maps.Maze.MazeGeneratorTest" runstate="Runnable" seed="211890303" result="Passed" start-time="2024-06-05T12:23:35.2724140Z" end-time="2024-06-05T12:23:35.2843380Z" duration="0.011924" asserts="3" />
              <test-case id="1-1409" name="IsFillComplete_Half" fullname="PlayersWorlds.Maps.Maze.MazeGeneratorTest.IsFillComplete_Half" methodname="IsFillComplete_Half" classname="PlayersWorlds.Maps.Maze.MazeGeneratorTest" runstate="Runnable" seed="915177265" result="Passed" start-time="2024-06-05T12:23:35.2843490Z" end-time="2024-06-05T12:23:35.2950570Z" duration="0.010708" asserts="3" />
              <test-case id="1-1413" name="IsFillComplete_NinetyPercent" fullname="PlayersWorlds.Maps.Maze.MazeGeneratorTest.IsFillComplete_NinetyPercent" methodname="IsFillComplete_NinetyPercent" classname="PlayersWorlds.Maps.Maze.MazeGeneratorTest" runstate="Runnable" seed="1361000062" result="Passed" start-time="2024-06-05T12:23:35.2950770Z" end-time="2024-06-05T12:23:35.3096110Z" duration="0.014535" asserts="3" />
              <test-case id="1-1411" name="IsFillComplete_Quarter" fullname="PlayersWorlds.Maps.Maze.MazeGeneratorTest.IsFillComplete_Quarter" methodname="IsFillComplete_Quarter" classname="PlayersWorlds.Maps.Maze.MazeGeneratorTest" runstate="Runnable" seed="1812420506" result="Passed" start-time="2024-06-05T12:23:35.3096230Z" end-time="2024-06-05T12:23:35.3194790Z" duration="0.009857" asserts="3" />
              <test-case id="1-1412" name="IsFillComplete_ThreeQuarters" fullname="PlayersWorlds.Maps.Maze.MazeGeneratorTest.IsFillComplete_ThreeQuarters" methodname="IsFillComplete_ThreeQuarters" classname="PlayersWorlds.Maps.Maze.MazeGeneratorTest" runstate="Runnable" seed="1631763005" result="Passed" start-time="2024-06-05T12:23:35.3194990Z" end-time="2024-06-05T12:23:35.3334630Z" duration="0.013964" asserts="3" />
              <test-case id="1-1408" name="OnlyFullGenerators" fullname="PlayersWorlds.Maps.Maze.MazeGeneratorTest.OnlyFullGenerators" methodname="OnlyFullGenerators" classname="PlayersWorlds.Maps.Maze.MazeGeneratorTest" runstate="Runnable" seed="426685753" result="Passed" start-time="2024-06-05T12:23:35.3334740Z" end-time="2024-06-05T12:23:35.3497640Z" duration="0.016289" asserts="2" />
              <test-case id="1-1922" name="WrongGeneratorOptions" fullname="PlayersWorlds.Maps.Maze.MazeGeneratorTest.WrongGeneratorOptions" methodname="WrongGeneratorOptions" classname="PlayersWorlds.Maps.Maze.MazeGeneratorTest" runstate="Runnable" seed="1143005589" result="Passed" start-time="2024-06-05T12:23:35.3497750Z" end-time="2024-06-05T12:23:35.3511200Z" duration="0.001345" asserts="4" />
            </test-suite>
            <test-suite type="TestSuite" id="1-2107" name="PostProcessing" fullname="PlayersWorlds.Maps.Maze.PostProcessing" runstate="Runnable" testcasecount="5" result="Passed" start-time="2024-06-05T12:23:33.6798110Z" end-time="2024-06-05T12:23:35.3703500Z" duration="1.690538" total="5" passed="5" failed="0" warnings="0" inconclusive="0" skipped="0" asserts="19">
              <test-suite type="TestFixture" id="1-1935" name="DeadEndTest" fullname="PlayersWorlds.Maps.Maze.PostProcessing.DeadEndTest" classname="PlayersWorlds.Maps.Maze.PostProcessing.DeadEndTest" runstate="Runnable" testcasecount="1" result="Passed" start-time="2024-06-05T12:23:35.3511580Z" end-time="2024-06-05T12:23:35.3519630Z" duration="0.000806" total="1" passed="1" failed="0" warnings="0" inconclusive="0" skipped="0" asserts="7">
                <test-case id="1-1936" name="DeadEnd_CanFindDeadEnds" fullname="PlayersWorlds.Maps.Maze.PostProcessing.DeadEndTest.DeadEnd_CanFindDeadEnds" methodname="DeadEnd_CanFindDeadEnds" classname="PlayersWorlds.Maps.Maze.PostProcessing.DeadEndTest" runstate="Runnable" seed="365333406" result="Passed" start-time="2024-06-05T12:23:35.3512270Z" end-time="2024-06-05T12:23:35.3519530Z" duration="0.000726" asserts="7" />
              </test-suite>
              <test-suite type="TestFixture" id="1-1937" name="DijkstraDistanceTest" fullname="PlayersWorlds.Maps.Maze.PostProcessing.DijkstraDistanceTest" classname="PlayersWorlds.Maps.Maze.PostProcessing.DijkstraDistanceTest" runstate="Runnable" testcasecount="4" result="Passed" start-time="2024-06-05T12:23:35.3519750Z" end-time="2024-06-05T12:23:35.3703430Z" duration="0.018368" total="4" passed="4" failed="0" warnings="0" inconclusive="0" skipped="0" asserts="12">
                <test-case id="1-1941" name="DijkstraDistance_CanFindLongestTrail" fullname="PlayersWorlds.Maps.Maze.PostProcessing.DijkstraDistanceTest.DijkstraDistance_CanFindLongestTrail" methodname="DijkstraDistance_CanFindLongestTrail" classname="PlayersWorlds.Maps.Maze.PostProcessing.DijkstraDistanceTest" runstate="Runnable" seed="267348832" result="Passed" start-time="2024-06-05T12:23:35.3520300Z" end-time="2024-06-05T12:23:35.3528870Z" duration="0.000857" asserts="4" />
                <test-case id="1-1939" name="DijkstraDistance_CanSolveAMaze" fullname="PlayersWorlds.Maps.Maze.PostProcessing.DijkstraDistanceTest.DijkstraDistance_CanSolveAMaze" methodname="DijkstraDistance_CanSolveAMaze" classname="PlayersWorlds.Maps.Maze.PostProcessing.DijkstraDistanceTest" runstate="Runnable" seed="2013888576" result="Passed" start-time="2024-06-05T12:23:35.3528950Z" end-time="2024-06-05T12:23:35.3532170Z" duration="0.000321" asserts="4" />
                <test-case id="1-1938" name="DijkstraDistance_FindsAllDistances" fullname="PlayersWorlds.Maps.Maze.PostProcessing.DijkstraDistanceTest.DijkstraDistance_FindsAllDistances" methodname="DijkstraDistance_FindsAllDistances" classname="PlayersWorlds.Maps.Maze.PostProcessing.DijkstraDistanceTest" runstate="Runnable" seed="1675052060" result="Passed" start-time="2024-06-05T12:23:35.3532250Z" end-time="2024-06-05T12:23:35.3701140Z" duration="0.016889" asserts="3" />
                <test-case id="1-1940" name="DijkstraDistance_ReturnsEmptyIfNoSolutionFound" fullname="PlayersWorlds.Maps.Maze.PostProcessing.DijkstraDistanceTest.DijkstraDistance_ReturnsEmptyIfNoSolutionFound" methodname="DijkstraDistance_ReturnsEmptyIfNoSolutionFound" classname="PlayersWorlds.Maps.Maze.PostProcessing.DijkstraDistanceTest" runstate="Runnable" seed="248265302" result="Passed" start-time="2024-06-05T12:23:35.3701260Z" end-time="2024-06-05T12:23:35.3703320Z" duration="0.000207" asserts="1" />
              </test-suite>
            </test-suite>
            <test-suite type="TestFixture" id="1-1930" name="SidewinderMazeGeneratorTest" fullname="PlayersWorlds.Maps.Maze.SidewinderMazeGeneratorTest" classname="PlayersWorlds.Maps.Maze.SidewinderMazeGeneratorTest" runstate="Runnable" testcasecount="2" result="Passed" start-time="2024-06-05T12:23:35.3703610Z" end-time="2024-06-05T12:23:35.3811460Z" duration="0.010785" total="1" passed="1" failed="0" warnings="0" inconclusive="0" skipped="0" asserts="2">
              <test-case id="1-1931" name="ArchShapedAreas" fullname="PlayersWorlds.Maps.Maze.SidewinderMazeGeneratorTest.ArchShapedAreas" methodname="ArchShapedAreas" classname="PlayersWorlds.Maps.Maze.SidewinderMazeGeneratorTest" runstate="Runnable" seed="1875072963" result="Passed" start-time="2024-06-05T12:23:35.3704140Z" end-time="2024-06-05T12:23:35.3811310Z" duration="0.010717" asserts="2" />
            </test-suite>
            <test-suite type="TestFixture" id="1-1933" name="WilsonsMazeGeneratorTest" fullname="PlayersWorlds.Maps.Maze.WilsonsMazeGeneratorTest" classname="PlayersWorlds.Maps.Maze.WilsonsMazeGeneratorTest" runstate="Runnable" testcasecount="1" result="Passed" start-time="2024-06-05T12:23:35.3811580Z" end-time="2024-06-05T12:23:35.3978650Z" duration="0.016707" total="1" passed="1" failed="0" warnings="0" inconclusive="0" skipped="0" asserts="1">
              <test-case id="1-1934" name="DuplicateRandom" fullname="PlayersWorlds.Maps.Maze.WilsonsMazeGeneratorTest.DuplicateRandom" methodname="DuplicateRandom" classname="PlayersWorlds.Maps.Maze.WilsonsMazeGeneratorTest" runstate="Runnable" seed="359875179" result="Passed" start-time="2024-06-05T12:23:35.3812180Z" end-time="2024-06-05T12:23:35.3978490Z" duration="0.016631" asserts="1">
                <properties>
                  <property name="Timeout" value="1000" />
                </properties>
              </test-case>
            </test-suite>
          </test-suite>
          <test-suite type="TestFixture" id="1-1057" name="Maze2DRendererTest" fullname="PlayersWorlds.Maps.Maze2DRendererTest" classname="PlayersWorlds.Maps.Maze2DRendererTest" runstate="Runnable" testcasecount="8" result="Passed" start-time="2024-06-05T12:23:35.3978870Z" end-time="2024-06-05T12:23:35.4191870Z" duration="0.021300" total="8" passed="8" failed="0" warnings="0" inconclusive="0" skipped="0" asserts="57">
            <test-case id="1-1060" name="CanRenderAMapWithFilledAreas" fullname="PlayersWorlds.Maps.Maze2DRendererTest.CanRenderAMapWithFilledAreas" methodname="CanRenderAMapWithFilledAreas" classname="PlayersWorlds.Maps.Maze2DRendererTest" runstate="Runnable" seed="787772456" result="Passed" start-time="2024-06-05T12:23:35.3979450Z" end-time="2024-06-05T12:23:35.4023830Z" duration="0.004438" asserts="1" />
            <test-case id="1-1061" name="CanRenderAMapWithHallAreas" fullname="PlayersWorlds.Maps.Maze2DRendererTest.CanRenderAMapWithHallAreas" methodname="CanRenderAMapWithHallAreas" classname="PlayersWorlds.Maps.Maze2DRendererTest" runstate="Runnable" seed="1543456541" result="Passed" start-time="2024-06-05T12:23:35.4023930Z" end-time="2024-06-05T12:23:35.4060380Z" duration="0.003644" asserts="1" />
            <test-case id="1-1058" name="CanRenderAMapWithSmoothCorners" fullname="PlayersWorlds.Maps.Maze2DRendererTest.CanRenderAMapWithSmoothCorners" methodname="CanRenderAMapWithSmoothCorners" classname="PlayersWorlds.Maps.Maze2DRendererTest" runstate="Runnable" seed="1153170267" result="Passed" start-time="2024-06-05T12:23:35.4060480Z" end-time="2024-06-05T12:23:35.4086970Z" duration="0.002649" asserts="1" />
            <test-case id="1-1059" name="CanRenderAMapWithVoids" fullname="PlayersWorlds.Maps.Maze2DRendererTest.CanRenderAMapWithVoids" methodname="CanRenderAMapWithVoids" classname="PlayersWorlds.Maps.Maze2DRendererTest" runstate="Runnable" seed="1193172131" result="Passed" start-time="2024-06-05T12:23:35.4087080Z" end-time="2024-06-05T12:23:35.4119650Z" duration="0.003258" asserts="1" />
            <test-case id="1-1065" name="CellsMapping_ValidMapping" fullname="PlayersWorlds.Maps.Maze2DRendererTest.CellsMapping_ValidMapping" methodname="CellsMapping_ValidMapping" classname="PlayersWorlds.Maps.Maze2DRendererTest" runstate="Runnable" seed="761653598" result="Passed" start-time="2024-06-05T12:23:35.4119750Z" end-time="2024-06-05T12:23:35.4171750Z" duration="0.005199" asserts="45" />
            <test-case id="1-1062" name="Maze2DStringBoxRenderer_CanConvertToAscii" fullname="PlayersWorlds.Maps.Maze2DRendererTest.Maze2DStringBoxRenderer_CanConvertToAscii" methodname="Maze2DStringBoxRenderer_CanConvertToAscii" classname="PlayersWorlds.Maps.Maze2DRendererTest" runstate="Runnable" seed="1871918688" result="Passed" start-time="2024-06-05T12:23:35.4171860Z" end-time="2024-06-05T12:23:35.4177690Z" duration="0.000583" asserts="1" />
            <test-case id="1-1063" name="Maze2DStringBoxRenderer_CanConvertToAsciiWithData" fullname="PlayersWorlds.Maps.Maze2DRendererTest.Maze2DStringBoxRenderer_CanConvertToAsciiWithData" methodname="Maze2DStringBoxRenderer_CanConvertToAsciiWithData" classname="PlayersWorlds.Maps.Maze2DRendererTest" runstate="Runnable" seed="1106448372" result="Passed" start-time="2024-06-05T12:23:35.4177760Z" end-time="2024-06-05T12:23:35.4185290Z" duration="0.000753" asserts="1" />
            <test-case id="1-1064" name="Maze2DToMap2DConverter_ThrowsIfInvalidOptions" fullname="PlayersWorlds.Maps.Maze2DRendererTest.Maze2DToMap2DConverter_ThrowsIfInvalidOptions" methodname="Maze2DToMap2DConverter_ThrowsIfInvalidOptions" classname="PlayersWorlds.Maps.Maze2DRendererTest" runstate="Runnable" seed="1550044720" result="Passed" start-time="2024-06-05T12:23:35.4185370Z" end-time="2024-06-05T12:23:35.4191760Z" duration="0.000639" asserts="6" />
          </test-suite>
          <test-suite type="TestFixture" id="1-1024" name="NArrayTest" fullname="PlayersWorlds.Maps.NArrayTest" classname="PlayersWorlds.Maps.NArrayTest" runstate="Runnable" testcasecount="24" result="Passed" start-time="2024-06-05T12:23:35.4192000Z" end-time="2024-06-05T12:23:35.4323330Z" duration="0.013133" total="24" passed="24" failed="0" warnings="0" inconclusive="0" skipped="0" asserts="83">
            <test-case id="1-1044" name="CellsAt_AnyCellAt2x2" fullname="PlayersWorlds.Maps.NArrayTest.CellsAt_AnyCellAt2x2" methodname="CellsAt_AnyCellAt2x2" classname="PlayersWorlds.Maps.NArrayTest" runstate="Runnable" seed="688683688" result="Passed" start-time="2024-06-05T12:23:35.4192570Z" end-time="2024-06-05T12:23:35.4204290Z" duration="0.001172" asserts="5" />
            <test-case id="1-1047" name="CellsAt_AnyCellAtCloseEdge2x2" fullname="PlayersWorlds.Maps.NArrayTest.CellsAt_AnyCellAtCloseEdge2x2" methodname="CellsAt_AnyCellAtCloseEdge2x2" classname="PlayersWorlds.Maps.NArrayTest" runstate="Runnable" seed="1932560935" result="Passed" start-time="2024-06-05T12:23:35.4204370Z" end-time="2024-06-05T12:23:35.4207600Z" duration="0.000323" asserts="5" />
            <test-case id="1-1048" name="CellsAt_AnyCellAtZeroSize" fullname="PlayersWorlds.Maps.NArrayTest.CellsAt_AnyCellAtZeroSize" methodname="CellsAt_AnyCellAtZeroSize" classname="PlayersWorlds.Maps.NArrayTest" runstate="Runnable" seed="251362614" result="Passed" start-time="2024-06-05T12:23:35.4207680Z" end-time="2024-06-05T12:23:35.4214440Z" duration="0.000676" asserts="1" />
            <test-case id="1-1025" name="NArray_Constructor_CreatesCorrectSize" fullname="PlayersWorlds.Maps.NArrayTest.NArray_Constructor_CreatesCorrectSize" methodname="NArray_Constructor_CreatesCorrectSize" classname="PlayersWorlds.Maps.NArrayTest" runstate="Runnable" seed="1509306508" result="Passed" start-time="2024-06-05T12:23:35.4214510Z" end-time="2024-06-05T12:23:35.4218010Z" duration="0.000350" asserts="2" />
            <test-case id="1-1026" name="NArray_Constructor_SetsInitialValues" fullname="PlayersWorlds.Maps.NArrayTest.NArray_Constructor_SetsInitialValues" methodname="NArray_Constructor_SetsInitialValues" classname="PlayersWorlds.Maps.NArrayTest" runstate="Runnable" seed="752605154" result="Passed" start-time="2024-06-05T12:23:35.4218090Z" end-time="2024-06-05T12:23:35.4226480Z" duration="0.000840" asserts="4" />
            <test-case id="1-1027" name="NArray_Constructor_ThrowsOnInvalidSize" fullname="PlayersWorlds.Maps.NArrayTest.NArray_Constructor_ThrowsOnInvalidSize" methodname="NArray_Constructor_ThrowsOnInvalidSize" classname="PlayersWorlds.Maps.NArrayTest" runstate="Runnable" seed="759982193" result="Passed" start-time="2024-06-05T12:23:35.4226560Z" end-time="2024-06-05T12:23:35.4228700Z" duration="0.000214" asserts="1" />
            <test-case id="1-1028" name="NArray_Indexing_GetValuesCorrectly" fullname="PlayersWorlds.Maps.NArrayTest.NArray_Indexing_GetValuesCorrectly" methodname="NArray_Indexing_GetValuesCorrectly" classname="PlayersWorlds.Maps.NArrayTest" runstate="Runnable" seed="1678005023" result="Passed" start-time="2024-06-05T12:23:35.4228780Z" end-time="2024-06-05T12:23:35.4231100Z" duration="0.000233" asserts="1" />
[...]
              <test-case id="1-1143" name="CanDeserializeCellWithLinksAndTags" fullname="PlayersWorlds.Maps.Serializer.CellSerializerTest.CanDeserializeCellWithLinksAndTags" methodname="CanDeserializeCellWithLinksAndTags" classname="PlayersWorlds.Maps.Serializer.CellSerializerTest" runstate="Runnable" seed="1966921480" result="Passed" start-time="2024-06-05T12:23:35.4469190Z" end-time="2024-06-05T12:23:35.4472310Z" duration="0.000312" asserts="7" />
              <test-case id="1-1142" name="CanDeserializeCellWithTags" fullname="PlayersWorlds.Maps.Serializer.CellSerializerTest.CanDeserializeCellWithTags" methodname="CanDeserializeCellWithTags" classname="PlayersWorlds.Maps.Serializer.CellSerializerTest" runstate="Runnable" seed="731936674" result="Passed" start-time="2024-06-05T12:23:35.4472380Z" end-time="2024-06-05T12:23:35.4474570Z" duration="0.000219" asserts="5" />
              <test-case id="1-1140" name="CanDeserializeEmptyCell" fullname="PlayersWorlds.Maps.Serializer.CellSerializerTest.CanDeserializeEmptyCell" methodname="CanDeserializeEmptyCell" classname="PlayersWorlds.Maps.Serializer.CellSerializerTest" runstate="Runnable" seed="180244006" result="Passed" start-time="2024-06-05T12:23:35.4474640Z" end-time="2024-06-05T12:23:35.4476270Z" duration="0.000163" asserts="3" />
              <test-case id="1-1137" name="CanSerializeCellWithLinks" fullname="PlayersWorlds.Maps.Serializer.CellSerializerTest.CanSerializeCellWithLinks" methodname="CanSerializeCellWithLinks" classname="PlayersWorlds.Maps.Serializer.CellSerializerTest" runstate="Runnable" seed="944505321" result="Passed" start-time="2024-06-05T12:23:35.4476340Z" end-time="2024-06-05T12:23:35.4477860Z" duration="0.000152" asserts="1" />
              <test-case id="1-1139" name="CanSerializeCellWithLinksAndTags" fullname="PlayersWorlds.Maps.Serializer.CellSerializerTest.CanSerializeCellWithLinksAndTags" methodname="CanSerializeCellWithLinksAndTags" classname="PlayersWorlds.Maps.Serializer.CellSerializerTest" runstate="Runnable" seed="2082401684" result="Passed" start-time="2024-06-05T12:23:35.4477930Z" end-time="2024-06-05T12:23:35.4480190Z" duration="0.000226" asserts="1" />
              <test-case id="1-1138" name="CanSerializeCellWithTags" fullname="PlayersWorlds.Maps.Serializer.CellSerializerTest.CanSerializeCellWithTags" methodname="CanSerializeCellWithTags" classname="PlayersWorlds.Maps.Serializer.CellSerializerTest" runstate="Runnable" seed="1662004077" result="Passed" start-time="2024-06-05T12:23:35.4480260Z" end-time="2024-06-05T12:23:35.4481980Z" duration="0.000173" asserts="1" />
              <test-case id="1-1136" name="CanSerializeEmptyCell" fullname="PlayersWorlds.Maps.Serializer.CellSerializerTest.CanSerializeEmptyCell" methodname="CanSerializeEmptyCell" classname="PlayersWorlds.Maps.Serializer.CellSerializerTest" runstate="Runnable" seed="1095161839" result="Passed" start-time="2024-06-05T12:23:35.4482060Z" end-time="2024-06-05T12:23:35.4483120Z" duration="0.000106" asserts="1" />
              <test-case id="1-1144" name="ThrowsIfDeserializingAWrongCell" fullname="PlayersWorlds.Maps.Serializer.CellSerializerTest.ThrowsIfDeserializingAWrongCell" methodname="ThrowsIfDeserializingAWrongCell" classname="PlayersWorlds.Maps.Serializer.CellSerializerTest" runstate="Runnable" seed="572026944" result="Passed" start-time="2024-06-05T12:23:35.4483180Z" end-time="2024-06-05T12:23:35.4485220Z" duration="0.000203" asserts="1" />
            </test-suite>
          </test-suite>
          <test-suite type="TestFixture" id="1-1066" name="VectorDTest" fullname="PlayersWorlds.Maps.VectorDTest" classname="PlayersWorlds.Maps.VectorDTest" runstate="Runnable" testcasecount="11" result="Passed" start-time="2024-06-05T12:23:35.4485470Z" end-time="2024-06-05T12:23:35.4507830Z" duration="0.002236" total="11" passed="11" failed="0" warnings="0" inconclusive="0" skipped="0" asserts="33">
            <test-case id="1-1074" name="CanAddAndSubtract" fullname="PlayersWorlds.Maps.VectorDTest.CanAddAndSubtract" methodname="CanAddAndSubtract" classname="PlayersWorlds.Maps.VectorDTest" runstate="Runnable" seed="1001413438" result="Passed" start-time="2024-06-05T12:23:35.4486000Z" end-time="2024-06-05T12:23:35.4488990Z" duration="0.000299" asserts="5" />
            <test-case id="1-1075" name="ConstructorChecksArguments" fullname="PlayersWorlds.Maps.VectorDTest.ConstructorChecksArguments" methodname="ConstructorChecksArguments" classname="PlayersWorlds.Maps.VectorDTest" runstate="Runnable" seed="402973181" result="Passed" start-time="2024-06-05T12:23:35.4489060Z" end-time="2024-06-05T12:23:35.4490150Z" duration="0.000109" asserts="1" />
            <test-case id="1-1068" name="EqualityIsCheckedByValue" fullname="PlayersWorlds.Maps.VectorDTest.EqualityIsCheckedByValue" methodname="EqualityIsCheckedByValue" classname="PlayersWorlds.Maps.VectorDTest" runstate="Runnable" seed="1247304213" result="Passed" start-time="2024-06-05T12:23:35.4490210Z" end-time="2024-06-05T12:23:35.4492180Z" duration="0.000197" asserts="4" />
            <test-case id="1-1069" name="GetHashCodeIsDerivedFromValue" fullname="PlayersWorlds.Maps.VectorDTest.GetHashCodeIsDerivedFromValue" methodname="GetHashCodeIsDerivedFromValue" classname="PlayersWorlds.Maps.VectorDTest" runstate="Runnable" seed="1077387528" result="Passed" start-time="2024-06-05T12:23:35.4492270Z" end-time="2024-06-05T12:23:35.4493020Z" duration="0.000075" asserts="1" />
            <test-case id="1-1072" name="InitializedAsNull" fullname="PlayersWorlds.Maps.VectorDTest.InitializedAsNull" methodname="InitializedAsNull" classname="PlayersWorlds.Maps.VectorDTest" runstate="Runnable" seed="1747686352" result="Passed" start-time="2024-06-05T12:23:35.4493090Z" end-time="2024-06-05T12:23:35.4494050Z" duration="0.000096" asserts="1" />
            <test-case id="1-1071" name="InitializedEmpty" fullname="PlayersWorlds.Maps.VectorDTest.InitializedEmpty" methodname="InitializedEmpty" classname="PlayersWorlds.Maps.VectorDTest" runstate="Runnable" seed="357979762" result="Passed" start-time="2024-06-05T12:23:35.4494110Z" end-time="2024-06-05T12:23:35.4496520Z" duration="0.000241" asserts="4" />
            <test-case id="1-1067" name="IsInitialized" fullname="PlayersWorlds.Maps.VectorDTest.IsInitialized" methodname="IsInitialized" classname="PlayersWorlds.Maps.VectorDTest" runstate="Runnable" seed="1891804464" result="Passed" start-time="2024-06-05T12:23:35.4496600Z" end-time="2024-06-05T12:23:35.4498070Z" duration="0.000148" asserts="2" />
            <test-case id="1-1073" name="IsZero" fullname="PlayersWorlds.Maps.VectorDTest.IsZero" methodname="IsZero" classname="PlayersWorlds.Maps.VectorDTest" runstate="Runnable" seed="1110484435" result="Passed" start-time="2024-06-05T12:23:35.4498140Z" end-time="2024-06-05T12:23:35.4499120Z" duration="0.000098" asserts="3" />
            <test-case id="1-1076" name="SnappedForce" fullname="PlayersWorlds.Maps.VectorDTest.SnappedForce" methodname="SnappedForce" classname="PlayersWorlds.Maps.VectorDTest" runstate="Runnable" seed="583443042" result="Passed" start-time="2024-06-05T12:23:35.4499180Z" end-time="2024-06-05T12:23:35.4502810Z" duration="0.000363" asserts="9" />
            <test-case id="1-1070" name="ToStringFormat" fullname="PlayersWorlds.Maps.VectorDTest.ToStringFormat" methodname="ToStringFormat" classname="PlayersWorlds.Maps.VectorDTest" runstate="Runnable" seed="1097335101" result="Passed" start-time="2024-06-05T12:23:35.4502880Z" end-time="2024-06-05T12:23:35.4503660Z" duration="0.000078" asserts="1" />
            <test-case id="1-1077" name="VectorD_Parse" fullname="PlayersWorlds.Maps.VectorDTest.VectorD_Parse" methodname="VectorD_Parse" classname="PlayersWorlds.Maps.VectorDTest" runstate="Runnable" seed="1976212925" result="Passed" start-time="2024-06-05T12:23:35.4503730Z" end-time="2024-06-05T12:23:35.4507730Z" duration="0.000400" asserts="2" />
          </test-suite>
          <test-suite type="TestFixture" id="1-1078" name="VectorTest" fullname="PlayersWorlds.Maps.VectorTest" classname="PlayersWorlds.Maps.VectorTest" runstate="Runnable" testcasecount="29" result="Passed" start-time="2024-06-05T12:23:35.4507960Z" end-time="2024-06-05T12:23:35.4587970Z" duration="0.008001" total="29" passed="29" failed="0" warnings="0" inconclusive="0" skipped="0" asserts="229">
            <test-case id="1-1095" name="FitsInto" fullname="PlayersWorlds.Maps.VectorTest.FitsInto" methodname="FitsInto" classname="PlayersWorlds.Maps.VectorTest" runstate="Runnable" seed="753523561" result="Passed" start-time="2024-06-05T12:23:35.4508480Z" end-time="2024-06-05T12:23:35.4509810Z" duration="0.000133" asserts="3" />
            <test-case id="1-1098" name="FromIndex_Matches_FromIndex" fullname="PlayersWorlds.Maps.VectorTest.FromIndex_Matches_FromIndex" methodname="FromIndex_Matches_FromIndex" classname="PlayersWorlds.Maps.VectorTest" runstate="Runnable" seed="856119808" result="Passed" start-time="2024-06-05T12:23:35.4509890Z" end-time="2024-06-05T12:23:35.4510850Z" duration="0.000096" asserts="1" />
            <test-case id="1-1106" name="FromIndex_ShouldThrowException_DimensionMismatch" fullname="PlayersWorlds.Maps.VectorTest.FromIndex_ShouldThrowException_DimensionMismatch" methodname="FromIndex_ShouldThrowException_DimensionMismatch" classname="PlayersWorlds.Maps.VectorTest" runstate="Runnable" seed="110934992" result="Passed" start-time="2024-06-05T12:23:35.4510910Z" end-time="2024-06-05T12:23:35.4514940Z" duration="0.000403" asserts="1" />
            <test-case id="1-1096" name="IsIn" fullname="PlayersWorlds.Maps.VectorTest.IsIn" methodname="IsIn" classname="PlayersWorlds.Maps.VectorTest" runstate="Runnable" seed="1892360233" result="Passed" start-time="2024-06-05T12:23:35.4515020Z" end-time="2024-06-05T12:23:35.4525700Z" duration="0.001068" asserts="7" />
            <test-case id="1-1107" name="NorthEastComparer_ComparesCorrectly" fullname="PlayersWorlds.Maps.VectorTest.NorthEastComparer_ComparesCorrectly" methodname="NorthEastComparer_ComparesCorrectly" classname="PlayersWorlds.Maps.VectorTest" runstate="Runnable" seed="635639623" result="Passed" start-time="2024-06-05T12:23:35.4525790Z" end-time="2024-06-05T12:23:35.4533120Z" duration="0.000733" asserts="1" />
            <test-case id="1-1080" name="Size_NotInitialized" fullname="PlayersWorlds.Maps.VectorTest.Size_NotInitialized" methodname="Size_NotInitialized" classname="PlayersWorlds.Maps.VectorTest" runstate="Runnable" seed="1564263865" result="Passed" start-time="2024-06-05T12:23:35.4533200Z" end-time="2024-06-05T12:23:35.4534970Z" duration="0.000177" asserts="2" />
            <test-case id="1-1102" name="ToIndex_FromIndex_RoundTripConversion" fullname="PlayersWorlds.Maps.VectorTest.ToIndex_FromIndex_RoundTripConversion" methodname="ToIndex_FromIndex_RoundTripConversion" classname="PlayersWorlds.Maps.VectorTest" runstate="Runnable" seed="1630858652" result="Passed" start-time="2024-06-05T12:23:35.4535040Z" end-time="2024-06-05T12:23:35.4541780Z" duration="0.000674" asserts="150" />
            <test-case id="1-1103" name="ToIndex_FromIndex_Valid5D" fullname="PlayersWorlds.Maps.VectorTest.ToIndex_FromIndex_Valid5D" methodname="ToIndex_FromIndex_Valid5D" classname="PlayersWorlds.Maps.VectorTest" runstate="Runnable" seed="1416993886" result="Passed" start-time="2024-06-05T12:23:35.4541850Z" end-time="2024-06-05T12:23:35.4548070Z" duration="0.000623" asserts="13" />
            <test-case id="1-1097" name="ToIndex_Matches_ToIndex" fullname="PlayersWorlds.Maps.VectorTest.ToIndex_Matches_ToIndex" methodname="ToIndex_Matches_ToIndex" classname="PlayersWorlds.Maps.VectorTest" runstate="Runnable" seed="1072719209" result="Passed" start-time="2024-06-05T12:23:35.4548140Z" end-time="2024-06-05T12:23:35.4549110Z" duration="0.000096" asserts="1" />
            <test-case id="1-1099" name="ToIndex_ShouldCalculateCorrectIndex_1D" fullname="PlayersWorlds.Maps.VectorTest.ToIndex_ShouldCalculateCorrectIndex_1D" methodname="ToIndex_ShouldCalculateCorrectIndex_1D" classname="PlayersWorlds.Maps.VectorTest" runstate="Runnable" seed="1693396180" result="Passed" start-time="2024-06-05T12:23:35.4549170Z" end-time="2024-06-05T12:23:35.4550110Z" duration="0.000094" asserts="2" />
            <test-case id="1-1100" name="ToIndex_ShouldCalculateCorrectIndex_2D" fullname="PlayersWorlds.Maps.VectorTest.ToIndex_ShouldCalculateCorrectIndex_2D" methodname="ToIndex_ShouldCalculateCorrectIndex_2D" classname="PlayersWorlds.Maps.VectorTest" runstate="Runnable" seed="1331758237" result="Passed" start-time="2024-06-05T12:23:35.4550170Z" end-time="2024-06-05T12:23:35.4551070Z" duration="0.000090" asserts="2" />
            <test-case id="1-1101" name="ToIndex_ShouldCalculateCorrectIndex_3D" fullname="PlayersWorlds.Maps.VectorTest.ToIndex_ShouldCalculateCorrectIndex_3D" methodname="ToIndex_ShouldCalculateCorrectIndex_3D" classname="PlayersWorlds.Maps.VectorTest" runstate="Runnable" seed="315221861" result="Passed" start-time="2024-06-05T12:23:35.4551140Z" end-time="2024-06-05T12:23:35.4552030Z" duration="0.000090" asserts="2" />
            <test-case id="1-1105" name="ToIndex_ShouldThrowException_DimensionMismatch" fullname="PlayersWorlds.Maps.VectorTest.ToIndex_ShouldThrowException_DimensionMismatch" methodname="ToIndex_ShouldThrowException_DimensionMismatch" classname="PlayersWorlds.Maps.VectorTest" runstate="Runnable" seed="943372531" result="Passed" start-time="2024-06-05T12:23:35.4552090Z" end-time="2024-06-05T12:23:35.4553770Z" duration="0.000168" asserts="1" />
            <test-case id="1-1104" name="ToIndex_ShouldThrowException_DimensionOverflow" fullname="PlayersWorlds.Maps.VectorTest.ToIndex_ShouldThrowException_DimensionOverflow" methodname="ToIndex_ShouldThrowException_DimensionOverflow" classname="PlayersWorlds.Maps.VectorTest" runstate="Runnable" seed="120737003" result="Passed" start-time="2024-06-05T12:23:35.4553840Z" end-time="2024-06-05T12:23:35.4555580Z" duration="0.000174" asserts="1" />
            <test-case id="1-1088" name="Vector_CanAddAndSubtract" fullname="PlayersWorlds.Maps.VectorTest.Vector_CanAddAndSubtract" methodname="Vector_CanAddAndSubtract" classname="PlayersWorlds.Maps.VectorTest" runstate="Runnable" seed="444952293" result="Passed" start-time="2024-06-05T12:23:35.4555650Z" end-time="2024-06-05T12:23:35.4559290Z" duration="0.000365" asserts="6" />
            <test-case id="1-1089" name="Vector_ConstructorChecksArguments" fullname="PlayersWorlds.Maps.VectorTest.Vector_ConstructorChecksArguments" methodname="Vector_ConstructorChecksArguments" classname="PlayersWorlds.Maps.VectorTest" runstate="Runnable" seed="1339799536" result="Passed" start-time="2024-06-05T12:23:35.4559370Z" end-time="2024-06-05T12:23:35.4560270Z" duration="0.000091" asserts="1" />
            <test-case id="1-1086" name="Vector_EmptyIsEmpty" fullname="PlayersWorlds.Maps.VectorTest.Vector_EmptyIsEmpty" methodname="Vector_EmptyIsEmpty" classname="PlayersWorlds.Maps.VectorTest" runstate="Runnable" seed="545574841" result="Passed" start-time="2024-06-05T12:23:35.4560330Z" end-time="2024-06-05T12:23:35.4560970Z" duration="0.000063" asserts="1" />
            <test-case id="1-1085" name="Vector_EmptyVectorIsEmpty" fullname="PlayersWorlds.Maps.VectorTest.Vector_EmptyVectorIsEmpty" methodname="Vector_EmptyVectorIsEmpty" classname="PlayersWorlds.Maps.VectorTest" runstate="Runnable" seed="930150332" result="Passed" start-time="2024-06-05T12:23:35.4561030Z" end-time="2024-06-05T12:23:35.4561620Z" duration="0.000060" asserts="1" />
            <test-case id="1-1081" name="Vector_EqualityIsCheckedByValue" fullname="PlayersWorlds.Maps.VectorTest.Vector_EqualityIsCheckedByValue" methodname="Vector_EqualityIsCheckedByValue" classname="PlayersWorlds.Maps.VectorTest" runstate="Runnable" seed="1800810839" result="Passed" start-time="2024-06-05T12:23:35.4561680Z" end-time="2024-06-05T12:23:35.4564150Z" duration="0.000247" asserts="5" />
            <test-case id="1-1093" name="Vector_FromIndex" fullname="PlayersWorlds.Maps.VectorTest.Vector_FromIndex" methodname="Vector_FromIndex" classname="PlayersWorlds.Maps.VectorTest" runstate="Runnable" seed="1418786573" result="Passed" start-time="2024-06-05T12:23:35.4564220Z" end-time="2024-06-05T12:23:35.4565310Z" duration="0.000109" asserts="2" />
            <test-case id="1-1082" name="Vector_GetHashCodeIsDerivedFromValue" fullname="PlayersWorlds.Maps.VectorTest.Vector_GetHashCodeIsDerivedFromValue" methodname="Vector_GetHashCodeIsDerivedFromValue" classname="PlayersWorlds.Maps.VectorTest" runstate="Runnable" seed="224179128" result="Passed" start-time="2024-06-05T12:23:35.4565370Z" end-time="2024-06-05T12:23:35.4567340Z" duration="0.000197" asserts="2" />
            <test-case id="1-1079" name="Vector_IsInitialized" fullname="PlayersWorlds.Maps.VectorTest.Vector_IsInitialized" methodname="Vector_IsInitialized" classname="PlayersWorlds.Maps.VectorTest" runstate="Runnable" seed="914539526" result="Passed" start-time="2024-06-05T12:23:35.4567410Z" end-time="2024-06-05T12:23:35.4568170Z" duration="0.000076" asserts="2" />
            <test-case id="1-1087" name="Vector_NotEqualToNull" fullname="PlayersWorlds.Maps.VectorTest.Vector_NotEqualToNull" methodname="Vector_NotEqualToNull" classname="PlayersWorlds.Maps.VectorTest" runstate="Runnable" seed="2022301585" result="Passed" start-time="2024-06-05T12:23:35.4568230Z" end-time="2024-06-05T12:23:35.4569870Z" duration="0.000164" asserts="3" />
            <test-case id="1-1091" name="Vector_SnappedForce" fullname="PlayersWorlds.Maps.VectorTest.Vector_SnappedForce" methodname="Vector_SnappedForce" classname="PlayersWorlds.Maps.VectorTest" runstate="Runnable" seed="5190169" result="Passed" start-time="2024-06-05T12:23:35.4569940Z" end-time="2024-06-05T12:23:35.4573660Z" duration="0.000372" asserts="9" />
            <test-case id="1-1090" name="Vector_ThrowsIfNotAValidSize" fullname="PlayersWorlds.Maps.VectorTest.Vector_ThrowsIfNotAValidSize" methodname="Vector_ThrowsIfNotAValidSize" classname="PlayersWorlds.Maps.VectorTest" runstate="Runnable" seed="688623911" result="Passed" start-time="2024-06-05T12:23:35.4573740Z" end-time="2024-06-05T12:23:35.4583370Z" duration="0.000963" asserts="3" />
            <test-case id="1-1092" name="Vector_ToIndex" fullname="PlayersWorlds.Maps.VectorTest.Vector_ToIndex" methodname="Vector_ToIndex" classname="PlayersWorlds.Maps.VectorTest" runstate="Runnable" seed="1547735704" result="Passed" start-time="2024-06-05T12:23:35.4583460Z" end-time="2024-06-05T12:23:35.4585220Z" duration="0.000176" asserts="3" />
            <test-case id="1-1083" name="Vector_ToStringFormat" fullname="PlayersWorlds.Maps.VectorTest.Vector_ToStringFormat" methodname="Vector_ToStringFormat" classname="PlayersWorlds.Maps.VectorTest" runstate="Runnable" seed="1975523661" result="Passed" start-time="2024-06-05T12:23:35.4585280Z" end-time="2024-06-05T12:23:35.4586090Z" duration="0.000081" asserts="2" />
            <test-case id="1-1084" name="Vector_ZeroVectorIsNotEmpty" fullname="PlayersWorlds.Maps.VectorTest.Vector_ZeroVectorIsNotEmpty" methodname="Vector_ZeroVectorIsNotEmpty" classname="PlayersWorlds.Maps.VectorTest" runstate="Runnable" seed="207374473" result="Passed" start-time="2024-06-05T12:23:35.4586160Z" end-time="2024-06-05T12:23:35.4586980Z" duration="0.000082" asserts="1" />
            <test-case id="1-1094" name="VectorD_Parse" fullname="PlayersWorlds.Maps.VectorTest.VectorD_Parse" methodname="VectorD_Parse" classname="PlayersWorlds.Maps.VectorTest" runstate="Runnable" seed="2018303662" result="Passed" start-time="2024-06-05T12:23:35.4587040Z" end-time="2024-06-05T12:23:35.4587830Z" duration="0.000079" asserts="1" />
          </test-suite>
        </test-suite>
      </test-suite>
    </test-suite>
  </test-suite>
</test-run>