<?xml version="1.0" encoding="utf-8" standalone="no"?>
<test-run id="0" runstate="Runnable" testcasecount="806" result="Passed" total="1" passed="1" failed="0" warnings="0" inconclusive="0" skipped="0" asserts="100" engine-version="3.17.0.0" clr-version="4.0.30319.42000" start-time="2024-02-21 14:15:18Z" end-time="2024-02-21 14:15:20Z" duration="2.197356">
  <command-line><![CDATA[/home/data/repos/github.com/aynurin/maze-gen/packages/NUnit.ConsoleRunner.3.17.0/tools/nunit3-console.exe --framework=mono-4.0 build/Debug/tests/PlayersWorlds.Maps.Tests.dll --where=test='PlayersWorlds.Maps.Maze.MazeGeneratorAreasTest.ManualAndAutoAreasGeneration' --testparam=DEBUG=5 --testparam=MAZEGEN=WilsonsMazeGenerator --testparam=MAZEGEN_AREATYPE=Hall --testparam=MAZEGEN_FILLFACTOR=Full]]></command-line>
  <filter>
    <test>PlayersWorlds.Maps.Maze.MazeGeneratorAreasTest.ManualAndAutoAreasGeneration</test>
  </filter>
  <test-suite type="Assembly" id="1-1851" name="PlayersWorlds.Maps.Tests.dll" fullname="/home/data/repos/github.com/aynurin/maze-gen/build/Debug/tests/PlayersWorlds.Maps.Tests.dll" runstate="Runnable" testcasecount="806" result="Passed" start-time="2024-02-21T14:15:18.4795560Z" end-time="2024-02-21T14:15:20.1272150Z" duration="1.647595" total="1" passed="1" failed="0" warnings="0" inconclusive="0" skipped="0" asserts="100">
    <environment framework-version="4.0.1.0" clr-version="4.0.30319.42000" os-version="Unix 6.1.71.1" platform="Unix" cwd="/home/data/repos/github.com/aynurin/maze-gen" machine-name="lightview" user="shav" user-domain="lightview" culture="en-US" uiculture="en-US" os-architecture="x64" />
    <settings>
      <setting name="RequestedRuntimeFramework" value="mono-4.0" />
      <setting name="DisposeRunners" value="True" />
      <setting name="WorkDirectory" value="/home/data/repos/github.com/aynurin/maze-gen" />
      <setting name="TestParametersDictionary" value="[DEBUG, 5], [MAZEGEN, WilsonsMazeGenerator], [MAZEGEN_AREATYPE, Hall], [MAZEGEN_FILLFACTOR, Full]">
        <item key="DEBUG" value="5" />
        <item key="MAZEGEN" value="WilsonsMazeGenerator" />
        <item key="MAZEGEN_AREATYPE" value="Hall" />
        <item key="MAZEGEN_FILLFACTOR" value="Full" />
      </setting>
      <setting name="TestParameters" value="DEBUG=5;MAZEGEN=WilsonsMazeGenerator;MAZEGEN_AREATYPE=Hall;MAZEGEN_FILLFACTOR=Full" />
      <setting name="ImageRuntimeVersion" value="4.0.30319" />
      <setting name="ImageTargetFrameworkName" value=".NETFramework,Version=v4.7" />
      <setting name="ImageRequiresX86" value="False" />
      <setting name="ImageRequiresDefaultAppDomainAssemblyResolver" value="False" />
      <setting name="TargetRuntimeFramework" value="mono-4.0" />
      <setting name="NumberOfTestWorkers" value="24" />
    </settings>
    <properties>
      <property name="_PID" value="1284317" />
      <property name="_APPDOMAIN" value="domain-" />
    </properties>
    <test-suite type="SetUpFixture" id="1-1003" name="[default namespace]" fullname="SetUpTests" classname="SetUpTests" runstate="Runnable" testcasecount="806" result="Passed" start-time="2024-02-21T14:15:18.4842080Z" end-time="2024-02-21T14:15:20.1272050Z" duration="1.642997" total="1" passed="1" failed="0" warnings="0" inconclusive="0" skipped="0" asserts="100">
      <test-suite type="TestSuite" id="1-1852" name="PlayersWorlds" fullname="PlayersWorlds" runstate="Runnable" testcasecount="804" result="Passed" start-time="2024-02-21T14:15:18.5165340Z" end-time="2024-02-21T14:15:20.1267880Z" duration="1.610254" total="1" passed="1" failed="0" warnings="0" inconclusive="0" skipped="0" asserts="100">
        <test-suite type="TestSuite" id="1-1853" name="Maps" fullname="PlayersWorlds.Maps" runstate="Runnable" testcasecount="804" result="Passed" start-time="2024-02-21T14:15:18.5166030Z" end-time="2024-02-21T14:15:20.1267830Z" duration="1.610180" total="1" passed="1" failed="0" warnings="0" inconclusive="0" skipped="0" asserts="100">
          <test-suite type="TestSuite" id="1-1855" name="Maze" fullname="PlayersWorlds.Maps.Maze" runstate="Runnable" testcasecount="590" result="Passed" start-time="2024-02-21T14:15:18.5166130Z" end-time="2024-02-21T14:15:20.1267750Z" duration="1.610163" total="1" passed="1" failed="0" warnings="0" inconclusive="0" skipped="0" asserts="100">
            <test-suite type="TestFixture" id="1-1154" name="MazeGeneratorAreasTest" fullname="PlayersWorlds.Maps.Maze.MazeGeneratorAreasTest" classname="PlayersWorlds.Maps.Maze.MazeGeneratorAreasTest" runstate="Runnable" testcasecount="9" result="Passed" start-time="2024-02-21T14:15:18.5166230Z" end-time="2024-02-21T14:15:20.1262450Z" duration="1.609622" total="1" passed="1" failed="0" warnings="0" inconclusive="0" skipped="0" asserts="100">
              <test-case id="1-1170" name="ManualAndAutoAreasGeneration" fullname="PlayersWorlds.Maps.Maze.MazeGeneratorAreasTest.ManualAndAutoAreasGeneration" methodname="ManualAndAutoAreasGeneration" classname="PlayersWorlds.Maps.Maze.MazeGeneratorAreasTest" runstate="Runnable" seed="1454707438" result="Passed" start-time="2024-02-21T14:15:18.5166900Z" end-time="2024-02-21T14:15:20.1238750Z" duration="1.607267" asserts="100">
                <properties>
                  <property name="Repeat" value="100" />
                </properties>
                <output><![CDATA[AldousBroderMazeGenerator: Generating maze 20x20 with PlayersWorlds.Maps.Maze.GeneratorOptions(Full, Auto, List`1<MapArea>(P2x3;S4x7;Hall;fixed, P<empty>;S2x5;Hall;auto), PlayersWorlds.Maps.Areas.RandomAreaGenerator, PlayersWorlds.Maps.Maze.AldousBroderMazeGenerator)
┌───────────┬───────┬───────────────────────────────────┬───────────────────────┐
│           │       │                                   │                       │
├───╴   ┌───┘   ┌───┴───╴   ┌───────┬───╴   ╶───────────┴───────────┬───────╴   │
│       │       │           │       │                               │           │
│   ╶───┘   ╶───┴───────┐   └───╴   │   ┼   ┼   ┼   ┼   ┼   ┼   ┼   ├───────╴   │
│                       │           │                               │           │
│   ╶───┐   ╷   ╶───────┼───────┐   │   ┼   ┼   ┼   ┼   ┼   ┼   ┼   ├───────┐   │
│       │   │           │       │   │                               │       │   │
│   ┌───┴───┼───╴   ╶───┘   ╶───┘   │   ┼   ┼   ┼   ┼   ┼   ┼   ┼   │   ╶───┴───┤
│   │       │                       │                               │           │
│   │   ┼   ├───────╴   ┌───┐   ╶───┼───┬───────────────┬───┬───┬───┘   ┌───╴   │
│   │       │           │   │       │   │               │   │   │       │       │
│   │   ┼   │   ┌───╴   │   ├───────┘   ╵   ┼   ┼   ┼   ╵   │   │   ╷   ├───┐   │
│   │       │   │       │   │                               │   │   │   │   │   │
├───┤   ┼   └───┘   ┌───┘   └───────┬───╴   ┼   ┼   ┼   ╶───┤   ╵   ├───┤   ╵   │
│   │               │               │                       │       │   │       │
│   │   ┼   ╷   ╶───┘   ╶───┬───────┘   ┌───────────╴   ╷   │   ╶───┤   └───╴   │
│   │       │               │           │               │   │       │           │
│   └───────┘   ╶───┐   ╷   └───╴   ╶───┤   ╶───────────┤   └───────┴───╴   ┌───┤
│                   │   │               │               │                   │   │
│   ╶───┬───╴   ╶───┴───┼───╴   ╶───────┤   ┼   ┼   ┼   ├───╴   ╶───┬───╴   ╵   │
│       │               │               │               │           │           │
├───╴   │   ┼   ┼   ┼   ├───────┬───┐   │   ┼   ┼   ┼   │   ┌───╴   └───────┐   │
│       │               │       │   │   │               │   │               │   │
├───┐   │   ┼   ┼   ┼   │   ╶───┤   ╵   └───────────────┘   └───┐   ╶───────┤   │
│   │   │               │       │                               │           │   │
│   ╵   │   ┼   ┼   ┼   ├───╴   └───╴   ┼   ┼   ┼   ┼   ┼   ┌───┤   ┌───────┘   │
│       │               │                                   │   │   │           │
│   ┌───┤   ┼   ┼   ┼   │   ╷   ╷   ╷   ┼   ┼   ┼   ┼   ┼   ╵   │   ├───────────┤
│   │   │               │   │   │   │                           │   │           │
│   ╵   │   ┼   ┼   ┼   │   ├───┴───┤   ╶───┐   ╶───┐   ┌───┬───┘   │   ╷   ╷   │
│       │               │   │       │       │       │   │   │       │   │   │   │
├───────┤   ┼   ┼   ┼   ├───┘   ╷   │   ╶───┤   ┌───┴───┘   └───╴   │   ├───┤   │
│ 4   3 │               │       │   │       │   │                   │   │   │   │
│   ╷   └───┬───┬───────┼───┬───┘   ╵   ┌───┴───┴───╴   ┌───╴   ╶───┴───┤   ╵   │
│ 5 │ 2     │ c │       │   │           │               │               │       │
│   │   ┼   │   │       │   ╵   ╶───────┤   ┼   ┼   ╷   │   ┌───────┐   ╵   ┌───┤
│ 6 │ 1   0 │ b │       │               │           │   │   │       │       │   │
│   └───────┘   └───┬───┘   ╶───┐   ┌───┴───────────┘   │   └───╴   │   ╷   ╵   │
│ 7   8   9   a     │           │   │                   │           │   │       │
└───────────────────┴───────────┴───┴───────────────────┴───────────┴───┴───────┘

AldousBroderMazeGenerator: Generating maze 20x20 with PlayersWorlds.Maps.Maze.GeneratorOptions(Full, Auto, List`1<MapArea>(P2x3;S4x7;Hall;fixed, P<empty>;S2x5;Hall;auto), PlayersWorlds.Maps.Areas.RandomAreaGenerator, PlayersWorlds.Maps.Maze.AldousBroderMazeGenerator)
┌───────────┬───────────────────────────────────────────────────────┬───┬───────┐
│           │             1c  1d  1e  1f  20  21  22                │   │       │
├───┬───╴   ├───┐   ╶───┐   ╶───────┬───────┐   ╷   ╶───┬───────┐   ╵   └───┬───┤
│   │       │   │       │ 1b        │       │   │ 23    │       │           │   │
│   │   ╷   ╵   ├───────┤   ╶───┬───┤   ╷   └───┘   ╷   └───╴   ├───┐   ╷   ╵   │
│   │   │       │ 14  15│ 1a  19│   │   │ 26  25  24│           │   │   │       │
│   ╵   └───────┘   ╷   └───╴   │   └───┘   ╶───┬───┴───────────┘   ├───┘   ╷   │
│ f   10  11  12  13│ 16  17  18│         27  28│                   │       │   │
│   ╷   ┌───────┐   │   ╷   ╶───┤   ╷   ┌───┐   ├───╴   ╶───┐   ┌───┴───╴   │   │
│ e │   │ 0     │   │   │       │   │   │   │ 29│           │   │           │   │
│   │   │   ┼   ├───┤   ├───┬───┼───┘   │   ╵   ╵   ╶───────┘   └───────┬───┴───┤
│ d │   │ 1     │   │   │   │   │       │     2a                        │       │
│   ├───┤   ┼   │   ╵   │   │   ╵   ╷   ╵   ┼   ┼   ┼   ┼   ┼   ┼   ┌───┴───╴   │
│ c │   │ 2     │       │   │       │         2b                    │           │
│   ╵   │   ┼   ├───╴   │   ├───╴   ├───┐   ┼   ┼   ┼   ┼   ┼   ┼   ├───┐   ╶───┤
│ b   a │ 3     │       │   │       │   │     2c                    │   │       │
├───╴   │   ┼   ├───╴   │   │   ┌───┘   │   ┼   ┼   ┼   ┼   ┼   ┼   ╵   │   ╷   │
│     9 │ 4   5 │       │   │   │       │     2d                        │   │   │
│   ╷   └───╴   ├───╴   ╵   ├───┘   ╷   ╵   ┼   ┼   ┼   ┼   ┼   ┼   ┌───┴───┤   │
│   │ 8   7   6 │           │       │     2f  2e                    │       │   │
│   │   ┌───────┴───────────┤   ╶───┼───╴   ┼   ┼   ┼   ┼   ┼   ┼   │   ╷   ╵   │
│   │   │                   │       │     30                        │   │       │
│   ├───┤   ┼   ┼   ┼   ╷   ├───────┘   ╷   ┼   ┼   ┼   ┼   ┼   ┼   ├───┼───┐   │
│   │   │               │   │           │ 31                        │   │   │   │
│   ╵   │   ┼   ┼   ┼   │   └───────┐   │   ╶───┐   ╷   ╶───┐   ╷   ╵   ╵   └───┤
│       │               │           │   │ 32    │   │       │   │               │
├───╴   │   ┼   ┼   ┼   │   ╶───────┼───┘   ┌───┘   └───────┼───┴───╴   ╷   ╶───┤
│       │               │           │ 34  33│               │           │       │
├───────┤   ┼   ┼   ┼   │   ┌───┐   │   ╶───┘   ┼   ╶───────┘   ┼   ╶───┤   ╶───┤
│ 4a  4b│               │   │   │   │ 35  36                            │       │
│   ╶───┤   ┼   ┼   ┼   │   ╵   └───┴───╴   ┼   ┼   ┼   ┼   ┼   ┼   ┼   ╵   ┌───┤
│ 49  48│               │                 37                                │   │
│   ╷   │   ┼   ┼   ┼   ├───╴   ┼   ╶───╴   ┼   ┼   ┼   ┼   ┼   ┼   ┼   ┼   ╵   │
│   │ 47│               │ 3c  3b  3a  39  38                                    │
├───┘   ├───────┬───────┘   ╷   ┼   ┼   ╷   ┼   ┼   ┼   ┼   ┼   ┼   ┼   ┌───╴   │
│     46│       │ 3f  3e  3d│           │                               │       │
│   ╷   ╵   ┌───┘   ┌───╴   └───────┬───┼───╴   ┌───┬───┐   ╶───╴   ┌───┘   ╶───┤
│   │ 45    │ 41  40│               │   │       │   │   │           │           │
│   │   ╶───┘   ╶───┴───┬───╴   ╶───┤   └───╴   ╵   ╵   │   ╷   ╶───┤   ╶───┐   │
│   │ 44  43  42        │           │                   │   │       │       │   │
└───┴───────────────────┴───────────┴───────────────────┴───┴───────┴───────┴───┘

AldousBroderMazeGenerator: Generating maze 20x20 with PlayersWorlds.Maps.Maze.GeneratorOptions(Full, Auto, List`1<MapArea>(P2x3;S4x7;Hall;fixed, P<empty>;S2x5;Hall;auto), PlayersWorlds.Maps.Areas.RandomAreaGenerator, PlayersWorlds.Maps.Maze.AldousBroderMazeGenerator)
┌───────────────────┬───────────┬───────┬───────────────────────┬───────┬───────┐
│         37  36  35│           │       │                       │       │       │
├───────╴   ┌───╴   ╵   ╶───┐   ├───╴   ├───┬───╴   ╷   ╶───┬───┘   ╷   └───┐   │
│ 3a  39  38│ 33  34        │   │       │   │       │       │       │       │   │
│   ╷   ┌───┘   ┌───┬───────┴───┴───┐   ╵   ╵   ╶───┴───╴   └───────┘   ╶───┘   │
│ 3b│   │     32│   │ 2e  2d  2c    │ 28  27  26                                │
│   ├───┴───┐   ╵   ╵   ╷   ╷   ╶───┘   ╶───┐   ┼   ┼   ╷   ┼   ┼   ┼   ┼   ┌───┤
│ 3c│       │ 31  30  2f│   │ 2b  2a  29    │ 25        │                   │   │
│   │   ┼   ├───┬───────┤   ├───╴   ╶───┬───┘   ┼   ┼   ╵   ┼   ┼   ┼   ┼   ╵   │
│ 3d│       │   │       │   │           │     24                                │
│   │   ┼   ╵   ╵   ╶───┼───┼───────┬───┴───┐   ┼   ┼   ╷   ┼   ┼   ┼   ┼   ┌───┤
│ 3e│                   │   │     52│       │ 23        │                   │   │
│   │   ┼   ╷   ╷   ┼   │   │   ┼   │   ┼   ╵   ┼   ┼   ╵   ┼   ┼   ┼   ┼   │   │
│ 3f│       │   │       │   │     51│         22                            │   │
│   │   ┼   ├───┤   ┼   ╵   │   ┼   │   ┼   ╷   ┼   ┼   ╷   ┼   ┼   ┼   ┼   ╵   │
│ 40│       │   │ 4a  4b    │ 4f  50│       │ 21  20  1f│                       │
│   ├───────┘   ╵   ╷   ╶───┘   ┌───┴───────┘   ┼   ╷   └───┬───────────────┐   │
│ 41│ 46  47  48  49│ 4c  4d  4e│                   │ 1e  1d│               │   │
│   │   ┌───────────┴───╴   ┌───┘   ┌───────────────┴───╴   ├───────┬───╴   ╵   │
│ 42│ 45│                   │       │             1a  1b  1c│       │           │
│   ╵   ├───────────────┬───┴───┐   ├───────────┐   ╷   ╷   ├───┐   ╵   ╷   ╶───┤
│ 43  44│               │       │   │           │ 19│   │   │   │       │       │
├───╴   │   ┼   ┼   ┼   ├───╴   └───┴───╴   ╶───┘   ├───┴───┘   ╵   ┌───┴───┬───┤
│       │               │                     17  18│               │       │   │
├───╴   │   ┼   ┼   ┼   │   ╷   ┌───┬───╴   ╷   ┌───┘   ┼   ┼   ╶───┘   ╶───┘   │
│       │               │   │   │   │       │ 16│                               │
├───╴   │   ┼   ┼   ┼   └───┼───┘   └───┬───┘   ╵   ╷   ┼   ╶───┬───┬───────╴   │
│       │                   │           │ 14  15    │           │   │           │
│   ╶───┤   ┼   ┼   ┼   ╷   └───╴   ╶───┘   ┌───╴   │   ┼   ┼   ╵   ├───────╴   │
│       │               │ f   10  11  12  13│       │               │           │
│   ╷   │   ┼   ┼   ┼   │   ┌───┬───╴   ┌───┘   ╷   ╵   ┼   ╶───┐   └───╴   ╷   │
│   │   │               │ e │   │       │       │               │           │   │
│   │   │   ┼   ┼   ┼   │   ╵   └───────┤   ┌───┘   ╶───┐   ┌───┘   ╶───┐   └───┤
│   │   │               │ d   c   b     │   │           │   │           │       │
│   │   └───┬───┬───┬───┴───┬───╴   ┌───┘   ├───╴   ┌───┴───┴───┐   ┌───┴───┐   │
│   │       │   │ 0 │       │     a │       │       │           │   │       │   │
│   │   ┼   │   ╵   │       ├───╴   └───┬───┴───┬───┤           │   ╵   ╷   ├───┤
│   │       │ 2   1 │       │ 8   9     │       │   │           │       │   │   │
│   └───┬───┘   ╶───┴───────┘   ╶───────┤   ╶───┘   └───────────┘   ╶───┼───┘   │
│       │     3   4   5   6   7         │                               │       │
└───────┴───────────────────────────────┴───────────────────────────────┴───────┘

AldousBroderMazeGenerator: Generating maze 20x20 with PlayersWorlds.Maps.Maze.GeneratorOptions(Full, Auto, List`1<MapArea>(P2x3;S4x7;Hall;fixed, P<empty>;S2x5;Hall;auto), PlayersWorlds.Maps.Areas.RandomAreaGenerator, PlayersWorlds.Maps.Maze.AldousBroderMazeGenerator)
┌───┬───────────┬───────────────────────────────┬───────────────────────────────┐
│   │ 13  12  11│ e   d   c   b                 │                               │
│   │   ╶───┐   ╵   ╷   ╶───┐   ╶───────────────┴───┬───────────────────────────┤
│   │ 14    │ 10  f │       │ a   9                 │                           │
│   │   ╷   └───┬───┴───┬───┴───┐   ┼   ┼   ┼   ┼   │   ┼   ┼   ┼   ┼   ┼   ┼   │
│   │ 15│       │       │       │ 8                 │                           │
│   │   └───────┤   ┼   ├───╴   │   ┼   ┼   ┼   ┼   │   ┼   ┼   ┼   ┼   ┼   ┼   │
│   │ 16  17    │       │       │ 7                 │                           │
│   └───┐   ╶───┤   ┼   │   ╷   │   ┼   ┼   ┼   ┼   │   ┼   ┼   ┼   ┼   ┼   ┼   │
│       │ 18  19│       │   │   │ 6                 │                           │
├───┐   ╵   ╷   │   ┼   │   ├───┤   ┼   ┼   ┼   ┼   │   ┼   ┼   ┼   ┼   ┼   ┼   │
│   │       │ 1a│       │   │   │ 5                 │                           │
│   ╵   ╶───┤   │   ┼   ╵   ╵   │   ┼   ┼   ┼   ┼   │   ┼   ┼   ┼   ┼   ┼   ┼   │
│           │ 1b│               │ 4   3   2   1   0 │                           │
├───┬───────┤   ├───────┐   ┌───┴───┬───────────┬───┘   ┼   ┼   ┼   ┼   ┼   ┼   │
│   │       │ 1c│       │   │       │           │                               │
│   ╵   ╶───┘   ├───╴   ╵   ╵   ╷   └───╴   ╷   ╵   ╶───────────────┬───────────┤
│             1d│               │           │                       │           │
├───────────┐   └───╴   ╶───────┼───╴   ┌───┴───────────────────┐   │   ╶───┬───┤
│           │ 1e  1f  20  21  22│       │                       │   │       │   │
│   ┼   ┌───┴───────────┬───╴   │   ╷   │   ┼   ┼   ┼   ┼   ┼   │   ├───╴   ╵   │
│       │               │ 24  23│   │   │                       │   │           │
│   ┼   │   ┼   ┼   ┼   │   ┌───┤   └───┤   ┼   ┼   ┼   ┼   ┼   │   │   ╶───┬───┤
│       │               │ 25│   │       │                       │   │       │   │
│   ╶───┤   ┼   ┼   ┼   │   │   ╵   ╶───┘   ┌───────────────────┤   │   ┌───┘   │
│       │               │ 26│               │                   │   │   │       │
│   ╷   │   ┼   ┼   ┼   │   └───────────┐   ├───┐   ┌───╴   ┌───┴───┤   │   ╶───┤
│   │   │               │ 27  28  29  2a│   │   │   │       │       │   │       │
│   └───┤   ┼   ┼   ┼   ╵   ┌───────╴   └───┘   ├───┴───┐   ╵   ╷   ╵   │   ╷   │
│       │                   │         2b  2c  2d│       │       │       │   │   │
│   ┼   │   ┼   ┼   ┼   ╷   │   ╶───┐   ┼   ┼   │   ┌───┴───────┘   ╶───┼───┤   │
│       │               │   │       │         2e│   │     33  34  35  36│   │   │
├───────┤   ┼   ┼   ┼   │   └───┬───┤   ┌───┐   ╵   └───╴   ┌───╴   ╷   ╵   ╵   │
│       │               │       │   │   │   │ 2f  30  31  32│       │ 37  38  39│
│   ┌───┴───────┬───────┤   ╷   │   ╵   │   └───────┬───────┤   ┌───┴───────╴   │
│   │           │       │   │   │       │           │ 46  47│   │         3b  3a│
│   │   ┌───────┤   ┼   └───┘   └───╴   ╵   ╶───┬───┤   ╶───┼───┴───┬───╴   ┌───┤
│   │   │       │                               │   │ 45  44│ 41  40│     3c│   │
│   ╵   ╵   ╷   ╵   ┼   ╷   ╶───┐   ┼   ┼   ┼   ╵   └───┐   ╵   ╷   └───╴   ╵   │
│           │           │       │                       │ 43  42│ 3f  3e  3d    │
└───────────┴───────────┴───────┴───────────────────────┴───────┴───────────────┘

AldousBroderMazeGenerator: Generating maze 20x20 with PlayersWorlds.Maps.Maze.GeneratorOptions(Full, Auto, List`1<MapArea>(P2x3;S4x7;Hall;fixed, P<empty>;S2x5;Hall;auto), PlayersWorlds.Maps.Areas.RandomAreaGenerator, PlayersWorlds.Maps.Maze.AldousBroderMazeGenerator)
┌───────────────────────────────┬───────────────┬───┬───────┬───────┬───────────┐
│                               │               │   │       │       │           │
├───────┬───╴   ╶───────┬───╴   ├───╴   ╶───┐   │   │   ┌───┴───╴   ╵   ╷   ╷   │
│       │               │       │           │   │   │   │               │   │   │
├───╴   └───────────┐   │   ┌───┼───╴   ╶───┤   │   ╵   │   ┌───┐   ┌───┴───┴───┤
│                   │   │   │   │           │   │       │   │   │   │           │
│   ┌───┐   ┌───╴   └───┘   ╵   └───╴   ┼   └───┘   ╶───┴───┘   ╵   └───╴   ┌───┤
│   │   │   │                             f   e   d   c   b   a   9         │   │
│   │   ├───┴───┐   ┌───┬───┬───╴   ┼   ┼   ┼   ┼   ┼   ┼   ┼   ╷   ╶───┐   │   │
│   │   │       │   │   │   │             10                    │ 8     │   │   │
│   ╵   │   ┼   │   ╵   │   └───╴   ┼   ┼   ┼   ┼   ┼   ┼   ┼   │   ╶───┴───┘   │
│       │       │       │         13  12  11                    │ 7   6   5     │
├───╴   │   ┼   ├───╴   └───┐   ┼   ┼   ┼   ┼   ┼   ┼   ┼   ┼   ├───────╴   ╷   │
│       │       │           │ 15  14                            │ 2   3   4 │   │
├───╴   │   ┼   │   ┌───┐   ╵   ╷   ╶───╴   ╷   ┌───╴   ╷   ┌───┘   ┌───────┤   │
│       │       │   │   │     16│           │   │       │   │ 0   1 │       │   │
├───╴   │   ┼   ╵   │   └───┐   ├───────────┴───┴───────┴───┴───┬───┴───┐   └───┤
│       │           │       │ 17│                               │       │ 3a  3b│
│   ┌───┴───────╴   └───╴   │   │                               │   ┌───┘   ╷   │
│   │                       │ 18│                               │   │ 38  39│ 3c│
├───┘   ┌───────╴   ╶───┬───┘   │                               ├───┘   ╶───┴───┤
│       │               │ 1a  19│                               │     37        │
├───╴   │   ┼   ┼   ┼   │   ╶───┤                               ├───┐   ╶───────┤
│       │               │ 1b  1c│                               │   │ 36  35    │
├───────┤   ┼   ┼   ┼   ├───╴   └───┬───────────────────────────┤   └───┐   ┌───┤
│       │               │     1d    │                           │       │ 34│   │
├───╴   │   ┼   ┼   ┼   │   ╷   ╶───┴───╴   ╶───────────────────┴───┐   ╵   ╵   │
│       │               │   │ 1e  1f                                │     33    │
├───╴   │   ┼   ┼   ┼   │   ├───┐   ┼   ┼   ┼   ┼   ╶───┬───────────┼───╴   ┌───┤
│       │               │   │   │ 20  21  22            │     2d  2e│ 31  32│   │
│   ╷   │   ┼   ┼   ┼   │   │   └───┐   ┼   ┼   ┼   ╶───┤   ╷   ╷   ╵   ╶───┘   │
│   │   │               │   │       │     23            │   │ 2c│ 2f  30        │
├───┘   │   ┼   ┼   ┼   ├───┘   ┌───┴───╴   ╶───────┬───┴───┘   │   ╷   ┌───┬───┤
│       │               │       │         24  25  26│ 29  2a  2b│   │   │   │   │
├───┐   └───────┬───────┘   ╷   │   ┌───────────┐   ╵   ╶───┬───┤   └───┘   ╵   │
│   │           │           │   │   │           │ 27  28    │   │               │
│   └───╴   ┼   ╵   ╶───────┴───┤   │           ├───╴   ╶───┘   ├───┬───┐   ╶───┤
│                               │   │           │               │   │   │       │
│   ┌───────╴   ┌───────╴   ╶───┘   └───┬───────┘   ┌───╴   ╷   │   ╵   ╵   ╷   │
│   │           │                       │           │       │   │           │   │
└───┴───────────┴───────────────────────┴───────────┴───────┴───┴───────────┴───┘

AldousBroderMazeGenerator: Generating maze 20x20 with PlayersWorlds.Maps.Maze.GeneratorOptions(Full, Auto, List`1<MapArea>(P2x3;S4x7;Hall;fixed, P<empty>;S2x5;Hall;auto), PlayersWorlds.Maps.Areas.RandomAreaGenerator, PlayersWorlds.Maps.Maze.AldousBroderMazeGenerator)
┌───┬───────┬───────────────────┬───────────────────┬───┬───────┬───┬───────────┐
│   │       │                   │                   │   │       │   │           │
│   └───╴   ╵   ┌───────┐   ╷   └───┐   ╶───────╴   ╵   └───╴   │   └───╴   ╷   │
│               │       │   │       │                           │           │   │
│   ╷   ╶───┬───┘   ┌───┴───┘   ╶───┤   ┼   ┼   ┼   ┼   ┼   ┼   └───────┬───┘   │
│   │       │       │               │                                   │       │
│   ├───────┴───┐   └───╴   ╶───┬───┘   ┼   ┼   ┼   ┼   ┼   ┼   ╶───╴   │   ╶───┤
│   │           │               │                                       │       │
│   │   ┼   ╷   ├───────────────┴───╴   ┼   ┼   ┼   ┼   ┼   ┼   ╷   ┌───┤   ╷   │
│   │       │   │                                               │   │   │   │   │
│   │   ┼   │   ╵   ┌───┬───┬───────┐   ┼   ┼   ┼   ┼   ┼   ┼   │   │   ╵   │   │
│   │       │       │   │   │       │                           │   │       │   │
│   │   ┼   │   ╶───┘   │   └───┐   ╵   ┼   ┼   ┼   ┼   ┼   ┼   └───┘   ╶───┴───┤
│   │       │           │       │                                               │
│   │   ┼   ├───╴   ╷   ├───╴   │   ┼   ┼   ┼   ┼   ┼   ┼   ┼   ╶───╴   ╷   ┌───┤
│   │       │       │   │       │                                       │   │   │
│   ├───┬───┼───╴   │   ╵   ╶───┴───┐   ┌───┐   ┌───╴   ╶───┐   ╶───────┼───┘   │
│   │   │   │       │               │   │   │   │           │           │       │
│   ╵   ╵   ╵   ╷   │   ┌───╴   ╷   ╵   ╵   └───┤   ╷   ╶───┤   ╶───┬───┘   ┌───┤
│               │   │   │       │               │   │       │       │       │   │
│   ╷   ┌───────┴───┴───┘   ┌───┼───┐   ╶───╴   └───┘   ┼   ├───╴   ╵   ╷   ╵   │
│   │   │                   │   │   │                       │           │       │
├───┴───┤   ┼   ┼   ┼   ╷   ╵   ╵   │   ┼   ┼   ┼   ┼   ┼   │   ╷   ╷   ├───┐   │
│ 1   0 │               │           │                       │   │   │   │   │   │
│   ╶───┤   ┼   ┼   ┼   │   ╷   ╶───┤   ┼   ┼   ┼   ┼   ┼   │   │   │   ╵   │   │
│ 2     │               │   │       │                       │   │   │       │   │
│   ┼   │   ┼   ┼   ┼   ├───┘   ╷   │   ┼   ┼   ┼   ┼   ┼   └───┴───┘   ╷   │   │
│ 3     │               │       │   │                                   │   │   │
│   ╶───┤   ┼   ┼   ┼   │   ┌───┘   ╵   ┼   ┼   ┼   ┼   ┼   ┌───────╴   ├───┼───┤
│ 4     │               │   │                               │           │   │   │
│   ╷   │   ┼   ┼   ┼   ├───┘   ╶───┬───╴   ╷   ╶───────┐   ├───╴   ╷   │   ╵   │
│ 5 │   │               │           │       │           │   │       │   │       │
│   └───┤   ┼   ┼   ┼   │   ┌───────┴───┬───┘   ╶───┐   ╵   ├───────┘   └───┐   │
│ 6     │               │   │           │           │       │               │   │
│   ┌───┴───────────────┘   └───────┐   ├───────────┤   ┌───┴───╴   ┌───┐   ╵   │
│ 7 │                               │   │           │   │           │   │       │
│   └───────┐   ╶───┐   ┼   ╷   ╷   ╵   │           │   ╵   ┌───────┘   ├───╴   │
│ 8   9   a │       │       │   │       │           │       │           │       │
│   ╶───┐   ├───────┘   ┼   └───┘   ╷   └───┬───────┴───╴   └───┐   ╶───┘   ╶───┤
│       │ b │                       │       │                   │               │
└───────┴───┴───────────────────────┴───────┴───────────────────┴───────────────┘

AldousBroderMazeGenerator: Generating maze 20x20 with PlayersWorlds.Maps.Maze.GeneratorOptions(Full, Auto, List`1<MapArea>(P2x3;S4x7;Hall;fixed, P<empty>;S2x5;Hall;auto), PlayersWorlds.Maps.Areas.RandomAreaGenerator, PlayersWorlds.Maps.Maze.AldousBroderMazeGenerator)
┌───┬───┬───┬───────────┬───────┬───────────────────┬───────┬───────────────────┐
│   │   │   │           │       │                   │       │                   │
│   │   │   └───┐   ╶───┼───┐   ├───────┐   ┌───────┘   ╶───┴───╴   ╷   ╶───┐   │
│   │   │       │       │   │   │       │   │                       │       │   │
│   ╵   │   ╶───┤   ╷   ╵   ╵   ╵   ┌───┘   ╵   ╷   ┌───┐   ┌───────┘   ┌───┘   │
│       │       │   │               │           │   │   │   │           │       │
├───╴   └───╴   └───┘   ╷   ┌───────┤   ┌───╴   ├───┘   ├───┴───┬───┐   ├───────┤
│                       │   │       │   │       │       │       │   │   │       │
│   ┌───────┐   ╶───┐   │   ╵   ╶───┘   └───┬───┤   ╶───┘   ┌───┘   │   │   ┌───┤
│   │       │       │   │                   │   │           │       │   │   │   │
│   │   ┼   │   ╷   ├───┴───────┐   ╶───────┘   ╵   ╶───╴   ╵   ╶───┴───┴───┘   │
│   │       │   │   │           │                                               │
│   │   ┼   ╵   │   │   ┼   ┼   │   ╷   ┌───╴   ┼   ┼   ┼   ┼   ┼   ┼   ┌───┬───┤
│   │           │   │           │   │   │                               │   │   │
│   │   ┼   ┌───┘   │   ┼   ┼   ├───┴───┘   ┼   ┼   ┼   ┼   ┼   ┼   ┼   ╵   ╵   │
│   │       │       │           │ 23  22  21  20                                │
│   │   ┼   │   ╷   │   ┼   ┼   │   ┌───────┐   ┼   ┼   ┼   ┼   ┼   ┼   ╷   ╷   │
│   │       │   │   │           │ 24│       │ 1f                        │   │   │
├───┴───────┤   └───┘   ╶───────┤   ╵   ┌───┘   ┼   ┼   ┼   ┼   ┼   ┼   └───┘   │
│ 43  44  45│                   │ 25    │     1e                                │
│   ╶───┬───┴───────────┐   ╶───┤   ┌───┘   ┼   ┼   ┼   ┼   ┼   ┼   ┼   ╷   ╶───┤
│ 42  41│               │       │ 26│         1d  1c                    │       │
├───╴   │   ┼   ┼   ┼   │   ╶───┤   └───┐   ┼   ┼   ┼   ┼   ┼   ┼   ┼   └───╴   │
│     40│               │       │ 27  28│         1b  1a  19  18  17  16  15  14│
│   ╷   │   ┼   ┼   ┼   │   ╶───┴───┐   └───┬───┬───╴   ┼   ┼   ╷   ┼   ┌───╴   │
│   │ 3f│               │           │ 29    │   │               │       │ 12  13│
├───┘   │   ┼   ┼   ┼   ├───╴   ┌───┘   ┌───┘   ╵   ╷   ┌───────┼───╴   │   ╶───┤
│ 3d  3e│               │       │ 2b  2a│           │   │       │       │ 11    │
│   ╷   │   ┼   ┼   ┼   │   ╶───┤   ┌───┤   ╶───────┤   └───╴   ╵   ┌───┘   ┌───┤
│ 3c│   │               │       │ 2c│   │           │               │ f   10│   │
│   └───┤   ┼   ┼   ┼   │   ╷   │   │   ├───┐   ╷   └───────────┬───┘   ╷   │   │
│ 3b    │               │   │   │ 2d│   │   │   │               │ d   e │   │   │
│   ┌───┤   ┼   ┼   ┼   │   └───┘   ╵   ╵   └───┤   ┼   ┼   ┼   │   ╶───┴───┘   │
│ 3a│   │               │         2e            │               │ c             │
│   ╵   ├───╴   ╶───────┤   ╷   ┼   ┼   ╶───┐   │   ┼   ┼   ┼   │   ┌───────────┤
│ 39  38│               │   │     2f        │   │               │ b │ 4   3   2 │
├───┐   ╵   ┼   ┼   ╶───┴───┴───╴   ╷   ╶───┤   └───────┬───────┘   │   ┌───╴   │
│   │ 37  36  35  34  33  32  31  30│       │           │     9   a │ 5 │ 0   1 │
│   ╵   ╷   ┼   ┼   ╶───┐   ┌───╴   │   ╶───┼───╴   ╶───┤   ╷   ╶───┘   └───────┤
│       │               │   │       │       │           │   │ 8   7   6         │
└───────┴───────────────┴───┴───────┴───────┴───────────┴───┴───────────────────┘

AldousBroderMazeGenerator: Generating maze 20x20 with PlayersWorlds.Maps.Maze.GeneratorOptions(Full, Auto, List`1<MapArea>(P2x3;S4x7;Hall;fixed, P<empty>;S2x5;Hall;auto), PlayersWorlds.Maps.Areas.RandomAreaGenerator, PlayersWorlds.Maps.Maze.AldousBroderMazeGenerator)
┌───┬───────────────────┬───────────┬───┬───────────┬───────┬───────┬───────────┐
│   │ 26  25  24  23  22│ 1f  1e  1d│   │           │ 10  f │       │ 2   3   4 │
│   ╵   ╶───────┬───┐   ╵   ╶───┐   ╵   ├───────┐   ╵   ╷   ╵   ┌───┘   ┌───┐   │
│ 28  27        │   │ 21  20    │ 1c  1b│       │     11│ e   d │ 0   1 │   │ 5 │
│   ╶───────────┤   ├───────┬───┼───┐   │   ╷   ╵   ╷   ├───╴   └───┐   │   ╵   │
│ 29  2a        │   │       │   │   │ 1a│   │       │ 12│     c     │   │ 7   6 │
├───╴   ╶───┐   ╵   │   ┼   │   ╵   │   └───┤   ┌───┘   ├───┐   ╶───┴───┘   ╶───┤
│ 2c  2b    │       │       │       │ 19    │   │     13│   │ b   a   9   8     │
│   ┌───────┼───╴   │   ┼   ╵   ╶───┘   ╶───┴───┴───╴   │   ├───╴   ╶───┬───┐   │
│ 2d│       │       │                 18  17  16  15  14│   │           │   │   │
│   ╵   ┼   ├───╴   │   ┼   ╷   ╷   ╶───────┬───────╴   ╵   │   ╷   ╷   ╵   │   │
│ 2e        │       │       │   │           │               │   │   │       │   │
│   ╷   ┼   │   ╶───┤   ┼   ├───┴───────────┤   ╶───┬───────┴───┴───┴───────┴───┤
│ 2f│       │       │       │               │       │                           │
│   └───┬───┼───╴   ├───┬───┘   ╷   ┌───────┘   ╷   │   ┼   ┼   ┼   ┼   ┼   ┼   │
│ 30    │   │       │   │       │   │           │   │                           │
│   ┌───┘   ╵   ╷   │   ╵   ╶───┤   ├───┐   ┌───┴───┤   ┼   ┼   ┼   ┼   ┼   ┼   │
│ 31│           │   │           │   │   │   │       │                           │
│   └───┬───╴   └───┼───╴   ╶───┴───┘   │   └───╴   │   ┼   ┼   ┼   ┼   ┼   ┼   │
│ 32  33│           │                   │           │                           │
├───╴   ├───────────┴───────╴   ┌───┬───┴───────┐   │   ┼   ┼   ┼   ┼   ┼   ┼   │
│ 35  34│                       │   │           │   │                           │
│   ╶───┤   ┼   ┼   ┼   ╷   ┌───┘   │   ┼   ┼   │   │   ┼   ┼   ┼   ┼   ┼   ┼   │
│ 36    │               │   │       │           │   │                           │
│   ┼   │   ┼   ┼   ┼   │   ╵   ╶───┤   ┼   ┼   ├───┘   ┼   ┼   ┼   ┼   ┼   ┼   │
│ 37    │               │           │           │                               │
│   ┼   │   ┼   ┼   ┼   │   ╶───┐   ╵   ┼   ┼   │   ╶───────────┬───┬───────────┤
│ 38    │               │       │               │               │   │           │
│   ╶───┤   ┼   ┼   ┼   ├───┐   └───┬───┬───┬───┘   ┌───────╴   │   └───╴   ╶───┤
│ 39    │               │   │       │   │   │       │           │     54  55  56│
│   ╶───┤   ┼   ┼   ┼   │   └───╴   ╵   ╵   ╵   ╶───┼───────┐   ├───┐   ╷   ╷   │
│ 3a  3b│               │                           │       │   │   │ 53│   │ 57│
├───╴   │   ┼   ┼   ┼   │   ╷   ╷   ╶───┬───╴   ╶───┘   ╶───┼───┘   ╵   └───┤   │
│     3c│               │   │   │       │     4a  4b  4c  4d│ 50  51  52    │ 58│
├───╴   └───┬───────────┘   │   └───┬───┴───╴   ╶───┬───╴   ╵   ┌───────────┤   │
│     3d  3e│               │       │         49    │     4e  4f│ 5e  5d  5c│ 59│
├───╴   ╷   └───────╴   ┼   └───────┘   ┼   ┼   ┌───┘   ╶───────┼───────╴   ╵   │
│       │ 3f  40  41  42  43  44  45  46  47  48│               │         5b  5a│
│   ╶───┴───────┐   ╷   ┼   ╶───────┬───╴   ┼   │   ╶───┐   ╶───┴───────────────┤
│               │   │               │           │       │                       │
└───────────────┴───┴───────────────┴───────────┴───────┴───────────────────────┘

AldousBroderMazeGenerator: Generating maze 20x20 with PlayersWorlds.Maps.Maze.GeneratorOptions(Full, Auto, List`1<MapArea>(P2x3;S4x7;Hall;fixed, P<empty>;S2x5;Hall;auto), PlayersWorlds.Maps.Areas.RandomAreaGenerator, PlayersWorlds.Maps.Maze.AldousBroderMazeGenerator)
┌───────────────┬───────┬───────────┬───┬───────────────────────────────────┬───┐
│               │       │           │   │                                   │   │
├───┬───┐   ┌───┴───╴   ╵   ┌───────┘   ├───────┐   ╷   ┌───────────┬───╴   │   │
│   │   │   │               │           │       │   │   │           │       │   │
│   │   ╵   ╵   ┌───╴   ┌───┼───╴   ╶───┼───╴   └───┘   │   ┼   ┼   ├───────┘   │
│   │           │       │   │           │               │           │           │
│   ╵   ┌───────┘   ┼   ╵   └───╴   ╷   │   ┌───┐   ┌───┘   ┼   ┼   ├───────╴   │
│       │                           │   │   │   │   │               │           │
├───╴   ├───┬───╴   ┼   ┌───────┐   ├───┴───┘   │   ╵   ╷   ┼   ┼   ├───┐   ╶───┤
│       │   │           │       │   │           │       │           │   │       │
├───────┘   │   ╷   ╷   └───┐   ├───┘   ┌───┐   ╵   ╶───┴───┬───┬───┘   └───╴   │
│           │   │   │       │   │       │   │               │   │               │
│   ╷   ╶───┴───┤   ╵   ╶───┤   └───╴   │   └───┐   ╷   ┌───┘   │   ╷   ╶───────┤
│   │           │           │           │       │   │   │       │   │           │
│   │   ╶───────┴───┐   ╷   ╵   ╶───┬───┴───┐   └───┤   ├───╴   └───┘   ╷   ╷   │
│   │               │   │           │       │       │   │               │   │   │
├───┴───┐   ╶───────┼───┘   ┌───╴   │   ┼   │   ╶───┘   └───────────╴   └───┘   │
│       │           │       │       │       │                                   │
│   ┼   └───╴   ╷   └───╴   ├───╴   │   ┼   │   ╷   ┼   ┼   ┼   ┼   ┼   ┼   ┼   │
│               │           │       │       │   │                               │
│   ┼   ┌───────┴───────┐   │   ┼   │   ┼   │   ╵   ┼   ┼   ┼   ┼   ┼   ┼   ┼   │
│       │               │   │       │       │                                   │
├───────┤   ┼   ┼   ┼   │   │   ┼   │   ┼   │   ╷   ┼   ┼   ┼   ┼   ┼   ┼   ┼   │
│       │               │   │       │       │   │                               │
│   ╷   │   ┼   ┼   ┼   ├───┤   ┼   ├───╴   ├───┴───╴   ┌───────╴   ╷   ╷   ┼   │
│   │   │               │   │       │       │           │           │   │       │
│   └───┤   ┼   ┼   ┼   ╵   ╵   ╷   ╵   ┌───┼───────┬───┴───╴   ┌───┼───┴───╴   │
│       │                       │       │   │       │           │   │           │
├───╴   │   ┼   ┼   ┼   ╷   ╷   └───┐   ╵   └───┐   ╵   ╶───┐   │   ├───╴   ╶───┤
│       │               │   │       │           │           │   │   │           │
│   ┼   │   ┼   ┼   ┼   ├───┘   ╷   ├───────╴   ├───┐   ┌───┘   ╵   └───────┐   │
│       │               │       │   │           │   │   │                   │   │
├───────┤   ┼   ┼   ┼   │   ┌───┤   └───┬───────┘   ╵   ├───────────────┬───┘   │
│ 8   7 │               │   │   │       │               │               │       │
│   ╷   └───────┬───────┤   ╵   │   ╶───┤   ╷   ┌───╴   │   ┼   ┼   ┼   │   ╶───┤
│ 9 │ 6   5   4 │       │       │       │   │   │       │               │       │
│   │   ┌───┐   │   ┼   │   ╶───┤   ┼   │   ├───┘   ╷   │   ┼   ┼   ┼   │   ╶───┤
│ a │   │ 0 │ 3 │       │       │       │   │       │   │               │       │
│   ├───┘   ╵   └───┐   └───╴   └───┬───┘   └───┬───┘   └───────────╴   └───┐   │
│ b │     1   2     │               │           │                           │   │
└───┴───────────────┴───────────────┴───────────┴───────────────────────────┴───┘

AldousBroderMazeGenerator: Generating maze 20x20 with PlayersWorlds.Maps.Maze.GeneratorOptions(Full, Auto, List`1<MapArea>(P2x3;S4x7;Hall;fixed, P<empty>;S2x5;Hall;auto), PlayersWorlds.Maps.Areas.RandomAreaGenerator, PlayersWorlds.Maps.Maze.AldousBroderMazeGenerator)
┌───┬───────┬───────────────────────┬───────────────────────────────────────────┐
│   │       │                       │                                           │
│   └───╴   │   ╷   ╶───┬───────────┘   ╷   ┌───────────────────────────┐   ┌───┤
│           │   │       │               │   │                           │   │   │
├───╴   ┌───┴───┴───────┤   ┌───────╴   └───┤   ┼   ┼   ┼   ┼   ┼   ┼   │   ╵   │
│       │               │   │               │                           │       │
│   ╷   ├───╴   ┌───────┘   │   ┼   ╷   ┌───┤   ┼   ┼   ┼   ┼   ┼   ┼   │   ╶───┤
│   │   │       │           │       │   │   │                           │       │
├───┤   │   ╶───┼───────╴   │   ┼   │   ╵   │   ┼   ┼   ┼   ┼   ┼   ┼   │   ╷   │
│   │   │       │           │       │       │                           │   │   │
│   ╵   └───┐   ╵   ╷   ╶───┤   ┼   ├───────┤   ┼   ┼   ┼   ┼   ┼   ┼   ├───┘   │
│           │       │       │       │       │                           │       │
│   ┌───┬───┤   ╷   └───┬───┤   ┼   ├───╴   │   ┼   ┼   ┼   ┼   ┼   ┼   │   ╷   │
│   │   │   │   │       │   │       │       │                           │   │   │
│   ╵   ╵   │   ├───╴   ╵   └───────┼───╴   ╵   ┼   ┼   ┼   ┼   ┼   ┼   │   │   │
│           │   │                   │                                   │   │   │
├───╴   ╶───┴───┴───┐   ┌───────╴   ╵   ╶───────┬───────────────────────┘   │   │
│                   │   │                       │                           │   │
├───╴   ┌───╴   ╶───┘   ├───────╴   ╶───┬───────┼───────────╴   ╷   ┌───╴   ├───┤
│       │               │               │       │               │   │       │   │
│   ┼   ├───────────────┤   ╶───────┐   └───╴   │   ┼   ┼   ┼   │   └───┐   ╵   │
│       │               │           │           │               │       │       │
├───────┤   ┼   ┼   ┼   ├───┐   ╷   ├───┬───╴   │   ┼   ┼   ┼   │   ┌───┘   ╷   │
│       │               │   │   │   │   │       │               │   │       │   │
│   ╶───┤   ┼   ┼   ┼   │   └───┘   ╵   └───┬───┼───────────────┤   │   ╷   ├───┤
│       │               │                   │   │               │   │   │   │   │
├───────┤   ┼   ┼   ┼   ├───╴   ╷   ╷   ╶───┤   └───┬───────╴   └───┘   └───┘   │
│ 10    │               │       │   │       │       │                           │
│   ┼   │   ┼   ┼   ┼   │   ┌───┴───┴───┐   └───┐   └───────╴   ╷   ╷   ╷   ╷   │
│ f   e │               │   │           │       │               │   │   │   │   │
├───╴   │   ┼   ┼   ┼   │   └───┬───┐   └───────┘   ┌───╴   ╶───┼───┘   │   │   │
│ c   d │               │       │   │               │           │       │   │   │
│   ╷   │   ┼   ┼   ┼   ╵   ╷   │   ╵   ┌───┐   ╷   └───┬───┬───┴───┐   │   └───┤
│ b │   │                   │   │       │   │   │       │   │       │   │       │
│   ├───┼───────┬───────╴   └───┴───┬───┘   ├───┤   ╶───┘   └───╴   │   ├───────┤
│ a │   │       │                   │       │   │                   │   │       │
│   ╵   └───╴   │   ┼   ┌───┐   ┼   │   ╷   │   ╵   ┼   ┼   ╶───┬───┤   └───╴   │
│ 9   8   7     │       │   │       │   │   │                   │   │           │
│   ╷   ╷   ╶───┴───────┘   └───────┤   └───┴───╴   ┌───╴   ╶───┤   └───╴   ╶───┤
│   │   │ 6   5   4   3   2   1   0 │               │           │               │
└───┴───┴───────────────────────────┴───────────────┴───────────┴───────────────┘

AldousBroderMazeGenerator: Generating maze 20x20 with PlayersWorlds.Maps.Maze.GeneratorOptions(Full, Auto, List`1<MapArea>(P2x3;S4x7;Hall;fixed, P<empty>;S2x5;Hall;auto), PlayersWorlds.Maps.Areas.RandomAreaGenerator, PlayersWorlds.Maps.Maze.AldousBroderMazeGenerator)
┌───────────┬───────┬───┬───────────┬───────┬───────────┬───┬───────────┬───────┐
│           │       │   │           │       │           │   │           │       │
│   ╷   ╶───┤   ╷   ╵   ╵   ╷   ╷   ╵   ╶───┘   ╶───────┘   └───╴   ╷   ╵   ╶───┤
│   │       │   │           │   │                                   │           │
│   ├───╴   │   ├───────╴   │   │   ┼   ┼   ┼   ┼   ┼   ┼   ┼   ╶───┼───┐   ╶───┤
│   │       │   │           │   │                                   │   │       │
│   │   ┌───┼───┘   ┌───┬───┴───┴───╴   ┼   ┼   ┼   ┼   ┼   ┼   ╷   ╵   └───╴   │
│   │   │   │       │   │                                       │               │
│   └───┘   ╵   ╶───┘   └───┬───────┐   ┼   ┼   ┼   ┼   ┼   ┼   └───╴   ┌───╴   │
│                           │       │                                   │       │
│   ┌───────────┬───╴   ╶───┘   ╷   ╵   ┼   ┼   ┼   ┼   ┼   ┼   ╶───────┴───╴   │
│   │           │               │                                               │
│   ╵   ╷   ╶───┼───┐   ┌───────┤   ╷   ┼   ┼   ┼   ┼   ┼   ┼   ╶───╴   ╷   ╷   │
│       │       │   │   │       │   │                                   │   │   │
│   ╶───┤   ╶───┘   │   └───╴   └───┤   ┼   ┼   ┼   ┼   ┼   ┼   ╶───╴   └───┤   │
│       │           │               │                                       │   │
│   ┼   │   ┌───┐   └───────────────┤   ╷   ╶───┐   ╷   ╶───┐   ┌───╴   ╷   └───┤
│       │   │   │                   │   │       │   │       │   │       │       │
│   ┼   │   ╵   └───┬───╴   ╷   ╷   │   ├───╴   └───┘   ╶───┴───┴───┐   ├───────┤
│       │           │       │   │   │   │                           │   │       │
│   ┼   ├───────────┴───┬───┘   ├───┘   ╵   ┼   ┼   ┼   ┼   ┼   ╶───┴───┘   ╷   │
│       │               │       │                                           │   │
│   ┼   │   ┼   ┼   ┼   ├───╴   ╵   ┌───╴   ┼   ┼   ┼   ┼   ┼   ╷   ╶───────┴───┤
│       │               │           │                           │               │
├───────┤   ┼   ┼   ┼   ├───╴   ╶───┴───╴   ┼   ┼   ┼   ┼   ┼   └───┬───────╴   │
│       │               │                                           │           │
│   ╷   │   ┼   ┼   ┼   │   ╶───┬───┐   ╷   ┼   ┼   ┼   ┼   ┼   ╶───┴───┬───┐   │
│   │   │               │       │   │   │                               │   │   │
│   ├───┤   ┼   ┼   ┼   │   ╶───┤   ├───┤   ┌───┐   ╶───┬───────┬───╴   ╵   │   │
│   │   │               │       │   │   │   │   │       │       │           │   │
├───┘   │   ┼   ┼   ┼   ├───╴   │   ╵   └───┘   └───╴   ╵   ┌───┴───╴   ╶───┤   │
│ 1   2 │               │       │                           │               │   │
│   ╷   │   ┼   ┼   ┼   ╵   ╶───┴───────────────────╴   ╶───┼───╴   ┌───────┘   │
│ 0 │ 3 │                                                   │       │           │
├───┘   ├───────────────╴   ╶───────┐   ┼   ┼   ┼   ┼   ┼   ├───────┘   ╷   ╶───┤
│     4 │                           │                       │           │       │
├───╴   └───┐   ┼   ┼   ╶───┬───╴   │   ┼   ┼   ┼   ┼   ┼   ╵   ╷   ╶───┴───┐   │
│     5     │               │       │                           │           │   │
├───╴   ╶───┴───────┐   ┌───┴───────┘   ┌───────╴   ┌───────╴   ├───╴   ┌───┴───┤
│     6   7   8   9 │   │               │           │           │       │       │
└───────────────────┴───┴───────────────┴───────────┴───────────┴───────┴───────┘

AldousBroderMazeGenerator: Generating maze 20x20 with PlayersWorlds.Maps.Maze.GeneratorOptions(Full, Auto, List`1<MapArea>(P2x3;S4x7;Hall;fixed, P<empty>;S2x5;Hall;auto), PlayersWorlds.Maps.Areas.RandomAreaGenerator, PlayersWorlds.Maps.Maze.AldousBroderMazeGenerator)
┌───────────────────────────┬───┬───────────────┬───────────────┬───────┬───────┐
│             15  16  17    │   │               │               │       │       │
├───╴   ┌───╴   ┌───┐   ╶───┤   └───────┬───╴   ╵   ┌───╴   ┌───┼───╴   └───┐   │
│       │     14│   │ 18    │           │           │       │   │           │   │
├───────┼───╴   │   ╵   ╶───┴───╴   ╷   │   ┌───────┘   ╷   ╵   ╵   ┌───╴   ╵   │
│       │ 12  13│     19  1a  1b  1c│   │   │           │           │           │
├───╴   ╵   ┌───┴───┐   ╶───┬───╴   └───┴───┴───╴   ╷   │   ╶───────┼───╴   ╷   │
│ f   10  11│       │       │     1d  1e  1f        │   │           │       │   │
│   ╶───────┤   ┼   │   ┌───┼───────────┐   ╶───┐   └───┼───╴   ╷   └───────┼───┤
│ e   d   c │       │   │   │           │ 20    │       │       │           │   │
├───┬───╴   ╵   ┼   │   ╵   │   ┼   ┼   │   ┌───┴───────┴───────┴───────┐   ╵   │
│   │ a   b         │       │           │ 21│                           │       │
│   ╵   ┌───┐   ┼   ├───┐   ╵   ┼   ┼   │   │   ┼   ┼   ┼   ┼   ┼   ┼   │   ╷   │
│     9 │ 0 │       │   │               │ 22│                           │   │   │
├───╴   │   │   ┼   │   ╵   ╷   ┼   ┼   │   │   ┼   ┼   ┼   ┼   ┼   ┼   ╵   ├───┤
│ 7   8 │ 1 │       │       │           │ 23│                               │   │
│   ╶───┤   └───┬───┘   ╷   └───────┬───┘   │   ┼   ┼   ┼   ┼   ┼   ┼   ╷   ╵   │
│ 6   5 │ 2     │       │           │ 25  24│                           │       │
│   ╷   ╵   ╶───┴───┬───┴───────┬───┘   ╶───┤   ┼   ┼   ┼   ┼   ┼   ┼   ├───╴   │
│   │ 4   3         │           │ 27  26    │                           │       │
│   └───┬───────────┴───┬───╴   ╵   ┌───────┤   ┼   ┼   ┼   ┼   ┼   ┼   ├───╴   │
│       │               │         28│       │                           │       │
│   ┼   │   ┼   ┼   ┼   ├───────┐   ╵   ┌───┤   ┼   ┼   ┼   ┼   ┼   ┼   │   ╷   │
│       │               │ 2f  2e│ 29  2a│   │                           │   │   │
│   ┼   │   ┼   ┼   ┼   │   ╷   └───╴   │   └───────┬───────────┬───┬───┴───┘   │
│       │               │ 30│ 2d  2c  2b│           │           │   │           │
├───────┤   ┼   ┼   ┼   │   └───────────┘   ┌───────┤   ┌───╴   ╵   ╵   ┌───┐   │
│       │               │ 31                │       │   │               │   │   │
│   ╶───┤   ┼   ┼   ┼   ╵   ┌───────┬───╴   │   ╷   └───┴───────────────┤   ╵   │
│       │                 32│       │       │   │                       │       │
│   ╶───┤   ┼   ┼   ┼   ╷   │   ╷   └───┐   ╵   ├───────╴   ┌───────────┴───╴   │
│       │               │ 33│   │       │       │           │                   │
│   ┌───┤   ┼   ┼   ┼   │   ╵   ├───────┤   ┌───┴───────┬───┤   ┼   ┼   ┼   ╷   │
│   │   │               │ 34  35│       │   │           │   │               │   │
│   ╵   └───┬───────┬───┼───╴   │   ┼   ├───┤   ┼   ┼   │   │   ┼   ┼   ┼   ├───┤
│           │       │   │     36│       │   │           │   │               │   │
│   ┌───┬───┤   ┼   ╵   └───┐   ├───╴   ╵   ╵   ┌───────┘   ├───────────────┘   │
│   │   │   │               │ 37│ 3a  3b  3c  3d│           │ 43  44  45  46    │
│   ╵   ╵   └───────╴   ╶───┘   ╵   ╶───────┐   ╵   ╶───────┘   ╷   ┌───╴   ╷   │
│                             38  39        │ 3e  3f  40  41  42│   │ 48  47│   │
└───────────────────────────────────────────┴───────────────────┴───┴───────┴───┘

AldousBroderMazeGenerator: Generating maze 20x20 with PlayersWorlds.Maps.Maze.GeneratorOptions(Full, Auto, List`1<MapArea>(P2x3;S4x7;Hall;fixed, P<empty>;S2x5;Hall;auto), PlayersWorlds.Maps.Areas.RandomAreaGenerator, PlayersWorlds.Maps.Maze.AldousBroderMazeGenerator)
┌───────────────┬───┬───────────────────────────┬───┬───┬───┬───────────────────┐
│               │   │     15  16  17  18  19  1a│   │   │   │                   │
├───╴   ╷   ┌───┘   │   ╷   ╶───┬───╴   ┌───╴   ╵   ╵   ╵   └───┐   ┌───╴   ╶───┤
│       │   │       │   │ 14    │       │     1b  1c  1d  1e  1f│   │           │
│   ╶───┴───┘   ╷   ├───┤   ╶───┴───┐   ├───────┬───┐   ╷   ╷   │   │   ╷   ╷   │
│               │   │   │ 13        │   │       │   │   │   │ 20│   │   │   │   │
├───────╴   ┼   └───┘   ╵   ╶───────┴───┴───┐   │   │   ├───┘   ╵   │   └───┼───┤
│             f   10  11  12                │   │   │   │     21    │       │   │
│   ╷   ┼   ┼   ┌───┬───┐   ╷   ╶───┐   ╷   │   │   └───┴───╴   ╶───┴───╴   │   │
│   │     d   e │   │   │   │       │   │   │   │ 25  24  23  22            │   │
│   │   ╷   ╶───┤   ╵   │   │   ┌───┤   ├───┘   │   ┼   ┼   ┼   ┼   ┼   ┼   ╵   │
│   │   │ c   b │       │   │   │ 0 │   │       │ 26                            │
├───┘   ├───╴   └───╴   ├───┤   │   ├───┴───╴   ╵   ┼   ┼   ┼   ┼   ┼   ┼   ┼   │
│       │     a   9   8 │   │   │ 1 │             27                            │
├───┬───┤   ┼   ┌───╴   ╵   ├───┘   │   ┼   ╷   ╷   ┼   ┼   ┼   ┼   ┼   ┼   ╷   │
│   │   │       │     7   6 │ 3   2 │       │   │ 28                        │   │
│   ╵   ╵   ┼   ├───────┐   ╵   ╷   │   ┼   │   │   ┼   ┼   ┼   ┼   ┼   ┼   ╵   │
│               │       │ 5   4 │   │       │   │ 29                            │
├───┬───╴   ╷   │   ╶───┴───┬───┴───┤   ┼   │   ╵   ┼   ┼   ┼   ┼   ┼   ┼   ╶───┤
│   │       │   │           │       │       │     2a                            │
│   │   ┌───┴───┴───────┐   └───╴   │   ┼   ├───╴   ┼   ┼   ┼   ┼   ┼   ┼   ╶───┤
│   │   │               │           │       │ 2c  2b                            │
│   ╵   │   ┼   ┼   ┼   │   ╶───────┼───┬───┘   ╶───┬───╴   ╷   ┼   ╷   ╶───┐   │
│       │               │           │   │     2d    │       │       │       │   │
├───╴   │   ┼   ┼   ┼   │   ╶───────┤   └───┐   ╶───┴───┐   ├───────┴───╴   ├───┤
│       │               │           │       │ 2e        │   │               │   │
└───────┤   ┼   ┼   ┼   │   ╶───────┘   ╷   │   ┌───┐   │   └───────╴   ┌───┘   │
        │               │               │   │ 2f│   │   │               │       │
        │   ┼   ┼   ┼   ╵   ╶───────────┴───┘   │   └───┘   ╷   ╷   ╷   ╵   ╶───┤
        │                                     30│           │   │   │           │
┌───┬───┤   ┼   ┼   ┼   ┌───┬───────┬───┐   ╷   └───┬───────┴───┴───┼───┐   ╷   │
│   │   │               │   │       │   │   │ 31    │               │   │   │   │
│   ╵   │   ┼   ┼   ┼   │   └───╴   │   ├───┘   ╶───┤               │   ╵   └───┤
│       │               │           │   │ 33  32    │               │           │
│   ╶───┴───────────┬───┼───╴   ╶───┘   ╵   ┌───┐   │               │   ╶───────┤
│     41  40  3f  3e│   │ 38  37  36  35  34│   │   │               │           │
├───╴   ╷   ╷   ╷   ╵   │   ┼   ╶───┐   ┼   ╵   │   └───────────┬───┘   ╶───────┤
│ 43  42│   │   │ 3d  3c│ 39        │           │               │               │
│   ╶───┴───┴───┤   ╷   ╵   ╷   ╶───┴───────────┴───┬───╴   ╷   └───╴   ╷   ╶───┤
│ 44  45  46  47│   │ 3b  3a│                       │       │           │       │
└───────────────┴───┴───────┴───────────────────────┴───────┴───────────┴───────┘

AldousBroderMazeGenerator: Generating maze 20x20 with PlayersWorlds.Maps.Maze.GeneratorOptions(Full, Auto, List`1<MapArea>(P2x3;S4x7;Hall;fixed, P<empty>;S2x5;Hall;auto), PlayersWorlds.Maps.Areas.RandomAreaGenerator, PlayersWorlds.Maps.Maze.AldousBroderMazeGenerator)
┌───┬───────────┬───────────────┬───────┬───────────────┬───────────────┬───┬───┐
│   │           │               │       │               │               │   │   │
│   ╵   ┌───────┘   ╷   ┌───────┤   ┌───┼───┐   ╶───┐   │   ╶───┐   ╷   ╵   ╵   │
│       │           │   │       │   │   │   │       │   │       │   │           │
│   ╶───┴───────╴   │   ├───╴   ╵   ╵   ╵   ╵   ╷   └───┤   ┌───┼───┴───╴   ┌───┤
│             19  1a│   │                       │       │   │   │           │   │
│   ╶───┬───╴   ╷   └───┴───┐   ╷   ╷   ╶───┐   └───────┤   │   └───╴   ╷   ╵   │
│       │     18│ 1b  1c  1d│   │   │       │           │   │           │       │
└───────┴───┐   ├───────┐   │   │   │   ┌───┴───────────┼───┼───┬───╴   ├───╴   │
            │ 17│       │ 1e│   │   │   │               │   │   │       │       │
            │   │       │   ╵   └───┼───┤   ┼   ┼   ┼   │   ╵   ├───┐   ├───╴   │
            │ 16│       │ 1f  20    │   │               │       │   │   │       │
            │   │       │   ╷   ╶───┘   │   ┼   ┼   ┼   │   ╶───┘   └───┘   ╶───┤
            │ 15│       │   │ 21  22  23│               │                       │
            │   ├───────┴───┼───────┐   │   ┼   ┼   ┼   ├───────────────╴   ╶───┤
            │ 14│           │       │ 24│               │                       │
┌───────────┘   ├───╴   ╷   │   ┼   │   │   ┼   ┼   ┼   │   ┼   ┼   ┼   ┼   ┼   │
│     11  12  13│       │   │       │ 25│               │                       │
│   ╷   ╶───────┘   ╶───┴───┘   ┼   │   │   ┼   ┼   ┼   │   ┼   ┼   ┼   ┼   ┼   │
│   │ 10  f   e   d   c   b         │ 26│               │                       │
└───┴───┬───────────────┐   ╷   ┼   │   │   ┼   ┼   ┼   │   ┼   ┼   ┼   ┼   ┼   │
        │               │ a │       │ 27│               │                       │
        │   ┼   ┼   ┼   │   │   ┼   │   ╵   ┼   ┼   ┼   │   ┼   ┼   ┼   ┼   ┼   │
        │               │ 9 │       │ 28                │                       │
        │   ┼   ┼   ┼   ╵   └───────┤   ╶───┬───┬───────┼───────────────┬───────┤
        │             7   8         │ 29  2a│   │       │ 32  33        │ 42  41│
┌───┬───┤   ┼   ┼   ┼   ╷   ╷   ╶───┼───┐   ╵   └───╴   │   ╷   ╷   ╷   │   ╷   │
│   │   │             6 │   │       │   │ 2b  2c  2d  2e│ 31│ 34│   │   │ 43│ 40│
│   ╵   │   ┼   ┼   ┼   │   ├───┬───┘   ╵   ╶───────┐   ╵   │   └───┴───┼───┘   │
│       │             5 │   │   │                   │ 2f  30│ 35        │ 3e  3f│
├───╴   │   ┼   ┼   ┼   ├───┘   │   ┌───┐   ┼   ┼   ╵   ┌───┤   ╷   ╷   │   ╷   │
│       │             4 │       │   │   │               │   │ 36│   │   │ 3d│   │
├───╴   │   ┼   ┼   ┼   ├───╴   ├───┘   ╵   ╶───────────┘   │   ├───┴───┘   │   │
│       │ 0   1   2   3 │       │                           │ 37│ 3a  3b  3c│   │
├───┐   ├───────────────┘   ╶───┼───╴   ┌───────────┬───┐   │   ╵   ╶───┐   └───┤
│   │   │                       │       │           │   │   │ 38  39    │       │
│   └───┤   ╶───╴   ┼   ╶───┐   └───╴   │           │   ╵   ├───╴   ╶───┤   ╷   │
│       │                   │           │           │       │           │   │   │
│   ╷   ╵   ┌───╴   ┌───╴   └───┐   ╷   └───────────┴───┐   │   ╶───────┤   └───┤
│   │       │       │           │   │                   │   │           │       │
└───┴───────┴───────┴───────────┴───┴───────────────────┴───┴───────────┴───────┘

AldousBroderMazeGenerator: Generating maze 20x20 with PlayersWorlds.Maps.Maze.GeneratorOptions(Full, Auto, List`1<MapArea>(P2x3;S4x7;Hall;fixed, P<empty>;S2x5;Hall;auto), PlayersWorlds.Maps.Areas.RandomAreaGenerator, PlayersWorlds.Maps.Maze.AldousBroderMazeGenerator)
┌───────────────────────────────┬───────┬───────┬───┬───┬───┬───────────────┬───┐
│         a   9   8   7   6     │       │       │   │   │   │ 49  48  47    │   │
├───────╴   ┌───────────┐   ╶───┘   ┌───┼───╴   ╵   ╵   │   └───┬───╴   ╶───┘   │
│ d   c   b │ 0   1   2 │ 5         │   │               │       │     46  45    │
│   ┌───┬───┼───────┐   ╵   ╷   ╷   │   └───────┐   ╷   │   ┌───┴───────┐   ╶───┤
│ e │   │   │       │ 3   4 │   │   │           │   │   │   │           │ 44  43│
│   ╵   │   ╵   ┌───┴───╴   ├───┴───┴───┬───╴   ╵   └───┤   ╵   ╶───┬───┼───╴   │
│ f   10│       │           │           │               │           │   │     42│
│   ╷   ╵   ┌───┴───┬───────┤   ┼   ┼   ╵   ┌───────╴   ├───────┐   │   └───╴   │
│   │ 11    │       │       │               │           │       │   │         41│
│   │   ╶───┤   ┼   │   ╶───┤   ┼   ┼   ╷   │   ╶───────┘   ┼   ╵   └───────╴   │
│   │ 12    │       │       │           │   │                 3c  3d  3e  3f  40│
├───┘   ╶───┘   ┼   │   ╶───┤   ┼   ┼   │   │   ┼   ┼   ╷   ┼   ┼   ┼   ┼   ╶───┤
│     13            │       │           │   │           │     3b                │
├───┐   ╷   ╷   ┼   │   ╶───┤   ┼   ┼   ├───┘   ┼   ┼   ╵   ┼   ┼   ┼   ┼   ╷   │
│   │ 14│   │       │       │           │             38  39  3a            │   │
│   ╵   │   │   ┼   │   ┌───┤   ┼   ┼   ├───╴   ┼   ┼   ╷   ┼   ┼   ┼   ┼   ╵   │
│     15│   │       │   │   │           │         36  37│                       │
│   ╷   └───┴───────┘   ╵   ├───────────┤   ╷   ┼   ┼   │   ┼   ┼   ┼   ┼   ┼   │
│   │ 16  17  18  19  1a  1b│     1f  20│   │ 34  35    │                       │
│   └───┬───────────────┐   └───╴   ╷   │   ╵   ┼   ┼   │   ┼   ┼   ┼   ┼   ╷   │
│       │               │ 1c  1d  1e│ 21│     33        │                   │   │
├───╴   │   ┼   ┼   ┼   │   ┌───────┤   ├───╴   ┌───────┼───╴   ╷   ╶───╴   │   │
│       │               │   │       │ 22│     32│       │       │           │   │
│   ╶───┤   ┼   ┼   ┼   │   │   ┌───┘   ├───╴   ├───┐   └───────┴───┬───────┘   │
│       │               │   │   │ 24  23│     31│   │               │           │
├───────┤   ┼   ┼   ┼   ├───┤   ╵   ╶───┼───╴   │   ╵   ╷   ┌───────┴───┐   ╷   │
│       │               │   │ 26  25    │ 2f  30│       │   │           │   │   │
│   ┼   │   ┼   ┼   ┼   │   ╵   ╷   ╶───┤   ╷   ├───┐   │   └───────┐   ╵   └───┤
│       │               │     27│       │ 2e│   │   │   │           │           │
│   ╶───┤   ┼   ┼   ┼   ├───╴   ├───────┘   │   ╵   ╵   │   ┌───╴   ╵   ╶───┬───┤
│       │               │     28│ 2b  2c  2d│           │   │               │   │
│   ╶───┤   ┼   ┼   ┼   ├───╴   ╵   ╶───┬───┴───┬───╴   │   └───────────┐   │   │
│       │               │     29  2a    │       │       │               │   │   │
├───┬───┘   ┌───────────┼───╴   ╶───────┤   ╷   │   ┌───┴───────┬───┬───┤   ╵   │
│   │       │           │               │   │   │   │           │   │   │       │
│   ╵   ┌───┘   ┼   ╶───┴───┐   ╷   ┼   │   └───┘   │   ┼   ┼   │   │   └───╴   │
│       │                   │   │       │           │           │   │           │
│   ╶───┘   ╶───────────┐   ╵   └───────┴───────────┴───╴   ╶───┘   │   ╶───────┤
│                       │                                           │           │
└───────────────────────┴───────────────────────────────────────────┴───────────┘

AldousBroderMazeGenerator: Generating maze 20x20 with PlayersWorlds.Maps.Maze.GeneratorOptions(Full, Auto, List`1<MapArea>(P2x3;S4x7;Hall;fixed, P<empty>;S2x5;Hall;auto), PlayersWorlds.Maps.Areas.RandomAreaGenerator, PlayersWorlds.Maps.Maze.AldousBroderMazeGenerator)
┌───────────┬───────┬───┬───┬───────┬───────────┬───────────────┬───────────┬───┐
│           │       │   │   │       │           │ 54  55  56    │           │   │
├───┐   ╷   ╵   ╶───┤   ╵   └───╴   └───────╴   ╵   ╷   ╷   ┌───┘   ╷   ╷   ╵   │
│   │   │           │ 4c  4d  4e  4f  50  51  52  53│   │ 57│       │   │       │
│   ╵   │   ┌───┬───┤   ╷   ╷   ╶───────┬───────────┴───┴───┼───────┴───┴───────┤
│       │   │   │   │ 4b│   │           │                   │                   │
│   ╶───┴───┘   │   ╵   └───┼───────┐   │                   │   ┼   ┼   ┼   ┼   │
│ 41  42  43  44│ 49  4a    │       │   │                   │                   │
│   ┌───────╴   │   ┌───┐   │   ┼   │   │                   │   ┼   ┼   ┼   ┼   │
│ 40│         45│ 48│   │   │       │   │                   │                   │
│   │   ┼   ╷   ╵   │   └───┤   ┼   ├───┤                   │   ┼   ┼   ┼   ┼   │
│ 3f│       │ 46  47│       │       │   │                   │                   │
│   │   ┼   ├───┬───┴───╴   │   ┼   ╵   │                   │   ┼   ┼   ┼   ┼   │
│ 3e│       │   │           │           │                   │                   │
│   ├───────┤   ├───┐   ╷   │   ┼   ╷   │                   │   ┼   ┼   ┼   ┼   │
│ 3d│ 3a  39│   │   │   │   │       │   │                   │                   │
│   ╵   ╷   ╵   ╵   │   │   └───────┤   └───────────┬───┬───┴───┐   ╶───┬───────┤
│ 3c  3b│ 38  37    │   │ 32  31  30│               │   │ 24  23│ 20  1f│       │
│   ┌───┤   ╷   ╶───┴───┘   ╷   ╷   └───┬───╴   ╷   ╵   │   ╷   ╵   ╷   ╵   ╷   │
│   │   │   │ 36  35  34  33│   │ 2f  2e│       │ 29  28│ 25│ 22  21│ 1e  1d│   │
│   ╵   ├───┴───────────┬───┼───┴───┐   └───────┘   ╷   ╵   │   ┌───┘   ╷   └───┤
│       │               │   │       │ 2d  2c  2b  2a│ 27  26│   │       │ 1c  1b│
├───────┤   ┼   ┼   ┼   │   │   ╷   ╵   ╶───────┬───┴───────┴───┴───────┼───╴   │
│       │               │   │   │               │ 5   4   3   2   1   0 │ 19  1a│
│   ┼   │   ┼   ┼   ┼   │   ├───┘   ┌───┬───╴   │   ┼   ┼   ┼   ┼   ┼   │   ╷   │
│       │               │   │       │   │       │ 6                     │ 18│   │
│   ┌───┤   ┼   ┼   ┼   │   ╵   ╶───┤   ├───┬───┤   ┼   ┼   ┼   ┼   ┼   │   │   │
│   │   │               │           │   │   │   │ 7                     │ 17│   │
│   ╵   │   ┼   ┼   ┼   │   ╶───┐   ╵   ╵   │   │   ╶───┬───┬───┬───┬───┘   └───┤
│       │               │       │           │   │ 8     │   │   │   │     16  15│
│   ┌───┤   ┼   ┼   ┼   │   ╷   └───┬───┐   ╵   │   ╶───┘   ╵   ╵   ├───────┐   │
│   │   │               │   │       │   │       │ 9   a   b         │       │ 14│
├───┘   │   ┼   ┼   ┼   │   ├───────┤   ╵   ╶───┴───┬───╴   ╶───────┴───┐   │   │
│       │               │   │       │               │     c   d   e   f │   │ 13│
├───┬───┴───┬───┐   ╶───┴───┤       │   ╷   ╷   ┼   │   ┌───╴   ╶───┐   ╵   ╵   │
│   │       │   │           │       │   │   │       │   │           │ 10  11  12│
│   │   ┼   ╵   ╵   ┼   ╶───┼───────┤   │   └───┬───┤   │   ╶───┐   │   ╶───────┤
│   │                       │       │   │       │   │   │       │   │           │
│   └───────────╴   ╶───┐   ╵   ╶───┘   │   ╷   ╵   ├───┴───╴   │   │   ╶───────┤
│                       │               │   │       │           │   │           │
└───────────────────────┴───────────────┴───┴───────┴───────────┴───┴───────────┘

AldousBroderMazeGenerator: Generating maze 20x20 with PlayersWorlds.Maps.Maze.GeneratorOptions(Full, Auto, List`1<MapArea>(P2x3;S4x7;Hall;fixed, P<empty>;S2x5;Hall;auto), PlayersWorlds.Maps.Areas.RandomAreaGenerator, PlayersWorlds.Maps.Maze.AldousBroderMazeGenerator)
┌───────────────┬───────────────────┬───────┬───────┬───┬───────┬───────────────┐
│               │                   │ 28  27│ 24  23│   │       │ 1b  1a        │
├───┐   ╶───┬───┴───╴   ┌───────┬───┘   ╷   ╵   ╷   ╵   │   ╶───┘   ╷   ╷   ┌───┤
│   │       │           │       │ 2a  29│ 26  25│ 22  21│ 1e  1d  1c│ 19│   │   │
│   │   ┼   ├───────╴   ╵   ╶───┘   ┌───┴───┐   │   ╷   ╵   ╶───┬───┘   └───┘   │
│   │       │                 2c  2b│       │   │   │ 20  1f    │     18  17    │
│   │   ┼   │   ┌───┐   ┼   ┼   ┌───┼───╴   ├───┼───┤   ╷   ┌───┴───┐   ╷   ┌───┤
│   │       │   │   │         2d│   │       │   │   │   │   │       │   │ 16│   │
├───┤   ┼   ├───┘   ╵   ┼   ┼   ╵   └───┐   ╵   ╵   ╵   └───┴───────┼───┤   │   │
│   │       │                 2e        │                           │   │ 15│   │
│   │   ┼   │   ╶───╴   ┼   ┼   ╶───┬───┴───┬───────────┬───────────┘   ╵   ╵   │
│   │       │                 2f  30│       │           │                 14  13│
│   └───┬───┴───────╴   ┌───╴   ╷   ╵   ╷   ╵   ┌───────┼───────────┬───────╴   │
│       │               │       │ 31    │       │       │           │         12│
│   ╶───┘   ╷   ╶───┬───┘   ╷   │   ╷   │   ┌───┼───╴   └───╴   ╷   ╵   ┌───╴   │
│           │       │       │   │ 32│   │   │   │               │       │     11│
├───╴   ╷   ├───────┴───┬───┴───┘   │   └───┘   └───┬───────────┴───────┴───┐   │
│       │   │           │     34  33│               │ 0                     │ 10│
├───────┘   ╵   ╶───┬───┴───┐   ╶───┼───────────┐   │   ┼   ┼   ┼   ┼   ┼   │   │
│                   │       │ 35  36│           │   │ 1                     │ f │
│   ┼   ┌───────────┴───┐   └───╴   │   ┼   ┼   ├───┤   ┼   ┼   ┼   ┼   ┼   │   │
│       │               │         37│           │   │ 2                     │ e │
│   ┼   │   ┼   ┼   ┼   ├───┬───╴   │   ┼   ┼   │   │   ┼   ┼   ┼   ┼   ┼   │   │
│       │               │   │     38│           │   │ 3                     │ d │
│   ╷   │   ┼   ┼   ┼   │   ├───╴   │   ┼   ┼   │   │   ┼   ┼   ┼   ┼   ┼   │   │
│   │   │               │   │ 3a  39│           │   │ 4   5   6   7         │ c │
├───┴───┤   ┼   ┼   ┼   │   ╵   ╶───┤   ╶───────┼───┴───┬───────╴   ╶───────┘   │
│       │               │ 3c  3b    │           │       │         8   9   a   b │
│   ╷   │   ┼   ┼   ┼   │   ╶───┐   ╵   ╷   ╶───┘   ┌───┴───┬───┬───╴   ╶───┐   │
│   │   │               │ 3d    │       │           │       │   │           │   │
├───┘   │   ┼   ┼   ┼   │   ┌───┼───╴   │   ┌───────┘   ╶───┘   ├───┐   ╷   └───┤
│       │               │ 3e│   │       │   │                   │   │   │       │
│   ╶───┤   ┼   ┼   ┼   ╵   ╵   └───────┴───┴───┬───────┬───╴   ╵   └───┼───────┤
│       │                 3f                    │       │               │ 53  52│
│   ╶───┴───┬───────────╴   ╷   ╷   ╷   ╷   ┼   ├───╴   ╵   ┼   ┼   ┼   └───╴   │
│           │             40│   │   │   │       │                 4e  4f  50  51│
│   ╷   ┼   └───╴   ╷   ┼   │   ├───┤   ├───┬───┴───╴   ╷   ┼   ┼   ┼   ╶───┬───┤
│   │               │     41│   │   │   │   │           │         4d        │   │
│   │   ┼   ╶───────┼───╴   └───┘   └───┘   └───────╴   ╵   ┼   ┼   ╷   ╷   ╵   │
│   │               │     42  43  44  45  46  47  48  49  4a  4b  4c│   │       │
└───┴───────────────┴───────────────────────────────────────────────┴───┴───────┘

AldousBroderMazeGenerator: Generating maze 20x20 with PlayersWorlds.Maps.Maze.GeneratorOptions(Full, Auto, List`1<MapArea>(P2x3;S4x7;Hall;fixed, P<empty>;S2x5;Hall;auto), PlayersWorlds.Maps.Areas.RandomAreaGenerator, PlayersWorlds.Maps.Maze.AldousBroderMazeGenerator)
┌───────────────────────┬───────┬───────────────────────────────────┬───────┬───┐
│                       │       │ 9   8   7   6   5   4             │       │   │
│   ╷   ╷   ┌───┬───┐   └───╴   │   ┌───────╴   ╷   ╷   ╶───────────┼───╴   ╵   │
│   │   │   │   │   │ f   e   d │ a │           │   │ 3   2   1   0 │           │
│   │   ├───┘   ╵   │   ┌───╴   ╵   └───┬───────┴───┴───────────────┴───┬───╴   │
│   │   │           │ 10│     c   b     │                               │       │
├───┴───┘   ┼   ┼   │   ├───┐   ╶───────┤                               ├───╴   │
│                   │ 11│   │           │                               │       │
├───────╴   ┼   ┼   ╵   │   ├───╴   ┌───┤                               ├───╴   │
│                 13  12│   │       │   │                               │       │
│   ╷   ┼   ┼   ┼   ╶───┘   └───────┘   │                               ├───────┤
│   │             14  15                │                               │       │
├───┘   ╶───┬───╴   ╷   ┌───────┬───╴   ├───────────────┬───────┬───────┘   ╷   │
│           │       │ 16│       │       │     22  23  24│       │           │   │
│   ╶───┐   │   ┌───┤   ╵   ╷   ├───────┴───╴   ┌───┐   ╵   ┌───┤   ╶───┐   └───┤
│       │   │   │   │ 17  18│   │         20  21│   │ 25    │   │       │       │
│   ┼   │   └───┤   └───╴   ├───┴───┬───╴   ╶───┘   │   ╶───┘   ╵   ╶───┼───┬───┤
│       │       │         19│       │     1f        │ 26  27  28        │   │   │
│   ┼   │   ╷   └───────╴   ╵   ╶───┴───╴   ┌───────┴───────┐   ╶───┬───┤   ╵   │
│       │   │             1a  1b  1c  1d  1e│               │ 29  2a│   │       │
│   ┼   ├───┴───────────┐   ╶───┬───────┬───┤               ├───╴   ╵   ╵   ╶───┤
│       │               │       │       │   │               │ 2c  2b            │
│   ┼   │   ┼   ┼   ┼   ├───╴   └───┐   ╵   │               │   ╶───────────────┤
│       │               │           │       │               │ 2d  2e  2f  30    │
├───┬───┤   ┼   ┼   ┼   ├───────┐   ╵   ╷   ├───┬───────┬───┴───┬───╴   ╷   ╷   │
│   │   │               │       │       │   │   │       │       │       │ 31│   │
│   ╵   │   ┼   ┼   ┼   ╵   ╷   └───╴   └───┘   ╵   ╶───┘   ┌───┘   ╷   │   └───┤
│       │                   │                               │       │   │ 32    │
│   ╷   │   ┼   ┼   ┼   ┌───┴───╴   ╶───┬───────────╴   ╶───┴───┐   ├───┘   ╷   │
│   │   │               │               │                       │   │     33│   │
├───┤   │   ┼   ┼   ┼   │   ┌───────┐   │   ╷   ╷   ╶───┐   ╶───┴───┴───┐   ├───┤
│   │   │               │   │       │   │   │   │       │               │ 34│   │
│   ╵   │   ┼   ┼   ┼   │   │   ┼   ├───┼───┴───┴───┬───┤   ┼   ┼   ┼   ├───┘   │
│       │               │   │       │   │           │   │               │       │
├───┬───┼───────┬───────┘   │   ┼   ╵   │   ┼   ┼   ╵   │   ┼   ┼   ┼   │   ╶───┤
│   │   │       │           │           │               │               │       │
│   │   │   ┼   ╵   ╶───┐   └───────╴   ├───┬───────┬───┴───┬───────┬───┘   ╷   │
│   │   │               │               │   │       │       │       │       │   │
│   ╵   ╵   ┼   ╶───┬───┴───────╴   ╶───┘   ╵   ╷   └───┐   └───╴   ╵   ╶───┴───┤
│                   │                           │       │                       │
└───────────────────┴───────────────────────────┴───────┴───────────────────────┘

AldousBroderMazeGenerator: Generating maze 20x20 with PlayersWorlds.Maps.Maze.GeneratorOptions(Full, Auto, List`1<MapArea>(P2x3;S4x7;Hall;fixed, P<empty>;S2x5;Hall;auto), PlayersWorlds.Maps.Areas.RandomAreaGenerator, PlayersWorlds.Maps.Maze.AldousBroderMazeGenerator)
┌───┬───┬───────┬───────┬───────┬───────┬───────────────┬───┬───────────────────┐
│   │   │       │       │       │       │         2d  2e│   │                   │
│   ╵   ╵   ╶───┘   ┌───┘   ╷   ╵   ┌───┼───────╴   ╷   ╵   └───┬───────┐   ╷   │
│                   │       │       │   │     2b  2c│ 2f  30  31│       │   │   │
├───┬───╴   ╶───────┴───────┴───┐   ╵   └───╴   ┌───┴───┬───╴   └───╴   ╵   │   │
│   │ 12  13  14  15  16  17  18│             2a│       │     32            │   │
│   ╵   ╶───────┬───╴   ╶───┐   │   ┌───┐   ╷   │   ╷   ├───╴   ╶───────────┴───┤
│     11  10  f │           │ 19│   │   │   │ 29│   │   │     33  34  35        │
│   ┌───────┐   │   ┼   ┼   │   ├───┘   └───┘   ╵   └───┤   ╶───────┐   ╶───────┤
│   │       │ e │           │ 1a│ 25  26  27  28        │           │ 36  37  38│
│   ╵   ┼   │   │   ┼   ┼   │   │   ╶───────┬───────────┴───────────┴───┬───╴   │
│           │ d │           │ 1b│ 24  23  22│                           │ 3a  39│
│   ╷   ┼   │   │   ┼   ┼   │   └───┬───┐   │                           │   ╶───┤
│   │       │ c │           │ 1c    │   │ 21│                           │ 3b  3c│
│   │   ┼   │   │   ┼   ┼   │   ╶───┘   ╵   │                           ├───┐   │
│   │       │ b │           │ 1d  1e  1f  20│                           │   │ 3d│
│   │   ┼   │   │   ┼   ┼   │   ╷   ╷   ╷   │                           │   ╵   │
│   │       │ a │           │   │   │   │   │                           │ 3f  3e│
├───┼───────┘   └───────────┼───┼───┼───┤   │                           │   ╶───┤
│   │ 7   8   9             │   │   │   │   │                           │ 40  41│
│   ╵   ┌───────────────┬───┘   ╵   ╵   │   │                           ├───╴   │
│     6 │ 61            │               │   │                           │ 43  42│
├───┐   │   ┼   ┼   ┼   ├───╴   ╷   ╶───┴───┤                           │   ┌───┤
│ 0 │ 5 │ 60            │       │           │                           │ 44│   │
│   │   │   ┼   ┼   ┼   │   ╶───┼───────┬───┴───────────────────────────┘   ╵   │
│ 1 │ 4 │ 5f            │       │       │             4a  49  48  47  46  45    │
│   ╵   │   ┼   ┼   ┼   ├───╴   │   ╶───┼───────────╴   ╷   ╶───┐   ╷   ┌───┐   │
│ 2   3 │ 5e            │       │       │ 4e  4d  4c  4b│       │   │   │   │   │
├───┐   │   ┼   ┼   ┼   ├───┐   └───╴   │   ╷   ╶───┐   └───────┼───┴───┘   ╵   │
│   │   │ 5d            │   │           │ 4f│       │           │               │
│   │   │   ┼   ┼   ┼   │   └───────┐   │   │   ╷   ├───────────┴───────────┐   │
│   │   │ 5c            │ 56  55    │   │ 50│   │   │                       │   │
├───┼───┤   ┼   ┼   ┼   ╵   ╷   ╶───┘   ╵   └───┼───┤   ┼   ┼   ┼   ┼   ┼   │   │
│   │   │ 5b  5a  59  58  57│ 54  53  52  51    │   │                       │   │
│   │   └───────┬───────┐   │   ╷   ╷   ┼   ┼   ╵   │   ┼   ┼   ┼   ┼   ┼   │   │
│   │           │       │   │   │   │               │                       │   │
│   ╵   ╷   ╷   ╵   ┼   └───┘   ├───┼───╴   ┌───┐   └───╴   ╶───────────┬───┴───┤
│       │   │                   │   │       │   │                       │       │
├───────┘   │   ╶───╴   ╶───────┘   └───────┤   ╵   ╷   ┌───────────┐   └───╴   │
│           │                               │       │   │           │           │
└───────────┴───────────────────────────────┴───────┴───┴───────────┴───────────┘

AldousBroderMazeGenerator: Generating maze 20x20 with PlayersWorlds.Maps.Maze.GeneratorOptions(Full, Auto, List`1<MapArea>(P2x3;S4x7;Hall;fixed, P<empty>;S2x5;Hall;auto), PlayersWorlds.Maps.Areas.RandomAreaGenerator, PlayersWorlds.Maps.Maze.AldousBroderMazeGenerator)
┌───────┬───────┬───────────────┬───────────────────┬───────────┬───────────────┐
│       │       │               │                   │           │               │
│   ╷   ╵   ┌───┘   ╶───────┬───┘   ┌───────────┐   ╵   ╷   ┌───┼───╴   ╷   ╶───┤
│   │       │               │       │           │       │   │   │       │       │
│   │   ╷   ╵   ┌───────┐   ╵   ╷   │           ├───╴   └───┤   ├───┬───┘   ╷   │
│   │   │       │       │       │   │           │           │   │   │       │   │
│   │   │   ┌───┤   ┼   ├───┬───┴───┤           │   ╶───────┤   ╵   ╵   ╷   │   │
│   │   │   │   │       │   │       │           │           │           │   │   │
│   ├───┤   ╵   │   ┼   ╵   │   ┼   │           │   ╷   ╷   ╵   ╷   ╷   ├───┤   │
│   │   │       │           │       │           │   │   │       │   │   │   │   │
│   │   ╵   ╶───┤   ┼   ╷   │   ┼   │           ├───┴───┴───────┼───┘   │   ╵   │
│   │           │       │   │       │           │               │       │       │
│   │   ┌───┬───┤   ┼   │   │   ╶───┤           ├───╴   ┌───┐   ╵   ╷   ├───┐   │
│   │   │   │   │       │   │       │           │       │   │       │   │   │   │
│   │   │   ╵   ├───────┘   └───╴   └───────────┼───╴   ╵   ├───╴   │   │   ╵   │
│   │   │       │                               │           │       │   │       │
│   │   │   ╷   └───╴   ┌───╴   ╶───┐   ╶───────┤   ┌───────┴───────┴───┴───┐   │
│   │   │   │           │           │           │   │                       │   │
│   ╵   │   │   ╷   ╷   │   ╷   ┌───┘   ╶───┐   │   │   ┼   ┼   ┼   ┼   ┼   │   │
│       │   │   │   │   │   │   │           │   │   │                       │   │
│   ┼   ├───┴───┴───┴───┼───┘   ├───╴   ╶───┼───┤   ╵   ┼   ┼   ┼   ┼   ┼   │   │
│       │               │       │           │   │                           │   │
│   ┼   │   ┼   ┼   ┼   │   ╷   │   ╶───┬───┤   ╵   ╶───────┬───┬───────┬───┘   │
│       │               │   │   │       │   │               │   │       │       │
├───╴   │   ┼   ┼   ┼   │   └───┴───┬───┘   ╵   ┌───────────┘   ╵   ╶───┴───╴   │
│       │               │           │           │                               │
└───────┤   ┼   ┼   ┼   │   ╶───┐   └───┬───┐   └───╴   ┼   ┼   ┼   ┼   ┼   ┌───┤
        │               │       │       │   │                               │   │
        │   ┼   ┼   ┼   │   ╶───┴───┐   ╵   ├───╴   ╷   ┼   ┼   ┼   ┼   ┼   │   │
        │               │           │       │       │                       │   │
┌───────┤   ┼   ┼   ┼   ├───┬───┐   └───┐   └───┬───┘   ╶───────────┬───┐   ╵   │
│ f   e │               │   │   │       │       │                   │   │       │
├───╴   │   ┼   ┼   ┼   ╵   │   └───╴   ├───╴   ╵   ╷   ╷   ╶───┐   ╵   └───┐   │
│ c   d │                   │           │           │   │       │           │   │
│   ┌───┼───────────────┐   ╵   ╷   ┌───┴───╴   ╶───┴───┼───────┴───┐   ┌───┴───┤
│ b │   │               │       │   │                   │           │   │       │
│   │   └───────┐   ┼   ├───┐   │   │   ┼   ┌───╴   ╶───┤   ┼   ┼   │   └───┐   │
│ a │ 7   6   5 │       │   │   │   │       │           │           │       │   │
│   ╵   ┌───╴   └───────┘   └───┤   └───┬───┴───╴   ╷   ├───────╴   ╵   ╷   ╵   │
│ 9   8 │     4   3   2   1   0 │       │           │   │               │       │
└───────┴───────────────────────┴───────┴───────────┴───┴───────────────┴───────┘

AldousBroderMazeGenerator: Generating maze 20x20 with PlayersWorlds.Maps.Maze.GeneratorOptions(Full, Auto, List`1<MapArea>(P2x3;S4x7;Hall;fixed, P<empty>;S2x5;Hall;auto), PlayersWorlds.Maps.Areas.RandomAreaGenerator, PlayersWorlds.Maps.Maze.AldousBroderMazeGenerator)
┌───┬───────────┬───────┬───────────────────────────┬───────────┬───────┬───────┐
│   │           │       │                           │           │       │       │
│   └───────┐   └───╴   ╵   ┌───╴   ╷   ╶───┐   ┌───┴───╴   ┌───┴───╴   └───╴   │
│           │               │       │       │   │ 1c  1b    │             14  13│
│   ╷   ╶───┴───────┬───╴   └───┐   │   ┌───┴───┘   ╷   ╶───┴───────────╴   ╷   │
│   │               │           │   │   │ 1f  1e  1d│ 1a  19  18  17  16  15│ 12│
│   ├───────┬───┐   ├───────────┘   └───┤   ┌───────┴───╴   ┌───╴   ╷   ╶───┤   │
│   │       │   │   │                   │ 20│               │       │       │ 11│
│   │   ┼   │   ╵   │   ┼   ┼   ╷   ┌───┘   ├───────────────┴───────┴───┐   │   │
│   │       │       │           │   │ 22  21│ 0                         │   │ 10│
├───┘   ┼   │   ╶───┤   ┼   ┼   │   ╵   ╷   │   ┼   ┼   ┼   ┼   ┼   ┼   ├───┘   │
│           │       │           │     23│   │ 1                         │ e   f │
│   ╷   ┼   ├───╴   │   ┼   ┼   │   ╷   └───┤   ┼   ┼   ┼   ┼   ┼   ┼   │   ┌───┤
│   │       │       │           │   │ 24  25│ 2                         │ d │   │
├───┤   ┼   │   ╶───┤   ┼   ┼   │   ├───┐   │   ┼   ┼   ┼   ┼   ┼   ┼   │   ╵   │
│   │       │ 37  36│           │   │   │ 26│ 3                         │ c     │
│   └───────┘   ╷   │   ┼   ┼   ├───┤   ╵   │   ┼   ┼   ┼   ┼   ┼   ┼   ╵   ┌───┤
│ 3b  3a  39  38│ 35│           │   │     27│ 4   5   6   7   8   9   a   b │   │
│   ╷   ╶───┐   │   └───────────┘   │   ╷   │   ┼   ┼   ┼   ┼   ┼   ┼   ╷   ╵   │
│ 3c│       │   │ 34  33  32  31    │   │ 28│                           │       │
│   └───┬───┴───┴───────┐   ╷   ┌───┴───┘   │   ┼   ┼   ┼   ┼   ┼   ┼   │   ╷   │
[...]
        │               │   │             2c│                                 13│
        │   ┼   ┼   ┼   ├───┴───┐   ┼   ┼   │   ┼   ┼   ┼   ┼   ┼   ┼   ┼   ╷   │
        │               │       │     2a  2b│                               │ 14│
        │   ┼   ┼   ┼   │   ╷   │   ┼   ┼   │   ┼   ┼   ┼   ┼   ┼   ┼   ┼   │   │
        │               │   │   │     29    │                               │ 15│
┌───────┤   ┼   ┼   ┼   ├───┘   ╵   ┼   ┼   │   ┼   ┼   ┼   ┼   ┼   ┼   ┼   │   │
│       │               │             28    │                               │ 16│
│   ╷   │   ┼   ┼   ┼   │   ┌───╴   ┼   ╶───┴───────────┬───────────┬───────┤   │
│   │   │               │   │         27  26  25  24  23│           │       │ 17│
│   └───┤   ┼   ┼   ┼   ├───┘   ┌───┬───┬───────╴   ╷   │   ╷   ┌───┴───┐   ╵   │
│       │               │       │   │   │           │ 22│   │   │ 1d  1c│ 19  18│
│   ┼   │   ┼   ┼   ┼   ├───────┤   ╵   ├───┬───┐   │   ╵   └───┘   ╷   ╵   ┌───┤
│       │               │       │       │   │   │   │ 21  20  1f  1e│ 1b  1a│   │
│   ╷   ├───────────┬───┘   ╶───┘   ╷   ╵   │   ╵   ├───────╴   ╶───┼───╴   │   │
│   │   │           │               │       │       │               │       │   │
├───┘   └───────╴   ╵   ╶───┐   ┌───┴───┐   └───╴   └───┬───╴   ╷   └───┐   ╵   │
│                           │   │       │               │       │       │       │
├───────────╴   ╷   ┼   ┌───┘   ╵   ┼   │   ╶───────┬───┴───╴   └───┐   └───────┤
│               │       │               │           │               │           │
└───────────────┴───────┴───────────────┴───────────┴───────────────┴───────────┘

AldousBroderMazeGenerator: Generating maze 20x20 with PlayersWorlds.Maps.Maze.GeneratorOptions(Full, Auto, List`1<MapArea>(P2x3;S4x7;Hall;fixed, P<empty>;S2x5;Hall;auto), PlayersWorlds.Maps.Areas.RandomAreaGenerator, PlayersWorlds.Maps.Maze.AldousBroderMazeGenerator)
┌───────┬───────────────────┬───────┬───────┐                   ┌───────┬───┬───┐
│       │                   │       │       │                   │       │   │   │
│   ╶───┴───────┬───╴   ╶───┘   ╷   └───╴   │                   ├───╴   ╵   │   │
│               │               │           │                   │           │   │
│   ┌───────┐   ╵   ┌───┬───┬───┘   ╶───────┤                   │   ╶───────┘   │
│   │       │       │   │   │               │                   │               │
│   │   ┼   │   ╶───┘   │   └───╴   ┌───────┤                   │   ┌───────────┤
│   │       │           │           │       │                   │   │           │
├───┤   ┼   │   ┌───┐   ├───────╴   └───╴   │                   │   └───────╴   │
│   │       │   │   │   │                   │                   │               │
│   │   ┼   ├───┘   │   │   ╷   ╶───┐   ╶───┤                   ├───╴   ╷   ╷   │
│   │       │       │   │   │       │       │                   │       │   │   │
│   ╵   ┼   │   ┌───┤   │   │   ╶───┤   ╶───┼───────────────┬───┘   ╷   ├───┘   │
│           │   │   │   │   │       │       │               │       │   │       │
│   ╶───────┘   ╵   │   ├───┘   ╷   └───┐   │   ┼   ┼   ┼   │   ╷   └───┴───────┤
│                   │   │       │       │   │               │   │               │
├───╴   ┌───────╴   ├───┘   ┌───┴───┐   ├───┤   ┼   ┼   ┼   ╵   └───────┐   ╶───┤
│       │           │       │       │   │   │                           │       │
├───╴   │   ┌───────┘   ┌───┘   ╶───┤   ╵   ├───────────────────────┐   └───┐   │
│       │   │           │           │       │                       │       │   │
├───────┼───┴───────────┤   ╷   ┌───┘   ┌───┘   ┼   ┼   ┼   ┼   ┼   ├───┐   └───┤
│ 1   0 │               │   │   │       │                           │   │       │
│   ┼   │   ┼   ┼   ┼   ├───┘   ╵   ┌───┤   ╷   ┼   ┼   ┼   ┼   ┼   │   ├───┐   │
│ 2     │               │           │   │   │                       │   │   │   │
│   ┼   │   ┼   ┼   ┼   └───┬───╴   │   ╵   └───────────────────────┘   ╵   ╵   │
│ 3     │                   │       │                                           │
│   ┌───┤   ┼   ┼   ┼   ╷   │   ┌───┴───┬───┐   ┼   ┼   ┼   ┼   ┼   ╶───┐   ╶───┤
│ 4 │   │               │   │   │       │   │                           │       │
│   │   │   ┼   ┼   ┼   │   ╵   ├───┐   │   ╵   ┼   ┼   ┼   ┼   ┼   ┌───┼───╴   │
│ 5 │   │               │       │   │   │                           │   │       │
│   ╵   │   ┼   ┼   ┼   │   ╶───┘   ╵   ├───┐   ╶───╴   ┌───╴   ┼   │   ╵   ╶───┤
│ 6   7 │               │               │   │           │           │           │
│   ╷   │   ┼   ┼   ┼   ├───┐   ╷   ┌───┘   ╵   ┼   ┼   │   ╶───┬───┘   ╶───┐   │
│   │ 8 │               │   │   │   │                   │       │           │   │
├───┘   └───┬───────────┘   ╵   │   └───────┐   ┌───┬───┤   ╷   ├───┐   ┌───┘   │
│ a   9     │                   │           │   │   │   │   │   │   │   │       │
│   ┌───────┤   ┌───────┐   ╷   └───┐   ┌───┤   ╵   ╵   │   ├───┘   ├───┼───┐   │
│ b │       │   │       │   │       │   │   │           │   │       │   │   │   │
│   │   ┼   ╵   │       │   │   ┼   │   ╵   ╵   ┼   ┼   ╵   ├───╴   ╵   ╵   ╵   │
│ c │           │       │   │       │                       │                   │
└───┴───────────┘       └───┴───────┴───────────────────────┴───────────────────┘

AldousBroderMazeGenerator: Generating maze 20x20 with PlayersWorlds.Maps.Maze.GeneratorOptions(Full, Auto, List`1<MapArea>(P2x3;S4x7;Hall;fixed, P<empty>;S2x5;Hall;auto), PlayersWorlds.Maps.Areas.RandomAreaGenerator, PlayersWorlds.Maps.Maze.AldousBroderMazeGenerator)
┌───────────────┬───────────────────────┬───────┬───┬───────────────────────┬───┐
│               │                       │       │   │                       │   │
├───╴   ╷   ┌───┴───────╴   ┌───┐   ╶───┘   ┌───┘   │   ┼   ┼   ┼   ┼   ┼   │   │
│       │   │               │   │           │       │                       │   │
│   ╶───┴───┘   ╷   ╶───┐   ╵   │   ┌───────┼───╴   │   ┼   ┼   ┼   ┼   ┼   └───┤
│               │       │       │   │       │       │                           │
├───╴   ╷   ╷   │   ╷   │   ┌───┴───┤   ┼   │   ╷   └───────────────────┬───╴   │
│       │   │   │   │   │   │       │       │   │                       │       │
│   ╶───┴───┤   ├───┴───┴───┴───╴   │   ┼   │   │   ┌───────────────╴   └───╴   │
│           │   │                   │       │   │   │                           │
│   ╷   ┼   │   │   ┼   ┌───╴   ┼   │   ┼   ├───┘   │   ┼   ┼   ┼   ┌───────┐   │
│   │       │   │       │           │       │       │               │       │   │
│   │   ┼   ├───┤   ┼   ├───╴   ┼   │   ┼   │   ╶───┤   ┼   ┼   ┼   │   ╶───┴───┤
│   │       │   │       │           │       │       │               │           │
│   ├───────┤   ├───────┴───┐   ╶───┴───╴   ├───╴   ├───────────────┘   ╶───┐   │
│   │       │   │           │               │       │                       │   │
├───┼───┐   ╵   ╵   ┌───────┴───────╴   ╷   └───╴   ├───────────────────────┘   │
│   │   │           │                   │           │                           │
│   ╵   └───────┐   ╵   ┌───╴   ╷   ╷   ├───────────┤   ┼   ┼   ┼   ┼   ┼   ╷   │
│               │       │       │   │   │           │                       │   │
│   ┌───┬───────┴───────┼───╴   └───┴───┴───╴   ┌───┤   ┼   ┼   ┼   ┼   ┼   │   │
│   │   │               │                       │   │                       │   │
│   ╵   │   ┼   ┼   ┼   ├───┐   ╷   ╶───┬───────┘   └───────────────────────┤   │
│       │               │   │   │       │                                   │   │
│   ╶───┘   ┼   ┼   ┼   │   ╵   │   ╷   ╵   ╶───┬───╴   ┌───────╴   ┌───────┘   │
│                       │       │   │           │       │           │           │
├───────┐   ┼   ┼   ┼   ├───────┤   └───┐   ╷   ├───╴   │   ┼   ┼   ├───╴   ┌───┤
│ 0     │               │       │       │   │   │       │           │       │   │
│   ┼   │   ┼   ┼   ┼   │   ╶───┤   ┼   │   ├───┴───┬───┴───────────┤   ╷   │   │
│ 1   2 │               │       │       │   │       │               │   │   │   │
├───╴   │   ┼   ┼   ┼   ├───╴   └───────┘   ├───╴   ╵   ╷   ┼   ┼   └───┘   ╵   │
│ 4   3 │               │                   │           │                       │
│   ╶───┤   ┼   ┼   ┼   │   ╷   ╷   ┌───╴   ╵   ┌───╴   ├───╴   ╶───┐   ╶───────┤
│ 5   6 │               │   │   │   │           │       │           │           │
├───╴   └───────────┬───┴───┴───┘   └───────┬───┴───────┘   ╶───────┼───┐   ╶───┤
│     7   8   9     │                       │                       │   │       │
│   ┌───────┐   ┌───┴───┬───┬───╴   ┌───────┴───────┐   ┌───────────┤   ╵   ╶───┤
│   │       │ a │       │   │       │               │   │           │           │
│   │       │   │       │   └───╴   ╵   ╶───┐   ╶───┘   │           ├───────╴   │
│   │       │ b │       │                   │           │           │           │
└───┘       └───┘       └───────────────────┴───────────┘           └───────────┘

AldousBroderMazeGenerator: Generating maze 20x20 with PlayersWorlds.Maps.Maze.GeneratorOptions(Full, Auto, List`1<MapArea>(P2x3;S4x7;Hall;fixed, P<empty>;S2x5;Hall;auto), PlayersWorlds.Maps.Areas.RandomAreaGenerator, PlayersWorlds.Maps.Maze.AldousBroderMazeGenerator)
┌───┬───┬───────┬───────────────┬───────┬───┬───────┬───┬───────────────────────┐
│   │   │       │               │       │   │       │   │                       │
│   │   ╵   ╷   ╵   ┌───╴   ╷   ╵   ╶───┘   │   ╶───┘   ╵   ╷   ┌───┬───┐   ╷   │
│   │       │       │       │               │               │   │   │   │   │   │
│   │   ┌───┴───┐   └───┐   │   ╷   ╶───────┴───┐   ╷   ╶───┴───┘   │   ╵   └───┤
│   │   │       │       │   │   │               │   │               │           │
│   ├───┴───┐   └───╴   └───┤   │   ╶───────┐   ╵   │   ┌───────────┴───┐   ╷   │
│   │       │               │   │           │       │   │               │   │   │
│   │   ┼   │   ┌───────────┤   └───┬───────┴───╴   │   │               │   ├───┤
│   │       │   │           │       │               │   │               │   │   │
│   │   ┼   ╵   │           │   ╶───┤   ┼   ┼   ╷   │   │               │   ╵   │
│   │           │           │       │           │   │   │               │       │
│   │   ┼   ╷   │           │   ╶───┤   ┼   ┼   │   │   │               ├───╴   │
│   │       │   │           │       │           │   │   │               │       │
│   │   ┼   │   │           ├───────┤   ┼   ┼   ├───┘   │               │   ╶───┤
│   │       │   │           │       │           │       │               │       │
│   └───────┴───┴───────┬───┴───┐   └───────┬───┘   ╷   │               ├───╴   │
│                       │       │           │       │   │               │       │
├───────┐   ╶───┐   ╷   ╵   ╶───┼───┬───╴   ╵   ╷   │   │               │   ╶───┤
│ 1   0 │       │   │           │   │           │   │   │               │       │
│   ╶───┼───────┴───┴───┬───╴   ╵   ├───────╴   ├───┘   │               │   ╷   │
│ 2   3 │               │           │           │       │               │   │   │
├───┐   │   ┼   ┼   ┼   │   ╶───────┴───┐   ╶───┴───────┼───────────┬───┤   │   │
│   │ 4 │               │               │               │           │   │   │   │
│   │   │   ┼   ┼   ┼   │   ┌───╴   ┌───┴───────┬───╴   ╵   ╶───┐   ╵   └───┤   │
│   │ 5 │               │   │       │           │               │           │   │
│   ╵   │   ┼   ┼   ┼   ├───┘   ╶───┤   ┼   ┼   │   ┌───┬───┬───┼───────┐   │   │
│     6 │               │           │           │   │   │   │   │       │   │   │
├───╴   │   ┼   ┼   ┼   └───────╴   ├───╴   ╶───┘   ╵   ╵   │   ╵   ╶───┘   ├───┤
│ 8   7 │                           │                       │               │   │
│   ╶───┤   ┼   ┼   ┼   ╷   ╶───────┴───╴   ╷   ╶───┬───┬───┴───────╴   ╷   ╵   │
│ 9   a │               │                   │       │   │               │       │
├───╴   │   ┼   ┼   ┼   ├───────────────────┘   ╶───┘   │   ┼   ┼   ┼   ├───╴   │
│ c   b │               │                               │               │       │
│   ┌───┴───┬───┬───┬───┴───┬───╴   ┼   ┼   ┼   ┌───┬───┤   ┼   ┼   ┼   │   ╶───┤
│ d │ 14    │   │   │       │                   │   │   │               │       │
│   │   ┼   │   ╵   ╵   ╷   │   ╶───┐   ╶───┐   ╵   ╵   ├───────────────┼───╴   │
│ e │ 13  12│           │   │       │       │           │               │       │
│   └───╴   │   ╷   ╷   │   ╵   ╷   └───────┤   ╶───┬───┘   ╶───┐   ╷   ╵   ╷   │
│ f   10  11│   │   │   │       │           │       │           │   │       │   │
└───────────┴───┴───┴───┴───────┴───────────┴───────┴───────────┴───┴───────┴───┘

AldousBroderMazeGenerator: Generating maze 20x20 with PlayersWorlds.Maps.Maze.GeneratorOptions(Full, Auto, List`1<MapArea>(P2x3;S4x7;Hall;fixed, P<empty>;S2x5;Hall;auto), PlayersWorlds.Maps.Areas.RandomAreaGenerator, PlayersWorlds.Maps.Maze.AldousBroderMazeGenerator)
┌───────────────────┬───┬───────┬───────────────┬───────────┬───────────────┬───┐
│                   │   │       │               │           │               │   │
│   ┌───┐   ╷   ╶───┘   └───┐   ╵   ╶───┐   ╷   │   ┌───┬───┴───┐   ┌───╴   ╵   │
│   │   │   │               │           │   │   │   │   │       │   │           │
│   ╵   ├───┴───────┬───╴   │   ┌───╴   └───┤   ╵   │   ╵   ╶───┘   └───┐   ┌───┤
│       │           │       │   │           │       │                   │   │   │
├───────┘   ┼   ┼   ╵   ╷   └───┤   ╷   ┌───┴───────┴───╴   ╶───────────┼───┘   │
│                       │       │   │   │                               │       │
│   ╶───┐   ┼   ┼   ╶───┼───┐   ╵   │   │   ┼   ┼   ┼   ┼   ┼   ┼   ┼   ├───────┤
│       │               │   │       │   │                               │       │
│   ╷   │   ┼   ┼   ╶───┤   └───────┤   │   ┼   ┼   ┼   ┼   ┼   ┼   ┼   │   ╶───┤
│   │   │               │           │   │                               │       │
│   │   ╵   ┼   ┼   ╶───┴───╴   ╷   └───┤   ┼   ┼   ┼   ┼   ┼   ┼   ┼   ├───╴   │
│   │                           │       │                               │       │
│   └───┐   ┼   ┼   ┼   ╷   ┌───┴───╴   ├───────┬───┬───┬───────────────┘   ╶───┤
│       │               │   │           │       │   │   │                       │
├───╴   ├───╴   ┌───╴   ├───┤   ╷   ┌───┤   ╶───┘   ╵   └───────╴   ╶───┐   ╷   │
│       │       │       │   │   │   │   │                               │   │   │
├───╴   │   ╶───┤   ╶───┤   └───┘   │   └───╴   ╶───┬───╴   ┌───┬───────┘   ├───┤
│       │       │       │           │               │       │   │           │   │
│   ╷   ├───────┴───────┤   ╶───┐   ├───────┬───────┴───────┤   ╵   ┌───────┘   │
│   │   │ 3   2   1   0 │       │   │       │               │       │           │
├───┘   │   ┼   ┼   ┼   │   ╶───┤   │   ╶───┤               ├───╴   │   ╶───────┤
│       │ 4             │       │   │       │               │       │           │
│   ╶───┤   ┼   ┼   ┼   ├───┬───┘   └───╴   │               ├───╴   │   ╷   ┌───┤
│       │ 5             │   │               │               │       │   │   │   │
├───────┤   ┼   ┼   ┼   │   ╵   ╷   ╶───┬───┴───────────┬───┤   ╷   ╵   ├───┘   │
│       │ 6             │       │       │               │   │   │       │       │
│   ┼   │   ┼   ┼   ┼   ├───────┘   ╷   ├───────╴   ╶───┘   ╵   └───┐   ╵   ╷   │
│       │ 7             │           │   │                           │       │   │
│   ┼   │   ┼   ┼   ┼   │   ╶───────┴───┘   ┌───────╴   ╶───┬───┐   └───────┴───┤
│       │ 8             │                   │               │   │               │
│   ┼   │   ┼   ┼   ┼   │   ┼   ┼   ╶───┬───┤   ┼   ┼   ┼   │   ╵   ╷   ╶───┐   │
│       │ 9             │               │   │               │       │       │   │
│   ┼   │   ┌───────────┤   ╷   ┼   ╷   │   │   ┼   ┼   ┼   ├───╴   ├───────┴───┤
│       │ a │ f   10    │   │       │   │   │               │       │           │
├───╴   ╵   │   ╷   ┼   │   ╵   ╶───┴───┤   ├───┬───────────┤   ╷   ╵   ╷   ╷   │
│         b │ e │ 11    │               │   │   │           │   │       │   │   │
│   ┌───╴   ╵   │   ┼   │   ╶───────────┘   ╵   ╵   ╶───────┤   └───────┴───┤   │
│   │     c   d │ 12  13│                                   │               │   │
└───┴───────────┴───────┴───────────────────────────────────┴───────────────┴───┘

AldousBroderMazeGenerator: Generating maze 20x20 with PlayersWorlds.Maps.Maze.GeneratorOptions(Full, Auto, List`1<MapArea>(P2x3;S4x7;Hall;fixed, P<empty>;S2x5;Hall;auto), PlayersWorlds.Maps.Areas.RandomAreaGenerator, PlayersWorlds.Maps.Maze.AldousBroderMazeGenerator)
┌───────────────┬───┬───────────────────────────────────┬───┬───────┬───────┬───┐
│               │   │                                   │   │       │       │   │
├───┐   ╶───────┘   ├───────────────────────────┬───╴   ╵   └───╴   ╵   ┼   ╵   │
│   │               │                           │                               │
│   ╵   ╷   ┌───╴   │   ┼   ┼   ┼   ┼   ┼   ┼   │   ┼   ┼   ┼   ┼   ┼   ┼   ┼   │
│       │   │       │                           │                               │
│   ╶───┴───┼───╴   │   ┼   ┼   ┼   ┼   ┼   ┼   ├───┐   ┼   ┼   ┼   ┼   ┼   ┼   │
│           │       │                           │   │                           │
├───┐   ┼   │   ╶───┘   ┼   ┼   ┼   ┼   ┼   ┼   │   │   ┼   ┼   ┼   ┼   ┼   ┼   │
│   │       │                                   │   │                           │
│   │   ┼   ├───╴   ╷   ┼   ┼   ┼   ┼   ┼   ┼   │   ╵   ┼   ┼   ┼   ┼   ┼   ┼   │
│   │       │       │                           │                               │
│   │   ┼   ├───╴   │   ┼   ┼   ┼   ┼   ┼   ┼   │   ┼   ┼   ┼   ┼   ┼   ┼   ┼   │
│   │       │       │                           │                               │
├───┤   ┼   │   ┌───┤   ┼   ┼   ┼   ┼   ┼   ┼   │   ╷   ┼   ┼   ┼   ┼   ┼   ┼   │
│   │       │   │   │                           │   │                           │
│   └───────┴───┘   └───────────────┬───┬───────┴───┤   ┼   ╶───────────┬───╴   │
│                                   │   │           │                   │       │
├───╴   ╷   ╶───┐   ╶───┐   ┌───┐   ╵   ╵   ╶───────┴───┐   ┌───────────┼───────┤
│       │       │       │   │   │                       │   │           │       │
│   ╶───┼───────┴───────┤   ╵   │   ┌───╴   ╷   ╶───┬───┘   ├───╴   ╶───┘   ╶───┤
│       │ 3   2   1   0 │       │   │       │       │       │                   │
│   ┼   │   ┼   ┼   ┼   ├───╴   ├───┴───────┤   ┌───┼───╴   ╵   ╶───┬───┐   ┌───┤
│       │ 4             │       │           │   │   │               │   │   │   │
│   ┼   │   ┼   ┼   ┼   │   ╷   │   ┼   ┼   ├───┤   ├───┐   ┌───┬───┤   ╵   ╵   │
│       │ 5             │   │   │           │   │   │   │   │   │   │           │
├───┬───┤   ┼   ┼   ┼   ├───┘   └───────╴   ╵   ╵   ╵   ╵   │   ╵   └───────┐   │
│   │   │ 6             │                                   │               │   │
│   ╵   │   ┼   ┼   ┼   │   ┌───┬───────────┬───┐   ╶───────┼───╴   ┌───────┤   │
│       │ 7             │   │   │           │   │           │       │       │   │
│   ╷   │   ┼   ┼   ┼   ├───┤   │           │   └───┐   ╶───┤   ╶───┘   ╷   └───┤
│   │   │ 8             │   │   │           │       │       │           │       │
│   │   ╵   ┼   ┼   ┼   │   ╵   ├───────────┘   ╷   └───╴   ├───────╴   │   ╶───┤
│   │ a   9             │       │               │           │           │       │
├───┤   ┌───────────┬───┘   ╶───┼───────────┐   ├───┬───────┘   ╷   ╷   └───────┤
│ 10│ b │           │           │           │   │   │           │   │           │
│   │   │   ┼   ┌───┤   ╶───┐   │   ┼   ┼   ╵   ╵   ╵   ┌───╴   └───┴───────┐   │
│ f │ c │       │   │       │   │                       │                   │   │
│   ╵   │   ╶───┘   └───┬───┘   └───────────╴   ┌───────┘   ╶───┐   ╷   ╶───┤   │
│ e   d │               │                       │               │   │       │   │
└───────┴───────────────┴───────────────────────┴───────────────┴───┴───────┴───┘

]]></output>
              </test-case>
            </test-suite>
          </test-suite>
        </test-suite>
      </test-suite>
    </test-suite>
  </test-suite>
</test-run>