<?xml version="1.0" encoding="utf-8" standalone="no"?>
<test-run id="0" runstate="Runnable" testcasecount="991" result="Skipped" label="Ignored" total="436" passed="334" failed="0" warnings="0" inconclusive="0" skipped="102" asserts="16990" engine-version="3.17.0.0" clr-version="4.0.30319.42000" start-time="2024-02-24 18:17:57Z" end-time="2024-02-24 18:18:15Z" duration="17.436447">
  <command-line><![CDATA[/home/data/repos/github.com/aynurin/maze-gen/packages/NUnit.ConsoleRunner.3.17.0/tools/nunit3-console.exe build/Debug/tests/PlayersWorlds.Maps.Tests.dll --where=Category!=Load --framework=mono-4.0]]></command-line>
  <filter>
    <not>
      <prop name="Category">Load</prop>
    </not>
  </filter>
  <test-suite type="Assembly" id="1-2035" name="PlayersWorlds.Maps.Tests.dll" fullname="/home/data/repos/github.com/aynurin/maze-gen/build/Debug/tests/PlayersWorlds.Maps.Tests.dll" runstate="Runnable" testcasecount="991" result="Skipped" label="Ignored" site="Child" start-time="2024-02-24T18:17:58.0057820Z" end-time="2024-02-24T18:18:14.9931450Z" duration="16.987309" total="436" passed="334" failed="0" warnings="0" inconclusive="0" skipped="102" asserts="16990">
    <environment framework-version="4.0.1.0" clr-version="4.0.30319.42000" os-version="Unix 6.1.71.1" platform="Unix" cwd="/home/data/repos/github.com/aynurin/maze-gen" machine-name="lightview" user="shav" user-domain="lightview" culture="en-US" uiculture="en-US" os-architecture="x64" />
    <settings>
      <setting name="RequestedRuntimeFramework" value="mono-4.0" />
      <setting name="DisposeRunners" value="True" />
      <setting name="WorkDirectory" value="/home/data/repos/github.com/aynurin/maze-gen" />
      <setting name="ImageRuntimeVersion" value="4.0.30319" />
      <setting name="ImageTargetFrameworkName" value=".NETFramework,Version=v4.7" />
      <setting name="ImageRequiresX86" value="False" />
      <setting name="ImageRequiresDefaultAppDomainAssemblyResolver" value="False" />
      <setting name="TargetRuntimeFramework" value="mono-4.0" />
      <setting name="NumberOfTestWorkers" value="24" />
    </settings>
    <properties>
      <property name="_PID" value="1578543" />
      <property name="_APPDOMAIN" value="domain-" />
    </properties>
    <reason>
      <message><![CDATA[One or more child tests were ignored]]></message>
    </reason>
    <test-suite type="SetUpFixture" id="1-1003" name="[default namespace]" fullname="SetUpTests" classname="SetUpTests" runstate="Runnable" testcasecount="991" result="Skipped" label="Ignored" site="Child" start-time="2024-02-24T18:17:58.0105380Z" end-time="2024-02-24T18:18:14.9931330Z" duration="16.982595" total="436" passed="334" failed="0" warnings="0" inconclusive="0" skipped="102" asserts="16990">
      <reason>
        <message><![CDATA[One or more child tests were ignored]]></message>
      </reason>
      <test-suite type="TestSuite" id="1-2036" name="PlayersWorlds" fullname="PlayersWorlds" runstate="Runnable" testcasecount="989" result="Skipped" label="Ignored" site="Child" start-time="2024-02-24T18:17:58.0132660Z" end-time="2024-02-24T18:18:14.9847070Z" duration="16.971440" total="434" passed="332" failed="0" warnings="0" inconclusive="0" skipped="102" asserts="13948">
        <reason>
          <message><![CDATA[One or more child tests were ignored]]></message>
        </reason>
        <test-suite type="TestSuite" id="1-2037" name="Maps" fullname="PlayersWorlds.Maps" runstate="Runnable" testcasecount="989" result="Skipped" label="Ignored" site="Child" start-time="2024-02-24T18:17:58.0133310Z" end-time="2024-02-24T18:18:14.9847020Z" duration="16.971371" total="434" passed="332" failed="0" warnings="0" inconclusive="0" skipped="102" asserts="13948">
          <reason>
            <message><![CDATA[One or more child tests were ignored]]></message>
          </reason>
          <test-suite type="TestSuite" id="1-2042" name="Areas" fullname="PlayersWorlds.Maps.Areas" runstate="Runnable" testcasecount="115" result="Passed" start-time="2024-02-24T18:17:58.0133420Z" end-time="2024-02-24T18:17:58.1794930Z" duration="0.166150" total="64" passed="64" failed="0" warnings="0" inconclusive="0" skipped="0" asserts="206">
            <test-suite type="TestSuite" id="1-2043" name="Evolving" fullname="PlayersWorlds.Maps.Areas.Evolving" runstate="Runnable" testcasecount="110" result="Passed" start-time="2024-02-24T18:17:58.0133480Z" end-time="2024-02-24T18:17:58.1751870Z" duration="0.161839" total="59" passed="59" failed="0" warnings="0" inconclusive="0" skipped="0" asserts="179">
              <test-suite type="TestFixture" id="1-1918" name="AreaDistributorTest" fullname="PlayersWorlds.Maps.Areas.Evolving.AreaDistributorTest" classname="PlayersWorlds.Maps.Areas.Evolving.AreaDistributorTest" runstate="Runnable" testcasecount="73" result="Passed" start-time="2024-02-24T18:17:58.0133910Z" end-time="2024-02-24T18:17:58.0628200Z" duration="0.049429" total="23" passed="23" failed="0" warnings="0" inconclusive="0" skipped="0" asserts="46">
                <test-case id="1-1919" name="AreaDistributorTest_OneTest" fullname="PlayersWorlds.Maps.Areas.Evolving.AreaDistributorTest.AreaDistributorTest_OneTest" methodname="AreaDistributorTest_OneTest" classname="PlayersWorlds.Maps.Areas.Evolving.AreaDistributorTest" runstate="Runnable" seed="926041100" result="Passed" start-time="2024-02-24T18:17:58.0134550Z" end-time="2024-02-24T18:17:58.0462630Z" duration="0.032876" asserts="2" />
                <test-suite type="ParameterizedMethod" id="1-1932" name="AreaDistributorTest_OverlapTwo" fullname="PlayersWorlds.Maps.Areas.Evolving.AreaDistributorTest.AreaDistributorTest_OverlapTwo" classname="PlayersWorlds.Maps.Areas.Evolving.AreaDistributorTest" runstate="Runnable" testcasecount="10" result="Passed" start-time="2024-02-24T18:17:58.0475480Z" end-time="2024-02-24T18:17:58.0585410Z" duration="0.010994" total="10" passed="10" failed="0" warnings="0" inconclusive="0" skipped="0" asserts="20">
                  <test-case id="1-1922" name="AreaDistributorTest_OverlapTwo(&quot;11x11: P2x2;S4x4 P5x5;S4x4&quot;)" fullname="PlayersWorlds.Maps.Areas.Evolving.AreaDistributorTest.AreaDistributorTest_OverlapTwo(&quot;11x11: P2x2;S4x4 P5x5;S4x4&quot;)" methodname="AreaDistributorTest_OverlapTwo" classname="PlayersWorlds.Maps.Areas.Evolving.AreaDistributorTest" runstate="Runnable" seed="2123761698" result="Passed" start-time="2024-02-24T18:17:58.0476330Z" end-time="2024-02-24T18:17:58.0539790Z" duration="0.006346" asserts="2" />
                  <test-case id="1-1923" name="AreaDistributorTest_OverlapTwo(&quot;11x11: P5x2;S4x4 P2x5;S4x4&quot;)" fullname="PlayersWorlds.Maps.Areas.Evolving.AreaDistributorTest.AreaDistributorTest_OverlapTwo(&quot;11x11: P5x2;S4x4 P2x5;S4x4&quot;)" methodname="AreaDistributorTest_OverlapTwo" classname="PlayersWorlds.Maps.Areas.Evolving.AreaDistributorTest" runstate="Runnable" seed="1545772229" result="Passed" start-time="2024-02-24T18:17:58.0539880Z" end-time="2024-02-24T18:17:58.0542820Z" duration="0.000295" asserts="2" />
                  <test-case id="1-1924" name="AreaDistributorTest_OverlapTwo(&quot;11x11: P2x5;S4x4 P5x2;S4x4&quot;)" fullname="PlayersWorlds.Maps.Areas.Evolving.AreaDistributorTest.AreaDistributorTest_OverlapTwo(&quot;11x11: P2x5;S4x4 P5x2;S4x4&quot;)" methodname="AreaDistributorTest_OverlapTwo" classname="PlayersWorlds.Maps.Areas.Evolving.AreaDistributorTest" runstate="Runnable" seed="114653047" result="Passed" start-time="2024-02-24T18:17:58.0542880Z" end-time="2024-02-24T18:17:58.0545750Z" duration="0.000287" asserts="2" />
                  <test-case id="1-1925" name="AreaDistributorTest_OverlapTwo(&quot;11x11: P5x5;S4x4 P2x2;S4x4&quot;)" fullname="PlayersWorlds.Maps.Areas.Evolving.AreaDistributorTest.AreaDistributorTest_OverlapTwo(&quot;11x11: P5x5;S4x4 P2x2;S4x4&quot;)" methodname="AreaDistributorTest_OverlapTwo" classname="PlayersWorlds.Maps.Areas.Evolving.AreaDistributorTest" runstate="Runnable" seed="732303317" result="Passed" start-time="2024-02-24T18:17:58.0545810Z" end-time="2024-02-24T18:17:58.0548630Z" duration="0.000281" asserts="2" />
                  <test-case id="1-1926" name="AreaDistributorTest_OverlapTwo(&quot;11x11: P4x4;S4x4 P3x3;S4x4&quot;)" fullname="PlayersWorlds.Maps.Areas.Evolving.AreaDistributorTest.AreaDistributorTest_OverlapTwo(&quot;11x11: P4x4;S4x4 P3x3;S4x4&quot;)" methodname="AreaDistributorTest_OverlapTwo" classname="PlayersWorlds.Maps.Areas.Evolving.AreaDistributorTest" runstate="Runnable" seed="618499169" result="Passed" start-time="2024-02-24T18:17:58.0548690Z" end-time="2024-02-24T18:17:58.0562270Z" duration="0.001358" asserts="2" />
                  <test-case id="1-1927" name="AreaDistributorTest_OverlapTwo(&quot;11x11: P4x3;S4x4 P3x4;S4x4&quot;)" fullname="PlayersWorlds.Maps.Areas.Evolving.AreaDistributorTest.AreaDistributorTest_OverlapTwo(&quot;11x11: P4x3;S4x4 P3x4;S4x4&quot;)" methodname="AreaDistributorTest_OverlapTwo" classname="PlayersWorlds.Maps.Areas.Evolving.AreaDistributorTest" runstate="Runnable" seed="706110674" result="Passed" start-time="2024-02-24T18:17:58.0562340Z" end-time="2024-02-24T18:17:58.0564980Z" duration="0.000264" asserts="2" />
                  <test-case id="1-1928" name="AreaDistributorTest_OverlapTwo(&quot;11x11: P3.5x3.5;S4x4 P3.5x3.5;S4x4&quot;)" fullname="PlayersWorlds.Maps.Areas.Evolving.AreaDistributorTest.AreaDistributorTest_OverlapTwo(&quot;11x11: P3.5x3.5;S4x4 P3.5x3.5;S4x4&quot;)" methodname="AreaDistributorTest_OverlapTwo" classname="PlayersWorlds.Maps.Areas.Evolving.AreaDistributorTest" runstate="Runnable" seed="700494481" result="Passed" start-time="2024-02-24T18:17:58.0565030Z" end-time="2024-02-24T18:17:58.0568070Z" duration="0.000304" asserts="2" />
                  <test-case id="1-1929" name="AreaDistributorTest_OverlapTwo(&quot;16x16: P4x4;S8x8 P5x9;S2x2&quot;)" fullname="PlayersWorlds.Maps.Areas.Evolving.AreaDistributorTest.AreaDistributorTest_OverlapTwo(&quot;16x16: P4x4;S8x8 P5x9;S2x2&quot;)" methodname="AreaDistributorTest_OverlapTwo" classname="PlayersWorlds.Maps.Areas.Evolving.AreaDistributorTest" runstate="Runnable" seed="1896326434" result="Passed" start-time="2024-02-24T18:17:58.0568140Z" end-time="2024-02-24T18:17:58.0570860Z" duration="0.000271" asserts="2" />
                  <test-case id="1-1930" name="AreaDistributorTest_OverlapTwo(&quot;16x16: P4x4;S8x8 P5x7;S4x4&quot;)" fullname="PlayersWorlds.Maps.Areas.Evolving.AreaDistributorTest.AreaDistributorTest_OverlapTwo(&quot;16x16: P4x4;S8x8 P5x7;S4x4&quot;)" methodname="AreaDistributorTest_OverlapTwo" classname="PlayersWorlds.Maps.Areas.Evolving.AreaDistributorTest" runstate="Runnable" seed="1428470150" result="Passed" start-time="2024-02-24T18:17:58.0570920Z" end-time="2024-02-24T18:17:58.0573590Z" duration="0.000267" asserts="2" />
                  <test-case id="1-1931" name="AreaDistributorTest_OverlapTwo(&quot;16x16: P5x5;S6x6 P6x6;S4x4&quot;)" fullname="PlayersWorlds.Maps.Areas.Evolving.AreaDistributorTest.AreaDistributorTest_OverlapTwo(&quot;16x16: P5x5;S6x6 P6x6;S4x4&quot;)" methodname="AreaDistributorTest_OverlapTwo" classname="PlayersWorlds.Maps.Areas.Evolving.AreaDistributorTest" runstate="Runnable" seed="1196936056" result="Passed" start-time="2024-02-24T18:17:58.0573640Z" end-time="2024-02-24T18:17:58.0576200Z" duration="0.000256" asserts="2" />
                </test-suite>
                <test-case id="1-1920" name="AreaDistributorTest_SidePressure" fullname="PlayersWorlds.Maps.Areas.Evolving.AreaDistributorTest.AreaDistributorTest_SidePressure" methodname="AreaDistributorTest_SidePressure" classname="PlayersWorlds.Maps.Areas.Evolving.AreaDistributorTest" runstate="Runnable" seed="1075993611" result="Passed" start-time="2024-02-24T18:17:58.0593150Z" end-time="2024-02-24T18:17:58.0601000Z" duration="0.000785" asserts="2" />
                <test-suite type="ParameterizedMethod" id="1-1943" name="AreaDistributorTest_SingleMapForce" fullname="PlayersWorlds.Maps.Areas.Evolving.AreaDistributorTest.AreaDistributorTest_SingleMapForce" classname="PlayersWorlds.Maps.Areas.Evolving.AreaDistributorTest" runstate="Runnable" testcasecount="10" result="Passed" start-time="2024-02-24T18:17:58.0601090Z" end-time="2024-02-24T18:17:58.0624070Z" duration="0.002298" total="10" passed="10" failed="0" warnings="0" inconclusive="0" skipped="0" asserts="20">
                  <test-case id="1-1933" name="AreaDistributorTest_SingleMapForce(&quot;6x12: P1x2;S2x2&quot;)" fullname="PlayersWorlds.Maps.Areas.Evolving.AreaDistributorTest.AreaDistributorTest_SingleMapForce(&quot;6x12: P1x2;S2x2&quot;)" methodname="AreaDistributorTest_SingleMapForce" classname="PlayersWorlds.Maps.Areas.Evolving.AreaDistributorTest" runstate="Runnable" seed="1968980886" result="Passed" start-time="2024-02-24T18:17:58.0601230Z" end-time="2024-02-24T18:17:58.0604890Z" duration="0.000366" asserts="2" />
                  <test-case id="1-1934" name="AreaDistributorTest_SingleMapForce(&quot;6x12: P2x2;S2x2&quot;)" fullname="PlayersWorlds.Maps.Areas.Evolving.AreaDistributorTest.AreaDistributorTest_SingleMapForce(&quot;6x12: P2x2;S2x2&quot;)" methodname="AreaDistributorTest_SingleMapForce" classname="PlayersWorlds.Maps.Areas.Evolving.AreaDistributorTest" runstate="Runnable" seed="950867481" result="Passed" start-time="2024-02-24T18:17:58.0604970Z" end-time="2024-02-24T18:17:58.0606960Z" duration="0.000199" asserts="2" />
                  <test-case id="1-1935" name="AreaDistributorTest_SingleMapForce(&quot;6x12: P3x2;S2x2&quot;)" fullname="PlayersWorlds.Maps.Areas.Evolving.AreaDistributorTest.AreaDistributorTest_SingleMapForce(&quot;6x12: P3x2;S2x2&quot;)" methodname="AreaDistributorTest_SingleMapForce" classname="PlayersWorlds.Maps.Areas.Evolving.AreaDistributorTest" runstate="Runnable" seed="1743635252" result="Passed" start-time="2024-02-24T18:17:58.0607020Z" end-time="2024-02-24T18:17:58.0608900Z" duration="0.000189" asserts="2" />
                  <test-case id="1-1936" name="AreaDistributorTest_SingleMapForce(&quot;6x12: P1x5;S2x2&quot;)" fullname="PlayersWorlds.Maps.Areas.Evolving.AreaDistributorTest.AreaDistributorTest_SingleMapForce(&quot;6x12: P1x5;S2x2&quot;)" methodname="AreaDistributorTest_SingleMapForce" classname="PlayersWorlds.Maps.Areas.Evolving.AreaDistributorTest" runstate="Runnable" seed="1476066470" result="Passed" start-time="2024-02-24T18:17:58.0608950Z" end-time="2024-02-24T18:17:58.0610910Z" duration="0.000196" asserts="2" />
                  <test-case id="1-1937" name="AreaDistributorTest_SingleMapForce(&quot;6x12: P2x5;S2x2&quot;)" fullname="PlayersWorlds.Maps.Areas.Evolving.AreaDistributorTest.AreaDistributorTest_SingleMapForce(&quot;6x12: P2x5;S2x2&quot;)" methodname="AreaDistributorTest_SingleMapForce" classname="PlayersWorlds.Maps.Areas.Evolving.AreaDistributorTest" runstate="Runnable" seed="267731334" result="Passed" start-time="2024-02-24T18:17:58.0610960Z" end-time="2024-02-24T18:17:58.0612900Z" duration="0.000194" asserts="2" />
                  <test-case id="1-1938" name="AreaDistributorTest_SingleMapForce(&quot;6x12: P3x5;S2x2&quot;)" fullname="PlayersWorlds.Maps.Areas.Evolving.AreaDistributorTest.AreaDistributorTest_SingleMapForce(&quot;6x12: P3x5;S2x2&quot;)" methodname="AreaDistributorTest_SingleMapForce" classname="PlayersWorlds.Maps.Areas.Evolving.AreaDistributorTest" runstate="Runnable" seed="714075152" result="Passed" start-time="2024-02-24T18:17:58.0612960Z" end-time="2024-02-24T18:17:58.0614860Z" duration="0.000191" asserts="2" />
                  <test-case id="1-1939" name="AreaDistributorTest_SingleMapForce(&quot;6x12: P1x8;S2x2&quot;)" fullname="PlayersWorlds.Maps.Areas.Evolving.AreaDistributorTest.AreaDistributorTest_SingleMapForce(&quot;6x12: P1x8;S2x2&quot;)" methodname="AreaDistributorTest_SingleMapForce" classname="PlayersWorlds.Maps.Areas.Evolving.AreaDistributorTest" runstate="Runnable" seed="1082915880" result="Passed" start-time="2024-02-24T18:17:58.0614910Z" end-time="2024-02-24T18:17:58.0616900Z" duration="0.000199" asserts="2" />
                  <test-case id="1-1940" name="AreaDistributorTest_SingleMapForce(&quot;6x12: P2x8;S2x2&quot;)" fullname="PlayersWorlds.Maps.Areas.Evolving.AreaDistributorTest.AreaDistributorTest_SingleMapForce(&quot;6x12: P2x8;S2x2&quot;)" methodname="AreaDistributorTest_SingleMapForce" classname="PlayersWorlds.Maps.Areas.Evolving.AreaDistributorTest" runstate="Runnable" seed="147834377" result="Passed" start-time="2024-02-24T18:17:58.0616950Z" end-time="2024-02-24T18:17:58.0618830Z" duration="0.000188" asserts="2" />
                  <test-case id="1-1941" name="AreaDistributorTest_SingleMapForce(&quot;6x12: P3x8;S2x2&quot;)" fullname="PlayersWorlds.Maps.Areas.Evolving.AreaDistributorTest.AreaDistributorTest_SingleMapForce(&quot;6x12: P3x8;S2x2&quot;)" methodname="AreaDistributorTest_SingleMapForce" classname="PlayersWorlds.Maps.Areas.Evolving.AreaDistributorTest" runstate="Runnable" seed="1381358799" result="Passed" start-time="2024-02-24T18:17:58.0618880Z" end-time="2024-02-24T18:17:58.0620800Z" duration="0.000192" asserts="2" />
                  <test-case id="1-1942" name="AreaDistributorTest_SingleMapForce(&quot;6x12: P-1x-4;S2x2&quot;)" fullname="PlayersWorlds.Maps.Areas.Evolving.AreaDistributorTest.AreaDistributorTest_SingleMapForce(&quot;6x12: P-1x-4;S2x2&quot;)" methodname="AreaDistributorTest_SingleMapForce" classname="PlayersWorlds.Maps.Areas.Evolving.AreaDistributorTest" runstate="Runnable" seed="6739327" result="Passed" start-time="2024-02-24T18:17:58.0620850Z" end-time="2024-02-24T18:17:58.0623980Z" duration="0.000313" asserts="2" />
                </test-suite>
                <test-case id="1-1921" name="AreaDistributorTest_TwoTest" fullname="PlayersWorlds.Maps.Areas.Evolving.AreaDistributorTest.AreaDistributorTest_TwoTest" methodname="AreaDistributorTest_TwoTest" classname="PlayersWorlds.Maps.Areas.Evolving.AreaDistributorTest" runstate="Runnable" seed="1666058865" result="Passed" start-time="2024-02-24T18:17:58.0624140Z" end-time="2024-02-24T18:17:58.0627920Z" duration="0.000378" asserts="2" />
              </test-suite>
              <test-suite type="TestFixture" id="1-1995" name="EvolvingSimulatorTest" fullname="PlayersWorlds.Maps.Areas.Evolving.EvolvingSimulatorTest" classname="PlayersWorlds.Maps.Areas.Evolving.EvolvingSimulatorTest" runstate="Runnable" testcasecount="2" result="Passed" start-time="2024-02-24T18:17:58.0631900Z" end-time="2024-02-24T18:17:58.1648420Z" duration="0.101653" total="2" passed="2" failed="0" warnings="0" inconclusive="0" skipped="0" asserts="2">
                <test-case id="1-1997" name="EvolvingSimulator_ReturnsEpochsIfEvolitionIsNotComplete" fullname="PlayersWorlds.Maps.Areas.Evolving.EvolvingSimulatorTest.EvolvingSimulator_ReturnsEpochsIfEvolitionIsNotComplete" methodname="EvolvingSimulator_ReturnsEpochsIfEvolitionIsNotComplete" classname="PlayersWorlds.Maps.Areas.Evolving.EvolvingSimulatorTest" runstate="Runnable" seed="2122032415" result="Passed" start-time="2024-02-24T18:17:58.0632360Z" end-time="2024-02-24T18:17:58.1624750Z" duration="0.099239" asserts="1" />
                <test-case id="1-1996" name="EvolvingSimulator_ThrowsIfMaxEpochsIsZero" fullname="PlayersWorlds.Maps.Areas.Evolving.EvolvingSimulatorTest.EvolvingSimulator_ThrowsIfMaxEpochsIsZero" methodname="EvolvingSimulator_ThrowsIfMaxEpochsIsZero" classname="PlayersWorlds.Maps.Areas.Evolving.EvolvingSimulatorTest" runstate="Runnable" seed="1823931167" result="Passed" start-time="2024-02-24T18:17:58.1624910Z" end-time="2024-02-24T18:17:58.1648190Z" duration="0.002328" asserts="1" />
              </test-suite>
              <test-suite type="TestFixture" id="1-1998" name="FloatingAreaTest" fullname="PlayersWorlds.Maps.Areas.Evolving.FloatingAreaTest" classname="PlayersWorlds.Maps.Areas.Evolving.FloatingAreaTest" runstate="Runnable" testcasecount="4" result="Passed" start-time="2024-02-24T18:17:58.1648970Z" end-time="2024-02-24T18:17:58.1689130Z" duration="0.004016" total="4" passed="4" failed="0" warnings="0" inconclusive="0" skipped="0" asserts="10">
                <test-case id="1-2002" name="CenterIsValid" fullname="PlayersWorlds.Maps.Areas.Evolving.FloatingAreaTest.CenterIsValid" methodname="CenterIsValid" classname="PlayersWorlds.Maps.Areas.Evolving.FloatingAreaTest" runstate="Runnable" seed="168384610" result="Passed" start-time="2024-02-24T18:17:58.1649490Z" end-time="2024-02-24T18:17:58.1675050Z" duration="0.002556" asserts="4" />
                <test-case id="1-2001" name="Contains" fullname="PlayersWorlds.Maps.Areas.Evolving.FloatingAreaTest.Contains" methodname="Contains" classname="PlayersWorlds.Maps.Areas.Evolving.FloatingAreaTest" runstate="Runnable" seed="1745764480" result="Passed" start-time="2024-02-24T18:17:58.1675160Z" end-time="2024-02-24T18:17:58.1679450Z" duration="0.000429" asserts="2" />
                <test-case id="1-2000" name="Overlaps" fullname="PlayersWorlds.Maps.Areas.Evolving.FloatingAreaTest.Overlaps" methodname="Overlaps" classname="PlayersWorlds.Maps.Areas.Evolving.FloatingAreaTest" runstate="Runnable" seed="1285047519" result="Passed" start-time="2024-02-24T18:17:58.1679530Z" end-time="2024-02-24T18:17:58.1681720Z" duration="0.000220" asserts="2" />
                <test-case id="1-1999" name="Parse" fullname="PlayersWorlds.Maps.Areas.Evolving.FloatingAreaTest.Parse" methodname="Parse" classname="PlayersWorlds.Maps.Areas.Evolving.FloatingAreaTest" runstate="Runnable" seed="2008438801" result="Passed" start-time="2024-02-24T18:17:58.1681790Z" end-time="2024-02-24T18:17:58.1689020Z" duration="0.000723" asserts="2" />
              </test-suite>
              <test-suite type="TestFixture" id="1-2003" name="ForceFormulaTestTest" fullname="PlayersWorlds.Maps.Areas.Evolving.ForceFormulaTestTest" classname="PlayersWorlds.Maps.Areas.Evolving.ForceFormulaTestTest" runstate="Runnable" testcasecount="8" result="Passed" start-time="2024-02-24T18:17:58.1689240Z" end-time="2024-02-24T18:17:58.1716270Z" duration="0.002703" total="8" passed="8" failed="0" warnings="0" inconclusive="0" skipped="0" asserts="42">
                <test-case id="1-2009" name="CollideForce_Negative" fullname="PlayersWorlds.Maps.Areas.Evolving.ForceFormulaTestTest.CollideForce_Negative" methodname="CollideForce_Negative" classname="PlayersWorlds.Maps.Areas.Evolving.ForceFormulaTestTest" runstate="Runnable" seed="1735745393" result="Passed" start-time="2024-02-24T18:17:58.1689690Z" end-time="2024-02-24T18:17:58.1699590Z" duration="0.000990" asserts="9" />
                <test-case id="1-2008" name="CollideForce_Positive" fullname="PlayersWorlds.Maps.Areas.Evolving.ForceFormulaTestTest.CollideForce_Positive" methodname="CollideForce_Positive" classname="PlayersWorlds.Maps.Areas.Evolving.ForceFormulaTestTest" runstate="Runnable" seed="240139139" result="Passed" start-time="2024-02-24T18:17:58.1699710Z" end-time="2024-02-24T18:17:58.1703000Z" duration="0.000329" asserts="9" />
                <test-case id="1-2005" name="NormalForce_Negative" fullname="PlayersWorlds.Maps.Areas.Evolving.ForceFormulaTestTest.NormalForce_Negative" methodname="NormalForce_Negative" classname="PlayersWorlds.Maps.Areas.Evolving.ForceFormulaTestTest" runstate="Runnable" seed="1569798963" result="Passed" start-time="2024-02-24T18:17:58.1703070Z" end-time="2024-02-24T18:17:58.1706670Z" duration="0.000360" asserts="3" />
                <test-case id="1-2007" name="NormalForce_NegativeCapped" fullname="PlayersWorlds.Maps.Areas.Evolving.ForceFormulaTestTest.NormalForce_NegativeCapped" methodname="NormalForce_NegativeCapped" classname="PlayersWorlds.Maps.Areas.Evolving.ForceFormulaTestTest" runstate="Runnable" seed="2042045000" result="Passed" start-time="2024-02-24T18:17:58.1706750Z" end-time="2024-02-24T18:17:58.1708370Z" duration="0.000162" asserts="5" />
                <test-case id="1-2004" name="NormalForce_Positive" fullname="PlayersWorlds.Maps.Areas.Evolving.ForceFormulaTestTest.NormalForce_Positive" methodname="NormalForce_Positive" classname="PlayersWorlds.Maps.Areas.Evolving.ForceFormulaTestTest" runstate="Runnable" seed="1394448279" result="Passed" start-time="2024-02-24T18:17:58.1708430Z" end-time="2024-02-24T18:17:58.1709540Z" duration="0.000111" asserts="3" />
                <test-case id="1-2006" name="NormalForce_PositiveCapped" fullname="PlayersWorlds.Maps.Areas.Evolving.ForceFormulaTestTest.NormalForce_PositiveCapped" methodname="NormalForce_PositiveCapped" classname="PlayersWorlds.Maps.Areas.Evolving.ForceFormulaTestTest" runstate="Runnable" seed="1692427080" result="Passed" start-time="2024-02-24T18:17:58.1709600Z" end-time="2024-02-24T18:17:58.1711020Z" duration="0.000142" asserts="5" />
                <test-case id="1-2011" name="OverlapForce_Negative" fullname="PlayersWorlds.Maps.Areas.Evolving.ForceFormulaTestTest.OverlapForce_Negative" methodname="OverlapForce_Negative" classname="PlayersWorlds.Maps.Areas.Evolving.ForceFormulaTestTest" runstate="Runnable" seed="1585764178" result="Passed" start-time="2024-02-24T18:17:58.1711080Z" end-time="2024-02-24T18:17:58.1713620Z" duration="0.000254" asserts="4" />
                <test-case id="1-2010" name="OverlapForce_Positive" fullname="PlayersWorlds.Maps.Areas.Evolving.ForceFormulaTestTest.OverlapForce_Positive" methodname="OverlapForce_Positive" classname="PlayersWorlds.Maps.Areas.Evolving.ForceFormulaTestTest" runstate="Runnable" seed="696459274" result="Passed" start-time="2024-02-24T18:17:58.1713690Z" end-time="2024-02-24T18:17:58.1716160Z" duration="0.000247" asserts="4" />
              </test-suite>
              <test-suite type="TestFixture" id="1-2012" name="SideToSideForceProducerTest" fullname="PlayersWorlds.Maps.Areas.Evolving.SideToSideForceProducerTest" classname="PlayersWorlds.Maps.Areas.Evolving.SideToSideForceProducerTest" runstate="Runnable" testcasecount="22" result="Passed" start-time="2024-02-24T18:17:58.1716380Z" end-time="2024-02-24T18:17:58.1751810Z" duration="0.003542" total="22" passed="22" failed="0" warnings="0" inconclusive="0" skipped="0" asserts="79">
                <test-case id="1-2030" name="GetAxisDistance_Collide" fullname="PlayersWorlds.Maps.Areas.Evolving.SideToSideForceProducerTest.GetAxisDistance_Collide" methodname="GetAxisDistance_Collide" classname="PlayersWorlds.Maps.Areas.Evolving.SideToSideForceProducerTest" runstate="Runnable" seed="975263885" result="Passed" start-time="2024-02-24T18:17:58.1716890Z" end-time="2024-02-24T18:17:58.1722960Z" duration="0.000608" asserts="6" />
                <test-case id="1-2033" name="GetAxisDistance_Contain1" fullname="PlayersWorlds.Maps.Areas.Evolving.SideToSideForceProducerTest.GetAxisDistance_Contain1" methodname="GetAxisDistance_Contain1" classname="PlayersWorlds.Maps.Areas.Evolving.SideToSideForceProducerTest" runstate="Runnable" seed="1656038305" result="Passed" start-time="2024-02-24T18:17:58.1723040Z" end-time="2024-02-24T18:17:58.1725460Z" duration="0.000241" asserts="6" />
                <test-case id="1-2034" name="GetAxisDistance_Contain2" fullname="PlayersWorlds.Maps.Areas.Evolving.SideToSideForceProducerTest.GetAxisDistance_Contain2" methodname="GetAxisDistance_Contain2" classname="PlayersWorlds.Maps.Areas.Evolving.SideToSideForceProducerTest" runstate="Runnable" seed="50680736" result="Passed" start-time="2024-02-24T18:17:58.1725520Z" end-time="2024-02-24T18:17:58.1727740Z" duration="0.000222" asserts="6" />
                <test-case id="1-2028" name="GetAxisDistance_Normal1" fullname="PlayersWorlds.Maps.Areas.Evolving.SideToSideForceProducerTest.GetAxisDistance_Normal1" methodname="GetAxisDistance_Normal1" classname="PlayersWorlds.Maps.Areas.Evolving.SideToSideForceProducerTest" runstate="Runnable" seed="606305292" result="Passed" start-time="2024-02-24T18:17:58.1727810Z" end-time="2024-02-24T18:17:58.1730050Z" duration="0.000224" asserts="6" />
                <test-case id="1-2029" name="GetAxisDistance_Normal2" fullname="PlayersWorlds.Maps.Areas.Evolving.SideToSideForceProducerTest.GetAxisDistance_Normal2" methodname="GetAxisDistance_Normal2" classname="PlayersWorlds.Maps.Areas.Evolving.SideToSideForceProducerTest" runstate="Runnable" seed="1246136342" result="Passed" start-time="2024-02-24T18:17:58.1730120Z" end-time="2024-02-24T18:17:58.1732270Z" duration="0.000215" asserts="6" />
                <test-case id="1-2031" name="GetAxisDistance_Overlap1" fullname="PlayersWorlds.Maps.Areas.Evolving.SideToSideForceProducerTest.GetAxisDistance_Overlap1" methodname="GetAxisDistance_Overlap1" classname="PlayersWorlds.Maps.Areas.Evolving.SideToSideForceProducerTest" runstate="Runnable" seed="1879513507" result="Passed" start-time="2024-02-24T18:17:58.1732340Z" end-time="2024-02-24T18:17:58.1734450Z" duration="0.000212" asserts="6" />
                <test-case id="1-2032" name="GetAxisDistance_Overlap2" fullname="PlayersWorlds.Maps.Areas.Evolving.SideToSideForceProducerTest.GetAxisDistance_Overlap2" methodname="GetAxisDistance_Overlap2" classname="PlayersWorlds.Maps.Areas.Evolving.SideToSideForceProducerTest" runstate="Runnable" seed="1362861980" result="Passed" start-time="2024-02-24T18:17:58.1734520Z" end-time="2024-02-24T18:17:58.1736640Z" duration="0.000212" asserts="6" />
                <test-case id="1-2022" name="GetOpposingForce_CentersInside_NoOpposingForce" fullname="PlayersWorlds.Maps.Areas.Evolving.SideToSideForceProducerTest.GetOpposingForce_CentersInside_NoOpposingForce" methodname="GetOpposingForce_CentersInside_NoOpposingForce" classname="PlayersWorlds.Maps.Areas.Evolving.SideToSideForceProducerTest" runstate="Runnable" seed="266065461" result="Passed" start-time="2024-02-24T18:17:58.1736710Z" end-time="2024-02-24T18:17:58.1737870Z" duration="0.000116" asserts="2" />
                <test-case id="1-2023" name="GetOpposingForce_CentersInside_WithOpposingForce" fullname="PlayersWorlds.Maps.Areas.Evolving.SideToSideForceProducerTest.GetOpposingForce_CentersInside_WithOpposingForce" methodname="GetOpposingForce_CentersInside_WithOpposingForce" classname="PlayersWorlds.Maps.Areas.Evolving.SideToSideForceProducerTest" runstate="Runnable" seed="294369198" result="Passed" start-time="2024-02-24T18:17:58.1737930Z" end-time="2024-02-24T18:17:58.1738780Z" duration="0.000085" asserts="2" />
                <test-case id="1-2024" name="GetOpposingForce_CentersOutside_NoOpposingForce" fullname="PlayersWorlds.Maps.Areas.Evolving.SideToSideForceProducerTest.GetOpposingForce_CentersOutside_NoOpposingForce" methodname="GetOpposingForce_CentersOutside_NoOpposingForce" classname="PlayersWorlds.Maps.Areas.Evolving.SideToSideForceProducerTest" runstate="Runnable" seed="1376445204" result="Passed" start-time="2024-02-24T18:17:58.1738840Z" end-time="2024-02-24T18:17:58.1739580Z" duration="0.000074" asserts="2" />
                <test-case id="1-2025" name="GetOpposingForce_CentersOutside_WithOpposingForce" fullname="PlayersWorlds.Maps.Areas.Evolving.SideToSideForceProducerTest.GetOpposingForce_CentersOutside_WithOpposingForce" methodname="GetOpposingForce_CentersOutside_WithOpposingForce" classname="PlayersWorlds.Maps.Areas.Evolving.SideToSideForceProducerTest" runstate="Runnable" seed="288770420" result="Passed" start-time="2024-02-24T18:17:58.1739650Z" end-time="2024-02-24T18:17:58.1740360Z" duration="0.000071" asserts="2" />
                <test-case id="1-2026" name="GetOpposingForce_NoIntersection_NoOpposingForce" fullname="PlayersWorlds.Maps.Areas.Evolving.SideToSideForceProducerTest.GetOpposingForce_NoIntersection_NoOpposingForce" methodname="GetOpposingForce_NoIntersection_NoOpposingForce" classname="PlayersWorlds.Maps.Areas.Evolving.SideToSideForceProducerTest" runstate="Runnable" seed="1739526422" result="Passed" start-time="2024-02-24T18:17:58.1740420Z" end-time="2024-02-24T18:17:58.1741110Z" duration="0.000069" asserts="2" />
                <test-case id="1-2027" name="GetOpposingForce_NoIntersection_WithOpposingForce" fullname="PlayersWorlds.Maps.Areas.Evolving.SideToSideForceProducerTest.GetOpposingForce_NoIntersection_WithOpposingForce" methodname="GetOpposingForce_NoIntersection_WithOpposingForce" classname="PlayersWorlds.Maps.Areas.Evolving.SideToSideForceProducerTest" runstate="Runnable" seed="1821584760" result="Passed" start-time="2024-02-24T18:17:58.1741170Z" end-time="2024-02-24T18:17:58.1741860Z" duration="0.000070" asserts="2" />
                <test-case id="1-2020" name="GetOpposingForce_WhenCenterMatches_NoOpposingForce" fullname="PlayersWorlds.Maps.Areas.Evolving.SideToSideForceProducerTest.GetOpposingForce_WhenCenterMatches_NoOpposingForce" methodname="GetOpposingForce_WhenCenterMatches_NoOpposingForce" classname="PlayersWorlds.Maps.Areas.Evolving.SideToSideForceProducerTest" runstate="Runnable" seed="750290099" result="Passed" start-time="2024-02-24T18:17:58.1741920Z" end-time="2024-02-24T18:17:58.1742610Z" duration="0.000070" asserts="2" />
                <test-case id="1-2021" name="GetOpposingForce_WhenCenterMatches_WithOpposingForce" fullname="PlayersWorlds.Maps.Areas.Evolving.SideToSideForceProducerTest.GetOpposingForce_WhenCenterMatches_WithOpposingForce" methodname="GetOpposingForce_WhenCenterMatches_WithOpposingForce" classname="PlayersWorlds.Maps.Areas.Evolving.SideToSideForceProducerTest" runstate="Runnable" seed="1341320189" result="Passed" start-time="2024-02-24T18:17:58.1742670Z" end-time="2024-02-24T18:17:58.1743380Z" duration="0.000071" asserts="2" />
                <test-case id="1-2016" name="MapAreaSystemTest_DistanceCentersMatch" fullname="PlayersWorlds.Maps.Areas.Evolving.SideToSideForceProducerTest.MapAreaSystemTest_DistanceCentersMatch" methodname="MapAreaSystemTest_DistanceCentersMatch" classname="PlayersWorlds.Maps.Areas.Evolving.SideToSideForceProducerTest" runstate="Runnable" seed="1473356204" result="Passed" start-time="2024-02-24T18:17:58.1743440Z" end-time="2024-02-24T18:17:58.1744460Z" duration="0.000102" asserts="3" />
                <test-case id="1-2019" name="MapAreaSystemTest_DistanceNegativeCollide" fullname="PlayersWorlds.Maps.Areas.Evolving.SideToSideForceProducerTest.MapAreaSystemTest_DistanceNegativeCollide" methodname="MapAreaSystemTest_DistanceNegativeCollide" classname="PlayersWorlds.Maps.Areas.Evolving.SideToSideForceProducerTest" runstate="Runnable" seed="1072912256" result="Passed" start-time="2024-02-24T18:17:58.1744520Z" end-time="2024-02-24T18:17:58.1745470Z" duration="0.000095" asserts="3" />
                <test-case id="1-2017" name="MapAreaSystemTest_DistanceNegativeNormal" fullname="PlayersWorlds.Maps.Areas.Evolving.SideToSideForceProducerTest.MapAreaSystemTest_DistanceNegativeNormal" methodname="MapAreaSystemTest_DistanceNegativeNormal" classname="PlayersWorlds.Maps.Areas.Evolving.SideToSideForceProducerTest" runstate="Runnable" seed="1053858243" result="Passed" start-time="2024-02-24T18:17:58.1745530Z" end-time="2024-02-24T18:17:58.1746440Z" duration="0.000091" asserts="3" />
                <test-case id="1-2018" name="MapAreaSystemTest_DistanceNegativeOverlap" fullname="PlayersWorlds.Maps.Areas.Evolving.SideToSideForceProducerTest.MapAreaSystemTest_DistanceNegativeOverlap" methodname="MapAreaSystemTest_DistanceNegativeOverlap" classname="PlayersWorlds.Maps.Areas.Evolving.SideToSideForceProducerTest" runstate="Runnable" seed="8189363" result="Passed" start-time="2024-02-24T18:17:58.1746510Z" end-time="2024-02-24T18:17:58.1747390Z" duration="0.000088" asserts="3" />
                <test-case id="1-2015" name="MapAreaSystemTest_DistancePositiveCollide" fullname="PlayersWorlds.Maps.Areas.Evolving.SideToSideForceProducerTest.MapAreaSystemTest_DistancePositiveCollide" methodname="MapAreaSystemTest_DistancePositiveCollide" classname="PlayersWorlds.Maps.Areas.Evolving.SideToSideForceProducerTest" runstate="Runnable" seed="1591181845" result="Passed" start-time="2024-02-24T18:17:58.1748620Z" end-time="2024-02-24T18:17:58.1749730Z" duration="0.000111" asserts="3" />
                <test-case id="1-2013" name="MapAreaSystemTest_DistancePositiveNormal" fullname="PlayersWorlds.Maps.Areas.Evolving.SideToSideForceProducerTest.MapAreaSystemTest_DistancePositiveNormal" methodname="MapAreaSystemTest_DistancePositiveNormal" classname="PlayersWorlds.Maps.Areas.Evolving.SideToSideForceProducerTest" runstate="Runnable" seed="1090841562" result="Passed" start-time="2024-02-24T18:17:58.1749790Z" end-time="2024-02-24T18:17:58.1750760Z" duration="0.000097" asserts="3" />
                <test-case id="1-2014" name="MapAreaSystemTest_DistancePositiveOverlap" fullname="PlayersWorlds.Maps.Areas.Evolving.SideToSideForceProducerTest.MapAreaSystemTest_DistancePositiveOverlap" methodname="MapAreaSystemTest_DistancePositiveOverlap" classname="PlayersWorlds.Maps.Areas.Evolving.SideToSideForceProducerTest" runstate="Runnable" seed="775349658" result="Passed" start-time="2024-02-24T18:17:58.1750820Z" end-time="2024-02-24T18:17:58.1751700Z" duration="0.000089" asserts="3" />
              </test-suite>
            </test-suite>
            <test-suite type="TestFixture" id="1-1910" name="MapAreaTest" fullname="PlayersWorlds.Maps.Areas.MapAreaTest" classname="PlayersWorlds.Maps.Areas.MapAreaTest" runstate="Runnable" testcasecount="5" result="Passed" start-time="2024-02-24T18:17:58.1752000Z" end-time="2024-02-24T18:17:58.1794870Z" duration="0.004287" total="5" passed="5" failed="0" warnings="0" inconclusive="0" skipped="0" asserts="27">
              <test-case id="1-1913" name="Overlaps_ReturnsFalseIfDoesNotOverlap" fullname="PlayersWorlds.Maps.Areas.MapAreaTest.Overlaps_ReturnsFalseIfDoesNotOverlap" methodname="Overlaps_ReturnsFalseIfDoesNotOverlap" classname="PlayersWorlds.Maps.Areas.MapAreaTest" runstate="Runnable" seed="349015229" result="Passed" start-time="2024-02-24T18:17:58.1752450Z" end-time="2024-02-24T18:17:58.1757030Z" duration="0.000457" asserts="15" />
              <test-case id="1-1912" name="Overlaps_ReturnsTrueIfOverlaps" fullname="PlayersWorlds.Maps.Areas.MapAreaTest.Overlaps_ReturnsTrueIfOverlaps" methodname="Overlaps_ReturnsTrueIfOverlaps" classname="PlayersWorlds.Maps.Areas.MapAreaTest" runstate="Runnable" seed="2091411148" result="Passed" start-time="2024-02-24T18:17:58.1757100Z" end-time="2024-02-24T18:17:58.1758650Z" duration="0.000156" asserts="7" />
              <test-case id="1-1911" name="Overlaps_ThrowsIfSame" fullname="PlayersWorlds.Maps.Areas.MapAreaTest.Overlaps_ThrowsIfSame" methodname="Overlaps_ThrowsIfSame" classname="PlayersWorlds.Maps.Areas.MapAreaTest" runstate="Runnable" seed="2112301506" result="Passed" start-time="2024-02-24T18:17:58.1758710Z" end-time="2024-02-24T18:17:58.1765700Z" duration="0.000699" asserts="2" />
              <test-case id="1-1914" name="Position_ThrowsIfNotInitialized" fullname="PlayersWorlds.Maps.Areas.MapAreaTest.Position_ThrowsIfNotInitialized" methodname="Position_ThrowsIfNotInitialized" classname="PlayersWorlds.Maps.Areas.MapAreaTest" runstate="Runnable" seed="1930951749" result="Passed" start-time="2024-02-24T18:17:58.1765780Z" end-time="2024-02-24T18:17:58.1782860Z" duration="0.001708" asserts="2" />
              <test-case id="1-1915" name="ThrowsIfWrongParameters" fullname="PlayersWorlds.Maps.Areas.MapAreaTest.ThrowsIfWrongParameters" methodname="ThrowsIfWrongParameters" classname="PlayersWorlds.Maps.Areas.MapAreaTest" runstate="Runnable" seed="2041819131" result="Passed" start-time="2024-02-24T18:17:58.1782940Z" end-time="2024-02-24T18:17:58.1794720Z" duration="0.001179" asserts="1" />
            </test-suite>
          </test-suite>
          <test-suite type="TestFixture" id="1-1004" name="AssemblyInfoTest" fullname="PlayersWorlds.Maps.AssemblyInfoTest" classname="PlayersWorlds.Maps.AssemblyInfoTest" runstate="Runnable" testcasecount="2" result="Passed" start-time="2024-02-24T18:17:58.1795050Z" end-time="2024-02-24T18:17:58.1803300Z" duration="0.000825" total="2" passed="2" failed="0" warnings="0" inconclusive="0" skipped="0" asserts="4">
            <test-case id="1-1006" name="TestAssemblyCompany" fullname="PlayersWorlds.Maps.AssemblyInfoTest.TestAssemblyCompany" methodname="TestAssemblyCompany" classname="PlayersWorlds.Maps.AssemblyInfoTest" runstate="Runnable" seed="873646556" result="Passed" start-time="2024-02-24T18:17:58.1795600Z" end-time="2024-02-24T18:17:58.1800590Z" duration="0.000500" asserts="2" />
            <test-case id="1-1005" name="TestAssemblyTitle" fullname="PlayersWorlds.Maps.AssemblyInfoTest.TestAssemblyTitle" methodname="TestAssemblyTitle" classname="PlayersWorlds.Maps.AssemblyInfoTest" runstate="Runnable" seed="329248233" result="Passed" start-time="2024-02-24T18:17:58.1800670Z" end-time="2024-02-24T18:17:58.1803200Z" duration="0.000253" asserts="2" />
          </test-suite>
          <test-suite type="TestFixture" id="1-1007" name="CellTest" fullname="PlayersWorlds.Maps.CellTest" classname="PlayersWorlds.Maps.CellTest" runstate="Runnable" testcasecount="1" result="Passed" start-time="2024-02-24T18:17:58.1803430Z" end-time="2024-02-24T18:17:58.1807620Z" duration="0.000419" total="1" passed="1" failed="0" warnings="0" inconclusive="0" skipped="0" asserts="3">
            <test-case id="1-1008" name="CellTagEqualityTest" fullname="PlayersWorlds.Maps.CellTest.CellTagEqualityTest" methodname="CellTagEqualityTest" classname="PlayersWorlds.Maps.CellTest" runstate="Runnable" seed="1555790992" result="Passed" start-time="2024-02-24T18:17:58.1803880Z" end-time="2024-02-24T18:17:58.1807510Z" duration="0.000363" asserts="3" />
          </test-suite>
          <test-suite type="TestFixture" id="1-1009" name="ExtensionsTest" fullname="PlayersWorlds.Maps.ExtensionsTest" classname="PlayersWorlds.Maps.ExtensionsTest" runstate="Runnable" testcasecount="7" result="Passed" start-time="2024-02-24T18:17:58.1807730Z" end-time="2024-02-24T18:17:58.1880680Z" duration="0.007294" total="7" passed="7" failed="0" warnings="0" inconclusive="0" skipped="0" asserts="13">
            <test-case id="1-1012" name="DebugString" fullname="PlayersWorlds.Maps.ExtensionsTest.DebugString" methodname="DebugString" classname="PlayersWorlds.Maps.ExtensionsTest" runstate="Runnable" seed="827413375" result="Passed" start-time="2024-02-24T18:17:58.1808160Z" end-time="2024-02-24T18:17:58.1825410Z" duration="0.001725" asserts="2" />
            <test-case id="1-1015" name="GetAllDictionaryItems" fullname="PlayersWorlds.Maps.ExtensionsTest.GetAllDictionaryItems" methodname="GetAllDictionaryItems" classname="PlayersWorlds.Maps.ExtensionsTest" runstate="Runnable" seed="103305331" result="Passed" start-time="2024-02-24T18:17:58.1825500Z" end-time="2024-02-24T18:17:58.1844270Z" duration="0.001877" asserts="1" />
            <test-case id="1-1016" name="GetAllHashSetKeys" fullname="PlayersWorlds.Maps.ExtensionsTest.GetAllHashSetKeys" methodname="GetAllHashSetKeys" classname="PlayersWorlds.Maps.ExtensionsTest" runstate="Runnable" seed="1361507444" result="Passed" start-time="2024-02-24T18:17:58.1844360Z" end-time="2024-02-24T18:17:58.1853070Z" duration="0.000871" asserts="1" />
            <test-case id="1-1013" name="Set" fullname="PlayersWorlds.Maps.ExtensionsTest.Set" methodname="Set" classname="PlayersWorlds.Maps.ExtensionsTest" runstate="Runnable" seed="2101693889" result="Passed" start-time="2024-02-24T18:17:58.1853150Z" end-time="2024-02-24T18:17:58.1862050Z" duration="0.000890" asserts="3" />
            <test-case id="1-1014" name="SetList" fullname="PlayersWorlds.Maps.ExtensionsTest.SetList" methodname="SetList" classname="PlayersWorlds.Maps.ExtensionsTest" runstate="Runnable" seed="1003227800" result="Passed" start-time="2024-02-24T18:17:58.1862140Z" end-time="2024-02-24T18:17:58.1875450Z" duration="0.001332" asserts="3" />
            <test-case id="1-1011" name="TryDequeue_Dequeues" fullname="PlayersWorlds.Maps.ExtensionsTest.TryDequeue_Dequeues" methodname="TryDequeue_Dequeues" classname="PlayersWorlds.Maps.ExtensionsTest" runstate="Runnable" seed="280399604" result="Passed" start-time="2024-02-24T18:17:58.1875540Z" end-time="2024-02-24T18:17:58.1879370Z" duration="0.000383" asserts="2" />
            <test-case id="1-1010" name="TryDequeue_DoesNotThrow" fullname="PlayersWorlds.Maps.ExtensionsTest.TryDequeue_DoesNotThrow" methodname="TryDequeue_DoesNotThrow" classname="PlayersWorlds.Maps.ExtensionsTest" runstate="Runnable" seed="1593574148" result="Passed" start-time="2024-02-24T18:17:58.1879450Z" end-time="2024-02-24T18:17:58.1880560Z" duration="0.000111" asserts="1" />
          </test-suite>
          <test-suite type="TestFixture" id="1-1017" name="GlobalRandomTest" fullname="PlayersWorlds.Maps.GlobalRandomTest" classname="PlayersWorlds.Maps.GlobalRandomTest" runstate="Runnable" testcasecount="3" result="Passed" start-time="2024-02-24T18:17:58.1880790Z" end-time="2024-02-24T18:17:58.1913760Z" duration="0.003296" total="3" passed="3" failed="0" warnings="0" inconclusive="0" skipped="0" asserts="1002">
            <test-case id="1-1018" name="RandomCollectionItem" fullname="PlayersWorlds.Maps.GlobalRandomTest.RandomCollectionItem" methodname="RandomCollectionItem" classname="PlayersWorlds.Maps.GlobalRandomTest" runstate="Runnable" seed="54659018" result="Passed" start-time="2024-02-24T18:17:58.1881860Z" end-time="2024-02-24T18:17:58.1888370Z" duration="0.000650" asserts="1" />
            <test-case id="1-1020" name="RandomInRange" fullname="PlayersWorlds.Maps.GlobalRandomTest.RandomInRange" methodname="RandomInRange" classname="PlayersWorlds.Maps.GlobalRandomTest" runstate="Runnable" seed="713851270" result="Passed" start-time="2024-02-24T18:17:58.1888460Z" end-time="2024-02-24T18:17:58.1911820Z" duration="0.002336" asserts="1000" />
            <test-case id="1-1019" name="ThrowsIfEmptyCollection" fullname="PlayersWorlds.Maps.GlobalRandomTest.ThrowsIfEmptyCollection" methodname="ThrowsIfEmptyCollection" classname="PlayersWorlds.Maps.GlobalRandomTest" runstate="Runnable" seed="1413115196" result="Passed" start-time="2024-02-24T18:17:58.1911890Z" end-time="2024-02-24T18:17:58.1913650Z" duration="0.000176" asserts="1" />
          </test-suite>
          <test-suite type="TestFixture" id="1-1021" name="Map2DTest" fullname="PlayersWorlds.Maps.Map2DTest" classname="PlayersWorlds.Maps.Map2DTest" runstate="Runnable" testcasecount="1" result="Passed" start-time="2024-02-24T18:17:58.1913870Z" end-time="2024-02-24T18:17:58.1939890Z" duration="0.002602" total="1" passed="1" failed="0" warnings="0" inconclusive="0" skipped="0" asserts="6">
            <test-case id="1-1022" name="ParseMap" fullname="PlayersWorlds.Maps.Map2DTest.ParseMap" methodname="ParseMap" classname="PlayersWorlds.Maps.Map2DTest" runstate="Runnable" seed="1794094803" result="Passed" start-time="2024-02-24T18:17:58.1922150Z" end-time="2024-02-24T18:17:58.1939770Z" duration="0.001762" asserts="6" />
          </test-suite>
          <test-suite type="TestSuite" id="1-2041" name="MapFilters" fullname="PlayersWorlds.Maps.MapFilters" runstate="Runnable" testcasecount="5" result="Passed" start-time="2024-02-24T18:17:58.0133600Z" end-time="2024-02-24T18:17:58.1989380Z" duration="0.185578" total="5" passed="5" failed="0" warnings="0" inconclusive="0" skipped="0" asserts="10">
            <test-suite type="TestFixture" id="1-1904" name="Map2DEraseSpotsTest" fullname="PlayersWorlds.Maps.MapFilters.Map2DEraseSpotsTest" classname="PlayersWorlds.Maps.MapFilters.Map2DEraseSpotsTest" runstate="Runnable" testcasecount="5" result="Passed" start-time="2024-02-24T18:17:58.1939990Z" end-time="2024-02-24T18:17:58.1989320Z" duration="0.004933" total="5" passed="5" failed="0" warnings="0" inconclusive="0" skipped="0" asserts="10">
              <test-case id="1-1905" name="BackslashEraseSpots" fullname="PlayersWorlds.Maps.MapFilters.Map2DEraseSpotsTest.BackslashEraseSpots" methodname="BackslashEraseSpots" classname="PlayersWorlds.Maps.MapFilters.Map2DEraseSpotsTest" runstate="Runnable" seed="1896347954" result="Passed" start-time="2024-02-24T18:17:58.1940380Z" end-time="2024-02-24T18:17:58.1973910Z" duration="0.003354" asserts="1" />
              <test-case id="1-1909" name="SmoothBoxEraseSpots" fullname="PlayersWorlds.Maps.MapFilters.Map2DEraseSpotsTest.SmoothBoxEraseSpots" methodname="SmoothBoxEraseSpots" classname="PlayersWorlds.Maps.MapFilters.Map2DEraseSpotsTest" runstate="Runnable" seed="1189920616" result="Passed" start-time="2024-02-24T18:17:58.1974030Z" end-time="2024-02-24T18:17:58.1978620Z" duration="0.000459" asserts="1" />
              <test-case id="1-1908" name="SmoothBoxVoidBgEraseSpots" fullname="PlayersWorlds.Maps.MapFilters.Map2DEraseSpotsTest.SmoothBoxVoidBgEraseSpots" methodname="SmoothBoxVoidBgEraseSpots" classname="PlayersWorlds.Maps.MapFilters.Map2DEraseSpotsTest" runstate="Runnable" seed="1458499604" result="Passed" start-time="2024-02-24T18:17:58.1978740Z" end-time="2024-02-24T18:17:58.1981280Z" duration="0.000254" asserts="1" />
              <test-case id="1-1907" name="Spot1x3SpotsEraseSpots" fullname="PlayersWorlds.Maps.MapFilters.Map2DEraseSpotsTest.Spot1x3SpotsEraseSpots" methodname="Spot1x3SpotsEraseSpots" classname="PlayersWorlds.Maps.MapFilters.Map2DEraseSpotsTest" runstate="Runnable" seed="313718200" result="Passed" start-time="2024-02-24T18:17:58.1981350Z" end-time="2024-02-24T18:17:58.1983940Z" duration="0.000259" asserts="1" />
              <test-case id="1-1906" name="VariousSpotsEraseSpots" fullname="PlayersWorlds.Maps.MapFilters.Map2DEraseSpotsTest.VariousSpotsEraseSpots" methodname="VariousSpotsEraseSpots" classname="PlayersWorlds.Maps.MapFilters.Map2DEraseSpotsTest" runstate="Runnable" seed="108847949" result="Passed" start-time="2024-02-24T18:17:58.1984010Z" end-time="2024-02-24T18:17:58.1989210Z" duration="0.000520" asserts="6" />
            </test-suite>
          </test-suite>
          <test-suite type="TestSuite" id="1-2039" name="Maze" fullname="PlayersWorlds.Maps.Maze" runstate="Runnable" testcasecount="775" result="Skipped" label="Ignored" site="Child" start-time="2024-02-24T18:17:58.0133650Z" end-time="2024-02-24T18:18:14.9453580Z" duration="16.931993" total="271" passed="169" failed="0" warnings="0" inconclusive="0" skipped="102" asserts="12276">
            <reason>
              <message><![CDATA[One or more child tests were ignored]]></message>
            </reason>
            <test-suite type="TestFixture" id="1-1109" name="Maze2DBuilderTest" fullname="PlayersWorlds.Maps.Maze.Maze2DBuilderTest" classname="PlayersWorlds.Maps.Maze.Maze2DBuilderTest" runstate="Runnable" testcasecount="21" result="Passed" start-time="2024-02-24T18:17:58.1989490Z" end-time="2024-02-24T18:17:58.3287630Z" duration="0.129814" total="21" passed="21" failed="0" warnings="0" inconclusive="0" skipped="0" asserts="7097">
              <test-case id="1-1128" name="ApplyAreas" fullname="PlayersWorlds.Maps.Maze.Maze2DBuilderTest.ApplyAreas" methodname="ApplyAreas" classname="PlayersWorlds.Maps.Maze.Maze2DBuilderTest" runstate="Runnable" seed="1510831109" result="Passed" start-time="2024-02-24T18:17:58.1989980Z" end-time="2024-02-24T18:17:58.2150610Z" duration="0.016063" asserts="5" />
              <test-case id="1-1110" name="BuildsCorrectCellsCollections" fullname="PlayersWorlds.Maps.Maze.Maze2DBuilderTest.BuildsCorrectCellsCollections" methodname="BuildsCorrectCellsCollections" classname="PlayersWorlds.Maps.Maze.Maze2DBuilderTest" runstate="Runnable" seed="1504117739" result="Passed" start-time="2024-02-24T18:17:58.2150740Z" end-time="2024-02-24T18:17:58.2159680Z" duration="0.000895" asserts="2" />
              <test-case id="1-1111" name="BuildsCorrectCellsCollectionsWithHallAreas" fullname="PlayersWorlds.Maps.Maze.Maze2DBuilderTest.BuildsCorrectCellsCollectionsWithHallAreas" methodname="BuildsCorrectCellsCollectionsWithHallAreas" classname="PlayersWorlds.Maps.Maze.Maze2DBuilderTest" runstate="Runnable" seed="546256172" result="Passed" start-time="2024-02-24T18:17:58.2159800Z" end-time="2024-02-24T18:17:58.2179320Z" duration="0.001953" asserts="4" />
              <test-case id="1-1112" name="BuildsCorrectCellsCollectionsWithHallAreasAtTheEdge" fullname="PlayersWorlds.Maps.Maze.Maze2DBuilderTest.BuildsCorrectCellsCollectionsWithHallAreasAtTheEdge" methodname="BuildsCorrectCellsCollectionsWithHallAreasAtTheEdge" classname="PlayersWorlds.Maps.Maze.Maze2DBuilderTest" runstate="Runnable" seed="1836294294" result="Passed" start-time="2024-02-24T18:17:58.2179440Z" end-time="2024-02-24T18:17:58.2184230Z" duration="0.000479" asserts="4" />
              <test-case id="1-1130" name="CanConnect" fullname="PlayersWorlds.Maps.Maze.Maze2DBuilderTest.CanConnect" methodname="CanConnect" classname="PlayersWorlds.Maps.Maze.Maze2DBuilderTest" runstate="Runnable" seed="700378838" result="Passed" start-time="2024-02-24T18:17:58.2184320Z" end-time="2024-02-24T18:17:58.2193770Z" duration="0.000945" asserts="11" />
              <test-case id="1-1118" name="IsFillComplete_Full" fullname="PlayersWorlds.Maps.Maze.Maze2DBuilderTest.IsFillComplete_Full" methodname="IsFillComplete_Full" classname="PlayersWorlds.Maps.Maze.Maze2DBuilderTest" runstate="Runnable" seed="1595076655" result="Passed" start-time="2024-02-24T18:17:58.2193890Z" end-time="2024-02-24T18:17:58.2199410Z" duration="0.000553" asserts="4" />
              <test-case id="1-1121" name="IsFillComplete_Full_WithCave" fullname="PlayersWorlds.Maps.Maze.Maze2DBuilderTest.IsFillComplete_Full_WithCave" methodname="IsFillComplete_Full_WithCave" classname="PlayersWorlds.Maps.Maze.Maze2DBuilderTest" runstate="Runnable" seed="882067795" result="Passed" start-time="2024-02-24T18:17:58.2199520Z" end-time="2024-02-24T18:17:58.2205830Z" duration="0.000632" asserts="3" />
              <test-case id="1-1120" name="IsFillComplete_Full_WithFill" fullname="PlayersWorlds.Maps.Maze.Maze2DBuilderTest.IsFillComplete_Full_WithFill" methodname="IsFillComplete_Full_WithFill" classname="PlayersWorlds.Maps.Maze.Maze2DBuilderTest" runstate="Runnable" seed="296215504" result="Passed" start-time="2024-02-24T18:17:58.2205940Z" end-time="2024-02-24T18:17:58.2217090Z" duration="0.001115" asserts="2" />
              <test-case id="1-1119" name="IsFillComplete_Full_WithHall" fullname="PlayersWorlds.Maps.Maze.Maze2DBuilderTest.IsFillComplete_Full_WithHall" methodname="IsFillComplete_Full_WithHall" classname="PlayersWorlds.Maps.Maze.Maze2DBuilderTest" runstate="Runnable" seed="1874223878" result="Passed" start-time="2024-02-24T18:17:58.2217200Z" end-time="2024-02-24T18:17:58.2222170Z" duration="0.000497" asserts="2" />
              <test-case id="1-1123" name="IsFillComplete_FullHeight" fullname="PlayersWorlds.Maps.Maze.Maze2DBuilderTest.IsFillComplete_FullHeight" methodname="IsFillComplete_FullHeight" classname="PlayersWorlds.Maps.Maze.Maze2DBuilderTest" runstate="Runnable" seed="1788267349" result="Passed" start-time="2024-02-24T18:17:58.2222280Z" end-time="2024-02-24T18:17:58.2227120Z" duration="0.000485" asserts="3" />
              <test-case id="1-1122" name="IsFillComplete_FullWidth" fullname="PlayersWorlds.Maps.Maze.Maze2DBuilderTest.IsFillComplete_FullWidth" methodname="IsFillComplete_FullWidth" classname="PlayersWorlds.Maps.Maze.Maze2DBuilderTest" runstate="Runnable" seed="551644738" result="Passed" start-time="2024-02-24T18:17:58.2227230Z" end-time="2024-02-24T18:17:58.2229790Z" duration="0.000257" asserts="3" />
              <test-case id="1-1125" name="IsFillComplete_Half" fullname="PlayersWorlds.Maps.Maze.Maze2DBuilderTest.IsFillComplete_Half" methodname="IsFillComplete_Half" classname="PlayersWorlds.Maps.Maze.Maze2DBuilderTest" runstate="Runnable" seed="1602358663" result="Passed" start-time="2024-02-24T18:17:58.2229870Z" end-time="2024-02-24T18:17:58.2231240Z" duration="0.000137" asserts="2" />
              <test-case id="1-1127" name="IsFillComplete_NinetyPercent" fullname="PlayersWorlds.Maps.Maze.Maze2DBuilderTest.IsFillComplete_NinetyPercent" methodname="IsFillComplete_NinetyPercent" classname="PlayersWorlds.Maps.Maze.Maze2DBuilderTest" runstate="Runnable" seed="114456849" result="Passed" start-time="2024-02-24T18:17:58.2231300Z" end-time="2024-02-24T18:17:58.2233360Z" duration="0.000206" asserts="4" />
              <test-case id="1-1117" name="IsFillComplete_NoCells" fullname="PlayersWorlds.Maps.Maze.Maze2DBuilderTest.IsFillComplete_NoCells" methodname="IsFillComplete_NoCells" classname="PlayersWorlds.Maps.Maze.Maze2DBuilderTest" runstate="Runnable" seed="1823999716" result="Passed" start-time="2024-02-24T18:17:58.2233430Z" end-time="2024-02-24T18:17:58.2234730Z" duration="0.000131" asserts="1" />
              <test-case id="1-1124" name="IsFillComplete_Quarter" fullname="PlayersWorlds.Maps.Maze.Maze2DBuilderTest.IsFillComplete_Quarter" methodname="IsFillComplete_Quarter" classname="PlayersWorlds.Maps.Maze.Maze2DBuilderTest" runstate="Runnable" seed="886341497" result="Passed" start-time="2024-02-24T18:17:58.2234800Z" end-time="2024-02-24T18:17:58.2236120Z" duration="0.000132" asserts="2" />
              <test-case id="1-1126" name="IsFillComplete_ThreeQuarters" fullname="PlayersWorlds.Maps.Maze.Maze2DBuilderTest.IsFillComplete_ThreeQuarters" methodname="IsFillComplete_ThreeQuarters" classname="PlayersWorlds.Maps.Maze.Maze2DBuilderTest" runstate="Runnable" seed="1790604005" result="Passed" start-time="2024-02-24T18:17:58.2236180Z" end-time="2024-02-24T18:17:58.2237820Z" duration="0.000163" asserts="3" />
              <test-case id="1-1116" name="IterateUnlinkedCells_IteratesAllAvailableCells" fullname="PlayersWorlds.Maps.Maze.Maze2DBuilderTest.IterateUnlinkedCells_IteratesAllAvailableCells" methodname="IterateUnlinkedCells_IteratesAllAvailableCells" classname="PlayersWorlds.Maps.Maze.Maze2DBuilderTest" runstate="Runnable" seed="536110922" result="Passed" start-time="2024-02-24T18:17:58.2237890Z" end-time="2024-02-24T18:17:58.2277450Z" duration="0.003956" asserts="28" />
              <test-case id="1-1115" name="MarkConnected" fullname="PlayersWorlds.Maps.Maze.Maze2DBuilderTest.MarkConnected" methodname="MarkConnected" classname="PlayersWorlds.Maps.Maze.Maze2DBuilderTest" runstate="Runnable" seed="1099082288" result="Passed" start-time="2024-02-24T18:17:58.2277560Z" end-time="2024-02-24T18:17:58.2283190Z" duration="0.000563" asserts="7" />
              <test-case id="1-1129" name="OverlappingAreas_ProduceValidPriorityCells" fullname="PlayersWorlds.Maps.Maze.Maze2DBuilderTest.OverlappingAreas_ProduceValidPriorityCells" methodname="OverlappingAreas_ProduceValidPriorityCells" classname="PlayersWorlds.Maps.Maze.Maze2DBuilderTest" runstate="Runnable" seed="369914959" result="Passed" start-time="2024-02-24T18:17:58.2283310Z" end-time="2024-02-24T18:17:58.2293690Z" duration="0.001038" asserts="4" />
              <test-case id="1-1114" name="PickRandomNeighborToLink" fullname="PlayersWorlds.Maps.Maze.Maze2DBuilderTest.PickRandomNeighborToLink" methodname="PickRandomNeighborToLink" classname="PlayersWorlds.Maps.Maze.Maze2DBuilderTest" runstate="Runnable" seed="73059241" result="Passed" start-time="2024-02-24T18:17:58.2293800Z" end-time="2024-02-24T18:17:58.2350240Z" duration="0.005644" asserts="5000" />
              <test-case id="1-1113" name="PicksPriorityCellsWhenAvailable" fullname="PlayersWorlds.Maps.Maze.Maze2DBuilderTest.PicksPriorityCellsWhenAvailable" methodname="PicksPriorityCellsWhenAvailable" classname="PlayersWorlds.Maps.Maze.Maze2DBuilderTest" runstate="Runnable" seed="1574305351" result="Passed" start-time="2024-02-24T18:17:58.2350350Z" end-time="2024-02-24T18:17:58.3287480Z" duration="0.093713" asserts="2003" />
            </test-suite>
            <test-suite type="TestFixture" id="1-1131" name="Maze2DRendererTest" fullname="PlayersWorlds.Maps.Maze.Maze2DRendererTest" classname="PlayersWorlds.Maps.Maze.Maze2DRendererTest" runstate="Runnable" testcasecount="1" result="Passed" start-time="2024-02-24T18:17:58.3287760Z" end-time="2024-02-24T18:17:58.3307060Z" duration="0.001930" total="1" passed="1" failed="0" warnings="0" inconclusive="0" skipped="0" asserts="1">
              <test-case id="1-1132" name="ThrowsIfCantFit" fullname="PlayersWorlds.Maps.Maze.Maze2DRendererTest.ThrowsIfCantFit" methodname="ThrowsIfCantFit" classname="PlayersWorlds.Maps.Maze.Maze2DRendererTest" runstate="Runnable" seed="266353949" result="Passed" start-time="2024-02-24T18:17:58.3288170Z" end-time="2024-02-24T18:17:58.3306920Z" duration="0.001875" asserts="1" />
            </test-suite>
            <test-suite type="TestFixture" id="1-1133" name="Maze2DTest" fullname="PlayersWorlds.Maps.Maze.Maze2DTest" classname="PlayersWorlds.Maps.Maze.Maze2DTest" runstate="Runnable" testcasecount="14" result="Passed" start-time="2024-02-24T18:17:58.3307170Z" end-time="2024-02-24T18:17:58.3536600Z" duration="0.022942" total="14" passed="14" failed="0" warnings="0" inconclusive="0" skipped="0" asserts="178">
              <test-case id="1-1141" name="Maze2D_AddsNoRoomsToASmallMaze" fullname="PlayersWorlds.Maps.Maze.Maze2DTest.Maze2D_AddsNoRoomsToASmallMaze" methodname="Maze2D_AddsNoRoomsToASmallMaze" classname="PlayersWorlds.Maps.Maze.Maze2DTest" runstate="Runnable" seed="2047351059" result="Passed" start-time="2024-02-24T18:17:58.3307590Z" end-time="2024-02-24T18:17:58.3359760Z" duration="0.005218" asserts="1" />
              <test-case id="1-1140" name="Maze2D_AddsNoRoomsWhenNoneRequested" fullname="PlayersWorlds.Maps.Maze.Maze2DTest.Maze2D_AddsNoRoomsWhenNoneRequested" methodname="Maze2D_AddsNoRoomsWhenNoneRequested" classname="PlayersWorlds.Maps.Maze.Maze2DTest" runstate="Runnable" seed="773368388" result="Passed" start-time="2024-02-24T18:17:58.3359880Z" end-time="2024-02-24T18:17:58.3372580Z" duration="0.001270" asserts="1" />
              <test-case id="1-1144" name="Maze2D_AddsOneFill" fullname="PlayersWorlds.Maps.Maze.Maze2DTest.Maze2D_AddsOneFill" methodname="Maze2D_AddsOneFill" classname="PlayersWorlds.Maps.Maze.Maze2DTest" runstate="Runnable" seed="1524007841" result="Passed" start-time="2024-02-24T18:17:58.3372690Z" end-time="2024-02-24T18:17:58.3379910Z" duration="0.000722" asserts="1" />
              <test-case id="1-1143" name="Maze2D_AddsOneHall" fullname="PlayersWorlds.Maps.Maze.Maze2DTest.Maze2D_AddsOneHall" methodname="Maze2D_AddsOneHall" classname="PlayersWorlds.Maps.Maze.Maze2DTest" runstate="Runnable" seed="618104732" result="Passed" start-time="2024-02-24T18:17:58.3380020Z" end-time="2024-02-24T18:17:58.3384570Z" duration="0.000455" asserts="1" />
              <test-case id="1-1142" name="Maze2D_AddsRooms" fullname="PlayersWorlds.Maps.Maze.Maze2DTest.Maze2D_AddsRooms" methodname="Maze2D_AddsRooms" classname="PlayersWorlds.Maps.Maze.Maze2DTest" runstate="Runnable" seed="88118298" result="Passed" start-time="2024-02-24T18:17:58.3384650Z" end-time="2024-02-24T18:17:58.3409160Z" duration="0.002451" asserts="1" />
              <test-case id="1-1136" name="Maze2D_AllowsOnly2D" fullname="PlayersWorlds.Maps.Maze.Maze2DTest.Maze2D_AllowsOnly2D" methodname="Maze2D_AllowsOnly2D" classname="PlayersWorlds.Maps.Maze.Maze2DTest" runstate="Runnable" seed="528289996" result="Passed" start-time="2024-02-24T18:17:58.3409340Z" end-time="2024-02-24T18:17:58.3411470Z" duration="0.000213" asserts="1" />
              <test-case id="1-1146" name="Maze2D_CanParse" fullname="PlayersWorlds.Maps.Maze.Maze2DTest.Maze2D_CanParse" methodname="Maze2D_CanParse" classname="PlayersWorlds.Maps.Maze.Maze2DTest" runstate="Runnable" seed="1231592598" result="Passed" start-time="2024-02-24T18:17:58.3411540Z" end-time="2024-02-24T18:17:58.3455120Z" duration="0.004358" asserts="16" />
              <test-case id="1-1147" name="Maze2D_CanParse2" fullname="PlayersWorlds.Maps.Maze.Maze2DTest.Maze2D_CanParse2" methodname="Maze2D_CanParse2" classname="PlayersWorlds.Maps.Maze.Maze2DTest" runstate="Runnable" seed="111685885" result="Passed" start-time="2024-02-24T18:17:58.3455260Z" end-time="2024-02-24T18:17:58.3456440Z" duration="0.000118" asserts="1" />
              <test-case id="1-1139" name="Maze2D_CanRenderMap" fullname="PlayersWorlds.Maps.Maze.Maze2DTest.Maze2D_CanRenderMap" methodname="Maze2D_CanRenderMap" classname="PlayersWorlds.Maps.Maze.Maze2DTest" runstate="Runnable" seed="1418063533" result="Passed" start-time="2024-02-24T18:17:58.3456510Z" end-time="2024-02-24T18:17:58.3495100Z" duration="0.003859" asserts="1" />
              <test-case id="1-1138" name="Maze2D_CellsNeighborsAreValid" fullname="PlayersWorlds.Maps.Maze.Maze2DTest.Maze2D_CellsNeighborsAreValid" methodname="Maze2D_CellsNeighborsAreValid" classname="PlayersWorlds.Maps.Maze.Maze2DTest" runstate="Runnable" seed="883249257" result="Passed" start-time="2024-02-24T18:17:58.3495300Z" end-time="2024-02-24T18:17:58.3505190Z" duration="0.000989" asserts="136" />
              <test-case id="1-1145" name="Maze2D_HasAttributesSet" fullname="PlayersWorlds.Maps.Maze.Maze2DTest.Maze2D_HasAttributesSet" methodname="Maze2D_HasAttributesSet" classname="PlayersWorlds.Maps.Maze.Maze2DTest" runstate="Runnable" seed="2032885190" result="Passed" start-time="2024-02-24T18:17:58.3505310Z" end-time="2024-02-24T18:17:58.3508470Z" duration="0.000316" asserts="2" />
              <test-case id="1-1134" name="Maze2D_IsInitialized" fullname="PlayersWorlds.Maps.Maze.Maze2DTest.Maze2D_IsInitialized" methodname="Maze2D_IsInitialized" classname="PlayersWorlds.Maps.Maze.Maze2DTest" runstate="Runnable" seed="1503875967" result="Passed" start-time="2024-02-24T18:17:58.3508550Z" end-time="2024-02-24T18:17:58.3510050Z" duration="0.000151" asserts="4" />
              <test-case id="1-1137" name="Maze2D_ToMapWrongOptions" fullname="PlayersWorlds.Maps.Maze.Maze2DTest.Maze2D_ToMapWrongOptions" methodname="Maze2D_ToMapWrongOptions" classname="PlayersWorlds.Maps.Maze.Maze2DTest" runstate="Runnable" seed="721345806" result="Passed" start-time="2024-02-24T18:17:58.3510120Z" end-time="2024-02-24T18:17:58.3533610Z" duration="0.002349" asserts="7" />
              <test-case id="1-1135" name="Maze2D_WrongSize" fullname="PlayersWorlds.Maps.Maze.Maze2DTest.Maze2D_WrongSize" methodname="Maze2D_WrongSize" classname="PlayersWorlds.Maps.Maze.Maze2DTest" runstate="Runnable" seed="2138079711" result="Passed" start-time="2024-02-24T18:17:58.3533710Z" end-time="2024-02-24T18:17:58.3536490Z" duration="0.000278" asserts="5" />
            </test-suite>
            <test-suite type="TestFixture" id="1-1148" name="MazeCellTest" fullname="PlayersWorlds.Maps.Maze.MazeCellTest" classname="PlayersWorlds.Maps.Maze.MazeCellTest" runstate="Runnable" testcasecount="5" result="Passed" start-time="2024-02-24T18:17:58.3536710Z" end-time="2024-02-24T18:17:58.3567920Z" duration="0.003121" total="5" passed="5" failed="0" warnings="0" inconclusive="0" skipped="0" asserts="23">
              <test-case id="1-1151" name="CanAssignMapAreaOnce" fullname="PlayersWorlds.Maps.Maze.MazeCellTest.CanAssignMapAreaOnce" methodname="CanAssignMapAreaOnce" classname="PlayersWorlds.Maps.Maze.MazeCellTest" runstate="Runnable" seed="1331049829" result="Passed" start-time="2024-02-24T18:17:58.3537090Z" end-time="2024-02-24T18:17:58.3549890Z" duration="0.001280" asserts="4" />
              <test-case id="1-1153" name="DoubleLinkingThrowsError" fullname="PlayersWorlds.Maps.Maze.MazeCellTest.DoubleLinkingThrowsError" methodname="DoubleLinkingThrowsError" classname="PlayersWorlds.Maps.Maze.MazeCellTest" runstate="Runnable" seed="1598567676" result="Passed" start-time="2024-02-24T18:17:58.3550010Z" end-time="2024-02-24T18:17:58.3551390Z" duration="0.000138" asserts="1" />
              <test-case id="1-1149" name="LinksAreMutual" fullname="PlayersWorlds.Maps.Maze.MazeCellTest.LinksAreMutual" methodname="LinksAreMutual" classname="PlayersWorlds.Maps.Maze.MazeCellTest" runstate="Runnable" seed="906616158" result="Passed" start-time="2024-02-24T18:17:58.3551460Z" end-time="2024-02-24T18:17:58.3561270Z" duration="0.000981" asserts="10" />
              <test-case id="1-1150" name="LinksOnlyWithNeighbors" fullname="PlayersWorlds.Maps.Maze.MazeCellTest.LinksOnlyWithNeighbors" methodname="LinksOnlyWithNeighbors" classname="PlayersWorlds.Maps.Maze.MazeCellTest" runstate="Runnable" seed="27825745" result="Passed" start-time="2024-02-24T18:17:58.3561380Z" end-time="2024-02-24T18:17:58.3564610Z" duration="0.000323" asserts="1" />
              <test-case id="1-1152" name="ToStringTest" fullname="PlayersWorlds.Maps.Maze.MazeCellTest.ToStringTest" methodname="ToStringTest" classname="PlayersWorlds.Maps.Maze.MazeCellTest" runstate="Runnable" seed="369994641" result="Passed" start-time="2024-02-24T18:17:58.3564690Z" end-time="2024-02-24T18:17:58.3567810Z" duration="0.000313" asserts="7" />
            </test-suite>
            <test-suite type="TestFixture" id="1-1154" name="MazeGeneratorAreasTest" fullname="PlayersWorlds.Maps.Maze.MazeGeneratorAreasTest" classname="PlayersWorlds.Maps.Maze.MazeGeneratorAreasTest" runstate="Runnable" testcasecount="200" result="Skipped" label="Ignored" site="Child" start-time="2024-02-24T18:17:58.3568050Z" end-time="2024-02-24T18:18:14.8076700Z" duration="16.450866" total="200" passed="98" failed="0" warnings="0" inconclusive="0" skipped="102" asserts="4901">
              <reason>
                <message><![CDATA[One or more child tests were ignored]]></message>
              </reason>
              <test-suite type="ParameterizedMethod" id="1-1175" name="CaveAreasAreAppliedProperly" fullname="PlayersWorlds.Maps.Maze.MazeGeneratorAreasTest.CaveAreasAreAppliedProperly" classname="PlayersWorlds.Maps.Maze.MazeGeneratorAreasTest" runstate="Runnable" testcasecount="6" result="Passed" start-time="2024-02-24T18:17:58.3568420Z" end-time="2024-02-24T18:17:58.5949790Z" duration="0.238137" total="6" passed="6" failed="0" warnings="0" inconclusive="0" skipped="0" asserts="540">
                <properties>
                  <property name="Repeat" value="10" />
                </properties>
                <test-case id="1-1169" name="CaveAreasAreAppliedProperly(PlayersWorlds.Maps.Maze.AldousBroderMazeGenerator)" fullname="PlayersWorlds.Maps.Maze.MazeGeneratorAreasTest.CaveAreasAreAppliedProperly(PlayersWorlds.Maps.Maze.AldousBroderMazeGenerator)" methodname="CaveAreasAreAppliedProperly" classname="PlayersWorlds.Maps.Maze.MazeGeneratorAreasTest" runstate="Runnable" seed="172037201" result="Passed" start-time="2024-02-24T18:17:58.3568550Z" end-time="2024-02-24T18:17:58.4166830Z" duration="0.059828" asserts="90" />
                <test-case id="1-1170" name="CaveAreasAreAppliedProperly(PlayersWorlds.Maps.Maze.BinaryTreeMazeGenerator)" fullname="PlayersWorlds.Maps.Maze.MazeGeneratorAreasTest.CaveAreasAreAppliedProperly(PlayersWorlds.Maps.Maze.BinaryTreeMazeGenerator)" methodname="CaveAreasAreAppliedProperly" classname="PlayersWorlds.Maps.Maze.MazeGeneratorAreasTest" runstate="Runnable" seed="1026737346" result="Passed" start-time="2024-02-24T18:17:58.4167000Z" end-time="2024-02-24T18:17:58.4584160Z" duration="0.041717" asserts="90" />
                <test-case id="1-1171" name="CaveAreasAreAppliedProperly(PlayersWorlds.Maps.Maze.HuntAndKillMazeGenerator)" fullname="PlayersWorlds.Maps.Maze.MazeGeneratorAreasTest.CaveAreasAreAppliedProperly(PlayersWorlds.Maps.Maze.HuntAndKillMazeGenerator)" methodname="CaveAreasAreAppliedProperly" classname="PlayersWorlds.Maps.Maze.MazeGeneratorAreasTest" runstate="Runnable" seed="415007011" result="Passed" start-time="2024-02-24T18:17:58.4584340Z" end-time="2024-02-24T18:17:58.4899470Z" duration="0.031513" asserts="90" />
                <test-case id="1-1172" name="CaveAreasAreAppliedProperly(PlayersWorlds.Maps.Maze.RecursiveBacktrackerMazeGenerator)" fullname="PlayersWorlds.Maps.Maze.MazeGeneratorAreasTest.CaveAreasAreAppliedProperly(PlayersWorlds.Maps.Maze.RecursiveBacktrackerMazeGenerator)" methodname="CaveAreasAreAppliedProperly" classname="PlayersWorlds.Maps.Maze.MazeGeneratorAreasTest" runstate="Runnable" seed="1461274315" result="Passed" start-time="2024-02-24T18:17:58.4899640Z" end-time="2024-02-24T18:17:58.5221120Z" duration="0.032148" asserts="90" />
                <test-case id="1-1173" name="CaveAreasAreAppliedProperly(PlayersWorlds.Maps.Maze.SidewinderMazeGenerator)" fullname="PlayersWorlds.Maps.Maze.MazeGeneratorAreasTest.CaveAreasAreAppliedProperly(PlayersWorlds.Maps.Maze.SidewinderMazeGenerator)" methodname="CaveAreasAreAppliedProperly" classname="PlayersWorlds.Maps.Maze.MazeGeneratorAreasTest" runstate="Runnable" seed="2136438622" result="Passed" start-time="2024-02-24T18:17:58.5221310Z" end-time="2024-02-24T18:17:58.5636840Z" duration="0.041553" asserts="90" />
                <test-case id="1-1174" name="CaveAreasAreAppliedProperly(PlayersWorlds.Maps.Maze.WilsonsMazeGenerator)" fullname="PlayersWorlds.Maps.Maze.MazeGeneratorAreasTest.CaveAreasAreAppliedProperly(PlayersWorlds.Maps.Maze.WilsonsMazeGenerator)" methodname="CaveAreasAreAppliedProperly" classname="PlayersWorlds.Maps.Maze.MazeGeneratorAreasTest" runstate="Runnable" seed="209020665" result="Passed" start-time="2024-02-24T18:17:58.5636970Z" end-time="2024-02-24T18:17:58.5949650Z" duration="0.031269" asserts="90" />
              </test-suite>
              <test-suite type="ParameterizedMethod" id="1-1232" name="DenseWalkways" fullname="PlayersWorlds.Maps.Maze.MazeGeneratorAreasTest.DenseWalkways" classname="PlayersWorlds.Maps.Maze.MazeGeneratorAreasTest" runstate="Runnable" testcasecount="18" result="Passed" start-time="2024-02-24T18:17:58.5949900Z" end-time="2024-02-24T18:17:59.0983570Z" duration="0.503367" total="18" passed="18" failed="0" warnings="0" inconclusive="0" skipped="0" asserts="540">
                <properties>
                  <property name="Repeat" value="10" />
                </properties>
                <test-case id="1-1214" name="DenseWalkways(PlayersWorlds.Maps.Maze.AldousBroderMazeGenerator,Cave)" fullname="PlayersWorlds.Maps.Maze.MazeGeneratorAreasTest.DenseWalkways(PlayersWorlds.Maps.Maze.AldousBroderMazeGenerator,Cave)" methodname="DenseWalkways" classname="PlayersWorlds.Maps.Maze.MazeGeneratorAreasTest" runstate="Runnable" seed="273188493" result="Passed" start-time="2024-02-24T18:17:58.5950100Z" end-time="2024-02-24T18:17:58.6279470Z" duration="0.032937" asserts="30" />
                <test-case id="1-1215" name="DenseWalkways(PlayersWorlds.Maps.Maze.AldousBroderMazeGenerator,Hall)" fullname="PlayersWorlds.Maps.Maze.MazeGeneratorAreasTest.DenseWalkways(PlayersWorlds.Maps.Maze.AldousBroderMazeGenerator,Hall)" methodname="DenseWalkways" classname="PlayersWorlds.Maps.Maze.MazeGeneratorAreasTest" runstate="Runnable" seed="1705721089" result="Passed" start-time="2024-02-24T18:17:58.6279660Z" end-time="2024-02-24T18:17:58.6592770Z" duration="0.031311" asserts="30" />
                <test-case id="1-1216" name="DenseWalkways(PlayersWorlds.Maps.Maze.AldousBroderMazeGenerator,Fill)" fullname="PlayersWorlds.Maps.Maze.MazeGeneratorAreasTest.DenseWalkways(PlayersWorlds.Maps.Maze.AldousBroderMazeGenerator,Fill)" methodname="DenseWalkways" classname="PlayersWorlds.Maps.Maze.MazeGeneratorAreasTest" runstate="Runnable" seed="1945190715" result="Passed" start-time="2024-02-24T18:17:58.6592890Z" end-time="2024-02-24T18:17:58.6860080Z" duration="0.026720" asserts="30" />
                <test-case id="1-1217" name="DenseWalkways(PlayersWorlds.Maps.Maze.BinaryTreeMazeGenerator,Cave)" fullname="PlayersWorlds.Maps.Maze.MazeGeneratorAreasTest.DenseWalkways(PlayersWorlds.Maps.Maze.BinaryTreeMazeGenerator,Cave)" methodname="DenseWalkways" classname="PlayersWorlds.Maps.Maze.MazeGeneratorAreasTest" runstate="Runnable" seed="281886879" result="Passed" start-time="2024-02-24T18:17:58.6860270Z" end-time="2024-02-24T18:17:58.7162890Z" duration="0.030263" asserts="30" />
                <test-case id="1-1218" name="DenseWalkways(PlayersWorlds.Maps.Maze.BinaryTreeMazeGenerator,Hall)" fullname="PlayersWorlds.Maps.Maze.MazeGeneratorAreasTest.DenseWalkways(PlayersWorlds.Maps.Maze.BinaryTreeMazeGenerator,Hall)" methodname="DenseWalkways" classname="PlayersWorlds.Maps.Maze.MazeGeneratorAreasTest" runstate="Runnable" seed="31796689" result="Passed" start-time="2024-02-24T18:17:58.7163010Z" end-time="2024-02-24T18:17:58.7449870Z" duration="0.028687" asserts="30" />
                <test-case id="1-1219" name="DenseWalkways(PlayersWorlds.Maps.Maze.BinaryTreeMazeGenerator,Fill)" fullname="PlayersWorlds.Maps.Maze.MazeGeneratorAreasTest.DenseWalkways(PlayersWorlds.Maps.Maze.BinaryTreeMazeGenerator,Fill)" methodname="DenseWalkways" classname="PlayersWorlds.Maps.Maze.MazeGeneratorAreasTest" runstate="Runnable" seed="1841546362" result="Passed" start-time="2024-02-24T18:17:58.7450050Z" end-time="2024-02-24T18:17:58.7698390Z" duration="0.024835" asserts="30" />
                <test-case id="1-1220" name="DenseWalkways(PlayersWorlds.Maps.Maze.HuntAndKillMazeGenerator,Cave)" fullname="PlayersWorlds.Maps.Maze.MazeGeneratorAreasTest.DenseWalkways(PlayersWorlds.Maps.Maze.HuntAndKillMazeGenerator,Cave)" methodname="DenseWalkways" classname="PlayersWorlds.Maps.Maze.MazeGeneratorAreasTest" runstate="Runnable" seed="147556258" result="Passed" start-time="2024-02-24T18:17:58.7698510Z" end-time="2024-02-24T18:17:58.7980510Z" duration="0.028201" asserts="30" />
                <test-case id="1-1221" name="DenseWalkways(PlayersWorlds.Maps.Maze.HuntAndKillMazeGenerator,Hall)" fullname="PlayersWorlds.Maps.Maze.MazeGeneratorAreasTest.DenseWalkways(PlayersWorlds.Maps.Maze.HuntAndKillMazeGenerator,Hall)" methodname="DenseWalkways" classname="PlayersWorlds.Maps.Maze.MazeGeneratorAreasTest" runstate="Runnable" seed="861721455" result="Passed" start-time="2024-02-24T18:17:58.7980620Z" end-time="2024-02-24T18:17:58.8253820Z" duration="0.027321" asserts="30" />
                <test-case id="1-1222" name="DenseWalkways(PlayersWorlds.Maps.Maze.HuntAndKillMazeGenerator,Fill)" fullname="PlayersWorlds.Maps.Maze.MazeGeneratorAreasTest.DenseWalkways(PlayersWorlds.Maps.Maze.HuntAndKillMazeGenerator,Fill)" methodname="DenseWalkways" classname="PlayersWorlds.Maps.Maze.MazeGeneratorAreasTest" runstate="Runnable" seed="853702805" result="Passed" start-time="2024-02-24T18:17:58.8254050Z" end-time="2024-02-24T18:17:58.8489750Z" duration="0.023570" asserts="30" />
                <test-case id="1-1223" name="DenseWalkways(PlayersWorlds.Maps.Maze.RecursiveBacktrackerMazeGenerator,Cave)" fullname="PlayersWorlds.Maps.Maze.MazeGeneratorAreasTest.DenseWalkways(PlayersWorlds.Maps.Maze.RecursiveBacktrackerMazeGenerator,Cave)" methodname="DenseWalkways" classname="PlayersWorlds.Maps.Maze.MazeGeneratorAreasTest" runstate="Runnable" seed="368210514" result="Passed" start-time="2024-02-24T18:17:58.8489940Z" end-time="2024-02-24T18:17:58.8772870Z" duration="0.028293" asserts="30" />
                <test-case id="1-1224" name="DenseWalkways(PlayersWorlds.Maps.Maze.RecursiveBacktrackerMazeGenerator,Hall)" fullname="PlayersWorlds.Maps.Maze.MazeGeneratorAreasTest.DenseWalkways(PlayersWorlds.Maps.Maze.RecursiveBacktrackerMazeGenerator,Hall)" methodname="DenseWalkways" classname="PlayersWorlds.Maps.Maze.MazeGeneratorAreasTest" runstate="Runnable" seed="361822723" result="Passed" start-time="2024-02-24T18:17:58.8773030Z" end-time="2024-02-24T18:17:58.9045840Z" duration="0.027281" asserts="30" />
                <test-case id="1-1225" name="DenseWalkways(PlayersWorlds.Maps.Maze.RecursiveBacktrackerMazeGenerator,Fill)" fullname="PlayersWorlds.Maps.Maze.MazeGeneratorAreasTest.DenseWalkways(PlayersWorlds.Maps.Maze.RecursiveBacktrackerMazeGenerator,Fill)" methodname="DenseWalkways" classname="PlayersWorlds.Maps.Maze.MazeGeneratorAreasTest" runstate="Runnable" seed="272168052" result="Passed" start-time="2024-02-24T18:17:58.9045950Z" end-time="2024-02-24T18:17:58.9282100Z" duration="0.023615" asserts="30" />
[...]
            <test-case id="1-1052" name="Optional_Null" fullname="PlayersWorlds.Maps.OptionalTest.Optional_Null" methodname="Optional_Null" classname="PlayersWorlds.Maps.OptionalTest" runstate="Runnable" seed="2100603544" result="Passed" start-time="2024-02-24T18:18:14.9729450Z" end-time="2024-02-24T18:18:14.9733210Z" duration="0.000376" asserts="9" />
            <test-case id="1-1050" name="Optional_ThrowsIfNoValue" fullname="PlayersWorlds.Maps.OptionalTest.Optional_ThrowsIfNoValue" methodname="Optional_ThrowsIfNoValue" classname="PlayersWorlds.Maps.OptionalTest" runstate="Runnable" seed="402386582" result="Passed" start-time="2024-02-24T18:18:14.9733280Z" end-time="2024-02-24T18:18:14.9734650Z" duration="0.000137" asserts="2" />
            <test-case id="1-1055" name="Optional_ToStringShowsValue" fullname="PlayersWorlds.Maps.OptionalTest.Optional_ToStringShowsValue" methodname="Optional_ToStringShowsValue" classname="PlayersWorlds.Maps.OptionalTest" runstate="Runnable" seed="1600171876" result="Passed" start-time="2024-02-24T18:18:14.9734710Z" end-time="2024-02-24T18:18:14.9736180Z" duration="0.000146" asserts="2" />
          </test-suite>
          <test-suite type="TestSuite" id="1-2038" name="Renderers" fullname="PlayersWorlds.Maps.Renderers" runstate="Runnable" testcasecount="1" result="Passed" start-time="2024-02-24T18:17:58.0133810Z" end-time="2024-02-24T18:18:14.9744630Z" duration="16.961082" total="1" passed="1" failed="0" warnings="0" inconclusive="0" skipped="0" asserts="1">
            <test-suite type="TestFixture" id="1-1107" name="Map2DStringRendererTest" fullname="PlayersWorlds.Maps.Renderers.Map2DStringRendererTest" classname="PlayersWorlds.Maps.Renderers.Map2DStringRendererTest" runstate="Runnable" testcasecount="1" result="Passed" start-time="2024-02-24T18:18:14.9736410Z" end-time="2024-02-24T18:18:14.9744570Z" duration="0.000816" total="1" passed="1" failed="0" warnings="0" inconclusive="0" skipped="0" asserts="1">
              <test-case id="1-1108" name="TestRender" fullname="PlayersWorlds.Maps.Renderers.Map2DStringRendererTest.TestRender" methodname="TestRender" classname="PlayersWorlds.Maps.Renderers.Map2DStringRendererTest" runstate="Runnable" seed="1035974138" result="Passed" start-time="2024-02-24T18:18:14.9736800Z" end-time="2024-02-24T18:18:14.9744460Z" duration="0.000766" asserts="1" />
            </test-suite>
          </test-suite>
          <test-suite type="TestFixture" id="1-1065" name="VectorDTest" fullname="PlayersWorlds.Maps.VectorDTest" classname="PlayersWorlds.Maps.VectorDTest" runstate="Runnable" testcasecount="11" result="Passed" start-time="2024-02-24T18:18:14.9744750Z" end-time="2024-02-24T18:18:14.9780440Z" duration="0.003569" total="11" passed="11" failed="0" warnings="0" inconclusive="0" skipped="0" asserts="33">
            <test-case id="1-1073" name="CanAddAndSubtract" fullname="PlayersWorlds.Maps.VectorDTest.CanAddAndSubtract" methodname="CanAddAndSubtract" classname="PlayersWorlds.Maps.VectorDTest" runstate="Runnable" seed="889516099" result="Passed" start-time="2024-02-24T18:18:14.9745210Z" end-time="2024-02-24T18:18:14.9748030Z" duration="0.000283" asserts="5" />
            <test-case id="1-1074" name="ConstructorChecksArguments" fullname="PlayersWorlds.Maps.VectorDTest.ConstructorChecksArguments" methodname="ConstructorChecksArguments" classname="PlayersWorlds.Maps.VectorDTest" runstate="Runnable" seed="1339935626" result="Passed" start-time="2024-02-24T18:18:14.9748100Z" end-time="2024-02-24T18:18:14.9749240Z" duration="0.000114" asserts="1" />
            <test-case id="1-1067" name="EqualityIsCheckedByValue" fullname="PlayersWorlds.Maps.VectorDTest.EqualityIsCheckedByValue" methodname="EqualityIsCheckedByValue" classname="PlayersWorlds.Maps.VectorDTest" runstate="Runnable" seed="986440993" result="Passed" start-time="2024-02-24T18:18:14.9749310Z" end-time="2024-02-24T18:18:14.9751260Z" duration="0.000195" asserts="4" />
            <test-case id="1-1068" name="GetHashCodeIsDerivedFromValue" fullname="PlayersWorlds.Maps.VectorDTest.GetHashCodeIsDerivedFromValue" methodname="GetHashCodeIsDerivedFromValue" classname="PlayersWorlds.Maps.VectorDTest" runstate="Runnable" seed="102372596" result="Passed" start-time="2024-02-24T18:18:14.9751330Z" end-time="2024-02-24T18:18:14.9753560Z" duration="0.000224" asserts="1" />
            <test-case id="1-1071" name="InitializedAsNull" fullname="PlayersWorlds.Maps.VectorDTest.InitializedAsNull" methodname="InitializedAsNull" classname="PlayersWorlds.Maps.VectorDTest" runstate="Runnable" seed="1965339556" result="Passed" start-time="2024-02-24T18:18:14.9753640Z" end-time="2024-02-24T18:18:14.9754640Z" duration="0.000100" asserts="1" />
            <test-case id="1-1070" name="InitializedEmpty" fullname="PlayersWorlds.Maps.VectorDTest.InitializedEmpty" methodname="InitializedEmpty" classname="PlayersWorlds.Maps.VectorDTest" runstate="Runnable" seed="1662902260" result="Passed" start-time="2024-02-24T18:18:14.9754700Z" end-time="2024-02-24T18:18:14.9757050Z" duration="0.000235" asserts="4" />
            <test-case id="1-1066" name="IsInitialized" fullname="PlayersWorlds.Maps.VectorDTest.IsInitialized" methodname="IsInitialized" classname="PlayersWorlds.Maps.VectorDTest" runstate="Runnable" seed="1633604429" result="Passed" start-time="2024-02-24T18:18:14.9757120Z" end-time="2024-02-24T18:18:14.9758480Z" duration="0.000136" asserts="2" />
            <test-case id="1-1072" name="IsZero" fullname="PlayersWorlds.Maps.VectorDTest.IsZero" methodname="IsZero" classname="PlayersWorlds.Maps.VectorDTest" runstate="Runnable" seed="2088049421" result="Passed" start-time="2024-02-24T18:18:14.9758550Z" end-time="2024-02-24T18:18:14.9760930Z" duration="0.000239" asserts="3" />
            <test-case id="1-1075" name="SnappedForce" fullname="PlayersWorlds.Maps.VectorDTest.SnappedForce" methodname="SnappedForce" classname="PlayersWorlds.Maps.VectorDTest" runstate="Runnable" seed="725604380" result="Passed" start-time="2024-02-24T18:18:14.9761000Z" end-time="2024-02-24T18:18:14.9765850Z" duration="0.000484" asserts="9" />
            <test-case id="1-1069" name="ToStringFormat" fullname="PlayersWorlds.Maps.VectorDTest.ToStringFormat" methodname="ToStringFormat" classname="PlayersWorlds.Maps.VectorDTest" runstate="Runnable" seed="1964835088" result="Passed" start-time="2024-02-24T18:18:14.9765920Z" end-time="2024-02-24T18:18:14.9776360Z" duration="0.001044" asserts="1" />
            <test-case id="1-1076" name="VectorD_Parse" fullname="PlayersWorlds.Maps.VectorDTest.VectorD_Parse" methodname="VectorD_Parse" classname="PlayersWorlds.Maps.VectorDTest" runstate="Runnable" seed="1041340143" result="Passed" start-time="2024-02-24T18:18:14.9776450Z" end-time="2024-02-24T18:18:14.9780330Z" duration="0.000389" asserts="2" />
          </test-suite>
          <test-suite type="TestFixture" id="1-1077" name="VectorTest" fullname="PlayersWorlds.Maps.VectorTest" classname="PlayersWorlds.Maps.VectorTest" runstate="Runnable" testcasecount="29" result="Passed" start-time="2024-02-24T18:18:14.9780570Z" end-time="2024-02-24T18:18:14.9846950Z" duration="0.006638" total="29" passed="29" failed="0" warnings="0" inconclusive="0" skipped="0" asserts="229">
            <test-case id="1-1094" name="FitsInto" fullname="PlayersWorlds.Maps.VectorTest.FitsInto" methodname="FitsInto" classname="PlayersWorlds.Maps.VectorTest" runstate="Runnable" seed="1969715512" result="Passed" start-time="2024-02-24T18:18:14.9780980Z" end-time="2024-02-24T18:18:14.9782310Z" duration="0.000134" asserts="3" />
            <test-case id="1-1097" name="FromIndex_Matches_FromIndex" fullname="PlayersWorlds.Maps.VectorTest.FromIndex_Matches_FromIndex" methodname="FromIndex_Matches_FromIndex" classname="PlayersWorlds.Maps.VectorTest" runstate="Runnable" seed="2087946738" result="Passed" start-time="2024-02-24T18:18:14.9782380Z" end-time="2024-02-24T18:18:14.9783300Z" duration="0.000092" asserts="1" />
            <test-case id="1-1105" name="FromIndex_ShouldThrowException_DimensionMismatch" fullname="PlayersWorlds.Maps.VectorTest.FromIndex_ShouldThrowException_DimensionMismatch" methodname="FromIndex_ShouldThrowException_DimensionMismatch" classname="PlayersWorlds.Maps.VectorTest" runstate="Runnable" seed="2006019201" result="Passed" start-time="2024-02-24T18:18:14.9783370Z" end-time="2024-02-24T18:18:14.9786930Z" duration="0.000356" asserts="1" />
            <test-case id="1-1095" name="IsIn" fullname="PlayersWorlds.Maps.VectorTest.IsIn" methodname="IsIn" classname="PlayersWorlds.Maps.VectorTest" runstate="Runnable" seed="79814963" result="Passed" start-time="2024-02-24T18:18:14.9787000Z" end-time="2024-02-24T18:18:14.9789400Z" duration="0.000240" asserts="7" />
            <test-case id="1-1106" name="NorthEastComparer_ComparesCorrectly" fullname="PlayersWorlds.Maps.VectorTest.NorthEastComparer_ComparesCorrectly" methodname="NorthEastComparer_ComparesCorrectly" classname="PlayersWorlds.Maps.VectorTest" runstate="Runnable" seed="470601982" result="Passed" start-time="2024-02-24T18:18:14.9789470Z" end-time="2024-02-24T18:18:14.9797860Z" duration="0.000839" asserts="1" />
            <test-case id="1-1079" name="Size_NotInitialized" fullname="PlayersWorlds.Maps.VectorTest.Size_NotInitialized" methodname="Size_NotInitialized" classname="PlayersWorlds.Maps.VectorTest" runstate="Runnable" seed="218851906" result="Passed" start-time="2024-02-24T18:18:14.9797940Z" end-time="2024-02-24T18:18:14.9799680Z" duration="0.000174" asserts="2" />
            <test-case id="1-1101" name="ToIndex_FromIndex_RoundTripConversion" fullname="PlayersWorlds.Maps.VectorTest.ToIndex_FromIndex_RoundTripConversion" methodname="ToIndex_FromIndex_RoundTripConversion" classname="PlayersWorlds.Maps.VectorTest" runstate="Runnable" seed="1645476972" result="Passed" start-time="2024-02-24T18:18:14.9799750Z" end-time="2024-02-24T18:18:14.9804860Z" duration="0.000511" asserts="150" />
            <test-case id="1-1102" name="ToIndex_FromIndex_Valid5D" fullname="PlayersWorlds.Maps.VectorTest.ToIndex_FromIndex_Valid5D" methodname="ToIndex_FromIndex_Valid5D" classname="PlayersWorlds.Maps.VectorTest" runstate="Runnable" seed="951947242" result="Passed" start-time="2024-02-24T18:18:14.9804940Z" end-time="2024-02-24T18:18:14.9816270Z" duration="0.001133" asserts="13" />
            <test-case id="1-1096" name="ToIndex_Matches_ToIndex" fullname="PlayersWorlds.Maps.VectorTest.ToIndex_Matches_ToIndex" methodname="ToIndex_Matches_ToIndex" classname="PlayersWorlds.Maps.VectorTest" runstate="Runnable" seed="1443116236" result="Passed" start-time="2024-02-24T18:18:14.9816360Z" end-time="2024-02-24T18:18:14.9817220Z" duration="0.000087" asserts="1" />
            <test-case id="1-1098" name="ToIndex_ShouldCalculateCorrectIndex_1D" fullname="PlayersWorlds.Maps.VectorTest.ToIndex_ShouldCalculateCorrectIndex_1D" methodname="ToIndex_ShouldCalculateCorrectIndex_1D" classname="PlayersWorlds.Maps.VectorTest" runstate="Runnable" seed="1178689643" result="Passed" start-time="2024-02-24T18:18:14.9817300Z" end-time="2024-02-24T18:18:14.9818160Z" duration="0.000086" asserts="2" />
            <test-case id="1-1099" name="ToIndex_ShouldCalculateCorrectIndex_2D" fullname="PlayersWorlds.Maps.VectorTest.ToIndex_ShouldCalculateCorrectIndex_2D" methodname="ToIndex_ShouldCalculateCorrectIndex_2D" classname="PlayersWorlds.Maps.VectorTest" runstate="Runnable" seed="1358929071" result="Passed" start-time="2024-02-24T18:18:14.9818230Z" end-time="2024-02-24T18:18:14.9819060Z" duration="0.000083" asserts="2" />
            <test-case id="1-1100" name="ToIndex_ShouldCalculateCorrectIndex_3D" fullname="PlayersWorlds.Maps.VectorTest.ToIndex_ShouldCalculateCorrectIndex_3D" methodname="ToIndex_ShouldCalculateCorrectIndex_3D" classname="PlayersWorlds.Maps.VectorTest" runstate="Runnable" seed="1179195238" result="Passed" start-time="2024-02-24T18:18:14.9819120Z" end-time="2024-02-24T18:18:14.9819950Z" duration="0.000083" asserts="2" />
            <test-case id="1-1104" name="ToIndex_ShouldThrowException_DimensionMismatch" fullname="PlayersWorlds.Maps.VectorTest.ToIndex_ShouldThrowException_DimensionMismatch" methodname="ToIndex_ShouldThrowException_DimensionMismatch" classname="PlayersWorlds.Maps.VectorTest" runstate="Runnable" seed="975611209" result="Passed" start-time="2024-02-24T18:18:14.9820010Z" end-time="2024-02-24T18:18:14.9821750Z" duration="0.000174" asserts="1" />
            <test-case id="1-1103" name="ToIndex_ShouldThrowException_DimensionOverflow" fullname="PlayersWorlds.Maps.VectorTest.ToIndex_ShouldThrowException_DimensionOverflow" methodname="ToIndex_ShouldThrowException_DimensionOverflow" classname="PlayersWorlds.Maps.VectorTest" runstate="Runnable" seed="1515109899" result="Passed" start-time="2024-02-24T18:18:14.9821820Z" end-time="2024-02-24T18:18:14.9823480Z" duration="0.000167" asserts="1" />
            <test-case id="1-1087" name="Vector_CanAddAndSubtract" fullname="PlayersWorlds.Maps.VectorTest.Vector_CanAddAndSubtract" methodname="Vector_CanAddAndSubtract" classname="PlayersWorlds.Maps.VectorTest" runstate="Runnable" seed="1625324480" result="Passed" start-time="2024-02-24T18:18:14.9823560Z" end-time="2024-02-24T18:18:14.9827130Z" duration="0.000357" asserts="6" />
            <test-case id="1-1088" name="Vector_ConstructorChecksArguments" fullname="PlayersWorlds.Maps.VectorTest.Vector_ConstructorChecksArguments" methodname="Vector_ConstructorChecksArguments" classname="PlayersWorlds.Maps.VectorTest" runstate="Runnable" seed="1234613636" result="Passed" start-time="2024-02-24T18:18:14.9827210Z" end-time="2024-02-24T18:18:14.9828060Z" duration="0.000086" asserts="1" />
            <test-case id="1-1085" name="Vector_EmptyIsEmpty" fullname="PlayersWorlds.Maps.VectorTest.Vector_EmptyIsEmpty" methodname="Vector_EmptyIsEmpty" classname="PlayersWorlds.Maps.VectorTest" runstate="Runnable" seed="1947583930" result="Passed" start-time="2024-02-24T18:18:14.9828120Z" end-time="2024-02-24T18:18:14.9828720Z" duration="0.000059" asserts="1" />
            <test-case id="1-1084" name="Vector_EmptyVectorIsEmpty" fullname="PlayersWorlds.Maps.VectorTest.Vector_EmptyVectorIsEmpty" methodname="Vector_EmptyVectorIsEmpty" classname="PlayersWorlds.Maps.VectorTest" runstate="Runnable" seed="803634673" result="Passed" start-time="2024-02-24T18:18:14.9828780Z" end-time="2024-02-24T18:18:14.9829320Z" duration="0.000055" asserts="1" />
            <test-case id="1-1080" name="Vector_EqualityIsCheckedByValue" fullname="PlayersWorlds.Maps.VectorTest.Vector_EqualityIsCheckedByValue" methodname="Vector_EqualityIsCheckedByValue" classname="PlayersWorlds.Maps.VectorTest" runstate="Runnable" seed="1436483896" result="Passed" start-time="2024-02-24T18:18:14.9829380Z" end-time="2024-02-24T18:18:14.9831770Z" duration="0.000239" asserts="5" />
            <test-case id="1-1092" name="Vector_FromIndex" fullname="PlayersWorlds.Maps.VectorTest.Vector_FromIndex" methodname="Vector_FromIndex" classname="PlayersWorlds.Maps.VectorTest" runstate="Runnable" seed="1655329391" result="Passed" start-time="2024-02-24T18:18:14.9831840Z" end-time="2024-02-24T18:18:14.9832840Z" duration="0.000101" asserts="2" />
            <test-case id="1-1081" name="Vector_GetHashCodeIsDerivedFromValue" fullname="PlayersWorlds.Maps.VectorTest.Vector_GetHashCodeIsDerivedFromValue" methodname="Vector_GetHashCodeIsDerivedFromValue" classname="PlayersWorlds.Maps.VectorTest" runstate="Runnable" seed="2043808163" result="Passed" start-time="2024-02-24T18:18:14.9832900Z" end-time="2024-02-24T18:18:14.9835110Z" duration="0.000221" asserts="2" />
            <test-case id="1-1078" name="Vector_IsInitialized" fullname="PlayersWorlds.Maps.VectorTest.Vector_IsInitialized" methodname="Vector_IsInitialized" classname="PlayersWorlds.Maps.VectorTest" runstate="Runnable" seed="318737929" result="Passed" start-time="2024-02-24T18:18:14.9835180Z" end-time="2024-02-24T18:18:14.9835870Z" duration="0.000069" asserts="2" />
            <test-case id="1-1086" name="Vector_NotEqualToNull" fullname="PlayersWorlds.Maps.VectorTest.Vector_NotEqualToNull" methodname="Vector_NotEqualToNull" classname="PlayersWorlds.Maps.VectorTest" runstate="Runnable" seed="770090027" result="Passed" start-time="2024-02-24T18:18:14.9835930Z" end-time="2024-02-24T18:18:14.9837090Z" duration="0.000117" asserts="3" />
            <test-case id="1-1090" name="Vector_SnappedForce" fullname="PlayersWorlds.Maps.VectorTest.Vector_SnappedForce" methodname="Vector_SnappedForce" classname="PlayersWorlds.Maps.VectorTest" runstate="Runnable" seed="156507106" result="Passed" start-time="2024-02-24T18:18:14.9837160Z" end-time="2024-02-24T18:18:14.9840510Z" duration="0.000335" asserts="9" />
            <test-case id="1-1089" name="Vector_ThrowsIfNotAValidSize" fullname="PlayersWorlds.Maps.VectorTest.Vector_ThrowsIfNotAValidSize" methodname="Vector_ThrowsIfNotAValidSize" classname="PlayersWorlds.Maps.VectorTest" runstate="Runnable" seed="120724350" result="Passed" start-time="2024-02-24T18:18:14.9840580Z" end-time="2024-02-24T18:18:14.9842750Z" duration="0.000218" asserts="3" />
            <test-case id="1-1091" name="Vector_ToIndex" fullname="PlayersWorlds.Maps.VectorTest.Vector_ToIndex" methodname="Vector_ToIndex" classname="PlayersWorlds.Maps.VectorTest" runstate="Runnable" seed="1635588477" result="Passed" start-time="2024-02-24T18:18:14.9842820Z" end-time="2024-02-24T18:18:14.9844420Z" duration="0.000160" asserts="3" />
            <test-case id="1-1082" name="Vector_ToStringFormat" fullname="PlayersWorlds.Maps.VectorTest.Vector_ToStringFormat" methodname="Vector_ToStringFormat" classname="PlayersWorlds.Maps.VectorTest" runstate="Runnable" seed="18522384" result="Passed" start-time="2024-02-24T18:18:14.9844480Z" end-time="2024-02-24T18:18:14.9845270Z" duration="0.000078" asserts="2" />
            <test-case id="1-1083" name="Vector_ZeroVectorIsNotEmpty" fullname="PlayersWorlds.Maps.VectorTest.Vector_ZeroVectorIsNotEmpty" methodname="Vector_ZeroVectorIsNotEmpty" classname="PlayersWorlds.Maps.VectorTest" runstate="Runnable" seed="320966082" result="Passed" start-time="2024-02-24T18:18:14.9845330Z" end-time="2024-02-24T18:18:14.9846090Z" duration="0.000077" asserts="1" />
            <test-case id="1-1093" name="VectorD_Parse" fullname="PlayersWorlds.Maps.VectorTest.VectorD_Parse" methodname="VectorD_Parse" classname="PlayersWorlds.Maps.VectorTest" runstate="Runnable" seed="390354033" result="Passed" start-time="2024-02-24T18:18:14.9846160Z" end-time="2024-02-24T18:18:14.9846840Z" duration="0.000068" asserts="1" />
          </test-suite>
        </test-suite>
      </test-suite>
      <test-suite type="TestFixture" id="1-1000" name="RandomAreaGeneratorTest" fullname="RandomAreaGeneratorTest" classname="RandomAreaGeneratorTest" runstate="Runnable" testcasecount="2" result="Passed" start-time="2024-02-24T18:18:14.9847180Z" end-time="2024-02-24T18:18:14.9929420Z" duration="0.008224" total="2" passed="2" failed="0" warnings="0" inconclusive="0" skipped="0" asserts="3042">
        <test-case id="1-1001" name="ZoneGenerator_CanGenerateZones" fullname="RandomAreaGeneratorTest.ZoneGenerator_CanGenerateZones" methodname="ZoneGenerator_CanGenerateZones" classname="RandomAreaGeneratorTest" runstate="Runnable" seed="513879986" result="Passed" start-time="2024-02-24T18:18:14.9847560Z" end-time="2024-02-24T18:18:14.9923300Z" duration="0.007575" asserts="3006" />
        <test-case id="1-1002" name="ZoneGenerator_CustomSettings" fullname="RandomAreaGeneratorTest.ZoneGenerator_CustomSettings" methodname="ZoneGenerator_CustomSettings" classname="RandomAreaGeneratorTest" runstate="Runnable" seed="1351716172" result="Passed" start-time="2024-02-24T18:18:14.9923390Z" end-time="2024-02-24T18:18:14.9929310Z" duration="0.000592" asserts="36" />
      </test-suite>
    </test-suite>
  </test-suite>
</test-run>