<?xml version="1.0" encoding="utf-8" standalone="no"?>
<test-run id="0" runstate="Runnable" testcasecount="1016" result="Failed" total="1016" passed="768" failed="1" warnings="0" inconclusive="0" skipped="247" asserts="19211" engine-version="3.17.0.0" clr-version="4.0.30319.42000" start-time="2024-05-28 07:13:36Z" end-time="2024-05-28 07:16:55Z" duration="198.623715">
  <command-line><![CDATA[/home/data/repos/github.com/aynurin/maze-gen/packages/NUnit.ConsoleRunner.3.17.0/tools/nunit3-console.exe build/Debug/tests/PlayersWorlds.Maps.Tests.dll --framework=mono-4.0]]></command-line>
  <test-suite type="Assembly" id="1-2063" name="PlayersWorlds.Maps.Tests.dll" fullname="/home/data/repos/github.com/aynurin/maze-gen/build/Debug/tests/PlayersWorlds.Maps.Tests.dll" runstate="Runnable" testcasecount="1016" result="Failed" site="Child" start-time="2024-05-28T07:13:37.1438220Z" end-time="2024-05-28T07:16:55.3087440Z" duration="198.164869" total="1016" passed="768" failed="1" warnings="0" inconclusive="0" skipped="247" asserts="19211">
    <environment framework-version="4.0.1.0" clr-version="4.0.30319.42000" os-version="Unix 6.1.84.1" platform="Unix" cwd="/home/data/repos/github.com/aynurin/maze-gen" machine-name="lightview" user="shav" user-domain="lightview" culture="en-US" uiculture="en-US" os-architecture="x64" />
    <settings>
      <setting name="RequestedRuntimeFramework" value="mono-4.0" />
      <setting name="DisposeRunners" value="True" />
      <setting name="WorkDirectory" value="/home/data/repos/github.com/aynurin/maze-gen" />
      <setting name="ImageRuntimeVersion" value="4.0.30319" />
      <setting name="ImageTargetFrameworkName" value=".NETFramework,Version=v4.7" />
      <setting name="ImageRequiresX86" value="False" />
      <setting name="ImageRequiresDefaultAppDomainAssemblyResolver" value="False" />
      <setting name="TargetRuntimeFramework" value="mono-4.0" />
      <setting name="NumberOfTestWorkers" value="24" />
    </settings>
    <properties>
      <property name="_PID" value="1086663" />
      <property name="_APPDOMAIN" value="domain-" />
    </properties>
    <failure>
      <message><![CDATA[One or more child tests had errors]]></message>
    </failure>
    <test-suite type="SetUpFixture" id="1-1003" name="[default namespace]" fullname="TestsSetup" classname="TestsSetup" runstate="Runnable" testcasecount="1016" result="Failed" site="Child" start-time="2024-05-28T07:13:37.1486660Z" end-time="2024-05-28T07:16:55.3087340Z" duration="198.160068" total="1016" passed="768" failed="1" warnings="0" inconclusive="0" skipped="247" asserts="19211">
      <failure>
        <message><![CDATA[One or more child tests had errors]]></message>
      </failure>
      <test-suite type="TestSuite" id="1-2064" name="PlayersWorlds" fullname="PlayersWorlds" runstate="Runnable" testcasecount="1014" result="Failed" site="Child" start-time="2024-05-28T07:13:37.1514660Z" end-time="2024-05-28T07:16:55.2728180Z" duration="198.121352" total="1014" passed="766" failed="1" warnings="0" inconclusive="0" skipped="247" asserts="16169">
        <failure>
          <message><![CDATA[One or more child tests had errors]]></message>
        </failure>
        <test-suite type="TestSuite" id="1-2065" name="Maps" fullname="PlayersWorlds.Maps" runstate="Runnable" testcasecount="1014" result="Failed" site="Child" start-time="2024-05-28T07:13:37.1515280Z" end-time="2024-05-28T07:16:55.2728120Z" duration="198.121284" total="1014" passed="766" failed="1" warnings="0" inconclusive="0" skipped="247" asserts="16169">
          <failure>
            <message><![CDATA[One or more child tests had errors]]></message>
          </failure>
          <test-suite type="TestSuite" id="1-2070" name="Areas" fullname="PlayersWorlds.Maps.Areas" runstate="Runnable" testcasecount="140" result="Failed" site="Child" start-time="2024-05-28T07:13:37.1515380Z" end-time="2024-05-28T07:15:44.2373380Z" duration="127.085801" total="140" passed="139" failed="1" warnings="0" inconclusive="0" skipped="0" asserts="354">
            <failure>
              <message><![CDATA[One or more child tests had errors]]></message>
            </failure>
            <test-suite type="TestSuite" id="1-2071" name="Evolving" fullname="PlayersWorlds.Maps.Areas.Evolving" runstate="Runnable" testcasecount="134" result="Failed" site="Child" start-time="2024-05-28T07:13:37.1515440Z" end-time="2024-05-28T07:15:44.2306630Z" duration="127.079120" total="134" passed="133" failed="1" warnings="0" inconclusive="0" skipped="0" asserts="327">
              <failure>
                <message><![CDATA[One or more child tests had errors]]></message>
              </failure>
              <test-suite type="TestFixture" id="1-1917" name="AreaDistributorLoadTest" fullname="PlayersWorlds.Maps.Areas.Evolving.AreaDistributorLoadTest" classname="PlayersWorlds.Maps.Areas.Evolving.AreaDistributorLoadTest" runstate="Runnable" testcasecount="1" result="Failed" site="Child" start-time="2024-05-28T07:13:37.1515890Z" end-time="2024-05-28T07:15:38.8740410Z" duration="121.722452" total="1" passed="0" failed="1" warnings="0" inconclusive="0" skipped="0" asserts="1">
                <failure>
                  <message><![CDATA[One or more child tests had errors]]></message>
                </failure>
                <test-case id="1-1918" name="AreaDistributor_LoadTest" fullname="PlayersWorlds.Maps.Areas.Evolving.AreaDistributorLoadTest.AreaDistributor_LoadTest" methodname="AreaDistributor_LoadTest" classname="PlayersWorlds.Maps.Areas.Evolving.AreaDistributorLoadTest" runstate="Runnable" seed="602201671" result="Failed" start-time="2024-05-28T07:13:37.1517420Z" end-time="2024-05-28T07:15:38.8709480Z" duration="121.719347" asserts="1">
                  <properties>
                    <property name="Category" value="Load" />
                  </properties>
                  <failure>
                    <message><![CDATA[  Passed: 998, Failed: 2
yield return "49x5: P16x1;S14x1 P15x2;S10x1 P6x0;S10x1 P31x0;S13x1 P2x0;S14x1"; // Random(749)
yield return "49x5: P16x1;S14x1 P15x2;S10x1 P6x0;S10x1 P31x0;S13x1 P2x0;S14x1"; // Random(757)
Assert.That(, )
  Expected: True
  But was:  False
]]></message>
                    <stack-trace><![CDATA[  at PlayersWorlds.Maps.Areas.Evolving.AreaDistributorLoadTest.AreaDistributor_LoadTest () [0x00043] in /home/data/repos/github.com/aynurin/maze-gen/tests/areas/evolving/AreaDistributorLoadTest.cs:53 
]]></stack-trace>
                  </failure>
                  <output><![CDATA[PlayersWorlds.Maps.Areas.Evolving.AreaDistributorHelper+DistributeResult(	Log = TestLog
, 	OriginalOutOfBounds = List`1<Area>()
, 	OriginalOverlapping = List`1<Area>(P6x0;S10x1;None;, P2x0;S14x1;None;)
, 	OriginalAreas = List`1<Area>(P16x1;S14x1;None;, P15x2;S10x1;None;, P6x0;S10x1;None;, P31x0;S13x1;None;, P2x0;S14x1;None;)
, 	PlacedOutOfBounds = List`1<Area>(P-1x2;S14x1;None;)
, 	PlacedOverlapping = List`1<Area>(P27x2;S10x1;None;, P36x2;S13x1;None;)
, 	PlacedAreas = List`1<Area>(P13x1;S14x1;None;, P15x2;S10x1;None;, P27x2;S10x1;None;, P36x2;S13x1;None;, P-1x2;S14x1;None;)
, 	MaxEpochs = 100
, 	TestString = yield return "49x5: P16x1;S14x1 P15x2;S10x1 P6x0;S10x1 P31x0;S13x1 P2x0;S14x1"; // Random(749)
)
PlayersWorlds.Maps.Areas.Evolving.AreaDistributorHelper+DistributeResult(	Log = TestLog
, 	OriginalOutOfBounds = List`1<Area>()
, 	OriginalOverlapping = List`1<Area>(P6x0;S10x1;None;, P2x0;S14x1;None;)
, 	OriginalAreas = List`1<Area>(P16x1;S14x1;None;, P15x2;S10x1;None;, P6x0;S10x1;None;, P31x0;S13x1;None;, P2x0;S14x1;None;)
, 	PlacedOutOfBounds = List`1<Area>(P-1x2;S14x1;None;, P37x2;S13x1;None;)
, 	PlacedOverlapping = List`1<Area>()
, 	PlacedAreas = List`1<Area>(P-1x2;S14x1;None;, P15x2;S10x1;None;, P27x2;S10x1;None;, P37x2;S13x1;None;, P13x3;S14x1;None;)
, 	MaxEpochs = 100
, 	TestString = yield return "49x5: P16x1;S14x1 P15x2;S10x1 P6x0;S10x1 P31x0;S13x1 P2x0;S14x1"; // Random(757)
)
]]></output>
                  <assertions>
                    <assertion result="Failed">
                      <message><![CDATA[  Passed: 998, Failed: 2
yield return "49x5: P16x1;S14x1 P15x2;S10x1 P6x0;S10x1 P31x0;S13x1 P2x0;S14x1"; // Random(749)
yield return "49x5: P16x1;S14x1 P15x2;S10x1 P6x0;S10x1 P31x0;S13x1 P2x0;S14x1"; // Random(757)
Assert.That(, )
  Expected: True
  But was:  False
]]></message>
                      <stack-trace><![CDATA[  at PlayersWorlds.Maps.Areas.Evolving.AreaDistributorLoadTest.AreaDistributor_LoadTest () [0x00043] in /home/data/repos/github.com/aynurin/maze-gen/tests/areas/evolving/AreaDistributorLoadTest.cs:53 
]]></stack-trace>
                    </assertion>
                  </assertions>
                </test-case>
              </test-suite>
              <test-suite type="TestFixture" id="1-1919" name="AreaDistributorTest" fullname="PlayersWorlds.Maps.Areas.Evolving.AreaDistributorTest" classname="PlayersWorlds.Maps.Areas.Evolving.AreaDistributorTest" runstate="Runnable" testcasecount="79" result="Passed" start-time="2024-05-28T07:15:38.8755510Z" end-time="2024-05-28T07:15:44.1132720Z" duration="5.237721" total="79" passed="79" failed="0" warnings="0" inconclusive="0" skipped="0" asserts="158">
                <test-suite type="ParameterizedMethod" id="1-2001" name="AreaDistributorTest_CanLayout" fullname="PlayersWorlds.Maps.Areas.Evolving.AreaDistributorTest.AreaDistributorTest_CanLayout" classname="PlayersWorlds.Maps.Areas.Evolving.AreaDistributorTest" runstate="Runnable" testcasecount="55" result="Passed" start-time="2024-05-28T07:15:38.8756720Z" end-time="2024-05-28T07:15:43.9521350Z" duration="5.076463" total="55" passed="55" failed="0" warnings="0" inconclusive="0" skipped="0" asserts="110">
                  <properties>
                    <property name="Category" value="Integration" />
                    <property name="Category" value="Smoke" />
                  </properties>
                  <test-case id="1-1946" name="AreaDistributorTest_CanLayout(&quot;13x8: P9x6;S3x1 P1x4;S2x1&quot;)" fullname="PlayersWorlds.Maps.Areas.Evolving.AreaDistributorTest.AreaDistributorTest_CanLayout(&quot;13x8: P9x6;S3x1 P1x4;S2x1&quot;)" methodname="AreaDistributorTest_CanLayout" classname="PlayersWorlds.Maps.Areas.Evolving.AreaDistributorTest" runstate="Runnable" seed="458417534" result="Passed" start-time="2024-05-28T07:15:38.8757770Z" end-time="2024-05-28T07:15:38.8854620Z" duration="0.009685" asserts="2" />
                  <test-case id="1-1947" name="AreaDistributorTest_CanLayout(&quot;20x20: P14x14;S5x3 P-2x14;S1x4 P7x-3;S2x4 P2x4;S1x3&quot;)" fullname="PlayersWorlds.Maps.Areas.Evolving.AreaDistributorTest.AreaDistributorTest_CanLayout(&quot;20x20: P14x14;S5x3 P-2x14;S1x4 P7x-3;S2x4 P2x4;S1x3&quot;)" methodname="AreaDistributorTest_CanLayout" classname="PlayersWorlds.Maps.Areas.Evolving.AreaDistributorTest" runstate="Runnable" seed="1818999999" result="Passed" start-time="2024-05-28T07:15:38.8854770Z" end-time="2024-05-28T07:15:38.9004740Z" duration="0.014998" asserts="2" />
                  <test-case id="1-1948" name="AreaDistributorTest_CanLayout(&quot;6x14: P0x10;S1x3&quot;)" fullname="PlayersWorlds.Maps.Areas.Evolving.AreaDistributorTest.AreaDistributorTest_CanLayout(&quot;6x14: P0x10;S1x3&quot;)" methodname="AreaDistributorTest_CanLayout" classname="PlayersWorlds.Maps.Areas.Evolving.AreaDistributorTest" runstate="Runnable" seed="1843670271" result="Passed" start-time="2024-05-28T07:15:38.9004860Z" end-time="2024-05-28T07:15:38.9014580Z" duration="0.000971" asserts="2" />
                  <test-case id="1-1949" name="AreaDistributorTest_CanLayout(&quot;23x22: P11x10;S6x2 P-1x14;S5x1 P5x-3;S5x3 P11x22;S2x1&quot;)" fullname="PlayersWorlds.Maps.Areas.Evolving.AreaDistributorTest.AreaDistributorTest_CanLayout(&quot;23x22: P11x10;S6x2 P-1x14;S5x1 P5x-3;S5x3 P11x22;S2x1&quot;)" methodname="AreaDistributorTest_CanLayout" classname="PlayersWorlds.Maps.Areas.Evolving.AreaDistributorTest" runstate="Runnable" seed="609605714" result="Passed" start-time="2024-05-28T07:15:38.9014690Z" end-time="2024-05-28T07:15:38.9157210Z" duration="0.014252" asserts="2" />
                  <test-case id="1-1950" name="AreaDistributorTest_CanLayout(&quot;18x23: P-3x-8;S5x5 P30x8;S3x6 P9x3;S4x4 P12x15;S1x3&quot;)" fullname="PlayersWorlds.Maps.Areas.Evolving.AreaDistributorTest.AreaDistributorTest_CanLayout(&quot;18x23: P-3x-8;S5x5 P30x8;S3x6 P9x3;S4x4 P12x15;S1x3&quot;)" methodname="AreaDistributorTest_CanLayout" classname="PlayersWorlds.Maps.Areas.Evolving.AreaDistributorTest" runstate="Runnable" seed="1151374653" result="Passed" start-time="2024-05-28T07:15:38.9157370Z" end-time="2024-05-28T07:15:38.9305560Z" duration="0.014819" asserts="2" />
                  <test-case id="1-1951" name="AreaDistributorTest_CanLayout(&quot;23x8: P4x7;S4x1 P2x-1;S1x1&quot;)" fullname="PlayersWorlds.Maps.Areas.Evolving.AreaDistributorTest.AreaDistributorTest_CanLayout(&quot;23x8: P4x7;S4x1 P2x-1;S1x1&quot;)" methodname="AreaDistributorTest_CanLayout" classname="PlayersWorlds.Maps.Areas.Evolving.AreaDistributorTest" runstate="Runnable" seed="1542049029" result="Passed" start-time="2024-05-28T07:15:38.9305690Z" end-time="2024-05-28T07:15:38.9362240Z" duration="0.005656" asserts="2" />
                  <test-case id="1-1952" name="AreaDistributorTest_CanLayout(&quot;21x13: P8x-3;S6x3 P8x4;S6x3 P7x2;S4x2&quot;)" fullname="PlayersWorlds.Maps.Areas.Evolving.AreaDistributorTest.AreaDistributorTest_CanLayout(&quot;21x13: P8x-3;S6x3 P8x4;S6x3 P7x2;S4x2&quot;)" methodname="AreaDistributorTest_CanLayout" classname="PlayersWorlds.Maps.Areas.Evolving.AreaDistributorTest" runstate="Runnable" seed="1510894098" result="Passed" start-time="2024-05-28T07:15:38.9362360Z" end-time="2024-05-28T07:15:38.9493690Z" duration="0.013133" asserts="2" />
                  <test-case id="1-1953" name="AreaDistributorTest_CanLayout(&quot;16x14: P2x13;S3x1 P11x-1;S4x3&quot;)" fullname="PlayersWorlds.Maps.Areas.Evolving.AreaDistributorTest.AreaDistributorTest_CanLayout(&quot;16x14: P2x13;S3x1 P11x-1;S4x3&quot;)" methodname="AreaDistributorTest_CanLayout" classname="PlayersWorlds.Maps.Areas.Evolving.AreaDistributorTest" runstate="Runnable" seed="1213352061" result="Passed" start-time="2024-05-28T07:15:38.9493820Z" end-time="2024-05-28T07:15:38.9540600Z" duration="0.004679" asserts="2" />
                  <test-case id="1-1954" name="AreaDistributorTest_CanLayout(&quot;24x12: P12x7;S2x1 P14x-1;S5x2 P16x11;S1x1&quot;)" fullname="PlayersWorlds.Maps.Areas.Evolving.AreaDistributorTest.AreaDistributorTest_CanLayout(&quot;24x12: P12x7;S2x1 P14x-1;S5x2 P16x11;S1x1&quot;)" methodname="AreaDistributorTest_CanLayout" classname="PlayersWorlds.Maps.Areas.Evolving.AreaDistributorTest" runstate="Runnable" seed="280060531" result="Passed" start-time="2024-05-28T07:15:38.9540830Z" end-time="2024-05-28T07:15:38.9651160Z" duration="0.011033" asserts="2" />
                  <test-case id="1-1955" name="AreaDistributorTest_CanLayout(&quot;9x18: P2x10;S2x2 P2x8;S2x5&quot;)" fullname="PlayersWorlds.Maps.Areas.Evolving.AreaDistributorTest.AreaDistributorTest_CanLayout(&quot;9x18: P2x10;S2x2 P2x8;S2x5&quot;)" methodname="AreaDistributorTest_CanLayout" classname="PlayersWorlds.Maps.Areas.Evolving.AreaDistributorTest" runstate="Runnable" seed="372598386" result="Passed" start-time="2024-05-28T07:15:38.9651280Z" end-time="2024-05-28T07:15:38.9706990Z" duration="0.005571" asserts="2" />
                  <test-case id="1-1956" name="AreaDistributorTest_CanLayout(&quot;9x18: P2x8;S2x5 P2x10;S2x2&quot;)" fullname="PlayersWorlds.Maps.Areas.Evolving.AreaDistributorTest.AreaDistributorTest_CanLayout(&quot;9x18: P2x8;S2x5 P2x10;S2x2&quot;)" methodname="AreaDistributorTest_CanLayout" classname="PlayersWorlds.Maps.Areas.Evolving.AreaDistributorTest" runstate="Runnable" seed="22823645" result="Passed" start-time="2024-05-28T07:15:38.9707120Z" end-time="2024-05-28T07:15:38.9733660Z" duration="0.002654" asserts="2" />
                  <test-case id="1-1957" name="AreaDistributorTest_CanLayout(&quot;21x21: P-3x-3;S6x6 P6x10;S4x2 P9x16;S2x2 P3x14;S4x2&quot;)" fullname="PlayersWorlds.Maps.Areas.Evolving.AreaDistributorTest.AreaDistributorTest_CanLayout(&quot;21x21: P-3x-3;S6x6 P6x10;S4x2 P9x16;S2x2 P3x14;S4x2&quot;)" methodname="AreaDistributorTest_CanLayout" classname="PlayersWorlds.Maps.Areas.Evolving.AreaDistributorTest" runstate="Runnable" seed="677647944" result="Passed" start-time="2024-05-28T07:15:38.9733770Z" end-time="2024-05-28T07:15:38.9835330Z" duration="0.010156" asserts="2" />
                  <test-case id="1-1958" name="AreaDistributorTest_CanLayout(&quot;14x24: P-9x5;S2x7 P26x5;S1x7 P3x11;S3x7 P5x19;S3x2 P3x6;S2x5 P2x19;S2x2&quot;)" fullname="PlayersWorlds.Maps.Areas.Evolving.AreaDistributorTest.AreaDistributorTest_CanLayout(&quot;14x24: P-9x5;S2x7 P26x5;S1x7 P3x11;S3x7 P5x19;S3x2 P3x6;S2x5 P2x19;S2x2&quot;)" methodname="AreaDistributorTest_CanLayout" classname="PlayersWorlds.Maps.Areas.Evolving.AreaDistributorTest" runstate="Runnable" seed="2072507770" result="Passed" start-time="2024-05-28T07:15:38.9835450Z" end-time="2024-05-28T07:15:39.0845460Z" duration="0.101000" asserts="2" />
                  <test-case id="1-1959" name="AreaDistributorTest_CanLayout(&quot;33x10: P13x11;S10x1 P13x-1;S10x1 P19x3;S8x1 P4x6;S9x1 P9x3;S9x2 P2x3;S3x2&quot;)" fullname="PlayersWorlds.Maps.Areas.Evolving.AreaDistributorTest.AreaDistributorTest_CanLayout(&quot;33x10: P13x11;S10x1 P13x-1;S10x1 P19x3;S8x1 P4x6;S9x1 P9x3;S9x2 P2x3;S3x2&quot;)" methodname="AreaDistributorTest_CanLayout" classname="PlayersWorlds.Maps.Areas.Evolving.AreaDistributorTest" runstate="Runnable" seed="1349960029" result="Passed" start-time="2024-05-28T07:15:39.0845630Z" end-time="2024-05-28T07:15:39.1870900Z" duration="0.102527" asserts="2" />
                  <test-case id="1-1960" name="AreaDistributorTest_CanLayout(&quot;6x49: P-1x5;S1x11 P5x17;S1x11 P2x23;S1x9 P2x14;S1x13 P0x12;S1x9&quot;)" fullname="PlayersWorlds.Maps.Areas.Evolving.AreaDistributorTest.AreaDistributorTest_CanLayout(&quot;6x49: P-1x5;S1x11 P5x17;S1x11 P2x23;S1x9 P2x14;S1x13 P0x12;S1x9&quot;)" methodname="AreaDistributorTest_CanLayout" classname="PlayersWorlds.Maps.Areas.Evolving.AreaDistributorTest" runstate="Runnable" seed="330374951" result="Passed" start-time="2024-05-28T07:15:39.1871100Z" end-time="2024-05-28T07:15:39.2385740Z" duration="0.051464" asserts="2" />
                  <test-case id="1-1961" name="AreaDistributorTest_CanLayout(&quot;35x5: P5x-1;S10x1 P23x4;S8x1 P4x2;S3x1 P12x2;S2x1&quot;)" fullname="PlayersWorlds.Maps.Areas.Evolving.AreaDistributorTest.AreaDistributorTest_CanLayout(&quot;35x5: P5x-1;S10x1 P23x4;S8x1 P4x2;S3x1 P12x2;S2x1&quot;)" methodname="AreaDistributorTest_CanLayout" classname="PlayersWorlds.Maps.Areas.Evolving.AreaDistributorTest" runstate="Runnable" seed="1837846820" result="Passed" start-time="2024-05-28T07:15:39.2385900Z" end-time="2024-05-28T07:15:39.2857580Z" duration="0.047168" asserts="2" />
                  <test-case id="1-1962" name="AreaDistributorTest_CanLayout(&quot;42x5: P4x5;S10x1 P30x1;S3x1 P10x1;S3x1 P2x2;S1x1&quot;)" fullname="PlayersWorlds.Maps.Areas.Evolving.AreaDistributorTest.AreaDistributorTest_CanLayout(&quot;42x5: P4x5;S10x1 P30x1;S3x1 P10x1;S3x1 P2x2;S1x1&quot;)" methodname="AreaDistributorTest_CanLayout" classname="PlayersWorlds.Maps.Areas.Evolving.AreaDistributorTest" runstate="Runnable" seed="743009417" result="Passed" start-time="2024-05-28T07:15:39.2857790Z" end-time="2024-05-28T07:15:39.3091000Z" duration="0.023322" asserts="2" />
                  <test-case id="1-1963" name="AreaDistributorTest_CanLayout(&quot;39x5: P14x5;S10x1 P5x-1;S9x1 P2x2;S1x1 P10x4;S8x1&quot;)" fullname="PlayersWorlds.Maps.Areas.Evolving.AreaDistributorTest.AreaDistributorTest_CanLayout(&quot;39x5: P14x5;S10x1 P5x-1;S9x1 P2x2;S1x1 P10x4;S8x1&quot;)" methodname="AreaDistributorTest_CanLayout" classname="PlayersWorlds.Maps.Areas.Evolving.AreaDistributorTest" runstate="Runnable" seed="323066370" result="Passed" start-time="2024-05-28T07:15:39.3091130Z" end-time="2024-05-28T07:15:39.3561140Z" duration="0.047001" asserts="2" />
                  <test-case id="1-1964" name="AreaDistributorTest_CanLayout(&quot;6x47: P6x12;S1x12 P3x13;S1x5 P3x18;S1x4 P3x38;S1x6 P2x2;S1x2&quot;)" fullname="PlayersWorlds.Maps.Areas.Evolving.AreaDistributorTest.AreaDistributorTest_CanLayout(&quot;6x47: P6x12;S1x12 P3x13;S1x5 P3x18;S1x4 P3x38;S1x6 P2x2;S1x2&quot;)" methodname="AreaDistributorTest_CanLayout" classname="PlayersWorlds.Maps.Areas.Evolving.AreaDistributorTest" runstate="Runnable" seed="1321793856" result="Passed" start-time="2024-05-28T07:15:39.3561440Z" end-time="2024-05-28T07:15:39.4237660Z" duration="0.067623" asserts="2" />
                  <test-case id="1-1965" name="AreaDistributorTest_CanLayout(&quot;6x47: P-1x28;S1x11 P6x11;S1x11 P6x6;S1x11 P-1x6;S1x11 P1x35;S1x5&quot;)" fullname="PlayersWorlds.Maps.Areas.Evolving.AreaDistributorTest.AreaDistributorTest_CanLayout(&quot;6x47: P-1x28;S1x11 P6x11;S1x11 P6x6;S1x11 P-1x6;S1x11 P1x35;S1x5&quot;)" methodname="AreaDistributorTest_CanLayout" classname="PlayersWorlds.Maps.Areas.Evolving.AreaDistributorTest" runstate="Runnable" seed="366325382" result="Passed" start-time="2024-05-28T07:15:39.4237860Z" end-time="2024-05-28T07:15:39.4836100Z" duration="0.059825" asserts="2" />
                  <test-case id="1-1966" name="AreaDistributorTest_CanLayout(&quot;6x47: P7x10;S1x14 P2x41;S1x3 P3x4;S1x3 P3x10;S1x4 P0x25;S1x9&quot;)" fullname="PlayersWorlds.Maps.Areas.Evolving.AreaDistributorTest.AreaDistributorTest_CanLayout(&quot;6x47: P7x10;S1x14 P2x41;S1x3 P3x4;S1x3 P3x10;S1x4 P0x25;S1x9&quot;)" methodname="AreaDistributorTest_CanLayout" classname="PlayersWorlds.Maps.Areas.Evolving.AreaDistributorTest" runstate="Runnable" seed="1694375358" result="Passed" start-time="2024-05-28T07:15:39.4836280Z" end-time="2024-05-28T07:15:39.5580980Z" duration="0.074470" asserts="2" />
                  <test-case id="1-1967" name="AreaDistributorTest_CanLayout(&quot;5x45: P-1x5;S1x10 P-2x21;S1x12 P7x17;S1x14 P2x40;S1x1 P1x29;S1x4&quot;)" fullname="PlayersWorlds.Maps.Areas.Evolving.AreaDistributorTest.AreaDistributorTest_CanLayout(&quot;5x45: P-1x5;S1x10 P-2x21;S1x12 P7x17;S1x14 P2x40;S1x1 P1x29;S1x4&quot;)" methodname="AreaDistributorTest_CanLayout" classname="PlayersWorlds.Maps.Areas.Evolving.AreaDistributorTest" runstate="Runnable" seed="2026654351" result="Passed" start-time="2024-05-28T07:15:39.5581170Z" end-time="2024-05-28T07:15:39.6021250Z" duration="0.044008" asserts="2" />
                  <test-case id="1-1968" name="AreaDistributorTest_CanLayout(&quot;46x5: P4x-1;S10x1 P29x0;S7x1 P29x2;S2x1 P32x2;S10x1 P17x0;S5x1&quot;)" fullname="PlayersWorlds.Maps.Areas.Evolving.AreaDistributorTest.AreaDistributorTest_CanLayout(&quot;46x5: P4x-1;S10x1 P29x0;S7x1 P29x2;S2x1 P32x2;S10x1 P17x0;S5x1&quot;)" methodname="AreaDistributorTest_CanLayout" classname="PlayersWorlds.Maps.Areas.Evolving.AreaDistributorTest" runstate="Runnable" seed="2471612" result="Passed" start-time="2024-05-28T07:15:39.6021390Z" end-time="2024-05-28T07:15:39.6524100Z" duration="0.050271" asserts="2" />
                  <test-case id="1-1969" name="AreaDistributorTest_CanLayout(&quot;6x48: P-2x28;S1x14 P6x6;S1x12 P3x22;S1x2 P1x14;S1x7 P2x23;S1x12&quot;)" fullname="PlayersWorlds.Maps.Areas.Evolving.AreaDistributorTest.AreaDistributorTest_CanLayout(&quot;6x48: P-2x28;S1x14 P6x6;S1x12 P3x22;S1x2 P1x14;S1x7 P2x23;S1x12&quot;)" methodname="AreaDistributorTest_CanLayout" classname="PlayersWorlds.Maps.Areas.Evolving.AreaDistributorTest" runstate="Runnable" seed="1547267625" result="Passed" start-time="2024-05-28T07:15:39.6524250Z" end-time="2024-05-28T07:15:39.7203920Z" duration="0.067968" asserts="2" />
                  <test-case id="1-1970" name="AreaDistributorTest_CanLayout(&quot;47x5: P30x-3;S13x1 P24x-2;S11x1 P17x7;S14x1 P27x2;S2x1 P4x1;S4x1&quot;)" fullname="PlayersWorlds.Maps.Areas.Evolving.AreaDistributorTest.AreaDistributorTest_CanLayout(&quot;47x5: P30x-3;S13x1 P24x-2;S11x1 P17x7;S14x1 P27x2;S2x1 P4x1;S4x1&quot;)" methodname="AreaDistributorTest_CanLayout" classname="PlayersWorlds.Maps.Areas.Evolving.AreaDistributorTest" runstate="Runnable" seed="914170455" result="Passed" start-time="2024-05-28T07:15:39.7204120Z" end-time="2024-05-28T07:15:39.7872170Z" duration="0.066805" asserts="2" />
                  <test-case id="1-1971" name="AreaDistributorTest_CanLayout(&quot;5x45: P-2x13;S1x10 P-2x7;S1x12 P2x3;S1x2 P0x3;S1x8 P2x10;S1x1&quot;)" fullname="PlayersWorlds.Maps.Areas.Evolving.AreaDistributorTest.AreaDistributorTest_CanLayout(&quot;5x45: P-2x13;S1x10 P-2x7;S1x12 P2x3;S1x2 P0x3;S1x8 P2x10;S1x1&quot;)" methodname="AreaDistributorTest_CanLayout" classname="PlayersWorlds.Maps.Areas.Evolving.AreaDistributorTest" runstate="Runnable" seed="21969260" result="Passed" start-time="2024-05-28T07:15:39.7872370Z" end-time="2024-05-28T07:15:39.8589330Z" duration="0.071696" asserts="2" />
                  <test-case id="1-1972" name="AreaDistributorTest_CanLayout(&quot;5x47: P7x28;S1x13 P6x15;S1x11 P1x2;S1x3 P2x40;S1x2 P2x43;S1x1&quot;)" fullname="PlayersWorlds.Maps.Areas.Evolving.AreaDistributorTest.AreaDistributorTest_CanLayout(&quot;5x47: P7x28;S1x13 P6x15;S1x11 P1x2;S1x3 P2x40;S1x2 P2x43;S1x1&quot;)" methodname="AreaDistributorTest_CanLayout" classname="PlayersWorlds.Maps.Areas.Evolving.AreaDistributorTest" runstate="Runnable" seed="1281947100" result="Passed" start-time="2024-05-28T07:15:39.8589520Z" end-time="2024-05-28T07:15:39.9016110Z" duration="0.042660" asserts="2" />
                  <test-case id="1-1973" name="AreaDistributorTest_CanLayout(&quot;5x36: P-2x21;S1x11 P2x12;S1x1 P2x15;S1x2 P2x8;S1x3&quot;)" fullname="PlayersWorlds.Maps.Areas.Evolving.AreaDistributorTest.AreaDistributorTest_CanLayout(&quot;5x36: P-2x21;S1x11 P2x12;S1x1 P2x15;S1x2 P2x8;S1x3&quot;)" methodname="AreaDistributorTest_CanLayout" classname="PlayersWorlds.Maps.Areas.Evolving.AreaDistributorTest" runstate="Runnable" seed="626615421" result="Passed" start-time="2024-05-28T07:15:39.9016260Z" end-time="2024-05-28T07:15:39.9300030Z" duration="0.028377" asserts="2" />
                  <test-case id="1-1974" name="AreaDistributorTest_CanLayout(&quot;6x39: P-1x20;S1x11 P3x19;S1x2 P2x11;S1x11 P2x20;S1x5 P3x10;S1x5&quot;)" fullname="PlayersWorlds.Maps.Areas.Evolving.AreaDistributorTest.AreaDistributorTest_CanLayout(&quot;6x39: P-1x20;S1x11 P3x19;S1x2 P2x11;S1x11 P2x20;S1x5 P3x10;S1x5&quot;)" methodname="AreaDistributorTest_CanLayout" classname="PlayersWorlds.Maps.Areas.Evolving.AreaDistributorTest" runstate="Runnable" seed="855608097" result="Passed" start-time="2024-05-28T07:15:39.9300170Z" end-time="2024-05-28T07:15:39.9742100Z" duration="0.044194" asserts="2" />
                  <test-case id="1-1975" name="AreaDistributorTest_CanLayout(&quot;44x6: P23x-2;S13x1 P7x-2;S13x1 P6x2;S8x1 P37x3;S2x1 P29x2;S10x1&quot;)" fullname="PlayersWorlds.Maps.Areas.Evolving.AreaDistributorTest.AreaDistributorTest_CanLayout(&quot;44x6: P23x-2;S13x1 P7x-2;S13x1 P6x2;S8x1 P37x3;S2x1 P29x2;S10x1&quot;)" methodname="AreaDistributorTest_CanLayout" classname="PlayersWorlds.Maps.Areas.Evolving.AreaDistributorTest" runstate="Runnable" seed="623454523" result="Passed" start-time="2024-05-28T07:15:39.9742290Z" end-time="2024-05-28T07:15:40.0492120Z" duration="0.074983" asserts="2" />
                  <test-case id="1-1976" name="AreaDistributorTest_CanLayout(&quot;6x42: P-1x6;S1x11 P-2x21;S1x13 P3x36;S1x3 P5x7;S1x9 P0x27;S1x10&quot;)" fullname="PlayersWorlds.Maps.Areas.Evolving.AreaDistributorTest.AreaDistributorTest_CanLayout(&quot;6x42: P-1x6;S1x11 P-2x21;S1x13 P3x36;S1x3 P5x7;S1x9 P0x27;S1x10&quot;)" methodname="AreaDistributorTest_CanLayout" classname="PlayersWorlds.Maps.Areas.Evolving.AreaDistributorTest" runstate="Runnable" seed="1028517799" result="Passed" start-time="2024-05-28T07:15:40.0492310Z" end-time="2024-05-28T07:15:40.1009870Z" duration="0.051756" asserts="2" />
                  <test-case id="1-1977" name="AreaDistributorTest_CanLayout(&quot;40x5: P8x6;S12x1 P24x-1;S9x1 P3x0;S8x1 P23x2;S2x1&quot;)" fullname="PlayersWorlds.Maps.Areas.Evolving.AreaDistributorTest.AreaDistributorTest_CanLayout(&quot;40x5: P8x6;S12x1 P24x-1;S9x1 P3x0;S8x1 P23x2;S2x1&quot;)" methodname="AreaDistributorTest_CanLayout" classname="PlayersWorlds.Maps.Areas.Evolving.AreaDistributorTest" runstate="Runnable" seed="214627286" result="Passed" start-time="2024-05-28T07:15:40.1010060Z" end-time="2024-05-28T07:15:40.1249340Z" duration="0.023929" asserts="2" />
                  <test-case id="1-1978" name="AreaDistributorTest_CanLayout(&quot;47x7: P19x7;S14x1 P9x2;S8x1 P7x4;S8x1 P14x2;S4x1 P28x5;S10x1 P35x3;S2x1&quot;)" fullname="PlayersWorlds.Maps.Areas.Evolving.AreaDistributorTest.AreaDistributorTest_CanLayout(&quot;47x7: P19x7;S14x1 P9x2;S8x1 P7x4;S8x1 P14x2;S4x1 P28x5;S10x1 P35x3;S2x1&quot;)" methodname="AreaDistributorTest_CanLayout" classname="PlayersWorlds.Maps.Areas.Evolving.AreaDistributorTest" runstate="Runnable" seed="229783288" result="Passed" start-time="2024-05-28T07:15:40.1249510Z" end-time="2024-05-28T07:15:40.2294540Z" duration="0.104503" asserts="2" />
                  <test-case id="1-1979" name="AreaDistributorTest_CanLayout(&quot;48x6: P32x-1;S11x1 P9x7;S14x1 P5x7;S13x1 P27x2;S15x1 P5x3;S3x1&quot;)" fullname="PlayersWorlds.Maps.Areas.Evolving.AreaDistributorTest.AreaDistributorTest_CanLayout(&quot;48x6: P32x-1;S11x1 P9x7;S14x1 P5x7;S13x1 P27x2;S15x1 P5x3;S3x1&quot;)" methodname="AreaDistributorTest_CanLayout" classname="PlayersWorlds.Maps.Areas.Evolving.AreaDistributorTest" runstate="Runnable" seed="997293631" result="Passed" start-time="2024-05-28T07:15:40.2296760Z" end-time="2024-05-28T07:15:40.3038410Z" duration="0.074166" asserts="2" />
                  <test-case id="1-1980" name="AreaDistributorTest_CanLayout(&quot;46x6: P20x-2;S13x1 P10x7;S14x1 P22x2;S4x1 P35x3;S6x1 P17x3;S7x1&quot;)" fullname="PlayersWorlds.Maps.Areas.Evolving.AreaDistributorTest.AreaDistributorTest_CanLayout(&quot;46x6: P20x-2;S13x1 P10x7;S14x1 P22x2;S4x1 P35x3;S6x1 P17x3;S7x1&quot;)" methodname="AreaDistributorTest_CanLayout" classname="PlayersWorlds.Maps.Areas.Evolving.AreaDistributorTest" runstate="Runnable" seed="973611263" result="Passed" start-time="2024-05-28T07:15:40.3038590Z" end-time="2024-05-28T07:15:40.3700900Z" duration="0.066231" asserts="2" />
                  <test-case id="1-1981" name="AreaDistributorTest_CanLayout(&quot;6x39: P-1x10;S1x11 P0x3;S1x7 P0x11;S1x10 P2x20;S1x7 P3x26;S1x6&quot;)" fullname="PlayersWorlds.Maps.Areas.Evolving.AreaDistributorTest.AreaDistributorTest_CanLayout(&quot;6x39: P-1x10;S1x11 P0x3;S1x7 P0x11;S1x10 P2x20;S1x7 P3x26;S1x6&quot;)" methodname="AreaDistributorTest_CanLayout" classname="PlayersWorlds.Maps.Areas.Evolving.AreaDistributorTest" runstate="Runnable" seed="455829781" result="Passed" start-time="2024-05-28T07:15:40.3701080Z" end-time="2024-05-28T07:15:40.4288580Z" duration="0.058750" asserts="2" />
                  <test-case id="1-1982" name="AreaDistributorTest_CanLayout(&quot;43x42: P3.20x34.43;S6.00x7.00 P10.77x25.44;S9.00x11.00&quot;)" fullname="PlayersWorlds.Maps.Areas.Evolving.AreaDistributorTest.AreaDistributorTest_CanLayout(&quot;43x42: P3.20x34.43;S6.00x7.00 P10.77x25.44;S9.00x11.00&quot;)" methodname="AreaDistributorTest_CanLayout" classname="PlayersWorlds.Maps.Areas.Evolving.AreaDistributorTest" runstate="Runnable" seed="2059782061" result="Passed" start-time="2024-05-28T07:15:40.4288730Z" end-time="2024-05-28T07:15:40.4356400Z" duration="0.006767" asserts="2" />
                  <test-case id="1-1983" name="AreaDistributorTest_CanLayout(&quot;43x42: P35x26;S2x11 P34x35;S12x2&quot;)" fullname="PlayersWorlds.Maps.Areas.Evolving.AreaDistributorTest.AreaDistributorTest_CanLayout(&quot;43x42: P35x26;S2x11 P34x35;S12x2&quot;)" methodname="AreaDistributorTest_CanLayout" classname="PlayersWorlds.Maps.Areas.Evolving.AreaDistributorTest" runstate="Runnable" seed="1155814834" result="Passed" start-time="2024-05-28T07:15:40.4356510Z" end-time="2024-05-28T07:15:40.4422130Z" duration="0.006561" asserts="2" />
                  <test-case id="1-1984" name="AreaDistributorTest_CanLayout(&quot;43x42: P32x32;S4x4 P34x34;S2x2&quot;)" fullname="PlayersWorlds.Maps.Areas.Evolving.AreaDistributorTest.AreaDistributorTest_CanLayout(&quot;43x42: P32x32;S4x4 P34x34;S2x2&quot;)" methodname="AreaDistributorTest_CanLayout" classname="PlayersWorlds.Maps.Areas.Evolving.AreaDistributorTest" runstate="Runnable" seed="1082075241" result="Passed" start-time="2024-05-28T07:15:40.4422260Z" end-time="2024-05-28T07:15:40.4488790Z" duration="0.006653" asserts="2" />
                  <test-case id="1-1985" name="AreaDistributorTest_CanLayout(&quot;43x42: P32x32;S4x4 P34x34;S4x2&quot;)" fullname="PlayersWorlds.Maps.Areas.Evolving.AreaDistributorTest.AreaDistributorTest_CanLayout(&quot;43x42: P32x32;S4x4 P34x34;S4x2&quot;)" methodname="AreaDistributorTest_CanLayout" classname="PlayersWorlds.Maps.Areas.Evolving.AreaDistributorTest" runstate="Runnable" seed="873645408" result="Passed" start-time="2024-05-28T07:15:40.4488900Z" end-time="2024-05-28T07:15:40.4554370Z" duration="0.006548" asserts="2" />
                  <test-case id="1-1986" name="AreaDistributorTest_CanLayout(&quot;43x42: P32x26;S4x10 P34x34;S4x2&quot;)" fullname="PlayersWorlds.Maps.Areas.Evolving.AreaDistributorTest.AreaDistributorTest_CanLayout(&quot;43x42: P32x26;S4x10 P34x34;S4x2&quot;)" methodname="AreaDistributorTest_CanLayout" classname="PlayersWorlds.Maps.Areas.Evolving.AreaDistributorTest" runstate="Runnable" seed="238973972" result="Passed" start-time="2024-05-28T07:15:40.4554490Z" end-time="2024-05-28T07:15:40.4632150Z" duration="0.007766" asserts="2" />
                  <test-case id="1-1987" name="AreaDistributorTest_CanLayout(&quot;43x42: P30x26;S2x11 P29x35;S12x2&quot;)" fullname="PlayersWorlds.Maps.Areas.Evolving.AreaDistributorTest.AreaDistributorTest_CanLayout(&quot;43x42: P30x26;S2x11 P29x35;S12x2&quot;)" methodname="AreaDistributorTest_CanLayout" classname="PlayersWorlds.Maps.Areas.Evolving.AreaDistributorTest" runstate="Runnable" seed="1081880666" result="Passed" start-time="2024-05-28T07:15:40.4632260Z" end-time="2024-05-28T07:15:40.4698580Z" duration="0.006632" asserts="2" />
                  <test-case id="1-1988" name="AreaDistributorTest_CanLayout(&quot;49x26: P37.95x4.74;S12.00x2.00 P0.62x11.59;S4.00x1.00 P20.55x10.45;S7.00x7.00 P19.55x3.18;S8.00x6.00 P29.30x-0.27;S12.00x4.00 P17.11x22.28;S15.00x3.00 P9.50x0.67;S9.00x2.00 P32.27x17.54;S3.00x5.00 P0.57x21.40;S7.00x4.00 P35.67x10.30;S13.00x7.00 P6.23x9.47;S10.00x7.00&quot;)" fullname="PlayersWorlds.Maps.Areas.Evolving.AreaDistributorTest.AreaDistributorTest_CanLayout(&quot;49x26: P37.95x4.74;S12.00x2.00 P0.62x11.59;S4.00x1.00 P20.55x10.45;S7.00x7.00 P19.55x3.18;S8.00x6.00 P29.30x-0.27;S12.00x4.00 P17.11x22.28;S15.00x3.00 P9.50x0.67;S9.00x2.00 P32.27x17.54;S3.00x5.00 P0.57x21.40;S7.00x4.00 P35.67x10.30;S13.00x7.00 P6.23x9.47;S10.00x7.00&quot;)" methodname="AreaDistributorTest_CanLayout" classname="PlayersWorlds.Maps.Areas.Evolving.AreaDistributorTest" runstate="Runnable" seed="141659358" result="Passed" start-time="2024-05-28T07:15:40.4698690Z" end-time="2024-05-28T07:15:40.8173030Z" duration="0.347434" asserts="2" />
                  <test-case id="1-1989" name="AreaDistributorTest_CanLayout(&quot;26x29: P10.00x15.00;S7.00x3.00 P20.00x0.00;S5.00x6.00 P17.00x5.00;S7.00x7.00 P5.00x4.00;S6.00x4.00 P21.00x18.00;S4.00x2.00 P20.00x8.00;S3.00x8.00 P10.00x11.00;S4.00x5.00 P0.00x5.00;S1.00x8.00 P21.00x9.00;S3.00x6.00&quot;)" fullname="PlayersWorlds.Maps.Areas.Evolving.AreaDistributorTest.AreaDistributorTest_CanLayout(&quot;26x29: P10.00x15.00;S7.00x3.00 P20.00x0.00;S5.00x6.00 P17.00x5.00;S7.00x7.00 P5.00x4.00;S6.00x4.00 P21.00x18.00;S4.00x2.00 P20.00x8.00;S3.00x8.00 P10.00x11.00;S4.00x5.00 P0.00x5.00;S1.00x8.00 P21.00x9.00;S3.00x6.00&quot;)" methodname="AreaDistributorTest_CanLayout" classname="PlayersWorlds.Maps.Areas.Evolving.AreaDistributorTest" runstate="Runnable" seed="1568458337" result="Passed" start-time="2024-05-28T07:15:40.8173230Z" end-time="2024-05-28T07:15:40.9311970Z" duration="0.113874" asserts="2" />
                  <test-case id="1-1990" name="AreaDistributorTest_CanLayout(&quot;8x45: P2.00x9.00;S1.00x6.00 P2.00x22.00;S1.00x8.00 P5.00x32.00;S1.00x10.00 P6.00x14.00;S1.00x9.00 P4.00x3.00;S1.00x14.00 P2.00x36.00;S1.00x8.00&quot;)" fullname="PlayersWorlds.Maps.Areas.Evolving.AreaDistributorTest.AreaDistributorTest_CanLayout(&quot;8x45: P2.00x9.00;S1.00x6.00 P2.00x22.00;S1.00x8.00 P5.00x32.00;S1.00x10.00 P6.00x14.00;S1.00x9.00 P4.00x3.00;S1.00x14.00 P2.00x36.00;S1.00x8.00&quot;)" methodname="AreaDistributorTest_CanLayout" classname="PlayersWorlds.Maps.Areas.Evolving.AreaDistributorTest" runstate="Runnable" seed="1276023876" result="Passed" start-time="2024-05-28T07:15:40.9312160Z" end-time="2024-05-28T07:15:41.0247750Z" duration="0.093558" asserts="2" />
                  <test-case id="1-1991" name="AreaDistributorTest_CanLayout(&quot;31x47: P2.00x15.00;S9.00x1.00 P3.00x11.00;S5.00x4.00 P2.00x11.00;S5.00x7.00 P13.00x14.00;S5.00x10.00 P8.00x37.00;S2.00x9.00 P27.00x19.00;S3.00x8.00 P20.00x12.00;S7.00x7.00 P4.00x13.00;S4.00x2.00 P20.00x31.00;S6.00x2.00 P9.00x3.00;S9.00x3.00 P6.00x34.00;S6.00x1.00 P23.00x6.00;S5.00x2.00&quot;)" fullname="PlayersWorlds.Maps.Areas.Evolving.AreaDistributorTest.AreaDistributorTest_CanLayout(&quot;31x47: P2.00x15.00;S9.00x1.00 P3.00x11.00;S5.00x4.00 P2.00x11.00;S5.00x7.00 P13.00x14.00;S5.00x10.00 P8.00x37.00;S2.00x9.00 P27.00x19.00;S3.00x8.00 P20.00x12.00;S7.00x7.00 P4.00x13.00;S4.00x2.00 P20.00x31.00;S6.00x2.00 P9.00x3.00;S9.00x3.00 P6.00x34.00;S6.00x1.00 P23.00x6.00;S5.00x2.00&quot;)" methodname="AreaDistributorTest_CanLayout" classname="PlayersWorlds.Maps.Areas.Evolving.AreaDistributorTest" runstate="Runnable" seed="1651751422" result="Passed" start-time="2024-05-28T07:15:41.0247950Z" end-time="2024-05-28T07:15:41.1882910Z" duration="0.163496" asserts="2" />
                  <test-case id="1-1992" name="AreaDistributorTest_CanLayout(&quot;7x47: P4.00x40.00;S1.00x5.00 P0.00x12.00;S1.00x7.00 P1.00x9.00;S1.00x3.00 P5.00x0.00;S1.00x14.00 P2.00x37.00;S1.00x9.00 P0.00x29.00;S1.00x6.00&quot;)" fullname="PlayersWorlds.Maps.Areas.Evolving.AreaDistributorTest.AreaDistributorTest_CanLayout(&quot;7x47: P4.00x40.00;S1.00x5.00 P0.00x12.00;S1.00x7.00 P1.00x9.00;S1.00x3.00 P5.00x0.00;S1.00x14.00 P2.00x37.00;S1.00x9.00 P0.00x29.00;S1.00x6.00&quot;)" methodname="AreaDistributorTest_CanLayout" classname="PlayersWorlds.Maps.Areas.Evolving.AreaDistributorTest" runstate="Runnable" seed="103206201" result="Passed" start-time="2024-05-28T07:15:41.1883230Z" end-time="2024-05-28T07:15:41.2922030Z" duration="0.103881" asserts="2" />
                  <test-case id="1-1993" name="AreaDistributorTest_CanLayout(&quot;48x38: P8x15;S1x3 P45x11;S2x7 P6x8;S1x3 P4x7;S10x11 P4x9;S2x8 P26x13;S1x10 P18x13;S10x7 P35x22;S10x5 P31x10;S5x9 P32x10;S13x6 P22x22;S14x6 P26x1;S3x3 P28x14;S13x10 P24x4;S12x8&quot;)" fullname="PlayersWorlds.Maps.Areas.Evolving.AreaDistributorTest.AreaDistributorTest_CanLayout(&quot;48x38: P8x15;S1x3 P45x11;S2x7 P6x8;S1x3 P4x7;S10x11 P4x9;S2x8 P26x13;S1x10 P18x13;S10x7 P35x22;S10x5 P31x10;S5x9 P32x10;S13x6 P22x22;S14x6 P26x1;S3x3 P28x14;S13x10 P24x4;S12x8&quot;)" methodname="AreaDistributorTest_CanLayout" classname="PlayersWorlds.Maps.Areas.Evolving.AreaDistributorTest" runstate="Runnable" seed="1102018543" result="Passed" start-time="2024-05-28T07:15:41.2922230Z" end-time="2024-05-28T07:15:41.8616200Z" duration="0.569398" asserts="2" />
                  <test-case id="1-1994" name="AreaDistributorTest_CanLayout(&quot;31x32: P24.45x15.67;S8.00x7.00 P14.09x8.51;S1.00x6.00 P16.22x5.85;S9.00x9.00 P18.23x27.41;S1.00x4.00 P13.75x0.80;S3.00x3.00 P8.52x18.43;S4.00x7.00 P1.71x14.65;S9.00x6.00 P0.38x4.06;S7.00x7.00 P25.06x24.29;S5.00x7.00 P11.40x19.76;S6.00x9.00&quot;)" fullname="PlayersWorlds.Maps.Areas.Evolving.AreaDistributorTest.AreaDistributorTest_CanLayout(&quot;31x32: P24.45x15.67;S8.00x7.00 P14.09x8.51;S1.00x6.00 P16.22x5.85;S9.00x9.00 P18.23x27.41;S1.00x4.00 P13.75x0.80;S3.00x3.00 P8.52x18.43;S4.00x7.00 P1.71x14.65;S9.00x6.00 P0.38x4.06;S7.00x7.00 P25.06x24.29;S5.00x7.00 P11.40x19.76;S6.00x9.00&quot;)" methodname="AreaDistributorTest_CanLayout" classname="PlayersWorlds.Maps.Areas.Evolving.AreaDistributorTest" runstate="Runnable" seed="1714045622" result="Passed" start-time="2024-05-28T07:15:41.8616410Z" end-time="2024-05-28T07:15:42.1470430Z" duration="0.285402" asserts="2" />
                  <test-case id="1-1995" name="AreaDistributorTest_CanLayout(&quot;45x43: P38.00x15.09;S8.00x10.00 P0.42x0.08;S10.00x4.00 P17.64x33.27;S8.00x2.00 P-0.03x22.54;S1.00x12.00 P17.50x0.62;S12.00x7.00 P23.05x19.66;S14.00x7.00 P21.76x17.00;S1.00x7.00 P11.34x8.71;S8.00x9.00 P9.60x23.72;S12.00x7.00 P0.45x8.22;S8.00x5.00 P0.65x19.15;S12.00x3.00 P19.87x38.89;S7.00x2.00 P33.99x38.13;S10.00x4.00 P34.00x0.58;S11.00x12.00&quot;)" fullname="PlayersWorlds.Maps.Areas.Evolving.AreaDistributorTest.AreaDistributorTest_CanLayout(&quot;45x43: P38.00x15.09;S8.00x10.00 P0.42x0.08;S10.00x4.00 P17.64x33.27;S8.00x2.00 P-0.03x22.54;S1.00x12.00 P17.50x0.62;S12.00x7.00 P23.05x19.66;S14.00x7.00 P21.76x17.00;S1.00x7.00 P11.34x8.71;S8.00x9.00 P9.60x23.72;S12.00x7.00 P0.45x8.22;S8.00x5.00 P0.65x19.15;S12.00x3.00 P19.87x38.89;S7.00x2.00 P33.99x38.13;S10.00x4.00 P34.00x0.58;S11.00x12.00&quot;)" methodname="AreaDistributorTest_CanLayout" classname="PlayersWorlds.Maps.Areas.Evolving.AreaDistributorTest" runstate="Runnable" seed="1017472855" result="Passed" start-time="2024-05-28T07:15:42.1470650Z" end-time="2024-05-28T07:15:42.7120110Z" duration="0.564947" asserts="2" />
                  <test-case id="1-1996" name="AreaDistributorTest_CanLayout(&quot;49x10: P4.00x1.00;S13.00x7.00 P8.00x1.00;S10.00x7.00&quot;)" fullname="PlayersWorlds.Maps.Areas.Evolving.AreaDistributorTest.AreaDistributorTest_CanLayout(&quot;49x10: P4.00x1.00;S13.00x7.00 P8.00x1.00;S10.00x7.00&quot;)" methodname="AreaDistributorTest_CanLayout" classname="PlayersWorlds.Maps.Areas.Evolving.AreaDistributorTest" runstate="Runnable" seed="1242158308" result="Passed" start-time="2024-05-28T07:15:42.7120310Z" end-time="2024-05-28T07:15:42.7157030Z" duration="0.003672" asserts="2" />
                  <test-case id="1-1997" name="AreaDistributorTest_CanLayout(&quot;49x16: P2x7;S12x4 P7x-1;S11x3 P19x4;S13x4 P27x11;S15x4 P17x10;S3x4 P14x3;S13x4 P24x9;S6x4 P1x13;S14x2 P9x4;S4x3&quot;)" fullname="PlayersWorlds.Maps.Areas.Evolving.AreaDistributorTest.AreaDistributorTest_CanLayout(&quot;49x16: P2x7;S12x4 P7x-1;S11x3 P19x4;S13x4 P27x11;S15x4 P17x10;S3x4 P14x3;S13x4 P24x9;S6x4 P1x13;S14x2 P9x4;S4x3&quot;)" methodname="AreaDistributorTest_CanLayout" classname="PlayersWorlds.Maps.Areas.Evolving.AreaDistributorTest" runstate="Runnable" seed="790024760" result="Passed" start-time="2024-05-28T07:15:42.7157140Z" end-time="2024-05-28T07:15:42.8796990Z" duration="0.163985" asserts="2" />
                  <test-case id="1-1998" name="AreaDistributorTest_CanLayout(&quot;49x42: P19x1;S11x2 P34x31;S6x8 P15x29;S13x12 P15x11;S5x12 P23x5;S12x6 P3x17;S9x2 P16x6;S15x4 P15x29;S9x11 P39x37;S6x4 P28x22;S12x9 P31x8;S6x3 P27x23;S9x5 P0x27;S13x9 P11x17;S5x11 P4x2;S1x1&quot;)" fullname="PlayersWorlds.Maps.Areas.Evolving.AreaDistributorTest.AreaDistributorTest_CanLayout(&quot;49x42: P19x1;S11x2 P34x31;S6x8 P15x29;S13x12 P15x11;S5x12 P23x5;S12x6 P3x17;S9x2 P16x6;S15x4 P15x29;S9x11 P39x37;S6x4 P28x22;S12x9 P31x8;S6x3 P27x23;S9x5 P0x27;S13x9 P11x17;S5x11 P4x2;S1x1&quot;)" methodname="AreaDistributorTest_CanLayout" classname="PlayersWorlds.Maps.Areas.Evolving.AreaDistributorTest" runstate="Runnable" seed="2053788793" result="Passed" start-time="2024-05-28T07:15:42.8797190Z" end-time="2024-05-28T07:15:43.5267360Z" duration="0.647017" asserts="2" />
                  <test-case id="1-1999" name="AreaDistributorTest_CanLayout(&quot;24x46: P11x20;S3x9 P5x15;S6x10 P5x14;S7x13 P10x26;S5x11 P10x18;S1x4 P11x13;S1x5 P10x29;S6x9 P13x8;S2x10 P3x17;S7x13 P5x28;S5x5 P18x8;S5x12&quot;)" fullname="PlayersWorlds.Maps.Areas.Evolving.AreaDistributorTest.AreaDistributorTest_CanLayout(&quot;24x46: P11x20;S3x9 P5x15;S6x10 P5x14;S7x13 P10x26;S5x11 P10x18;S1x4 P11x13;S1x5 P10x29;S6x9 P13x8;S2x10 P3x17;S7x13 P5x28;S5x5 P18x8;S5x12&quot;)" methodname="AreaDistributorTest_CanLayout" classname="PlayersWorlds.Maps.Areas.Evolving.AreaDistributorTest" runstate="Runnable" seed="156435402" result="Passed" start-time="2024-05-28T07:15:43.5267560Z" end-time="2024-05-28T07:15:43.8715100Z" duration="0.344754" asserts="2" />
                  <test-case id="1-2000" name="AreaDistributorTest_CanLayout(&quot;10x10: P7x9;S2x3 P7x2;S3x2 P3x9;S2x2 P0x5;S2x3 P7x1;S2x3 P0x0;S6x5&quot;)" fullname="PlayersWorlds.Maps.Areas.Evolving.AreaDistributorTest.AreaDistributorTest_CanLayout(&quot;10x10: P7x9;S2x3 P7x2;S3x2 P3x9;S2x2 P0x5;S2x3 P7x1;S2x3 P0x0;S6x5&quot;)" methodname="AreaDistributorTest_CanLayout" classname="PlayersWorlds.Maps.Areas.Evolving.AreaDistributorTest" runstate="Runnable" seed="1479625342" result="Passed" start-time="2024-05-28T07:15:43.8715310Z" end-time="2024-05-28T07:15:43.9520990Z" duration="0.080568" asserts="2" />
                </test-suite>
                <test-case id="1-2002" name="AreaDistributorTest_CanLayout_Debug" fullname="PlayersWorlds.Maps.Areas.Evolving.AreaDistributorTest.AreaDistributorTest_CanLayout_Debug" methodname="AreaDistributorTest_CanLayout_Debug" classname="PlayersWorlds.Maps.Areas.Evolving.AreaDistributorTest" runstate="Runnable" seed="855998668" result="Passed" start-time="2024-05-28T07:15:43.9521580Z" end-time="2024-05-28T07:15:44.0279660Z" duration="0.075809" asserts="2" />
                <test-case id="1-1920" name="AreaDistributorTest_OneTest" fullname="PlayersWorlds.Maps.Areas.Evolving.AreaDistributorTest.AreaDistributorTest_OneTest" methodname="AreaDistributorTest_OneTest" classname="PlayersWorlds.Maps.Areas.Evolving.AreaDistributorTest" runstate="Runnable" seed="231638450" result="Passed" start-time="2024-05-28T07:15:44.0279840Z" end-time="2024-05-28T07:15:44.0291730Z" duration="0.001189" asserts="2">
                  <properties>
                    <property name="Category" value="Integration" />
                  </properties>
                </test-case>
                <test-suite type="ParameterizedMethod" id="1-1933" name="AreaDistributorTest_OverlapTwo" fullname="PlayersWorlds.Maps.Areas.Evolving.AreaDistributorTest.AreaDistributorTest_OverlapTwo" classname="PlayersWorlds.Maps.Areas.Evolving.AreaDistributorTest" runstate="Runnable" testcasecount="10" result="Passed" start-time="2024-05-28T07:15:44.0291860Z" end-time="2024-05-28T07:15:44.0632030Z" duration="0.034017" total="10" passed="10" failed="0" warnings="0" inconclusive="0" skipped="0" asserts="20">
                  <properties>
                    <property name="Category" value="Integration" />
                  </properties>
                  <test-case id="1-1923" name="AreaDistributorTest_OverlapTwo(&quot;11x11: P3.5x3.5;S4x4 P3.5x3.5;S4x4&quot;)" fullname="PlayersWorlds.Maps.Areas.Evolving.AreaDistributorTest.AreaDistributorTest_OverlapTwo(&quot;11x11: P3.5x3.5;S4x4 P3.5x3.5;S4x4&quot;)" methodname="AreaDistributorTest_OverlapTwo" classname="PlayersWorlds.Maps.Areas.Evolving.AreaDistributorTest" runstate="Runnable" seed="1347775818" result="Passed" start-time="2024-05-28T07:15:44.0292090Z" end-time="2024-05-28T07:15:44.0326390Z" duration="0.003431" asserts="2" />
                  <test-case id="1-1924" name="AreaDistributorTest_OverlapTwo(&quot;16x16: P4x4;S8x8 P5x9;S2x2&quot;)" fullname="PlayersWorlds.Maps.Areas.Evolving.AreaDistributorTest.AreaDistributorTest_OverlapTwo(&quot;16x16: P4x4;S8x8 P5x9;S2x2&quot;)" methodname="AreaDistributorTest_OverlapTwo" classname="PlayersWorlds.Maps.Areas.Evolving.AreaDistributorTest" runstate="Runnable" seed="1887726828" result="Passed" start-time="2024-05-28T07:15:44.0326510Z" end-time="2024-05-28T07:15:44.0377730Z" duration="0.005122" asserts="2" />
                  <test-case id="1-1925" name="AreaDistributorTest_OverlapTwo(&quot;16x16: P4x4;S8x8 P5x7;S4x4&quot;)" fullname="PlayersWorlds.Maps.Areas.Evolving.AreaDistributorTest.AreaDistributorTest_OverlapTwo(&quot;16x16: P4x4;S8x8 P5x7;S4x4&quot;)" methodname="AreaDistributorTest_OverlapTwo" classname="PlayersWorlds.Maps.Areas.Evolving.AreaDistributorTest" runstate="Runnable" seed="1734928528" result="Passed" start-time="2024-05-28T07:15:44.0377850Z" end-time="2024-05-28T07:15:44.0406590Z" duration="0.002875" asserts="2" />
                  <test-case id="1-1926" name="AreaDistributorTest_OverlapTwo(&quot;16x16: P5x5;S6x6 P6x6;S4x4&quot;)" fullname="PlayersWorlds.Maps.Areas.Evolving.AreaDistributorTest.AreaDistributorTest_OverlapTwo(&quot;16x16: P5x5;S6x6 P6x6;S4x4&quot;)" methodname="AreaDistributorTest_OverlapTwo" classname="PlayersWorlds.Maps.Areas.Evolving.AreaDistributorTest" runstate="Runnable" seed="706123781" result="Passed" start-time="2024-05-28T07:15:44.0406700Z" end-time="2024-05-28T07:15:44.0457460Z" duration="0.005076" asserts="2" />
                  <test-case id="1-1927" name="AreaDistributorTest_OverlapTwo(&quot;11x11: P2x2;S4x4 P5x5;S4x4&quot;)" fullname="PlayersWorlds.Maps.Areas.Evolving.AreaDistributorTest.AreaDistributorTest_OverlapTwo(&quot;11x11: P2x2;S4x4 P5x5;S4x4&quot;)" methodname="AreaDistributorTest_OverlapTwo" classname="PlayersWorlds.Maps.Areas.Evolving.AreaDistributorTest" runstate="Runnable" seed="682452071" result="Passed" start-time="2024-05-28T07:15:44.0457570Z" end-time="2024-05-28T07:15:44.0483120Z" duration="0.002555" asserts="2" />
                  <test-case id="1-1928" name="AreaDistributorTest_OverlapTwo(&quot;11x11: P5x2;S4x4 P2x5;S4x4&quot;)" fullname="PlayersWorlds.Maps.Areas.Evolving.AreaDistributorTest.AreaDistributorTest_OverlapTwo(&quot;11x11: P5x2;S4x4 P2x5;S4x4&quot;)" methodname="AreaDistributorTest_OverlapTwo" classname="PlayersWorlds.Maps.Areas.Evolving.AreaDistributorTest" runstate="Runnable" seed="1890883595" result="Passed" start-time="2024-05-28T07:15:44.0483220Z" end-time="2024-05-28T07:15:44.0508610Z" duration="0.002539" asserts="2" />
                  <test-case id="1-1929" name="AreaDistributorTest_OverlapTwo(&quot;11x11: P2x5;S4x4 P5x2;S4x4&quot;)" fullname="PlayersWorlds.Maps.Areas.Evolving.AreaDistributorTest.AreaDistributorTest_OverlapTwo(&quot;11x11: P2x5;S4x4 P5x2;S4x4&quot;)" methodname="AreaDistributorTest_OverlapTwo" classname="PlayersWorlds.Maps.Areas.Evolving.AreaDistributorTest" runstate="Runnable" seed="1981990316" result="Passed" start-time="2024-05-28T07:15:44.0508710Z" end-time="2024-05-28T07:15:44.0543550Z" duration="0.003484" asserts="2" />
                  <test-case id="1-1930" name="AreaDistributorTest_OverlapTwo(&quot;11x11: P5x5;S4x4 P2x2;S4x4&quot;)" fullname="PlayersWorlds.Maps.Areas.Evolving.AreaDistributorTest.AreaDistributorTest_OverlapTwo(&quot;11x11: P5x5;S4x4 P2x2;S4x4&quot;)" methodname="AreaDistributorTest_OverlapTwo" classname="PlayersWorlds.Maps.Areas.Evolving.AreaDistributorTest" runstate="Runnable" seed="490045031" result="Passed" start-time="2024-05-28T07:15:44.0543660Z" end-time="2024-05-28T07:15:44.0570640Z" duration="0.002698" asserts="2" />
                  <test-case id="1-1931" name="AreaDistributorTest_OverlapTwo(&quot;11x11: P4x4;S4x4 P3x3;S4x4&quot;)" fullname="PlayersWorlds.Maps.Areas.Evolving.AreaDistributorTest.AreaDistributorTest_OverlapTwo(&quot;11x11: P4x4;S4x4 P3x3;S4x4&quot;)" methodname="AreaDistributorTest_OverlapTwo" classname="PlayersWorlds.Maps.Areas.Evolving.AreaDistributorTest" runstate="Runnable" seed="1150578764" result="Passed" start-time="2024-05-28T07:15:44.0570740Z" end-time="2024-05-28T07:15:44.0604830Z" duration="0.003409" asserts="2" />
                  <test-case id="1-1932" name="AreaDistributorTest_OverlapTwo(&quot;11x11: P4x3;S4x4 P3x4;S4x4&quot;)" fullname="PlayersWorlds.Maps.Areas.Evolving.AreaDistributorTest.AreaDistributorTest_OverlapTwo(&quot;11x11: P4x3;S4x4 P3x4;S4x4&quot;)" methodname="AreaDistributorTest_OverlapTwo" classname="PlayersWorlds.Maps.Areas.Evolving.AreaDistributorTest" runstate="Runnable" seed="1385176102" result="Passed" start-time="2024-05-28T07:15:44.0604930Z" end-time="2024-05-28T07:15:44.0631910Z" duration="0.002698" asserts="2" />
                </test-suite>
                <test-case id="1-1921" name="AreaDistributorTest_SidePressure" fullname="PlayersWorlds.Maps.Areas.Evolving.AreaDistributorTest.AreaDistributorTest_SidePressure" methodname="AreaDistributorTest_SidePressure" classname="PlayersWorlds.Maps.Areas.Evolving.AreaDistributorTest" runstate="Runnable" seed="1832839415" result="Passed" start-time="2024-05-28T07:15:44.0632140Z" end-time="2024-05-28T07:15:44.0995880Z" duration="0.036374" asserts="2">
                  <properties>
                    <property name="Category" value="Integration" />
                  </properties>
                </test-case>
                <test-suite type="ParameterizedMethod" id="1-1945" name="AreaDistributorTest_SingleMapForce" fullname="PlayersWorlds.Maps.Areas.Evolving.AreaDistributorTest.AreaDistributorTest_SingleMapForce" classname="PlayersWorlds.Maps.Areas.Evolving.AreaDistributorTest" runstate="Runnable" testcasecount="10" result="Passed" start-time="2024-05-28T07:15:44.0996070Z" end-time="2024-05-28T07:15:44.1096130Z" duration="0.010006" total="10" passed="10" failed="0" warnings="0" inconclusive="0" skipped="0" asserts="20">
                  <properties>
                    <property name="Category" value="Integration" />
                  </properties>
                  <test-case id="1-1935" name="AreaDistributorTest_SingleMapForce(&quot;6x12: P1x2;S2x2&quot;)" fullname="PlayersWorlds.Maps.Areas.Evolving.AreaDistributorTest.AreaDistributorTest_SingleMapForce(&quot;6x12: P1x2;S2x2&quot;)" methodname="AreaDistributorTest_SingleMapForce" classname="PlayersWorlds.Maps.Areas.Evolving.AreaDistributorTest" runstate="Runnable" seed="365834934" result="Passed" start-time="2024-05-28T07:15:44.0996320Z" end-time="2024-05-28T07:15:44.1008120Z" duration="0.001180" asserts="2" />
                  <test-case id="1-1936" name="AreaDistributorTest_SingleMapForce(&quot;6x12: P2x2;S2x2&quot;)" fullname="PlayersWorlds.Maps.Areas.Evolving.AreaDistributorTest.AreaDistributorTest_SingleMapForce(&quot;6x12: P2x2;S2x2&quot;)" methodname="AreaDistributorTest_SingleMapForce" classname="PlayersWorlds.Maps.Areas.Evolving.AreaDistributorTest" runstate="Runnable" seed="524760317" result="Passed" start-time="2024-05-28T07:15:44.1008230Z" end-time="2024-05-28T07:15:44.1017120Z" duration="0.000889" asserts="2" />
                  <test-case id="1-1937" name="AreaDistributorTest_SingleMapForce(&quot;6x12: P3x2;S2x2&quot;)" fullname="PlayersWorlds.Maps.Areas.Evolving.AreaDistributorTest.AreaDistributorTest_SingleMapForce(&quot;6x12: P3x2;S2x2&quot;)" methodname="AreaDistributorTest_SingleMapForce" classname="PlayersWorlds.Maps.Areas.Evolving.AreaDistributorTest" runstate="Runnable" seed="639310772" result="Passed" start-time="2024-05-28T07:15:44.1017220Z" end-time="2024-05-28T07:15:44.1034150Z" duration="0.001693" asserts="2" />
                  <test-case id="1-1938" name="AreaDistributorTest_SingleMapForce(&quot;6x12: P1x5;S2x2&quot;)" fullname="PlayersWorlds.Maps.Areas.Evolving.AreaDistributorTest.AreaDistributorTest_SingleMapForce(&quot;6x12: P1x5;S2x2&quot;)" methodname="AreaDistributorTest_SingleMapForce" classname="PlayersWorlds.Maps.Areas.Evolving.AreaDistributorTest" runstate="Runnable" seed="2108255510" result="Passed" start-time="2024-05-28T07:15:44.1034250Z" end-time="2024-05-28T07:15:44.1043060Z" duration="0.000881" asserts="2" />
                  <test-case id="1-1939" name="AreaDistributorTest_SingleMapForce(&quot;6x12: P2x5;S2x2&quot;)" fullname="PlayersWorlds.Maps.Areas.Evolving.AreaDistributorTest.AreaDistributorTest_SingleMapForce(&quot;6x12: P2x5;S2x2&quot;)" methodname="AreaDistributorTest_SingleMapForce" classname="PlayersWorlds.Maps.Areas.Evolving.AreaDistributorTest" runstate="Runnable" seed="452415855" result="Passed" start-time="2024-05-28T07:15:44.1043150Z" end-time="2024-05-28T07:15:44.1051810Z" duration="0.000866" asserts="2" />
                  <test-case id="1-1940" name="AreaDistributorTest_SingleMapForce(&quot;6x12: P3x5;S2x2&quot;)" fullname="PlayersWorlds.Maps.Areas.Evolving.AreaDistributorTest.AreaDistributorTest_SingleMapForce(&quot;6x12: P3x5;S2x2&quot;)" methodname="AreaDistributorTest_SingleMapForce" classname="PlayersWorlds.Maps.Areas.Evolving.AreaDistributorTest" runstate="Runnable" seed="149158173" result="Passed" start-time="2024-05-28T07:15:44.1051900Z" end-time="2024-05-28T07:15:44.1060590Z" duration="0.000868" asserts="2" />
                  <test-case id="1-1941" name="AreaDistributorTest_SingleMapForce(&quot;6x12: P1x8;S2x2&quot;)" fullname="PlayersWorlds.Maps.Areas.Evolving.AreaDistributorTest.AreaDistributorTest_SingleMapForce(&quot;6x12: P1x8;S2x2&quot;)" methodname="AreaDistributorTest_SingleMapForce" classname="PlayersWorlds.Maps.Areas.Evolving.AreaDistributorTest" runstate="Runnable" seed="2090360427" result="Passed" start-time="2024-05-28T07:15:44.1060680Z" end-time="2024-05-28T07:15:44.1069360Z" duration="0.000868" asserts="2" />
                  <test-case id="1-1942" name="AreaDistributorTest_SingleMapForce(&quot;6x12: P2x8;S2x2&quot;)" fullname="PlayersWorlds.Maps.Areas.Evolving.AreaDistributorTest.AreaDistributorTest_SingleMapForce(&quot;6x12: P2x8;S2x2&quot;)" methodname="AreaDistributorTest_SingleMapForce" classname="PlayersWorlds.Maps.Areas.Evolving.AreaDistributorTest" runstate="Runnable" seed="785280516" result="Passed" start-time="2024-05-28T07:15:44.1069450Z" end-time="2024-05-28T07:15:44.1078250Z" duration="0.000879" asserts="2" />
                  <test-case id="1-1943" name="AreaDistributorTest_SingleMapForce(&quot;6x12: P3x8;S2x2&quot;)" fullname="PlayersWorlds.Maps.Areas.Evolving.AreaDistributorTest.AreaDistributorTest_SingleMapForce(&quot;6x12: P3x8;S2x2&quot;)" methodname="AreaDistributorTest_SingleMapForce" classname="PlayersWorlds.Maps.Areas.Evolving.AreaDistributorTest" runstate="Runnable" seed="226135432" result="Passed" start-time="2024-05-28T07:15:44.1078350Z" end-time="2024-05-28T07:15:44.1087040Z" duration="0.000870" asserts="2" />
                  <test-case id="1-1944" name="AreaDistributorTest_SingleMapForce(&quot;6x12: P-1x-4;S2x2&quot;)" fullname="PlayersWorlds.Maps.Areas.Evolving.AreaDistributorTest.AreaDistributorTest_SingleMapForce(&quot;6x12: P-1x-4;S2x2&quot;)" methodname="AreaDistributorTest_SingleMapForce" classname="PlayersWorlds.Maps.Areas.Evolving.AreaDistributorTest" runstate="Runnable" seed="1117318060" result="Passed" start-time="2024-05-28T07:15:44.1087140Z" end-time="2024-05-28T07:15:44.1096010Z" duration="0.000888" asserts="2" />
                </test-suite>
                <test-case id="1-1922" name="AreaDistributorTest_TwoTest" fullname="PlayersWorlds.Maps.Areas.Evolving.AreaDistributorTest.AreaDistributorTest_TwoTest" methodname="AreaDistributorTest_TwoTest" classname="PlayersWorlds.Maps.Areas.Evolving.AreaDistributorTest" runstate="Runnable" seed="155240448" result="Passed" start-time="2024-05-28T07:15:44.1096230Z" end-time="2024-05-28T07:15:44.1132560Z" duration="0.003633" asserts="2">
                  <properties>
                    <property name="Category" value="Integration" />
                  </properties>
                </test-case>
              </test-suite>
              <test-suite type="TestFixture" id="1-2004" name="EvolvingSimulatorTest" fullname="PlayersWorlds.Maps.Areas.Evolving.EvolvingSimulatorTest" classname="PlayersWorlds.Maps.Areas.Evolving.EvolvingSimulatorTest" runstate="Runnable" testcasecount="2" result="Passed" start-time="2024-05-28T07:15:44.1132880Z" end-time="2024-05-28T07:15:44.2167650Z" duration="0.103477" total="2" passed="2" failed="0" warnings="0" inconclusive="0" skipped="0" asserts="2">
                <test-case id="1-2006" name="EvolvingSimulator_ReturnsEpochsIfEvolitionIsNotComplete" fullname="PlayersWorlds.Maps.Areas.Evolving.EvolvingSimulatorTest.EvolvingSimulator_ReturnsEpochsIfEvolitionIsNotComplete" methodname="EvolvingSimulator_ReturnsEpochsIfEvolitionIsNotComplete" classname="PlayersWorlds.Maps.Areas.Evolving.EvolvingSimulatorTest" runstate="Runnable" seed="940919397" result="Passed" start-time="2024-05-28T07:15:44.1133840Z" end-time="2024-05-28T07:15:44.2156700Z" duration="0.102286" asserts="1" />
                <test-case id="1-2005" name="EvolvingSimulator_ThrowsIfMaxEpochsIsZero" fullname="PlayersWorlds.Maps.Areas.Evolving.EvolvingSimulatorTest.EvolvingSimulator_ThrowsIfMaxEpochsIsZero" methodname="EvolvingSimulator_ThrowsIfMaxEpochsIsZero" classname="PlayersWorlds.Maps.Areas.Evolving.EvolvingSimulatorTest" runstate="Runnable" seed="761971268" result="Passed" start-time="2024-05-28T07:15:44.2156980Z" end-time="2024-05-28T07:15:44.2167470Z" duration="0.001049" asserts="1" />
              </test-suite>
              <test-suite type="TestFixture" id="1-2007" name="FloatingAreaTest" fullname="PlayersWorlds.Maps.Areas.Evolving.FloatingAreaTest" classname="PlayersWorlds.Maps.Areas.Evolving.FloatingAreaTest" runstate="Runnable" testcasecount="22" result="Passed" start-time="2024-05-28T07:15:44.2167850Z" end-time="2024-05-28T07:15:44.2223740Z" duration="0.005589" total="22" passed="22" failed="0" warnings="0" inconclusive="0" skipped="0" asserts="45">
                <test-case id="1-2012" name="CenterIsValid" fullname="PlayersWorlds.Maps.Areas.Evolving.FloatingAreaTest.CenterIsValid" methodname="CenterIsValid" classname="PlayersWorlds.Maps.Areas.Evolving.FloatingAreaTest" runstate="Runnable" seed="155480531" result="Passed" start-time="2024-05-28T07:15:44.2168630Z" end-time="2024-05-28T07:15:44.2193870Z" duration="0.002524" asserts="4" />
                <test-case id="1-2011" name="Contains" fullname="PlayersWorlds.Maps.Areas.Evolving.FloatingAreaTest.Contains" methodname="Contains" classname="PlayersWorlds.Maps.Areas.Evolving.FloatingAreaTest" runstate="Runnable" seed="943751754" result="Passed" start-time="2024-05-28T07:15:44.2193990Z" end-time="2024-05-28T07:15:44.2201530Z" duration="0.000754" asserts="2" />
                <test-suite type="ParameterizedMethod" id="1-2029" name="DistanceTo" fullname="PlayersWorlds.Maps.Areas.Evolving.FloatingAreaTest.DistanceTo" classname="PlayersWorlds.Maps.Areas.Evolving.FloatingAreaTest" runstate="Runnable" testcasecount="16" result="Passed" start-time="2024-05-28T07:15:44.2201650Z" end-time="2024-05-28T07:15:44.2210960Z" duration="0.000931" total="16" passed="16" failed="0" warnings="0" inconclusive="0" skipped="0" asserts="32">
                  <properties>
                    <property name="Category" value="Integration" />
                  </properties>
                  <test-case id="1-2013" name="DistanceTo((PlayersWorlds.Maps.Areas.Evolving.FloatingArea[], -1.00x0.00, False))" fullname="PlayersWorlds.Maps.Areas.Evolving.FloatingAreaTest.DistanceTo((PlayersWorlds.Maps.Areas.Evolving.FloatingArea[], -1.00x0.00, False))" methodname="DistanceTo" classname="PlayersWorlds.Maps.Areas.Evolving.FloatingAreaTest" runstate="Runnable" seed="603054533" result="Passed" start-time="2024-05-28T07:15:44.2201800Z" end-time="2024-05-28T07:15:44.2207020Z" duration="0.000522" asserts="2" />
                  <test-case id="1-2014" name="DistanceTo((PlayersWorlds.Maps.Areas.Evolving.FloatingArea[], 0.00x0.00, False))" fullname="PlayersWorlds.Maps.Areas.Evolving.FloatingAreaTest.DistanceTo((PlayersWorlds.Maps.Areas.Evolving.FloatingArea[], 0.00x0.00, False))" methodname="DistanceTo" classname="PlayersWorlds.Maps.Areas.Evolving.FloatingAreaTest" runstate="Runnable" seed="2094037296" result="Passed" start-time="2024-05-28T07:15:44.2207100Z" end-time="2024-05-28T07:15:44.2207450Z" duration="0.000035" asserts="2" />
                  <test-case id="1-2015" name="DistanceTo((PlayersWorlds.Maps.Areas.Evolving.FloatingArea[], 1.00x0.00, True))" fullname="PlayersWorlds.Maps.Areas.Evolving.FloatingAreaTest.DistanceTo((PlayersWorlds.Maps.Areas.Evolving.FloatingArea[], 1.00x0.00, True))" methodname="DistanceTo" classname="PlayersWorlds.Maps.Areas.Evolving.FloatingAreaTest" runstate="Runnable" seed="1460011684" result="Passed" start-time="2024-05-28T07:15:44.2207500Z" end-time="2024-05-28T07:15:44.2207750Z" duration="0.000024" asserts="2" />
                  <test-case id="1-2016" name="DistanceTo((PlayersWorlds.Maps.Areas.Evolving.FloatingArea[], 0.00x0.00, True))" fullname="PlayersWorlds.Maps.Areas.Evolving.FloatingAreaTest.DistanceTo((PlayersWorlds.Maps.Areas.Evolving.FloatingArea[], 0.00x0.00, True))" methodname="DistanceTo" classname="PlayersWorlds.Maps.Areas.Evolving.FloatingAreaTest" runstate="Runnable" seed="1608663085" result="Passed" start-time="2024-05-28T07:15:44.2207790Z" end-time="2024-05-28T07:15:44.2208010Z" duration="0.000021" asserts="2" />
                  <test-case id="1-2017" name="DistanceTo((PlayersWorlds.Maps.Areas.Evolving.FloatingArea[], -1.00x0.00, True))" fullname="PlayersWorlds.Maps.Areas.Evolving.FloatingAreaTest.DistanceTo((PlayersWorlds.Maps.Areas.Evolving.FloatingArea[], -1.00x0.00, True))" methodname="DistanceTo" classname="PlayersWorlds.Maps.Areas.Evolving.FloatingAreaTest" runstate="Runnable" seed="798058867" result="Passed" start-time="2024-05-28T07:15:44.2208050Z" end-time="2024-05-28T07:15:44.2208260Z" duration="0.000021" asserts="2" />
                  <test-case id="1-2018" name="DistanceTo((PlayersWorlds.Maps.Areas.Evolving.FloatingArea[], 0.00x0.00, False))" fullname="PlayersWorlds.Maps.Areas.Evolving.FloatingAreaTest.DistanceTo((PlayersWorlds.Maps.Areas.Evolving.FloatingArea[], 0.00x0.00, False))" methodname="DistanceTo" classname="PlayersWorlds.Maps.Areas.Evolving.FloatingAreaTest" runstate="Runnable" seed="1058529121" result="Passed" start-time="2024-05-28T07:15:44.2208310Z" end-time="2024-05-28T07:15:44.2208520Z" duration="0.000021" asserts="2" />
                  <test-case id="1-2019" name="DistanceTo((PlayersWorlds.Maps.Areas.Evolving.FloatingArea[], 1.00x0.00, False))" fullname="PlayersWorlds.Maps.Areas.Evolving.FloatingAreaTest.DistanceTo((PlayersWorlds.Maps.Areas.Evolving.FloatingArea[], 1.00x0.00, False))" methodname="DistanceTo" classname="PlayersWorlds.Maps.Areas.Evolving.FloatingAreaTest" runstate="Runnable" seed="752431575" result="Passed" start-time="2024-05-28T07:15:44.2208570Z" end-time="2024-05-28T07:15:44.2208760Z" duration="0.000019" asserts="2" />
                  <test-case id="1-2020" name="DistanceTo((PlayersWorlds.Maps.Areas.Evolving.FloatingArea[], -1.00x1.00, False))" fullname="PlayersWorlds.Maps.Areas.Evolving.FloatingAreaTest.DistanceTo((PlayersWorlds.Maps.Areas.Evolving.FloatingArea[], -1.00x1.00, False))" methodname="DistanceTo" classname="PlayersWorlds.Maps.Areas.Evolving.FloatingAreaTest" runstate="Runnable" seed="955121876" result="Passed" start-time="2024-05-28T07:15:44.2208800Z" end-time="2024-05-28T07:15:44.2208990Z" duration="0.000018" asserts="2" />
                  <test-case id="1-2021" name="DistanceTo((PlayersWorlds.Maps.Areas.Evolving.FloatingArea[], 0.00x1.00, False))" fullname="PlayersWorlds.Maps.Areas.Evolving.FloatingAreaTest.DistanceTo((PlayersWorlds.Maps.Areas.Evolving.FloatingArea[], 0.00x1.00, False))" methodname="DistanceTo" classname="PlayersWorlds.Maps.Areas.Evolving.FloatingAreaTest" runstate="Runnable" seed="447323707" result="Passed" start-time="2024-05-28T07:15:44.2209030Z" end-time="2024-05-28T07:15:44.2209210Z" duration="0.000018" asserts="2" />
                  <test-case id="1-2022" name="DistanceTo((PlayersWorlds.Maps.Areas.Evolving.FloatingArea[], 1.00x1.00, True))" fullname="PlayersWorlds.Maps.Areas.Evolving.FloatingAreaTest.DistanceTo((PlayersWorlds.Maps.Areas.Evolving.FloatingArea[], 1.00x1.00, True))" methodname="DistanceTo" classname="PlayersWorlds.Maps.Areas.Evolving.FloatingAreaTest" runstate="Runnable" seed="1999522658" result="Passed" start-time="2024-05-28T07:15:44.2209260Z" end-time="2024-05-28T07:15:44.2209440Z" duration="0.000018" asserts="2" />
                  <test-case id="1-2023" name="DistanceTo((PlayersWorlds.Maps.Areas.Evolving.FloatingArea[], 0.00x1.00, True))" fullname="PlayersWorlds.Maps.Areas.Evolving.FloatingAreaTest.DistanceTo((PlayersWorlds.Maps.Areas.Evolving.FloatingArea[], 0.00x1.00, True))" methodname="DistanceTo" classname="PlayersWorlds.Maps.Areas.Evolving.FloatingAreaTest" runstate="Runnable" seed="2134224459" result="Passed" start-time="2024-05-28T07:15:44.2209480Z" end-time="2024-05-28T07:15:44.2209840Z" duration="0.000035" asserts="2" />
                  <test-case id="1-2024" name="DistanceTo((PlayersWorlds.Maps.Areas.Evolving.FloatingArea[], -1.00x1.00, True))" fullname="PlayersWorlds.Maps.Areas.Evolving.FloatingAreaTest.DistanceTo((PlayersWorlds.Maps.Areas.Evolving.FloatingArea[], -1.00x1.00, True))" methodname="DistanceTo" classname="PlayersWorlds.Maps.Areas.Evolving.FloatingAreaTest" runstate="Runnable" seed="336795325" result="Passed" start-time="2024-05-28T07:15:44.2209890Z" end-time="2024-05-28T07:15:44.2210090Z" duration="0.000019" asserts="2" />
                  <test-case id="1-2025" name="DistanceTo((PlayersWorlds.Maps.Areas.Evolving.FloatingArea[], 0.00x1.00, False))" fullname="PlayersWorlds.Maps.Areas.Evolving.FloatingAreaTest.DistanceTo((PlayersWorlds.Maps.Areas.Evolving.FloatingArea[], 0.00x1.00, False))" methodname="DistanceTo" classname="PlayersWorlds.Maps.Areas.Evolving.FloatingAreaTest" runstate="Runnable" seed="883189155" result="Passed" start-time="2024-05-28T07:15:44.2210130Z" end-time="2024-05-28T07:15:44.2210300Z" duration="0.000016" asserts="2" />
                  <test-case id="1-2026" name="DistanceTo((PlayersWorlds.Maps.Areas.Evolving.FloatingArea[], 1.00x1.00, False))" fullname="PlayersWorlds.Maps.Areas.Evolving.FloatingAreaTest.DistanceTo((PlayersWorlds.Maps.Areas.Evolving.FloatingArea[], 1.00x1.00, False))" methodname="DistanceTo" classname="PlayersWorlds.Maps.Areas.Evolving.FloatingAreaTest" runstate="Runnable" seed="1384334569" result="Passed" start-time="2024-05-28T07:15:44.2210340Z" end-time="2024-05-28T07:15:44.2210500Z" duration="0.000016" asserts="2" />
                  <test-case id="1-2027" name="DistanceTo((PlayersWorlds.Maps.Areas.Evolving.FloatingArea[], -1.00x-1.00, True))" fullname="PlayersWorlds.Maps.Areas.Evolving.FloatingAreaTest.DistanceTo((PlayersWorlds.Maps.Areas.Evolving.FloatingArea[], -1.00x-1.00, True))" methodname="DistanceTo" classname="PlayersWorlds.Maps.Areas.Evolving.FloatingAreaTest" runstate="Runnable" seed="978239945" result="Passed" start-time="2024-05-28T07:15:44.2210540Z" end-time="2024-05-28T07:15:44.2210700Z" duration="0.000016" asserts="2" />
                  <test-case id="1-2028" name="DistanceTo((PlayersWorlds.Maps.Areas.Evolving.FloatingArea[], 1.00x1.00, False))" fullname="PlayersWorlds.Maps.Areas.Evolving.FloatingAreaTest.DistanceTo((PlayersWorlds.Maps.Areas.Evolving.FloatingArea[], 1.00x1.00, False))" methodname="DistanceTo" classname="PlayersWorlds.Maps.Areas.Evolving.FloatingAreaTest" runstate="Runnable" seed="624123435" result="Passed" start-time="2024-05-28T07:15:44.2210740Z" end-time="2024-05-28T07:15:44.2210900Z" duration="0.000016" asserts="2" />
                </test-suite>
                <test-case id="1-2030" name="DistanceToDebug" fullname="PlayersWorlds.Maps.Areas.Evolving.FloatingAreaTest.DistanceToDebug" methodname="DistanceToDebug" classname="PlayersWorlds.Maps.Areas.Evolving.FloatingAreaTest" runstate="Runnable" seed="2065332661" result="Passed" start-time="2024-05-28T07:15:44.2211040Z" end-time="2024-05-28T07:15:44.2214620Z" duration="0.000359" asserts="2" />
                <test-case id="1-2010" name="Overlaps" fullname="PlayersWorlds.Maps.Areas.Evolving.FloatingAreaTest.Overlaps" methodname="Overlaps" classname="PlayersWorlds.Maps.Areas.Evolving.FloatingAreaTest" runstate="Runnable" seed="314102698" result="Passed" start-time="2024-05-28T07:15:44.2214700Z" end-time="2024-05-28T07:15:44.2220820Z" duration="0.000612" asserts="2" />
                <test-case id="1-2008" name="Parse" fullname="PlayersWorlds.Maps.Areas.Evolving.FloatingAreaTest.Parse" methodname="Parse" classname="PlayersWorlds.Maps.Areas.Evolving.FloatingAreaTest" runstate="Runnable" seed="1757284638" result="Passed" start-time="2024-05-28T07:15:44.2220900Z" end-time="2024-05-28T07:15:44.2222220Z" duration="0.000132" asserts="2" />
                <test-case id="1-2009" name="ToStringIsValid" fullname="PlayersWorlds.Maps.Areas.Evolving.FloatingAreaTest.ToStringIsValid" methodname="ToStringIsValid" classname="PlayersWorlds.Maps.Areas.Evolving.FloatingAreaTest" runstate="Runnable" seed="1519645580" result="Passed" start-time="2024-05-28T07:15:44.2222300Z" end-time="2024-05-28T07:15:44.2223640Z" duration="0.000134" asserts="1" />
              </test-suite>
              <test-suite type="TestFixture" id="1-2031" name="ForceFormulaTestTest" fullname="PlayersWorlds.Maps.Areas.Evolving.ForceFormulaTestTest" classname="PlayersWorlds.Maps.Areas.Evolving.ForceFormulaTestTest" runstate="Runnable" testcasecount="8" result="Passed" start-time="2024-05-28T07:15:44.2223870Z" end-time="2024-05-28T07:15:44.2268710Z" duration="0.004484" total="8" passed="8" failed="0" warnings="0" inconclusive="0" skipped="0" asserts="42">
                <test-case id="1-2037" name="CollideForce_Negative" fullname="PlayersWorlds.Maps.Areas.Evolving.ForceFormulaTestTest.CollideForce_Negative" methodname="CollideForce_Negative" classname="PlayersWorlds.Maps.Areas.Evolving.ForceFormulaTestTest" runstate="Runnable" seed="1889872272" result="Passed" start-time="2024-05-28T07:15:44.2224490Z" end-time="2024-05-28T07:15:44.2234180Z" duration="0.000969" asserts="9" />
                <test-case id="1-2036" name="CollideForce_Positive" fullname="PlayersWorlds.Maps.Areas.Evolving.ForceFormulaTestTest.CollideForce_Positive" methodname="CollideForce_Positive" classname="PlayersWorlds.Maps.Areas.Evolving.ForceFormulaTestTest" runstate="Runnable" seed="663282669" result="Passed" start-time="2024-05-28T07:15:44.2234270Z" end-time="2024-05-28T07:15:44.2237660Z" duration="0.000339" asserts="9" />
                <test-case id="1-2033" name="NormalForce_Negative" fullname="PlayersWorlds.Maps.Areas.Evolving.ForceFormulaTestTest.NormalForce_Negative" methodname="NormalForce_Negative" classname="PlayersWorlds.Maps.Areas.Evolving.ForceFormulaTestTest" runstate="Runnable" seed="1278154732" result="Passed" start-time="2024-05-28T07:15:44.2237730Z" end-time="2024-05-28T07:15:44.2242120Z" duration="0.000439" asserts="3" />
                <test-case id="1-2035" name="NormalForce_NegativeCapped" fullname="PlayersWorlds.Maps.Areas.Evolving.ForceFormulaTestTest.NormalForce_NegativeCapped" methodname="NormalForce_NegativeCapped" classname="PlayersWorlds.Maps.Areas.Evolving.ForceFormulaTestTest" runstate="Runnable" seed="1258662807" result="Passed" start-time="2024-05-28T07:15:44.2242210Z" end-time="2024-05-28T07:15:44.2243950Z" duration="0.000175" asserts="5" />
                <test-case id="1-2032" name="NormalForce_Positive" fullname="PlayersWorlds.Maps.Areas.Evolving.ForceFormulaTestTest.NormalForce_Positive" methodname="NormalForce_Positive" classname="PlayersWorlds.Maps.Areas.Evolving.ForceFormulaTestTest" runstate="Runnable" seed="1415084772" result="Passed" start-time="2024-05-28T07:15:44.2244030Z" end-time="2024-05-28T07:15:44.2245310Z" duration="0.000128" asserts="3" />
                <test-case id="1-2034" name="NormalForce_PositiveCapped" fullname="PlayersWorlds.Maps.Areas.Evolving.ForceFormulaTestTest.NormalForce_PositiveCapped" methodname="NormalForce_PositiveCapped" classname="PlayersWorlds.Maps.Areas.Evolving.ForceFormulaTestTest" runstate="Runnable" seed="1312868443" result="Passed" start-time="2024-05-28T07:15:44.2245390Z" end-time="2024-05-28T07:15:44.2246930Z" duration="0.000154" asserts="5" />
                <test-case id="1-2039" name="OverlapForce_Negative" fullname="PlayersWorlds.Maps.Areas.Evolving.ForceFormulaTestTest.OverlapForce_Negative" methodname="OverlapForce_Negative" classname="PlayersWorlds.Maps.Areas.Evolving.ForceFormulaTestTest" runstate="Runnable" seed="1355942807" result="Passed" start-time="2024-05-28T07:15:44.2247000Z" end-time="2024-05-28T07:15:44.2265160Z" duration="0.001816" asserts="4" />
                <test-case id="1-2038" name="OverlapForce_Positive" fullname="PlayersWorlds.Maps.Areas.Evolving.ForceFormulaTestTest.OverlapForce_Positive" methodname="OverlapForce_Positive" classname="PlayersWorlds.Maps.Areas.Evolving.ForceFormulaTestTest" runstate="Runnable" seed="1288767014" result="Passed" start-time="2024-05-28T07:15:44.2265260Z" end-time="2024-05-28T07:15:44.2268580Z" duration="0.000331" asserts="4" />
              </test-suite>
              <test-suite type="TestFixture" id="1-2040" name="SideToSideForceProducerTest" fullname="PlayersWorlds.Maps.Areas.Evolving.SideToSideForceProducerTest" classname="PlayersWorlds.Maps.Areas.Evolving.SideToSideForceProducerTest" runstate="Runnable" testcasecount="22" result="Passed" start-time="2024-05-28T07:15:44.2268860Z" end-time="2024-05-28T07:15:44.2306570Z" duration="0.003770" total="22" passed="22" failed="0" warnings="0" inconclusive="0" skipped="0" asserts="79">
                <test-case id="1-2058" name="GetAxisDistance_Collide" fullname="PlayersWorlds.Maps.Areas.Evolving.SideToSideForceProducerTest.GetAxisDistance_Collide" methodname="GetAxisDistance_Collide" classname="PlayersWorlds.Maps.Areas.Evolving.SideToSideForceProducerTest" runstate="Runnable" seed="1450246488" result="Passed" start-time="2024-05-28T07:15:44.2269700Z" end-time="2024-05-28T07:15:44.2275900Z" duration="0.000620" asserts="6" />
                <test-case id="1-2061" name="GetAxisDistance_Contain1" fullname="PlayersWorlds.Maps.Areas.Evolving.SideToSideForceProducerTest.GetAxisDistance_Contain1" methodname="GetAxisDistance_Contain1" classname="PlayersWorlds.Maps.Areas.Evolving.SideToSideForceProducerTest" runstate="Runnable" seed="84552759" result="Passed" start-time="2024-05-28T07:15:44.2275980Z" end-time="2024-05-28T07:15:44.2278560Z" duration="0.000258" asserts="6" />
                <test-case id="1-2062" name="GetAxisDistance_Contain2" fullname="PlayersWorlds.Maps.Areas.Evolving.SideToSideForceProducerTest.GetAxisDistance_Contain2" methodname="GetAxisDistance_Contain2" classname="PlayersWorlds.Maps.Areas.Evolving.SideToSideForceProducerTest" runstate="Runnable" seed="1909515244" result="Passed" start-time="2024-05-28T07:15:44.2278640Z" end-time="2024-05-28T07:15:44.2280990Z" duration="0.000235" asserts="6" />
                <test-case id="1-2056" name="GetAxisDistance_Normal1" fullname="PlayersWorlds.Maps.Areas.Evolving.SideToSideForceProducerTest.GetAxisDistance_Normal1" methodname="GetAxisDistance_Normal1" classname="PlayersWorlds.Maps.Areas.Evolving.SideToSideForceProducerTest" runstate="Runnable" seed="399101147" result="Passed" start-time="2024-05-28T07:15:44.2281060Z" end-time="2024-05-28T07:15:44.2283350Z" duration="0.000229" asserts="6" />
                <test-case id="1-2057" name="GetAxisDistance_Normal2" fullname="PlayersWorlds.Maps.Areas.Evolving.SideToSideForceProducerTest.GetAxisDistance_Normal2" methodname="GetAxisDistance_Normal2" classname="PlayersWorlds.Maps.Areas.Evolving.SideToSideForceProducerTest" runstate="Runnable" seed="1739942731" result="Passed" start-time="2024-05-28T07:15:44.2283430Z" end-time="2024-05-28T07:15:44.2285920Z" duration="0.000249" asserts="6" />
[...]
            <test-case id="1-1050" name="Optional_ThrowsIfNoValue" fullname="PlayersWorlds.Maps.OptionalTest.Optional_ThrowsIfNoValue" methodname="Optional_ThrowsIfNoValue" classname="PlayersWorlds.Maps.OptionalTest" runstate="Runnable" seed="485891105" result="Passed" start-time="2024-05-28T07:16:55.2603540Z" end-time="2024-05-28T07:16:55.2605010Z" duration="0.000147" asserts="2" />
            <test-case id="1-1055" name="Optional_ToStringShowsValue" fullname="PlayersWorlds.Maps.OptionalTest.Optional_ToStringShowsValue" methodname="Optional_ToStringShowsValue" classname="PlayersWorlds.Maps.OptionalTest" runstate="Runnable" seed="519461727" result="Passed" start-time="2024-05-28T07:16:55.2605090Z" end-time="2024-05-28T07:16:55.2606810Z" duration="0.000173" asserts="2" />
          </test-suite>
          <test-suite type="TestSuite" id="1-2066" name="Renderers" fullname="PlayersWorlds.Maps.Renderers" runstate="Runnable" testcasecount="1" result="Passed" start-time="2024-05-28T07:13:37.1515790Z" end-time="2024-05-28T07:16:55.2616130Z" duration="198.110034" total="1" passed="1" failed="0" warnings="0" inconclusive="0" skipped="0" asserts="1">
            <test-suite type="TestFixture" id="1-1107" name="Map2DStringRendererTest" fullname="PlayersWorlds.Maps.Renderers.Map2DStringRendererTest" classname="PlayersWorlds.Maps.Renderers.Map2DStringRendererTest" runstate="Runnable" testcasecount="1" result="Passed" start-time="2024-05-28T07:16:55.2607040Z" end-time="2024-05-28T07:16:55.2616060Z" duration="0.000902" total="1" passed="1" failed="0" warnings="0" inconclusive="0" skipped="0" asserts="1">
              <test-case id="1-1108" name="TestRender" fullname="PlayersWorlds.Maps.Renderers.Map2DStringRendererTest.TestRender" methodname="TestRender" classname="PlayersWorlds.Maps.Renderers.Map2DStringRendererTest" runstate="Runnable" seed="316930488" result="Passed" start-time="2024-05-28T07:16:55.2607600Z" end-time="2024-05-28T07:16:55.2615940Z" duration="0.000834" asserts="1" />
            </test-suite>
          </test-suite>
          <test-suite type="TestFixture" id="1-1065" name="VectorDTest" fullname="PlayersWorlds.Maps.VectorDTest" classname="PlayersWorlds.Maps.VectorDTest" runstate="Runnable" testcasecount="11" result="Passed" start-time="2024-05-28T07:16:55.2616230Z" end-time="2024-05-28T07:16:55.2649320Z" duration="0.003309" total="11" passed="11" failed="0" warnings="0" inconclusive="0" skipped="0" asserts="33">
            <test-case id="1-1073" name="CanAddAndSubtract" fullname="PlayersWorlds.Maps.VectorDTest.CanAddAndSubtract" methodname="CanAddAndSubtract" classname="PlayersWorlds.Maps.VectorDTest" runstate="Runnable" seed="354026068" result="Passed" start-time="2024-05-28T07:16:55.2616790Z" end-time="2024-05-28T07:16:55.2619830Z" duration="0.000304" asserts="5" />
            <test-case id="1-1074" name="ConstructorChecksArguments" fullname="PlayersWorlds.Maps.VectorDTest.ConstructorChecksArguments" methodname="ConstructorChecksArguments" classname="PlayersWorlds.Maps.VectorDTest" runstate="Runnable" seed="1308176856" result="Passed" start-time="2024-05-28T07:16:55.2619910Z" end-time="2024-05-28T07:16:55.2621000Z" duration="0.000110" asserts="1" />
            <test-case id="1-1067" name="EqualityIsCheckedByValue" fullname="PlayersWorlds.Maps.VectorDTest.EqualityIsCheckedByValue" methodname="EqualityIsCheckedByValue" classname="PlayersWorlds.Maps.VectorDTest" runstate="Runnable" seed="1887807744" result="Passed" start-time="2024-05-28T07:16:55.2621070Z" end-time="2024-05-28T07:16:55.2623160Z" duration="0.000209" asserts="4" />
            <test-case id="1-1068" name="GetHashCodeIsDerivedFromValue" fullname="PlayersWorlds.Maps.VectorDTest.GetHashCodeIsDerivedFromValue" methodname="GetHashCodeIsDerivedFromValue" classname="PlayersWorlds.Maps.VectorDTest" runstate="Runnable" seed="2139341382" result="Passed" start-time="2024-05-28T07:16:55.2623240Z" end-time="2024-05-28T07:16:55.2624030Z" duration="0.000079" asserts="1" />
            <test-case id="1-1071" name="InitializedAsNull" fullname="PlayersWorlds.Maps.VectorDTest.InitializedAsNull" methodname="InitializedAsNull" classname="PlayersWorlds.Maps.VectorDTest" runstate="Runnable" seed="300876926" result="Passed" start-time="2024-05-28T07:16:55.2624100Z" end-time="2024-05-28T07:16:55.2625120Z" duration="0.000103" asserts="1" />
            <test-case id="1-1070" name="InitializedEmpty" fullname="PlayersWorlds.Maps.VectorDTest.InitializedEmpty" methodname="InitializedEmpty" classname="PlayersWorlds.Maps.VectorDTest" runstate="Runnable" seed="2034593087" result="Passed" start-time="2024-05-28T07:16:55.2625190Z" end-time="2024-05-28T07:16:55.2627700Z" duration="0.000251" asserts="4" />
            <test-case id="1-1066" name="IsInitialized" fullname="PlayersWorlds.Maps.VectorDTest.IsInitialized" methodname="IsInitialized" classname="PlayersWorlds.Maps.VectorDTest" runstate="Runnable" seed="1800370506" result="Passed" start-time="2024-05-28T07:16:55.2627780Z" end-time="2024-05-28T07:16:55.2629350Z" duration="0.000157" asserts="2" />
            <test-case id="1-1072" name="IsZero" fullname="PlayersWorlds.Maps.VectorDTest.IsZero" methodname="IsZero" classname="PlayersWorlds.Maps.VectorDTest" runstate="Runnable" seed="1142446708" result="Passed" start-time="2024-05-28T07:16:55.2629420Z" end-time="2024-05-28T07:16:55.2630530Z" duration="0.000111" asserts="3" />
            <test-case id="1-1075" name="SnappedForce" fullname="PlayersWorlds.Maps.VectorDTest.SnappedForce" methodname="SnappedForce" classname="PlayersWorlds.Maps.VectorDTest" runstate="Runnable" seed="2029046943" result="Passed" start-time="2024-05-28T07:16:55.2630610Z" end-time="2024-05-28T07:16:55.2644150Z" duration="0.001355" asserts="9" />
            <test-case id="1-1069" name="ToStringFormat" fullname="PlayersWorlds.Maps.VectorDTest.ToStringFormat" methodname="ToStringFormat" classname="PlayersWorlds.Maps.VectorDTest" runstate="Runnable" seed="1451907412" result="Passed" start-time="2024-05-28T07:16:55.2644250Z" end-time="2024-05-28T07:16:55.2645110Z" duration="0.000086" asserts="1" />
            <test-case id="1-1076" name="VectorD_Parse" fullname="PlayersWorlds.Maps.VectorDTest.VectorD_Parse" methodname="VectorD_Parse" classname="PlayersWorlds.Maps.VectorDTest" runstate="Runnable" seed="2056095317" result="Passed" start-time="2024-05-28T07:16:55.2645180Z" end-time="2024-05-28T07:16:55.2649190Z" duration="0.000401" asserts="2" />
          </test-suite>
          <test-suite type="TestFixture" id="1-1077" name="VectorTest" fullname="PlayersWorlds.Maps.VectorTest" classname="PlayersWorlds.Maps.VectorTest" runstate="Runnable" testcasecount="29" result="Passed" start-time="2024-05-28T07:16:55.2649460Z" end-time="2024-05-28T07:16:55.2728040Z" duration="0.007857" total="29" passed="29" failed="0" warnings="0" inconclusive="0" skipped="0" asserts="229">
            <test-case id="1-1094" name="FitsInto" fullname="PlayersWorlds.Maps.VectorTest.FitsInto" methodname="FitsInto" classname="PlayersWorlds.Maps.VectorTest" runstate="Runnable" seed="2027642009" result="Passed" start-time="2024-05-28T07:16:55.2650030Z" end-time="2024-05-28T07:16:55.2651410Z" duration="0.000138" asserts="3" />
            <test-case id="1-1097" name="FromIndex_Matches_FromIndex" fullname="PlayersWorlds.Maps.VectorTest.FromIndex_Matches_FromIndex" methodname="FromIndex_Matches_FromIndex" classname="PlayersWorlds.Maps.VectorTest" runstate="Runnable" seed="1758989916" result="Passed" start-time="2024-05-28T07:16:55.2651480Z" end-time="2024-05-28T07:16:55.2652500Z" duration="0.000102" asserts="1" />
            <test-case id="1-1105" name="FromIndex_ShouldThrowException_DimensionMismatch" fullname="PlayersWorlds.Maps.VectorTest.FromIndex_ShouldThrowException_DimensionMismatch" methodname="FromIndex_ShouldThrowException_DimensionMismatch" classname="PlayersWorlds.Maps.VectorTest" runstate="Runnable" seed="539404476" result="Passed" start-time="2024-05-28T07:16:55.2652570Z" end-time="2024-05-28T07:16:55.2656280Z" duration="0.000370" asserts="1" />
            <test-case id="1-1095" name="IsIn" fullname="PlayersWorlds.Maps.VectorTest.IsIn" methodname="IsIn" classname="PlayersWorlds.Maps.VectorTest" runstate="Runnable" seed="285149116" result="Passed" start-time="2024-05-28T07:16:55.2656360Z" end-time="2024-05-28T07:16:55.2658900Z" duration="0.000255" asserts="7" />
            <test-case id="1-1106" name="NorthEastComparer_ComparesCorrectly" fullname="PlayersWorlds.Maps.VectorTest.NorthEastComparer_ComparesCorrectly" methodname="NorthEastComparer_ComparesCorrectly" classname="PlayersWorlds.Maps.VectorTest" runstate="Runnable" seed="1706509998" result="Passed" start-time="2024-05-28T07:16:55.2658970Z" end-time="2024-05-28T07:16:55.2668200Z" duration="0.000923" asserts="1" />
            <test-case id="1-1079" name="Size_NotInitialized" fullname="PlayersWorlds.Maps.VectorTest.Size_NotInitialized" methodname="Size_NotInitialized" classname="PlayersWorlds.Maps.VectorTest" runstate="Runnable" seed="1538262738" result="Passed" start-time="2024-05-28T07:16:55.2668290Z" end-time="2024-05-28T07:16:55.2670140Z" duration="0.000186" asserts="2" />
            <test-case id="1-1101" name="ToIndex_FromIndex_RoundTripConversion" fullname="PlayersWorlds.Maps.VectorTest.ToIndex_FromIndex_RoundTripConversion" methodname="ToIndex_FromIndex_RoundTripConversion" classname="PlayersWorlds.Maps.VectorTest" runstate="Runnable" seed="623816664" result="Passed" start-time="2024-05-28T07:16:55.2670220Z" end-time="2024-05-28T07:16:55.2677280Z" duration="0.000706" asserts="150" />
            <test-case id="1-1102" name="ToIndex_FromIndex_Valid5D" fullname="PlayersWorlds.Maps.VectorTest.ToIndex_FromIndex_Valid5D" methodname="ToIndex_FromIndex_Valid5D" classname="PlayersWorlds.Maps.VectorTest" runstate="Runnable" seed="1346643388" result="Passed" start-time="2024-05-28T07:16:55.2677360Z" end-time="2024-05-28T07:16:55.2693830Z" duration="0.001647" asserts="13" />
            <test-case id="1-1096" name="ToIndex_Matches_ToIndex" fullname="PlayersWorlds.Maps.VectorTest.ToIndex_Matches_ToIndex" methodname="ToIndex_Matches_ToIndex" classname="PlayersWorlds.Maps.VectorTest" runstate="Runnable" seed="13190543" result="Passed" start-time="2024-05-28T07:16:55.2693920Z" end-time="2024-05-28T07:16:55.2694920Z" duration="0.000100" asserts="1" />
            <test-case id="1-1098" name="ToIndex_ShouldCalculateCorrectIndex_1D" fullname="PlayersWorlds.Maps.VectorTest.ToIndex_ShouldCalculateCorrectIndex_1D" methodname="ToIndex_ShouldCalculateCorrectIndex_1D" classname="PlayersWorlds.Maps.VectorTest" runstate="Runnable" seed="1219649521" result="Passed" start-time="2024-05-28T07:16:55.2694990Z" end-time="2024-05-28T07:16:55.2695990Z" duration="0.000100" asserts="2" />
            <test-case id="1-1099" name="ToIndex_ShouldCalculateCorrectIndex_2D" fullname="PlayersWorlds.Maps.VectorTest.ToIndex_ShouldCalculateCorrectIndex_2D" methodname="ToIndex_ShouldCalculateCorrectIndex_2D" classname="PlayersWorlds.Maps.VectorTest" runstate="Runnable" seed="1368673638" result="Passed" start-time="2024-05-28T07:16:55.2696060Z" end-time="2024-05-28T07:16:55.2697050Z" duration="0.000099" asserts="2" />
            <test-case id="1-1100" name="ToIndex_ShouldCalculateCorrectIndex_3D" fullname="PlayersWorlds.Maps.VectorTest.ToIndex_ShouldCalculateCorrectIndex_3D" methodname="ToIndex_ShouldCalculateCorrectIndex_3D" classname="PlayersWorlds.Maps.VectorTest" runstate="Runnable" seed="28789425" result="Passed" start-time="2024-05-28T07:16:55.2697120Z" end-time="2024-05-28T07:16:55.2698070Z" duration="0.000096" asserts="2" />
            <test-case id="1-1104" name="ToIndex_ShouldThrowException_DimensionMismatch" fullname="PlayersWorlds.Maps.VectorTest.ToIndex_ShouldThrowException_DimensionMismatch" methodname="ToIndex_ShouldThrowException_DimensionMismatch" classname="PlayersWorlds.Maps.VectorTest" runstate="Runnable" seed="808099380" result="Passed" start-time="2024-05-28T07:16:55.2698140Z" end-time="2024-05-28T07:16:55.2699860Z" duration="0.000172" asserts="1" />
            <test-case id="1-1103" name="ToIndex_ShouldThrowException_DimensionOverflow" fullname="PlayersWorlds.Maps.VectorTest.ToIndex_ShouldThrowException_DimensionOverflow" methodname="ToIndex_ShouldThrowException_DimensionOverflow" classname="PlayersWorlds.Maps.VectorTest" runstate="Runnable" seed="673465832" result="Passed" start-time="2024-05-28T07:16:55.2699940Z" end-time="2024-05-28T07:16:55.2701780Z" duration="0.000184" asserts="1" />
            <test-case id="1-1087" name="Vector_CanAddAndSubtract" fullname="PlayersWorlds.Maps.VectorTest.Vector_CanAddAndSubtract" methodname="Vector_CanAddAndSubtract" classname="PlayersWorlds.Maps.VectorTest" runstate="Runnable" seed="660107836" result="Passed" start-time="2024-05-28T07:16:55.2701860Z" end-time="2024-05-28T07:16:55.2705540Z" duration="0.000368" asserts="6" />
            <test-case id="1-1088" name="Vector_ConstructorChecksArguments" fullname="PlayersWorlds.Maps.VectorTest.Vector_ConstructorChecksArguments" methodname="Vector_ConstructorChecksArguments" classname="PlayersWorlds.Maps.VectorTest" runstate="Runnable" seed="1769139618" result="Passed" start-time="2024-05-28T07:16:55.2705610Z" end-time="2024-05-28T07:16:55.2706540Z" duration="0.000093" asserts="1" />
            <test-case id="1-1085" name="Vector_EmptyIsEmpty" fullname="PlayersWorlds.Maps.VectorTest.Vector_EmptyIsEmpty" methodname="Vector_EmptyIsEmpty" classname="PlayersWorlds.Maps.VectorTest" runstate="Runnable" seed="1521129014" result="Passed" start-time="2024-05-28T07:16:55.2706620Z" end-time="2024-05-28T07:16:55.2707280Z" duration="0.000066" asserts="1" />
            <test-case id="1-1084" name="Vector_EmptyVectorIsEmpty" fullname="PlayersWorlds.Maps.VectorTest.Vector_EmptyVectorIsEmpty" methodname="Vector_EmptyVectorIsEmpty" classname="PlayersWorlds.Maps.VectorTest" runstate="Runnable" seed="1289804950" result="Passed" start-time="2024-05-28T07:16:55.2707350Z" end-time="2024-05-28T07:16:55.2707990Z" duration="0.000064" asserts="1" />
            <test-case id="1-1080" name="Vector_EqualityIsCheckedByValue" fullname="PlayersWorlds.Maps.VectorTest.Vector_EqualityIsCheckedByValue" methodname="Vector_EqualityIsCheckedByValue" classname="PlayersWorlds.Maps.VectorTest" runstate="Runnable" seed="1252513042" result="Passed" start-time="2024-05-28T07:16:55.2708060Z" end-time="2024-05-28T07:16:55.2710690Z" duration="0.000263" asserts="5" />
            <test-case id="1-1092" name="Vector_FromIndex" fullname="PlayersWorlds.Maps.VectorTest.Vector_FromIndex" methodname="Vector_FromIndex" classname="PlayersWorlds.Maps.VectorTest" runstate="Runnable" seed="1994980000" result="Passed" start-time="2024-05-28T07:16:55.2710770Z" end-time="2024-05-28T07:16:55.2711940Z" duration="0.000117" asserts="2" />
            <test-case id="1-1081" name="Vector_GetHashCodeIsDerivedFromValue" fullname="PlayersWorlds.Maps.VectorTest.Vector_GetHashCodeIsDerivedFromValue" methodname="Vector_GetHashCodeIsDerivedFromValue" classname="PlayersWorlds.Maps.VectorTest" runstate="Runnable" seed="227055465" result="Passed" start-time="2024-05-28T07:16:55.2712010Z" end-time="2024-05-28T07:16:55.2714010Z" duration="0.000200" asserts="2" />
            <test-case id="1-1078" name="Vector_IsInitialized" fullname="PlayersWorlds.Maps.VectorTest.Vector_IsInitialized" methodname="Vector_IsInitialized" classname="PlayersWorlds.Maps.VectorTest" runstate="Runnable" seed="1014770527" result="Passed" start-time="2024-05-28T07:16:55.2714090Z" end-time="2024-05-28T07:16:55.2714880Z" duration="0.000079" asserts="2" />
            <test-case id="1-1086" name="Vector_NotEqualToNull" fullname="PlayersWorlds.Maps.VectorTest.Vector_NotEqualToNull" methodname="Vector_NotEqualToNull" classname="PlayersWorlds.Maps.VectorTest" runstate="Runnable" seed="767693010" result="Passed" start-time="2024-05-28T07:16:55.2714950Z" end-time="2024-05-28T07:16:55.2716840Z" duration="0.000188" asserts="3" />
            <test-case id="1-1090" name="Vector_SnappedForce" fullname="PlayersWorlds.Maps.VectorTest.Vector_SnappedForce" methodname="Vector_SnappedForce" classname="PlayersWorlds.Maps.VectorTest" runstate="Runnable" seed="213381781" result="Passed" start-time="2024-05-28T07:16:55.2716910Z" end-time="2024-05-28T07:16:55.2720880Z" duration="0.000397" asserts="9" />
            <test-case id="1-1089" name="Vector_ThrowsIfNotAValidSize" fullname="PlayersWorlds.Maps.VectorTest.Vector_ThrowsIfNotAValidSize" methodname="Vector_ThrowsIfNotAValidSize" classname="PlayersWorlds.Maps.VectorTest" runstate="Runnable" seed="525021657" result="Passed" start-time="2024-05-28T07:16:55.2720960Z" end-time="2024-05-28T07:16:55.2723330Z" duration="0.000237" asserts="3" />
            <test-case id="1-1091" name="Vector_ToIndex" fullname="PlayersWorlds.Maps.VectorTest.Vector_ToIndex" methodname="Vector_ToIndex" classname="PlayersWorlds.Maps.VectorTest" runstate="Runnable" seed="101519411" result="Passed" start-time="2024-05-28T07:16:55.2723410Z" end-time="2024-05-28T07:16:55.2725160Z" duration="0.000176" asserts="3" />
            <test-case id="1-1082" name="Vector_ToStringFormat" fullname="PlayersWorlds.Maps.VectorTest.Vector_ToStringFormat" methodname="Vector_ToStringFormat" classname="PlayersWorlds.Maps.VectorTest" runstate="Runnable" seed="491798834" result="Passed" start-time="2024-05-28T07:16:55.2725250Z" end-time="2024-05-28T07:16:55.2726120Z" duration="0.000088" asserts="2" />
            <test-case id="1-1083" name="Vector_ZeroVectorIsNotEmpty" fullname="PlayersWorlds.Maps.VectorTest.Vector_ZeroVectorIsNotEmpty" methodname="Vector_ZeroVectorIsNotEmpty" classname="PlayersWorlds.Maps.VectorTest" runstate="Runnable" seed="525769182" result="Passed" start-time="2024-05-28T07:16:55.2726190Z" end-time="2024-05-28T07:16:55.2727030Z" duration="0.000084" asserts="1" />
            <test-case id="1-1093" name="VectorD_Parse" fullname="PlayersWorlds.Maps.VectorTest.VectorD_Parse" methodname="VectorD_Parse" classname="PlayersWorlds.Maps.VectorTest" runstate="Runnable" seed="1779296539" result="Passed" start-time="2024-05-28T07:16:55.2727100Z" end-time="2024-05-28T07:16:55.2727920Z" duration="0.000081" asserts="1" />
          </test-suite>
        </test-suite>
      </test-suite>
      <test-suite type="TestFixture" id="1-1000" name="RandomAreaGeneratorTest" fullname="RandomAreaGeneratorTest" classname="RandomAreaGeneratorTest" runstate="Runnable" testcasecount="2" result="Passed" start-time="2024-05-28T07:16:55.2728310Z" end-time="2024-05-28T07:16:55.3085630Z" duration="0.035732" total="2" passed="2" failed="0" warnings="0" inconclusive="0" skipped="0" asserts="3042">
        <test-case id="1-1001" name="ZoneGenerator_CanGenerateZones" fullname="RandomAreaGeneratorTest.ZoneGenerator_CanGenerateZones" methodname="ZoneGenerator_CanGenerateZones" classname="RandomAreaGeneratorTest" runstate="Runnable" seed="1523657833" result="Passed" start-time="2024-05-28T07:16:55.2728860Z" end-time="2024-05-28T07:16:55.3078510Z" duration="0.034965" asserts="3006">
          <properties>
            <property name="Category" value="Integration" />
          </properties>
        </test-case>
        <test-case id="1-1002" name="ZoneGenerator_CustomSettings" fullname="RandomAreaGeneratorTest.ZoneGenerator_CustomSettings" methodname="ZoneGenerator_CustomSettings" classname="RandomAreaGeneratorTest" runstate="Runnable" seed="498194508" result="Passed" start-time="2024-05-28T07:16:55.3078650Z" end-time="2024-05-28T07:16:55.3085470Z" duration="0.000682" asserts="36">
          <properties>
            <property name="Category" value="Integration" />
          </properties>
        </test-case>
      </test-suite>
    </test-suite>
  </test-suite>
</test-run>