<?xml version="1.0" encoding="utf-8" standalone="no"?>
<test-run id="0" runstate="Runnable" testcasecount="1051" result="Skipped" label="Ignored" total="243" passed="240" failed="0" warnings="0" inconclusive="0" skipped="3" asserts="9089" engine-version="3.17.0.0" clr-version="4.0.30319.42000" start-time="2024-06-10 14:12:02Z" end-time="2024-06-10 14:12:05Z" duration="2.794336">
  <command-line><![CDATA[/home/data/repos/github.com/aynurin/maze-gen/packages/NUnit.ConsoleRunner.3.17.0/tools/nunit3-console.exe build/Debug/tests/PlayersWorlds.Maps.Tests.dll --framework=mono-4.0 "--where=Category!=Load AND Category!=Integration"]]></command-line>
  <filter>
    <and>
      <not>
        <prop name="Category">Load</prop>
      </not>
      <not>
        <prop name="Category">Integration</prop>
      </not>
    </and>
  </filter>
  <test-suite type="Assembly" id="1-2102" name="PlayersWorlds.Maps.Tests.dll" fullname="/home/data/repos/github.com/aynurin/maze-gen/build/Debug/tests/PlayersWorlds.Maps.Tests.dll" runstate="Runnable" testcasecount="1051" result="Skipped" label="Ignored" site="Child" start-time="2024-06-10T14:12:03.2006430Z" end-time="2024-06-10T14:12:05.5326940Z" duration="2.331989" total="243" passed="240" failed="0" warnings="0" inconclusive="0" skipped="3" asserts="9089">
    <environment framework-version="4.0.1.0" clr-version="4.0.30319.42000" os-version="Unix 6.1.84.1" platform="Unix" cwd="/home/data/repos/github.com/aynurin/maze-gen" machine-name="lightview" user="shav" user-domain="lightview" culture="en-US" uiculture="en-US" os-architecture="x64" />
    <settings>
      <setting name="RequestedRuntimeFramework" value="mono-4.0" />
      <setting name="DisposeRunners" value="True" />
      <setting name="WorkDirectory" value="/home/data/repos/github.com/aynurin/maze-gen" />
      <setting name="ImageRuntimeVersion" value="4.0.30319" />
      <setting name="ImageTargetFrameworkName" value=".NETFramework,Version=v4.7" />
      <setting name="ImageRequiresX86" value="False" />
      <setting name="ImageRequiresDefaultAppDomainAssemblyResolver" value="False" />
      <setting name="TargetRuntimeFramework" value="mono-4.0" />
      <setting name="NumberOfTestWorkers" value="24" />
    </settings>
    <properties>
      <property name="_PID" value="1872487" />
      <property name="_APPDOMAIN" value="domain-" />
    </properties>
    <reason>
      <message><![CDATA[One or more child tests were ignored]]></message>
    </reason>
    <test-suite type="SetUpFixture" id="1-1003" name="[default namespace]" fullname="TestsSetup" classname="TestsSetup" runstate="Runnable" testcasecount="1051" result="Skipped" label="Ignored" site="Child" start-time="2024-06-10T14:12:03.2054410Z" end-time="2024-06-10T14:12:05.5326850Z" duration="2.327244" total="243" passed="240" failed="0" warnings="0" inconclusive="0" skipped="3" asserts="9089">
      <reason>
        <message><![CDATA[One or more child tests were ignored]]></message>
      </reason>
      <test-suite type="TestSuite" id="1-2103" name="PlayersWorlds" fullname="PlayersWorlds" runstate="Runnable" testcasecount="1049" result="Skipped" label="Ignored" site="Child" start-time="2024-06-10T14:12:03.2082510Z" end-time="2024-06-10T14:12:05.5325230Z" duration="2.324272" total="243" passed="240" failed="0" warnings="0" inconclusive="0" skipped="3" asserts="9089">
        <reason>
          <message><![CDATA[One or more child tests were ignored]]></message>
        </reason>
        <test-suite type="TestSuite" id="1-2104" name="Maps" fullname="PlayersWorlds.Maps" runstate="Runnable" testcasecount="1049" result="Skipped" label="Ignored" site="Child" start-time="2024-06-10T14:12:03.2083360Z" end-time="2024-06-10T14:12:05.5325180Z" duration="2.324182" total="243" passed="240" failed="0" warnings="0" inconclusive="0" skipped="3" asserts="9089">
          <reason>
            <message><![CDATA[One or more child tests were ignored]]></message>
          </reason>
          <test-suite type="TestSuite" id="1-2110" name="Areas" fullname="PlayersWorlds.Maps.Areas" runstate="Runnable" testcasecount="140" result="Skipped" label="Ignored" site="Child" start-time="2024-06-10T14:12:03.2083460Z" end-time="2024-06-10T14:12:03.3570370Z" duration="0.148691" total="45" passed="44" failed="0" warnings="0" inconclusive="0" skipped="1" asserts="163">
            <reason>
              <message><![CDATA[One or more child tests were ignored]]></message>
            </reason>
            <test-suite type="TestSuite" id="1-2111" name="Evolving" fullname="PlayersWorlds.Maps.Areas.Evolving" runstate="Runnable" testcasecount="134" result="Skipped" label="Ignored" site="Child" start-time="2024-06-10T14:12:03.2083520Z" end-time="2024-06-10T14:12:03.3504060Z" duration="0.142055" total="39" passed="38" failed="0" warnings="0" inconclusive="0" skipped="1" asserts="136">
              <reason>
                <message><![CDATA[One or more child tests were ignored]]></message>
              </reason>
              <test-suite type="TestFixture" id="1-1958" name="AreaDistributorTest" fullname="PlayersWorlds.Maps.Areas.Evolving.AreaDistributorTest" classname="PlayersWorlds.Maps.Areas.Evolving.AreaDistributorTest" runstate="Runnable" testcasecount="79" result="Skipped" label="Ignored" site="Child" start-time="2024-06-10T14:12:03.2084050Z" end-time="2024-06-10T14:12:03.2119930Z" duration="0.003588" total="1" passed="0" failed="0" warnings="0" inconclusive="0" skipped="1" asserts="0">
                <reason>
                  <message><![CDATA[One or more child tests were ignored]]></message>
                </reason>
                <test-case id="1-2041" name="AreaDistributorTest_CanLayout_Debug" fullname="PlayersWorlds.Maps.Areas.Evolving.AreaDistributorTest.AreaDistributorTest_CanLayout_Debug" methodname="AreaDistributorTest_CanLayout_Debug" classname="PlayersWorlds.Maps.Areas.Evolving.AreaDistributorTest" runstate="Ignored" seed="798101105" result="Skipped" label="Ignored" start-time="2024-06-10T14:12:03.2085370Z" end-time="2024-06-10T14:12:03.2097640Z" duration="0.001294" asserts="0">
                  <properties>
                    <property name="_SKIPREASON" value="Debugging only" />
                  </properties>
                  <reason>
                    <message><![CDATA[Debugging only]]></message>
                  </reason>
                </test-case>
              </test-suite>
              <test-suite type="TestFixture" id="1-2043" name="EvolvingSimulatorTest" fullname="PlayersWorlds.Maps.Areas.Evolving.EvolvingSimulatorTest" classname="PlayersWorlds.Maps.Areas.Evolving.EvolvingSimulatorTest" runstate="Runnable" testcasecount="2" result="Passed" start-time="2024-06-10T14:12:03.2132340Z" end-time="2024-06-10T14:12:03.3347530Z" duration="0.121519" total="2" passed="2" failed="0" warnings="0" inconclusive="0" skipped="0" asserts="2">
                <test-case id="1-2045" name="EvolvingSimulator_ReturnsEpochsIfEvolitionIsNotComplete" fullname="PlayersWorlds.Maps.Areas.Evolving.EvolvingSimulatorTest.EvolvingSimulator_ReturnsEpochsIfEvolitionIsNotComplete" methodname="EvolvingSimulator_ReturnsEpochsIfEvolitionIsNotComplete" classname="PlayersWorlds.Maps.Areas.Evolving.EvolvingSimulatorTest" runstate="Runnable" seed="166079198" result="Passed" start-time="2024-06-10T14:12:03.2133030Z" end-time="2024-06-10T14:12:03.3321080Z" duration="0.118805" asserts="1" />
                <test-case id="1-2044" name="EvolvingSimulator_ThrowsIfMaxEpochsIsZero" fullname="PlayersWorlds.Maps.Areas.Evolving.EvolvingSimulatorTest.EvolvingSimulator_ThrowsIfMaxEpochsIsZero" methodname="EvolvingSimulator_ThrowsIfMaxEpochsIsZero" classname="PlayersWorlds.Maps.Areas.Evolving.EvolvingSimulatorTest" runstate="Runnable" seed="1600002866" result="Passed" start-time="2024-06-10T14:12:03.3321440Z" end-time="2024-06-10T14:12:03.3347350Z" duration="0.002592" asserts="1" />
              </test-suite>
              <test-suite type="TestFixture" id="1-2046" name="FloatingAreaTest" fullname="PlayersWorlds.Maps.Areas.Evolving.FloatingAreaTest" classname="PlayersWorlds.Maps.Areas.Evolving.FloatingAreaTest" runstate="Runnable" testcasecount="22" result="Passed" start-time="2024-06-10T14:12:03.3347740Z" end-time="2024-06-10T14:12:03.3425460Z" duration="0.007772" total="6" passed="6" failed="0" warnings="0" inconclusive="0" skipped="0" asserts="13">
                <test-case id="1-2051" name="CenterIsValid" fullname="PlayersWorlds.Maps.Areas.Evolving.FloatingAreaTest.CenterIsValid" methodname="CenterIsValid" classname="PlayersWorlds.Maps.Areas.Evolving.FloatingAreaTest" runstate="Runnable" seed="953683069" result="Passed" start-time="2024-06-10T14:12:03.3348460Z" end-time="2024-06-10T14:12:03.3389690Z" duration="0.004123" asserts="4" />
                <test-case id="1-2050" name="Contains" fullname="PlayersWorlds.Maps.Areas.Evolving.FloatingAreaTest.Contains" methodname="Contains" classname="PlayersWorlds.Maps.Areas.Evolving.FloatingAreaTest" runstate="Runnable" seed="25158538" result="Passed" start-time="2024-06-10T14:12:03.3389810Z" end-time="2024-06-10T14:12:03.3402910Z" duration="0.001310" asserts="2" />
                <test-case id="1-2069" name="DistanceToDebug" fullname="PlayersWorlds.Maps.Areas.Evolving.FloatingAreaTest.DistanceToDebug" methodname="DistanceToDebug" classname="PlayersWorlds.Maps.Areas.Evolving.FloatingAreaTest" runstate="Runnable" seed="2091421447" result="Passed" start-time="2024-06-10T14:12:03.3403030Z" end-time="2024-06-10T14:12:03.3412450Z" duration="0.000942" asserts="2" />
                <test-case id="1-2049" name="Overlaps" fullname="PlayersWorlds.Maps.Areas.Evolving.FloatingAreaTest.Overlaps" methodname="Overlaps" classname="PlayersWorlds.Maps.Areas.Evolving.FloatingAreaTest" runstate="Runnable" seed="555092319" result="Passed" start-time="2024-06-10T14:12:03.3412580Z" end-time="2024-06-10T14:12:03.3419760Z" duration="0.000719" asserts="2" />
                <test-case id="1-2047" name="Parse" fullname="PlayersWorlds.Maps.Areas.Evolving.FloatingAreaTest.Parse" methodname="Parse" classname="PlayersWorlds.Maps.Areas.Evolving.FloatingAreaTest" runstate="Runnable" seed="1897505739" result="Passed" start-time="2024-06-10T14:12:03.3420220Z" end-time="2024-06-10T14:12:03.3422000Z" duration="0.000178" asserts="2" />
                <test-case id="1-2048" name="ToStringIsValid" fullname="PlayersWorlds.Maps.Areas.Evolving.FloatingAreaTest.ToStringIsValid" methodname="ToStringIsValid" classname="PlayersWorlds.Maps.Areas.Evolving.FloatingAreaTest" runstate="Runnable" seed="1850052299" result="Passed" start-time="2024-06-10T14:12:03.3422070Z" end-time="2024-06-10T14:12:03.3425350Z" duration="0.000328" asserts="1" />
              </test-suite>
              <test-suite type="TestFixture" id="1-2070" name="ForceFormulaTestTest" fullname="PlayersWorlds.Maps.Areas.Evolving.ForceFormulaTestTest" classname="PlayersWorlds.Maps.Areas.Evolving.ForceFormulaTestTest" runstate="Runnable" testcasecount="8" result="Passed" start-time="2024-06-10T14:12:03.3425580Z" end-time="2024-06-10T14:12:03.3455040Z" duration="0.002946" total="8" passed="8" failed="0" warnings="0" inconclusive="0" skipped="0" asserts="42">
                <test-case id="1-2076" name="CollideForce_Negative" fullname="PlayersWorlds.Maps.Areas.Evolving.ForceFormulaTestTest.CollideForce_Negative" methodname="CollideForce_Negative" classname="PlayersWorlds.Maps.Areas.Evolving.ForceFormulaTestTest" runstate="Runnable" seed="1953243144" result="Passed" start-time="2024-06-10T14:12:03.3426260Z" end-time="2024-06-10T14:12:03.3437210Z" duration="0.001095" asserts="9" />
                <test-case id="1-2075" name="CollideForce_Positive" fullname="PlayersWorlds.Maps.Areas.Evolving.ForceFormulaTestTest.CollideForce_Positive" methodname="CollideForce_Positive" classname="PlayersWorlds.Maps.Areas.Evolving.ForceFormulaTestTest" runstate="Runnable" seed="1445210201" result="Passed" start-time="2024-06-10T14:12:03.3437300Z" end-time="2024-06-10T14:12:03.3440460Z" duration="0.000316" asserts="9" />
                <test-case id="1-2072" name="NormalForce_Negative" fullname="PlayersWorlds.Maps.Areas.Evolving.ForceFormulaTestTest.NormalForce_Negative" methodname="NormalForce_Negative" classname="PlayersWorlds.Maps.Areas.Evolving.ForceFormulaTestTest" runstate="Runnable" seed="1227166165" result="Passed" start-time="2024-06-10T14:12:03.3440540Z" end-time="2024-06-10T14:12:03.3444850Z" duration="0.000432" asserts="3" />
                <test-case id="1-2074" name="NormalForce_NegativeCapped" fullname="PlayersWorlds.Maps.Areas.Evolving.ForceFormulaTestTest.NormalForce_NegativeCapped" methodname="NormalForce_NegativeCapped" classname="PlayersWorlds.Maps.Areas.Evolving.ForceFormulaTestTest" runstate="Runnable" seed="1321717026" result="Passed" start-time="2024-06-10T14:12:03.3444930Z" end-time="2024-06-10T14:12:03.3446620Z" duration="0.000168" asserts="5" />
                <test-case id="1-2071" name="NormalForce_Positive" fullname="PlayersWorlds.Maps.Areas.Evolving.ForceFormulaTestTest.NormalForce_Positive" methodname="NormalForce_Positive" classname="PlayersWorlds.Maps.Areas.Evolving.ForceFormulaTestTest" runstate="Runnable" seed="833909545" result="Passed" start-time="2024-06-10T14:12:03.3446680Z" end-time="2024-06-10T14:12:03.3447890Z" duration="0.000121" asserts="3" />
                <test-case id="1-2073" name="NormalForce_PositiveCapped" fullname="PlayersWorlds.Maps.Areas.Evolving.ForceFormulaTestTest.NormalForce_PositiveCapped" methodname="NormalForce_PositiveCapped" classname="PlayersWorlds.Maps.Areas.Evolving.ForceFormulaTestTest" runstate="Runnable" seed="970758029" result="Passed" start-time="2024-06-10T14:12:03.3447960Z" end-time="2024-06-10T14:12:03.3449470Z" duration="0.000150" asserts="5" />
                <test-case id="1-2078" name="OverlapForce_Negative" fullname="PlayersWorlds.Maps.Areas.Evolving.ForceFormulaTestTest.OverlapForce_Negative" methodname="OverlapForce_Negative" classname="PlayersWorlds.Maps.Areas.Evolving.ForceFormulaTestTest" runstate="Runnable" seed="979547095" result="Passed" start-time="2024-06-10T14:12:03.3449530Z" end-time="2024-06-10T14:12:03.3452320Z" duration="0.000279" asserts="4" />
                <test-case id="1-2077" name="OverlapForce_Positive" fullname="PlayersWorlds.Maps.Areas.Evolving.ForceFormulaTestTest.OverlapForce_Positive" methodname="OverlapForce_Positive" classname="PlayersWorlds.Maps.Areas.Evolving.ForceFormulaTestTest" runstate="Runnable" seed="1417173091" result="Passed" start-time="2024-06-10T14:12:03.3452400Z" end-time="2024-06-10T14:12:03.3454940Z" duration="0.000255" asserts="4" />
              </test-suite>
              <test-suite type="TestFixture" id="1-2079" name="SideToSideForceProducerTest" fullname="PlayersWorlds.Maps.Areas.Evolving.SideToSideForceProducerTest" classname="PlayersWorlds.Maps.Areas.Evolving.SideToSideForceProducerTest" runstate="Runnable" testcasecount="22" result="Passed" start-time="2024-06-10T14:12:03.3455170Z" end-time="2024-06-10T14:12:03.3503990Z" duration="0.004883" total="22" passed="22" failed="0" warnings="0" inconclusive="0" skipped="0" asserts="79">
                <test-case id="1-2097" name="GetAxisDistance_Collide" fullname="PlayersWorlds.Maps.Areas.Evolving.SideToSideForceProducerTest.GetAxisDistance_Collide" methodname="GetAxisDistance_Collide" classname="PlayersWorlds.Maps.Areas.Evolving.SideToSideForceProducerTest" runstate="Runnable" seed="1002542494" result="Passed" start-time="2024-06-10T14:12:03.3455810Z" end-time="2024-06-10T14:12:03.3471920Z" duration="0.001611" asserts="6" />
                <test-case id="1-2100" name="GetAxisDistance_Contain1" fullname="PlayersWorlds.Maps.Areas.Evolving.SideToSideForceProducerTest.GetAxisDistance_Contain1" methodname="GetAxisDistance_Contain1" classname="PlayersWorlds.Maps.Areas.Evolving.SideToSideForceProducerTest" runstate="Runnable" seed="924988552" result="Passed" start-time="2024-06-10T14:12:03.3472010Z" end-time="2024-06-10T14:12:03.3474650Z" duration="0.000264" asserts="6" />
                <test-case id="1-2101" name="GetAxisDistance_Contain2" fullname="PlayersWorlds.Maps.Areas.Evolving.SideToSideForceProducerTest.GetAxisDistance_Contain2" methodname="GetAxisDistance_Contain2" classname="PlayersWorlds.Maps.Areas.Evolving.SideToSideForceProducerTest" runstate="Runnable" seed="1970275726" result="Passed" start-time="2024-06-10T14:12:03.3474730Z" end-time="2024-06-10T14:12:03.3477080Z" duration="0.000236" asserts="6" />
                <test-case id="1-2095" name="GetAxisDistance_Normal1" fullname="PlayersWorlds.Maps.Areas.Evolving.SideToSideForceProducerTest.GetAxisDistance_Normal1" methodname="GetAxisDistance_Normal1" classname="PlayersWorlds.Maps.Areas.Evolving.SideToSideForceProducerTest" runstate="Runnable" seed="1159913616" result="Passed" start-time="2024-06-10T14:12:03.3477160Z" end-time="2024-06-10T14:12:03.3479480Z" duration="0.000233" asserts="6" />
                <test-case id="1-2096" name="GetAxisDistance_Normal2" fullname="PlayersWorlds.Maps.Areas.Evolving.SideToSideForceProducerTest.GetAxisDistance_Normal2" methodname="GetAxisDistance_Normal2" classname="PlayersWorlds.Maps.Areas.Evolving.SideToSideForceProducerTest" runstate="Runnable" seed="703617092" result="Passed" start-time="2024-06-10T14:12:03.3479560Z" end-time="2024-06-10T14:12:03.3481880Z" duration="0.000232" asserts="6" />
                <test-case id="1-2098" name="GetAxisDistance_Overlap1" fullname="PlayersWorlds.Maps.Areas.Evolving.SideToSideForceProducerTest.GetAxisDistance_Overlap1" methodname="GetAxisDistance_Overlap1" classname="PlayersWorlds.Maps.Areas.Evolving.SideToSideForceProducerTest" runstate="Runnable" seed="41302787" result="Passed" start-time="2024-06-10T14:12:03.3481960Z" end-time="2024-06-10T14:12:03.3484230Z" duration="0.000228" asserts="6" />
                <test-case id="1-2099" name="GetAxisDistance_Overlap2" fullname="PlayersWorlds.Maps.Areas.Evolving.SideToSideForceProducerTest.GetAxisDistance_Overlap2" methodname="GetAxisDistance_Overlap2" classname="PlayersWorlds.Maps.Areas.Evolving.SideToSideForceProducerTest" runstate="Runnable" seed="1326300625" result="Passed" start-time="2024-06-10T14:12:03.3484300Z" end-time="2024-06-10T14:12:03.3486640Z" duration="0.000234" asserts="6" />
                <test-case id="1-2089" name="GetOpposingForce_CentersInside_NoOpposingForce" fullname="PlayersWorlds.Maps.Areas.Evolving.SideToSideForceProducerTest.GetOpposingForce_CentersInside_NoOpposingForce" methodname="GetOpposingForce_CentersInside_NoOpposingForce" classname="PlayersWorlds.Maps.Areas.Evolving.SideToSideForceProducerTest" runstate="Runnable" seed="1097536679" result="Passed" start-time="2024-06-10T14:12:03.3486720Z" end-time="2024-06-10T14:12:03.3488640Z" duration="0.000192" asserts="2" />
                <test-case id="1-2090" name="GetOpposingForce_CentersInside_WithOpposingForce" fullname="PlayersWorlds.Maps.Areas.Evolving.SideToSideForceProducerTest.GetOpposingForce_CentersInside_WithOpposingForce" methodname="GetOpposingForce_CentersInside_WithOpposingForce" classname="PlayersWorlds.Maps.Areas.Evolving.SideToSideForceProducerTest" runstate="Runnable" seed="1879842725" result="Passed" start-time="2024-06-10T14:12:03.3488710Z" end-time="2024-06-10T14:12:03.3489590Z" duration="0.000088" asserts="2" />
                <test-case id="1-2091" name="GetOpposingForce_CentersOutside_NoOpposingForce" fullname="PlayersWorlds.Maps.Areas.Evolving.SideToSideForceProducerTest.GetOpposingForce_CentersOutside_NoOpposingForce" methodname="GetOpposingForce_CentersOutside_NoOpposingForce" classname="PlayersWorlds.Maps.Areas.Evolving.SideToSideForceProducerTest" runstate="Runnable" seed="1269208768" result="Passed" start-time="2024-06-10T14:12:03.3489660Z" end-time="2024-06-10T14:12:03.3490450Z" duration="0.000080" asserts="2" />
                <test-case id="1-2092" name="GetOpposingForce_CentersOutside_WithOpposingForce" fullname="PlayersWorlds.Maps.Areas.Evolving.SideToSideForceProducerTest.GetOpposingForce_CentersOutside_WithOpposingForce" methodname="GetOpposingForce_CentersOutside_WithOpposingForce" classname="PlayersWorlds.Maps.Areas.Evolving.SideToSideForceProducerTest" runstate="Runnable" seed="207195494" result="Passed" start-time="2024-06-10T14:12:03.3490520Z" end-time="2024-06-10T14:12:03.3491290Z" duration="0.000078" asserts="2" />
                <test-case id="1-2093" name="GetOpposingForce_NoIntersection_NoOpposingForce" fullname="PlayersWorlds.Maps.Areas.Evolving.SideToSideForceProducerTest.GetOpposingForce_NoIntersection_NoOpposingForce" methodname="GetOpposingForce_NoIntersection_NoOpposingForce" classname="PlayersWorlds.Maps.Areas.Evolving.SideToSideForceProducerTest" runstate="Runnable" seed="709226081" result="Passed" start-time="2024-06-10T14:12:03.3491350Z" end-time="2024-06-10T14:12:03.3492120Z" duration="0.000076" asserts="2" />
                <test-case id="1-2094" name="GetOpposingForce_NoIntersection_WithOpposingForce" fullname="PlayersWorlds.Maps.Areas.Evolving.SideToSideForceProducerTest.GetOpposingForce_NoIntersection_WithOpposingForce" methodname="GetOpposingForce_NoIntersection_WithOpposingForce" classname="PlayersWorlds.Maps.Areas.Evolving.SideToSideForceProducerTest" runstate="Runnable" seed="1580130911" result="Passed" start-time="2024-06-10T14:12:03.3492180Z" end-time="2024-06-10T14:12:03.3492900Z" duration="0.000073" asserts="2" />
                <test-case id="1-2087" name="GetOpposingForce_WhenCenterMatches_NoOpposingForce" fullname="PlayersWorlds.Maps.Areas.Evolving.SideToSideForceProducerTest.GetOpposingForce_WhenCenterMatches_NoOpposingForce" methodname="GetOpposingForce_WhenCenterMatches_NoOpposingForce" classname="PlayersWorlds.Maps.Areas.Evolving.SideToSideForceProducerTest" runstate="Runnable" seed="173013041" result="Passed" start-time="2024-06-10T14:12:03.3492970Z" end-time="2024-06-10T14:12:03.3493740Z" duration="0.000077" asserts="2" />
                <test-case id="1-2088" name="GetOpposingForce_WhenCenterMatches_WithOpposingForce" fullname="PlayersWorlds.Maps.Areas.Evolving.SideToSideForceProducerTest.GetOpposingForce_WhenCenterMatches_WithOpposingForce" methodname="GetOpposingForce_WhenCenterMatches_WithOpposingForce" classname="PlayersWorlds.Maps.Areas.Evolving.SideToSideForceProducerTest" runstate="Runnable" seed="524679847" result="Passed" start-time="2024-06-10T14:12:03.3493800Z" end-time="2024-06-10T14:12:03.3494570Z" duration="0.000077" asserts="2" />
                <test-case id="1-2083" name="MapAreaSystemTest_DistanceCentersMatch" fullname="PlayersWorlds.Maps.Areas.Evolving.SideToSideForceProducerTest.MapAreaSystemTest_DistanceCentersMatch" methodname="MapAreaSystemTest_DistanceCentersMatch" classname="PlayersWorlds.Maps.Areas.Evolving.SideToSideForceProducerTest" runstate="Runnable" seed="1861773159" result="Passed" start-time="2024-06-10T14:12:03.3494630Z" end-time="2024-06-10T14:12:03.3495760Z" duration="0.000113" asserts="3" />
                <test-case id="1-2086" name="MapAreaSystemTest_DistanceNegativeCollide" fullname="PlayersWorlds.Maps.Areas.Evolving.SideToSideForceProducerTest.MapAreaSystemTest_DistanceNegativeCollide" methodname="MapAreaSystemTest_DistanceNegativeCollide" classname="PlayersWorlds.Maps.Areas.Evolving.SideToSideForceProducerTest" runstate="Runnable" seed="1572407753" result="Passed" start-time="2024-06-10T14:12:03.3495830Z" end-time="2024-06-10T14:12:03.3496920Z" duration="0.000108" asserts="3" />
                <test-case id="1-2084" name="MapAreaSystemTest_DistanceNegativeNormal" fullname="PlayersWorlds.Maps.Areas.Evolving.SideToSideForceProducerTest.MapAreaSystemTest_DistanceNegativeNormal" methodname="MapAreaSystemTest_DistanceNegativeNormal" classname="PlayersWorlds.Maps.Areas.Evolving.SideToSideForceProducerTest" runstate="Runnable" seed="560077849" result="Passed" start-time="2024-06-10T14:12:03.3496980Z" end-time="2024-06-10T14:12:03.3498000Z" duration="0.000102" asserts="3" />
                <test-case id="1-2085" name="MapAreaSystemTest_DistanceNegativeOverlap" fullname="PlayersWorlds.Maps.Areas.Evolving.SideToSideForceProducerTest.MapAreaSystemTest_DistanceNegativeOverlap" methodname="MapAreaSystemTest_DistanceNegativeOverlap" classname="PlayersWorlds.Maps.Areas.Evolving.SideToSideForceProducerTest" runstate="Runnable" seed="1343123304" result="Passed" start-time="2024-06-10T14:12:03.3498060Z" end-time="2024-06-10T14:12:03.3499060Z" duration="0.000100" asserts="3" />
                <test-case id="1-2082" name="MapAreaSystemTest_DistancePositiveCollide" fullname="PlayersWorlds.Maps.Areas.Evolving.SideToSideForceProducerTest.MapAreaSystemTest_DistancePositiveCollide" methodname="MapAreaSystemTest_DistancePositiveCollide" classname="PlayersWorlds.Maps.Areas.Evolving.SideToSideForceProducerTest" runstate="Runnable" seed="1067204466" result="Passed" start-time="2024-06-10T14:12:03.3499130Z" end-time="2024-06-10T14:12:03.3500180Z" duration="0.000105" asserts="3" />
                <test-case id="1-2080" name="MapAreaSystemTest_DistancePositiveNormal" fullname="PlayersWorlds.Maps.Areas.Evolving.SideToSideForceProducerTest.MapAreaSystemTest_DistancePositiveNormal" methodname="MapAreaSystemTest_DistancePositiveNormal" classname="PlayersWorlds.Maps.Areas.Evolving.SideToSideForceProducerTest" runstate="Runnable" seed="521930132" result="Passed" start-time="2024-06-10T14:12:03.3501390Z" end-time="2024-06-10T14:12:03.3502580Z" duration="0.000119" asserts="3" />
                <test-case id="1-2081" name="MapAreaSystemTest_DistancePositiveOverlap" fullname="PlayersWorlds.Maps.Areas.Evolving.SideToSideForceProducerTest.MapAreaSystemTest_DistancePositiveOverlap" methodname="MapAreaSystemTest_DistancePositiveOverlap" classname="PlayersWorlds.Maps.Areas.Evolving.SideToSideForceProducerTest" runstate="Runnable" seed="1106193850" result="Passed" start-time="2024-06-10T14:12:03.3502720Z" end-time="2024-06-10T14:12:03.3503880Z" duration="0.000117" asserts="3" />
              </test-suite>
            </test-suite>
            <test-suite type="TestFixture" id="1-1949" name="MapAreaTest" fullname="PlayersWorlds.Maps.Areas.MapAreaTest" classname="PlayersWorlds.Maps.Areas.MapAreaTest" runstate="Runnable" testcasecount="6" result="Passed" start-time="2024-06-10T14:12:03.3504210Z" end-time="2024-06-10T14:12:03.3570300Z" duration="0.006610" total="6" passed="6" failed="0" warnings="0" inconclusive="0" skipped="0" asserts="27">
              <test-case id="1-1952" name="Overlaps_ReturnsFalseIfDoesNotOverlap" fullname="PlayersWorlds.Maps.Areas.MapAreaTest.Overlaps_ReturnsFalseIfDoesNotOverlap" methodname="Overlaps_ReturnsFalseIfDoesNotOverlap" classname="PlayersWorlds.Maps.Areas.MapAreaTest" runstate="Runnable" seed="584286971" result="Passed" start-time="2024-06-10T14:12:03.3504800Z" end-time="2024-06-10T14:12:03.3529530Z" duration="0.002473" asserts="15" />
              <test-case id="1-1951" name="Overlaps_ReturnsTrueIfOverlaps" fullname="PlayersWorlds.Maps.Areas.MapAreaTest.Overlaps_ReturnsTrueIfOverlaps" methodname="Overlaps_ReturnsTrueIfOverlaps" classname="PlayersWorlds.Maps.Areas.MapAreaTest" runstate="Runnable" seed="524840551" result="Passed" start-time="2024-06-10T14:12:03.3529620Z" end-time="2024-06-10T14:12:03.3532770Z" duration="0.000315" asserts="7" />
              <test-case id="1-1950" name="Overlaps_ThrowsIfSame" fullname="PlayersWorlds.Maps.Areas.MapAreaTest.Overlaps_ThrowsIfSame" methodname="Overlaps_ThrowsIfSame" classname="PlayersWorlds.Maps.Areas.MapAreaTest" runstate="Runnable" seed="631975218" result="Passed" start-time="2024-06-10T14:12:03.3532840Z" end-time="2024-06-10T14:12:03.3551200Z" duration="0.001836" asserts="2" />
              <test-case id="1-1954" name="Position_DoesNotThrowIfInitialized" fullname="PlayersWorlds.Maps.Areas.MapAreaTest.Position_DoesNotThrowIfInitialized" methodname="Position_DoesNotThrowIfInitialized" classname="PlayersWorlds.Maps.Areas.MapAreaTest" runstate="Runnable" seed="228422103" result="Passed" start-time="2024-06-10T14:12:03.3551290Z" end-time="2024-06-10T14:12:03.3554130Z" duration="0.000284" asserts="1" />
              <test-case id="1-1953" name="Position_UnpositionedThrowsIfNotInitialized" fullname="PlayersWorlds.Maps.Areas.MapAreaTest.Position_UnpositionedThrowsIfNotInitialized" methodname="Position_UnpositionedThrowsIfNotInitialized" classname="PlayersWorlds.Maps.Areas.MapAreaTest" runstate="Runnable" seed="499332307" result="Passed" start-time="2024-06-10T14:12:03.3554200Z" end-time="2024-06-10T14:12:03.3565580Z" duration="0.001138" asserts="1" />
              <test-case id="1-1955" name="ThrowsIfWrongParameters" fullname="PlayersWorlds.Maps.Areas.MapAreaTest.ThrowsIfWrongParameters" methodname="ThrowsIfWrongParameters" classname="PlayersWorlds.Maps.Areas.MapAreaTest" runstate="Runnable" seed="1098486540" result="Passed" start-time="2024-06-10T14:12:03.3565660Z" end-time="2024-06-10T14:12:03.3570190Z" duration="0.000453" asserts="1" />
            </test-suite>
          </test-suite>
          <test-suite type="TestFixture" id="1-1004" name="AssemblyInfoTest" fullname="PlayersWorlds.Maps.AssemblyInfoTest" classname="PlayersWorlds.Maps.AssemblyInfoTest" runstate="Runnable" testcasecount="2" result="Passed" start-time="2024-06-10T14:12:03.3570530Z" end-time="2024-06-10T14:12:03.3578330Z" duration="0.000780" total="2" passed="2" failed="0" warnings="0" inconclusive="0" skipped="0" asserts="4">
            <test-case id="1-1006" name="TestAssemblyCompany" fullname="PlayersWorlds.Maps.AssemblyInfoTest.TestAssemblyCompany" methodname="TestAssemblyCompany" classname="PlayersWorlds.Maps.AssemblyInfoTest" runstate="Runnable" seed="880178187" result="Passed" start-time="2024-06-10T14:12:03.3571140Z" end-time="2024-06-10T14:12:03.3575780Z" duration="0.000464" asserts="2" />
            <test-case id="1-1005" name="TestAssemblyTitle" fullname="PlayersWorlds.Maps.AssemblyInfoTest.TestAssemblyTitle" methodname="TestAssemblyTitle" classname="PlayersWorlds.Maps.AssemblyInfoTest" runstate="Runnable" seed="1230371999" result="Passed" start-time="2024-06-10T14:12:03.3575860Z" end-time="2024-06-10T14:12:03.3578220Z" duration="0.000236" asserts="2" />
          </test-suite>
          <test-suite type="TestFixture" id="1-1007" name="CellTest" fullname="PlayersWorlds.Maps.CellTest" classname="PlayersWorlds.Maps.CellTest" runstate="Runnable" testcasecount="2" result="Passed" start-time="2024-06-10T14:12:03.3578450Z" end-time="2024-06-10T14:12:03.3598430Z" duration="0.001999" total="2" passed="2" failed="0" warnings="0" inconclusive="0" skipped="0" asserts="4">
            <test-case id="1-1008" name="CellTagEqualityTest" fullname="PlayersWorlds.Maps.CellTest.CellTagEqualityTest" methodname="CellTagEqualityTest" classname="PlayersWorlds.Maps.CellTest" runstate="Runnable" seed="1381507365" result="Passed" start-time="2024-06-10T14:12:03.3579030Z" end-time="2024-06-10T14:12:03.3582640Z" duration="0.000361" asserts="3" />
            <test-case id="1-1009" name="Serialize" fullname="PlayersWorlds.Maps.CellTest.Serialize" methodname="Serialize" classname="PlayersWorlds.Maps.CellTest" runstate="Runnable" seed="2051165053" result="Passed" start-time="2024-06-10T14:12:03.3582720Z" end-time="2024-06-10T14:12:03.3598310Z" duration="0.001560" asserts="1" />
          </test-suite>
          <test-suite type="TestFixture" id="1-1010" name="ExtensionsTest" fullname="PlayersWorlds.Maps.ExtensionsTest" classname="PlayersWorlds.Maps.ExtensionsTest" runstate="Runnable" testcasecount="7" result="Passed" start-time="2024-06-10T14:12:03.3598560Z" end-time="2024-06-10T14:12:03.3671180Z" duration="0.007261" total="7" passed="7" failed="0" warnings="0" inconclusive="0" skipped="0" asserts="12">
            <test-case id="1-1013" name="DebugString" fullname="PlayersWorlds.Maps.ExtensionsTest.DebugString" methodname="DebugString" classname="PlayersWorlds.Maps.ExtensionsTest" runstate="Runnable" seed="176676823" result="Passed" start-time="2024-06-10T14:12:03.3599170Z" end-time="2024-06-10T14:12:03.3617590Z" duration="0.001842" asserts="1" />
            <test-case id="1-1016" name="GetAllDictionaryItems" fullname="PlayersWorlds.Maps.ExtensionsTest.GetAllDictionaryItems" methodname="GetAllDictionaryItems" classname="PlayersWorlds.Maps.ExtensionsTest" runstate="Runnable" seed="733914148" result="Passed" start-time="2024-06-10T14:12:03.3617680Z" end-time="2024-06-10T14:12:03.3634910Z" duration="0.001723" asserts="1" />
            <test-case id="1-1017" name="GetAllHashSetKeys" fullname="PlayersWorlds.Maps.ExtensionsTest.GetAllHashSetKeys" methodname="GetAllHashSetKeys" classname="PlayersWorlds.Maps.ExtensionsTest" runstate="Runnable" seed="2138451450" result="Passed" start-time="2024-06-10T14:12:03.3635000Z" end-time="2024-06-10T14:12:03.3643550Z" duration="0.000855" asserts="1" />
            <test-case id="1-1014" name="Set" fullname="PlayersWorlds.Maps.ExtensionsTest.Set" methodname="Set" classname="PlayersWorlds.Maps.ExtensionsTest" runstate="Runnable" seed="281181474" result="Passed" start-time="2024-06-10T14:12:03.3643630Z" end-time="2024-06-10T14:12:03.3652010Z" duration="0.000838" asserts="3" />
            <test-case id="1-1015" name="SetList" fullname="PlayersWorlds.Maps.ExtensionsTest.SetList" methodname="SetList" classname="PlayersWorlds.Maps.ExtensionsTest" runstate="Runnable" seed="1257728192" result="Passed" start-time="2024-06-10T14:12:03.3652090Z" end-time="2024-06-10T14:12:03.3665590Z" duration="0.001350" asserts="3" />
            <test-case id="1-1012" name="TryDequeue_Dequeues" fullname="PlayersWorlds.Maps.ExtensionsTest.TryDequeue_Dequeues" methodname="TryDequeue_Dequeues" classname="PlayersWorlds.Maps.ExtensionsTest" runstate="Runnable" seed="1964576467" result="Passed" start-time="2024-06-10T14:12:03.3665670Z" end-time="2024-06-10T14:12:03.3669620Z" duration="0.000395" asserts="2" />
            <test-case id="1-1011" name="TryDequeue_DoesNotThrow" fullname="PlayersWorlds.Maps.ExtensionsTest.TryDequeue_DoesNotThrow" methodname="TryDequeue_DoesNotThrow" classname="PlayersWorlds.Maps.ExtensionsTest" runstate="Runnable" seed="280101583" result="Passed" start-time="2024-06-10T14:12:03.3669700Z" end-time="2024-06-10T14:12:03.3671040Z" duration="0.000134" asserts="1" />
          </test-suite>
          <test-suite type="TestFixture" id="1-1018" name="GlobalRandomTest" fullname="PlayersWorlds.Maps.GlobalRandomTest" classname="PlayersWorlds.Maps.GlobalRandomTest" runstate="Runnable" testcasecount="3" result="Passed" start-time="2024-06-10T14:12:03.3671380Z" end-time="2024-06-10T14:12:03.3769270Z" duration="0.009789" total="3" passed="3" failed="0" warnings="0" inconclusive="0" skipped="0" asserts="1002">
            <test-case id="1-1019" name="RandomCollectionItem" fullname="PlayersWorlds.Maps.GlobalRandomTest.RandomCollectionItem" methodname="RandomCollectionItem" classname="PlayersWorlds.Maps.GlobalRandomTest" runstate="Runnable" seed="1664794625" result="Passed" start-time="2024-06-10T14:12:03.3672230Z" end-time="2024-06-10T14:12:03.3746300Z" duration="0.007407" asserts="1" />
            <test-case id="1-1021" name="RandomInRange" fullname="PlayersWorlds.Maps.GlobalRandomTest.RandomInRange" methodname="RandomInRange" classname="PlayersWorlds.Maps.GlobalRandomTest" runstate="Runnable" seed="632416608" result="Passed" start-time="2024-06-10T14:12:03.3746430Z" end-time="2024-06-10T14:12:03.3767090Z" duration="0.002066" asserts="1000" />
            <test-case id="1-1020" name="ThrowsIfEmptyCollection" fullname="PlayersWorlds.Maps.GlobalRandomTest.ThrowsIfEmptyCollection" methodname="ThrowsIfEmptyCollection" classname="PlayersWorlds.Maps.GlobalRandomTest" runstate="Runnable" seed="1550445561" result="Passed" start-time="2024-06-10T14:12:03.3767200Z" end-time="2024-06-10T14:12:03.3769170Z" duration="0.000198" asserts="1" />
          </test-suite>
          <test-suite type="TestFixture" id="1-1022" name="Map2DTest" fullname="PlayersWorlds.Maps.Map2DTest" classname="PlayersWorlds.Maps.Map2DTest" runstate="Runnable" testcasecount="1" result="Passed" start-time="2024-06-10T14:12:03.3769390Z" end-time="2024-06-10T14:12:03.3791670Z" duration="0.002228" total="1" passed="1" failed="0" warnings="0" inconclusive="0" skipped="0" asserts="6">
            <test-case id="1-1023" name="ParseMap" fullname="PlayersWorlds.Maps.Map2DTest.ParseMap" methodname="ParseMap" classname="PlayersWorlds.Maps.Map2DTest" runstate="Runnable" seed="2008829929" result="Passed" start-time="2024-06-10T14:12:03.3777800Z" end-time="2024-06-10T14:12:03.3791520Z" duration="0.001373" asserts="6" />
          </test-suite>
          <test-suite type="TestSuite" id="1-2109" name="MapFilters" fullname="PlayersWorlds.Maps.MapFilters" runstate="Runnable" testcasecount="5" result="Passed" start-time="2024-06-10T14:12:03.2083650Z" end-time="2024-06-10T14:12:03.3886250Z" duration="0.180261" total="5" passed="5" failed="0" warnings="0" inconclusive="0" skipped="0" asserts="10">
            <test-suite type="TestFixture" id="1-1943" name="Map2DEraseSpotsTest" fullname="PlayersWorlds.Maps.MapFilters.Map2DEraseSpotsTest" classname="PlayersWorlds.Maps.MapFilters.Map2DEraseSpotsTest" runstate="Runnable" testcasecount="5" result="Passed" start-time="2024-06-10T14:12:03.3791780Z" end-time="2024-06-10T14:12:03.3886180Z" duration="0.009440" total="5" passed="5" failed="0" warnings="0" inconclusive="0" skipped="0" asserts="10">
              <test-case id="1-1944" name="BackslashEraseSpots" fullname="PlayersWorlds.Maps.MapFilters.Map2DEraseSpotsTest.BackslashEraseSpots" methodname="BackslashEraseSpots" classname="PlayersWorlds.Maps.MapFilters.Map2DEraseSpotsTest" runstate="Runnable" seed="93983313" result="Passed" start-time="2024-06-10T14:12:03.3792350Z" end-time="2024-06-10T14:12:03.3860840Z" duration="0.006849" asserts="1" />
              <test-case id="1-1948" name="SmoothBoxEraseSpots" fullname="PlayersWorlds.Maps.MapFilters.Map2DEraseSpotsTest.SmoothBoxEraseSpots" methodname="SmoothBoxEraseSpots" classname="PlayersWorlds.Maps.MapFilters.Map2DEraseSpotsTest" runstate="Runnable" seed="1905338048" result="Passed" start-time="2024-06-10T14:12:03.3860960Z" end-time="2024-06-10T14:12:03.3867240Z" duration="0.000628" asserts="1" />
              <test-case id="1-1947" name="SmoothBoxVoidBgEraseSpots" fullname="PlayersWorlds.Maps.MapFilters.Map2DEraseSpotsTest.SmoothBoxVoidBgEraseSpots" methodname="SmoothBoxVoidBgEraseSpots" classname="PlayersWorlds.Maps.MapFilters.Map2DEraseSpotsTest" runstate="Runnable" seed="1111294963" result="Passed" start-time="2024-06-10T14:12:03.3867320Z" end-time="2024-06-10T14:12:03.3871250Z" duration="0.000394" asserts="1" />
              <test-case id="1-1946" name="Spot1x3SpotsEraseSpots" fullname="PlayersWorlds.Maps.MapFilters.Map2DEraseSpotsTest.Spot1x3SpotsEraseSpots" methodname="Spot1x3SpotsEraseSpots" classname="PlayersWorlds.Maps.MapFilters.Map2DEraseSpotsTest" runstate="Runnable" seed="414041938" result="Passed" start-time="2024-06-10T14:12:03.3871330Z" end-time="2024-06-10T14:12:03.3875010Z" duration="0.000368" asserts="1" />
              <test-case id="1-1945" name="VariousSpotsEraseSpots" fullname="PlayersWorlds.Maps.MapFilters.Map2DEraseSpotsTest.VariousSpotsEraseSpots" methodname="VariousSpotsEraseSpots" classname="PlayersWorlds.Maps.MapFilters.Map2DEraseSpotsTest" runstate="Runnable" seed="1403111681" result="Passed" start-time="2024-06-10T14:12:03.3875080Z" end-time="2024-06-10T14:12:03.3886040Z" duration="0.001096" asserts="6" />
            </test-suite>
          </test-suite>
          <test-suite type="TestSuite" id="1-2107" name="Maze" fullname="PlayersWorlds.Maps.Maze" runstate="Runnable" testcasecount="776" result="Skipped" label="Ignored" site="Child" start-time="2024-06-10T14:12:03.2083700Z" end-time="2024-06-10T14:12:05.4713980Z" duration="2.263028" total="65" passed="63" failed="0" warnings="0" inconclusive="0" skipped="2" asserts="7313">
            <reason>
              <message><![CDATA[One or more child tests were ignored]]></message>
            </reason>
            <test-suite type="TestFixture" id="1-1147" name="Maze2DBuilderTest" fullname="PlayersWorlds.Maps.Maze.Maze2DBuilderTest" classname="PlayersWorlds.Maps.Maze.Maze2DBuilderTest" runstate="Runnable" testcasecount="21" result="Passed" start-time="2024-06-10T14:12:03.3886350Z" end-time="2024-06-10T14:12:03.4889940Z" duration="0.100358" total="21" passed="21" failed="0" warnings="0" inconclusive="0" skipped="0" asserts="7096">
              <test-case id="1-1166" name="ApplyAreas" fullname="PlayersWorlds.Maps.Maze.Maze2DBuilderTest.ApplyAreas" methodname="ApplyAreas" classname="PlayersWorlds.Maps.Maze.Maze2DBuilderTest" runstate="Runnable" seed="1082362617" result="Passed" start-time="2024-06-10T14:12:03.3886940Z" end-time="2024-06-10T14:12:03.4014290Z" duration="0.012736" asserts="4" />
              <test-case id="1-1148" name="BuildsCorrectCellsCollections" fullname="PlayersWorlds.Maps.Maze.Maze2DBuilderTest.BuildsCorrectCellsCollections" methodname="BuildsCorrectCellsCollections" classname="PlayersWorlds.Maps.Maze.Maze2DBuilderTest" runstate="Runnable" seed="688709876" result="Passed" start-time="2024-06-10T14:12:03.4014530Z" end-time="2024-06-10T14:12:03.4037500Z" duration="0.002297" asserts="2" />
              <test-case id="1-1149" name="BuildsCorrectCellsCollectionsWithHallAreas" fullname="PlayersWorlds.Maps.Maze.Maze2DBuilderTest.BuildsCorrectCellsCollectionsWithHallAreas" methodname="BuildsCorrectCellsCollectionsWithHallAreas" classname="PlayersWorlds.Maps.Maze.Maze2DBuilderTest" runstate="Runnable" seed="1391179251" result="Passed" start-time="2024-06-10T14:12:03.4037630Z" end-time="2024-06-10T14:12:03.4066010Z" duration="0.002838" asserts="4" />
              <test-case id="1-1150" name="BuildsCorrectCellsCollectionsWithHallAreasAtTheEdge" fullname="PlayersWorlds.Maps.Maze.Maze2DBuilderTest.BuildsCorrectCellsCollectionsWithHallAreasAtTheEdge" methodname="BuildsCorrectCellsCollectionsWithHallAreasAtTheEdge" classname="PlayersWorlds.Maps.Maze.Maze2DBuilderTest" runstate="Runnable" seed="93856344" result="Passed" start-time="2024-06-10T14:12:03.4066140Z" end-time="2024-06-10T14:12:03.4082020Z" duration="0.001588" asserts="4" />
              <test-case id="1-1168" name="CanConnect" fullname="PlayersWorlds.Maps.Maze.Maze2DBuilderTest.CanConnect" methodname="CanConnect" classname="PlayersWorlds.Maps.Maze.Maze2DBuilderTest" runstate="Runnable" seed="25091111" result="Passed" start-time="2024-06-10T14:12:03.4082140Z" end-time="2024-06-10T14:12:03.4167220Z" duration="0.008509" asserts="11" />
              <test-case id="1-1156" name="IsFillComplete_Full" fullname="PlayersWorlds.Maps.Maze.Maze2DBuilderTest.IsFillComplete_Full" methodname="IsFillComplete_Full" classname="PlayersWorlds.Maps.Maze.Maze2DBuilderTest" runstate="Runnable" seed="1931014578" result="Passed" start-time="2024-06-10T14:12:03.4167330Z" end-time="2024-06-10T14:12:03.4173580Z" duration="0.000625" asserts="4" />
              <test-case id="1-1159" name="IsFillComplete_Full_WithCave" fullname="PlayersWorlds.Maps.Maze.Maze2DBuilderTest.IsFillComplete_Full_WithCave" methodname="IsFillComplete_Full_WithCave" classname="PlayersWorlds.Maps.Maze.Maze2DBuilderTest" runstate="Runnable" seed="301877364" result="Passed" start-time="2024-06-10T14:12:03.4173670Z" end-time="2024-06-10T14:12:03.4186510Z" duration="0.001284" asserts="3" />
              <test-case id="1-1158" name="IsFillComplete_Full_WithFill" fullname="PlayersWorlds.Maps.Maze.Maze2DBuilderTest.IsFillComplete_Full_WithFill" methodname="IsFillComplete_Full_WithFill" classname="PlayersWorlds.Maps.Maze.Maze2DBuilderTest" runstate="Runnable" seed="1459182854" result="Passed" start-time="2024-06-10T14:12:03.4186630Z" end-time="2024-06-10T14:12:03.4194410Z" duration="0.000778" asserts="2" />
              <test-case id="1-1157" name="IsFillComplete_Full_WithHall" fullname="PlayersWorlds.Maps.Maze.Maze2DBuilderTest.IsFillComplete_Full_WithHall" methodname="IsFillComplete_Full_WithHall" classname="PlayersWorlds.Maps.Maze.Maze2DBuilderTest" runstate="Runnable" seed="673633120" result="Passed" start-time="2024-06-10T14:12:03.4194520Z" end-time="2024-06-10T14:12:03.4202390Z" duration="0.000787" asserts="2" />
              <test-case id="1-1161" name="IsFillComplete_FullHeight" fullname="PlayersWorlds.Maps.Maze.Maze2DBuilderTest.IsFillComplete_FullHeight" methodname="IsFillComplete_FullHeight" classname="PlayersWorlds.Maps.Maze.Maze2DBuilderTest" runstate="Runnable" seed="409587223" result="Passed" start-time="2024-06-10T14:12:03.4202500Z" end-time="2024-06-10T14:12:03.4207390Z" duration="0.000489" asserts="3" />
              <test-case id="1-1160" name="IsFillComplete_FullWidth" fullname="PlayersWorlds.Maps.Maze.Maze2DBuilderTest.IsFillComplete_FullWidth" methodname="IsFillComplete_FullWidth" classname="PlayersWorlds.Maps.Maze.Maze2DBuilderTest" runstate="Runnable" seed="248500788" result="Passed" start-time="2024-06-10T14:12:03.4207480Z" end-time="2024-06-10T14:12:03.4210200Z" duration="0.000272" asserts="3" />
              <test-case id="1-1163" name="IsFillComplete_Half" fullname="PlayersWorlds.Maps.Maze.Maze2DBuilderTest.IsFillComplete_Half" methodname="IsFillComplete_Half" classname="PlayersWorlds.Maps.Maze.Maze2DBuilderTest" runstate="Runnable" seed="797622446" result="Passed" start-time="2024-06-10T14:12:03.4210270Z" end-time="2024-06-10T14:12:03.4212260Z" duration="0.000199" asserts="2" />
              <test-case id="1-1165" name="IsFillComplete_NinetyPercent" fullname="PlayersWorlds.Maps.Maze.Maze2DBuilderTest.IsFillComplete_NinetyPercent" methodname="IsFillComplete_NinetyPercent" classname="PlayersWorlds.Maps.Maze.Maze2DBuilderTest" runstate="Runnable" seed="455124577" result="Passed" start-time="2024-06-10T14:12:03.4212330Z" end-time="2024-06-10T14:12:03.4214870Z" duration="0.000254" asserts="4" />
              <test-case id="1-1155" name="IsFillComplete_NoCells" fullname="PlayersWorlds.Maps.Maze.Maze2DBuilderTest.IsFillComplete_NoCells" methodname="IsFillComplete_NoCells" classname="PlayersWorlds.Maps.Maze.Maze2DBuilderTest" runstate="Runnable" seed="1265516619" result="Passed" start-time="2024-06-10T14:12:03.4214940Z" end-time="2024-06-10T14:12:03.4217090Z" duration="0.000215" asserts="1" />
              <test-case id="1-1162" name="IsFillComplete_Quarter" fullname="PlayersWorlds.Maps.Maze.Maze2DBuilderTest.IsFillComplete_Quarter" methodname="IsFillComplete_Quarter" classname="PlayersWorlds.Maps.Maze.Maze2DBuilderTest" runstate="Runnable" seed="1043406675" result="Passed" start-time="2024-06-10T14:12:03.4217160Z" end-time="2024-06-10T14:12:03.4218990Z" duration="0.000183" asserts="2" />
              <test-case id="1-1164" name="IsFillComplete_ThreeQuarters" fullname="PlayersWorlds.Maps.Maze.Maze2DBuilderTest.IsFillComplete_ThreeQuarters" methodname="IsFillComplete_ThreeQuarters" classname="PlayersWorlds.Maps.Maze.Maze2DBuilderTest" runstate="Runnable" seed="1452577102" result="Passed" start-time="2024-06-10T14:12:03.4219060Z" end-time="2024-06-10T14:12:03.4221150Z" duration="0.000209" asserts="3" />
              <test-case id="1-1154" name="IterateUnlinkedCells_IteratesAllAvailableCells" fullname="PlayersWorlds.Maps.Maze.Maze2DBuilderTest.IterateUnlinkedCells_IteratesAllAvailableCells" methodname="IterateUnlinkedCells_IteratesAllAvailableCells" classname="PlayersWorlds.Maps.Maze.Maze2DBuilderTest" runstate="Runnable" seed="930021561" result="Passed" start-time="2024-06-10T14:12:03.4221220Z" end-time="2024-06-10T14:12:03.4260050Z" duration="0.003883" asserts="28" />
              <test-case id="1-1153" name="MarkConnected" fullname="PlayersWorlds.Maps.Maze.Maze2DBuilderTest.MarkConnected" methodname="MarkConnected" classname="PlayersWorlds.Maps.Maze.Maze2DBuilderTest" runstate="Runnable" seed="1418473645" result="Passed" start-time="2024-06-10T14:12:03.4260260Z" end-time="2024-06-10T14:12:03.4266520Z" duration="0.000626" asserts="7" />
              <test-case id="1-1167" name="OverlappingAreas_ProduceValidPriorityCells" fullname="PlayersWorlds.Maps.Maze.Maze2DBuilderTest.OverlappingAreas_ProduceValidPriorityCells" methodname="OverlappingAreas_ProduceValidPriorityCells" classname="PlayersWorlds.Maps.Maze.Maze2DBuilderTest" runstate="Runnable" seed="1814415646" result="Passed" start-time="2024-06-10T14:12:03.4266630Z" end-time="2024-06-10T14:12:03.4577330Z" duration="0.031070" asserts="4" />
              <test-case id="1-1152" name="PickRandomNeighborToLink" fullname="PlayersWorlds.Maps.Maze.Maze2DBuilderTest.PickRandomNeighborToLink" methodname="PickRandomNeighborToLink" classname="PlayersWorlds.Maps.Maze.Maze2DBuilderTest" runstate="Runnable" seed="1817412079" result="Passed" start-time="2024-06-10T14:12:03.4577550Z" end-time="2024-06-10T14:12:03.4704510Z" duration="0.012696" asserts="5000" />
              <test-case id="1-1151" name="PicksPriorityCellsWhenAvailable" fullname="PlayersWorlds.Maps.Maze.Maze2DBuilderTest.PicksPriorityCellsWhenAvailable" methodname="PicksPriorityCellsWhenAvailable" classname="PlayersWorlds.Maps.Maze.Maze2DBuilderTest" runstate="Runnable" seed="1636498239" result="Passed" start-time="2024-06-10T14:12:03.4704640Z" end-time="2024-06-10T14:12:03.4889740Z" duration="0.018511" asserts="2003" />
            </test-suite>
            <test-suite type="TestFixture" id="1-1169" name="Maze2DRendererTest" fullname="PlayersWorlds.Maps.Maze.Maze2DRendererTest" classname="PlayersWorlds.Maps.Maze.Maze2DRendererTest" runstate="Runnable" testcasecount="1" result="Passed" start-time="2024-06-10T14:12:03.4890140Z" end-time="2024-06-10T14:12:03.4912020Z" duration="0.002188" total="1" passed="1" failed="0" warnings="0" inconclusive="0" skipped="0" asserts="1">
              <test-case id="1-1170" name="ThrowsIfCantFit" fullname="PlayersWorlds.Maps.Maze.Maze2DRendererTest.ThrowsIfCantFit" methodname="ThrowsIfCantFit" classname="PlayersWorlds.Maps.Maze.Maze2DRendererTest" runstate="Runnable" seed="2063276586" result="Passed" start-time="2024-06-10T14:12:03.4890870Z" end-time="2024-06-10T14:12:03.4911870Z" duration="0.002100" asserts="1" />
            </test-suite>
            <test-suite type="TestFixture" id="1-1171" name="Maze2DTest" fullname="PlayersWorlds.Maps.Maze.Maze2DTest" classname="PlayersWorlds.Maps.Maze.Maze2DTest" runstate="Runnable" testcasecount="13" result="Passed" start-time="2024-06-10T14:12:03.4912130Z" end-time="2024-06-10T14:12:03.5709090Z" duration="0.079696" total="13" passed="13" failed="0" warnings="0" inconclusive="0" skipped="0" asserts="124">
              <test-case id="1-1178" name="Maze2D_AddsNoRoomsToASmallMaze" fullname="PlayersWorlds.Maps.Maze.Maze2DTest.Maze2D_AddsNoRoomsToASmallMaze" methodname="Maze2D_AddsNoRoomsToASmallMaze" classname="PlayersWorlds.Maps.Maze.Maze2DTest" runstate="Runnable" seed="2113125348" result="Passed" start-time="2024-06-10T14:12:03.4912710Z" end-time="2024-06-10T14:12:03.5047000Z" duration="0.013429" asserts="2" />
              <test-case id="1-1177" name="Maze2D_AddsNoRoomsWhenNoneRequested" fullname="PlayersWorlds.Maps.Maze.Maze2DTest.Maze2D_AddsNoRoomsWhenNoneRequested" methodname="Maze2D_AddsNoRoomsWhenNoneRequested" classname="PlayersWorlds.Maps.Maze.Maze2DTest" runstate="Runnable" seed="159733245" result="Passed" start-time="2024-06-10T14:12:03.5047130Z" end-time="2024-06-10T14:12:03.5242830Z" duration="0.019570" asserts="2" />
              <test-case id="1-1181" name="Maze2D_AddsOneFill" fullname="PlayersWorlds.Maps.Maze.Maze2DTest.Maze2D_AddsOneFill" methodname="Maze2D_AddsOneFill" classname="PlayersWorlds.Maps.Maze.Maze2DTest" runstate="Runnable" seed="1771686181" result="Passed" start-time="2024-06-10T14:12:03.5242940Z" end-time="2024-06-10T14:12:03.5408850Z" duration="0.016591" asserts="2" />
              <test-case id="1-1180" name="Maze2D_AddsOneHall" fullname="PlayersWorlds.Maps.Maze.Maze2DTest.Maze2D_AddsOneHall" methodname="Maze2D_AddsOneHall" classname="PlayersWorlds.Maps.Maze.Maze2DTest" runstate="Runnable" seed="767281385" result="Passed" start-time="2024-06-10T14:12:03.5408980Z" end-time="2024-06-10T14:12:03.5455170Z" duration="0.004619" asserts="2" />
              <test-case id="1-1179" name="Maze2D_AddsRooms" fullname="PlayersWorlds.Maps.Maze.Maze2DTest.Maze2D_AddsRooms" methodname="Maze2D_AddsRooms" classname="PlayersWorlds.Maps.Maze.Maze2DTest" runstate="Runnable" seed="207634117" result="Passed" start-time="2024-06-10T14:12:03.5455290Z" end-time="2024-06-10T14:12:03.5523410Z" duration="0.006812" asserts="2" />
              <test-case id="1-1183" name="Maze2D_CanParse" fullname="PlayersWorlds.Maps.Maze.Maze2DTest.Maze2D_CanParse" methodname="Maze2D_CanParse" classname="PlayersWorlds.Maps.Maze.Maze2DTest" runstate="Runnable" seed="1533310294" result="Passed" start-time="2024-06-10T14:12:03.5523520Z" end-time="2024-06-10T14:12:03.5545650Z" duration="0.002213" asserts="16" />
              <test-case id="1-1184" name="Maze2D_CanParse2" fullname="PlayersWorlds.Maps.Maze.Maze2DTest.Maze2D_CanParse2" methodname="Maze2D_CanParse2" classname="PlayersWorlds.Maps.Maze.Maze2DTest" runstate="Runnable" seed="1531011811" result="Passed" start-time="2024-06-10T14:12:03.5545780Z" end-time="2024-06-10T14:12:03.5546980Z" duration="0.000121" asserts="1" />
              <test-case id="1-1176" name="Maze2D_CanRenderMap" fullname="PlayersWorlds.Maps.Maze.Maze2DTest.Maze2D_CanRenderMap" methodname="Maze2D_CanRenderMap" classname="PlayersWorlds.Maps.Maze.Maze2DTest" runstate="Runnable" seed="1863889927" result="Passed" start-time="2024-06-10T14:12:03.5547050Z" end-time="2024-06-10T14:12:03.5609700Z" duration="0.006265" asserts="2" />
              <test-case id="1-1175" name="Maze2D_CellsNeighborsAreValid" fullname="PlayersWorlds.Maps.Maze.Maze2DTest.Maze2D_CellsNeighborsAreValid" methodname="Maze2D_CellsNeighborsAreValid" classname="PlayersWorlds.Maps.Maze.Maze2DTest" runstate="Runnable" seed="1158405067" result="Passed" start-time="2024-06-10T14:12:03.5609810Z" end-time="2024-06-10T14:12:03.5636330Z" duration="0.002652" asserts="76" />
              <test-case id="1-1182" name="Maze2D_HasExtensionsSet" fullname="PlayersWorlds.Maps.Maze.Maze2DTest.Maze2D_HasExtensionsSet" methodname="Maze2D_HasExtensionsSet" classname="PlayersWorlds.Maps.Maze.Maze2DTest" runstate="Runnable" seed="2108800866" result="Passed" start-time="2024-06-10T14:12:03.5636440Z" end-time="2024-06-10T14:12:03.5644150Z" duration="0.000771" asserts="3" />
              <test-case id="1-1172" name="Maze2D_IsInitialized" fullname="PlayersWorlds.Maps.Maze.Maze2DTest.Maze2D_IsInitialized" methodname="Maze2D_IsInitialized" classname="PlayersWorlds.Maps.Maze.Maze2DTest" runstate="Runnable" seed="1518602657" result="Passed" start-time="2024-06-10T14:12:03.5644260Z" end-time="2024-06-10T14:12:03.5645940Z" duration="0.000168" asserts="4" />
              <test-case id="1-1174" name="Maze2D_ToMapWrongOptions" fullname="PlayersWorlds.Maps.Maze.Maze2DTest.Maze2D_ToMapWrongOptions" methodname="Maze2D_ToMapWrongOptions" classname="PlayersWorlds.Maps.Maze.Maze2DTest" runstate="Runnable" seed="1389640005" result="Passed" start-time="2024-06-10T14:12:03.5646010Z" end-time="2024-06-10T14:12:03.5704090Z" duration="0.005808" asserts="7" />
              <test-case id="1-1173" name="Maze2D_WrongSize" fullname="PlayersWorlds.Maps.Maze.Maze2DTest.Maze2D_WrongSize" methodname="Maze2D_WrongSize" classname="PlayersWorlds.Maps.Maze.Maze2DTest" runstate="Runnable" seed="618647260" result="Passed" start-time="2024-06-10T14:12:03.5704210Z" end-time="2024-06-10T14:12:03.5708950Z" duration="0.000473" asserts="5" />
            </test-suite>
            <test-suite type="TestFixture" id="1-1185" name="MazeCellTest" fullname="PlayersWorlds.Maps.Maze.MazeCellTest" classname="PlayersWorlds.Maps.Maze.MazeCellTest" runstate="Runnable" testcasecount="4" result="Passed" start-time="2024-06-10T14:12:03.5709280Z" end-time="2024-06-10T14:12:03.5732190Z" duration="0.002292" total="4" passed="4" failed="0" warnings="0" inconclusive="0" skipped="0" asserts="17">
              <test-case id="1-1189" name="DoubleLinkingThrowsError" fullname="PlayersWorlds.Maps.Maze.MazeCellTest.DoubleLinkingThrowsError" methodname="DoubleLinkingThrowsError" classname="PlayersWorlds.Maps.Maze.MazeCellTest" runstate="Runnable" seed="1792281438" result="Passed" start-time="2024-06-10T14:12:03.5709940Z" end-time="2024-06-10T14:12:03.5713800Z" duration="0.000386" asserts="1" />
              <test-case id="1-1186" name="LinksAreMutual" fullname="PlayersWorlds.Maps.Maze.MazeCellTest.LinksAreMutual" methodname="LinksAreMutual" classname="PlayersWorlds.Maps.Maze.MazeCellTest" runstate="Runnable" seed="34295122" result="Passed" start-time="2024-06-10T14:12:03.5713880Z" end-time="2024-06-10T14:12:03.5725000Z" duration="0.001112" asserts="10" />
              <test-case id="1-1187" name="LinksOnlyWithNeighbors" fullname="PlayersWorlds.Maps.Maze.MazeCellTest.LinksOnlyWithNeighbors" methodname="LinksOnlyWithNeighbors" classname="PlayersWorlds.Maps.Maze.MazeCellTest" runstate="Runnable" seed="1535296126" result="Passed" start-time="2024-06-10T14:12:03.5725080Z" end-time="2024-06-10T14:12:03.5729050Z" duration="0.000397" asserts="1" />
              <test-case id="1-1188" name="ToStringTest" fullname="PlayersWorlds.Maps.Maze.MazeCellTest.ToStringTest" methodname="ToStringTest" classname="PlayersWorlds.Maps.Maze.MazeCellTest" runstate="Runnable" seed="1945679971" result="Passed" start-time="2024-06-10T14:12:03.5729130Z" end-time="2024-06-10T14:12:03.5732090Z" duration="0.000296" asserts="5" />
            </test-suite>
            <test-suite type="TestFixture" id="1-1190" name="MazeGeneratorAreasTest" fullname="PlayersWorlds.Maps.Maze.MazeGeneratorAreasTest" classname="PlayersWorlds.Maps.Maze.MazeGeneratorAreasTest" runstate="Runnable" testcasecount="201" result="Skipped" label="Ignored" site="Child" start-time="2024-06-10T14:12:03.5732300Z" end-time="2024-06-10T14:12:03.5732960Z" duration="0.000066" total="1" passed="0" failed="0" warnings="0" inconclusive="0" skipped="1" asserts="0">
              <reason>
                <message><![CDATA[One or more child tests were ignored]]></message>
              </reason>
              <test-case id="1-1250" name="DenseWalkwaysDebug" fullname="PlayersWorlds.Maps.Maze.MazeGeneratorAreasTest.DenseWalkwaysDebug" methodname="DenseWalkwaysDebug" classname="PlayersWorlds.Maps.Maze.MazeGeneratorAreasTest" runstate="Ignored" seed="629578803" result="Skipped" label="Ignored" start-time="2024-06-10T14:12:03.5732820Z" end-time="2024-06-10T14:12:03.5732890Z" duration="0.000007" asserts="0">
                <properties>
                  <property name="_SKIPREASON" value="Debug only" />
                </properties>
                <reason>
                  <message><![CDATA[Debug only]]></message>
                </reason>
              </test-case>
            </test-suite>
            <test-suite type="TestFixture" id="1-1399" name="MazeGeneratorTest" fullname="PlayersWorlds.Maps.Maze.MazeGeneratorTest" classname="PlayersWorlds.Maps.Maze.MazeGeneratorTest" runstate="Runnable" testcasecount="528" result="Skipped" label="Ignored" site="Child" start-time="2024-06-10T14:12:03.5733070Z" end-time="2024-06-10T14:12:05.4172290Z" duration="1.843922" total="18" passed="17" failed="0" warnings="0" inconclusive="0" skipped="1" asserts="53">
              <reason>
                <message><![CDATA[One or more child tests were ignored]]></message>
              </reason>
              <test-suite type="ParameterizedMethod" id="1-1407" name="CanGenerateMazes" fullname="PlayersWorlds.Maps.Maze.MazeGeneratorTest.CanGenerateMazes" classname="PlayersWorlds.Maps.Maze.MazeGeneratorTest" runstate="Runnable" testcasecount="6" result="Passed" start-time="2024-06-10T14:12:03.5733540Z" end-time="2024-06-10T14:12:04.9704510Z" duration="1.397097" total="6" passed="6" failed="0" warnings="0" inconclusive="0" skipped="0" asserts="18">
                <test-case id="1-1401" name="CanGenerateMazes(PlayersWorlds.Maps.Maze.AldousBroderMazeGenerator)" fullname="PlayersWorlds.Maps.Maze.MazeGeneratorTest.CanGenerateMazes(PlayersWorlds.Maps.Maze.AldousBroderMazeGenerator)" methodname="CanGenerateMazes" classname="PlayersWorlds.Maps.Maze.MazeGeneratorTest" runstate="Runnable" seed="641734032" result="Passed" start-time="2024-06-10T14:12:03.5734300Z" end-time="2024-06-10T14:12:03.8193700Z" duration="0.245940" asserts="3" />
                <test-case id="1-1402" name="CanGenerateMazes(PlayersWorlds.Maps.Maze.BinaryTreeMazeGenerator)" fullname="PlayersWorlds.Maps.Maze.MazeGeneratorTest.CanGenerateMazes(PlayersWorlds.Maps.Maze.BinaryTreeMazeGenerator)" methodname="CanGenerateMazes" classname="PlayersWorlds.Maps.Maze.MazeGeneratorTest" runstate="Runnable" seed="1396986711" result="Passed" start-time="2024-06-10T14:12:03.8193900Z" end-time="2024-06-10T14:12:04.0471190Z" duration="0.227730" asserts="3" />
                <test-case id="1-1403" name="CanGenerateMazes(PlayersWorlds.Maps.Maze.HuntAndKillMazeGenerator)" fullname="PlayersWorlds.Maps.Maze.MazeGeneratorTest.CanGenerateMazes(PlayersWorlds.Maps.Maze.HuntAndKillMazeGenerator)" methodname="CanGenerateMazes" classname="PlayersWorlds.Maps.Maze.MazeGeneratorTest" runstate="Runnable" seed="817215714" result="Passed" start-time="2024-06-10T14:12:04.0471460Z" end-time="2024-06-10T14:12:04.2731230Z" duration="0.225978" asserts="3" />
                <test-case id="1-1404" name="CanGenerateMazes(PlayersWorlds.Maps.Maze.RecursiveBacktrackerMazeGenerator)" fullname="PlayersWorlds.Maps.Maze.MazeGeneratorTest.CanGenerateMazes(PlayersWorlds.Maps.Maze.RecursiveBacktrackerMazeGenerator)" methodname="CanGenerateMazes" classname="PlayersWorlds.Maps.Maze.MazeGeneratorTest" runstate="Runnable" seed="1025280517" result="Passed" start-time="2024-06-10T14:12:04.2731490Z" end-time="2024-06-10T14:12:04.5002600Z" duration="0.227111" asserts="3" />
                <test-case id="1-1405" name="CanGenerateMazes(PlayersWorlds.Maps.Maze.SidewinderMazeGenerator)" fullname="PlayersWorlds.Maps.Maze.MazeGeneratorTest.CanGenerateMazes(PlayersWorlds.Maps.Maze.SidewinderMazeGenerator)" methodname="CanGenerateMazes" classname="PlayersWorlds.Maps.Maze.MazeGeneratorTest" runstate="Runnable" seed="113058240" result="Passed" start-time="2024-06-10T14:12:04.5002780Z" end-time="2024-06-10T14:12:04.7309380Z" duration="0.230660" asserts="3" />
                <test-case id="1-1406" name="CanGenerateMazes(PlayersWorlds.Maps.Maze.WilsonsMazeGenerator)" fullname="PlayersWorlds.Maps.Maze.MazeGeneratorTest.CanGenerateMazes(PlayersWorlds.Maps.Maze.WilsonsMazeGenerator)" methodname="CanGenerateMazes" classname="PlayersWorlds.Maps.Maze.MazeGeneratorTest" runstate="Runnable" seed="21391025" result="Passed" start-time="2024-06-10T14:12:04.7309630Z" end-time="2024-06-10T14:12:04.9704350Z" duration="0.239472" asserts="3" />
              </test-suite>
              <test-case id="1-1408" name="CanGenerateMazes_Debug" fullname="PlayersWorlds.Maps.Maze.MazeGeneratorTest.CanGenerateMazes_Debug" methodname="CanGenerateMazes_Debug" classname="PlayersWorlds.Maps.Maze.MazeGeneratorTest" runstate="Runnable" seed="536221844" result="Passed" start-time="2024-06-10T14:12:04.9704890Z" end-time="2024-06-10T14:12:05.1998590Z" duration="0.229369" asserts="3" />
              <test-case id="1-1400" name="CanUseCustomAreaGenerator" fullname="PlayersWorlds.Maps.Maze.MazeGeneratorTest.CanUseCustomAreaGenerator" methodname="CanUseCustomAreaGenerator" classname="PlayersWorlds.Maps.Maze.MazeGeneratorTest" runstate="Runnable" seed="181851028" result="Passed" start-time="2024-06-10T14:12:05.1998730Z" end-time="2024-06-10T14:12:05.2830040Z" duration="0.083131" asserts="5" />
              <test-case id="1-1922" name="IsFillComplete_Debug" fullname="PlayersWorlds.Maps.Maze.MazeGeneratorTest.IsFillComplete_Debug" methodname="IsFillComplete_Debug" classname="PlayersWorlds.Maps.Maze.MazeGeneratorTest" runstate="Ignored" seed="1543964773" result="Skipped" label="Ignored" start-time="2024-06-10T14:12:05.2830180Z" end-time="2024-06-10T14:12:05.2830250Z" duration="0.000007" asserts="0">
                <properties>
                  <property name="_SKIPREASON" value="Debugging only" />
                </properties>
                <reason>
                  <message><![CDATA[Debugging only]]></message>
                </reason>
              </test-case>
              <test-case id="1-1411" name="IsFillComplete_Full" fullname="PlayersWorlds.Maps.Maze.MazeGeneratorTest.IsFillComplete_Full" methodname="IsFillComplete_Full" classname="PlayersWorlds.Maps.Maze.MazeGeneratorTest" runstate="Runnable" seed="1880439456" result="Passed" start-time="2024-06-10T14:12:05.2830400Z" end-time="2024-06-10T14:12:05.3022480Z" duration="0.019208" asserts="3" />
              <test-case id="1-1416" name="IsFillComplete_FullHeight" fullname="PlayersWorlds.Maps.Maze.MazeGeneratorTest.IsFillComplete_FullHeight" methodname="IsFillComplete_FullHeight" classname="PlayersWorlds.Maps.Maze.MazeGeneratorTest" runstate="Runnable" seed="1630331028" result="Passed" start-time="2024-06-10T14:12:05.3022590Z" end-time="2024-06-10T14:12:05.3165500Z" duration="0.014291" asserts="3" />
              <test-case id="1-1415" name="IsFillComplete_FullWidth" fullname="PlayersWorlds.Maps.Maze.MazeGeneratorTest.IsFillComplete_FullWidth" methodname="IsFillComplete_FullWidth" classname="PlayersWorlds.Maps.Maze.MazeGeneratorTest" runstate="Runnable" seed="1144840583" result="Passed" start-time="2024-06-10T14:12:05.3165620Z" end-time="2024-06-10T14:12:05.3307900Z" duration="0.014227" asserts="3" />
              <test-case id="1-1410" name="IsFillComplete_Half" fullname="PlayersWorlds.Maps.Maze.MazeGeneratorTest.IsFillComplete_Half" methodname="IsFillComplete_Half" classname="PlayersWorlds.Maps.Maze.MazeGeneratorTest" runstate="Runnable" seed="1921132467" result="Passed" start-time="2024-06-10T14:12:05.3308010Z" end-time="2024-06-10T14:12:05.3450250Z" duration="0.014224" asserts="3" />
              <test-case id="1-1414" name="IsFillComplete_NinetyPercent" fullname="PlayersWorlds.Maps.Maze.MazeGeneratorTest.IsFillComplete_NinetyPercent" methodname="IsFillComplete_NinetyPercent" classname="PlayersWorlds.Maps.Maze.MazeGeneratorTest" runstate="Runnable" seed="1521268645" result="Passed" start-time="2024-06-10T14:12:05.3450360Z" end-time="2024-06-10T14:12:05.3621130Z" duration="0.017077" asserts="3" />
              <test-case id="1-1412" name="IsFillComplete_Quarter" fullname="PlayersWorlds.Maps.Maze.MazeGeneratorTest.IsFillComplete_Quarter" methodname="IsFillComplete_Quarter" classname="PlayersWorlds.Maps.Maze.MazeGeneratorTest" runstate="Runnable" seed="438960484" result="Passed" start-time="2024-06-10T14:12:05.3621250Z" end-time="2024-06-10T14:12:05.3758750Z" duration="0.013751" asserts="3" />
              <test-case id="1-1413" name="IsFillComplete_ThreeQuarters" fullname="PlayersWorlds.Maps.Maze.MazeGeneratorTest.IsFillComplete_ThreeQuarters" methodname="IsFillComplete_ThreeQuarters" classname="PlayersWorlds.Maps.Maze.MazeGeneratorTest" runstate="Runnable" seed="1530099557" result="Passed" start-time="2024-06-10T14:12:05.3758870Z" end-time="2024-06-10T14:12:05.3915680Z" duration="0.015681" asserts="3" />
              <test-case id="1-1409" name="OnlyFullGenerators" fullname="PlayersWorlds.Maps.Maze.MazeGeneratorTest.OnlyFullGenerators" methodname="OnlyFullGenerators" classname="PlayersWorlds.Maps.Maze.MazeGeneratorTest" runstate="Runnable" seed="1888189347" result="Passed" start-time="2024-06-10T14:12:05.3915790Z" end-time="2024-06-10T14:12:05.4156890Z" duration="0.024110" asserts="2" />
              <test-case id="1-1923" name="WrongGeneratorOptions" fullname="PlayersWorlds.Maps.Maze.MazeGeneratorTest.WrongGeneratorOptions" methodname="WrongGeneratorOptions" classname="PlayersWorlds.Maps.Maze.MazeGeneratorTest" runstate="Runnable" seed="721750997" result="Passed" start-time="2024-06-10T14:12:05.4157000Z" end-time="2024-06-10T14:12:05.4172110Z" duration="0.001511" asserts="4" />
            </test-suite>
            <test-suite type="TestSuite" id="1-2108" name="PostProcessing" fullname="PlayersWorlds.Maps.Maze.PostProcessing" runstate="Runnable" testcasecount="5" result="Passed" start-time="2024-06-10T14:12:03.2083790Z" end-time="2024-06-10T14:12:05.4390730Z" duration="2.230695" total="5" passed="5" failed="0" warnings="0" inconclusive="0" skipped="0" asserts="19">
              <test-suite type="TestFixture" id="1-1936" name="DeadEndTest" fullname="PlayersWorlds.Maps.Maze.PostProcessing.DeadEndTest" classname="PlayersWorlds.Maps.Maze.PostProcessing.DeadEndTest" runstate="Runnable" testcasecount="1" result="Passed" start-time="2024-06-10T14:12:05.4172480Z" end-time="2024-06-10T14:12:05.4180730Z" duration="0.000825" total="1" passed="1" failed="0" warnings="0" inconclusive="0" skipped="0" asserts="7">
                <test-case id="1-1937" name="DeadEnd_CanFindDeadEnds" fullname="PlayersWorlds.Maps.Maze.PostProcessing.DeadEndTest.DeadEnd_CanFindDeadEnds" methodname="DeadEnd_CanFindDeadEnds" classname="PlayersWorlds.Maps.Maze.PostProcessing.DeadEndTest" runstate="Runnable" seed="1153619042" result="Passed" start-time="2024-06-10T14:12:05.4173190Z" end-time="2024-06-10T14:12:05.4180620Z" duration="0.000743" asserts="7" />
              </test-suite>
              <test-suite type="TestFixture" id="1-1938" name="DijkstraDistanceTest" fullname="PlayersWorlds.Maps.Maze.PostProcessing.DijkstraDistanceTest" classname="PlayersWorlds.Maps.Maze.PostProcessing.DijkstraDistanceTest" runstate="Runnable" testcasecount="4" result="Passed" start-time="2024-06-10T14:12:05.4180860Z" end-time="2024-06-10T14:12:05.4390670Z" duration="0.020981" total="4" passed="4" failed="0" warnings="0" inconclusive="0" skipped="0" asserts="12">
                <test-case id="1-1942" name="DijkstraDistance_CanFindLongestTrail" fullname="PlayersWorlds.Maps.Maze.PostProcessing.DijkstraDistanceTest.DijkstraDistance_CanFindLongestTrail" methodname="DijkstraDistance_CanFindLongestTrail" classname="PlayersWorlds.Maps.Maze.PostProcessing.DijkstraDistanceTest" runstate="Runnable" seed="157808777" result="Passed" start-time="2024-06-10T14:12:05.4181450Z" end-time="2024-06-10T14:12:05.4193930Z" duration="0.001248" asserts="4" />
                <test-case id="1-1940" name="DijkstraDistance_CanSolveAMaze" fullname="PlayersWorlds.Maps.Maze.PostProcessing.DijkstraDistanceTest.DijkstraDistance_CanSolveAMaze" methodname="DijkstraDistance_CanSolveAMaze" classname="PlayersWorlds.Maps.Maze.PostProcessing.DijkstraDistanceTest" runstate="Runnable" seed="308734893" result="Passed" start-time="2024-06-10T14:12:05.4194010Z" end-time="2024-06-10T14:12:05.4197520Z" duration="0.000351" asserts="4" />
                <test-case id="1-1939" name="DijkstraDistance_FindsAllDistances" fullname="PlayersWorlds.Maps.Maze.PostProcessing.DijkstraDistanceTest.DijkstraDistance_FindsAllDistances" methodname="DijkstraDistance_FindsAllDistances" classname="PlayersWorlds.Maps.Maze.PostProcessing.DijkstraDistanceTest" runstate="Runnable" seed="1867045767" result="Passed" start-time="2024-06-10T14:12:05.4197590Z" end-time="2024-06-10T14:12:05.4388080Z" duration="0.019048" asserts="3" />
                <test-case id="1-1941" name="DijkstraDistance_ReturnsEmptyIfNoSolutionFound" fullname="PlayersWorlds.Maps.Maze.PostProcessing.DijkstraDistanceTest.DijkstraDistance_ReturnsEmptyIfNoSolutionFound" methodname="DijkstraDistance_ReturnsEmptyIfNoSolutionFound" classname="PlayersWorlds.Maps.Maze.PostProcessing.DijkstraDistanceTest" runstate="Runnable" seed="376562741" result="Passed" start-time="2024-06-10T14:12:05.4388280Z" end-time="2024-06-10T14:12:05.4390560Z" duration="0.000228" asserts="1" />
              </test-suite>
            </test-suite>
            <test-suite type="TestFixture" id="1-1931" name="SidewinderMazeGeneratorTest" fullname="PlayersWorlds.Maps.Maze.SidewinderMazeGeneratorTest" classname="PlayersWorlds.Maps.Maze.SidewinderMazeGeneratorTest" runstate="Runnable" testcasecount="2" result="Passed" start-time="2024-06-10T14:12:05.4390840Z" end-time="2024-06-10T14:12:05.4530380Z" duration="0.013955" total="1" passed="1" failed="0" warnings="0" inconclusive="0" skipped="0" asserts="2">
              <test-case id="1-1932" name="ArchShapedAreas" fullname="PlayersWorlds.Maps.Maze.SidewinderMazeGeneratorTest.ArchShapedAreas" methodname="ArchShapedAreas" classname="PlayersWorlds.Maps.Maze.SidewinderMazeGeneratorTest" runstate="Runnable" seed="1737783761" result="Passed" start-time="2024-06-10T14:12:05.4391930Z" end-time="2024-06-10T14:12:05.4530250Z" duration="0.013831" asserts="2" />
            </test-suite>
            <test-suite type="TestFixture" id="1-1934" name="WilsonsMazeGeneratorTest" fullname="PlayersWorlds.Maps.Maze.WilsonsMazeGeneratorTest" classname="PlayersWorlds.Maps.Maze.WilsonsMazeGeneratorTest" runstate="Runnable" testcasecount="1" result="Passed" start-time="2024-06-10T14:12:05.4530500Z" end-time="2024-06-10T14:12:05.4713910Z" duration="0.018341" total="1" passed="1" failed="0" warnings="0" inconclusive="0" skipped="0" asserts="1">
              <test-case id="1-1935" name="DuplicateRandom" fullname="PlayersWorlds.Maps.Maze.WilsonsMazeGeneratorTest.DuplicateRandom" methodname="DuplicateRandom" classname="PlayersWorlds.Maps.Maze.WilsonsMazeGeneratorTest" runstate="Runnable" seed="2041990512" result="Passed" start-time="2024-06-10T14:12:05.4531120Z" end-time="2024-06-10T14:12:05.4713760Z" duration="0.018264" asserts="1">
                <properties>
                  <property name="Timeout" value="1000" />
                </properties>
              </test-case>
            </test-suite>
          </test-suite>
          <test-suite type="TestFixture" id="1-1057" name="Maze2DRendererTest" fullname="PlayersWorlds.Maps.Maze2DRendererTest" classname="PlayersWorlds.Maps.Maze2DRendererTest" runstate="Runnable" testcasecount="8" result="Passed" start-time="2024-06-10T14:12:05.4714110Z" end-time="2024-06-10T14:12:05.4959380Z" duration="0.024528" total="8" passed="8" failed="0" warnings="0" inconclusive="0" skipped="0" asserts="57">
            <test-case id="1-1060" name="CanRenderAMapWithFilledAreas" fullname="PlayersWorlds.Maps.Maze2DRendererTest.CanRenderAMapWithFilledAreas" methodname="CanRenderAMapWithFilledAreas" classname="PlayersWorlds.Maps.Maze2DRendererTest" runstate="Runnable" seed="375258881" result="Passed" start-time="2024-06-10T14:12:05.4714730Z" end-time="2024-06-10T14:12:05.4764920Z" duration="0.005019" asserts="1" />
            <test-case id="1-1061" name="CanRenderAMapWithHallAreas" fullname="PlayersWorlds.Maps.Maze2DRendererTest.CanRenderAMapWithHallAreas" methodname="CanRenderAMapWithHallAreas" classname="PlayersWorlds.Maps.Maze2DRendererTest" runstate="Runnable" seed="1960347609" result="Passed" start-time="2024-06-10T14:12:05.4765030Z" end-time="2024-06-10T14:12:05.4813030Z" duration="0.004801" asserts="1" />
            <test-case id="1-1058" name="CanRenderAMapWithSmoothCorners" fullname="PlayersWorlds.Maps.Maze2DRendererTest.CanRenderAMapWithSmoothCorners" methodname="CanRenderAMapWithSmoothCorners" classname="PlayersWorlds.Maps.Maze2DRendererTest" runstate="Runnable" seed="1285191909" result="Passed" start-time="2024-06-10T14:12:05.4813240Z" end-time="2024-06-10T14:12:05.4850460Z" duration="0.003722" asserts="1" />
            <test-case id="1-1059" name="CanRenderAMapWithVoids" fullname="PlayersWorlds.Maps.Maze2DRendererTest.CanRenderAMapWithVoids" methodname="CanRenderAMapWithVoids" classname="PlayersWorlds.Maps.Maze2DRendererTest" runstate="Runnable" seed="934282013" result="Passed" start-time="2024-06-10T14:12:05.4850560Z" end-time="2024-06-10T14:12:05.4893210Z" duration="0.004265" asserts="1" />
            <test-case id="1-1065" name="CellsMapping_ValidMapping" fullname="PlayersWorlds.Maps.Maze2DRendererTest.CellsMapping_ValidMapping" methodname="CellsMapping_ValidMapping" classname="PlayersWorlds.Maps.Maze2DRendererTest" runstate="Runnable" seed="728505174" result="Passed" start-time="2024-06-10T14:12:05.4893320Z" end-time="2024-06-10T14:12:05.4934130Z" duration="0.004081" asserts="45" />
            <test-case id="1-1062" name="Maze2DStringBoxRenderer_CanConvertToAscii" fullname="PlayersWorlds.Maps.Maze2DRendererTest.Maze2DStringBoxRenderer_CanConvertToAscii" methodname="Maze2DStringBoxRenderer_CanConvertToAscii" classname="PlayersWorlds.Maps.Maze2DRendererTest" runstate="Runnable" seed="684303134" result="Passed" start-time="2024-06-10T14:12:05.4934250Z" end-time="2024-06-10T14:12:05.4943740Z" duration="0.000949" asserts="1" />
            <test-case id="1-1063" name="Maze2DStringBoxRenderer_CanConvertToAsciiWithData" fullname="PlayersWorlds.Maps.Maze2DRendererTest.Maze2DStringBoxRenderer_CanConvertToAsciiWithData" methodname="Maze2DStringBoxRenderer_CanConvertToAsciiWithData" classname="PlayersWorlds.Maps.Maze2DRendererTest" runstate="Runnable" seed="878581796" result="Passed" start-time="2024-06-10T14:12:05.4943820Z" end-time="2024-06-10T14:12:05.4952430Z" duration="0.000861" asserts="1" />
            <test-case id="1-1064" name="Maze2DToMap2DConverter_ThrowsIfInvalidOptions" fullname="PlayersWorlds.Maps.Maze2DRendererTest.Maze2DToMap2DConverter_ThrowsIfInvalidOptions" methodname="Maze2DToMap2DConverter_ThrowsIfInvalidOptions" classname="PlayersWorlds.Maps.Maze2DRendererTest" runstate="Runnable" seed="1768140919" result="Passed" start-time="2024-06-10T14:12:05.4952540Z" end-time="2024-06-10T14:12:05.4959240Z" duration="0.000670" asserts="6" />
          </test-suite>
          <test-suite type="TestFixture" id="1-1024" name="NArrayTest" fullname="PlayersWorlds.Maps.NArrayTest" classname="PlayersWorlds.Maps.NArrayTest" runstate="Runnable" testcasecount="24" result="Passed" start-time="2024-06-10T14:12:05.4959520Z" end-time="2024-06-10T14:12:05.5071120Z" duration="0.011160" total="24" passed="24" failed="0" warnings="0" inconclusive="0" skipped="0" asserts="86">
            <test-case id="1-1044" name="CellsAt_AnyCellAt2x2" fullname="PlayersWorlds.Maps.NArrayTest.CellsAt_AnyCellAt2x2" methodname="CellsAt_AnyCellAt2x2" classname="PlayersWorlds.Maps.NArrayTest" runstate="Runnable" seed="386045936" result="Passed" start-time="2024-06-10T14:12:05.4960110Z" end-time="2024-06-10T14:12:05.4965730Z" duration="0.000562" asserts="5" />
            <test-case id="1-1047" name="CellsAt_AnyCellAtCloseEdge2x2" fullname="PlayersWorlds.Maps.NArrayTest.CellsAt_AnyCellAtCloseEdge2x2" methodname="CellsAt_AnyCellAtCloseEdge2x2" classname="PlayersWorlds.Maps.NArrayTest" runstate="Runnable" seed="878419061" result="Passed" start-time="2024-06-10T14:12:05.4965810Z" end-time="2024-06-10T14:12:05.4968680Z" duration="0.000287" asserts="5" />
            <test-case id="1-1036" name="NArray_AdjacentRegion_ReturnsCorrectNeighbors" fullname="PlayersWorlds.Maps.NArrayTest.NArray_AdjacentRegion_ReturnsCorrectNeighbors" methodname="NArray_AdjacentRegion_ReturnsCorrectNeighbors" classname="PlayersWorlds.Maps.NArrayTest" runstate="Runnable" seed="1342148418" result="Passed" start-time="2024-06-10T14:12:05.4968760Z" end-time="2024-06-10T14:12:05.4980370Z" duration="0.001162" asserts="6" />
            <test-case id="1-1037" name="NArray_AdjacentRegion_ReturnsCorrectNeighborsIn4DSpace" fullname="PlayersWorlds.Maps.NArrayTest.NArray_AdjacentRegion_ReturnsCorrectNeighborsIn4DSpace" methodname="NArray_AdjacentRegion_ReturnsCorrectNeighborsIn4DSpace" classname="PlayersWorlds.Maps.NArrayTest" runstate="Runnable" seed="1668926313" result="Passed" start-time="2024-06-10T14:12:05.4980500Z" end-time="2024-06-10T14:12:05.4986270Z" duration="0.000578" asserts="6" />
[...]
              <test-case id="1-1140" name="CanDeserializeCellWithLinks" fullname="PlayersWorlds.Maps.Serializer.CellSerializerTest.CanDeserializeCellWithLinks" methodname="CanDeserializeCellWithLinks" classname="PlayersWorlds.Maps.Serializer.CellSerializerTest" runstate="Runnable" seed="174979242" result="Passed" start-time="2024-06-10T14:12:05.5213140Z" end-time="2024-06-10T14:12:05.5215030Z" duration="0.000190" asserts="4" />
              <test-case id="1-1144" name="CanDeserializeCellWithLinksAndTags" fullname="PlayersWorlds.Maps.Serializer.CellSerializerTest.CanDeserializeCellWithLinksAndTags" methodname="CanDeserializeCellWithLinksAndTags" classname="PlayersWorlds.Maps.Serializer.CellSerializerTest" runstate="Runnable" seed="1300408183" result="Passed" start-time="2024-06-10T14:12:05.5215110Z" end-time="2024-06-10T14:12:05.5217280Z" duration="0.000217" asserts="6" />
              <test-case id="1-1142" name="CanDeserializeCellWithTags" fullname="PlayersWorlds.Maps.Serializer.CellSerializerTest.CanDeserializeCellWithTags" methodname="CanDeserializeCellWithTags" classname="PlayersWorlds.Maps.Serializer.CellSerializerTest" runstate="Runnable" seed="458001772" result="Passed" start-time="2024-06-10T14:12:05.5217350Z" end-time="2024-06-10T14:12:05.5218820Z" duration="0.000148" asserts="4" />
              <test-case id="1-1138" name="CanDeserializeEmptyCell" fullname="PlayersWorlds.Maps.Serializer.CellSerializerTest.CanDeserializeEmptyCell" methodname="CanDeserializeEmptyCell" classname="PlayersWorlds.Maps.Serializer.CellSerializerTest" runstate="Runnable" seed="425543649" result="Passed" start-time="2024-06-10T14:12:05.5218910Z" end-time="2024-06-10T14:12:05.5219830Z" duration="0.000092" asserts="2" />
              <test-case id="1-1139" name="CanSerializeCellWithLinks" fullname="PlayersWorlds.Maps.Serializer.CellSerializerTest.CanSerializeCellWithLinks" methodname="CanSerializeCellWithLinks" classname="PlayersWorlds.Maps.Serializer.CellSerializerTest" runstate="Runnable" seed="1844447439" result="Passed" start-time="2024-06-10T14:12:05.5219900Z" end-time="2024-06-10T14:12:05.5221480Z" duration="0.000159" asserts="1" />
              <test-case id="1-1143" name="CanSerializeCellWithLinksAndTags" fullname="PlayersWorlds.Maps.Serializer.CellSerializerTest.CanSerializeCellWithLinksAndTags" methodname="CanSerializeCellWithLinksAndTags" classname="PlayersWorlds.Maps.Serializer.CellSerializerTest" runstate="Runnable" seed="1657641016" result="Passed" start-time="2024-06-10T14:12:05.5221550Z" end-time="2024-06-10T14:12:05.5224050Z" duration="0.000250" asserts="1" />
              <test-case id="1-1141" name="CanSerializeCellWithTags" fullname="PlayersWorlds.Maps.Serializer.CellSerializerTest.CanSerializeCellWithTags" methodname="CanSerializeCellWithTags" classname="PlayersWorlds.Maps.Serializer.CellSerializerTest" runstate="Runnable" seed="1513394121" result="Passed" start-time="2024-06-10T14:12:05.5224120Z" end-time="2024-06-10T14:12:05.5226040Z" duration="0.000192" asserts="1" />
              <test-case id="1-1137" name="CanSerializeEmptyCell" fullname="PlayersWorlds.Maps.Serializer.CellSerializerTest.CanSerializeEmptyCell" methodname="CanSerializeEmptyCell" classname="PlayersWorlds.Maps.Serializer.CellSerializerTest" runstate="Runnable" seed="318623551" result="Passed" start-time="2024-06-10T14:12:05.5226110Z" end-time="2024-06-10T14:12:05.5227160Z" duration="0.000105" asserts="1" />
            </test-suite>
          </test-suite>
          <test-suite type="TestFixture" id="1-1066" name="VectorDTest" fullname="PlayersWorlds.Maps.VectorDTest" classname="PlayersWorlds.Maps.VectorDTest" runstate="Runnable" testcasecount="11" result="Passed" start-time="2024-06-10T14:12:05.5227420Z" end-time="2024-06-10T14:12:05.5250500Z" duration="0.002308" total="11" passed="11" failed="0" warnings="0" inconclusive="0" skipped="0" asserts="33">
            <test-case id="1-1074" name="CanAddAndSubtract" fullname="PlayersWorlds.Maps.VectorDTest.CanAddAndSubtract" methodname="CanAddAndSubtract" classname="PlayersWorlds.Maps.VectorDTest" runstate="Runnable" seed="1536929599" result="Passed" start-time="2024-06-10T14:12:05.5227960Z" end-time="2024-06-10T14:12:05.5231080Z" duration="0.000311" asserts="5" />
            <test-case id="1-1075" name="ConstructorChecksArguments" fullname="PlayersWorlds.Maps.VectorDTest.ConstructorChecksArguments" methodname="ConstructorChecksArguments" classname="PlayersWorlds.Maps.VectorDTest" runstate="Runnable" seed="792169179" result="Passed" start-time="2024-06-10T14:12:05.5231160Z" end-time="2024-06-10T14:12:05.5232220Z" duration="0.000107" asserts="1" />
            <test-case id="1-1068" name="EqualityIsCheckedByValue" fullname="PlayersWorlds.Maps.VectorDTest.EqualityIsCheckedByValue" methodname="EqualityIsCheckedByValue" classname="PlayersWorlds.Maps.VectorDTest" runstate="Runnable" seed="264290164" result="Passed" start-time="2024-06-10T14:12:05.5232290Z" end-time="2024-06-10T14:12:05.5234370Z" duration="0.000208" asserts="4" />
            <test-case id="1-1069" name="GetHashCodeIsDerivedFromValue" fullname="PlayersWorlds.Maps.VectorDTest.GetHashCodeIsDerivedFromValue" methodname="GetHashCodeIsDerivedFromValue" classname="PlayersWorlds.Maps.VectorDTest" runstate="Runnable" seed="55374816" result="Passed" start-time="2024-06-10T14:12:05.5234440Z" end-time="2024-06-10T14:12:05.5235200Z" duration="0.000076" asserts="1" />
            <test-case id="1-1072" name="InitializedAsNull" fullname="PlayersWorlds.Maps.VectorDTest.InitializedAsNull" methodname="InitializedAsNull" classname="PlayersWorlds.Maps.VectorDTest" runstate="Runnable" seed="1752568541" result="Passed" start-time="2024-06-10T14:12:05.5235270Z" end-time="2024-06-10T14:12:05.5236250Z" duration="0.000099" asserts="1" />
            <test-case id="1-1071" name="InitializedEmpty" fullname="PlayersWorlds.Maps.VectorDTest.InitializedEmpty" methodname="InitializedEmpty" classname="PlayersWorlds.Maps.VectorDTest" runstate="Runnable" seed="1838746270" result="Passed" start-time="2024-06-10T14:12:05.5236320Z" end-time="2024-06-10T14:12:05.5238970Z" duration="0.000265" asserts="4" />
            <test-case id="1-1067" name="IsInitialized" fullname="PlayersWorlds.Maps.VectorDTest.IsInitialized" methodname="IsInitialized" classname="PlayersWorlds.Maps.VectorDTest" runstate="Runnable" seed="1548651345" result="Passed" start-time="2024-06-10T14:12:05.5239040Z" end-time="2024-06-10T14:12:05.5240580Z" duration="0.000153" asserts="2" />
            <test-case id="1-1073" name="IsZero" fullname="PlayersWorlds.Maps.VectorDTest.IsZero" methodname="IsZero" classname="PlayersWorlds.Maps.VectorDTest" runstate="Runnable" seed="985947007" result="Passed" start-time="2024-06-10T14:12:05.5240640Z" end-time="2024-06-10T14:12:05.5241680Z" duration="0.000103" asserts="3" />
            <test-case id="1-1076" name="SnappedForce" fullname="PlayersWorlds.Maps.VectorDTest.SnappedForce" methodname="SnappedForce" classname="PlayersWorlds.Maps.VectorDTest" runstate="Runnable" seed="703446631" result="Passed" start-time="2024-06-10T14:12:05.5241740Z" end-time="2024-06-10T14:12:05.5245500Z" duration="0.000375" asserts="9" />
            <test-case id="1-1070" name="ToStringFormat" fullname="PlayersWorlds.Maps.VectorDTest.ToStringFormat" methodname="ToStringFormat" classname="PlayersWorlds.Maps.VectorDTest" runstate="Runnable" seed="119938696" result="Passed" start-time="2024-06-10T14:12:05.5245570Z" end-time="2024-06-10T14:12:05.5246360Z" duration="0.000080" asserts="1" />
            <test-case id="1-1077" name="VectorD_Parse" fullname="PlayersWorlds.Maps.VectorDTest.VectorD_Parse" methodname="VectorD_Parse" classname="PlayersWorlds.Maps.VectorDTest" runstate="Runnable" seed="1505577929" result="Passed" start-time="2024-06-10T14:12:05.5246430Z" end-time="2024-06-10T14:12:05.5250400Z" duration="0.000396" asserts="2" />
          </test-suite>
          <test-suite type="TestFixture" id="1-1078" name="VectorTest" fullname="PlayersWorlds.Maps.VectorTest" classname="PlayersWorlds.Maps.VectorTest" runstate="Runnable" testcasecount="29" result="Passed" start-time="2024-06-10T14:12:05.5250630Z" end-time="2024-06-10T14:12:05.5325090Z" duration="0.007446" total="29" passed="29" failed="0" warnings="0" inconclusive="0" skipped="0" asserts="229">
            <test-case id="1-1095" name="FitsInto" fullname="PlayersWorlds.Maps.VectorTest.FitsInto" methodname="FitsInto" classname="PlayersWorlds.Maps.VectorTest" runstate="Runnable" seed="1678682419" result="Passed" start-time="2024-06-10T14:12:05.5251190Z" end-time="2024-06-10T14:12:05.5252570Z" duration="0.000137" asserts="3" />
            <test-case id="1-1098" name="FromIndex_Matches_FromIndex" fullname="PlayersWorlds.Maps.VectorTest.FromIndex_Matches_FromIndex" methodname="FromIndex_Matches_FromIndex" classname="PlayersWorlds.Maps.VectorTest" runstate="Runnable" seed="787624590" result="Passed" start-time="2024-06-10T14:12:05.5252630Z" end-time="2024-06-10T14:12:05.5253640Z" duration="0.000101" asserts="1" />
            <test-case id="1-1106" name="FromIndex_ShouldThrowException_DimensionMismatch" fullname="PlayersWorlds.Maps.VectorTest.FromIndex_ShouldThrowException_DimensionMismatch" methodname="FromIndex_ShouldThrowException_DimensionMismatch" classname="PlayersWorlds.Maps.VectorTest" runstate="Runnable" seed="959143588" result="Passed" start-time="2024-06-10T14:12:05.5253710Z" end-time="2024-06-10T14:12:05.5257450Z" duration="0.000374" asserts="1" />
            <test-case id="1-1096" name="IsIn" fullname="PlayersWorlds.Maps.VectorTest.IsIn" methodname="IsIn" classname="PlayersWorlds.Maps.VectorTest" runstate="Runnable" seed="58902471" result="Passed" start-time="2024-06-10T14:12:05.5257530Z" end-time="2024-06-10T14:12:05.5268420Z" duration="0.001089" asserts="7" />
            <test-case id="1-1107" name="NorthEastComparer_ComparesCorrectly" fullname="PlayersWorlds.Maps.VectorTest.NorthEastComparer_ComparesCorrectly" methodname="NorthEastComparer_ComparesCorrectly" classname="PlayersWorlds.Maps.VectorTest" runstate="Runnable" seed="228961437" result="Passed" start-time="2024-06-10T14:12:05.5268500Z" end-time="2024-06-10T14:12:05.5279890Z" duration="0.001139" asserts="1" />
            <test-case id="1-1080" name="Size_NotInitialized" fullname="PlayersWorlds.Maps.VectorTest.Size_NotInitialized" methodname="Size_NotInitialized" classname="PlayersWorlds.Maps.VectorTest" runstate="Runnable" seed="350446882" result="Passed" start-time="2024-06-10T14:12:05.5279990Z" end-time="2024-06-10T14:12:05.5281820Z" duration="0.000183" asserts="2" />
            <test-case id="1-1102" name="ToIndex_FromIndex_RoundTripConversion" fullname="PlayersWorlds.Maps.VectorTest.ToIndex_FromIndex_RoundTripConversion" methodname="ToIndex_FromIndex_RoundTripConversion" classname="PlayersWorlds.Maps.VectorTest" runstate="Runnable" seed="1924017584" result="Passed" start-time="2024-06-10T14:12:05.5281890Z" end-time="2024-06-10T14:12:05.5289030Z" duration="0.000713" asserts="150" />
            <test-case id="1-1103" name="ToIndex_FromIndex_Valid5D" fullname="PlayersWorlds.Maps.VectorTest.ToIndex_FromIndex_Valid5D" methodname="ToIndex_FromIndex_Valid5D" classname="PlayersWorlds.Maps.VectorTest" runstate="Runnable" seed="1794532597" result="Passed" start-time="2024-06-10T14:12:05.5289090Z" end-time="2024-06-10T14:12:05.5292230Z" duration="0.000314" asserts="13" />
            <test-case id="1-1097" name="ToIndex_Matches_ToIndex" fullname="PlayersWorlds.Maps.VectorTest.ToIndex_Matches_ToIndex" methodname="ToIndex_Matches_ToIndex" classname="PlayersWorlds.Maps.VectorTest" runstate="Runnable" seed="1264523480" result="Passed" start-time="2024-06-10T14:12:05.5292310Z" end-time="2024-06-10T14:12:05.5293240Z" duration="0.000093" asserts="1" />
            <test-case id="1-1099" name="ToIndex_ShouldCalculateCorrectIndex_1D" fullname="PlayersWorlds.Maps.VectorTest.ToIndex_ShouldCalculateCorrectIndex_1D" methodname="ToIndex_ShouldCalculateCorrectIndex_1D" classname="PlayersWorlds.Maps.VectorTest" runstate="Runnable" seed="1984371595" result="Passed" start-time="2024-06-10T14:12:05.5293300Z" end-time="2024-06-10T14:12:05.5294250Z" duration="0.000095" asserts="2" />
            <test-case id="1-1100" name="ToIndex_ShouldCalculateCorrectIndex_2D" fullname="PlayersWorlds.Maps.VectorTest.ToIndex_ShouldCalculateCorrectIndex_2D" methodname="ToIndex_ShouldCalculateCorrectIndex_2D" classname="PlayersWorlds.Maps.VectorTest" runstate="Runnable" seed="901038274" result="Passed" start-time="2024-06-10T14:12:05.5294320Z" end-time="2024-06-10T14:12:05.5295250Z" duration="0.000094" asserts="2" />
            <test-case id="1-1101" name="ToIndex_ShouldCalculateCorrectIndex_3D" fullname="PlayersWorlds.Maps.VectorTest.ToIndex_ShouldCalculateCorrectIndex_3D" methodname="ToIndex_ShouldCalculateCorrectIndex_3D" classname="PlayersWorlds.Maps.VectorTest" runstate="Runnable" seed="924484469" result="Passed" start-time="2024-06-10T14:12:05.5295310Z" end-time="2024-06-10T14:12:05.5296230Z" duration="0.000092" asserts="2" />
            <test-case id="1-1105" name="ToIndex_ShouldThrowException_DimensionMismatch" fullname="PlayersWorlds.Maps.VectorTest.ToIndex_ShouldThrowException_DimensionMismatch" methodname="ToIndex_ShouldThrowException_DimensionMismatch" classname="PlayersWorlds.Maps.VectorTest" runstate="Runnable" seed="237239599" result="Passed" start-time="2024-06-10T14:12:05.5296290Z" end-time="2024-06-10T14:12:05.5298000Z" duration="0.000171" asserts="1" />
            <test-case id="1-1104" name="ToIndex_ShouldThrowException_DimensionOverflow" fullname="PlayersWorlds.Maps.VectorTest.ToIndex_ShouldThrowException_DimensionOverflow" methodname="ToIndex_ShouldThrowException_DimensionOverflow" classname="PlayersWorlds.Maps.VectorTest" runstate="Runnable" seed="1521049708" result="Passed" start-time="2024-06-10T14:12:05.5298070Z" end-time="2024-06-10T14:12:05.5299910Z" duration="0.000184" asserts="1" />
            <test-case id="1-1088" name="Vector_CanAddAndSubtract" fullname="PlayersWorlds.Maps.VectorTest.Vector_CanAddAndSubtract" methodname="Vector_CanAddAndSubtract" classname="PlayersWorlds.Maps.VectorTest" runstate="Runnable" seed="680450229" result="Passed" start-time="2024-06-10T14:12:05.5299980Z" end-time="2024-06-10T14:12:05.5303710Z" duration="0.000373" asserts="6" />
            <test-case id="1-1089" name="Vector_ConstructorChecksArguments" fullname="PlayersWorlds.Maps.VectorTest.Vector_ConstructorChecksArguments" methodname="Vector_ConstructorChecksArguments" classname="PlayersWorlds.Maps.VectorTest" runstate="Runnable" seed="219632565" result="Passed" start-time="2024-06-10T14:12:05.5303790Z" end-time="2024-06-10T14:12:05.5304720Z" duration="0.000093" asserts="1" />
            <test-case id="1-1086" name="Vector_EmptyIsEmpty" fullname="PlayersWorlds.Maps.VectorTest.Vector_EmptyIsEmpty" methodname="Vector_EmptyIsEmpty" classname="PlayersWorlds.Maps.VectorTest" runstate="Runnable" seed="557232128" result="Passed" start-time="2024-06-10T14:12:05.5304780Z" end-time="2024-06-10T14:12:05.5305440Z" duration="0.000066" asserts="1" />
            <test-case id="1-1085" name="Vector_EmptyVectorIsEmpty" fullname="PlayersWorlds.Maps.VectorTest.Vector_EmptyVectorIsEmpty" methodname="Vector_EmptyVectorIsEmpty" classname="PlayersWorlds.Maps.VectorTest" runstate="Runnable" seed="1172507561" result="Passed" start-time="2024-06-10T14:12:05.5305520Z" end-time="2024-06-10T14:12:05.5306180Z" duration="0.000066" asserts="1" />
            <test-case id="1-1081" name="Vector_EqualityIsCheckedByValue" fullname="PlayersWorlds.Maps.VectorTest.Vector_EqualityIsCheckedByValue" methodname="Vector_EqualityIsCheckedByValue" classname="PlayersWorlds.Maps.VectorTest" runstate="Runnable" seed="891909652" result="Passed" start-time="2024-06-10T14:12:05.5306240Z" end-time="2024-06-10T14:12:05.5308260Z" duration="0.000202" asserts="5" />
            <test-case id="1-1093" name="Vector_FromIndex" fullname="PlayersWorlds.Maps.VectorTest.Vector_FromIndex" methodname="Vector_FromIndex" classname="PlayersWorlds.Maps.VectorTest" runstate="Runnable" seed="708005298" result="Passed" start-time="2024-06-10T14:12:05.5308330Z" end-time="2024-06-10T14:12:05.5309420Z" duration="0.000109" asserts="2" />
            <test-case id="1-1082" name="Vector_GetHashCodeIsDerivedFromValue" fullname="PlayersWorlds.Maps.VectorTest.Vector_GetHashCodeIsDerivedFromValue" methodname="Vector_GetHashCodeIsDerivedFromValue" classname="PlayersWorlds.Maps.VectorTest" runstate="Runnable" seed="1413970221" result="Passed" start-time="2024-06-10T14:12:05.5309480Z" end-time="2024-06-10T14:12:05.5311500Z" duration="0.000202" asserts="2" />
            <test-case id="1-1079" name="Vector_IsInitialized" fullname="PlayersWorlds.Maps.VectorTest.Vector_IsInitialized" methodname="Vector_IsInitialized" classname="PlayersWorlds.Maps.VectorTest" runstate="Runnable" seed="1764983239" result="Passed" start-time="2024-06-10T14:12:05.5311570Z" end-time="2024-06-10T14:12:05.5312330Z" duration="0.000076" asserts="2" />
            <test-case id="1-1087" name="Vector_NotEqualToNull" fullname="PlayersWorlds.Maps.VectorTest.Vector_NotEqualToNull" methodname="Vector_NotEqualToNull" classname="PlayersWorlds.Maps.VectorTest" runstate="Runnable" seed="741992469" result="Passed" start-time="2024-06-10T14:12:05.5312390Z" end-time="2024-06-10T14:12:05.5314110Z" duration="0.000172" asserts="3" />
            <test-case id="1-1091" name="Vector_SnappedForce" fullname="PlayersWorlds.Maps.VectorTest.Vector_SnappedForce" methodname="Vector_SnappedForce" classname="PlayersWorlds.Maps.VectorTest" runstate="Runnable" seed="214604817" result="Passed" start-time="2024-06-10T14:12:05.5314180Z" end-time="2024-06-10T14:12:05.5317960Z" duration="0.000378" asserts="9" />
            <test-case id="1-1090" name="Vector_ThrowsIfNotAValidSize" fullname="PlayersWorlds.Maps.VectorTest.Vector_ThrowsIfNotAValidSize" methodname="Vector_ThrowsIfNotAValidSize" classname="PlayersWorlds.Maps.VectorTest" runstate="Runnable" seed="657860552" result="Passed" start-time="2024-06-10T14:12:05.5318030Z" end-time="2024-06-10T14:12:05.5320400Z" duration="0.000237" asserts="3" />
            <test-case id="1-1092" name="Vector_ToIndex" fullname="PlayersWorlds.Maps.VectorTest.Vector_ToIndex" methodname="Vector_ToIndex" classname="PlayersWorlds.Maps.VectorTest" runstate="Runnable" seed="890352723" result="Passed" start-time="2024-06-10T14:12:05.5320470Z" end-time="2024-06-10T14:12:05.5322250Z" duration="0.000178" asserts="3" />
            <test-case id="1-1083" name="Vector_ToStringFormat" fullname="PlayersWorlds.Maps.VectorTest.Vector_ToStringFormat" methodname="Vector_ToStringFormat" classname="PlayersWorlds.Maps.VectorTest" runstate="Runnable" seed="263642166" result="Passed" start-time="2024-06-10T14:12:05.5322320Z" end-time="2024-06-10T14:12:05.5323170Z" duration="0.000085" asserts="2" />
            <test-case id="1-1084" name="Vector_ZeroVectorIsNotEmpty" fullname="PlayersWorlds.Maps.VectorTest.Vector_ZeroVectorIsNotEmpty" methodname="Vector_ZeroVectorIsNotEmpty" classname="PlayersWorlds.Maps.VectorTest" runstate="Runnable" seed="1621058084" result="Passed" start-time="2024-06-10T14:12:05.5323230Z" end-time="2024-06-10T14:12:05.5324070Z" duration="0.000084" asserts="1" />
            <test-case id="1-1094" name="VectorD_Parse" fullname="PlayersWorlds.Maps.VectorTest.VectorD_Parse" methodname="VectorD_Parse" classname="PlayersWorlds.Maps.VectorTest" runstate="Runnable" seed="448325509" result="Passed" start-time="2024-06-10T14:12:05.5324130Z" end-time="2024-06-10T14:12:05.5324970Z" duration="0.000084" asserts="1" />
          </test-suite>
        </test-suite>
      </test-suite>
    </test-suite>
  </test-suite>
</test-run>