<?xml version="1.0" encoding="utf-8" standalone="no"?>
<test-run id="0" runstate="Runnable" testcasecount="1016" result="Failed" total="1016" passed="769" failed="1" warnings="0" inconclusive="0" skipped="246" asserts="19190" engine-version="3.17.0.0" clr-version="4.0.30319.42000" start-time="2024-05-21 07:30:28Z" end-time="2024-05-21 07:32:31Z" duration="122.493306">
  <command-line><![CDATA[/home/data/repos/github.com/aynurin/maze-gen/packages/NUnit.ConsoleRunner.3.17.0/tools/nunit3-console.exe build/Debug/tests/PlayersWorlds.Maps.Tests.dll --framework=mono-4.0]]></command-line>
  <test-suite type="Assembly" id="1-2063" name="PlayersWorlds.Maps.Tests.dll" fullname="/home/data/repos/github.com/aynurin/maze-gen/build/Debug/tests/PlayersWorlds.Maps.Tests.dll" runstate="Runnable" testcasecount="1016" result="Failed" site="Child" start-time="2024-05-21T07:30:29.1609740Z" end-time="2024-05-21T07:32:31.1859680Z" duration="122.024916" total="1016" passed="769" failed="1" warnings="0" inconclusive="0" skipped="246" asserts="19190">
    <environment framework-version="4.0.1.0" clr-version="4.0.30319.42000" os-version="Unix 6.1.84.1" platform="Unix" cwd="/home/data/repos/github.com/aynurin/maze-gen" machine-name="lightview" user="shav" user-domain="lightview" culture="en-US" uiculture="en-US" os-architecture="x64" />
    <settings>
      <setting name="RequestedRuntimeFramework" value="mono-4.0" />
      <setting name="DisposeRunners" value="True" />
      <setting name="WorkDirectory" value="/home/data/repos/github.com/aynurin/maze-gen" />
      <setting name="ImageRuntimeVersion" value="4.0.30319" />
      <setting name="ImageTargetFrameworkName" value=".NETFramework,Version=v4.7" />
      <setting name="ImageRequiresX86" value="False" />
      <setting name="ImageRequiresDefaultAppDomainAssemblyResolver" value="False" />
      <setting name="TargetRuntimeFramework" value="mono-4.0" />
      <setting name="NumberOfTestWorkers" value="24" />
    </settings>
    <properties>
      <property name="_PID" value="64447" />
      <property name="_APPDOMAIN" value="domain-" />
    </properties>
    <failure>
      <message><![CDATA[One or more child tests had errors]]></message>
    </failure>
    <test-suite type="SetUpFixture" id="1-1003" name="[default namespace]" fullname="TestsSetup" classname="TestsSetup" runstate="Runnable" testcasecount="1016" result="Failed" site="Child" start-time="2024-05-21T07:30:29.1660270Z" end-time="2024-05-21T07:32:31.1859540Z" duration="122.019927" total="1016" passed="769" failed="1" warnings="0" inconclusive="0" skipped="246" asserts="19190">
      <failure>
        <message><![CDATA[One or more child tests had errors]]></message>
      </failure>
      <test-suite type="TestSuite" id="1-2064" name="PlayersWorlds" fullname="PlayersWorlds" runstate="Runnable" testcasecount="1014" result="Failed" site="Child" start-time="2024-05-21T07:30:29.1688880Z" end-time="2024-05-21T07:32:31.1667220Z" duration="121.997834" total="1014" passed="767" failed="1" warnings="0" inconclusive="0" skipped="246" asserts="16148">
        <failure>
          <message><![CDATA[One or more child tests had errors]]></message>
        </failure>
        <test-suite type="TestSuite" id="1-2065" name="Maps" fullname="PlayersWorlds.Maps" runstate="Runnable" testcasecount="1014" result="Failed" site="Child" start-time="2024-05-21T07:30:29.1689520Z" end-time="2024-05-21T07:32:31.1667180Z" duration="121.997766" total="1014" passed="767" failed="1" warnings="0" inconclusive="0" skipped="246" asserts="16148">
          <failure>
            <message><![CDATA[One or more child tests had errors]]></message>
          </failure>
          <test-suite type="TestSuite" id="1-2070" name="Areas" fullname="PlayersWorlds.Maps.Areas" runstate="Runnable" testcasecount="139" result="Failed" site="Child" start-time="2024-05-21T07:30:29.1689610Z" end-time="2024-05-21T07:31:50.6146930Z" duration="81.445732" total="139" passed="138" failed="1" warnings="0" inconclusive="0" skipped="0" asserts="352">
            <failure>
              <message><![CDATA[One or more child tests had errors]]></message>
            </failure>
            <test-suite type="TestSuite" id="1-2071" name="Evolving" fullname="PlayersWorlds.Maps.Areas.Evolving" runstate="Runnable" testcasecount="133" result="Failed" site="Child" start-time="2024-05-21T07:30:29.1689670Z" end-time="2024-05-21T07:31:50.6092480Z" duration="81.440281" total="133" passed="132" failed="1" warnings="0" inconclusive="0" skipped="0" asserts="325">
              <failure>
                <message><![CDATA[One or more child tests had errors]]></message>
              </failure>
              <test-suite type="TestFixture" id="1-1918" name="AreaDistributorLoadTest" fullname="PlayersWorlds.Maps.Areas.Evolving.AreaDistributorLoadTest" classname="PlayersWorlds.Maps.Areas.Evolving.AreaDistributorLoadTest" runstate="Runnable" testcasecount="1" result="Failed" site="Child" start-time="2024-05-21T07:30:29.1690140Z" end-time="2024-05-21T07:31:45.4721730Z" duration="76.303159" total="1" passed="0" failed="1" warnings="0" inconclusive="0" skipped="0" asserts="1">
                <failure>
                  <message><![CDATA[One or more child tests had errors]]></message>
                </failure>
                <test-case id="1-1919" name="AreaDistributor_LoadTest" fullname="PlayersWorlds.Maps.Areas.Evolving.AreaDistributorLoadTest.AreaDistributor_LoadTest" methodname="AreaDistributor_LoadTest" classname="PlayersWorlds.Maps.Areas.Evolving.AreaDistributorLoadTest" runstate="Runnable" seed="641306337" result="Failed" start-time="2024-05-21T07:30:29.1691490Z" end-time="2024-05-21T07:31:45.4691360Z" duration="76.300079" asserts="1">
                  <properties>
                    <property name="Category" value="Load" />
                  </properties>
                  <failure>
                    <message><![CDATA[  Passed: 998, Failed: 2
Assert.That(, )
  Expected: True
  But was:  False
]]></message>
                    <stack-trace><![CDATA[  at PlayersWorlds.Maps.Areas.Evolving.AreaDistributorLoadTest.AreaDistributor_LoadTest () [0x0004e] in /home/data/repos/github.com/aynurin/maze-gen/tests/areas/evolving/AreaDistributorLoadTest.cs:48 
]]></stack-trace>
                  </failure>
                  <output><![CDATA[PlayersWorlds.Maps.Areas.Evolving.AreaDistributorHelper+DistributeResult(	Log = TestLog
, 	OriginalOutOfBounds = List`1<Area>()
, 	OriginalOverlapping = List`1<Area>(P9x2;S7x12;None;, P7x28;S8x6;None;, P9x26;S4x1;None;, P16x6;S2x12;None;, P14x7;S7x12;None;...(8))
, 	OriginalAreas = List`1<Area>(P9x2;S7x12;None;, P7x28;S8x6;None;, P9x26;S4x1;None;, P16x6;S2x12;None;, P14x7;S7x12;None;...(11))
, 	PlacedOutOfBounds = List`1<Area>()
, 	PlacedOverlapping = List`1<Area>(P11x14;S3x5;None;, P11x18;S3x6;None;)
, 	PlacedAreas = List`1<Area>(P5x27;S7x12;None;, P2x21;S8x6;None;, P17x24;S4x1;None;, P7x5;S2x12;None;, P10x1;S7x12;None;...(11))
, 	MaxEpochs = 100
, 	TestString = yield return "27x41: P9x2;S7x12 P7x28;S8x6 P9x26;S4x1 P16x6;S2x12 P14x7;S7x12 P15x14;S6x12 P0x4;S1x12 P6x26;S8x4 P23x21;S3x5 P17x19;S3x6 P3x36;S2x2"
)
PlayersWorlds.Maps.Areas.Evolving.AreaDistributorHelper+DistributeResult(	Log = TestLog
, 	OriginalOutOfBounds = List`1<Area>()
, 	OriginalOverlapping = List`1<Area>(P4x10;S1x15;None;, P4x23;S1x8;None;, P1x11;S1x11;None;, P1x18;S1x10;None;)
, 	OriginalAreas = List`1<Area>(P4x10;S1x15;None;, P4x23;S1x8;None;, P1x11;S1x11;None;, P1x39;S1x2;None;, P0x27;S1x15;None;...(6))
, 	PlacedOutOfBounds = List`1<Area>(P3x-1;S1x15;None;, P3x34;S1x15;None;)
, 	PlacedOverlapping = List`1<Area>()
, 	PlacedAreas = List`1<Area>(P3x-1;S1x15;None;, P3x14;S1x8;None;, P2x21;S1x11;None;, P3x32;S1x2;None;, P3x34;S1x15;None;...(6))
, 	MaxEpochs = 100
, 	TestString = yield return "7x48: P4x10;S1x15 P4x23;S1x8 P1x11;S1x11 P1x39;S1x2 P0x27;S1x15 P1x18;S1x10"
)
]]></output>
                  <assertions>
                    <assertion result="Failed">
                      <message><![CDATA[  Passed: 998, Failed: 2
Assert.That(, )
  Expected: True
  But was:  False
]]></message>
                      <stack-trace><![CDATA[  at PlayersWorlds.Maps.Areas.Evolving.AreaDistributorLoadTest.AreaDistributor_LoadTest () [0x0004e] in /home/data/repos/github.com/aynurin/maze-gen/tests/areas/evolving/AreaDistributorLoadTest.cs:48 
]]></stack-trace>
                    </assertion>
                  </assertions>
                </test-case>
              </test-suite>
              <test-suite type="TestFixture" id="1-1920" name="AreaDistributorTest" fullname="PlayersWorlds.Maps.Areas.Evolving.AreaDistributorTest" classname="PlayersWorlds.Maps.Areas.Evolving.AreaDistributorTest" runstate="Runnable" testcasecount="78" result="Passed" start-time="2024-05-21T07:31:45.4737010Z" end-time="2024-05-21T07:31:50.4943230Z" duration="5.020622" total="78" passed="78" failed="0" warnings="0" inconclusive="0" skipped="0" asserts="156">
                <test-suite type="ParameterizedMethod" id="1-2002" name="AreaDistributorTest_CanLayout" fullname="PlayersWorlds.Maps.Areas.Evolving.AreaDistributorTest.AreaDistributorTest_CanLayout" classname="PlayersWorlds.Maps.Areas.Evolving.AreaDistributorTest" runstate="Runnable" testcasecount="55" result="Passed" start-time="2024-05-21T07:31:45.4738120Z" end-time="2024-05-21T07:31:50.4433830Z" duration="4.969570" total="55" passed="55" failed="0" warnings="0" inconclusive="0" skipped="0" asserts="110">
                  <properties>
                    <property name="Category" value="Integration" />
                    <property name="Category" value="Smoke" />
                  </properties>
                  <test-case id="1-1947" name="AreaDistributorTest_CanLayout(&quot;13x8: P9x6;S3x1 P1x4;S2x1&quot;)" fullname="PlayersWorlds.Maps.Areas.Evolving.AreaDistributorTest.AreaDistributorTest_CanLayout(&quot;13x8: P9x6;S3x1 P1x4;S2x1&quot;)" methodname="AreaDistributorTest_CanLayout" classname="PlayersWorlds.Maps.Areas.Evolving.AreaDistributorTest" runstate="Runnable" seed="984836223" result="Passed" start-time="2024-05-21T07:31:45.4739010Z" end-time="2024-05-21T07:31:45.4789780Z" duration="0.005077" asserts="2" />
                  <test-case id="1-1948" name="AreaDistributorTest_CanLayout(&quot;20x20: P14x14;S5x3 P-2x14;S1x4 P7x-3;S2x4 P2x4;S1x3&quot;)" fullname="PlayersWorlds.Maps.Areas.Evolving.AreaDistributorTest.AreaDistributorTest_CanLayout(&quot;20x20: P14x14;S5x3 P-2x14;S1x4 P7x-3;S2x4 P2x4;S1x3&quot;)" methodname="AreaDistributorTest_CanLayout" classname="PlayersWorlds.Maps.Areas.Evolving.AreaDistributorTest" runstate="Runnable" seed="1392908087" result="Passed" start-time="2024-05-21T07:31:45.4789900Z" end-time="2024-05-21T07:31:45.4948710Z" duration="0.015881" asserts="2" />
                  <test-case id="1-1949" name="AreaDistributorTest_CanLayout(&quot;6x14: P0x10;S1x3&quot;)" fullname="PlayersWorlds.Maps.Areas.Evolving.AreaDistributorTest.AreaDistributorTest_CanLayout(&quot;6x14: P0x10;S1x3&quot;)" methodname="AreaDistributorTest_CanLayout" classname="PlayersWorlds.Maps.Areas.Evolving.AreaDistributorTest" runstate="Runnable" seed="1208200175" result="Passed" start-time="2024-05-21T07:31:45.4949290Z" end-time="2024-05-21T07:31:45.4957810Z" duration="0.000852" asserts="2" />
                  <test-case id="1-1950" name="AreaDistributorTest_CanLayout(&quot;23x22: P11x10;S6x2 P-1x14;S5x1 P5x-3;S5x3 P11x22;S2x1&quot;)" fullname="PlayersWorlds.Maps.Areas.Evolving.AreaDistributorTest.AreaDistributorTest_CanLayout(&quot;23x22: P11x10;S6x2 P-1x14;S5x1 P5x-3;S5x3 P11x22;S2x1&quot;)" methodname="AreaDistributorTest_CanLayout" classname="PlayersWorlds.Maps.Areas.Evolving.AreaDistributorTest" runstate="Runnable" seed="30595262" result="Passed" start-time="2024-05-21T07:31:45.4957920Z" end-time="2024-05-21T07:31:45.5098380Z" duration="0.014046" asserts="2" />
                  <test-case id="1-1951" name="AreaDistributorTest_CanLayout(&quot;18x23: P-3x-8;S5x5 P30x8;S3x6 P9x3;S4x4 P12x15;S1x3&quot;)" fullname="PlayersWorlds.Maps.Areas.Evolving.AreaDistributorTest.AreaDistributorTest_CanLayout(&quot;18x23: P-3x-8;S5x5 P30x8;S3x6 P9x3;S4x4 P12x15;S1x3&quot;)" methodname="AreaDistributorTest_CanLayout" classname="PlayersWorlds.Maps.Areas.Evolving.AreaDistributorTest" runstate="Runnable" seed="1880828345" result="Passed" start-time="2024-05-21T07:31:45.5098500Z" end-time="2024-05-21T07:31:45.5190630Z" duration="0.009214" asserts="2" />
                  <test-case id="1-1952" name="AreaDistributorTest_CanLayout(&quot;23x8: P4x7;S4x1 P2x-1;S1x1&quot;)" fullname="PlayersWorlds.Maps.Areas.Evolving.AreaDistributorTest.AreaDistributorTest_CanLayout(&quot;23x8: P4x7;S4x1 P2x-1;S1x1&quot;)" methodname="AreaDistributorTest_CanLayout" classname="PlayersWorlds.Maps.Areas.Evolving.AreaDistributorTest" runstate="Runnable" seed="344487534" result="Passed" start-time="2024-05-21T07:31:45.5190850Z" end-time="2024-05-21T07:31:45.5214530Z" duration="0.002368" asserts="2" />
                  <test-case id="1-1953" name="AreaDistributorTest_CanLayout(&quot;21x13: P8x-3;S6x3 P8x4;S6x3 P7x2;S4x2&quot;)" fullname="PlayersWorlds.Maps.Areas.Evolving.AreaDistributorTest.AreaDistributorTest_CanLayout(&quot;21x13: P8x-3;S6x3 P8x4;S6x3 P7x2;S4x2&quot;)" methodname="AreaDistributorTest_CanLayout" classname="PlayersWorlds.Maps.Areas.Evolving.AreaDistributorTest" runstate="Runnable" seed="882027428" result="Passed" start-time="2024-05-21T07:31:45.5214640Z" end-time="2024-05-21T07:31:45.5319150Z" duration="0.010451" asserts="2" />
                  <test-case id="1-1954" name="AreaDistributorTest_CanLayout(&quot;16x14: P2x13;S3x1 P11x-1;S4x3&quot;)" fullname="PlayersWorlds.Maps.Areas.Evolving.AreaDistributorTest.AreaDistributorTest_CanLayout(&quot;16x14: P2x13;S3x1 P11x-1;S4x3&quot;)" methodname="AreaDistributorTest_CanLayout" classname="PlayersWorlds.Maps.Areas.Evolving.AreaDistributorTest" runstate="Runnable" seed="1616365372" result="Passed" start-time="2024-05-21T07:31:45.5319270Z" end-time="2024-05-21T07:31:45.5342200Z" duration="0.002293" asserts="2" />
                  <test-case id="1-1955" name="AreaDistributorTest_CanLayout(&quot;24x12: P12x7;S2x1 P14x-1;S5x2 P16x11;S1x1&quot;)" fullname="PlayersWorlds.Maps.Areas.Evolving.AreaDistributorTest.AreaDistributorTest_CanLayout(&quot;24x12: P12x7;S2x1 P14x-1;S5x2 P16x11;S1x1&quot;)" methodname="AreaDistributorTest_CanLayout" classname="PlayersWorlds.Maps.Areas.Evolving.AreaDistributorTest" runstate="Runnable" seed="1604425487" result="Passed" start-time="2024-05-21T07:31:45.5342310Z" end-time="2024-05-21T07:31:45.5399560Z" duration="0.005726" asserts="2" />
                  <test-case id="1-1956" name="AreaDistributorTest_CanLayout(&quot;9x18: P2x10;S2x2 P2x8;S2x5&quot;)" fullname="PlayersWorlds.Maps.Areas.Evolving.AreaDistributorTest.AreaDistributorTest_CanLayout(&quot;9x18: P2x10;S2x2 P2x8;S2x5&quot;)" methodname="AreaDistributorTest_CanLayout" classname="PlayersWorlds.Maps.Areas.Evolving.AreaDistributorTest" runstate="Runnable" seed="561019645" result="Passed" start-time="2024-05-21T07:31:45.5399680Z" end-time="2024-05-21T07:31:45.5451190Z" duration="0.005151" asserts="2" />
                  <test-case id="1-1957" name="AreaDistributorTest_CanLayout(&quot;9x18: P2x8;S2x5 P2x10;S2x2&quot;)" fullname="PlayersWorlds.Maps.Areas.Evolving.AreaDistributorTest.AreaDistributorTest_CanLayout(&quot;9x18: P2x8;S2x5 P2x10;S2x2&quot;)" methodname="AreaDistributorTest_CanLayout" classname="PlayersWorlds.Maps.Areas.Evolving.AreaDistributorTest" runstate="Runnable" seed="729100000" result="Passed" start-time="2024-05-21T07:31:45.5451310Z" end-time="2024-05-21T07:31:45.5496940Z" duration="0.004563" asserts="2" />
                  <test-case id="1-1958" name="AreaDistributorTest_CanLayout(&quot;21x21: P-3x-3;S6x6 P6x10;S4x2 P9x16;S2x2 P3x14;S4x2&quot;)" fullname="PlayersWorlds.Maps.Areas.Evolving.AreaDistributorTest.AreaDistributorTest_CanLayout(&quot;21x21: P-3x-3;S6x6 P6x10;S4x2 P9x16;S2x2 P3x14;S4x2&quot;)" methodname="AreaDistributorTest_CanLayout" classname="PlayersWorlds.Maps.Areas.Evolving.AreaDistributorTest" runstate="Runnable" seed="142819817" result="Passed" start-time="2024-05-21T07:31:45.5497040Z" end-time="2024-05-21T07:31:45.5591160Z" duration="0.009412" asserts="2" />
                  <test-case id="1-1959" name="AreaDistributorTest_CanLayout(&quot;14x24: P-9x5;S2x7 P26x5;S1x7 P3x11;S3x7 P5x19;S3x2 P3x6;S2x5 P2x19;S2x2&quot;)" fullname="PlayersWorlds.Maps.Areas.Evolving.AreaDistributorTest.AreaDistributorTest_CanLayout(&quot;14x24: P-9x5;S2x7 P26x5;S1x7 P3x11;S3x7 P5x19;S3x2 P3x6;S2x5 P2x19;S2x2&quot;)" methodname="AreaDistributorTest_CanLayout" classname="PlayersWorlds.Maps.Areas.Evolving.AreaDistributorTest" runstate="Runnable" seed="2080266533" result="Passed" start-time="2024-05-21T07:31:45.5591280Z" end-time="2024-05-21T07:31:45.6186310Z" duration="0.059503" asserts="2" />
                  <test-case id="1-1960" name="AreaDistributorTest_CanLayout(&quot;33x10: P13x11;S10x1 P13x-1;S10x1 P19x3;S8x1 P4x6;S9x1 P9x3;S9x2 P2x3;S3x2&quot;)" fullname="PlayersWorlds.Maps.Areas.Evolving.AreaDistributorTest.AreaDistributorTest_CanLayout(&quot;33x10: P13x11;S10x1 P13x-1;S10x1 P19x3;S8x1 P4x6;S9x1 P9x3;S9x2 P2x3;S3x2&quot;)" methodname="AreaDistributorTest_CanLayout" classname="PlayersWorlds.Maps.Areas.Evolving.AreaDistributorTest" runstate="Runnable" seed="41907198" result="Passed" start-time="2024-05-21T07:31:45.6186470Z" end-time="2024-05-21T07:31:45.6898510Z" duration="0.071204" asserts="2" />
                  <test-case id="1-1961" name="AreaDistributorTest_CanLayout(&quot;6x49: P-1x5;S1x11 P5x17;S1x11 P2x23;S1x9 P2x14;S1x13 P0x12;S1x9&quot;)" fullname="PlayersWorlds.Maps.Areas.Evolving.AreaDistributorTest.AreaDistributorTest_CanLayout(&quot;6x49: P-1x5;S1x11 P5x17;S1x11 P2x23;S1x9 P2x14;S1x13 P0x12;S1x9&quot;)" methodname="AreaDistributorTest_CanLayout" classname="PlayersWorlds.Maps.Areas.Evolving.AreaDistributorTest" runstate="Runnable" seed="1618822223" result="Passed" start-time="2024-05-21T07:31:45.6898670Z" end-time="2024-05-21T07:31:45.7627470Z" duration="0.072880" asserts="2" />
                  <test-case id="1-1962" name="AreaDistributorTest_CanLayout(&quot;35x5: P5x-1;S10x1 P23x4;S8x1 P4x2;S3x1 P12x2;S2x1&quot;)" fullname="PlayersWorlds.Maps.Areas.Evolving.AreaDistributorTest.AreaDistributorTest_CanLayout(&quot;35x5: P5x-1;S10x1 P23x4;S8x1 P4x2;S3x1 P12x2;S2x1&quot;)" methodname="AreaDistributorTest_CanLayout" classname="PlayersWorlds.Maps.Areas.Evolving.AreaDistributorTest" runstate="Runnable" seed="273074562" result="Passed" start-time="2024-05-21T07:31:45.7627670Z" end-time="2024-05-21T07:31:45.8076960Z" duration="0.044930" asserts="2" />
                  <test-case id="1-1963" name="AreaDistributorTest_CanLayout(&quot;42x5: P4x5;S10x1 P30x1;S3x1 P10x1;S3x1 P2x2;S1x1&quot;)" fullname="PlayersWorlds.Maps.Areas.Evolving.AreaDistributorTest.AreaDistributorTest_CanLayout(&quot;42x5: P4x5;S10x1 P30x1;S3x1 P10x1;S3x1 P2x2;S1x1&quot;)" methodname="AreaDistributorTest_CanLayout" classname="PlayersWorlds.Maps.Areas.Evolving.AreaDistributorTest" runstate="Runnable" seed="1927024703" result="Passed" start-time="2024-05-21T07:31:45.8077080Z" end-time="2024-05-21T07:31:45.8395010Z" duration="0.031793" asserts="2" />
                  <test-case id="1-1964" name="AreaDistributorTest_CanLayout(&quot;39x5: P14x5;S10x1 P5x-1;S9x1 P2x2;S1x1 P10x4;S8x1&quot;)" fullname="PlayersWorlds.Maps.Areas.Evolving.AreaDistributorTest.AreaDistributorTest_CanLayout(&quot;39x5: P14x5;S10x1 P5x-1;S9x1 P2x2;S1x1 P10x4;S8x1&quot;)" methodname="AreaDistributorTest_CanLayout" classname="PlayersWorlds.Maps.Areas.Evolving.AreaDistributorTest" runstate="Runnable" seed="1656411989" result="Passed" start-time="2024-05-21T07:31:45.8395120Z" end-time="2024-05-21T07:31:45.8669410Z" duration="0.027429" asserts="2" />
                  <test-case id="1-1965" name="AreaDistributorTest_CanLayout(&quot;6x47: P6x12;S1x12 P3x13;S1x5 P3x18;S1x4 P3x38;S1x6 P2x2;S1x2&quot;)" fullname="PlayersWorlds.Maps.Areas.Evolving.AreaDistributorTest.AreaDistributorTest_CanLayout(&quot;6x47: P6x12;S1x12 P3x13;S1x5 P3x18;S1x4 P3x38;S1x6 P2x2;S1x2&quot;)" methodname="AreaDistributorTest_CanLayout" classname="PlayersWorlds.Maps.Areas.Evolving.AreaDistributorTest" runstate="Runnable" seed="1946745336" result="Passed" start-time="2024-05-21T07:31:45.8669630Z" end-time="2024-05-21T07:31:45.9389220Z" duration="0.071960" asserts="2" />
                  <test-case id="1-1966" name="AreaDistributorTest_CanLayout(&quot;6x47: P-1x28;S1x11 P6x11;S1x11 P6x6;S1x11 P-1x6;S1x11 P1x35;S1x5&quot;)" fullname="PlayersWorlds.Maps.Areas.Evolving.AreaDistributorTest.AreaDistributorTest_CanLayout(&quot;6x47: P-1x28;S1x11 P6x11;S1x11 P6x6;S1x11 P-1x6;S1x11 P1x35;S1x5&quot;)" methodname="AreaDistributorTest_CanLayout" classname="PlayersWorlds.Maps.Areas.Evolving.AreaDistributorTest" runstate="Runnable" seed="765097400" result="Passed" start-time="2024-05-21T07:31:45.9389360Z" end-time="2024-05-21T07:31:46.0038560Z" duration="0.064920" asserts="2" />
                  <test-case id="1-1967" name="AreaDistributorTest_CanLayout(&quot;6x47: P7x10;S1x14 P2x41;S1x3 P3x4;S1x3 P3x10;S1x4 P0x25;S1x9&quot;)" fullname="PlayersWorlds.Maps.Areas.Evolving.AreaDistributorTest.AreaDistributorTest_CanLayout(&quot;6x47: P7x10;S1x14 P2x41;S1x3 P3x4;S1x3 P3x10;S1x4 P0x25;S1x9&quot;)" methodname="AreaDistributorTest_CanLayout" classname="PlayersWorlds.Maps.Areas.Evolving.AreaDistributorTest" runstate="Runnable" seed="1239609758" result="Passed" start-time="2024-05-21T07:31:46.0038690Z" end-time="2024-05-21T07:31:46.0744530Z" duration="0.070585" asserts="2" />
                  <test-case id="1-1968" name="AreaDistributorTest_CanLayout(&quot;5x45: P-1x5;S1x10 P-2x21;S1x12 P7x17;S1x14 P2x40;S1x1 P1x29;S1x4&quot;)" fullname="PlayersWorlds.Maps.Areas.Evolving.AreaDistributorTest.AreaDistributorTest_CanLayout(&quot;5x45: P-1x5;S1x10 P-2x21;S1x12 P7x17;S1x14 P2x40;S1x1 P1x29;S1x4&quot;)" methodname="AreaDistributorTest_CanLayout" classname="PlayersWorlds.Maps.Areas.Evolving.AreaDistributorTest" runstate="Runnable" seed="956494236" result="Passed" start-time="2024-05-21T07:31:46.0744650Z" end-time="2024-05-21T07:31:46.1471890Z" duration="0.072724" asserts="2" />
                  <test-case id="1-1969" name="AreaDistributorTest_CanLayout(&quot;46x5: P4x-1;S10x1 P29x0;S7x1 P29x2;S2x1 P32x2;S10x1 P17x0;S5x1&quot;)" fullname="PlayersWorlds.Maps.Areas.Evolving.AreaDistributorTest.AreaDistributorTest_CanLayout(&quot;46x5: P4x-1;S10x1 P29x0;S7x1 P29x2;S2x1 P32x2;S10x1 P17x0;S5x1&quot;)" methodname="AreaDistributorTest_CanLayout" classname="PlayersWorlds.Maps.Areas.Evolving.AreaDistributorTest" runstate="Runnable" seed="1431491902" result="Passed" start-time="2024-05-21T07:31:46.1472030Z" end-time="2024-05-21T07:31:46.2050610Z" duration="0.057858" asserts="2" />
                  <test-case id="1-1970" name="AreaDistributorTest_CanLayout(&quot;6x48: P-2x28;S1x14 P6x6;S1x12 P3x22;S1x2 P1x14;S1x7 P2x23;S1x12&quot;)" fullname="PlayersWorlds.Maps.Areas.Evolving.AreaDistributorTest.AreaDistributorTest_CanLayout(&quot;6x48: P-2x28;S1x14 P6x6;S1x12 P3x22;S1x2 P1x14;S1x7 P2x23;S1x12&quot;)" methodname="AreaDistributorTest_CanLayout" classname="PlayersWorlds.Maps.Areas.Evolving.AreaDistributorTest" runstate="Runnable" seed="363256318" result="Passed" start-time="2024-05-21T07:31:46.2050840Z" end-time="2024-05-21T07:31:46.2779510Z" duration="0.072867" asserts="2" />
                  <test-case id="1-1971" name="AreaDistributorTest_CanLayout(&quot;47x5: P30x-3;S13x1 P24x-2;S11x1 P17x7;S14x1 P27x2;S2x1 P4x1;S4x1&quot;)" fullname="PlayersWorlds.Maps.Areas.Evolving.AreaDistributorTest.AreaDistributorTest_CanLayout(&quot;47x5: P30x-3;S13x1 P24x-2;S11x1 P17x7;S14x1 P27x2;S2x1 P4x1;S4x1&quot;)" methodname="AreaDistributorTest_CanLayout" classname="PlayersWorlds.Maps.Areas.Evolving.AreaDistributorTest" runstate="Runnable" seed="496218817" result="Passed" start-time="2024-05-21T07:31:46.2779660Z" end-time="2024-05-21T07:31:46.3423230Z" duration="0.064357" asserts="2" />
                  <test-case id="1-1972" name="AreaDistributorTest_CanLayout(&quot;5x45: P-2x13;S1x10 P-2x7;S1x12 P2x3;S1x2 P0x3;S1x8 P2x10;S1x1&quot;)" fullname="PlayersWorlds.Maps.Areas.Evolving.AreaDistributorTest.AreaDistributorTest_CanLayout(&quot;5x45: P-2x13;S1x10 P-2x7;S1x12 P2x3;S1x2 P0x3;S1x8 P2x10;S1x1&quot;)" methodname="AreaDistributorTest_CanLayout" classname="PlayersWorlds.Maps.Areas.Evolving.AreaDistributorTest" runstate="Runnable" seed="1854334475" result="Passed" start-time="2024-05-21T07:31:46.3423370Z" end-time="2024-05-21T07:31:46.4114350Z" duration="0.069098" asserts="2" />
                  <test-case id="1-1973" name="AreaDistributorTest_CanLayout(&quot;5x47: P7x28;S1x13 P6x15;S1x11 P1x2;S1x3 P2x40;S1x2 P2x43;S1x1&quot;)" fullname="PlayersWorlds.Maps.Areas.Evolving.AreaDistributorTest.AreaDistributorTest_CanLayout(&quot;5x47: P7x28;S1x13 P6x15;S1x11 P1x2;S1x3 P2x40;S1x2 P2x43;S1x1&quot;)" methodname="AreaDistributorTest_CanLayout" classname="PlayersWorlds.Maps.Areas.Evolving.AreaDistributorTest" runstate="Runnable" seed="909587985" result="Passed" start-time="2024-05-21T07:31:46.4114480Z" end-time="2024-05-21T07:31:46.4544230Z" duration="0.042975" asserts="2" />
                  <test-case id="1-1974" name="AreaDistributorTest_CanLayout(&quot;5x36: P-2x21;S1x11 P2x12;S1x1 P2x15;S1x2 P2x8;S1x3&quot;)" fullname="PlayersWorlds.Maps.Areas.Evolving.AreaDistributorTest.AreaDistributorTest_CanLayout(&quot;5x36: P-2x21;S1x11 P2x12;S1x1 P2x15;S1x2 P2x8;S1x3&quot;)" methodname="AreaDistributorTest_CanLayout" classname="PlayersWorlds.Maps.Areas.Evolving.AreaDistributorTest" runstate="Runnable" seed="2016475874" result="Passed" start-time="2024-05-21T07:31:46.4544350Z" end-time="2024-05-21T07:31:46.4819860Z" duration="0.027551" asserts="2" />
                  <test-case id="1-1975" name="AreaDistributorTest_CanLayout(&quot;6x39: P-1x20;S1x11 P3x19;S1x2 P2x11;S1x11 P2x20;S1x5 P3x10;S1x5&quot;)" fullname="PlayersWorlds.Maps.Areas.Evolving.AreaDistributorTest.AreaDistributorTest_CanLayout(&quot;6x39: P-1x20;S1x11 P3x19;S1x2 P2x11;S1x11 P2x20;S1x5 P3x10;S1x5&quot;)" methodname="AreaDistributorTest_CanLayout" classname="PlayersWorlds.Maps.Areas.Evolving.AreaDistributorTest" runstate="Runnable" seed="241638605" result="Passed" start-time="2024-05-21T07:31:46.4819980Z" end-time="2024-05-21T07:31:46.5325560Z" duration="0.050558" asserts="2" />
                  <test-case id="1-1976" name="AreaDistributorTest_CanLayout(&quot;44x6: P23x-2;S13x1 P7x-2;S13x1 P6x2;S8x1 P37x3;S2x1 P29x2;S10x1&quot;)" fullname="PlayersWorlds.Maps.Areas.Evolving.AreaDistributorTest.AreaDistributorTest_CanLayout(&quot;44x6: P23x-2;S13x1 P7x-2;S13x1 P6x2;S8x1 P37x3;S2x1 P29x2;S10x1&quot;)" methodname="AreaDistributorTest_CanLayout" classname="PlayersWorlds.Maps.Areas.Evolving.AreaDistributorTest" runstate="Runnable" seed="1488085705" result="Passed" start-time="2024-05-21T07:31:46.5325790Z" end-time="2024-05-21T07:31:46.5837290Z" duration="0.051150" asserts="2" />
                  <test-case id="1-1977" name="AreaDistributorTest_CanLayout(&quot;6x42: P-1x6;S1x11 P-2x21;S1x13 P3x36;S1x3 P5x7;S1x9 P0x27;S1x10&quot;)" fullname="PlayersWorlds.Maps.Areas.Evolving.AreaDistributorTest.AreaDistributorTest_CanLayout(&quot;6x42: P-1x6;S1x11 P-2x21;S1x13 P3x36;S1x3 P5x7;S1x9 P0x27;S1x10&quot;)" methodname="AreaDistributorTest_CanLayout" classname="PlayersWorlds.Maps.Areas.Evolving.AreaDistributorTest" runstate="Runnable" seed="1583922359" result="Passed" start-time="2024-05-21T07:31:46.5837470Z" end-time="2024-05-21T07:31:46.6561080Z" duration="0.072361" asserts="2" />
                  <test-case id="1-1978" name="AreaDistributorTest_CanLayout(&quot;40x5: P8x6;S12x1 P24x-1;S9x1 P3x0;S8x1 P23x2;S2x1&quot;)" fullname="PlayersWorlds.Maps.Areas.Evolving.AreaDistributorTest.AreaDistributorTest_CanLayout(&quot;40x5: P8x6;S12x1 P24x-1;S9x1 P3x0;S8x1 P23x2;S2x1&quot;)" methodname="AreaDistributorTest_CanLayout" classname="PlayersWorlds.Maps.Areas.Evolving.AreaDistributorTest" runstate="Runnable" seed="889448956" result="Passed" start-time="2024-05-21T07:31:46.6561230Z" end-time="2024-05-21T07:31:46.6752220Z" duration="0.019100" asserts="2" />
                  <test-case id="1-1979" name="AreaDistributorTest_CanLayout(&quot;47x7: P19x7;S14x1 P9x2;S8x1 P7x4;S8x1 P14x2;S4x1 P28x5;S10x1 P35x3;S2x1&quot;)" fullname="PlayersWorlds.Maps.Areas.Evolving.AreaDistributorTest.AreaDistributorTest_CanLayout(&quot;47x7: P19x7;S14x1 P9x2;S8x1 P7x4;S8x1 P14x2;S4x1 P28x5;S10x1 P35x3;S2x1&quot;)" methodname="AreaDistributorTest_CanLayout" classname="PlayersWorlds.Maps.Areas.Evolving.AreaDistributorTest" runstate="Runnable" seed="574165073" result="Passed" start-time="2024-05-21T07:31:46.6752360Z" end-time="2024-05-21T07:31:46.7768000Z" duration="0.101564" asserts="2" />
                  <test-case id="1-1980" name="AreaDistributorTest_CanLayout(&quot;48x6: P32x-1;S11x1 P9x7;S14x1 P5x7;S13x1 P27x2;S15x1 P5x3;S3x1&quot;)" fullname="PlayersWorlds.Maps.Areas.Evolving.AreaDistributorTest.AreaDistributorTest_CanLayout(&quot;48x6: P32x-1;S11x1 P9x7;S14x1 P5x7;S13x1 P27x2;S15x1 P5x3;S3x1&quot;)" methodname="AreaDistributorTest_CanLayout" classname="PlayersWorlds.Maps.Areas.Evolving.AreaDistributorTest" runstate="Runnable" seed="823137242" result="Passed" start-time="2024-05-21T07:31:46.7770220Z" end-time="2024-05-21T07:31:46.8202260Z" duration="0.043203" asserts="2" />
                  <test-case id="1-1981" name="AreaDistributorTest_CanLayout(&quot;46x6: P20x-2;S13x1 P10x7;S14x1 P22x2;S4x1 P35x3;S6x1 P17x3;S7x1&quot;)" fullname="PlayersWorlds.Maps.Areas.Evolving.AreaDistributorTest.AreaDistributorTest_CanLayout(&quot;46x6: P20x-2;S13x1 P10x7;S14x1 P22x2;S4x1 P35x3;S6x1 P17x3;S7x1&quot;)" methodname="AreaDistributorTest_CanLayout" classname="PlayersWorlds.Maps.Areas.Evolving.AreaDistributorTest" runstate="Runnable" seed="198383228" result="Passed" start-time="2024-05-21T07:31:46.8202390Z" end-time="2024-05-21T07:31:46.8489360Z" duration="0.028698" asserts="2" />
                  <test-case id="1-1982" name="AreaDistributorTest_CanLayout(&quot;6x39: P-1x10;S1x11 P0x3;S1x7 P0x11;S1x10 P2x20;S1x7 P3x26;S1x6&quot;)" fullname="PlayersWorlds.Maps.Areas.Evolving.AreaDistributorTest.AreaDistributorTest_CanLayout(&quot;6x39: P-1x10;S1x11 P0x3;S1x7 P0x11;S1x10 P2x20;S1x7 P3x26;S1x6&quot;)" methodname="AreaDistributorTest_CanLayout" classname="PlayersWorlds.Maps.Areas.Evolving.AreaDistributorTest" runstate="Runnable" seed="2110843088" result="Passed" start-time="2024-05-21T07:31:46.8489490Z" end-time="2024-05-21T07:31:46.9208430Z" duration="0.071893" asserts="2" />
                  <test-case id="1-1983" name="AreaDistributorTest_CanLayout(&quot;43x42: P3.20x34.43;S6.00x7.00 P10.77x25.44;S9.00x11.00&quot;)" fullname="PlayersWorlds.Maps.Areas.Evolving.AreaDistributorTest.AreaDistributorTest_CanLayout(&quot;43x42: P3.20x34.43;S6.00x7.00 P10.77x25.44;S9.00x11.00&quot;)" methodname="AreaDistributorTest_CanLayout" classname="PlayersWorlds.Maps.Areas.Evolving.AreaDistributorTest" runstate="Runnable" seed="1161877514" result="Passed" start-time="2024-05-21T07:31:46.9208660Z" end-time="2024-05-21T07:31:46.9240670Z" duration="0.003201" asserts="2" />
                  <test-case id="1-1984" name="AreaDistributorTest_CanLayout(&quot;43x42: P35x26;S2x11 P34x35;S12x2&quot;)" fullname="PlayersWorlds.Maps.Areas.Evolving.AreaDistributorTest.AreaDistributorTest_CanLayout(&quot;43x42: P35x26;S2x11 P34x35;S12x2&quot;)" methodname="AreaDistributorTest_CanLayout" classname="PlayersWorlds.Maps.Areas.Evolving.AreaDistributorTest" runstate="Runnable" seed="1742683994" result="Passed" start-time="2024-05-21T07:31:46.9240790Z" end-time="2024-05-21T07:31:46.9265390Z" duration="0.002460" asserts="2" />
                  <test-case id="1-1985" name="AreaDistributorTest_CanLayout(&quot;43x42: P32x32;S4x4 P34x34;S2x2&quot;)" fullname="PlayersWorlds.Maps.Areas.Evolving.AreaDistributorTest.AreaDistributorTest_CanLayout(&quot;43x42: P32x32;S4x4 P34x34;S2x2&quot;)" methodname="AreaDistributorTest_CanLayout" classname="PlayersWorlds.Maps.Areas.Evolving.AreaDistributorTest" runstate="Runnable" seed="1484675995" result="Passed" start-time="2024-05-21T07:31:46.9265500Z" end-time="2024-05-21T07:31:46.9291100Z" duration="0.002560" asserts="2" />
                  <test-case id="1-1986" name="AreaDistributorTest_CanLayout(&quot;43x42: P32x32;S4x4 P34x34;S4x2&quot;)" fullname="PlayersWorlds.Maps.Areas.Evolving.AreaDistributorTest.AreaDistributorTest_CanLayout(&quot;43x42: P32x32;S4x4 P34x34;S4x2&quot;)" methodname="AreaDistributorTest_CanLayout" classname="PlayersWorlds.Maps.Areas.Evolving.AreaDistributorTest" runstate="Runnable" seed="1965471950" result="Passed" start-time="2024-05-21T07:31:46.9291200Z" end-time="2024-05-21T07:31:46.9321720Z" duration="0.003052" asserts="2" />
                  <test-case id="1-1987" name="AreaDistributorTest_CanLayout(&quot;43x42: P32x26;S4x10 P34x34;S4x2&quot;)" fullname="PlayersWorlds.Maps.Areas.Evolving.AreaDistributorTest.AreaDistributorTest_CanLayout(&quot;43x42: P32x26;S4x10 P34x34;S4x2&quot;)" methodname="AreaDistributorTest_CanLayout" classname="PlayersWorlds.Maps.Areas.Evolving.AreaDistributorTest" runstate="Runnable" seed="1811905535" result="Passed" start-time="2024-05-21T07:31:46.9321810Z" end-time="2024-05-21T07:31:46.9346490Z" duration="0.002468" asserts="2" />
                  <test-case id="1-1988" name="AreaDistributorTest_CanLayout(&quot;43x42: P30x26;S2x11 P29x35;S12x2&quot;)" fullname="PlayersWorlds.Maps.Areas.Evolving.AreaDistributorTest.AreaDistributorTest_CanLayout(&quot;43x42: P30x26;S2x11 P29x35;S12x2&quot;)" methodname="AreaDistributorTest_CanLayout" classname="PlayersWorlds.Maps.Areas.Evolving.AreaDistributorTest" runstate="Runnable" seed="1940965948" result="Passed" start-time="2024-05-21T07:31:46.9346590Z" end-time="2024-05-21T07:31:46.9374290Z" duration="0.002769" asserts="2" />
                  <test-case id="1-1989" name="AreaDistributorTest_CanLayout(&quot;49x26: P37.95x4.74;S12.00x2.00 P0.62x11.59;S4.00x1.00 P20.55x10.45;S7.00x7.00 P19.55x3.18;S8.00x6.00 P29.30x-0.27;S12.00x4.00 P17.11x22.28;S15.00x3.00 P9.50x0.67;S9.00x2.00 P32.27x17.54;S3.00x5.00 P0.57x21.40;S7.00x4.00 P35.67x10.30;S13.00x7.00 P6.23x9.47;S10.00x7.00&quot;)" fullname="PlayersWorlds.Maps.Areas.Evolving.AreaDistributorTest.AreaDistributorTest_CanLayout(&quot;49x26: P37.95x4.74;S12.00x2.00 P0.62x11.59;S4.00x1.00 P20.55x10.45;S7.00x7.00 P19.55x3.18;S8.00x6.00 P29.30x-0.27;S12.00x4.00 P17.11x22.28;S15.00x3.00 P9.50x0.67;S9.00x2.00 P32.27x17.54;S3.00x5.00 P0.57x21.40;S7.00x4.00 P35.67x10.30;S13.00x7.00 P6.23x9.47;S10.00x7.00&quot;)" methodname="AreaDistributorTest_CanLayout" classname="PlayersWorlds.Maps.Areas.Evolving.AreaDistributorTest" runstate="Runnable" seed="1101160185" result="Passed" start-time="2024-05-21T07:31:46.9374400Z" end-time="2024-05-21T07:31:47.2754900Z" duration="0.338049" asserts="2" />
                  <test-case id="1-1990" name="AreaDistributorTest_CanLayout(&quot;26x29: P10.00x15.00;S7.00x3.00 P20.00x0.00;S5.00x6.00 P17.00x5.00;S7.00x7.00 P5.00x4.00;S6.00x4.00 P21.00x18.00;S4.00x2.00 P20.00x8.00;S3.00x8.00 P10.00x11.00;S4.00x5.00 P0.00x5.00;S1.00x8.00 P21.00x9.00;S3.00x6.00&quot;)" fullname="PlayersWorlds.Maps.Areas.Evolving.AreaDistributorTest.AreaDistributorTest_CanLayout(&quot;26x29: P10.00x15.00;S7.00x3.00 P20.00x0.00;S5.00x6.00 P17.00x5.00;S7.00x7.00 P5.00x4.00;S6.00x4.00 P21.00x18.00;S4.00x2.00 P20.00x8.00;S3.00x8.00 P10.00x11.00;S4.00x5.00 P0.00x5.00;S1.00x8.00 P21.00x9.00;S3.00x6.00&quot;)" methodname="AreaDistributorTest_CanLayout" classname="PlayersWorlds.Maps.Areas.Evolving.AreaDistributorTest" runstate="Runnable" seed="1242363903" result="Passed" start-time="2024-05-21T07:31:47.2755210Z" end-time="2024-05-21T07:31:47.3428140Z" duration="0.067293" asserts="2" />
                  <test-case id="1-1991" name="AreaDistributorTest_CanLayout(&quot;8x45: P2.00x9.00;S1.00x6.00 P2.00x22.00;S1.00x8.00 P5.00x32.00;S1.00x10.00 P6.00x14.00;S1.00x9.00 P4.00x3.00;S1.00x14.00 P2.00x36.00;S1.00x8.00&quot;)" fullname="PlayersWorlds.Maps.Areas.Evolving.AreaDistributorTest.AreaDistributorTest_CanLayout(&quot;8x45: P2.00x9.00;S1.00x6.00 P2.00x22.00;S1.00x8.00 P5.00x32.00;S1.00x10.00 P6.00x14.00;S1.00x9.00 P4.00x3.00;S1.00x14.00 P2.00x36.00;S1.00x8.00&quot;)" methodname="AreaDistributorTest_CanLayout" classname="PlayersWorlds.Maps.Areas.Evolving.AreaDistributorTest" runstate="Runnable" seed="1045680821" result="Passed" start-time="2024-05-21T07:31:47.3428380Z" end-time="2024-05-21T07:31:47.4443190Z" duration="0.101482" asserts="2" />
                  <test-case id="1-1992" name="AreaDistributorTest_CanLayout(&quot;31x47: P2.00x15.00;S9.00x1.00 P3.00x11.00;S5.00x4.00 P2.00x11.00;S5.00x7.00 P13.00x14.00;S5.00x10.00 P8.00x37.00;S2.00x9.00 P27.00x19.00;S3.00x8.00 P20.00x12.00;S7.00x7.00 P4.00x13.00;S4.00x2.00 P20.00x31.00;S6.00x2.00 P9.00x3.00;S9.00x3.00 P6.00x34.00;S6.00x1.00 P23.00x6.00;S5.00x2.00&quot;)" fullname="PlayersWorlds.Maps.Areas.Evolving.AreaDistributorTest.AreaDistributorTest_CanLayout(&quot;31x47: P2.00x15.00;S9.00x1.00 P3.00x11.00;S5.00x4.00 P2.00x11.00;S5.00x7.00 P13.00x14.00;S5.00x10.00 P8.00x37.00;S2.00x9.00 P27.00x19.00;S3.00x8.00 P20.00x12.00;S7.00x7.00 P4.00x13.00;S4.00x2.00 P20.00x31.00;S6.00x2.00 P9.00x3.00;S9.00x3.00 P6.00x34.00;S6.00x1.00 P23.00x6.00;S5.00x2.00&quot;)" methodname="AreaDistributorTest_CanLayout" classname="PlayersWorlds.Maps.Areas.Evolving.AreaDistributorTest" runstate="Runnable" seed="727694256" result="Passed" start-time="2024-05-21T07:31:47.4443430Z" end-time="2024-05-21T07:31:47.8451950Z" duration="0.400853" asserts="2" />
                  <test-case id="1-1993" name="AreaDistributorTest_CanLayout(&quot;7x47: P4.00x40.00;S1.00x5.00 P0.00x12.00;S1.00x7.00 P1.00x9.00;S1.00x3.00 P5.00x0.00;S1.00x14.00 P2.00x37.00;S1.00x9.00 P0.00x29.00;S1.00x6.00&quot;)" fullname="PlayersWorlds.Maps.Areas.Evolving.AreaDistributorTest.AreaDistributorTest_CanLayout(&quot;7x47: P4.00x40.00;S1.00x5.00 P0.00x12.00;S1.00x7.00 P1.00x9.00;S1.00x3.00 P5.00x0.00;S1.00x14.00 P2.00x37.00;S1.00x9.00 P0.00x29.00;S1.00x6.00&quot;)" methodname="AreaDistributorTest_CanLayout" classname="PlayersWorlds.Maps.Areas.Evolving.AreaDistributorTest" runstate="Runnable" seed="1775284236" result="Passed" start-time="2024-05-21T07:31:47.8452140Z" end-time="2024-05-21T07:31:47.9262420Z" duration="0.081028" asserts="2" />
                  <test-case id="1-1994" name="AreaDistributorTest_CanLayout(&quot;48x38: P8x15;S1x3 P45x11;S2x7 P6x8;S1x3 P4x7;S10x11 P4x9;S2x8 P26x13;S1x10 P18x13;S10x7 P35x22;S10x5 P31x10;S5x9 P32x10;S13x6 P22x22;S14x6 P26x1;S3x3 P28x14;S13x10 P24x4;S12x8&quot;)" fullname="PlayersWorlds.Maps.Areas.Evolving.AreaDistributorTest.AreaDistributorTest_CanLayout(&quot;48x38: P8x15;S1x3 P45x11;S2x7 P6x8;S1x3 P4x7;S10x11 P4x9;S2x8 P26x13;S1x10 P18x13;S10x7 P35x22;S10x5 P31x10;S5x9 P32x10;S13x6 P22x22;S14x6 P26x1;S3x3 P28x14;S13x10 P24x4;S12x8&quot;)" methodname="AreaDistributorTest_CanLayout" classname="PlayersWorlds.Maps.Areas.Evolving.AreaDistributorTest" runstate="Runnable" seed="533321519" result="Passed" start-time="2024-05-21T07:31:47.9262670Z" end-time="2024-05-21T07:31:48.4713500Z" duration="0.545083" asserts="2" />
                  <test-case id="1-1995" name="AreaDistributorTest_CanLayout(&quot;31x32: P24.45x15.67;S8.00x7.00 P14.09x8.51;S1.00x6.00 P16.22x5.85;S9.00x9.00 P18.23x27.41;S1.00x4.00 P13.75x0.80;S3.00x3.00 P8.52x18.43;S4.00x7.00 P1.71x14.65;S9.00x6.00 P0.38x4.06;S7.00x7.00 P25.06x24.29;S5.00x7.00 P11.40x19.76;S6.00x9.00&quot;)" fullname="PlayersWorlds.Maps.Areas.Evolving.AreaDistributorTest.AreaDistributorTest_CanLayout(&quot;31x32: P24.45x15.67;S8.00x7.00 P14.09x8.51;S1.00x6.00 P16.22x5.85;S9.00x9.00 P18.23x27.41;S1.00x4.00 P13.75x0.80;S3.00x3.00 P8.52x18.43;S4.00x7.00 P1.71x14.65;S9.00x6.00 P0.38x4.06;S7.00x7.00 P25.06x24.29;S5.00x7.00 P11.40x19.76;S6.00x9.00&quot;)" methodname="AreaDistributorTest_CanLayout" classname="PlayersWorlds.Maps.Areas.Evolving.AreaDistributorTest" runstate="Runnable" seed="216251416" result="Passed" start-time="2024-05-21T07:31:48.4713690Z" end-time="2024-05-21T07:31:48.6654280Z" duration="0.194059" asserts="2" />
                  <test-case id="1-1996" name="AreaDistributorTest_CanLayout(&quot;45x43: P38.00x15.09;S8.00x10.00 P0.42x0.08;S10.00x4.00 P17.64x33.27;S8.00x2.00 P-0.03x22.54;S1.00x12.00 P17.50x0.62;S12.00x7.00 P23.05x19.66;S14.00x7.00 P21.76x17.00;S1.00x7.00 P11.34x8.71;S8.00x9.00 P9.60x23.72;S12.00x7.00 P0.45x8.22;S8.00x5.00 P0.65x19.15;S12.00x3.00 P19.87x38.89;S7.00x2.00 P33.99x38.13;S10.00x4.00 P34.00x0.58;S11.00x12.00&quot;)" fullname="PlayersWorlds.Maps.Areas.Evolving.AreaDistributorTest.AreaDistributorTest_CanLayout(&quot;45x43: P38.00x15.09;S8.00x10.00 P0.42x0.08;S10.00x4.00 P17.64x33.27;S8.00x2.00 P-0.03x22.54;S1.00x12.00 P17.50x0.62;S12.00x7.00 P23.05x19.66;S14.00x7.00 P21.76x17.00;S1.00x7.00 P11.34x8.71;S8.00x9.00 P9.60x23.72;S12.00x7.00 P0.45x8.22;S8.00x5.00 P0.65x19.15;S12.00x3.00 P19.87x38.89;S7.00x2.00 P33.99x38.13;S10.00x4.00 P34.00x0.58;S11.00x12.00&quot;)" methodname="AreaDistributorTest_CanLayout" classname="PlayersWorlds.Maps.Areas.Evolving.AreaDistributorTest" runstate="Runnable" seed="84770986" result="Passed" start-time="2024-05-21T07:31:48.6654450Z" end-time="2024-05-21T07:31:49.1538210Z" duration="0.488377" asserts="2" />
                  <test-case id="1-1997" name="AreaDistributorTest_CanLayout(&quot;49x10: P4.00x1.00;S13.00x7.00 P8.00x1.00;S10.00x7.00&quot;)" fullname="PlayersWorlds.Maps.Areas.Evolving.AreaDistributorTest.AreaDistributorTest_CanLayout(&quot;49x10: P4.00x1.00;S13.00x7.00 P8.00x1.00;S10.00x7.00&quot;)" methodname="AreaDistributorTest_CanLayout" classname="PlayersWorlds.Maps.Areas.Evolving.AreaDistributorTest" runstate="Runnable" seed="464174100" result="Passed" start-time="2024-05-21T07:31:49.1538510Z" end-time="2024-05-21T07:31:49.1565350Z" duration="0.002684" asserts="2" />
                  <test-case id="1-1998" name="AreaDistributorTest_CanLayout(&quot;49x16: P2x7;S12x4 P7x-1;S11x3 P19x4;S13x4 P27x11;S15x4 P17x10;S3x4 P14x3;S13x4 P24x9;S6x4 P1x13;S14x2 P9x4;S4x3&quot;)" fullname="PlayersWorlds.Maps.Areas.Evolving.AreaDistributorTest.AreaDistributorTest_CanLayout(&quot;49x16: P2x7;S12x4 P7x-1;S11x3 P19x4;S13x4 P27x11;S15x4 P17x10;S3x4 P14x3;S13x4 P24x9;S6x4 P1x13;S14x2 P9x4;S4x3&quot;)" methodname="AreaDistributorTest_CanLayout" classname="PlayersWorlds.Maps.Areas.Evolving.AreaDistributorTest" runstate="Runnable" seed="462490161" result="Passed" start-time="2024-05-21T07:31:49.1565480Z" end-time="2024-05-21T07:31:49.3812770Z" duration="0.224730" asserts="2" />
                  <test-case id="1-1999" name="AreaDistributorTest_CanLayout(&quot;49x42: P19x1;S11x2 P34x31;S6x8 P15x29;S13x12 P15x11;S5x12 P23x5;S12x6 P3x17;S9x2 P16x6;S15x4 P15x29;S9x11 P39x37;S6x4 P28x22;S12x9 P31x8;S6x3 P27x23;S9x5 P0x27;S13x9 P11x17;S5x11 P4x2;S1x1&quot;)" fullname="PlayersWorlds.Maps.Areas.Evolving.AreaDistributorTest.AreaDistributorTest_CanLayout(&quot;49x42: P19x1;S11x2 P34x31;S6x8 P15x29;S13x12 P15x11;S5x12 P23x5;S12x6 P3x17;S9x2 P16x6;S15x4 P15x29;S9x11 P39x37;S6x4 P28x22;S12x9 P31x8;S6x3 P27x23;S9x5 P0x27;S13x9 P11x17;S5x11 P4x2;S1x1&quot;)" methodname="AreaDistributorTest_CanLayout" classname="PlayersWorlds.Maps.Areas.Evolving.AreaDistributorTest" runstate="Runnable" seed="2028032718" result="Passed" start-time="2024-05-21T07:31:49.3812930Z" end-time="2024-05-21T07:31:50.0091310Z" duration="0.627838" asserts="2" />
                  <test-case id="1-2000" name="AreaDistributorTest_CanLayout(&quot;24x46: P11x20;S3x9 P5x15;S6x10 P5x14;S7x13 P10x26;S5x11 P10x18;S1x4 P11x13;S1x5 P10x29;S6x9 P13x8;S2x10 P3x17;S7x13 P5x28;S5x5 P18x8;S5x12&quot;)" fullname="PlayersWorlds.Maps.Areas.Evolving.AreaDistributorTest.AreaDistributorTest_CanLayout(&quot;24x46: P11x20;S3x9 P5x15;S6x10 P5x14;S7x13 P10x26;S5x11 P10x18;S1x4 P11x13;S1x5 P10x29;S6x9 P13x8;S2x10 P3x17;S7x13 P5x28;S5x5 P18x8;S5x12&quot;)" methodname="AreaDistributorTest_CanLayout" classname="PlayersWorlds.Maps.Areas.Evolving.AreaDistributorTest" runstate="Runnable" seed="1526852153" result="Passed" start-time="2024-05-21T07:31:50.0091510Z" end-time="2024-05-21T07:31:50.3447130Z" duration="0.335562" asserts="2" />
                  <test-case id="1-2001" name="AreaDistributorTest_CanLayout(&quot;10x10: P7x9;S2x3 P7x2;S3x2 P3x9;S2x2 P0x5;S2x3 P7x1;S2x3 P0x0;S6x5&quot;)" fullname="PlayersWorlds.Maps.Areas.Evolving.AreaDistributorTest.AreaDistributorTest_CanLayout(&quot;10x10: P7x9;S2x3 P7x2;S3x2 P3x9;S2x2 P0x5;S2x3 P7x1;S2x3 P0x0;S6x5&quot;)" methodname="AreaDistributorTest_CanLayout" classname="PlayersWorlds.Maps.Areas.Evolving.AreaDistributorTest" runstate="Runnable" seed="1509681071" result="Passed" start-time="2024-05-21T07:31:50.3447410Z" end-time="2024-05-21T07:31:50.4433450Z" duration="0.098604" asserts="2" />
                </test-suite>
                <test-case id="1-1921" name="AreaDistributorTest_OneTest" fullname="PlayersWorlds.Maps.Areas.Evolving.AreaDistributorTest.AreaDistributorTest_OneTest" methodname="AreaDistributorTest_OneTest" classname="PlayersWorlds.Maps.Areas.Evolving.AreaDistributorTest" runstate="Runnable" seed="301335089" result="Passed" start-time="2024-05-21T07:31:50.4434040Z" end-time="2024-05-21T07:31:50.4444350Z" duration="0.001031" asserts="2">
                  <properties>
                    <property name="Category" value="Integration" />
                  </properties>
                </test-case>
                <test-suite type="ParameterizedMethod" id="1-1934" name="AreaDistributorTest_OverlapTwo" fullname="PlayersWorlds.Maps.Areas.Evolving.AreaDistributorTest.AreaDistributorTest_OverlapTwo" classname="PlayersWorlds.Maps.Areas.Evolving.AreaDistributorTest" runstate="Runnable" testcasecount="10" result="Passed" start-time="2024-05-21T07:31:50.4444450Z" end-time="2024-05-21T07:31:50.4721530Z" duration="0.027708" total="10" passed="10" failed="0" warnings="0" inconclusive="0" skipped="0" asserts="20">
                  <properties>
                    <property name="Category" value="Integration" />
                  </properties>
                  <test-case id="1-1924" name="AreaDistributorTest_OverlapTwo(&quot;11x11: P3.5x3.5;S4x4 P3.5x3.5;S4x4&quot;)" fullname="PlayersWorlds.Maps.Areas.Evolving.AreaDistributorTest.AreaDistributorTest_OverlapTwo(&quot;11x11: P3.5x3.5;S4x4 P3.5x3.5;S4x4&quot;)" methodname="AreaDistributorTest_OverlapTwo" classname="PlayersWorlds.Maps.Areas.Evolving.AreaDistributorTest" runstate="Runnable" seed="1585991502" result="Passed" start-time="2024-05-21T07:31:50.4444660Z" end-time="2024-05-21T07:31:50.4483370Z" duration="0.003870" asserts="2" />
                  <test-case id="1-1925" name="AreaDistributorTest_OverlapTwo(&quot;16x16: P4x4;S8x8 P5x9;S2x2&quot;)" fullname="PlayersWorlds.Maps.Areas.Evolving.AreaDistributorTest.AreaDistributorTest_OverlapTwo(&quot;16x16: P4x4;S8x8 P5x9;S2x2&quot;)" methodname="AreaDistributorTest_OverlapTwo" classname="PlayersWorlds.Maps.Areas.Evolving.AreaDistributorTest" runstate="Runnable" seed="1473014921" result="Passed" start-time="2024-05-21T07:31:50.4483510Z" end-time="2024-05-21T07:31:50.4517720Z" duration="0.003421" asserts="2" />
                  <test-case id="1-1926" name="AreaDistributorTest_OverlapTwo(&quot;16x16: P4x4;S8x8 P5x7;S4x4&quot;)" fullname="PlayersWorlds.Maps.Areas.Evolving.AreaDistributorTest.AreaDistributorTest_OverlapTwo(&quot;16x16: P4x4;S8x8 P5x7;S4x4&quot;)" methodname="AreaDistributorTest_OverlapTwo" classname="PlayersWorlds.Maps.Areas.Evolving.AreaDistributorTest" runstate="Runnable" seed="2075514308" result="Passed" start-time="2024-05-21T07:31:50.4517830Z" end-time="2024-05-21T07:31:50.4542140Z" duration="0.002431" asserts="2" />
                  <test-case id="1-1927" name="AreaDistributorTest_OverlapTwo(&quot;16x16: P5x5;S6x6 P6x6;S4x4&quot;)" fullname="PlayersWorlds.Maps.Areas.Evolving.AreaDistributorTest.AreaDistributorTest_OverlapTwo(&quot;16x16: P5x5;S6x6 P6x6;S4x4&quot;)" methodname="AreaDistributorTest_OverlapTwo" classname="PlayersWorlds.Maps.Areas.Evolving.AreaDistributorTest" runstate="Runnable" seed="1695909053" result="Passed" start-time="2024-05-21T07:31:50.4542250Z" end-time="2024-05-21T07:31:50.4571720Z" duration="0.002947" asserts="2" />
                  <test-case id="1-1928" name="AreaDistributorTest_OverlapTwo(&quot;11x11: P2x2;S4x4 P5x5;S4x4&quot;)" fullname="PlayersWorlds.Maps.Areas.Evolving.AreaDistributorTest.AreaDistributorTest_OverlapTwo(&quot;11x11: P2x2;S4x4 P5x5;S4x4&quot;)" methodname="AreaDistributorTest_OverlapTwo" classname="PlayersWorlds.Maps.Areas.Evolving.AreaDistributorTest" runstate="Runnable" seed="877277070" result="Passed" start-time="2024-05-21T07:31:50.4571840Z" end-time="2024-05-21T07:31:50.4597090Z" duration="0.002525" asserts="2" />
                  <test-case id="1-1929" name="AreaDistributorTest_OverlapTwo(&quot;11x11: P5x2;S4x4 P2x5;S4x4&quot;)" fullname="PlayersWorlds.Maps.Areas.Evolving.AreaDistributorTest.AreaDistributorTest_OverlapTwo(&quot;11x11: P5x2;S4x4 P2x5;S4x4&quot;)" methodname="AreaDistributorTest_OverlapTwo" classname="PlayersWorlds.Maps.Areas.Evolving.AreaDistributorTest" runstate="Runnable" seed="163998883" result="Passed" start-time="2024-05-21T07:31:50.4597200Z" end-time="2024-05-21T07:31:50.4620740Z" duration="0.002354" asserts="2" />
                  <test-case id="1-1930" name="AreaDistributorTest_OverlapTwo(&quot;11x11: P2x5;S4x4 P5x2;S4x4&quot;)" fullname="PlayersWorlds.Maps.Areas.Evolving.AreaDistributorTest.AreaDistributorTest_OverlapTwo(&quot;11x11: P2x5;S4x4 P5x2;S4x4&quot;)" methodname="AreaDistributorTest_OverlapTwo" classname="PlayersWorlds.Maps.Areas.Evolving.AreaDistributorTest" runstate="Runnable" seed="732074191" result="Passed" start-time="2024-05-21T07:31:50.4620840Z" end-time="2024-05-21T07:31:50.4650310Z" duration="0.002947" asserts="2" />
                  <test-case id="1-1931" name="AreaDistributorTest_OverlapTwo(&quot;11x11: P5x5;S4x4 P2x2;S4x4&quot;)" fullname="PlayersWorlds.Maps.Areas.Evolving.AreaDistributorTest.AreaDistributorTest_OverlapTwo(&quot;11x11: P5x5;S4x4 P2x2;S4x4&quot;)" methodname="AreaDistributorTest_OverlapTwo" classname="PlayersWorlds.Maps.Areas.Evolving.AreaDistributorTest" runstate="Runnable" seed="730722157" result="Passed" start-time="2024-05-21T07:31:50.4650510Z" end-time="2024-05-21T07:31:50.4674100Z" duration="0.002359" asserts="2" />
                  <test-case id="1-1932" name="AreaDistributorTest_OverlapTwo(&quot;11x11: P4x4;S4x4 P3x3;S4x4&quot;)" fullname="PlayersWorlds.Maps.Areas.Evolving.AreaDistributorTest.AreaDistributorTest_OverlapTwo(&quot;11x11: P4x4;S4x4 P3x3;S4x4&quot;)" methodname="AreaDistributorTest_OverlapTwo" classname="PlayersWorlds.Maps.Areas.Evolving.AreaDistributorTest" runstate="Runnable" seed="1615263866" result="Passed" start-time="2024-05-21T07:31:50.4674210Z" end-time="2024-05-21T07:31:50.4697720Z" duration="0.002351" asserts="2" />
                  <test-case id="1-1933" name="AreaDistributorTest_OverlapTwo(&quot;11x11: P4x3;S4x4 P3x4;S4x4&quot;)" fullname="PlayersWorlds.Maps.Areas.Evolving.AreaDistributorTest.AreaDistributorTest_OverlapTwo(&quot;11x11: P4x3;S4x4 P3x4;S4x4&quot;)" methodname="AreaDistributorTest_OverlapTwo" classname="PlayersWorlds.Maps.Areas.Evolving.AreaDistributorTest" runstate="Runnable" seed="495840669" result="Passed" start-time="2024-05-21T07:31:50.4697830Z" end-time="2024-05-21T07:31:50.4721410Z" duration="0.002358" asserts="2" />
                </test-suite>
                <test-case id="1-1922" name="AreaDistributorTest_SidePressure" fullname="PlayersWorlds.Maps.Areas.Evolving.AreaDistributorTest.AreaDistributorTest_SidePressure" methodname="AreaDistributorTest_SidePressure" classname="PlayersWorlds.Maps.Areas.Evolving.AreaDistributorTest" runstate="Runnable" seed="2071490716" result="Passed" start-time="2024-05-21T07:31:50.4721700Z" end-time="2024-05-21T07:31:50.4823630Z" duration="0.010193" asserts="2">
                  <properties>
                    <property name="Category" value="Integration" />
                  </properties>
                </test-case>
                <test-suite type="ParameterizedMethod" id="1-1946" name="AreaDistributorTest_SingleMapForce" fullname="PlayersWorlds.Maps.Areas.Evolving.AreaDistributorTest.AreaDistributorTest_SingleMapForce" classname="PlayersWorlds.Maps.Areas.Evolving.AreaDistributorTest" runstate="Runnable" testcasecount="10" result="Passed" start-time="2024-05-21T07:31:50.4823760Z" end-time="2024-05-21T07:31:50.4918060Z" duration="0.009430" total="10" passed="10" failed="0" warnings="0" inconclusive="0" skipped="0" asserts="20">
                  <properties>
                    <property name="Category" value="Integration" />
                  </properties>
                  <test-case id="1-1936" name="AreaDistributorTest_SingleMapForce(&quot;6x12: P1x2;S2x2&quot;)" fullname="PlayersWorlds.Maps.Areas.Evolving.AreaDistributorTest.AreaDistributorTest_SingleMapForce(&quot;6x12: P1x2;S2x2&quot;)" methodname="AreaDistributorTest_SingleMapForce" classname="PlayersWorlds.Maps.Areas.Evolving.AreaDistributorTest" runstate="Runnable" seed="1473896855" result="Passed" start-time="2024-05-21T07:31:50.4823960Z" end-time="2024-05-21T07:31:50.4833920Z" duration="0.000996" asserts="2" />
                  <test-case id="1-1937" name="AreaDistributorTest_SingleMapForce(&quot;6x12: P2x2;S2x2&quot;)" fullname="PlayersWorlds.Maps.Areas.Evolving.AreaDistributorTest.AreaDistributorTest_SingleMapForce(&quot;6x12: P2x2;S2x2&quot;)" methodname="AreaDistributorTest_SingleMapForce" classname="PlayersWorlds.Maps.Areas.Evolving.AreaDistributorTest" runstate="Runnable" seed="114241523" result="Passed" start-time="2024-05-21T07:31:50.4834010Z" end-time="2024-05-21T07:31:50.4841950Z" duration="0.000794" asserts="2" />
                  <test-case id="1-1938" name="AreaDistributorTest_SingleMapForce(&quot;6x12: P3x2;S2x2&quot;)" fullname="PlayersWorlds.Maps.Areas.Evolving.AreaDistributorTest.AreaDistributorTest_SingleMapForce(&quot;6x12: P3x2;S2x2&quot;)" methodname="AreaDistributorTest_SingleMapForce" classname="PlayersWorlds.Maps.Areas.Evolving.AreaDistributorTest" runstate="Runnable" seed="751969728" result="Passed" start-time="2024-05-21T07:31:50.4842060Z" end-time="2024-05-21T07:31:50.4849980Z" duration="0.000793" asserts="2" />
                  <test-case id="1-1939" name="AreaDistributorTest_SingleMapForce(&quot;6x12: P1x5;S2x2&quot;)" fullname="PlayersWorlds.Maps.Areas.Evolving.AreaDistributorTest.AreaDistributorTest_SingleMapForce(&quot;6x12: P1x5;S2x2&quot;)" methodname="AreaDistributorTest_SingleMapForce" classname="PlayersWorlds.Maps.Areas.Evolving.AreaDistributorTest" runstate="Runnable" seed="797891135" result="Passed" start-time="2024-05-21T07:31:50.4850090Z" end-time="2024-05-21T07:31:50.4857970Z" duration="0.000788" asserts="2" />
                  <test-case id="1-1940" name="AreaDistributorTest_SingleMapForce(&quot;6x12: P2x5;S2x2&quot;)" fullname="PlayersWorlds.Maps.Areas.Evolving.AreaDistributorTest.AreaDistributorTest_SingleMapForce(&quot;6x12: P2x5;S2x2&quot;)" methodname="AreaDistributorTest_SingleMapForce" classname="PlayersWorlds.Maps.Areas.Evolving.AreaDistributorTest" runstate="Runnable" seed="1487417390" result="Passed" start-time="2024-05-21T07:31:50.4858060Z" end-time="2024-05-21T07:31:50.4866020Z" duration="0.000796" asserts="2" />
                  <test-case id="1-1941" name="AreaDistributorTest_SingleMapForce(&quot;6x12: P3x5;S2x2&quot;)" fullname="PlayersWorlds.Maps.Areas.Evolving.AreaDistributorTest.AreaDistributorTest_SingleMapForce(&quot;6x12: P3x5;S2x2&quot;)" methodname="AreaDistributorTest_SingleMapForce" classname="PlayersWorlds.Maps.Areas.Evolving.AreaDistributorTest" runstate="Runnable" seed="2034788897" result="Passed" start-time="2024-05-21T07:31:50.4866120Z" end-time="2024-05-21T07:31:50.4874040Z" duration="0.000792" asserts="2" />
                  <test-case id="1-1942" name="AreaDistributorTest_SingleMapForce(&quot;6x12: P1x8;S2x2&quot;)" fullname="PlayersWorlds.Maps.Areas.Evolving.AreaDistributorTest.AreaDistributorTest_SingleMapForce(&quot;6x12: P1x8;S2x2&quot;)" methodname="AreaDistributorTest_SingleMapForce" classname="PlayersWorlds.Maps.Areas.Evolving.AreaDistributorTest" runstate="Runnable" seed="1468153160" result="Passed" start-time="2024-05-21T07:31:50.4874140Z" end-time="2024-05-21T07:31:50.4882000Z" duration="0.000787" asserts="2" />
                  <test-case id="1-1943" name="AreaDistributorTest_SingleMapForce(&quot;6x12: P2x8;S2x2&quot;)" fullname="PlayersWorlds.Maps.Areas.Evolving.AreaDistributorTest.AreaDistributorTest_SingleMapForce(&quot;6x12: P2x8;S2x2&quot;)" methodname="AreaDistributorTest_SingleMapForce" classname="PlayersWorlds.Maps.Areas.Evolving.AreaDistributorTest" runstate="Runnable" seed="1577528039" result="Passed" start-time="2024-05-21T07:31:50.4882100Z" end-time="2024-05-21T07:31:50.4890000Z" duration="0.000790" asserts="2" />
                  <test-case id="1-1944" name="AreaDistributorTest_SingleMapForce(&quot;6x12: P3x8;S2x2&quot;)" fullname="PlayersWorlds.Maps.Areas.Evolving.AreaDistributorTest.AreaDistributorTest_SingleMapForce(&quot;6x12: P3x8;S2x2&quot;)" methodname="AreaDistributorTest_SingleMapForce" classname="PlayersWorlds.Maps.Areas.Evolving.AreaDistributorTest" runstate="Runnable" seed="2107517622" result="Passed" start-time="2024-05-21T07:31:50.4890070Z" end-time="2024-05-21T07:31:50.4898200Z" duration="0.000813" asserts="2" />
                  <test-case id="1-1945" name="AreaDistributorTest_SingleMapForce(&quot;6x12: P-1x-4;S2x2&quot;)" fullname="PlayersWorlds.Maps.Areas.Evolving.AreaDistributorTest.AreaDistributorTest_SingleMapForce(&quot;6x12: P-1x-4;S2x2&quot;)" methodname="AreaDistributorTest_SingleMapForce" classname="PlayersWorlds.Maps.Areas.Evolving.AreaDistributorTest" runstate="Runnable" seed="1880780457" result="Passed" start-time="2024-05-21T07:31:50.4898270Z" end-time="2024-05-21T07:31:50.4917910Z" duration="0.001964" asserts="2" />
                </test-suite>
                <test-case id="1-1923" name="AreaDistributorTest_TwoTest" fullname="PlayersWorlds.Maps.Areas.Evolving.AreaDistributorTest.AreaDistributorTest_TwoTest" methodname="AreaDistributorTest_TwoTest" classname="PlayersWorlds.Maps.Areas.Evolving.AreaDistributorTest" runstate="Runnable" seed="1910101709" result="Passed" start-time="2024-05-21T07:31:50.4918140Z" end-time="2024-05-21T07:31:50.4943060Z" duration="0.002491" asserts="2">
                  <properties>
                    <property name="Category" value="Integration" />
                  </properties>
                </test-case>
              </test-suite>
              <test-suite type="TestFixture" id="1-2004" name="EvolvingSimulatorTest" fullname="PlayersWorlds.Maps.Areas.Evolving.EvolvingSimulatorTest" classname="PlayersWorlds.Maps.Areas.Evolving.EvolvingSimulatorTest" runstate="Runnable" testcasecount="2" result="Passed" start-time="2024-05-21T07:31:50.4943420Z" end-time="2024-05-21T07:31:50.5963800Z" duration="0.102038" total="2" passed="2" failed="0" warnings="0" inconclusive="0" skipped="0" asserts="2">
                <test-case id="1-2006" name="EvolvingSimulator_ReturnsEpochsIfEvolitionIsNotComplete" fullname="PlayersWorlds.Maps.Areas.Evolving.EvolvingSimulatorTest.EvolvingSimulator_ReturnsEpochsIfEvolitionIsNotComplete" methodname="EvolvingSimulator_ReturnsEpochsIfEvolitionIsNotComplete" classname="PlayersWorlds.Maps.Areas.Evolving.EvolvingSimulatorTest" runstate="Runnable" seed="1026115654" result="Passed" start-time="2024-05-21T07:31:50.4944280Z" end-time="2024-05-21T07:31:50.5953290Z" duration="0.100901" asserts="1" />
                <test-case id="1-2005" name="EvolvingSimulator_ThrowsIfMaxEpochsIsZero" fullname="PlayersWorlds.Maps.Areas.Evolving.EvolvingSimulatorTest.EvolvingSimulator_ThrowsIfMaxEpochsIsZero" methodname="EvolvingSimulator_ThrowsIfMaxEpochsIsZero" classname="PlayersWorlds.Maps.Areas.Evolving.EvolvingSimulatorTest" runstate="Runnable" seed="1284602136" result="Passed" start-time="2024-05-21T07:31:50.5953470Z" end-time="2024-05-21T07:31:50.5963610Z" duration="0.001013" asserts="1" />
              </test-suite>
              <test-suite type="TestFixture" id="1-2007" name="FloatingAreaTest" fullname="PlayersWorlds.Maps.Areas.Evolving.FloatingAreaTest" classname="PlayersWorlds.Maps.Areas.Evolving.FloatingAreaTest" runstate="Runnable" testcasecount="22" result="Passed" start-time="2024-05-21T07:31:50.5964030Z" end-time="2024-05-21T07:31:50.6013500Z" duration="0.004947" total="22" passed="22" failed="0" warnings="0" inconclusive="0" skipped="0" asserts="45">
                <test-case id="1-2012" name="CenterIsValid" fullname="PlayersWorlds.Maps.Areas.Evolving.FloatingAreaTest.CenterIsValid" methodname="CenterIsValid" classname="PlayersWorlds.Maps.Areas.Evolving.FloatingAreaTest" runstate="Runnable" seed="1035259591" result="Passed" start-time="2024-05-21T07:31:50.5964810Z" end-time="2024-05-21T07:31:50.5990050Z" duration="0.002524" asserts="4" />
                <test-case id="1-2011" name="Contains" fullname="PlayersWorlds.Maps.Areas.Evolving.FloatingAreaTest.Contains" methodname="Contains" classname="PlayersWorlds.Maps.Areas.Evolving.FloatingAreaTest" runstate="Runnable" seed="2050987834" result="Passed" start-time="2024-05-21T07:31:50.5990180Z" end-time="2024-05-21T07:31:50.5995580Z" duration="0.000540" asserts="2" />
                <test-suite type="ParameterizedMethod" id="1-2029" name="DistanceTo" fullname="PlayersWorlds.Maps.Areas.Evolving.FloatingAreaTest.DistanceTo" classname="PlayersWorlds.Maps.Areas.Evolving.FloatingAreaTest" runstate="Runnable" testcasecount="16" result="Passed" start-time="2024-05-21T07:31:50.5995710Z" end-time="2024-05-21T07:31:50.6003890Z" duration="0.000818" total="16" passed="16" failed="0" warnings="0" inconclusive="0" skipped="0" asserts="32">
                  <properties>
                    <property name="Category" value="Integration" />
                  </properties>
                  <test-case id="1-2013" name="DistanceTo((PlayersWorlds.Maps.Areas.Evolving.FloatingArea[], -1.00x0.00, False))" fullname="PlayersWorlds.Maps.Areas.Evolving.FloatingAreaTest.DistanceTo((PlayersWorlds.Maps.Areas.Evolving.FloatingArea[], -1.00x0.00, False))" methodname="DistanceTo" classname="PlayersWorlds.Maps.Areas.Evolving.FloatingAreaTest" runstate="Runnable" seed="1273258671" result="Passed" start-time="2024-05-21T07:31:50.5995850Z" end-time="2024-05-21T07:31:50.5999950Z" duration="0.000410" asserts="2" />
                  <test-case id="1-2014" name="DistanceTo((PlayersWorlds.Maps.Areas.Evolving.FloatingArea[], 0.00x0.00, False))" fullname="PlayersWorlds.Maps.Areas.Evolving.FloatingAreaTest.DistanceTo((PlayersWorlds.Maps.Areas.Evolving.FloatingArea[], 0.00x0.00, False))" methodname="DistanceTo" classname="PlayersWorlds.Maps.Areas.Evolving.FloatingAreaTest" runstate="Runnable" seed="1822215984" result="Passed" start-time="2024-05-21T07:31:50.6000040Z" end-time="2024-05-21T07:31:50.6000390Z" duration="0.000035" asserts="2" />
                  <test-case id="1-2015" name="DistanceTo((PlayersWorlds.Maps.Areas.Evolving.FloatingArea[], 1.00x0.00, True))" fullname="PlayersWorlds.Maps.Areas.Evolving.FloatingAreaTest.DistanceTo((PlayersWorlds.Maps.Areas.Evolving.FloatingArea[], 1.00x0.00, True))" methodname="DistanceTo" classname="PlayersWorlds.Maps.Areas.Evolving.FloatingAreaTest" runstate="Runnable" seed="513875938" result="Passed" start-time="2024-05-21T07:31:50.6000450Z" end-time="2024-05-21T07:31:50.6000710Z" duration="0.000026" asserts="2" />
                  <test-case id="1-2016" name="DistanceTo((PlayersWorlds.Maps.Areas.Evolving.FloatingArea[], 0.00x0.00, True))" fullname="PlayersWorlds.Maps.Areas.Evolving.FloatingAreaTest.DistanceTo((PlayersWorlds.Maps.Areas.Evolving.FloatingArea[], 0.00x0.00, True))" methodname="DistanceTo" classname="PlayersWorlds.Maps.Areas.Evolving.FloatingAreaTest" runstate="Runnable" seed="1167798417" result="Passed" start-time="2024-05-21T07:31:50.6000760Z" end-time="2024-05-21T07:31:50.6000990Z" duration="0.000023" asserts="2" />
                  <test-case id="1-2017" name="DistanceTo((PlayersWorlds.Maps.Areas.Evolving.FloatingArea[], -1.00x0.00, True))" fullname="PlayersWorlds.Maps.Areas.Evolving.FloatingAreaTest.DistanceTo((PlayersWorlds.Maps.Areas.Evolving.FloatingArea[], -1.00x0.00, True))" methodname="DistanceTo" classname="PlayersWorlds.Maps.Areas.Evolving.FloatingAreaTest" runstate="Runnable" seed="1836700281" result="Passed" start-time="2024-05-21T07:31:50.6001040Z" end-time="2024-05-21T07:31:50.6001250Z" duration="0.000022" asserts="2" />
                  <test-case id="1-2018" name="DistanceTo((PlayersWorlds.Maps.Areas.Evolving.FloatingArea[], 0.00x0.00, False))" fullname="PlayersWorlds.Maps.Areas.Evolving.FloatingAreaTest.DistanceTo((PlayersWorlds.Maps.Areas.Evolving.FloatingArea[], 0.00x0.00, False))" methodname="DistanceTo" classname="PlayersWorlds.Maps.Areas.Evolving.FloatingAreaTest" runstate="Runnable" seed="1736502243" result="Passed" start-time="2024-05-21T07:31:50.6001300Z" end-time="2024-05-21T07:31:50.6001530Z" duration="0.000023" asserts="2" />
                  <test-case id="1-2019" name="DistanceTo((PlayersWorlds.Maps.Areas.Evolving.FloatingArea[], 1.00x0.00, False))" fullname="PlayersWorlds.Maps.Areas.Evolving.FloatingAreaTest.DistanceTo((PlayersWorlds.Maps.Areas.Evolving.FloatingArea[], 1.00x0.00, False))" methodname="DistanceTo" classname="PlayersWorlds.Maps.Areas.Evolving.FloatingAreaTest" runstate="Runnable" seed="894363958" result="Passed" start-time="2024-05-21T07:31:50.6001580Z" end-time="2024-05-21T07:31:50.6001780Z" duration="0.000020" asserts="2" />
                  <test-case id="1-2020" name="DistanceTo((PlayersWorlds.Maps.Areas.Evolving.FloatingArea[], -1.00x1.00, False))" fullname="PlayersWorlds.Maps.Areas.Evolving.FloatingAreaTest.DistanceTo((PlayersWorlds.Maps.Areas.Evolving.FloatingArea[], -1.00x1.00, False))" methodname="DistanceTo" classname="PlayersWorlds.Maps.Areas.Evolving.FloatingAreaTest" runstate="Runnable" seed="1008183841" result="Passed" start-time="2024-05-21T07:31:50.6001820Z" end-time="2024-05-21T07:31:50.6002030Z" duration="0.000021" asserts="2" />
                  <test-case id="1-2021" name="DistanceTo((PlayersWorlds.Maps.Areas.Evolving.FloatingArea[], 0.00x1.00, False))" fullname="PlayersWorlds.Maps.Areas.Evolving.FloatingAreaTest.DistanceTo((PlayersWorlds.Maps.Areas.Evolving.FloatingArea[], 0.00x1.00, False))" methodname="DistanceTo" classname="PlayersWorlds.Maps.Areas.Evolving.FloatingAreaTest" runstate="Runnable" seed="238747546" result="Passed" start-time="2024-05-21T07:31:50.6002080Z" end-time="2024-05-21T07:31:50.6002270Z" duration="0.000019" asserts="2" />
                  <test-case id="1-2022" name="DistanceTo((PlayersWorlds.Maps.Areas.Evolving.FloatingArea[], 1.00x1.00, True))" fullname="PlayersWorlds.Maps.Areas.Evolving.FloatingAreaTest.DistanceTo((PlayersWorlds.Maps.Areas.Evolving.FloatingArea[], 1.00x1.00, True))" methodname="DistanceTo" classname="PlayersWorlds.Maps.Areas.Evolving.FloatingAreaTest" runstate="Runnable" seed="1328647119" result="Passed" start-time="2024-05-21T07:31:50.6002320Z" end-time="2024-05-21T07:31:50.6002530Z" duration="0.000021" asserts="2" />
                  <test-case id="1-2023" name="DistanceTo((PlayersWorlds.Maps.Areas.Evolving.FloatingArea[], 0.00x1.00, True))" fullname="PlayersWorlds.Maps.Areas.Evolving.FloatingAreaTest.DistanceTo((PlayersWorlds.Maps.Areas.Evolving.FloatingArea[], 0.00x1.00, True))" methodname="DistanceTo" classname="PlayersWorlds.Maps.Areas.Evolving.FloatingAreaTest" runstate="Runnable" seed="544090859" result="Passed" start-time="2024-05-21T07:31:50.6002580Z" end-time="2024-05-21T07:31:50.6002800Z" duration="0.000022" asserts="2" />
                  <test-case id="1-2024" name="DistanceTo((PlayersWorlds.Maps.Areas.Evolving.FloatingArea[], -1.00x1.00, True))" fullname="PlayersWorlds.Maps.Areas.Evolving.FloatingAreaTest.DistanceTo((PlayersWorlds.Maps.Areas.Evolving.FloatingArea[], -1.00x1.00, True))" methodname="DistanceTo" classname="PlayersWorlds.Maps.Areas.Evolving.FloatingAreaTest" runstate="Runnable" seed="1718589243" result="Passed" start-time="2024-05-21T07:31:50.6002850Z" end-time="2024-05-21T07:31:50.6003030Z" duration="0.000018" asserts="2" />
                  <test-case id="1-2025" name="DistanceTo((PlayersWorlds.Maps.Areas.Evolving.FloatingArea[], 0.00x1.00, False))" fullname="PlayersWorlds.Maps.Areas.Evolving.FloatingAreaTest.DistanceTo((PlayersWorlds.Maps.Areas.Evolving.FloatingArea[], 0.00x1.00, False))" methodname="DistanceTo" classname="PlayersWorlds.Maps.Areas.Evolving.FloatingAreaTest" runstate="Runnable" seed="1838270404" result="Passed" start-time="2024-05-21T07:31:50.6003070Z" end-time="2024-05-21T07:31:50.6003230Z" duration="0.000016" asserts="2" />
                  <test-case id="1-2026" name="DistanceTo((PlayersWorlds.Maps.Areas.Evolving.FloatingArea[], 1.00x1.00, False))" fullname="PlayersWorlds.Maps.Areas.Evolving.FloatingAreaTest.DistanceTo((PlayersWorlds.Maps.Areas.Evolving.FloatingArea[], 1.00x1.00, False))" methodname="DistanceTo" classname="PlayersWorlds.Maps.Areas.Evolving.FloatingAreaTest" runstate="Runnable" seed="467525598" result="Passed" start-time="2024-05-21T07:31:50.6003280Z" end-time="2024-05-21T07:31:50.6003440Z" duration="0.000016" asserts="2" />
                  <test-case id="1-2027" name="DistanceTo((PlayersWorlds.Maps.Areas.Evolving.FloatingArea[], -1.00x-1.00, True))" fullname="PlayersWorlds.Maps.Areas.Evolving.FloatingAreaTest.DistanceTo((PlayersWorlds.Maps.Areas.Evolving.FloatingArea[], -1.00x-1.00, True))" methodname="DistanceTo" classname="PlayersWorlds.Maps.Areas.Evolving.FloatingAreaTest" runstate="Runnable" seed="211897210" result="Passed" start-time="2024-05-21T07:31:50.6003480Z" end-time="2024-05-21T07:31:50.6003630Z" duration="0.000015" asserts="2" />
                  <test-case id="1-2028" name="DistanceTo((PlayersWorlds.Maps.Areas.Evolving.FloatingArea[], 1.00x1.00, False))" fullname="PlayersWorlds.Maps.Areas.Evolving.FloatingAreaTest.DistanceTo((PlayersWorlds.Maps.Areas.Evolving.FloatingArea[], 1.00x1.00, False))" methodname="DistanceTo" classname="PlayersWorlds.Maps.Areas.Evolving.FloatingAreaTest" runstate="Runnable" seed="920901282" result="Passed" start-time="2024-05-21T07:31:50.6003680Z" end-time="2024-05-21T07:31:50.6003830Z" duration="0.000015" asserts="2" />
                </test-suite>
                <test-case id="1-2030" name="DistanceToDebug" fullname="PlayersWorlds.Maps.Areas.Evolving.FloatingAreaTest.DistanceToDebug" methodname="DistanceToDebug" classname="PlayersWorlds.Maps.Areas.Evolving.FloatingAreaTest" runstate="Runnable" seed="155733841" result="Passed" start-time="2024-05-21T07:31:50.6003950Z" end-time="2024-05-21T07:31:50.6007300Z" duration="0.000334" asserts="2" />
                <test-case id="1-2010" name="Overlaps" fullname="PlayersWorlds.Maps.Areas.Evolving.FloatingAreaTest.Overlaps" methodname="Overlaps" classname="PlayersWorlds.Maps.Areas.Evolving.FloatingAreaTest" runstate="Runnable" seed="817847909" result="Passed" start-time="2024-05-21T07:31:50.6007380Z" end-time="2024-05-21T07:31:50.6010540Z" duration="0.000316" asserts="2" />
                <test-case id="1-2008" name="Parse" fullname="PlayersWorlds.Maps.Areas.Evolving.FloatingAreaTest.Parse" methodname="Parse" classname="PlayersWorlds.Maps.Areas.Evolving.FloatingAreaTest" runstate="Runnable" seed="14126748" result="Passed" start-time="2024-05-21T07:31:50.6010630Z" end-time="2024-05-21T07:31:50.6011950Z" duration="0.000132" asserts="2" />
                <test-case id="1-2009" name="ToStringIsValid" fullname="PlayersWorlds.Maps.Areas.Evolving.FloatingAreaTest.ToStringIsValid" methodname="ToStringIsValid" classname="PlayersWorlds.Maps.Areas.Evolving.FloatingAreaTest" runstate="Runnable" seed="121805365" result="Passed" start-time="2024-05-21T07:31:50.6012030Z" end-time="2024-05-21T07:31:50.6013380Z" duration="0.000136" asserts="1" />
              </test-suite>
              <test-suite type="TestFixture" id="1-2031" name="ForceFormulaTestTest" fullname="PlayersWorlds.Maps.Areas.Evolving.ForceFormulaTestTest" classname="PlayersWorlds.Maps.Areas.Evolving.ForceFormulaTestTest" runstate="Runnable" testcasecount="8" result="Passed" start-time="2024-05-21T07:31:50.6013650Z" end-time="2024-05-21T07:31:50.6054610Z" duration="0.004096" total="8" passed="8" failed="0" warnings="0" inconclusive="0" skipped="0" asserts="42">
                <test-case id="1-2037" name="CollideForce_Negative" fullname="PlayersWorlds.Maps.Areas.Evolving.ForceFormulaTestTest.CollideForce_Negative" methodname="CollideForce_Negative" classname="PlayersWorlds.Maps.Areas.Evolving.ForceFormulaTestTest" runstate="Runnable" seed="1695385778" result="Passed" start-time="2024-05-21T07:31:50.6014270Z" end-time="2024-05-21T07:31:50.6023950Z" duration="0.000968" asserts="9" />
                <test-case id="1-2036" name="CollideForce_Positive" fullname="PlayersWorlds.Maps.Areas.Evolving.ForceFormulaTestTest.CollideForce_Positive" methodname="CollideForce_Positive" classname="PlayersWorlds.Maps.Areas.Evolving.ForceFormulaTestTest" runstate="Runnable" seed="175843257" result="Passed" start-time="2024-05-21T07:31:50.6024040Z" end-time="2024-05-21T07:31:50.6027340Z" duration="0.000330" asserts="9" />
                <test-case id="1-2033" name="NormalForce_Negative" fullname="PlayersWorlds.Maps.Areas.Evolving.ForceFormulaTestTest.NormalForce_Negative" methodname="NormalForce_Negative" classname="PlayersWorlds.Maps.Areas.Evolving.ForceFormulaTestTest" runstate="Runnable" seed="1125810745" result="Passed" start-time="2024-05-21T07:31:50.6027420Z" end-time="2024-05-21T07:31:50.6032010Z" duration="0.000459" asserts="3" />
                <test-case id="1-2035" name="NormalForce_NegativeCapped" fullname="PlayersWorlds.Maps.Areas.Evolving.ForceFormulaTestTest.NormalForce_NegativeCapped" methodname="NormalForce_NegativeCapped" classname="PlayersWorlds.Maps.Areas.Evolving.ForceFormulaTestTest" runstate="Runnable" seed="1494365054" result="Passed" start-time="2024-05-21T07:31:50.6032090Z" end-time="2024-05-21T07:31:50.6033780Z" duration="0.000169" asserts="5" />
                <test-case id="1-2032" name="NormalForce_Positive" fullname="PlayersWorlds.Maps.Areas.Evolving.ForceFormulaTestTest.NormalForce_Positive" methodname="NormalForce_Positive" classname="PlayersWorlds.Maps.Areas.Evolving.ForceFormulaTestTest" runstate="Runnable" seed="1718509874" result="Passed" start-time="2024-05-21T07:31:50.6033850Z" end-time="2024-05-21T07:31:50.6035120Z" duration="0.000127" asserts="3" />
                <test-case id="1-2034" name="NormalForce_PositiveCapped" fullname="PlayersWorlds.Maps.Areas.Evolving.ForceFormulaTestTest.NormalForce_PositiveCapped" methodname="NormalForce_PositiveCapped" classname="PlayersWorlds.Maps.Areas.Evolving.ForceFormulaTestTest" runstate="Runnable" seed="1082094726" result="Passed" start-time="2024-05-21T07:31:50.6047110Z" end-time="2024-05-21T07:31:50.6048810Z" duration="0.000169" asserts="5" />
                <test-case id="1-2039" name="OverlapForce_Negative" fullname="PlayersWorlds.Maps.Areas.Evolving.ForceFormulaTestTest.OverlapForce_Negative" methodname="OverlapForce_Negative" classname="PlayersWorlds.Maps.Areas.Evolving.ForceFormulaTestTest" runstate="Runnable" seed="735755393" result="Passed" start-time="2024-05-21T07:31:50.6048890Z" end-time="2024-05-21T07:31:50.6051790Z" duration="0.000289" asserts="4" />
                <test-case id="1-2038" name="OverlapForce_Positive" fullname="PlayersWorlds.Maps.Areas.Evolving.ForceFormulaTestTest.OverlapForce_Positive" methodname="OverlapForce_Positive" classname="PlayersWorlds.Maps.Areas.Evolving.ForceFormulaTestTest" runstate="Runnable" seed="1175788249" result="Passed" start-time="2024-05-21T07:31:50.6051870Z" end-time="2024-05-21T07:31:50.6054480Z" duration="0.000262" asserts="4" />
              </test-suite>
              <test-suite type="TestFixture" id="1-2040" name="SideToSideForceProducerTest" fullname="PlayersWorlds.Maps.Areas.Evolving.SideToSideForceProducerTest" classname="PlayersWorlds.Maps.Areas.Evolving.SideToSideForceProducerTest" runstate="Runnable" testcasecount="22" result="Passed" start-time="2024-05-21T07:31:50.6054760Z" end-time="2024-05-21T07:31:50.6092400Z" duration="0.003764" total="22" passed="22" failed="0" warnings="0" inconclusive="0" skipped="0" asserts="79">
                <test-case id="1-2058" name="GetAxisDistance_Collide" fullname="PlayersWorlds.Maps.Areas.Evolving.SideToSideForceProducerTest.GetAxisDistance_Collide" methodname="GetAxisDistance_Collide" classname="PlayersWorlds.Maps.Areas.Evolving.SideToSideForceProducerTest" runstate="Runnable" seed="987678794" result="Passed" start-time="2024-05-21T07:31:50.6055910Z" end-time="2024-05-21T07:31:50.6061460Z" duration="0.000555" asserts="6" />
                <test-case id="1-2061" name="GetAxisDistance_Contain1" fullname="PlayersWorlds.Maps.Areas.Evolving.SideToSideForceProducerTest.GetAxisDistance_Contain1" methodname="GetAxisDistance_Contain1" classname="PlayersWorlds.Maps.Areas.Evolving.SideToSideForceProducerTest" runstate="Runnable" seed="711316018" result="Passed" start-time="2024-05-21T07:31:50.6061550Z" end-time="2024-05-21T07:31:50.6064110Z" duration="0.000256" asserts="6" />
                <test-case id="1-2062" name="GetAxisDistance_Contain2" fullname="PlayersWorlds.Maps.Areas.Evolving.SideToSideForceProducerTest.GetAxisDistance_Contain2" methodname="GetAxisDistance_Contain2" classname="PlayersWorlds.Maps.Areas.Evolving.SideToSideForceProducerTest" runstate="Runnable" seed="214492064" result="Passed" start-time="2024-05-21T07:31:50.6064180Z" end-time="2024-05-21T07:31:50.6066600Z" duration="0.000242" asserts="6" />
                <test-case id="1-2056" name="GetAxisDistance_Normal1" fullname="PlayersWorlds.Maps.Areas.Evolving.SideToSideForceProducerTest.GetAxisDistance_Normal1" methodname="GetAxisDistance_Normal1" classname="PlayersWorlds.Maps.Areas.Evolving.SideToSideForceProducerTest" runstate="Runnable" seed="1927655573" result="Passed" start-time="2024-05-21T07:31:50.6066680Z" end-time="2024-05-21T07:31:50.6069000Z" duration="0.000232" asserts="6" />
                <test-case id="1-2057" name="GetAxisDistance_Normal2" fullname="PlayersWorlds.Maps.Areas.Evolving.SideToSideForceProducerTest.GetAxisDistance_Normal2" methodname="GetAxisDistance_Normal2" classname="PlayersWorlds.Maps.Areas.Evolving.SideToSideForceProducerTest" runstate="Runnable" seed="1194224343" result="Passed" start-time="2024-05-21T07:31:50.6069070Z" end-time="2024-05-21T07:31:50.6071390Z" duration="0.000232" asserts="6" />
                <test-case id="1-2059" name="GetAxisDistance_Overlap1" fullname="PlayersWorlds.Maps.Areas.Evolving.SideToSideForceProducerTest.GetAxisDistance_Overlap1" methodname="GetAxisDistance_Overlap1" classname="PlayersWorlds.Maps.Areas.Evolving.SideToSideForceProducerTest" runstate="Runnable" seed="386112192" result="Passed" start-time="2024-05-21T07:31:50.6071470Z" end-time="2024-05-21T07:31:50.6073740Z" duration="0.000227" asserts="6" />
                <test-case id="1-2060" name="GetAxisDistance_Overlap2" fullname="PlayersWorlds.Maps.Areas.Evolving.SideToSideForceProducerTest.GetAxisDistance_Overlap2" methodname="GetAxisDistance_Overlap2" classname="PlayersWorlds.Maps.Areas.Evolving.SideToSideForceProducerTest" runstate="Runnable" seed="2020838947" result="Passed" start-time="2024-05-21T07:31:50.6073810Z" end-time="2024-05-21T07:31:50.6076120Z" duration="0.000231" asserts="6" />
[...]
            <test-case id="1-1050" name="Optional_ThrowsIfNoValue" fullname="PlayersWorlds.Maps.OptionalTest.Optional_ThrowsIfNoValue" methodname="Optional_ThrowsIfNoValue" classname="PlayersWorlds.Maps.OptionalTest" runstate="Runnable" seed="1609382772" result="Passed" start-time="2024-05-21T07:32:31.1503260Z" end-time="2024-05-21T07:32:31.1505270Z" duration="0.000201" asserts="2" />
            <test-case id="1-1055" name="Optional_ToStringShowsValue" fullname="PlayersWorlds.Maps.OptionalTest.Optional_ToStringShowsValue" methodname="Optional_ToStringShowsValue" classname="PlayersWorlds.Maps.OptionalTest" runstate="Runnable" seed="894751774" result="Passed" start-time="2024-05-21T07:32:31.1505350Z" end-time="2024-05-21T07:32:31.1507660Z" duration="0.000231" asserts="2" />
          </test-suite>
          <test-suite type="TestSuite" id="1-2066" name="Renderers" fullname="PlayersWorlds.Maps.Renderers" runstate="Runnable" testcasecount="1" result="Passed" start-time="2024-05-21T07:30:29.1690030Z" end-time="2024-05-21T07:32:31.1520110Z" duration="121.983008" total="1" passed="1" failed="0" warnings="0" inconclusive="0" skipped="0" asserts="1">
            <test-suite type="TestFixture" id="1-1107" name="Map2DStringRendererTest" fullname="PlayersWorlds.Maps.Renderers.Map2DStringRendererTest" classname="PlayersWorlds.Maps.Renderers.Map2DStringRendererTest" runstate="Runnable" testcasecount="1" result="Passed" start-time="2024-05-21T07:32:31.1507890Z" end-time="2024-05-21T07:32:31.1520010Z" duration="0.001213" total="1" passed="1" failed="0" warnings="0" inconclusive="0" skipped="0" asserts="1">
              <test-case id="1-1108" name="TestRender" fullname="PlayersWorlds.Maps.Renderers.Map2DStringRendererTest.TestRender" methodname="TestRender" classname="PlayersWorlds.Maps.Renderers.Map2DStringRendererTest" runstate="Runnable" seed="819765060" result="Passed" start-time="2024-05-21T07:32:31.1508570Z" end-time="2024-05-21T07:32:31.1519870Z" duration="0.001130" asserts="1" />
            </test-suite>
          </test-suite>
          <test-suite type="TestFixture" id="1-1065" name="VectorDTest" fullname="PlayersWorlds.Maps.VectorDTest" classname="PlayersWorlds.Maps.VectorDTest" runstate="Runnable" testcasecount="11" result="Passed" start-time="2024-05-21T07:32:31.1520250Z" end-time="2024-05-21T07:32:31.1552820Z" duration="0.003257" total="11" passed="11" failed="0" warnings="0" inconclusive="0" skipped="0" asserts="33">
            <test-case id="1-1073" name="CanAddAndSubtract" fullname="PlayersWorlds.Maps.VectorDTest.CanAddAndSubtract" methodname="CanAddAndSubtract" classname="PlayersWorlds.Maps.VectorDTest" runstate="Runnable" seed="1850307128" result="Passed" start-time="2024-05-21T07:32:31.1521060Z" end-time="2024-05-21T07:32:31.1524960Z" duration="0.000390" asserts="5" />
            <test-case id="1-1074" name="ConstructorChecksArguments" fullname="PlayersWorlds.Maps.VectorDTest.ConstructorChecksArguments" methodname="ConstructorChecksArguments" classname="PlayersWorlds.Maps.VectorDTest" runstate="Runnable" seed="1799198116" result="Passed" start-time="2024-05-21T07:32:31.1525060Z" end-time="2024-05-21T07:32:31.1526680Z" duration="0.000162" asserts="1" />
            <test-case id="1-1067" name="EqualityIsCheckedByValue" fullname="PlayersWorlds.Maps.VectorDTest.EqualityIsCheckedByValue" methodname="EqualityIsCheckedByValue" classname="PlayersWorlds.Maps.VectorDTest" runstate="Runnable" seed="577313923" result="Passed" start-time="2024-05-21T07:32:31.1526770Z" end-time="2024-05-21T07:32:31.1529850Z" duration="0.000308" asserts="4" />
            <test-case id="1-1068" name="GetHashCodeIsDerivedFromValue" fullname="PlayersWorlds.Maps.VectorDTest.GetHashCodeIsDerivedFromValue" methodname="GetHashCodeIsDerivedFromValue" classname="PlayersWorlds.Maps.VectorDTest" runstate="Runnable" seed="903965618" result="Passed" start-time="2024-05-21T07:32:31.1529940Z" end-time="2024-05-21T07:32:31.1530880Z" duration="0.000095" asserts="1" />
            <test-case id="1-1071" name="InitializedAsNull" fullname="PlayersWorlds.Maps.VectorDTest.InitializedAsNull" methodname="InitializedAsNull" classname="PlayersWorlds.Maps.VectorDTest" runstate="Runnable" seed="1793852441" result="Passed" start-time="2024-05-21T07:32:31.1530990Z" end-time="2024-05-21T07:32:31.1532490Z" duration="0.000151" asserts="1" />
            <test-case id="1-1070" name="InitializedEmpty" fullname="PlayersWorlds.Maps.VectorDTest.InitializedEmpty" methodname="InitializedEmpty" classname="PlayersWorlds.Maps.VectorDTest" runstate="Runnable" seed="942305740" result="Passed" start-time="2024-05-21T07:32:31.1532570Z" end-time="2024-05-21T07:32:31.1536240Z" duration="0.000368" asserts="4" />
            <test-case id="1-1066" name="IsInitialized" fullname="PlayersWorlds.Maps.VectorDTest.IsInitialized" methodname="IsInitialized" classname="PlayersWorlds.Maps.VectorDTest" runstate="Runnable" seed="1953879365" result="Passed" start-time="2024-05-21T07:32:31.1536330Z" end-time="2024-05-21T07:32:31.1538630Z" duration="0.000231" asserts="2" />
            <test-case id="1-1072" name="IsZero" fullname="PlayersWorlds.Maps.VectorDTest.IsZero" methodname="IsZero" classname="PlayersWorlds.Maps.VectorDTest" runstate="Runnable" seed="195091253" result="Passed" start-time="2024-05-21T07:32:31.1538710Z" end-time="2024-05-21T07:32:31.1540300Z" duration="0.000159" asserts="3" />
            <test-case id="1-1075" name="SnappedForce" fullname="PlayersWorlds.Maps.VectorDTest.SnappedForce" methodname="SnappedForce" classname="PlayersWorlds.Maps.VectorDTest" runstate="Runnable" seed="208743900" result="Passed" start-time="2024-05-21T07:32:31.1540400Z" end-time="2024-05-21T07:32:31.1545910Z" duration="0.000551" asserts="9" />
            <test-case id="1-1069" name="ToStringFormat" fullname="PlayersWorlds.Maps.VectorDTest.ToStringFormat" methodname="ToStringFormat" classname="PlayersWorlds.Maps.VectorDTest" runstate="Runnable" seed="1772628118" result="Passed" start-time="2024-05-21T07:32:31.1546020Z" end-time="2024-05-21T07:32:31.1547080Z" duration="0.000106" asserts="1" />
            <test-case id="1-1076" name="VectorD_Parse" fullname="PlayersWorlds.Maps.VectorDTest.VectorD_Parse" methodname="VectorD_Parse" classname="PlayersWorlds.Maps.VectorDTest" runstate="Runnable" seed="1100333590" result="Passed" start-time="2024-05-21T07:32:31.1547160Z" end-time="2024-05-21T07:32:31.1552700Z" duration="0.000555" asserts="2" />
          </test-suite>
          <test-suite type="TestFixture" id="1-1077" name="VectorTest" fullname="PlayersWorlds.Maps.VectorTest" classname="PlayersWorlds.Maps.VectorTest" runstate="Runnable" testcasecount="29" result="Passed" start-time="2024-05-21T07:32:31.1552940Z" end-time="2024-05-21T07:32:31.1667080Z" duration="0.011414" total="29" passed="29" failed="0" warnings="0" inconclusive="0" skipped="0" asserts="229">
            <test-case id="1-1094" name="FitsInto" fullname="PlayersWorlds.Maps.VectorTest.FitsInto" methodname="FitsInto" classname="PlayersWorlds.Maps.VectorTest" runstate="Runnable" seed="262112818" result="Passed" start-time="2024-05-21T07:32:31.1553630Z" end-time="2024-05-21T07:32:31.1555650Z" duration="0.000202" asserts="3" />
            <test-case id="1-1097" name="FromIndex_Matches_FromIndex" fullname="PlayersWorlds.Maps.VectorTest.FromIndex_Matches_FromIndex" methodname="FromIndex_Matches_FromIndex" classname="PlayersWorlds.Maps.VectorTest" runstate="Runnable" seed="97383032" result="Passed" start-time="2024-05-21T07:32:31.1555730Z" end-time="2024-05-21T07:32:31.1557180Z" duration="0.000145" asserts="1" />
            <test-case id="1-1105" name="FromIndex_ShouldThrowException_DimensionMismatch" fullname="PlayersWorlds.Maps.VectorTest.FromIndex_ShouldThrowException_DimensionMismatch" methodname="FromIndex_ShouldThrowException_DimensionMismatch" classname="PlayersWorlds.Maps.VectorTest" runstate="Runnable" seed="672915450" result="Passed" start-time="2024-05-21T07:32:31.1557280Z" end-time="2024-05-21T07:32:31.1562330Z" duration="0.000505" asserts="1" />
            <test-case id="1-1095" name="IsIn" fullname="PlayersWorlds.Maps.VectorTest.IsIn" methodname="IsIn" classname="PlayersWorlds.Maps.VectorTest" runstate="Runnable" seed="1945866706" result="Passed" start-time="2024-05-21T07:32:31.1562440Z" end-time="2024-05-21T07:32:31.1571110Z" duration="0.000867" asserts="7" />
            <test-case id="1-1106" name="NorthEastComparer_ComparesCorrectly" fullname="PlayersWorlds.Maps.VectorTest.NorthEastComparer_ComparesCorrectly" methodname="NorthEastComparer_ComparesCorrectly" classname="PlayersWorlds.Maps.VectorTest" runstate="Runnable" seed="1625750565" result="Passed" start-time="2024-05-21T07:32:31.1571200Z" end-time="2024-05-21T07:32:31.1583650Z" duration="0.001245" asserts="1" />
            <test-case id="1-1079" name="Size_NotInitialized" fullname="PlayersWorlds.Maps.VectorTest.Size_NotInitialized" methodname="Size_NotInitialized" classname="PlayersWorlds.Maps.VectorTest" runstate="Runnable" seed="1798815795" result="Passed" start-time="2024-05-21T07:32:31.1583760Z" end-time="2024-05-21T07:32:31.1586270Z" duration="0.000251" asserts="2" />
            <test-case id="1-1101" name="ToIndex_FromIndex_RoundTripConversion" fullname="PlayersWorlds.Maps.VectorTest.ToIndex_FromIndex_RoundTripConversion" methodname="ToIndex_FromIndex_RoundTripConversion" classname="PlayersWorlds.Maps.VectorTest" runstate="Runnable" seed="1394415252" result="Passed" start-time="2024-05-21T07:32:31.1586360Z" end-time="2024-05-21T07:32:31.1596450Z" duration="0.001008" asserts="150" />
            <test-case id="1-1102" name="ToIndex_FromIndex_Valid5D" fullname="PlayersWorlds.Maps.VectorTest.ToIndex_FromIndex_Valid5D" methodname="ToIndex_FromIndex_Valid5D" classname="PlayersWorlds.Maps.VectorTest" runstate="Runnable" seed="1788837755" result="Passed" start-time="2024-05-21T07:32:31.1596550Z" end-time="2024-05-21T07:32:31.1619600Z" duration="0.002304" asserts="13" />
            <test-case id="1-1096" name="ToIndex_Matches_ToIndex" fullname="PlayersWorlds.Maps.VectorTest.ToIndex_Matches_ToIndex" methodname="ToIndex_Matches_ToIndex" classname="PlayersWorlds.Maps.VectorTest" runstate="Runnable" seed="664745369" result="Passed" start-time="2024-05-21T07:32:31.1619680Z" end-time="2024-05-21T07:32:31.1620840Z" duration="0.000115" asserts="1" />
            <test-case id="1-1098" name="ToIndex_ShouldCalculateCorrectIndex_1D" fullname="PlayersWorlds.Maps.VectorTest.ToIndex_ShouldCalculateCorrectIndex_1D" methodname="ToIndex_ShouldCalculateCorrectIndex_1D" classname="PlayersWorlds.Maps.VectorTest" runstate="Runnable" seed="1983123937" result="Passed" start-time="2024-05-21T07:32:31.1620930Z" end-time="2024-05-21T07:32:31.1622570Z" duration="0.000164" asserts="2" />
            <test-case id="1-1099" name="ToIndex_ShouldCalculateCorrectIndex_2D" fullname="PlayersWorlds.Maps.VectorTest.ToIndex_ShouldCalculateCorrectIndex_2D" methodname="ToIndex_ShouldCalculateCorrectIndex_2D" classname="PlayersWorlds.Maps.VectorTest" runstate="Runnable" seed="403793551" result="Passed" start-time="2024-05-21T07:32:31.1622650Z" end-time="2024-05-21T07:32:31.1623840Z" duration="0.000119" asserts="2" />
            <test-case id="1-1100" name="ToIndex_ShouldCalculateCorrectIndex_3D" fullname="PlayersWorlds.Maps.VectorTest.ToIndex_ShouldCalculateCorrectIndex_3D" methodname="ToIndex_ShouldCalculateCorrectIndex_3D" classname="PlayersWorlds.Maps.VectorTest" runstate="Runnable" seed="1548221806" result="Passed" start-time="2024-05-21T07:32:31.1623930Z" end-time="2024-05-21T07:32:31.1625450Z" duration="0.000152" asserts="2" />
            <test-case id="1-1104" name="ToIndex_ShouldThrowException_DimensionMismatch" fullname="PlayersWorlds.Maps.VectorTest.ToIndex_ShouldThrowException_DimensionMismatch" methodname="ToIndex_ShouldThrowException_DimensionMismatch" classname="PlayersWorlds.Maps.VectorTest" runstate="Runnable" seed="617477437" result="Passed" start-time="2024-05-21T07:32:31.1625530Z" end-time="2024-05-21T07:32:31.1627910Z" duration="0.000238" asserts="1" />
            <test-case id="1-1103" name="ToIndex_ShouldThrowException_DimensionOverflow" fullname="PlayersWorlds.Maps.VectorTest.ToIndex_ShouldThrowException_DimensionOverflow" methodname="ToIndex_ShouldThrowException_DimensionOverflow" classname="PlayersWorlds.Maps.VectorTest" runstate="Runnable" seed="808498717" result="Passed" start-time="2024-05-21T07:32:31.1628020Z" end-time="2024-05-21T07:32:31.1630400Z" duration="0.000238" asserts="1" />
            <test-case id="1-1087" name="Vector_CanAddAndSubtract" fullname="PlayersWorlds.Maps.VectorTest.Vector_CanAddAndSubtract" methodname="Vector_CanAddAndSubtract" classname="PlayersWorlds.Maps.VectorTest" runstate="Runnable" seed="2042451699" result="Passed" start-time="2024-05-21T07:32:31.1630500Z" end-time="2024-05-21T07:32:31.1635830Z" duration="0.000532" asserts="6" />
            <test-case id="1-1088" name="Vector_ConstructorChecksArguments" fullname="PlayersWorlds.Maps.VectorTest.Vector_ConstructorChecksArguments" methodname="Vector_ConstructorChecksArguments" classname="PlayersWorlds.Maps.VectorTest" runstate="Runnable" seed="1395619395" result="Passed" start-time="2024-05-21T07:32:31.1635940Z" end-time="2024-05-21T07:32:31.1637180Z" duration="0.000124" asserts="1" />
            <test-case id="1-1085" name="Vector_EmptyIsEmpty" fullname="PlayersWorlds.Maps.VectorTest.Vector_EmptyIsEmpty" methodname="Vector_EmptyIsEmpty" classname="PlayersWorlds.Maps.VectorTest" runstate="Runnable" seed="1569955907" result="Passed" start-time="2024-05-21T07:32:31.1637250Z" end-time="2024-05-21T07:32:31.1638220Z" duration="0.000097" asserts="1" />
            <test-case id="1-1084" name="Vector_EmptyVectorIsEmpty" fullname="PlayersWorlds.Maps.VectorTest.Vector_EmptyVectorIsEmpty" methodname="Vector_EmptyVectorIsEmpty" classname="PlayersWorlds.Maps.VectorTest" runstate="Runnable" seed="2015487422" result="Passed" start-time="2024-05-21T07:32:31.1638320Z" end-time="2024-05-21T07:32:31.1639340Z" duration="0.000102" asserts="1" />
            <test-case id="1-1080" name="Vector_EqualityIsCheckedByValue" fullname="PlayersWorlds.Maps.VectorTest.Vector_EqualityIsCheckedByValue" methodname="Vector_EqualityIsCheckedByValue" classname="PlayersWorlds.Maps.VectorTest" runstate="Runnable" seed="1087356985" result="Passed" start-time="2024-05-21T07:32:31.1639410Z" end-time="2024-05-21T07:32:31.1642940Z" duration="0.000353" asserts="5" />
            <test-case id="1-1092" name="Vector_FromIndex" fullname="PlayersWorlds.Maps.VectorTest.Vector_FromIndex" methodname="Vector_FromIndex" classname="PlayersWorlds.Maps.VectorTest" runstate="Runnable" seed="1121075450" result="Passed" start-time="2024-05-21T07:32:31.1643040Z" end-time="2024-05-21T07:32:31.1644870Z" duration="0.000183" asserts="2" />
            <test-case id="1-1081" name="Vector_GetHashCodeIsDerivedFromValue" fullname="PlayersWorlds.Maps.VectorTest.Vector_GetHashCodeIsDerivedFromValue" methodname="Vector_GetHashCodeIsDerivedFromValue" classname="PlayersWorlds.Maps.VectorTest" runstate="Runnable" seed="518777349" result="Passed" start-time="2024-05-21T07:32:31.1644950Z" end-time="2024-05-21T07:32:31.1647740Z" duration="0.000279" asserts="2" />
            <test-case id="1-1078" name="Vector_IsInitialized" fullname="PlayersWorlds.Maps.VectorTest.Vector_IsInitialized" methodname="Vector_IsInitialized" classname="PlayersWorlds.Maps.VectorTest" runstate="Runnable" seed="191042763" result="Passed" start-time="2024-05-21T07:32:31.1647810Z" end-time="2024-05-21T07:32:31.1648730Z" duration="0.000092" asserts="2" />
            <test-case id="1-1086" name="Vector_NotEqualToNull" fullname="PlayersWorlds.Maps.VectorTest.Vector_NotEqualToNull" methodname="Vector_NotEqualToNull" classname="PlayersWorlds.Maps.VectorTest" runstate="Runnable" seed="959840729" result="Passed" start-time="2024-05-21T07:32:31.1648820Z" end-time="2024-05-21T07:32:31.1651490Z" duration="0.000267" asserts="3" />
            <test-case id="1-1090" name="Vector_SnappedForce" fullname="PlayersWorlds.Maps.VectorTest.Vector_SnappedForce" methodname="Vector_SnappedForce" classname="PlayersWorlds.Maps.VectorTest" runstate="Runnable" seed="1963591854" result="Passed" start-time="2024-05-21T07:32:31.1651600Z" end-time="2024-05-21T07:32:31.1657050Z" duration="0.000545" asserts="9" />
            <test-case id="1-1089" name="Vector_ThrowsIfNotAValidSize" fullname="PlayersWorlds.Maps.VectorTest.Vector_ThrowsIfNotAValidSize" methodname="Vector_ThrowsIfNotAValidSize" classname="PlayersWorlds.Maps.VectorTest" runstate="Runnable" seed="949213074" result="Passed" start-time="2024-05-21T07:32:31.1657150Z" end-time="2024-05-21T07:32:31.1660510Z" duration="0.000336" asserts="3" />
            <test-case id="1-1091" name="Vector_ToIndex" fullname="PlayersWorlds.Maps.VectorTest.Vector_ToIndex" methodname="Vector_ToIndex" classname="PlayersWorlds.Maps.VectorTest" runstate="Runnable" seed="2080675374" result="Passed" start-time="2024-05-21T07:32:31.1660610Z" end-time="2024-05-21T07:32:31.1663090Z" duration="0.000248" asserts="3" />
            <test-case id="1-1082" name="Vector_ToStringFormat" fullname="PlayersWorlds.Maps.VectorTest.Vector_ToStringFormat" methodname="Vector_ToStringFormat" classname="PlayersWorlds.Maps.VectorTest" runstate="Runnable" seed="802170789" result="Passed" start-time="2024-05-21T07:32:31.1663190Z" end-time="2024-05-21T07:32:31.1664490Z" duration="0.000130" asserts="2" />
            <test-case id="1-1083" name="Vector_ZeroVectorIsNotEmpty" fullname="PlayersWorlds.Maps.VectorTest.Vector_ZeroVectorIsNotEmpty" methodname="Vector_ZeroVectorIsNotEmpty" classname="PlayersWorlds.Maps.VectorTest" runstate="Runnable" seed="206464993" result="Passed" start-time="2024-05-21T07:32:31.1664570Z" end-time="2024-05-21T07:32:31.1665600Z" duration="0.000104" asserts="1" />
            <test-case id="1-1093" name="VectorD_Parse" fullname="PlayersWorlds.Maps.VectorTest.VectorD_Parse" methodname="VectorD_Parse" classname="PlayersWorlds.Maps.VectorTest" runstate="Runnable" seed="80183580" result="Passed" start-time="2024-05-21T07:32:31.1665700Z" end-time="2024-05-21T07:32:31.1666910Z" duration="0.000122" asserts="1" />
          </test-suite>
        </test-suite>
      </test-suite>
      <test-suite type="TestFixture" id="1-1000" name="RandomAreaGeneratorTest" fullname="RandomAreaGeneratorTest" classname="RandomAreaGeneratorTest" runstate="Runnable" testcasecount="2" result="Passed" start-time="2024-05-21T07:32:31.1667340Z" end-time="2024-05-21T07:32:31.1857200Z" duration="0.018986" total="2" passed="2" failed="0" warnings="0" inconclusive="0" skipped="0" asserts="3042">
        <test-case id="1-1001" name="ZoneGenerator_CanGenerateZones" fullname="RandomAreaGeneratorTest.ZoneGenerator_CanGenerateZones" methodname="ZoneGenerator_CanGenerateZones" classname="RandomAreaGeneratorTest" runstate="Runnable" seed="327607110" result="Passed" start-time="2024-05-21T07:32:31.1667960Z" end-time="2024-05-21T07:32:31.1849170Z" duration="0.018121" asserts="3006">
          <properties>
            <property name="Category" value="Integration" />
          </properties>
        </test-case>
        <test-case id="1-1002" name="ZoneGenerator_CustomSettings" fullname="RandomAreaGeneratorTest.ZoneGenerator_CustomSettings" methodname="ZoneGenerator_CustomSettings" classname="RandomAreaGeneratorTest" runstate="Runnable" seed="773412387" result="Passed" start-time="2024-05-21T07:32:31.1849290Z" end-time="2024-05-21T07:32:31.1857050Z" duration="0.000776" asserts="36">
          <properties>
            <property name="Category" value="Integration" />
          </properties>
        </test-case>
      </test-suite>
    </test-suite>
  </test-suite>
</test-run>