<?xml version="1.0" encoding="utf-8" standalone="no"?>
<test-run id="0" runstate="Runnable" testcasecount="1113" result="Skipped" label="Ignored" total="304" passed="302" failed="0" warnings="0" inconclusive="0" skipped="2" asserts="9078" engine-version="3.17.0.0" clr-version="4.0.30319.42000" start-time="2024-07-06 14:36:48Z" end-time="2024-07-06 14:36:50Z" duration="1.512883">
  <command-line><![CDATA[/home/data/repos/github.com/aynurin/maze-gen/packages/NUnit.ConsoleRunner.3.17.0/tools/nunit3-console.exe build/Debug/tests/PlayersWorlds.Maps.Tests.dll --framework=mono-4.0 "--where=Category!=Load AND Category!=Integration"]]></command-line>
  <filter>
    <and>
      <not>
        <prop name="Category">Load</prop>
      </not>
      <not>
        <prop name="Category">Integration</prop>
      </not>
    </and>
  </filter>
  <test-suite type="Assembly" id="1-2166" name="PlayersWorlds.Maps.Tests.dll" fullname="/home/data/repos/github.com/aynurin/maze-gen/build/Debug/tests/PlayersWorlds.Maps.Tests.dll" runstate="Runnable" testcasecount="1113" result="Skipped" label="Ignored" site="Child" start-time="2024-07-06T14:36:49.1484330Z" end-time="2024-07-06T14:36:50.1676100Z" duration="1.019124" total="304" passed="302" failed="0" warnings="0" inconclusive="0" skipped="2" asserts="9078">
    <environment framework-version="4.0.1.0" clr-version="4.0.30319.42000" os-version="Unix 6.1.84.1" platform="Unix" cwd="/home/data/repos/github.com/aynurin/maze-gen" machine-name="lightview" user="shav" user-domain="lightview" culture="en-US" uiculture="en-US" os-architecture="x64" />
    <settings>
      <setting name="RequestedRuntimeFramework" value="mono-4.0" />
      <setting name="DisposeRunners" value="True" />
      <setting name="WorkDirectory" value="/home/data/repos/github.com/aynurin/maze-gen" />
      <setting name="ImageRuntimeVersion" value="4.0.30319" />
      <setting name="ImageTargetFrameworkName" value=".NETFramework,Version=v4.7" />
      <setting name="ImageRequiresX86" value="False" />
      <setting name="ImageRequiresDefaultAppDomainAssemblyResolver" value="False" />
      <setting name="TargetRuntimeFramework" value="mono-4.0" />
      <setting name="NumberOfTestWorkers" value="24" />
    </settings>
    <properties>
      <property name="_PID" value="2457936" />
      <property name="_APPDOMAIN" value="domain-" />
    </properties>
    <reason>
      <message><![CDATA[One or more child tests were ignored]]></message>
    </reason>
    <test-suite type="SetUpFixture" id="1-1003" name="[default namespace]" fullname="TestsSetup" classname="TestsSetup" runstate="Runnable" testcasecount="1113" result="Skipped" label="Ignored" site="Child" start-time="2024-07-06T14:36:49.1555730Z" end-time="2024-07-06T14:36:50.1675980Z" duration="1.012025" total="304" passed="302" failed="0" warnings="0" inconclusive="0" skipped="2" asserts="9078">
      <reason>
        <message><![CDATA[One or more child tests were ignored]]></message>
      </reason>
      <test-suite type="TestSuite" id="1-2167" name="PlayersWorlds" fullname="PlayersWorlds" runstate="Runnable" testcasecount="1111" result="Skipped" label="Ignored" site="Child" start-time="2024-07-06T14:36:49.1588270Z" end-time="2024-07-06T14:36:50.1674060Z" duration="1.008579" total="304" passed="302" failed="0" warnings="0" inconclusive="0" skipped="2" asserts="9078">
        <reason>
          <message><![CDATA[One or more child tests were ignored]]></message>
        </reason>
        <test-suite type="TestSuite" id="1-2168" name="Maps" fullname="PlayersWorlds.Maps" runstate="Runnable" testcasecount="1111" result="Skipped" label="Ignored" site="Child" start-time="2024-07-06T14:36:49.1588920Z" end-time="2024-07-06T14:36:50.1674020Z" duration="1.008510" total="304" passed="302" failed="0" warnings="0" inconclusive="0" skipped="2" asserts="9078">
          <reason>
            <message><![CDATA[One or more child tests were ignored]]></message>
          </reason>
          <test-suite type="TestSuite" id="1-2174" name="Areas" fullname="PlayersWorlds.Maps.Areas" runstate="Runnable" testcasecount="127" result="Passed" start-time="2024-07-06T14:36:49.1589000Z" end-time="2024-07-06T14:36:49.4039200Z" duration="0.245020" total="31" passed="31" failed="0" warnings="0" inconclusive="0" skipped="0" asserts="61">
            <test-suite type="TestFixture" id="1-2027" name="AreaGeneratorTest" fullname="PlayersWorlds.Maps.Areas.AreaGeneratorTest" classname="PlayersWorlds.Maps.Areas.AreaGeneratorTest" runstate="Runnable" testcasecount="7" result="Passed" start-time="2024-07-06T14:36:49.1591370Z" end-time="2024-07-06T14:36:49.3230120Z" duration="0.163875" total="7" passed="7" failed="0" warnings="0" inconclusive="0" skipped="0" asserts="5">
              <test-case id="1-2028" name="Ctor_DoesNotThrowIfParametersAreNull" fullname="PlayersWorlds.Maps.Areas.AreaGeneratorTest.Ctor_DoesNotThrowIfParametersAreNull" methodname="Ctor_DoesNotThrowIfParametersAreNull" classname="PlayersWorlds.Maps.Areas.AreaGeneratorTest" runstate="Runnable" seed="946112045" result="Passed" start-time="2024-07-06T14:36:49.1593060Z" end-time="2024-07-06T14:36:49.1858010Z" duration="0.026609" asserts="1" />
              <test-case id="1-2030" name="Ctor_ThrowsIfMapAreaSystemFactoryIsNull" fullname="PlayersWorlds.Maps.Areas.AreaGeneratorTest.Ctor_ThrowsIfMapAreaSystemFactoryIsNull" methodname="Ctor_ThrowsIfMapAreaSystemFactoryIsNull" classname="PlayersWorlds.Maps.Areas.AreaGeneratorTest" runstate="Runnable" seed="749592696" result="Passed" start-time="2024-07-06T14:36:49.1870880Z" end-time="2024-07-06T14:36:49.2837470Z" duration="0.096659" asserts="1" />
              <test-case id="1-2029" name="Ctor_ThrowsIfSimulatorIsNull" fullname="PlayersWorlds.Maps.Areas.AreaGeneratorTest.Ctor_ThrowsIfSimulatorIsNull" methodname="Ctor_ThrowsIfSimulatorIsNull" classname="PlayersWorlds.Maps.Areas.AreaGeneratorTest" runstate="Runnable" seed="1875564196" result="Passed" start-time="2024-07-06T14:36:49.2837650Z" end-time="2024-07-06T14:36:49.2859860Z" duration="0.002220" asserts="1" />
              <test-case id="1-2034" name="GenerateMazeAreas_Attempts" fullname="PlayersWorlds.Maps.Areas.AreaGeneratorTest.GenerateMazeAreas_Attempts" methodname="GenerateMazeAreas_Attempts" classname="PlayersWorlds.Maps.Areas.AreaGeneratorTest" runstate="Runnable" seed="719213214" result="Passed" start-time="2024-07-06T14:36:49.2859990Z" end-time="2024-07-06T14:36:49.3108130Z" duration="0.024814" asserts="1" />
              <test-case id="1-2032" name="GenerateMazeAreas_CallsEvolveForUnpositionedAreas" fullname="PlayersWorlds.Maps.Areas.AreaGeneratorTest.GenerateMazeAreas_CallsEvolveForUnpositionedAreas" methodname="GenerateMazeAreas_CallsEvolveForUnpositionedAreas" classname="PlayersWorlds.Maps.Areas.AreaGeneratorTest" runstate="Runnable" seed="1708929808" result="Passed" start-time="2024-07-06T14:36:49.3108640Z" end-time="2024-07-06T14:36:49.3142820Z" duration="0.003418" asserts="0" />
              <test-case id="1-2031" name="GenerateMazeAreas_CallsGenerate" fullname="PlayersWorlds.Maps.Areas.AreaGeneratorTest.GenerateMazeAreas_CallsGenerate" methodname="GenerateMazeAreas_CallsGenerate" classname="PlayersWorlds.Maps.Areas.AreaGeneratorTest" runstate="Runnable" seed="911172796" result="Passed" start-time="2024-07-06T14:36:49.3142940Z" end-time="2024-07-06T14:36:49.3157550Z" duration="0.001460" asserts="0" />
              <test-case id="1-2033" name="GenerateMazeAreas_ExistingAreas" fullname="PlayersWorlds.Maps.Areas.AreaGeneratorTest.GenerateMazeAreas_ExistingAreas" methodname="GenerateMazeAreas_ExistingAreas" classname="PlayersWorlds.Maps.Areas.AreaGeneratorTest" runstate="Runnable" seed="26981819" result="Passed" start-time="2024-07-06T14:36:49.3157660Z" end-time="2024-07-06T14:36:49.3219070Z" duration="0.006141" asserts="1" />
            </test-suite>
            <test-suite type="TestFixture" id="1-2035" name="BasicAreaGeneratorTest" fullname="PlayersWorlds.Maps.Areas.BasicAreaGeneratorTest" classname="PlayersWorlds.Maps.Areas.BasicAreaGeneratorTest" runstate="Runnable" testcasecount="4" result="Passed" start-time="2024-07-06T14:36:49.3239130Z" end-time="2024-07-06T14:36:49.3725840Z" duration="0.048671" total="4" passed="4" failed="0" warnings="0" inconclusive="0" skipped="0" asserts="7">
              <test-case id="1-2039" name="AreasNoOverlap" fullname="PlayersWorlds.Maps.Areas.BasicAreaGeneratorTest.AreasNoOverlap" methodname="AreasNoOverlap" classname="PlayersWorlds.Maps.Areas.BasicAreaGeneratorTest" runstate="Runnable" seed="1544960703" result="Passed" start-time="2024-07-06T14:36:49.3239970Z" end-time="2024-07-06T14:36:49.3422680Z" duration="0.018271" asserts="3" />
              <test-case id="1-2038" name="MaxAreas" fullname="PlayersWorlds.Maps.Areas.BasicAreaGeneratorTest.MaxAreas" methodname="MaxAreas" classname="PlayersWorlds.Maps.Areas.BasicAreaGeneratorTest" runstate="Runnable" seed="1720425766" result="Passed" start-time="2024-07-06T14:36:49.3422820Z" end-time="2024-07-06T14:36:49.3682470Z" duration="0.025965" asserts="2" />
              <test-case id="1-2036" name="MinSizeTooLargeDoesNotProduceAreas" fullname="PlayersWorlds.Maps.Areas.BasicAreaGeneratorTest.MinSizeTooLargeDoesNotProduceAreas" methodname="MinSizeTooLargeDoesNotProduceAreas" classname="PlayersWorlds.Maps.Areas.BasicAreaGeneratorTest" runstate="Runnable" seed="1208350130" result="Passed" start-time="2024-07-06T14:36:49.3682660Z" end-time="2024-07-06T14:36:49.3706740Z" duration="0.002408" asserts="1" />
              <test-case id="1-2037" name="TwoAreas" fullname="PlayersWorlds.Maps.Areas.BasicAreaGeneratorTest.TwoAreas" methodname="TwoAreas" classname="PlayersWorlds.Maps.Areas.BasicAreaGeneratorTest" runstate="Runnable" seed="37280874" result="Passed" start-time="2024-07-06T14:36:49.3706870Z" end-time="2024-07-06T14:36:49.3725660Z" duration="0.001879" asserts="1" />
            </test-suite>
            <test-suite type="TestSuite" id="1-2175" name="Evolving" fullname="PlayersWorlds.Maps.Areas.Evolving" runstate="Runnable" testcasecount="104" result="Passed" start-time="2024-07-06T14:36:49.1589070Z" end-time="2024-07-06T14:36:49.3868790Z" duration="0.227972" total="8" passed="8" failed="0" warnings="0" inconclusive="0" skipped="0" asserts="15">
              <test-suite type="TestFixture" id="1-2135" name="EvolvingSimulatorTest" fullname="PlayersWorlds.Maps.Areas.Evolving.EvolvingSimulatorTest" classname="PlayersWorlds.Maps.Areas.Evolving.EvolvingSimulatorTest" runstate="Runnable" testcasecount="2" result="Passed" start-time="2024-07-06T14:36:49.3726050Z" end-time="2024-07-06T14:36:49.3763960Z" duration="0.003791" total="2" passed="2" failed="0" warnings="0" inconclusive="0" skipped="0" asserts="2">
                <test-case id="1-2137" name="EvolvingSimulator_ReturnsEpochsIfEvolitionIsNotComplete" fullname="PlayersWorlds.Maps.Areas.Evolving.EvolvingSimulatorTest.EvolvingSimulator_ReturnsEpochsIfEvolitionIsNotComplete" methodname="EvolvingSimulator_ReturnsEpochsIfEvolitionIsNotComplete" classname="PlayersWorlds.Maps.Areas.Evolving.EvolvingSimulatorTest" runstate="Runnable" seed="989271151" result="Passed" start-time="2024-07-06T14:36:49.3726920Z" end-time="2024-07-06T14:36:49.3761350Z" duration="0.003443" asserts="1" />
                <test-case id="1-2136" name="EvolvingSimulator_ThrowsIfMaxEpochsIsZero" fullname="PlayersWorlds.Maps.Areas.Evolving.EvolvingSimulatorTest.EvolvingSimulator_ThrowsIfMaxEpochsIsZero" methodname="EvolvingSimulator_ThrowsIfMaxEpochsIsZero" classname="PlayersWorlds.Maps.Areas.Evolving.EvolvingSimulatorTest" runstate="Runnable" seed="628678373" result="Passed" start-time="2024-07-06T14:36:49.3761470Z" end-time="2024-07-06T14:36:49.3763840Z" duration="0.000237" asserts="1" />
              </test-suite>
              <test-suite type="TestFixture" id="1-2138" name="FloatingAreaTest" fullname="PlayersWorlds.Maps.Areas.Evolving.FloatingAreaTest" classname="PlayersWorlds.Maps.Areas.Evolving.FloatingAreaTest" runstate="Runnable" testcasecount="22" result="Passed" start-time="2024-07-06T14:36:49.3764130Z" end-time="2024-07-06T14:36:49.3868720Z" duration="0.010458" total="6" passed="6" failed="0" warnings="0" inconclusive="0" skipped="0" asserts="13">
                <test-case id="1-2143" name="CenterIsValid" fullname="PlayersWorlds.Maps.Areas.Evolving.FloatingAreaTest.CenterIsValid" methodname="CenterIsValid" classname="PlayersWorlds.Maps.Areas.Evolving.FloatingAreaTest" runstate="Runnable" seed="663664216" result="Passed" start-time="2024-07-06T14:36:49.3764920Z" end-time="2024-07-06T14:36:49.3793810Z" duration="0.002890" asserts="4" />
                <test-case id="1-2142" name="Contains" fullname="PlayersWorlds.Maps.Areas.Evolving.FloatingAreaTest.Contains" methodname="Contains" classname="PlayersWorlds.Maps.Areas.Evolving.FloatingAreaTest" runstate="Runnable" seed="1416913087" result="Passed" start-time="2024-07-06T14:36:49.3793930Z" end-time="2024-07-06T14:36:49.3823280Z" duration="0.002935" asserts="2" />
                <test-case id="1-2161" name="DistanceToDebug" fullname="PlayersWorlds.Maps.Areas.Evolving.FloatingAreaTest.DistanceToDebug" methodname="DistanceToDebug" classname="PlayersWorlds.Maps.Areas.Evolving.FloatingAreaTest" runstate="Runnable" seed="358866115" result="Passed" start-time="2024-07-06T14:36:49.3823400Z" end-time="2024-07-06T14:36:49.3833290Z" duration="0.000989" asserts="2" />
                <test-case id="1-2141" name="Overlaps" fullname="PlayersWorlds.Maps.Areas.Evolving.FloatingAreaTest.Overlaps" methodname="Overlaps" classname="PlayersWorlds.Maps.Areas.Evolving.FloatingAreaTest" runstate="Runnable" seed="366681885" result="Passed" start-time="2024-07-06T14:36:49.3833390Z" end-time="2024-07-06T14:36:49.3863190Z" duration="0.002980" asserts="2" />
                <test-case id="1-2139" name="Parse" fullname="PlayersWorlds.Maps.Areas.Evolving.FloatingAreaTest.Parse" methodname="Parse" classname="PlayersWorlds.Maps.Areas.Evolving.FloatingAreaTest" runstate="Runnable" seed="562011070" result="Passed" start-time="2024-07-06T14:36:49.3863310Z" end-time="2024-07-06T14:36:49.3865390Z" duration="0.000209" asserts="2" />
                <test-case id="1-2140" name="ToStringIsValid" fullname="PlayersWorlds.Maps.Areas.Evolving.FloatingAreaTest.ToStringIsValid" methodname="ToStringIsValid" classname="PlayersWorlds.Maps.Areas.Evolving.FloatingAreaTest" runstate="Runnable" seed="1319196371" result="Passed" start-time="2024-07-06T14:36:49.3865470Z" end-time="2024-07-06T14:36:49.3868590Z" duration="0.000312" asserts="1" />
              </test-suite>
            </test-suite>
            <test-suite type="TestFixture" id="1-2040" name="MapAreaTest" fullname="PlayersWorlds.Maps.Areas.MapAreaTest" classname="PlayersWorlds.Maps.Areas.MapAreaTest" runstate="Runnable" testcasecount="9" result="Passed" start-time="2024-07-06T14:36:49.3869040Z" end-time="2024-07-06T14:36:49.4020640Z" duration="0.015160" total="9" passed="9" failed="0" warnings="0" inconclusive="0" skipped="0" asserts="31">
              <test-case id="1-2048" name="BakeCreatesLinks" fullname="PlayersWorlds.Maps.Areas.MapAreaTest.BakeCreatesLinks" methodname="BakeCreatesLinks" classname="PlayersWorlds.Maps.Areas.MapAreaTest" runstate="Runnable" seed="179963333" result="Passed" start-time="2024-07-06T14:36:49.3869810Z" end-time="2024-07-06T14:36:49.3887190Z" duration="0.001738" asserts="1" />
              <test-case id="1-2047" name="BakeCreatesNeighbors" fullname="PlayersWorlds.Maps.Areas.MapAreaTest.BakeCreatesNeighbors" methodname="BakeCreatesNeighbors" classname="PlayersWorlds.Maps.Areas.MapAreaTest" runstate="Runnable" seed="253780144" result="Passed" start-time="2024-07-06T14:36:49.3887300Z" end-time="2024-07-06T14:36:49.3890260Z" duration="0.000296" asserts="1" />
              <test-case id="1-2049" name="BakeCreatesProperLinks" fullname="PlayersWorlds.Maps.Areas.MapAreaTest.BakeCreatesProperLinks" methodname="BakeCreatesProperLinks" classname="PlayersWorlds.Maps.Areas.MapAreaTest" runstate="Runnable" seed="468873449" result="Passed" start-time="2024-07-06T14:36:49.3890340Z" end-time="2024-07-06T14:36:49.3900710Z" duration="0.001036" asserts="2" />
              <test-case id="1-2043" name="Overlaps_ReturnsFalseIfDoesNotOverlap" fullname="PlayersWorlds.Maps.Areas.MapAreaTest.Overlaps_ReturnsFalseIfDoesNotOverlap" methodname="Overlaps_ReturnsFalseIfDoesNotOverlap" classname="PlayersWorlds.Maps.Areas.MapAreaTest" runstate="Runnable" seed="1491196918" result="Passed" start-time="2024-07-06T14:36:49.3900820Z" end-time="2024-07-06T14:36:49.3945470Z" duration="0.004465" asserts="15" />
              <test-case id="1-2042" name="Overlaps_ReturnsTrueIfOverlaps" fullname="PlayersWorlds.Maps.Areas.MapAreaTest.Overlaps_ReturnsTrueIfOverlaps" methodname="Overlaps_ReturnsTrueIfOverlaps" classname="PlayersWorlds.Maps.Areas.MapAreaTest" runstate="Runnable" seed="1842135392" result="Passed" start-time="2024-07-06T14:36:49.3945580Z" end-time="2024-07-06T14:36:49.3969030Z" duration="0.002345" asserts="7" />
              <test-case id="1-2041" name="Overlaps_ThrowsIfSame" fullname="PlayersWorlds.Maps.Areas.MapAreaTest.Overlaps_ThrowsIfSame" methodname="Overlaps_ThrowsIfSame" classname="PlayersWorlds.Maps.Areas.MapAreaTest" runstate="Runnable" seed="422282115" result="Passed" start-time="2024-07-06T14:36:49.3969130Z" end-time="2024-07-06T14:36:49.3989840Z" duration="0.002071" asserts="2" />
              <test-case id="1-2045" name="Position_DoesNotThrowIfInitialized" fullname="PlayersWorlds.Maps.Areas.MapAreaTest.Position_DoesNotThrowIfInitialized" methodname="Position_DoesNotThrowIfInitialized" classname="PlayersWorlds.Maps.Areas.MapAreaTest" runstate="Runnable" seed="1282446185" result="Passed" start-time="2024-07-06T14:36:49.3989940Z" end-time="2024-07-06T14:36:49.4001180Z" duration="0.001124" asserts="1" />
              <test-case id="1-2044" name="Position_UnpositionedThrowsIfNotInitialized" fullname="PlayersWorlds.Maps.Areas.MapAreaTest.Position_UnpositionedThrowsIfNotInitialized" methodname="Position_UnpositionedThrowsIfNotInitialized" classname="PlayersWorlds.Maps.Areas.MapAreaTest" runstate="Runnable" seed="516573478" result="Passed" start-time="2024-07-06T14:36:49.4001280Z" end-time="2024-07-06T14:36:49.4015740Z" duration="0.001446" asserts="1" />
              <test-case id="1-2046" name="ThrowsIfWrongParameters" fullname="PlayersWorlds.Maps.Areas.MapAreaTest.ThrowsIfWrongParameters" methodname="ThrowsIfWrongParameters" classname="PlayersWorlds.Maps.Areas.MapAreaTest" runstate="Runnable" seed="695597169" result="Passed" start-time="2024-07-06T14:36:49.4015850Z" end-time="2024-07-06T14:36:49.4020520Z" duration="0.000467" asserts="1" />
            </test-suite>
            <test-suite type="TestSuite" id="1-2176" name="PlayersWorlds" fullname="PlayersWorlds.Maps.Areas.PlayersWorlds" runstate="Runnable" testcasecount="3" result="Passed" start-time="2024-07-06T14:36:49.1589140Z" end-time="2024-07-06T14:36:49.4039160Z" duration="0.245002" total="3" passed="3" failed="0" warnings="0" inconclusive="0" skipped="0" asserts="3">
              <test-suite type="TestSuite" id="1-2177" name="Maps" fullname="PlayersWorlds.Maps.Areas.PlayersWorlds.Maps" runstate="Runnable" testcasecount="3" result="Passed" start-time="2024-07-06T14:36:49.1589190Z" end-time="2024-07-06T14:36:49.4039120Z" duration="0.244993" total="3" passed="3" failed="0" warnings="0" inconclusive="0" skipped="0" asserts="3">
                <test-suite type="TestSuite" id="1-2178" name="Areas" fullname="PlayersWorlds.Maps.Areas.PlayersWorlds.Maps.Areas" runstate="Runnable" testcasecount="3" result="Passed" start-time="2024-07-06T14:36:49.1589230Z" end-time="2024-07-06T14:36:49.4039070Z" duration="0.244984" total="3" passed="3" failed="0" warnings="0" inconclusive="0" skipped="0" asserts="3">
                  <test-suite type="TestFixture" id="1-2162" name="AreaGeneratorExceptionTest" fullname="PlayersWorlds.Maps.Areas.PlayersWorlds.Maps.Areas.AreaGeneratorExceptionTest" classname="PlayersWorlds.Maps.Areas.PlayersWorlds.Maps.Areas.AreaGeneratorExceptionTest" runstate="Runnable" testcasecount="3" result="Passed" start-time="2024-07-06T14:36:49.4020820Z" end-time="2024-07-06T14:36:49.4039010Z" duration="0.001819" total="3" passed="3" failed="0" warnings="0" inconclusive="0" skipped="0" asserts="3">
                    <test-case id="1-2165" name="MessageIncludesGeneratorInfo" fullname="PlayersWorlds.Maps.Areas.PlayersWorlds.Maps.Areas.AreaGeneratorExceptionTest.MessageIncludesGeneratorInfo" methodname="MessageIncludesGeneratorInfo" classname="PlayersWorlds.Maps.Areas.PlayersWorlds.Maps.Areas.AreaGeneratorExceptionTest" runstate="Runnable" seed="57313036" result="Passed" start-time="2024-07-06T14:36:49.4021650Z" end-time="2024-07-06T14:36:49.4033980Z" duration="0.001234" asserts="1" />
                    <test-case id="1-2163" name="WithMessage" fullname="PlayersWorlds.Maps.Areas.PlayersWorlds.Maps.Areas.AreaGeneratorExceptionTest.WithMessage" methodname="WithMessage" classname="PlayersWorlds.Maps.Areas.PlayersWorlds.Maps.Areas.AreaGeneratorExceptionTest" runstate="Runnable" seed="1236130741" result="Passed" start-time="2024-07-06T14:36:49.4034100Z" end-time="2024-07-06T14:36:49.4036970Z" duration="0.000287" asserts="1" />
                    <test-case id="1-2164" name="WithMessageAndInnerException" fullname="PlayersWorlds.Maps.Areas.PlayersWorlds.Maps.Areas.AreaGeneratorExceptionTest.WithMessageAndInnerException" methodname="WithMessageAndInnerException" classname="PlayersWorlds.Maps.Areas.PlayersWorlds.Maps.Areas.AreaGeneratorExceptionTest" runstate="Runnable" seed="868062883" result="Passed" start-time="2024-07-06T14:36:49.4037050Z" end-time="2024-07-06T14:36:49.4038890Z" duration="0.000185" asserts="1" />
                  </test-suite>
                </test-suite>
              </test-suite>
            </test-suite>
          </test-suite>
          <test-suite type="TestFixture" id="1-1004" name="AreaTest" fullname="PlayersWorlds.Maps.AreaTest" classname="PlayersWorlds.Maps.AreaTest" runstate="Runnable" testcasecount="22" result="Passed" start-time="2024-07-06T14:36:49.4039340Z" end-time="2024-07-06T14:36:49.4247080Z" duration="0.020773" total="22" passed="22" failed="0" warnings="0" inconclusive="0" skipped="0" asserts="48">
            <test-case id="1-1024" name="BakeFillAreas" fullname="PlayersWorlds.Maps.AreaTest.BakeFillAreas" methodname="BakeFillAreas" classname="PlayersWorlds.Maps.AreaTest" runstate="Runnable" seed="1959997945" result="Passed" start-time="2024-07-06T14:36:49.4040520Z" end-time="2024-07-06T14:36:49.4067580Z" duration="0.002706" asserts="5" />
            <test-case id="1-1021" name="CanAddChildArea" fullname="PlayersWorlds.Maps.AreaTest.CanAddChildArea" methodname="CanAddChildArea" classname="PlayersWorlds.Maps.AreaTest" runstate="Runnable" seed="1411417117" result="Passed" start-time="2024-07-06T14:36:49.4067700Z" end-time="2024-07-06T14:36:49.4070730Z" duration="0.000303" asserts="2" />
            <test-case id="1-1016" name="ClearChildAreas" fullname="PlayersWorlds.Maps.AreaTest.ClearChildAreas" methodname="ClearChildAreas" classname="PlayersWorlds.Maps.AreaTest" runstate="Runnable" seed="974292965" result="Passed" start-time="2024-07-06T14:36:49.4070810Z" end-time="2024-07-06T14:36:49.4078510Z" duration="0.000770" asserts="2" />
            <test-case id="1-1013" name="CopyCtorChecksGridPosition" fullname="PlayersWorlds.Maps.AreaTest.CopyCtorChecksGridPosition" methodname="CopyCtorChecksGridPosition" classname="PlayersWorlds.Maps.AreaTest" runstate="Runnable" seed="2139542755" result="Passed" start-time="2024-07-06T14:36:49.4078640Z" end-time="2024-07-06T14:36:49.4080610Z" duration="0.000197" asserts="1" />
            <test-case id="1-1011" name="CopyCtorWithNulls" fullname="PlayersWorlds.Maps.AreaTest.CopyCtorWithNulls" methodname="CopyCtorWithNulls" classname="PlayersWorlds.Maps.AreaTest" runstate="Runnable" seed="1653994536" result="Passed" start-time="2024-07-06T14:36:49.4080680Z" end-time="2024-07-06T14:36:49.4081780Z" duration="0.000109" asserts="1" />
            <test-case id="1-1012" name="CopyCtorWithWrongNumberOfCells" fullname="PlayersWorlds.Maps.AreaTest.CopyCtorWithWrongNumberOfCells" methodname="CopyCtorWithWrongNumberOfCells" classname="PlayersWorlds.Maps.AreaTest" runstate="Runnable" seed="1733629941" result="Passed" start-time="2024-07-06T14:36:49.4081850Z" end-time="2024-07-06T14:36:49.4083670Z" duration="0.000182" asserts="1" />
            <test-case id="1-1023" name="EnumeratorEnumeratesCells" fullname="PlayersWorlds.Maps.AreaTest.EnumeratorEnumeratesCells" methodname="EnumeratorEnumeratesCells" classname="PlayersWorlds.Maps.AreaTest" runstate="Runnable" seed="340009363" result="Passed" start-time="2024-07-06T14:36:49.4083740Z" end-time="2024-07-06T14:36:49.4108930Z" duration="0.002519" asserts="1" />
            <test-case id="1-1010" name="FixedPositionArea" fullname="PlayersWorlds.Maps.AreaTest.FixedPositionArea" methodname="FixedPositionArea" classname="PlayersWorlds.Maps.AreaTest" runstate="Runnable" seed="401459267" result="Passed" start-time="2024-07-06T14:36:49.4109020Z" end-time="2024-07-06T14:36:49.4111610Z" duration="0.000259" asserts="3" />
            <test-case id="1-1009" name="FloatingArea" fullname="PlayersWorlds.Maps.AreaTest.FloatingArea" methodname="FloatingArea" classname="PlayersWorlds.Maps.AreaTest" runstate="Runnable" seed="1917550121" result="Passed" start-time="2024-07-06T14:36:49.4111690Z" end-time="2024-07-06T14:36:49.4117570Z" duration="0.000588" asserts="5" />
            <test-case id="1-1022" name="IsHollow" fullname="PlayersWorlds.Maps.AreaTest.IsHollow" methodname="IsHollow" classname="PlayersWorlds.Maps.AreaTest" runstate="Runnable" seed="1934429816" result="Passed" start-time="2024-07-06T14:36:49.4117650Z" end-time="2024-07-06T14:36:49.4121440Z" duration="0.000380" asserts="4" />
            <test-case id="1-1005" name="IsInitialized" fullname="PlayersWorlds.Maps.AreaTest.IsInitialized" methodname="IsInitialized" classname="PlayersWorlds.Maps.AreaTest" runstate="Runnable" seed="280511570" result="Passed" start-time="2024-07-06T14:36:49.4121540Z" end-time="2024-07-06T14:36:49.4127020Z" duration="0.000549" asserts="5" />
            <test-case id="1-1025" name="RenderCallsFactory" fullname="PlayersWorlds.Maps.AreaTest.RenderCallsFactory" methodname="RenderCallsFactory" classname="PlayersWorlds.Maps.AreaTest" runstate="Runnable" seed="1869899989" result="Passed" start-time="2024-07-06T14:36:49.4127120Z" end-time="2024-07-06T14:36:49.4199170Z" duration="0.007205" asserts="1" />
            <test-case id="1-1015" name="RepositionThrowsWhenPositionIsFixed" fullname="PlayersWorlds.Maps.AreaTest.RepositionThrowsWhenPositionIsFixed" methodname="RepositionThrowsWhenPositionIsFixed" classname="PlayersWorlds.Maps.AreaTest" runstate="Runnable" seed="771455400" result="Passed" start-time="2024-07-06T14:36:49.4199290Z" end-time="2024-07-06T14:36:49.4201170Z" duration="0.000188" asserts="1" />
            <test-case id="1-1017" name="ShallowCopyWithAreaType" fullname="PlayersWorlds.Maps.AreaTest.ShallowCopyWithAreaType" methodname="ShallowCopyWithAreaType" classname="PlayersWorlds.Maps.AreaTest" runstate="Runnable" seed="172159280" result="Passed" start-time="2024-07-06T14:36:49.4201240Z" end-time="2024-07-06T14:36:49.4210210Z" duration="0.000898" asserts="2" />
            <test-case id="1-1018" name="ShallowCopyWithCells" fullname="PlayersWorlds.Maps.AreaTest.ShallowCopyWithCells" methodname="ShallowCopyWithCells" classname="PlayersWorlds.Maps.AreaTest" runstate="Runnable" seed="431265960" result="Passed" start-time="2024-07-06T14:36:49.4210300Z" end-time="2024-07-06T14:36:49.4212430Z" duration="0.000214" asserts="2" />
            <test-case id="1-1020" name="ShallowCopyWithChildAreas" fullname="PlayersWorlds.Maps.AreaTest.ShallowCopyWithChildAreas" methodname="ShallowCopyWithChildAreas" classname="PlayersWorlds.Maps.AreaTest" runstate="Runnable" seed="849715459" result="Passed" start-time="2024-07-06T14:36:49.4212510Z" end-time="2024-07-06T14:36:49.4218690Z" duration="0.000619" asserts="3" />
            <test-case id="1-1019" name="ShallowCopyWithTags" fullname="PlayersWorlds.Maps.AreaTest.ShallowCopyWithTags" methodname="ShallowCopyWithTags" classname="PlayersWorlds.Maps.AreaTest" runstate="Runnable" seed="573281368" result="Passed" start-time="2024-07-06T14:36:49.4218770Z" end-time="2024-07-06T14:36:49.4226130Z" duration="0.000736" asserts="2" />
            <test-case id="1-1014" name="TagsNotNull" fullname="PlayersWorlds.Maps.AreaTest.TagsNotNull" methodname="TagsNotNull" classname="PlayersWorlds.Maps.AreaTest" runstate="Runnable" seed="835319586" result="Passed" start-time="2024-07-06T14:36:49.4226260Z" end-time="2024-07-06T14:36:49.4227870Z" duration="0.000162" asserts="1" />
            <test-case id="1-1008" name="ThrowsIfPositionIsEmpty" fullname="PlayersWorlds.Maps.AreaTest.ThrowsIfPositionIsEmpty" methodname="ThrowsIfPositionIsEmpty" classname="PlayersWorlds.Maps.AreaTest" runstate="Runnable" seed="1368426208" result="Passed" start-time="2024-07-06T14:36:49.4227970Z" end-time="2024-07-06T14:36:49.4229680Z" duration="0.000171" asserts="1" />
            <test-case id="1-1007" name="ThrowsIfPositionIsFixedAndEmpty" fullname="PlayersWorlds.Maps.AreaTest.ThrowsIfPositionIsFixedAndEmpty" methodname="ThrowsIfPositionIsFixedAndEmpty" classname="PlayersWorlds.Maps.AreaTest" runstate="Runnable" seed="1839639813" result="Passed" start-time="2024-07-06T14:36:49.4229760Z" end-time="2024-07-06T14:36:49.4231040Z" duration="0.000128" asserts="1" />
            <test-case id="1-1026" name="ToString" fullname="PlayersWorlds.Maps.AreaTest.ToString" methodname="ToString" classname="PlayersWorlds.Maps.AreaTest" runstate="Runnable" seed="713902335" result="Passed" start-time="2024-07-06T14:36:49.4231110Z" end-time="2024-07-06T14:36:49.4244250Z" duration="0.001315" asserts="1" />
            <test-case id="1-1006" name="WrongSize" fullname="PlayersWorlds.Maps.AreaTest.WrongSize" methodname="WrongSize" classname="PlayersWorlds.Maps.AreaTest" runstate="Runnable" seed="1692239360" result="Passed" start-time="2024-07-06T14:36:49.4244330Z" end-time="2024-07-06T14:36:49.4246930Z" duration="0.000260" asserts="3" />
          </test-suite>
          <test-suite type="TestFixture" id="1-1027" name="AssemblyInfoTest" fullname="PlayersWorlds.Maps.AssemblyInfoTest" classname="PlayersWorlds.Maps.AssemblyInfoTest" runstate="Runnable" testcasecount="2" result="Passed" start-time="2024-07-06T14:36:49.4247270Z" end-time="2024-07-06T14:36:49.4256410Z" duration="0.000914" total="2" passed="2" failed="0" warnings="0" inconclusive="0" skipped="0" asserts="4">
            <test-case id="1-1029" name="TestAssemblyCompany" fullname="PlayersWorlds.Maps.AssemblyInfoTest.TestAssemblyCompany" methodname="TestAssemblyCompany" classname="PlayersWorlds.Maps.AssemblyInfoTest" runstate="Runnable" seed="1264912350" result="Passed" start-time="2024-07-06T14:36:49.4248010Z" end-time="2024-07-06T14:36:49.4253190Z" duration="0.000518" asserts="2" />
            <test-case id="1-1028" name="TestAssemblyTitle" fullname="PlayersWorlds.Maps.AssemblyInfoTest.TestAssemblyTitle" methodname="TestAssemblyTitle" classname="PlayersWorlds.Maps.AssemblyInfoTest" runstate="Runnable" seed="1804201940" result="Passed" start-time="2024-07-06T14:36:49.4253270Z" end-time="2024-07-06T14:36:49.4256290Z" duration="0.000301" asserts="2" />
          </test-suite>
          <test-suite type="TestFixture" id="1-1030" name="CellTest" fullname="PlayersWorlds.Maps.CellTest" classname="PlayersWorlds.Maps.CellTest" runstate="Runnable" testcasecount="8" result="Passed" start-time="2024-07-06T14:36:49.4256570Z" end-time="2024-07-06T14:36:49.4303500Z" duration="0.004693" total="8" passed="8" failed="0" warnings="0" inconclusive="0" skipped="0" asserts="29">
            <test-case id="1-1033" name="BakedLinks" fullname="PlayersWorlds.Maps.CellTest.BakedLinks" methodname="BakedLinks" classname="PlayersWorlds.Maps.CellTest" runstate="Runnable" seed="906974296" result="Passed" start-time="2024-07-06T14:36:49.4257260Z" end-time="2024-07-06T14:36:49.4278350Z" duration="0.002109" asserts="6" />
            <test-case id="1-1038" name="CellTagEqualityTest" fullname="PlayersWorlds.Maps.CellTest.CellTagEqualityTest" methodname="CellTagEqualityTest" classname="PlayersWorlds.Maps.CellTest" runstate="Runnable" seed="41865673" result="Passed" start-time="2024-07-06T14:36:49.4278440Z" end-time="2024-07-06T14:36:49.4286150Z" duration="0.000771" asserts="4" />
            <test-case id="1-1037" name="Clone" fullname="PlayersWorlds.Maps.CellTest.Clone" methodname="Clone" classname="PlayersWorlds.Maps.CellTest" runstate="Runnable" seed="493397064" result="Passed" start-time="2024-07-06T14:36:49.4286250Z" end-time="2024-07-06T14:36:49.4292120Z" duration="0.000587" asserts="4" />
            <test-case id="1-1031" name="CtorTest" fullname="PlayersWorlds.Maps.CellTest.CtorTest" methodname="CtorTest" classname="PlayersWorlds.Maps.CellTest" runstate="Runnable" seed="345781333" result="Passed" start-time="2024-07-06T14:36:49.4292230Z" end-time="2024-07-06T14:36:49.4293050Z" duration="0.000082" asserts="1" />
            <test-case id="1-1032" name="HardLinks" fullname="PlayersWorlds.Maps.CellTest.HardLinks" methodname="HardLinks" classname="PlayersWorlds.Maps.CellTest" runstate="Runnable" seed="643238739" result="Passed" start-time="2024-07-06T14:36:49.4293120Z" end-time="2024-07-06T14:36:49.4295470Z" duration="0.000236" asserts="6" />
            <test-case id="1-1035" name="Neighbors" fullname="PlayersWorlds.Maps.CellTest.Neighbors" methodname="Neighbors" classname="PlayersWorlds.Maps.CellTest" runstate="Runnable" seed="846350880" result="Passed" start-time="2024-07-06T14:36:49.4295550Z" end-time="2024-07-06T14:36:49.4297030Z" duration="0.000148" asserts="3" />
            <test-case id="1-1034" name="NoDoubleBake" fullname="PlayersWorlds.Maps.CellTest.NoDoubleBake" methodname="NoDoubleBake" classname="PlayersWorlds.Maps.CellTest" runstate="Runnable" seed="122622367" result="Passed" start-time="2024-07-06T14:36:49.4297100Z" end-time="2024-07-06T14:36:49.4299150Z" duration="0.000205" asserts="4" />
            <test-case id="1-1036" name="ToString" fullname="PlayersWorlds.Maps.CellTest.ToString" methodname="ToString" classname="PlayersWorlds.Maps.CellTest" runstate="Runnable" seed="382993407" result="Passed" start-time="2024-07-06T14:36:49.4299220Z" end-time="2024-07-06T14:36:49.4303380Z" duration="0.000417" asserts="1" />
          </test-suite>
          <test-suite type="TestFixture" id="1-1039" name="ExtensibleObjectTest" fullname="PlayersWorlds.Maps.ExtensibleObjectTest" classname="PlayersWorlds.Maps.ExtensibleObjectTest" runstate="Runnable" testcasecount="3" result="Passed" start-time="2024-07-06T14:36:49.4303660Z" end-time="2024-07-06T14:36:49.4309430Z" duration="0.000577" total="3" passed="3" failed="0" warnings="0" inconclusive="0" skipped="0" asserts="3">
            <test-case id="1-1040" name="CtorTest" fullname="PlayersWorlds.Maps.ExtensibleObjectTest.CtorTest" methodname="CtorTest" classname="PlayersWorlds.Maps.ExtensibleObjectTest" runstate="Runnable" seed="1552301409" result="Passed" start-time="2024-07-06T14:36:49.4304390Z" end-time="2024-07-06T14:36:49.4305180Z" duration="0.000079" asserts="1" />
            <test-case id="1-1042" name="OverrideExtension" fullname="PlayersWorlds.Maps.ExtensibleObjectTest.OverrideExtension" methodname="OverrideExtension" classname="PlayersWorlds.Maps.ExtensibleObjectTest" runstate="Runnable" seed="1064539742" result="Passed" start-time="2024-07-06T14:36:49.4305250Z" end-time="2024-07-06T14:36:49.4308290Z" duration="0.000304" asserts="1" />
            <test-case id="1-1041" name="SetExtension" fullname="PlayersWorlds.Maps.ExtensibleObjectTest.SetExtension" methodname="SetExtension" classname="PlayersWorlds.Maps.ExtensibleObjectTest" runstate="Runnable" seed="989645359" result="Passed" start-time="2024-07-06T14:36:49.4308370Z" end-time="2024-07-06T14:36:49.4309330Z" duration="0.000097" asserts="1" />
          </test-suite>
          <test-suite type="TestFixture" id="1-1043" name="ExtensionsTest" fullname="PlayersWorlds.Maps.ExtensionsTest" classname="PlayersWorlds.Maps.ExtensionsTest" runstate="Runnable" testcasecount="7" result="Passed" start-time="2024-07-06T14:36:49.4309540Z" end-time="2024-07-06T14:36:49.4377740Z" duration="0.006820" total="7" passed="7" failed="0" warnings="0" inconclusive="0" skipped="0" asserts="12">
            <test-case id="1-1046" name="DebugString" fullname="PlayersWorlds.Maps.ExtensionsTest.DebugString" methodname="DebugString" classname="PlayersWorlds.Maps.ExtensionsTest" runstate="Runnable" seed="1596355778" result="Passed" start-time="2024-07-06T14:36:49.4310070Z" end-time="2024-07-06T14:36:49.4323650Z" duration="0.001358" asserts="1" />
            <test-case id="1-1049" name="GetAllDictionaryItems" fullname="PlayersWorlds.Maps.ExtensionsTest.GetAllDictionaryItems" methodname="GetAllDictionaryItems" classname="PlayersWorlds.Maps.ExtensionsTest" runstate="Runnable" seed="1670179085" result="Passed" start-time="2024-07-06T14:36:49.4323740Z" end-time="2024-07-06T14:36:49.4339860Z" duration="0.001613" asserts="1" />
            <test-case id="1-1050" name="GetAllHashSetKeys" fullname="PlayersWorlds.Maps.ExtensionsTest.GetAllHashSetKeys" methodname="GetAllHashSetKeys" classname="PlayersWorlds.Maps.ExtensionsTest" runstate="Runnable" seed="346617635" result="Passed" start-time="2024-07-06T14:36:49.4339950Z" end-time="2024-07-06T14:36:49.4348800Z" duration="0.000885" asserts="1" />
            <test-case id="1-1047" name="Set" fullname="PlayersWorlds.Maps.ExtensionsTest.Set" methodname="Set" classname="PlayersWorlds.Maps.ExtensionsTest" runstate="Runnable" seed="2102086878" result="Passed" start-time="2024-07-06T14:36:49.4348880Z" end-time="2024-07-06T14:36:49.4358270Z" duration="0.000939" asserts="3" />
            <test-case id="1-1048" name="SetList" fullname="PlayersWorlds.Maps.ExtensionsTest.SetList" methodname="SetList" classname="PlayersWorlds.Maps.ExtensionsTest" runstate="Runnable" seed="471782634" result="Passed" start-time="2024-07-06T14:36:49.4358380Z" end-time="2024-07-06T14:36:49.4371890Z" duration="0.001351" asserts="3" />
            <test-case id="1-1045" name="TryDequeue_Dequeues" fullname="PlayersWorlds.Maps.ExtensionsTest.TryDequeue_Dequeues" methodname="TryDequeue_Dequeues" classname="PlayersWorlds.Maps.ExtensionsTest" runstate="Runnable" seed="1545010322" result="Passed" start-time="2024-07-06T14:36:49.4372000Z" end-time="2024-07-06T14:36:49.4376250Z" duration="0.000425" asserts="2" />
            <test-case id="1-1044" name="TryDequeue_DoesNotThrow" fullname="PlayersWorlds.Maps.ExtensionsTest.TryDequeue_DoesNotThrow" methodname="TryDequeue_DoesNotThrow" classname="PlayersWorlds.Maps.ExtensionsTest" runstate="Runnable" seed="1396550821" result="Passed" start-time="2024-07-06T14:36:49.4376330Z" end-time="2024-07-06T14:36:49.4377630Z" duration="0.000130" asserts="1" />
          </test-suite>
          <test-suite type="TestFixture" id="1-1051" name="GlobalRandomTest" fullname="PlayersWorlds.Maps.GlobalRandomTest" classname="PlayersWorlds.Maps.GlobalRandomTest" runstate="Runnable" testcasecount="3" result="Passed" start-time="2024-07-06T14:36:49.4377860Z" end-time="2024-07-06T14:36:49.4406650Z" duration="0.002878" total="3" passed="3" failed="0" warnings="0" inconclusive="0" skipped="0" asserts="1002">
            <test-case id="1-1052" name="RandomCollectionItem" fullname="PlayersWorlds.Maps.GlobalRandomTest.RandomCollectionItem" methodname="RandomCollectionItem" classname="PlayersWorlds.Maps.GlobalRandomTest" runstate="Runnable" seed="205751710" result="Passed" start-time="2024-07-06T14:36:49.4378440Z" end-time="2024-07-06T14:36:49.4384220Z" duration="0.000579" asserts="1" />
            <test-case id="1-1054" name="RandomInRange" fullname="PlayersWorlds.Maps.GlobalRandomTest.RandomInRange" methodname="RandomInRange" classname="PlayersWorlds.Maps.GlobalRandomTest" runstate="Runnable" seed="1802972559" result="Passed" start-time="2024-07-06T14:36:49.4384300Z" end-time="2024-07-06T14:36:49.4404260Z" duration="0.001996" asserts="1000" />
            <test-case id="1-1053" name="ThrowsIfEmptyCollection" fullname="PlayersWorlds.Maps.GlobalRandomTest.ThrowsIfEmptyCollection" methodname="ThrowsIfEmptyCollection" classname="PlayersWorlds.Maps.GlobalRandomTest" runstate="Runnable" seed="1774519778" result="Passed" start-time="2024-07-06T14:36:49.4404350Z" end-time="2024-07-06T14:36:49.4406550Z" duration="0.000219" asserts="1" />
          </test-suite>
          <test-suite type="TestFixture" id="1-1055" name="GridTest" fullname="PlayersWorlds.Maps.GridTest" classname="PlayersWorlds.Maps.GridTest" runstate="Runnable" testcasecount="72" result="Passed" start-time="2024-07-06T14:36:49.4406770Z" end-time="2024-07-06T14:36:49.4519160Z" duration="0.011239" total="72" passed="72" failed="0" warnings="0" inconclusive="0" skipped="0" asserts="133">
            <test-case id="1-1068" name="AdjacentRegion_ReturnsCorrectNeighbors" fullname="PlayersWorlds.Maps.GridTest.AdjacentRegion_ReturnsCorrectNeighbors" methodname="AdjacentRegion_ReturnsCorrectNeighbors" classname="PlayersWorlds.Maps.GridTest" runstate="Runnable" seed="1596288249" result="Passed" start-time="2024-07-06T14:36:49.4407300Z" end-time="2024-07-06T14:36:49.4417420Z" duration="0.001012" asserts="6" />
            <test-case id="1-1069" name="AdjacentRegion_ReturnsCorrectNeighborsIn4DSpace" fullname="PlayersWorlds.Maps.GridTest.AdjacentRegion_ReturnsCorrectNeighborsIn4DSpace" methodname="AdjacentRegion_ReturnsCorrectNeighborsIn4DSpace" classname="PlayersWorlds.Maps.GridTest" runstate="Runnable" seed="797987032" result="Passed" start-time="2024-07-06T14:36:49.4417520Z" end-time="2024-07-06T14:36:49.4428850Z" duration="0.001133" asserts="5" />
            <test-case id="1-1128" name="Contains" fullname="PlayersWorlds.Maps.GridTest.Contains" methodname="Contains" classname="PlayersWorlds.Maps.GridTest" runstate="Runnable" seed="49599023" result="Passed" start-time="2024-07-06T14:36:49.4428960Z" end-time="2024-07-06T14:36:49.4430230Z" duration="0.000126" asserts="2" />
            <test-case id="1-1058" name="Ctor_CreatesCorrectSize" fullname="PlayersWorlds.Maps.GridTest.Ctor_CreatesCorrectSize" methodname="Ctor_CreatesCorrectSize" classname="PlayersWorlds.Maps.GridTest" runstate="Runnable" seed="616298694" result="Passed" start-time="2024-07-06T14:36:49.4430300Z" end-time="2024-07-06T14:36:49.4433110Z" duration="0.000281" asserts="2" />
            <test-case id="1-1056" name="Ctor_ThrowsOnInvalidDimensions" fullname="PlayersWorlds.Maps.GridTest.Ctor_ThrowsOnInvalidDimensions" methodname="Ctor_ThrowsOnInvalidDimensions" classname="PlayersWorlds.Maps.GridTest" runstate="Runnable" seed="636892328" result="Passed" start-time="2024-07-06T14:36:49.4433190Z" end-time="2024-07-06T14:36:49.4435240Z" duration="0.000205" asserts="1" />
            <test-case id="1-1057" name="Ctor_ThrowsOnInvalidSize" fullname="PlayersWorlds.Maps.GridTest.Ctor_ThrowsOnInvalidSize" methodname="Ctor_ThrowsOnInvalidSize" classname="PlayersWorlds.Maps.GridTest" runstate="Runnable" seed="1753678582" result="Passed" start-time="2024-07-06T14:36:49.4435310Z" end-time="2024-07-06T14:36:49.4438260Z" duration="0.000295" asserts="1" />
            <test-case id="1-1129" name="FitsInto" fullname="PlayersWorlds.Maps.GridTest.FitsInto" methodname="FitsInto" classname="PlayersWorlds.Maps.GridTest" runstate="Runnable" seed="2082098401" result="Passed" start-time="2024-07-06T14:36:49.4438340Z" end-time="2024-07-06T14:36:49.4439740Z" duration="0.000140" asserts="4" />
            <test-case id="1-1061" name="Iterate_Empty" fullname="PlayersWorlds.Maps.GridTest.Iterate_Empty" methodname="Iterate_Empty" classname="PlayersWorlds.Maps.GridTest" runstate="Runnable" seed="2074732397" result="Passed" start-time="2024-07-06T14:36:49.4439810Z" end-time="2024-07-06T14:36:49.4442760Z" duration="0.000296" asserts="1" />
            <test-case id="1-1062" name="Iterate_TraversesAllCells" fullname="PlayersWorlds.Maps.GridTest.Iterate_TraversesAllCells" methodname="Iterate_TraversesAllCells" classname="PlayersWorlds.Maps.GridTest" runstate="Runnable" seed="1032191013" result="Passed" start-time="2024-07-06T14:36:49.4442840Z" end-time="2024-07-06T14:36:49.4448000Z" duration="0.000516" asserts="13" />
            <test-suite type="ParameterizedMethod" id="1-1104" name="Overlap_ReturnsOverelappingCells" fullname="PlayersWorlds.Maps.GridTest.Overlap_ReturnsOverelappingCells" classname="PlayersWorlds.Maps.GridTest" runstate="Runnable" testcasecount="22" result="Passed" start-time="2024-07-06T14:36:49.4448090Z" end-time="2024-07-06T14:36:49.4453760Z" duration="0.000568" total="22" passed="22" failed="0" warnings="0" inconclusive="0" skipped="0" asserts="22">
              <test-case id="1-1082" name="Overlap_ReturnsOverelappingCells((PlayersWorlds.Maps.Grid, PlayersWorlds.Maps.Grid, 16))" fullname="PlayersWorlds.Maps.GridTest.Overlap_ReturnsOverelappingCells((PlayersWorlds.Maps.Grid, PlayersWorlds.Maps.Grid, 16))" methodname="Overlap_ReturnsOverelappingCells" classname="PlayersWorlds.Maps.GridTest" runstate="Runnable" seed="40954858" result="Passed" start-time="2024-07-06T14:36:49.4448850Z" end-time="2024-07-06T14:36:49.4450380Z" duration="0.000153" asserts="1" />
              <test-case id="1-1083" name="Overlap_ReturnsOverelappingCells((PlayersWorlds.Maps.Grid, PlayersWorlds.Maps.Grid, 1))" fullname="PlayersWorlds.Maps.GridTest.Overlap_ReturnsOverelappingCells((PlayersWorlds.Maps.Grid, PlayersWorlds.Maps.Grid, 1))" methodname="Overlap_ReturnsOverelappingCells" classname="PlayersWorlds.Maps.GridTest" runstate="Runnable" seed="1673963579" result="Passed" start-time="2024-07-06T14:36:49.4450460Z" end-time="2024-07-06T14:36:49.4450680Z" duration="0.000022" asserts="1" />
              <test-case id="1-1084" name="Overlap_ReturnsOverelappingCells((PlayersWorlds.Maps.Grid, PlayersWorlds.Maps.Grid, 4))" fullname="PlayersWorlds.Maps.GridTest.Overlap_ReturnsOverelappingCells((PlayersWorlds.Maps.Grid, PlayersWorlds.Maps.Grid, 4))" methodname="Overlap_ReturnsOverelappingCells" classname="PlayersWorlds.Maps.GridTest" runstate="Runnable" seed="1118884194" result="Passed" start-time="2024-07-06T14:36:49.4450720Z" end-time="2024-07-06T14:36:49.4450880Z" duration="0.000016" asserts="1" />
              <test-case id="1-1085" name="Overlap_ReturnsOverelappingCells((PlayersWorlds.Maps.Grid, PlayersWorlds.Maps.Grid, 1))" fullname="PlayersWorlds.Maps.GridTest.Overlap_ReturnsOverelappingCells((PlayersWorlds.Maps.Grid, PlayersWorlds.Maps.Grid, 1))" methodname="Overlap_ReturnsOverelappingCells" classname="PlayersWorlds.Maps.GridTest" runstate="Runnable" seed="1586316111" result="Passed" start-time="2024-07-06T14:36:49.4450920Z" end-time="2024-07-06T14:36:49.4451060Z" duration="0.000014" asserts="1" />
              <test-case id="1-1086" name="Overlap_ReturnsOverelappingCells((PlayersWorlds.Maps.Grid, PlayersWorlds.Maps.Grid, 1))" fullname="PlayersWorlds.Maps.GridTest.Overlap_ReturnsOverelappingCells((PlayersWorlds.Maps.Grid, PlayersWorlds.Maps.Grid, 1))" methodname="Overlap_ReturnsOverelappingCells" classname="PlayersWorlds.Maps.GridTest" runstate="Runnable" seed="1310138422" result="Passed" start-time="2024-07-06T14:36:49.4451100Z" end-time="2024-07-06T14:36:49.4451230Z" duration="0.000013" asserts="1" />
              <test-case id="1-1087" name="Overlap_ReturnsOverelappingCells((PlayersWorlds.Maps.Grid, PlayersWorlds.Maps.Grid, 4))" fullname="PlayersWorlds.Maps.GridTest.Overlap_ReturnsOverelappingCells((PlayersWorlds.Maps.Grid, PlayersWorlds.Maps.Grid, 4))" methodname="Overlap_ReturnsOverelappingCells" classname="PlayersWorlds.Maps.GridTest" runstate="Runnable" seed="106442678" result="Passed" start-time="2024-07-06T14:36:49.4451270Z" end-time="2024-07-06T14:36:49.4451410Z" duration="0.000014" asserts="1" />
              <test-case id="1-1088" name="Overlap_ReturnsOverelappingCells((PlayersWorlds.Maps.Grid, PlayersWorlds.Maps.Grid, 1))" fullname="PlayersWorlds.Maps.GridTest.Overlap_ReturnsOverelappingCells((PlayersWorlds.Maps.Grid, PlayersWorlds.Maps.Grid, 1))" methodname="Overlap_ReturnsOverelappingCells" classname="PlayersWorlds.Maps.GridTest" runstate="Runnable" seed="1277603031" result="Passed" start-time="2024-07-06T14:36:49.4451450Z" end-time="2024-07-06T14:36:49.4451580Z" duration="0.000013" asserts="1" />
              <test-case id="1-1089" name="Overlap_ReturnsOverelappingCells((PlayersWorlds.Maps.Grid, PlayersWorlds.Maps.Grid, 0))" fullname="PlayersWorlds.Maps.GridTest.Overlap_ReturnsOverelappingCells((PlayersWorlds.Maps.Grid, PlayersWorlds.Maps.Grid, 0))" methodname="Overlap_ReturnsOverelappingCells" classname="PlayersWorlds.Maps.GridTest" runstate="Runnable" seed="344932375" result="Passed" start-time="2024-07-06T14:36:49.4451620Z" end-time="2024-07-06T14:36:49.4451730Z" duration="0.000011" asserts="1" />
              <test-case id="1-1090" name="Overlap_ReturnsOverelappingCells((PlayersWorlds.Maps.Grid, PlayersWorlds.Maps.Grid, 0))" fullname="PlayersWorlds.Maps.GridTest.Overlap_ReturnsOverelappingCells((PlayersWorlds.Maps.Grid, PlayersWorlds.Maps.Grid, 0))" methodname="Overlap_ReturnsOverelappingCells" classname="PlayersWorlds.Maps.GridTest" runstate="Runnable" seed="1326699944" result="Passed" start-time="2024-07-06T14:36:49.4451770Z" end-time="2024-07-06T14:36:49.4451880Z" duration="0.000011" asserts="1" />
              <test-case id="1-1091" name="Overlap_ReturnsOverelappingCells((PlayersWorlds.Maps.Grid, PlayersWorlds.Maps.Grid, 0))" fullname="PlayersWorlds.Maps.GridTest.Overlap_ReturnsOverelappingCells((PlayersWorlds.Maps.Grid, PlayersWorlds.Maps.Grid, 0))" methodname="Overlap_ReturnsOverelappingCells" classname="PlayersWorlds.Maps.GridTest" runstate="Runnable" seed="517576211" result="Passed" start-time="2024-07-06T14:36:49.4451920Z" end-time="2024-07-06T14:36:49.4452020Z" duration="0.000011" asserts="1" />
              <test-case id="1-1092" name="Overlap_ReturnsOverelappingCells((PlayersWorlds.Maps.Grid, PlayersWorlds.Maps.Grid, 0))" fullname="PlayersWorlds.Maps.GridTest.Overlap_ReturnsOverelappingCells((PlayersWorlds.Maps.Grid, PlayersWorlds.Maps.Grid, 0))" methodname="Overlap_ReturnsOverelappingCells" classname="PlayersWorlds.Maps.GridTest" runstate="Runnable" seed="1639977947" result="Passed" start-time="2024-07-06T14:36:49.4452060Z" end-time="2024-07-06T14:36:49.4452160Z" duration="0.000011" asserts="1" />
              <test-case id="1-1093" name="Overlap_ReturnsOverelappingCells((PlayersWorlds.Maps.Grid, PlayersWorlds.Maps.Grid, 0))" fullname="PlayersWorlds.Maps.GridTest.Overlap_ReturnsOverelappingCells((PlayersWorlds.Maps.Grid, PlayersWorlds.Maps.Grid, 0))" methodname="Overlap_ReturnsOverelappingCells" classname="PlayersWorlds.Maps.GridTest" runstate="Runnable" seed="520159583" result="Passed" start-time="2024-07-06T14:36:49.4452200Z" end-time="2024-07-06T14:36:49.4452300Z" duration="0.000011" asserts="1" />
              <test-case id="1-1094" name="Overlap_ReturnsOverelappingCells((PlayersWorlds.Maps.Grid, PlayersWorlds.Maps.Grid, 0))" fullname="PlayersWorlds.Maps.GridTest.Overlap_ReturnsOverelappingCells((PlayersWorlds.Maps.Grid, PlayersWorlds.Maps.Grid, 0))" methodname="Overlap_ReturnsOverelappingCells" classname="PlayersWorlds.Maps.GridTest" runstate="Runnable" seed="1827066664" result="Passed" start-time="2024-07-06T14:36:49.4452340Z" end-time="2024-07-06T14:36:49.4452450Z" duration="0.000010" asserts="1" />
              <test-case id="1-1095" name="Overlap_ReturnsOverelappingCells((PlayersWorlds.Maps.Grid, PlayersWorlds.Maps.Grid, 0))" fullname="PlayersWorlds.Maps.GridTest.Overlap_ReturnsOverelappingCells((PlayersWorlds.Maps.Grid, PlayersWorlds.Maps.Grid, 0))" methodname="Overlap_ReturnsOverelappingCells" classname="PlayersWorlds.Maps.GridTest" runstate="Runnable" seed="1538423814" result="Passed" start-time="2024-07-06T14:36:49.4452480Z" end-time="2024-07-06T14:36:49.4452580Z" duration="0.000010" asserts="1" />
              <test-case id="1-1096" name="Overlap_ReturnsOverelappingCells((PlayersWorlds.Maps.Grid, PlayersWorlds.Maps.Grid, 0))" fullname="PlayersWorlds.Maps.GridTest.Overlap_ReturnsOverelappingCells((PlayersWorlds.Maps.Grid, PlayersWorlds.Maps.Grid, 0))" methodname="Overlap_ReturnsOverelappingCells" classname="PlayersWorlds.Maps.GridTest" runstate="Runnable" seed="1000245691" result="Passed" start-time="2024-07-06T14:36:49.4452630Z" end-time="2024-07-06T14:36:49.4452740Z" duration="0.000011" asserts="1" />
              <test-case id="1-1097" name="Overlap_ReturnsOverelappingCells((PlayersWorlds.Maps.Grid, PlayersWorlds.Maps.Grid, 0))" fullname="PlayersWorlds.Maps.GridTest.Overlap_ReturnsOverelappingCells((PlayersWorlds.Maps.Grid, PlayersWorlds.Maps.Grid, 0))" methodname="Overlap_ReturnsOverelappingCells" classname="PlayersWorlds.Maps.GridTest" runstate="Runnable" seed="14251162" result="Passed" start-time="2024-07-06T14:36:49.4452770Z" end-time="2024-07-06T14:36:49.4452870Z" duration="0.000010" asserts="1" />
              <test-case id="1-1098" name="Overlap_ReturnsOverelappingCells((PlayersWorlds.Maps.Grid, PlayersWorlds.Maps.Grid, 0))" fullname="PlayersWorlds.Maps.GridTest.Overlap_ReturnsOverelappingCells((PlayersWorlds.Maps.Grid, PlayersWorlds.Maps.Grid, 0))" methodname="Overlap_ReturnsOverelappingCells" classname="PlayersWorlds.Maps.GridTest" runstate="Runnable" seed="2020650822" result="Passed" start-time="2024-07-06T14:36:49.4452910Z" end-time="2024-07-06T14:36:49.4453020Z" duration="0.000010" asserts="1" />
              <test-case id="1-1099" name="Overlap_ReturnsOverelappingCells((PlayersWorlds.Maps.Grid, PlayersWorlds.Maps.Grid, 0))" fullname="PlayersWorlds.Maps.GridTest.Overlap_ReturnsOverelappingCells((PlayersWorlds.Maps.Grid, PlayersWorlds.Maps.Grid, 0))" methodname="Overlap_ReturnsOverelappingCells" classname="PlayersWorlds.Maps.GridTest" runstate="Runnable" seed="949568576" result="Passed" start-time="2024-07-06T14:36:49.4453050Z" end-time="2024-07-06T14:36:49.4453150Z" duration="0.000010" asserts="1" />
              <test-case id="1-1100" name="Overlap_ReturnsOverelappingCells((PlayersWorlds.Maps.Grid, PlayersWorlds.Maps.Grid, 0))" fullname="PlayersWorlds.Maps.GridTest.Overlap_ReturnsOverelappingCells((PlayersWorlds.Maps.Grid, PlayersWorlds.Maps.Grid, 0))" methodname="Overlap_ReturnsOverelappingCells" classname="PlayersWorlds.Maps.GridTest" runstate="Runnable" seed="207017215" result="Passed" start-time="2024-07-06T14:36:49.4453190Z" end-time="2024-07-06T14:36:49.4453290Z" duration="0.000010" asserts="1" />
              <test-case id="1-1101" name="Overlap_ReturnsOverelappingCells((PlayersWorlds.Maps.Grid, PlayersWorlds.Maps.Grid, 0))" fullname="PlayersWorlds.Maps.GridTest.Overlap_ReturnsOverelappingCells((PlayersWorlds.Maps.Grid, PlayersWorlds.Maps.Grid, 0))" methodname="Overlap_ReturnsOverelappingCells" classname="PlayersWorlds.Maps.GridTest" runstate="Runnable" seed="1197091075" result="Passed" start-time="2024-07-06T14:36:49.4453330Z" end-time="2024-07-06T14:36:49.4453430Z" duration="0.000010" asserts="1" />
              <test-case id="1-1102" name="Overlap_ReturnsOverelappingCells((PlayersWorlds.Maps.Grid, PlayersWorlds.Maps.Grid, 0))" fullname="PlayersWorlds.Maps.GridTest.Overlap_ReturnsOverelappingCells((PlayersWorlds.Maps.Grid, PlayersWorlds.Maps.Grid, 0))" methodname="Overlap_ReturnsOverelappingCells" classname="PlayersWorlds.Maps.GridTest" runstate="Runnable" seed="1328538234" result="Passed" start-time="2024-07-06T14:36:49.4453470Z" end-time="2024-07-06T14:36:49.4453570Z" duration="0.000010" asserts="1" />
              <test-case id="1-1103" name="Overlap_ReturnsOverelappingCells((PlayersWorlds.Maps.Grid, PlayersWorlds.Maps.Grid, 0))" fullname="PlayersWorlds.Maps.GridTest.Overlap_ReturnsOverelappingCells((PlayersWorlds.Maps.Grid, PlayersWorlds.Maps.Grid, 0))" methodname="Overlap_ReturnsOverelappingCells" classname="PlayersWorlds.Maps.GridTest" runstate="Runnable" seed="858583190" result="Passed" start-time="2024-07-06T14:36:49.4453600Z" end-time="2024-07-06T14:36:49.4453710Z" duration="0.000010" asserts="1" />
            </test-suite>
            <test-suite type="ParameterizedMethod" id="1-1127" name="Overlaps_ReturnsIfOverlaps" fullname="PlayersWorlds.Maps.GridTest.Overlaps_ReturnsIfOverlaps" classname="PlayersWorlds.Maps.GridTest" runstate="Runnable" testcasecount="22" result="Passed" start-time="2024-07-06T14:36:49.4453870Z" end-time="2024-07-06T14:36:49.4459250Z" duration="0.000538" total="22" passed="22" failed="0" warnings="0" inconclusive="0" skipped="0" asserts="22">
              <test-case id="1-1105" name="Overlaps_ReturnsIfOverlaps((PlayersWorlds.Maps.Grid, PlayersWorlds.Maps.Grid, 16))" fullname="PlayersWorlds.Maps.GridTest.Overlaps_ReturnsIfOverlaps((PlayersWorlds.Maps.Grid, PlayersWorlds.Maps.Grid, 16))" methodname="Overlaps_ReturnsIfOverlaps" classname="PlayersWorlds.Maps.GridTest" runstate="Runnable" seed="777392212" result="Passed" start-time="2024-07-06T14:36:49.4453970Z" end-time="2024-07-06T14:36:49.4454940Z" duration="0.000097" asserts="1" />
              <test-case id="1-1106" name="Overlaps_ReturnsIfOverlaps((PlayersWorlds.Maps.Grid, PlayersWorlds.Maps.Grid, 1))" fullname="PlayersWorlds.Maps.GridTest.Overlaps_ReturnsIfOverlaps((PlayersWorlds.Maps.Grid, PlayersWorlds.Maps.Grid, 1))" methodname="Overlaps_ReturnsIfOverlaps" classname="PlayersWorlds.Maps.GridTest" runstate="Runnable" seed="1290298134" result="Passed" start-time="2024-07-06T14:36:49.4455020Z" end-time="2024-07-06T14:36:49.4455280Z" duration="0.000026" asserts="1" />
              <test-case id="1-1107" name="Overlaps_ReturnsIfOverlaps((PlayersWorlds.Maps.Grid, PlayersWorlds.Maps.Grid, 4))" fullname="PlayersWorlds.Maps.GridTest.Overlaps_ReturnsIfOverlaps((PlayersWorlds.Maps.Grid, PlayersWorlds.Maps.Grid, 4))" methodname="Overlaps_ReturnsIfOverlaps" classname="PlayersWorlds.Maps.GridTest" runstate="Runnable" seed="1017277437" result="Passed" start-time="2024-07-06T14:36:49.4455320Z" end-time="2024-07-06T14:36:49.4455520Z" duration="0.000020" asserts="1" />
              <test-case id="1-1108" name="Overlaps_ReturnsIfOverlaps((PlayersWorlds.Maps.Grid, PlayersWorlds.Maps.Grid, 1))" fullname="PlayersWorlds.Maps.GridTest.Overlaps_ReturnsIfOverlaps((PlayersWorlds.Maps.Grid, PlayersWorlds.Maps.Grid, 1))" methodname="Overlaps_ReturnsIfOverlaps" classname="PlayersWorlds.Maps.GridTest" runstate="Runnable" seed="37878409" result="Passed" start-time="2024-07-06T14:36:49.4455570Z" end-time="2024-07-06T14:36:49.4455760Z" duration="0.000019" asserts="1" />
              <test-case id="1-1109" name="Overlaps_ReturnsIfOverlaps((PlayersWorlds.Maps.Grid, PlayersWorlds.Maps.Grid, 1))" fullname="PlayersWorlds.Maps.GridTest.Overlaps_ReturnsIfOverlaps((PlayersWorlds.Maps.Grid, PlayersWorlds.Maps.Grid, 1))" methodname="Overlaps_ReturnsIfOverlaps" classname="PlayersWorlds.Maps.GridTest" runstate="Runnable" seed="747980214" result="Passed" start-time="2024-07-06T14:36:49.4455800Z" end-time="2024-07-06T14:36:49.4455990Z" duration="0.000019" asserts="1" />
              <test-case id="1-1110" name="Overlaps_ReturnsIfOverlaps((PlayersWorlds.Maps.Grid, PlayersWorlds.Maps.Grid, 4))" fullname="PlayersWorlds.Maps.GridTest.Overlaps_ReturnsIfOverlaps((PlayersWorlds.Maps.Grid, PlayersWorlds.Maps.Grid, 4))" methodname="Overlaps_ReturnsIfOverlaps" classname="PlayersWorlds.Maps.GridTest" runstate="Runnable" seed="593010575" result="Passed" start-time="2024-07-06T14:36:49.4456030Z" end-time="2024-07-06T14:36:49.4456220Z" duration="0.000019" asserts="1" />
              <test-case id="1-1111" name="Overlaps_ReturnsIfOverlaps((PlayersWorlds.Maps.Grid, PlayersWorlds.Maps.Grid, 1))" fullname="PlayersWorlds.Maps.GridTest.Overlaps_ReturnsIfOverlaps((PlayersWorlds.Maps.Grid, PlayersWorlds.Maps.Grid, 1))" methodname="Overlaps_ReturnsIfOverlaps" classname="PlayersWorlds.Maps.GridTest" runstate="Runnable" seed="1409368200" result="Passed" start-time="2024-07-06T14:36:49.4456270Z" end-time="2024-07-06T14:36:49.4456460Z" duration="0.000019" asserts="1" />
              <test-case id="1-1112" name="Overlaps_ReturnsIfOverlaps((PlayersWorlds.Maps.Grid, PlayersWorlds.Maps.Grid, 0))" fullname="PlayersWorlds.Maps.GridTest.Overlaps_ReturnsIfOverlaps((PlayersWorlds.Maps.Grid, PlayersWorlds.Maps.Grid, 0))" methodname="Overlaps_ReturnsIfOverlaps" classname="PlayersWorlds.Maps.GridTest" runstate="Runnable" seed="363264611" result="Passed" start-time="2024-07-06T14:36:49.4456500Z" end-time="2024-07-06T14:36:49.4456660Z" duration="0.000016" asserts="1" />
              <test-case id="1-1113" name="Overlaps_ReturnsIfOverlaps((PlayersWorlds.Maps.Grid, PlayersWorlds.Maps.Grid, 0))" fullname="PlayersWorlds.Maps.GridTest.Overlaps_ReturnsIfOverlaps((PlayersWorlds.Maps.Grid, PlayersWorlds.Maps.Grid, 0))" methodname="Overlaps_ReturnsIfOverlaps" classname="PlayersWorlds.Maps.GridTest" runstate="Runnable" seed="650100059" result="Passed" start-time="2024-07-06T14:36:49.4456710Z" end-time="2024-07-06T14:36:49.4456860Z" duration="0.000016" asserts="1" />
              <test-case id="1-1114" name="Overlaps_ReturnsIfOverlaps((PlayersWorlds.Maps.Grid, PlayersWorlds.Maps.Grid, 0))" fullname="PlayersWorlds.Maps.GridTest.Overlaps_ReturnsIfOverlaps((PlayersWorlds.Maps.Grid, PlayersWorlds.Maps.Grid, 0))" methodname="Overlaps_ReturnsIfOverlaps" classname="PlayersWorlds.Maps.GridTest" runstate="Runnable" seed="1478417438" result="Passed" start-time="2024-07-06T14:36:49.4456900Z" end-time="2024-07-06T14:36:49.4457100Z" duration="0.000020" asserts="1" />
              <test-case id="1-1115" name="Overlaps_ReturnsIfOverlaps((PlayersWorlds.Maps.Grid, PlayersWorlds.Maps.Grid, 0))" fullname="PlayersWorlds.Maps.GridTest.Overlaps_ReturnsIfOverlaps((PlayersWorlds.Maps.Grid, PlayersWorlds.Maps.Grid, 0))" methodname="Overlaps_ReturnsIfOverlaps" classname="PlayersWorlds.Maps.GridTest" runstate="Runnable" seed="1037391924" result="Passed" start-time="2024-07-06T14:36:49.4457150Z" end-time="2024-07-06T14:36:49.4457290Z" duration="0.000015" asserts="1" />
              <test-case id="1-1116" name="Overlaps_ReturnsIfOverlaps((PlayersWorlds.Maps.Grid, PlayersWorlds.Maps.Grid, 0))" fullname="PlayersWorlds.Maps.GridTest.Overlaps_ReturnsIfOverlaps((PlayersWorlds.Maps.Grid, PlayersWorlds.Maps.Grid, 0))" methodname="Overlaps_ReturnsIfOverlaps" classname="PlayersWorlds.Maps.GridTest" runstate="Runnable" seed="2028061633" result="Passed" start-time="2024-07-06T14:36:49.4457330Z" end-time="2024-07-06T14:36:49.4457470Z" duration="0.000014" asserts="1" />
              <test-case id="1-1117" name="Overlaps_ReturnsIfOverlaps((PlayersWorlds.Maps.Grid, PlayersWorlds.Maps.Grid, 0))" fullname="PlayersWorlds.Maps.GridTest.Overlaps_ReturnsIfOverlaps((PlayersWorlds.Maps.Grid, PlayersWorlds.Maps.Grid, 0))" methodname="Overlaps_ReturnsIfOverlaps" classname="PlayersWorlds.Maps.GridTest" runstate="Runnable" seed="674537465" result="Passed" start-time="2024-07-06T14:36:49.4457510Z" end-time="2024-07-06T14:36:49.4457650Z" duration="0.000013" asserts="1" />
              <test-case id="1-1118" name="Overlaps_ReturnsIfOverlaps((PlayersWorlds.Maps.Grid, PlayersWorlds.Maps.Grid, 0))" fullname="PlayersWorlds.Maps.GridTest.Overlaps_ReturnsIfOverlaps((PlayersWorlds.Maps.Grid, PlayersWorlds.Maps.Grid, 0))" methodname="Overlaps_ReturnsIfOverlaps" classname="PlayersWorlds.Maps.GridTest" runstate="Runnable" seed="1126512769" result="Passed" start-time="2024-07-06T14:36:49.4457680Z" end-time="2024-07-06T14:36:49.4457820Z" duration="0.000013" asserts="1" />
              <test-case id="1-1119" name="Overlaps_ReturnsIfOverlaps((PlayersWorlds.Maps.Grid, PlayersWorlds.Maps.Grid, 0))" fullname="PlayersWorlds.Maps.GridTest.Overlaps_ReturnsIfOverlaps((PlayersWorlds.Maps.Grid, PlayersWorlds.Maps.Grid, 0))" methodname="Overlaps_ReturnsIfOverlaps" classname="PlayersWorlds.Maps.GridTest" runstate="Runnable" seed="1478232268" result="Passed" start-time="2024-07-06T14:36:49.4457850Z" end-time="2024-07-06T14:36:49.4457980Z" duration="0.000013" asserts="1" />
              <test-case id="1-1120" name="Overlaps_ReturnsIfOverlaps((PlayersWorlds.Maps.Grid, PlayersWorlds.Maps.Grid, 0))" fullname="PlayersWorlds.Maps.GridTest.Overlaps_ReturnsIfOverlaps((PlayersWorlds.Maps.Grid, PlayersWorlds.Maps.Grid, 0))" methodname="Overlaps_ReturnsIfOverlaps" classname="PlayersWorlds.Maps.GridTest" runstate="Runnable" seed="292449734" result="Passed" start-time="2024-07-06T14:36:49.4458020Z" end-time="2024-07-06T14:36:49.4458160Z" duration="0.000014" asserts="1" />
              <test-case id="1-1121" name="Overlaps_ReturnsIfOverlaps((PlayersWorlds.Maps.Grid, PlayersWorlds.Maps.Grid, 0))" fullname="PlayersWorlds.Maps.GridTest.Overlaps_ReturnsIfOverlaps((PlayersWorlds.Maps.Grid, PlayersWorlds.Maps.Grid, 0))" methodname="Overlaps_ReturnsIfOverlaps" classname="PlayersWorlds.Maps.GridTest" runstate="Runnable" seed="61028837" result="Passed" start-time="2024-07-06T14:36:49.4458200Z" end-time="2024-07-06T14:36:49.4458330Z" duration="0.000013" asserts="1" />
              <test-case id="1-1122" name="Overlaps_ReturnsIfOverlaps((PlayersWorlds.Maps.Grid, PlayersWorlds.Maps.Grid, 0))" fullname="PlayersWorlds.Maps.GridTest.Overlaps_ReturnsIfOverlaps((PlayersWorlds.Maps.Grid, PlayersWorlds.Maps.Grid, 0))" methodname="Overlaps_ReturnsIfOverlaps" classname="PlayersWorlds.Maps.GridTest" runstate="Runnable" seed="1005170468" result="Passed" start-time="2024-07-06T14:36:49.4458370Z" end-time="2024-07-06T14:36:49.4458500Z" duration="0.000013" asserts="1" />
              <test-case id="1-1123" name="Overlaps_ReturnsIfOverlaps((PlayersWorlds.Maps.Grid, PlayersWorlds.Maps.Grid, 0))" fullname="PlayersWorlds.Maps.GridTest.Overlaps_ReturnsIfOverlaps((PlayersWorlds.Maps.Grid, PlayersWorlds.Maps.Grid, 0))" methodname="Overlaps_ReturnsIfOverlaps" classname="PlayersWorlds.Maps.GridTest" runstate="Runnable" seed="415506365" result="Passed" start-time="2024-07-06T14:36:49.4458540Z" end-time="2024-07-06T14:36:49.4458680Z" duration="0.000013" asserts="1" />
              <test-case id="1-1124" name="Overlaps_ReturnsIfOverlaps((PlayersWorlds.Maps.Grid, PlayersWorlds.Maps.Grid, 0))" fullname="PlayersWorlds.Maps.GridTest.Overlaps_ReturnsIfOverlaps((PlayersWorlds.Maps.Grid, PlayersWorlds.Maps.Grid, 0))" methodname="Overlaps_ReturnsIfOverlaps" classname="PlayersWorlds.Maps.GridTest" runstate="Runnable" seed="1481849169" result="Passed" start-time="2024-07-06T14:36:49.4458710Z" end-time="2024-07-06T14:36:49.4458840Z" duration="0.000013" asserts="1" />
              <test-case id="1-1125" name="Overlaps_ReturnsIfOverlaps((PlayersWorlds.Maps.Grid, PlayersWorlds.Maps.Grid, 0))" fullname="PlayersWorlds.Maps.GridTest.Overlaps_ReturnsIfOverlaps((PlayersWorlds.Maps.Grid, PlayersWorlds.Maps.Grid, 0))" methodname="Overlaps_ReturnsIfOverlaps" classname="PlayersWorlds.Maps.GridTest" runstate="Runnable" seed="1396275929" result="Passed" start-time="2024-07-06T14:36:49.4458880Z" end-time="2024-07-06T14:36:49.4459020Z" duration="0.000014" asserts="1" />
              <test-case id="1-1126" name="Overlaps_ReturnsIfOverlaps((PlayersWorlds.Maps.Grid, PlayersWorlds.Maps.Grid, 0))" fullname="PlayersWorlds.Maps.GridTest.Overlaps_ReturnsIfOverlaps((PlayersWorlds.Maps.Grid, PlayersWorlds.Maps.Grid, 0))" methodname="Overlaps_ReturnsIfOverlaps" classname="PlayersWorlds.Maps.GridTest" runstate="Runnable" seed="1749916739" result="Passed" start-time="2024-07-06T14:36:49.4459060Z" end-time="2024-07-06T14:36:49.4459190Z" duration="0.000014" asserts="1" />
            </test-suite>
            <test-case id="1-1081" name="Overlaps_ThrowsIfSame" fullname="PlayersWorlds.Maps.GridTest.Overlaps_ThrowsIfSame" methodname="Overlaps_ThrowsIfSame" classname="PlayersWorlds.Maps.GridTest" runstate="Runnable" seed="1098306778" result="Passed" start-time="2024-07-06T14:36:49.4459320Z" end-time="2024-07-06T14:36:49.4461000Z" duration="0.000168" asserts="2" />
            <test-case id="1-1073" name="Region_FourCellsFar" fullname="PlayersWorlds.Maps.GridTest.Region_FourCellsFar" methodname="Region_FourCellsFar" classname="PlayersWorlds.Maps.GridTest" runstate="Runnable" seed="1535576671" result="Passed" start-time="2024-07-06T14:36:49.4461070Z" end-time="2024-07-06T14:36:49.4468490Z" duration="0.000742" asserts="5" />
            <test-case id="1-1064" name="Region_HandlesOutOfBounds" fullname="PlayersWorlds.Maps.GridTest.Region_HandlesOutOfBounds" methodname="Region_HandlesOutOfBounds" classname="PlayersWorlds.Maps.GridTest" runstate="Runnable" seed="88324899" result="Passed" start-time="2024-07-06T14:36:49.4468560Z" end-time="2024-07-06T14:36:49.4477090Z" duration="0.000853" asserts="4" />
            <test-case id="1-1070" name="Region_OneCell" fullname="PlayersWorlds.Maps.GridTest.Region_OneCell" methodname="Region_OneCell" classname="PlayersWorlds.Maps.GridTest" runstate="Runnable" seed="956171245" result="Passed" start-time="2024-07-06T14:36:49.4477170Z" end-time="2024-07-06T14:36:49.4481270Z" duration="0.000411" asserts="2" />
            <test-case id="1-1074" name="Region_OutOfBounds" fullname="PlayersWorlds.Maps.GridTest.Region_OutOfBounds" methodname="Region_OutOfBounds" classname="PlayersWorlds.Maps.GridTest" runstate="Runnable" seed="2103856766" result="Passed" start-time="2024-07-06T14:36:49.4481350Z" end-time="2024-07-06T14:36:49.4484900Z" duration="0.000355" asserts="4" />
            <test-case id="1-1063" name="Region_ReturnsCorrectCells" fullname="PlayersWorlds.Maps.GridTest.Region_ReturnsCorrectCells" methodname="Region_ReturnsCorrectCells" classname="PlayersWorlds.Maps.GridTest" runstate="Runnable" seed="1155375229" result="Passed" start-time="2024-07-06T14:36:49.4484970Z" end-time="2024-07-06T14:36:49.4486230Z" duration="0.000126" asserts="1" />
            <test-case id="1-1066" name="Region_ThrowsOnInvalidDimensions" fullname="PlayersWorlds.Maps.GridTest.Region_ThrowsOnInvalidDimensions" methodname="Region_ThrowsOnInvalidDimensions" classname="PlayersWorlds.Maps.GridTest" runstate="Runnable" seed="1576014067" result="Passed" start-time="2024-07-06T14:36:49.4486300Z" end-time="2024-07-06T14:36:49.4491740Z" duration="0.000544" asserts="3" />
            <test-case id="1-1072" name="Region_TreeByTwo" fullname="PlayersWorlds.Maps.GridTest.Region_TreeByTwo" methodname="Region_TreeByTwo" classname="PlayersWorlds.Maps.GridTest" runstate="Runnable" seed="1090457260" result="Passed" start-time="2024-07-06T14:36:49.4491810Z" end-time="2024-07-06T14:36:49.4495660Z" duration="0.000384" asserts="7" />
            <test-case id="1-1071" name="Region_TwoCells" fullname="PlayersWorlds.Maps.GridTest.Region_TwoCells" methodname="Region_TwoCells" classname="PlayersWorlds.Maps.GridTest" runstate="Runnable" seed="1423775710" result="Passed" start-time="2024-07-06T14:36:49.4495730Z" end-time="2024-07-06T14:36:49.4498350Z" duration="0.000262" asserts="3" />
            <test-case id="1-1059" name="Reposition" fullname="PlayersWorlds.Maps.GridTest.Reposition" methodname="Reposition" classname="PlayersWorlds.Maps.GridTest" runstate="Runnable" seed="259548184" result="Passed" start-time="2024-07-06T14:36:49.4498420Z" end-time="2024-07-06T14:36:49.4499710Z" duration="0.000129" asserts="1" />
            <test-case id="1-1060" name="Reposition_ThrowsOnInvalidDimensions" fullname="PlayersWorlds.Maps.GridTest.Reposition_ThrowsOnInvalidDimensions" methodname="Reposition_ThrowsOnInvalidDimensions" classname="PlayersWorlds.Maps.GridTest" runstate="Runnable" seed="1077897341" result="Passed" start-time="2024-07-06T14:36:49.4499780Z" end-time="2024-07-06T14:36:49.4501120Z" duration="0.000134" asserts="1" />
            <test-case id="1-1076" name="SafeRegion_AnyCellAt2x2" fullname="PlayersWorlds.Maps.GridTest.SafeRegion_AnyCellAt2x2" methodname="SafeRegion_AnyCellAt2x2" classname="PlayersWorlds.Maps.GridTest" runstate="Runnable" seed="2025996518" result="Passed" start-time="2024-07-06T14:36:49.4501190Z" end-time="2024-07-06T14:36:49.4503400Z" duration="0.000222" asserts="5" />
            <test-case id="1-1079" name="SafeRegion_AnyCellAtCloseEdge2x2" fullname="PlayersWorlds.Maps.GridTest.SafeRegion_AnyCellAtCloseEdge2x2" methodname="SafeRegion_AnyCellAtCloseEdge2x2" classname="PlayersWorlds.Maps.GridTest" runstate="Runnable" seed="481787261" result="Passed" start-time="2024-07-06T14:36:49.4503480Z" end-time="2024-07-06T14:36:49.4505540Z" duration="0.000206" asserts="5" />
            <test-case id="1-1077" name="SafeRegion_AnyCellAtEdge1x1" fullname="PlayersWorlds.Maps.GridTest.SafeRegion_AnyCellAtEdge1x1" methodname="SafeRegion_AnyCellAtEdge1x1" classname="PlayersWorlds.Maps.GridTest" runstate="Runnable" seed="1819376221" result="Passed" start-time="2024-07-06T14:36:49.4505610Z" end-time="2024-07-06T14:36:49.4506970Z" duration="0.000136" asserts="2" />
            <test-case id="1-1078" name="SafeRegion_AnyCellAtFarEdge2x2" fullname="PlayersWorlds.Maps.GridTest.SafeRegion_AnyCellAtFarEdge2x2" methodname="SafeRegion_AnyCellAtFarEdge2x2" classname="PlayersWorlds.Maps.GridTest" runstate="Runnable" seed="346524283" result="Passed" start-time="2024-07-06T14:36:49.4507040Z" end-time="2024-07-06T14:36:49.4508350Z" duration="0.000132" asserts="2" />
            <test-case id="1-1075" name="SafeRegion_AnyCellAtP1x1" fullname="PlayersWorlds.Maps.GridTest.SafeRegion_AnyCellAtP1x1" methodname="SafeRegion_AnyCellAtP1x1" classname="PlayersWorlds.Maps.GridTest" runstate="Runnable" seed="870849738" result="Passed" start-time="2024-07-06T14:36:49.4508420Z" end-time="2024-07-06T14:36:49.4509820Z" duration="0.000140" asserts="2" />
            <test-case id="1-1080" name="SafeRegion_Empty" fullname="PlayersWorlds.Maps.GridTest.SafeRegion_Empty" methodname="SafeRegion_Empty" classname="PlayersWorlds.Maps.GridTest" runstate="Runnable" seed="609972027" result="Passed" start-time="2024-07-06T14:36:49.4509890Z" end-time="2024-07-06T14:36:49.4513540Z" duration="0.000365" asserts="1" />
            <test-case id="1-1067" name="SafeRegion_HandlesOverlap" fullname="PlayersWorlds.Maps.GridTest.SafeRegion_HandlesOverlap" methodname="SafeRegion_HandlesOverlap" classname="PlayersWorlds.Maps.GridTest" runstate="Runnable" seed="762713609" result="Passed" start-time="2024-07-06T14:36:49.4513620Z" end-time="2024-07-06T14:36:49.4514850Z" duration="0.000123" asserts="1" />
            <test-case id="1-1065" name="SafeRegion_ThrowsOnInvalidDimensions" fullname="PlayersWorlds.Maps.GridTest.SafeRegion_ThrowsOnInvalidDimensions" methodname="SafeRegion_ThrowsOnInvalidDimensions" classname="PlayersWorlds.Maps.GridTest" runstate="Runnable" seed="1174129600" result="Passed" start-time="2024-07-06T14:36:49.4514920Z" end-time="2024-07-06T14:36:49.4519040Z" duration="0.000413" asserts="3" />
          </test-suite>
          <test-suite type="TestFixture" id="1-1130" name="Map2DTest" fullname="PlayersWorlds.Maps.Map2DTest" classname="PlayersWorlds.Maps.Map2DTest" runstate="Runnable" testcasecount="1" result="Passed" start-time="2024-07-06T14:36:49.4519290Z" end-time="2024-07-06T14:36:49.4565950Z" duration="0.004666" total="1" passed="1" failed="0" warnings="0" inconclusive="0" skipped="0" asserts="6">
            <test-case id="1-1131" name="ParseMap" fullname="PlayersWorlds.Maps.Map2DTest.ParseMap" methodname="ParseMap" classname="PlayersWorlds.Maps.Map2DTest" runstate="Runnable" seed="47823829" result="Passed" start-time="2024-07-06T14:36:49.4528240Z" end-time="2024-07-06T14:36:49.4565810Z" duration="0.003757" asserts="6" />
          </test-suite>
          <test-suite type="TestSuite" id="1-2173" name="MapFilters" fullname="PlayersWorlds.Maps.MapFilters" runstate="Runnable" testcasecount="5" result="Passed" start-time="2024-07-06T14:36:49.1589320Z" end-time="2024-07-06T14:36:49.4651690Z" duration="0.306238" total="5" passed="5" failed="0" warnings="0" inconclusive="0" skipped="0" asserts="10">
            <test-suite type="TestFixture" id="1-2021" name="Map2DEraseSpotsTest" fullname="PlayersWorlds.Maps.MapFilters.Map2DEraseSpotsTest" classname="PlayersWorlds.Maps.MapFilters.Map2DEraseSpotsTest" runstate="Runnable" testcasecount="5" result="Passed" start-time="2024-07-06T14:36:49.4566140Z" end-time="2024-07-06T14:36:49.4651630Z" duration="0.008548" total="5" passed="5" failed="0" warnings="0" inconclusive="0" skipped="0" asserts="10">
              <test-case id="1-2022" name="BackslashEraseSpots" fullname="PlayersWorlds.Maps.MapFilters.Map2DEraseSpotsTest.BackslashEraseSpots" methodname="BackslashEraseSpots" classname="PlayersWorlds.Maps.MapFilters.Map2DEraseSpotsTest" runstate="Runnable" seed="1106339176" result="Passed" start-time="2024-07-06T14:36:49.4566850Z" end-time="2024-07-06T14:36:49.4596600Z" duration="0.002975" asserts="1" />
              <test-case id="1-2026" name="SmoothBoxEraseSpots" fullname="PlayersWorlds.Maps.MapFilters.Map2DEraseSpotsTest.SmoothBoxEraseSpots" methodname="SmoothBoxEraseSpots" classname="PlayersWorlds.Maps.MapFilters.Map2DEraseSpotsTest" runstate="Runnable" seed="1939772750" result="Passed" start-time="2024-07-06T14:36:49.4596690Z" end-time="2024-07-06T14:36:49.4605360Z" duration="0.000867" asserts="1" />
              <test-case id="1-2025" name="SmoothBoxVoidBgEraseSpots" fullname="PlayersWorlds.Maps.MapFilters.Map2DEraseSpotsTest.SmoothBoxVoidBgEraseSpots" methodname="SmoothBoxVoidBgEraseSpots" classname="PlayersWorlds.Maps.MapFilters.Map2DEraseSpotsTest" runstate="Runnable" seed="137395931" result="Passed" start-time="2024-07-06T14:36:49.4605440Z" end-time="2024-07-06T14:36:49.4612520Z" duration="0.000708" asserts="1" />
              <test-case id="1-2024" name="Spot1x3SpotsEraseSpots" fullname="PlayersWorlds.Maps.MapFilters.Map2DEraseSpotsTest.Spot1x3SpotsEraseSpots" methodname="Spot1x3SpotsEraseSpots" classname="PlayersWorlds.Maps.MapFilters.Map2DEraseSpotsTest" runstate="Runnable" seed="1423887616" result="Passed" start-time="2024-07-06T14:36:49.4612590Z" end-time="2024-07-06T14:36:49.4622770Z" duration="0.001018" asserts="1" />
              <test-case id="1-2023" name="VariousSpotsEraseSpots" fullname="PlayersWorlds.Maps.MapFilters.Map2DEraseSpotsTest.VariousSpotsEraseSpots" methodname="VariousSpotsEraseSpots" classname="PlayersWorlds.Maps.MapFilters.Map2DEraseSpotsTest" runstate="Runnable" seed="1593862925" result="Passed" start-time="2024-07-06T14:36:49.4622840Z" end-time="2024-07-06T14:36:49.4651510Z" duration="0.002867" asserts="6" />
            </test-suite>
          </test-suite>
          <test-suite type="TestSuite" id="1-2171" name="Maze" fullname="PlayersWorlds.Maps.Maze" runstate="Runnable" testcasecount="771" result="Skipped" label="Ignored" site="Child" start-time="2024-07-06T14:36:49.1589370Z" end-time="2024-07-06T14:36:50.0884520Z" duration="0.929515" total="60" passed="58" failed="0" warnings="0" inconclusive="0" skipped="2" asserts="7279">
            <reason>
              <message><![CDATA[One or more child tests were ignored]]></message>
            </reason>
            <test-suite type="TestFixture" id="1-1231" name="Maze2DBuilderTest" fullname="PlayersWorlds.Maps.Maze.Maze2DBuilderTest" classname="PlayersWorlds.Maps.Maze.Maze2DBuilderTest" runstate="Runnable" testcasecount="25" result="Passed" start-time="2024-07-06T14:36:49.4651820Z" end-time="2024-07-06T14:36:49.5470870Z" duration="0.081905" total="25" passed="25" failed="0" warnings="0" inconclusive="0" skipped="0" asserts="7184">
[...]
              <test-case id="1-1224" name="CanDeserializeCellWithLinks" fullname="PlayersWorlds.Maps.Serializer.CellSerializerTest.CanDeserializeCellWithLinks" methodname="CanDeserializeCellWithLinks" classname="PlayersWorlds.Maps.Serializer.CellSerializerTest" runstate="Runnable" seed="266806027" result="Passed" start-time="2024-07-06T14:36:50.1539820Z" end-time="2024-07-06T14:36:50.1541820Z" duration="0.000200" asserts="4" />
              <test-case id="1-1228" name="CanDeserializeCellWithLinksAndTags" fullname="PlayersWorlds.Maps.Serializer.CellSerializerTest.CanDeserializeCellWithLinksAndTags" methodname="CanDeserializeCellWithLinksAndTags" classname="PlayersWorlds.Maps.Serializer.CellSerializerTest" runstate="Runnable" seed="67604749" result="Passed" start-time="2024-07-06T14:36:50.1541900Z" end-time="2024-07-06T14:36:50.1544110Z" duration="0.000221" asserts="6" />
              <test-case id="1-1226" name="CanDeserializeCellWithTags" fullname="PlayersWorlds.Maps.Serializer.CellSerializerTest.CanDeserializeCellWithTags" methodname="CanDeserializeCellWithTags" classname="PlayersWorlds.Maps.Serializer.CellSerializerTest" runstate="Runnable" seed="1544499197" result="Passed" start-time="2024-07-06T14:36:50.1544180Z" end-time="2024-07-06T14:36:50.1545670Z" duration="0.000149" asserts="4" />
              <test-case id="1-1222" name="CanDeserializeEmptyCell" fullname="PlayersWorlds.Maps.Serializer.CellSerializerTest.CanDeserializeEmptyCell" methodname="CanDeserializeEmptyCell" classname="PlayersWorlds.Maps.Serializer.CellSerializerTest" runstate="Runnable" seed="1366216999" result="Passed" start-time="2024-07-06T14:36:50.1545730Z" end-time="2024-07-06T14:36:50.1546860Z" duration="0.000112" asserts="3" />
              <test-case id="1-1223" name="CanSerializeCellWithLinks" fullname="PlayersWorlds.Maps.Serializer.CellSerializerTest.CanSerializeCellWithLinks" methodname="CanSerializeCellWithLinks" classname="PlayersWorlds.Maps.Serializer.CellSerializerTest" runstate="Runnable" seed="1743276568" result="Passed" start-time="2024-07-06T14:36:50.1546920Z" end-time="2024-07-06T14:36:50.1551590Z" duration="0.000467" asserts="1" />
              <test-case id="1-1227" name="CanSerializeCellWithLinksAndTags" fullname="PlayersWorlds.Maps.Serializer.CellSerializerTest.CanSerializeCellWithLinksAndTags" methodname="CanSerializeCellWithLinksAndTags" classname="PlayersWorlds.Maps.Serializer.CellSerializerTest" runstate="Runnable" seed="508815005" result="Passed" start-time="2024-07-06T14:36:50.1551670Z" end-time="2024-07-06T14:36:50.1556670Z" duration="0.000501" asserts="1" />
              <test-case id="1-1225" name="CanSerializeCellWithTags" fullname="PlayersWorlds.Maps.Serializer.CellSerializerTest.CanSerializeCellWithTags" methodname="CanSerializeCellWithTags" classname="PlayersWorlds.Maps.Serializer.CellSerializerTest" runstate="Runnable" seed="404620895" result="Passed" start-time="2024-07-06T14:36:50.1556750Z" end-time="2024-07-06T14:36:50.1561090Z" duration="0.000433" asserts="1" />
              <test-case id="1-1221" name="CanSerializeEmptyCell" fullname="PlayersWorlds.Maps.Serializer.CellSerializerTest.CanSerializeEmptyCell" methodname="CanSerializeEmptyCell" classname="PlayersWorlds.Maps.Serializer.CellSerializerTest" runstate="Runnable" seed="1844373712" result="Passed" start-time="2024-07-06T14:36:50.1561170Z" end-time="2024-07-06T14:36:50.1564690Z" duration="0.000352" asserts="1" />
            </test-suite>
          </test-suite>
          <test-suite type="TestFixture" id="1-1150" name="VectorDTest" fullname="PlayersWorlds.Maps.VectorDTest" classname="PlayersWorlds.Maps.VectorDTest" runstate="Runnable" testcasecount="11" result="Passed" start-time="2024-07-06T14:36:50.1564960Z" end-time="2024-07-06T14:36:50.1592590Z" duration="0.002763" total="11" passed="11" failed="0" warnings="0" inconclusive="0" skipped="0" asserts="33">
            <test-case id="1-1158" name="CanAddAndSubtract" fullname="PlayersWorlds.Maps.VectorDTest.CanAddAndSubtract" methodname="CanAddAndSubtract" classname="PlayersWorlds.Maps.VectorDTest" runstate="Runnable" seed="32714594" result="Passed" start-time="2024-07-06T14:36:50.1565520Z" end-time="2024-07-06T14:36:50.1568760Z" duration="0.000324" asserts="5" />
            <test-case id="1-1159" name="ConstructorChecksArguments" fullname="PlayersWorlds.Maps.VectorDTest.ConstructorChecksArguments" methodname="ConstructorChecksArguments" classname="PlayersWorlds.Maps.VectorDTest" runstate="Runnable" seed="394709222" result="Passed" start-time="2024-07-06T14:36:50.1568830Z" end-time="2024-07-06T14:36:50.1569960Z" duration="0.000113" asserts="1" />
            <test-case id="1-1152" name="EqualityIsCheckedByValue" fullname="PlayersWorlds.Maps.VectorDTest.EqualityIsCheckedByValue" methodname="EqualityIsCheckedByValue" classname="PlayersWorlds.Maps.VectorDTest" runstate="Runnable" seed="1693380856" result="Passed" start-time="2024-07-06T14:36:50.1570030Z" end-time="2024-07-06T14:36:50.1572150Z" duration="0.000212" asserts="4" />
            <test-case id="1-1153" name="GetHashCodeIsDerivedFromValue" fullname="PlayersWorlds.Maps.VectorDTest.GetHashCodeIsDerivedFromValue" methodname="GetHashCodeIsDerivedFromValue" classname="PlayersWorlds.Maps.VectorDTest" runstate="Runnable" seed="1701689362" result="Passed" start-time="2024-07-06T14:36:50.1572230Z" end-time="2024-07-06T14:36:50.1573170Z" duration="0.000094" asserts="1" />
            <test-case id="1-1156" name="InitializedAsNull" fullname="PlayersWorlds.Maps.VectorDTest.InitializedAsNull" methodname="InitializedAsNull" classname="PlayersWorlds.Maps.VectorDTest" runstate="Runnable" seed="2098898425" result="Passed" start-time="2024-07-06T14:36:50.1573240Z" end-time="2024-07-06T14:36:50.1574290Z" duration="0.000106" asserts="1" />
            <test-case id="1-1155" name="InitializedEmpty" fullname="PlayersWorlds.Maps.VectorDTest.InitializedEmpty" methodname="InitializedEmpty" classname="PlayersWorlds.Maps.VectorDTest" runstate="Runnable" seed="821501429" result="Passed" start-time="2024-07-06T14:36:50.1574360Z" end-time="2024-07-06T14:36:50.1576920Z" duration="0.000256" asserts="4" />
            <test-case id="1-1151" name="IsInitialized" fullname="PlayersWorlds.Maps.VectorDTest.IsInitialized" methodname="IsInitialized" classname="PlayersWorlds.Maps.VectorDTest" runstate="Runnable" seed="824392420" result="Passed" start-time="2024-07-06T14:36:50.1576990Z" end-time="2024-07-06T14:36:50.1581840Z" duration="0.000485" asserts="2" />
            <test-case id="1-1157" name="IsZero" fullname="PlayersWorlds.Maps.VectorDTest.IsZero" methodname="IsZero" classname="PlayersWorlds.Maps.VectorDTest" runstate="Runnable" seed="437751260" result="Passed" start-time="2024-07-06T14:36:50.1581920Z" end-time="2024-07-06T14:36:50.1583160Z" duration="0.000125" asserts="3" />
            <test-case id="1-1160" name="SnappedForce" fullname="PlayersWorlds.Maps.VectorDTest.SnappedForce" methodname="SnappedForce" classname="PlayersWorlds.Maps.VectorDTest" runstate="Runnable" seed="1033959602" result="Passed" start-time="2024-07-06T14:36:50.1583230Z" end-time="2024-07-06T14:36:50.1587000Z" duration="0.000378" asserts="9" />
            <test-case id="1-1154" name="ToStringFormat" fullname="PlayersWorlds.Maps.VectorDTest.ToStringFormat" methodname="ToStringFormat" classname="PlayersWorlds.Maps.VectorDTest" runstate="Runnable" seed="45514809" result="Passed" start-time="2024-07-06T14:36:50.1587070Z" end-time="2024-07-06T14:36:50.1587920Z" duration="0.000084" asserts="1" />
            <test-case id="1-1161" name="VectorD_Parse" fullname="PlayersWorlds.Maps.VectorDTest.VectorD_Parse" methodname="VectorD_Parse" classname="PlayersWorlds.Maps.VectorDTest" runstate="Runnable" seed="1611853923" result="Passed" start-time="2024-07-06T14:36:50.1588120Z" end-time="2024-07-06T14:36:50.1592480Z" duration="0.000436" asserts="2" />
          </test-suite>
          <test-suite type="TestFixture" id="1-1162" name="VectorTest" fullname="PlayersWorlds.Maps.VectorTest" classname="PlayersWorlds.Maps.VectorTest" runstate="Runnable" testcasecount="29" result="Passed" start-time="2024-07-06T14:36:50.1592720Z" end-time="2024-07-06T14:36:50.1673940Z" duration="0.008122" total="29" passed="29" failed="0" warnings="0" inconclusive="0" skipped="0" asserts="229">
            <test-case id="1-1179" name="FitsInto" fullname="PlayersWorlds.Maps.VectorTest.FitsInto" methodname="FitsInto" classname="PlayersWorlds.Maps.VectorTest" runstate="Runnable" seed="402061472" result="Passed" start-time="2024-07-06T14:36:50.1593320Z" end-time="2024-07-06T14:36:50.1594750Z" duration="0.000143" asserts="3" />
            <test-case id="1-1182" name="FromIndex_Matches_FromIndex" fullname="PlayersWorlds.Maps.VectorTest.FromIndex_Matches_FromIndex" methodname="FromIndex_Matches_FromIndex" classname="PlayersWorlds.Maps.VectorTest" runstate="Runnable" seed="147992540" result="Passed" start-time="2024-07-06T14:36:50.1594830Z" end-time="2024-07-06T14:36:50.1595880Z" duration="0.000106" asserts="1" />
            <test-case id="1-1190" name="FromIndex_ShouldThrowException_DimensionMismatch" fullname="PlayersWorlds.Maps.VectorTest.FromIndex_ShouldThrowException_DimensionMismatch" methodname="FromIndex_ShouldThrowException_DimensionMismatch" classname="PlayersWorlds.Maps.VectorTest" runstate="Runnable" seed="1170324542" result="Passed" start-time="2024-07-06T14:36:50.1595950Z" end-time="2024-07-06T14:36:50.1599750Z" duration="0.000380" asserts="1" />
            <test-case id="1-1180" name="IsIn" fullname="PlayersWorlds.Maps.VectorTest.IsIn" methodname="IsIn" classname="PlayersWorlds.Maps.VectorTest" runstate="Runnable" seed="859367056" result="Passed" start-time="2024-07-06T14:36:50.1599830Z" end-time="2024-07-06T14:36:50.1610950Z" duration="0.001112" asserts="7" />
            <test-case id="1-1191" name="NorthEastComparer_ComparesCorrectly" fullname="PlayersWorlds.Maps.VectorTest.NorthEastComparer_ComparesCorrectly" methodname="NorthEastComparer_ComparesCorrectly" classname="PlayersWorlds.Maps.VectorTest" runstate="Runnable" seed="1825075750" result="Passed" start-time="2024-07-06T14:36:50.1611030Z" end-time="2024-07-06T14:36:50.1618690Z" duration="0.000766" asserts="1" />
            <test-case id="1-1164" name="Size_NotInitialized" fullname="PlayersWorlds.Maps.VectorTest.Size_NotInitialized" methodname="Size_NotInitialized" classname="PlayersWorlds.Maps.VectorTest" runstate="Runnable" seed="1823311873" result="Passed" start-time="2024-07-06T14:36:50.1618770Z" end-time="2024-07-06T14:36:50.1620650Z" duration="0.000188" asserts="2" />
            <test-case id="1-1186" name="ToIndex_FromIndex_RoundTripConversion" fullname="PlayersWorlds.Maps.VectorTest.ToIndex_FromIndex_RoundTripConversion" methodname="ToIndex_FromIndex_RoundTripConversion" classname="PlayersWorlds.Maps.VectorTest" runstate="Runnable" seed="1435738433" result="Passed" start-time="2024-07-06T14:36:50.1620720Z" end-time="2024-07-06T14:36:50.1627820Z" duration="0.000709" asserts="150" />
            <test-case id="1-1187" name="ToIndex_FromIndex_Valid5D" fullname="PlayersWorlds.Maps.VectorTest.ToIndex_FromIndex_Valid5D" methodname="ToIndex_FromIndex_Valid5D" classname="PlayersWorlds.Maps.VectorTest" runstate="Runnable" seed="871088503" result="Passed" start-time="2024-07-06T14:36:50.1627890Z" end-time="2024-07-06T14:36:50.1631180Z" duration="0.000329" asserts="13" />
            <test-case id="1-1181" name="ToIndex_Matches_ToIndex" fullname="PlayersWorlds.Maps.VectorTest.ToIndex_Matches_ToIndex" methodname="ToIndex_Matches_ToIndex" classname="PlayersWorlds.Maps.VectorTest" runstate="Runnable" seed="1437973035" result="Passed" start-time="2024-07-06T14:36:50.1631260Z" end-time="2024-07-06T14:36:50.1632230Z" duration="0.000098" asserts="1" />
            <test-case id="1-1183" name="ToIndex_ShouldCalculateCorrectIndex_1D" fullname="PlayersWorlds.Maps.VectorTest.ToIndex_ShouldCalculateCorrectIndex_1D" methodname="ToIndex_ShouldCalculateCorrectIndex_1D" classname="PlayersWorlds.Maps.VectorTest" runstate="Runnable" seed="114141088" result="Passed" start-time="2024-07-06T14:36:50.1632300Z" end-time="2024-07-06T14:36:50.1633290Z" duration="0.000099" asserts="2" />
            <test-case id="1-1184" name="ToIndex_ShouldCalculateCorrectIndex_2D" fullname="PlayersWorlds.Maps.VectorTest.ToIndex_ShouldCalculateCorrectIndex_2D" methodname="ToIndex_ShouldCalculateCorrectIndex_2D" classname="PlayersWorlds.Maps.VectorTest" runstate="Runnable" seed="591460541" result="Passed" start-time="2024-07-06T14:36:50.1633360Z" end-time="2024-07-06T14:36:50.1634300Z" duration="0.000095" asserts="2" />
            <test-case id="1-1185" name="ToIndex_ShouldCalculateCorrectIndex_3D" fullname="PlayersWorlds.Maps.VectorTest.ToIndex_ShouldCalculateCorrectIndex_3D" methodname="ToIndex_ShouldCalculateCorrectIndex_3D" classname="PlayersWorlds.Maps.VectorTest" runstate="Runnable" seed="1785669092" result="Passed" start-time="2024-07-06T14:36:50.1634370Z" end-time="2024-07-06T14:36:50.1635320Z" duration="0.000095" asserts="2" />
            <test-case id="1-1189" name="ToIndex_ShouldThrowException_DimensionMismatch" fullname="PlayersWorlds.Maps.VectorTest.ToIndex_ShouldThrowException_DimensionMismatch" methodname="ToIndex_ShouldThrowException_DimensionMismatch" classname="PlayersWorlds.Maps.VectorTest" runstate="Runnable" seed="2135734383" result="Passed" start-time="2024-07-06T14:36:50.1635380Z" end-time="2024-07-06T14:36:50.1638870Z" duration="0.000349" asserts="1" />
            <test-case id="1-1188" name="ToIndex_ShouldThrowException_DimensionOverflow" fullname="PlayersWorlds.Maps.VectorTest.ToIndex_ShouldThrowException_DimensionOverflow" methodname="ToIndex_ShouldThrowException_DimensionOverflow" classname="PlayersWorlds.Maps.VectorTest" runstate="Runnable" seed="1619501762" result="Passed" start-time="2024-07-06T14:36:50.1638940Z" end-time="2024-07-06T14:36:50.1640950Z" duration="0.000200" asserts="1" />
            <test-case id="1-1172" name="Vector_CanAddAndSubtract" fullname="PlayersWorlds.Maps.VectorTest.Vector_CanAddAndSubtract" methodname="Vector_CanAddAndSubtract" classname="PlayersWorlds.Maps.VectorTest" runstate="Runnable" seed="1035715086" result="Passed" start-time="2024-07-06T14:36:50.1641020Z" end-time="2024-07-06T14:36:50.1644850Z" duration="0.000383" asserts="6" />
            <test-case id="1-1173" name="Vector_ConstructorChecksArguments" fullname="PlayersWorlds.Maps.VectorTest.Vector_ConstructorChecksArguments" methodname="Vector_ConstructorChecksArguments" classname="PlayersWorlds.Maps.VectorTest" runstate="Runnable" seed="338798144" result="Passed" start-time="2024-07-06T14:36:50.1644930Z" end-time="2024-07-06T14:36:50.1650090Z" duration="0.000517" asserts="1" />
            <test-case id="1-1170" name="Vector_EmptyIsEmpty" fullname="PlayersWorlds.Maps.VectorTest.Vector_EmptyIsEmpty" methodname="Vector_EmptyIsEmpty" classname="PlayersWorlds.Maps.VectorTest" runstate="Runnable" seed="1083216265" result="Passed" start-time="2024-07-06T14:36:50.1650180Z" end-time="2024-07-06T14:36:50.1650990Z" duration="0.000081" asserts="1" />
            <test-case id="1-1169" name="Vector_EmptyVectorIsEmpty" fullname="PlayersWorlds.Maps.VectorTest.Vector_EmptyVectorIsEmpty" methodname="Vector_EmptyVectorIsEmpty" classname="PlayersWorlds.Maps.VectorTest" runstate="Runnable" seed="156571707" result="Passed" start-time="2024-07-06T14:36:50.1651050Z" end-time="2024-07-06T14:36:50.1651840Z" duration="0.000079" asserts="1" />
            <test-case id="1-1165" name="Vector_EqualityIsCheckedByValue" fullname="PlayersWorlds.Maps.VectorTest.Vector_EqualityIsCheckedByValue" methodname="Vector_EqualityIsCheckedByValue" classname="PlayersWorlds.Maps.VectorTest" runstate="Runnable" seed="1457117815" result="Passed" start-time="2024-07-06T14:36:50.1651920Z" end-time="2024-07-06T14:36:50.1654210Z" duration="0.000229" asserts="5" />
            <test-case id="1-1177" name="Vector_FromIndex" fullname="PlayersWorlds.Maps.VectorTest.Vector_FromIndex" methodname="Vector_FromIndex" classname="PlayersWorlds.Maps.VectorTest" runstate="Runnable" seed="593582744" result="Passed" start-time="2024-07-06T14:36:50.1654280Z" end-time="2024-07-06T14:36:50.1655700Z" duration="0.000142" asserts="2" />
            <test-case id="1-1166" name="Vector_GetHashCodeIsDerivedFromValue" fullname="PlayersWorlds.Maps.VectorTest.Vector_GetHashCodeIsDerivedFromValue" methodname="Vector_GetHashCodeIsDerivedFromValue" classname="PlayersWorlds.Maps.VectorTest" runstate="Runnable" seed="119472240" result="Passed" start-time="2024-07-06T14:36:50.1655760Z" end-time="2024-07-06T14:36:50.1658190Z" duration="0.000243" asserts="2" />
            <test-case id="1-1163" name="Vector_IsInitialized" fullname="PlayersWorlds.Maps.VectorTest.Vector_IsInitialized" methodname="Vector_IsInitialized" classname="PlayersWorlds.Maps.VectorTest" runstate="Runnable" seed="246125699" result="Passed" start-time="2024-07-06T14:36:50.1658260Z" end-time="2024-07-06T14:36:50.1659160Z" duration="0.000091" asserts="2" />
            <test-case id="1-1171" name="Vector_NotEqualToNull" fullname="PlayersWorlds.Maps.VectorTest.Vector_NotEqualToNull" methodname="Vector_NotEqualToNull" classname="PlayersWorlds.Maps.VectorTest" runstate="Runnable" seed="974053386" result="Passed" start-time="2024-07-06T14:36:50.1659230Z" end-time="2024-07-06T14:36:50.1661460Z" duration="0.000223" asserts="3" />
            <test-case id="1-1175" name="Vector_SnappedForce" fullname="PlayersWorlds.Maps.VectorTest.Vector_SnappedForce" methodname="Vector_SnappedForce" classname="PlayersWorlds.Maps.VectorTest" runstate="Runnable" seed="950690649" result="Passed" start-time="2024-07-06T14:36:50.1661530Z" end-time="2024-07-06T14:36:50.1665610Z" duration="0.000409" asserts="9" />
            <test-case id="1-1174" name="Vector_ThrowsIfNotAValidSize" fullname="PlayersWorlds.Maps.VectorTest.Vector_ThrowsIfNotAValidSize" methodname="Vector_ThrowsIfNotAValidSize" classname="PlayersWorlds.Maps.VectorTest" runstate="Runnable" seed="926510946" result="Passed" start-time="2024-07-06T14:36:50.1665700Z" end-time="2024-07-06T14:36:50.1668540Z" duration="0.000284" asserts="3" />
            <test-case id="1-1176" name="Vector_ToIndex" fullname="PlayersWorlds.Maps.VectorTest.Vector_ToIndex" methodname="Vector_ToIndex" classname="PlayersWorlds.Maps.VectorTest" runstate="Runnable" seed="1407616194" result="Passed" start-time="2024-07-06T14:36:50.1668610Z" end-time="2024-07-06T14:36:50.1670620Z" duration="0.000202" asserts="3" />
            <test-case id="1-1167" name="Vector_ToStringFormat" fullname="PlayersWorlds.Maps.VectorTest.Vector_ToStringFormat" methodname="Vector_ToStringFormat" classname="PlayersWorlds.Maps.VectorTest" runstate="Runnable" seed="919549783" result="Passed" start-time="2024-07-06T14:36:50.1670690Z" end-time="2024-07-06T14:36:50.1671760Z" duration="0.000108" asserts="2" />
            <test-case id="1-1168" name="Vector_ZeroVectorIsNotEmpty" fullname="PlayersWorlds.Maps.VectorTest.Vector_ZeroVectorIsNotEmpty" methodname="Vector_ZeroVectorIsNotEmpty" classname="PlayersWorlds.Maps.VectorTest" runstate="Runnable" seed="211677714" result="Passed" start-time="2024-07-06T14:36:50.1671830Z" end-time="2024-07-06T14:36:50.1672820Z" duration="0.000099" asserts="1" />
            <test-case id="1-1178" name="VectorD_Parse" fullname="PlayersWorlds.Maps.VectorTest.VectorD_Parse" methodname="VectorD_Parse" classname="PlayersWorlds.Maps.VectorTest" runstate="Runnable" seed="1723655608" result="Passed" start-time="2024-07-06T14:36:50.1672880Z" end-time="2024-07-06T14:36:50.1673830Z" duration="0.000094" asserts="1" />
          </test-suite>
        </test-suite>
      </test-suite>
    </test-suite>
  </test-suite>
</test-run>